5588888888888888888888888888888888888888888888888888888888888888888888888888888888
588888888888888888888888888888888888888888888888888888888888
555888888888888888888888888888888888888888888888888888888888888888
33888888888888888888888888888888888888888888888888888888888
555888888888888888888888888888
333888888888888888888888888888888888888888888888888888
55888888888888888
5558
5888888888888888888
555888888888888888888888888888888888888888888888888888888888888888888888888888888888888888888888
55888888888888888888888888888888888888888888
55888888888888888888888888888888888888888888888888888888888888888888888
33888888888888888888888888888888888888888
555588888888888
3333
3338888888888888888888888888888888888888888888888888888888888888888888888888
88888888888888888888888888888888888888888888888888888888888888888888888888888888888888
5558888888888888888888888888888888888888888888888888888888888888888888888888888888888888888888888888888888888888888
338888888888888888888888888888
888888888888
88888888888888888888888888888888888888888888888
555588888888888888888888888888888888888888888888888888888888888888888888
5555888888888888888888888888888888888888888888
33888888888888888888888888888888888888888888888888888888888888888888888888888888888888888888888888888888888
55558888888888888888888888888888888888888888888888888888888888888
588888888888888888888888888888888888888888888888888888888888888888888888888888888888888888888888888
888888888888888888888888888888888888888888888888888888888888888888888888888888888888888888888888888888888888888888888
33388888888888888888888888888888888888888888
388888888888888888888888888888888888888888888888888888
8888888888888888888888888888888888888888888888888888888
333888888888888888888888888888888888888888888888888888888888888888888888888888888888888888888888888888888888888888888888
888888888888888888888888888888888888888888888888888888888888888888888888888888888888888888888888888888888888888888888888888
8888888888888888888888888888888888888888888888888888888888888888888888888
33888888
388888888888888888888888
8888888888888888888888888
333888888888888888888888888888888888888888888888888
33388888888
5555888888888888888888888888888888888888888888888888888888888888888888888888888888888888888888888888888888888888888
55588888888888888
5558888888888888888888888888888888888888888888888888888888888888888888888888888888888888888888888888
58888888888888888888888
55588888888888888888888888888888888888888888888888888888888888888888888888888888888888888888888888888888888888888888888888888
555588888888888888888
58888888888888888888888888888888888888888888888888888888888888888888888888888888888
5888888888888888888888888888888888
55558888888888888888888888888888888888888888888888888888888888888888888888888888888888888888888888
33388888888888888888888888888888888888888888888888888888888888888888888888888
55888888888888888888888888888888888
3338888888888888888888888888888888888888888888888888888888888888888888888888888888888888888888888
33888888888888888888888888888888888888888888888888888888888888888
5888888888888888888888888888888888888888888888888888888888888888888888888888888888888888888888888888888888888888888888888888
588888888888888888888888888888888888888888888888888888888888888888888888888888888
55888888
33388
8888888888888888888888888888888888888888888888888888888888888
33888888888888888888888888
3888888888888888888888888888888888888888888888888888888888888
38888888888888888888888888888888888888888888888888888888888888888888888888888888888888888888888888888888888888888888
8888888
5588888888888888888888888888888888888888888888888888888888888888
-1
555888888888888888888888
555588888888
5555888888888888888888888888888888888888888888888888888888888888888888888888
333888888888888888888888888888888888888888888888888888888888888888888888888888888888888
38888888888888888888888888888888888888888888
555888888888888888888888888888888888888888888888888888888888888888888888888888888888888888
8
58888888888888888888888888888888888888888888888888888888888888888888888888888
38888888888888888888888888888888888888888888888888888888888888888888
8888888888888888888888888888888888888888888888888888
3888888888888
58888888888888
3388888888888888888888888888888888888888888888888888888888888
558888888888888888888888888888888888888888888888888888888888
55888888888888888888888888888888888888888888888888888
3338888888888888888888888888888888888888888888888888888888888888888888888888888888888888888888888888888888888
8888888888888888888888888888888888
55558888888888888
58888888888888888888888888888888888888888888888888888888888888888888888888888888888888888888888888888888888888888888888888888
58
338888888888888888888888888888888888888888888888888888888888888888
8888888888888888888888888888888888888888888888888
5555888888888888888
8888888888888888888888888888888888888888
333888888888888888888888888888888888888888888888888888888888888888888888888888888888888888888888888888888888888888
88888888888888888888888888888888888888888888888888888888888888888888888888888888888888888888888888888888888
55558888888888888888888888888
33388888888888888888888888888888888888888888888888
5888888888888888888888888888888888888888888888888888888888888888888888888888888888888888
3388888888888888888888888888888888888888888888888888888888888888888888888888888888888888888
333888888888888888888888888888888888888888888888
-1
588888888888888888888888888888888888888888888888888888888888888888888888888888888888
3388888
388888888888888888888888888888888888888888888888888888888888888888888888888888888888888888888888888888888888
555888888888888888888888888888888888888888888888888888888888888888888888888888888888
588888888888888888
555588888888888888888888888888888888888888888888888888888888888888888888888888888888888888888888888888888888888888
