1
2
5
14
56
288
1818
13469
114229
1089064
11517369
133708175
689751302
85106892
955215046
33784639
722056372
752364064
232292350
104336583
613355930
733590098
856956586
693326437
740778855
291488397
84312814
298730760
930875605
487905318
943677155
163894699
132158893
487863669
283362022
679566538
878365204
845054686
802532073
851956305
141170040
800956725
196977425
680013086
915978903
742300167
314619809
606091546
434257666
53017794
922032451
723194396
417181939
977538370
303677116
920353450
480749364
935038727
963704005
768018250
810644515
220904232
880579207
525152229
221021671
260267023
160738542
280976642
85111171
898515855
805389091
960138416
308054423
741344231
425945256
357677147
755073007
459006934
513176842
431155179
953874659
134800660
903904517
192741329
525273691
760897590
476660031
81329035
625805190
774902970
358531359
468091898
490331104
226858387
278851759
968932817
284946019
556746518
808097223
567116220
