1
2
4
10
34
154
874
5914
46234
409114
4037914
43954714
522956314
749977072
928267663
602626507
392368046
817974237
478885619
36201919
182527982
255375284
858015921
718750474
376379767
817112155
276154159
670288372
706046259
743024975
852386448
242592083
729172543
786327611
729599909
744130353
267226330
621777605
94725957
539711832
339146706
115976596
742832046
697616207
708119305
180758708
922171421
768568687
395637504
122009663
440617711
689628047
638165428
910646642
624632093
893832010
969027257
255156301
850641147
984246816
586893
997332017
795529271
81956357
413290183
949988726
372092312
653032847
756989094
929970088
38639577
754173744
272633404
120188829
839290363
771905035
650620142
311683444
874621189
346702729
113226223
201629370
450687375
122501643
554900351
308790272
143323625
747725441
935084878
610074652
359154515
525422209
822049952
408429855
528141010
900700658
666426614
941844507
932797832
37177007
