1
3
9
33
153
873
5913
46233
409113
4037913
43954713
522956313
749977071
928267662
602626506
392368045
817974236
478885618
36201918
182527981
255375283
858015920
718750473
376379766
817112154
276154158
670288371
706046258
743024974
852386447
242592082
729172542
786327610
729599908
744130352
267226329
621777604
94725956
539711831
339146705
115976595
742832045
697616206
708119304
180758707
922171420
768568686
395637503
122009662
440617710
689628046
638165427
910646641
624632092
893832009
969027256
255156300
850641146
984246815
586892
997332016
795529270
81956356
413290182
949988725
372092311
653032846
756989093
929970087
38639576
754173743
272633403
120188828
839290362
771905034
650620141
311683443
874621188
346702728
113226222
201629369
450687374
122501642
554900350
308790271
143323624
747725440
935084877
610074651
359154514
525422208
822049951
408429854
528141009
900700657
666426613
941844506
932797831
37177006
475095136
