1
2
4
11
39
184
1087
7620
61590
562677
5727111
64225082
786471102
439184080
266372815
12309011
356970685
180821742
372988307
918255700
705657267
764219481
561432368
600745261
426249463
113724246
284680759
909033177
629645568
451004271
799744690
558055849
139476750
736670792
991611261
176538959
266344916
588283881
788470735
289502764
80575002
255965114
762338290
555890947
330482652
809472817
471734344
147589152
967640509
722159720
48270425
287569325
329053317
218592762
561668966
367896936
990728256
513814243
111459617
633355344
596207268
925795028
288699023
644820721
999473620
638095326
475234661
666712533
700887441
2854423
213427833
338928085
959700548
963157135
61912893
691217753
437699484
703872276
857538700
980103660
418701279
250583812
513906054
432870669
936267417
106357731
531692723
924205854
641841537
218174182
696211999
534710561
685866708
607205027
411782253
730260080
133690701
733725421
329008494
658243675
