1
3
9
31
141
798
5386
42015
371151
3658293
39778892
472846458
98548953
808274073
802722681
593906820
244133376
149750202
782629063
111070772
754773900
844785412
414448785
73139300
236100542
169852340
800139304
341872341
181981441
21080559
472109736
73737398
156967989
331372935
806186388
501243599
280416513
123004576
642577992
453793101
816478787
163923889
804565669
413895624
940693201
879157888
746932687
357109553
234140126
47140860
622308834
137566409
378898849
910251514
602900094
676840116
600489419
879961907
714171697
796079907
522405569
350089732
19265650
401085008
156652406
11895598
519853239
700775877
51258193
528807415
556090036
10606561
992229475
370297768
597460721
392852423
463569294
721717456
267307948
761643835
723455623
240439884
671960064
709407476
441895853
590403595
643682629
779317566
746784070
663002112
175553405
634120290
930971485
647053933
197428319
152282593
69874863
479773373
187755942
532988583
