1
2
5
15
59
309
1965
14647
124832
1195097
12683733
147704543
871704086
632445853
165299395
395134306
865000667
325361358
119240991
843309422
131785440
139039386
182290293
501335525
941006107
497396896
643842238
965554524
268764616
624575786
180461635
740998231
176575320
998022174
138909581
479278720
467716002
240385121
220419198
567441437
476060528
866357123
9194498
417564351
105785901
473422356
677362782
17754129
605724445
626356655
162314164
217843732
633596936
663948074
56210951
62248297
568755946
39420429
122224789
279265662
996736854
758629166
757249816
632071262
170758818
942918812
898408121
442507662
230751465
93336342
637644087
882498171
640316573
328743197
480867886
531796976
162299746
222692890
844367512
926408605
69401898
608034792
182337221
581088946
534820884
581956181
908757601
105914888
813946111
707585711
232660826
888002918
542055730
88973244
179763213
456432435
572409290
728146818
776726805
430074466
