1
2
6
19
83
450
2948
22510
195598
1902762
20468047
241116315
86057115
633388332
179436579
621329261
710314864
541016933
216696893
792427444
63263911
631565762
510396852
375892875
804939869
959674736
125343830
447599209
248060589
3454980
925716792
589163092
166015786
638998031
573064665
108861613
762283145
433936451
768921043
507515115
19081335
673231124
704776619
23177438
358374916
92516957
774809187
695181550
799667837
323526218
717961988
111530362
998988382
395086021
268798143
967130963
147067552
581493771
104551782
218885251
313531775
399914586
158231411
294893655
254214479
450992335
939334417
225495772
256931153
925914494
750692474
21981980
822635067
820311626
348499837
471825333
544483258
33006613
859151702
109143802
870953329
335251639
541335649
736956642
783574984
974808642
86921461
784335101
193344624
853452288
506519280
82980557
674976613
583536130
163237074
869923099
681003465
370375907
357406899
498084136
