1
3
7
23
102
564
3746
28892
253037
2477144
26786250
316934757
71696850
432344631
163781083
370841321
452019924
891708049
879828046
55050413
578346360
963379550
142113924
537102682
835185015
746048533
357436387
946190742
707214934
778085232
939254433
22367610
461764985
694470717
514608665
4445631
898891844
625066976
223011456
671131790
727364988
421144342
865045034
74987661
689834945
339678172
391386175
290877061
988748035
777536023
872461881
145524749
800690872
687020608
325200339
125653899
182875263
658340987
638537503
258028297
701257599
438915516
615289961
546640651
617769085
445596186
577792401
640638803
901800121
66741902
749438833
931719888
233501836
224452821
659089768
76659919
116746635
669550202
146094891
64599296
262848387
470646745
779129421
711633386
631098199
861805177
255620110
629816116
441155099
156394877
74295350
318379218
567051964
438619179
396126802
227336825
350135340
945299888
274880578
245452133
