1
2
5
14
58
301
1904
14160
120448
1151260
12201524
141918036
796479498
579301630
368136057
640520884
36572452
413653602
796793625
394362005
703889750
725334108
667068809
136019834
808113877
42198955
353497909
835913379
509171446
836780640
758812042
248211121
914600805
90888476
389230377
490827286
895012956
477669236
474499642
730659151
167986733
927257821
627924478
641683287
191137926
399615481
208439694
509446060
698628907
271579737
68691465
349463393
609438939
359416288
306962868
104355575
968870813
246082559
315290408
863202744
616898601
208657696
109047431
147118964
648859641
497572850
60228894
446320623
493845768
509937405
216319318
547115075
157350744
589272081
20534063
546426696
288788233
88794770
266416063
690292997
944037779
328176491
954098348
409023118
909225629
780764046
205041737
178919303
311339004
472946453
880488505
488149011
355642628
566141759
510771827
233259166
924602382
243069664
754088936
166287594
