1
3
7
22
96
530
3510
27008
236086
2307634
24921635
294559369
780816813
360024032
78972112
13897788
383979900
666987619
610139906
661287659
309328441
44985364
19047790
583515491
995505234
914374206
902229525
200398513
79240443
938850628
922981662
501638923
277718214
436880552
498952954
440840039
45484806
195599763
473790252
702283547
4586985
64468414
527980258
244137604
301582331
480058074
989241549
987934837
144578794
569074281
240913076
304987098
252195313
68260592
293399684
344817252
675186275
212379515
326810845
554428951
781697326
426178558
812861610
191226053
515820383
716981932
760637292
74091339
810025369
642509350
628927331
254891791
825051130
999100299
757650168
567250273
892203631
155195461
512070617
342657176
785536438
331066683
193984320
559445244
695106244
366497032
163811780
550683146
398320826
301310353
261603559
550734349
176079005
687161284
7626653
931322797
636774113
35899489
244241749
181569210
