1
2
5
17
73
390
2531
19177
165601
1602787
17168322
201519615
571300015
426788891
80444980
37463676
784599998
878149339
622212565
902740828
379844961
596348806
700406879
936133510
810955656
116085186
348426132
693903624
390888560
288294070
755728514
149538223
658395201
379898018
504564280
642847772
519770881
218470492
365748690
380621101
816426822
161741338
710715951
284508041
118251976
46861784
629016069
697111918
894255854
52927017
917402815
482453307
657904288
976545077
249046043
861013368
98364686
756727571
443345882
546531108
299928922
556537723
25488952
799376353
45589607
681750917
400159287
561587184
447238441
247424572
577908324
581523273
669149112
462351020
501454511
96380499
635231307
111354324
48620875
266678080
631229767
677919724
982786490
818827034
742558246
447369189
199689397
707913373
391810930
715419744
945557846
474528345
88920709
494281551
684052130
868168155
510773849
687873720
789690116
726405551
