1
3
7
22
97
537
3556
27370
239342
2340196
25279817
298857559
836693282
142294591
813030521
758832260
47865833
616934453
659129768
641084888
885070255
711305196
344403830
392060377
209127416
468551082
865005267
158119281
853142747
155919607
652120195
834072050
248011335
426846678
147767369
798159085
266289429
586175394
706239751
263425
221762198
185827333
746413726
855210143
799846415
400205746
236182147
841083770
948876595
783964036
200290511
192613747
296407758
455732603
604360133
758602293
260933475
185717268
753738247
170072851
