1
2
5
14
57
294
1860
13802
117232
1119096
11847722
137672417
741286457
806599061
777597491
191903782
410081780
136821450
536982766
198144859
583329706
73013168
663687299
54863590
779207807
290641143
61436951
658206594
355674714
231878712
6852417
185503311
845243094
732726323
853554853
206508331
375211677
725220799
129010523
911094482
565835283
636896804
142400859
278644169
854377731
908646284
132887287
882930530
999367811
308524808
952890073
327790719
460787211
332223040
811334245
349152479
922294211
544639697
930161450
755464999
44896182
744507967
867614242
695394493
286768794
599577135
894515926
177838354
968569345
740587616
