1
2
5
15
61
321
2047
15301
130720
1253981
13331460
155477274
972749597
47082985
384856428
908046819
584513322
276589184
192569688
309883359
929838188
696199724
996977988
53840056
753619460
625344108
98416938
693646236
383424334
64367308
813998924
14191335
191947940
520691267
432327942
42339637
300970022
904037904
102877566
865776212
707786211
598835710
505773808
267053824
332812217
916632788
508252944
900481945
859387141
309491389
2185690
891163130
319524751
704050206
261828211
576814796
899046238
196257263
375597940
481654644
342464672
193754202
170127299
56230445
741105927
585827738
973306335
535586190
653169849
662623033
56998836
76040405
768900026
843918610
119023558
31628269
649309628
209463358
799234479
315765979
