1
2
5
15
59
309
1960
14603
124438
1191159
12640413
147184710
864946263
537836331
746156578
688849182
858153520
202112712
777516741
8824329
607598610
606929045
943752376
776425392
818252714
305808717
470961455
124892618
889569526
248722946
529023682
894983657
258094336
769668692
146537745
753892606
628429714
347506125
398138327
676206577
935431244
159927042
632701240
851860801
649125997
467066563
378640543
679086767
11023478
891308507
674858513
870149671
205811453
563532177
533336662
781287961
554016535
184534612
683961531
983469968
953199201
59294726
699180401
915628787
601997809
404691970
837209922
281030129
88801778
156858324
147704764
606867172
519253784
370096888
582394672
247832668
297048182
733070777
164220261
514628900
715246052
567255081
797621202
264942963
662412526
554837279
549413152
483603627
428243675
994366746
