373
53
268
332
569
15
626
2471
1604
2738
1514
234
3881
1584
1037
319
2304
1317
655
1109
2585
1470
3024
103
2344
958
463
70
2584
617
3928
1865
1041
3679
30
942
13
844
1942
107
1236
35
1592
3437
1784
1097
22
2911
3165
961
2837
618
404
1303
2848
3327
1090
4109
3278
3191
1690
60
262
1742
2187
255
642
672
2038
938
777
1148
671
2580
270
239
3107
2177
399
1608
621
861
3898
551
125
1049
1620
4242
1271
3289
2638
2988
232
1116
3314
1697
1437
2991
23
773
3362
1276
870
3256
1085
1789
734
607
1051
1497
450
20
101
1992
186
351
2323
690
2522
1707
954
144
196
662
2484
60
1048
213
195
1440
729
1876
3398
1056
774
355
2057
215
1000
368
1215
930
1014
387
410
372
1151
1129
1557
814
215
168
2234
423
1064
1770
3044
529
1884
3178
3321
841
2644
551
20
2837
1580
2556
3757
547
123
2999
2320
445
246
841
2605
2961
1816
927
751
1782
1193
652
411
657
3202
342
924
585
2317
4685
458
100
774
3294
344
149
3597
2225
719
232
605
1122
2
677
166
2138
851
1335
1339
62
2343
1405
1248
1873
1
836
2162
1487
1648
85
2353
695
682
31
2782
3761
316
2053
1474
1363
3433
1216
1516
120
487
385
2142
1283
4028
413
1040
1511
1091
510
1334
2384
373
1792
2400
3289
559
1605
1077
2717
941
3714
69
379
721
923
185
199
99
2315
280
263
402
2210
916
659
1647
61
553
3748
648
470
2
2453
1117
1448
2723
981
2495
2826
332
1297
2268
594
1103
760
1340
521
4090
1531
3099
924
999
626
2131
1776
2099
1214
2962
1111
9
980
763
1292
1198
663
195
3499
1119
746
875
3892
858
2365
564
2625
1847
2125
894
3713
1767
1268
2650
1238
2577
64
1001
580
358
1621
2429
1358
329
2151
2025
1145
322
944
976
1897
2281
3728
3650
3648
271
2751
701
606
680
549
549
3135
2336
4077
2000
1354
1923
389
2438
3030
528
1680
2913
1821
3353
2159
1443
4602
3088
30
3489
92
4053
3027
1428
454
3161
1977
2803
3761
1942
6
2824
3887
110
908
1027
80
1171
393
1001
965
709
1927
52
325
2399
2569
490
2112
3325
2264
127
2923
795
708
3142
12
10
303
2290
1005
1178
91
1169
10
727
45
838
2777
3789
1672
919
2603
1145
15
360
295
630
255
2154
277
653
469
182
3359
3113
581
2095
661
378
1522
1173
4084
2041
57
64
1952
1472
2897
4199
2530
719
2010
3021
296
382
719
2300
1233
2656
1275
130
2025
2275
1560
164
3468
562
176
45
261
954
3121
2321
165
2085
748
61
966
53
347
117
3018
3997
1215
2853
866
1091
1529
1015
3636
652
1332
533
467
2423
1476
2721
3462
243
1824
2228
917
1085
1702
1059
1245
2500
2051
858
47
1384
491
105
87
1253
824
1313
1215
1774
1033
189
1365
864
199
1219
1412
85
1518
2441
692
1412
604
1935
132
444
2381
273
514
515
155
12
393
3064
4172
1820
1299
1661
608
3216
370
2332
1033
741
2640
85
1587
221
3500
2001
4155
3283
3394
433
1221
1402
2869
462
1775
75
3633
184
318
2323
867
2351
531
1472
1738
1583
639
1504
4773
1557
447
1013
1169
357
1259
1433
2957
435
2434
316
2083
125
4184
37
403
634
60
1090
3
87
1664
312
495
841
1074
4465
1805
1779
22
295
3630
315
152
110
2476
1013
924
1740
2769
4229
4582
343
255
241
176
712
1849
1096
205
4286
577
1866
1220
2546
172
2930
2140
1596
229
337
2449
668
702
143
391
3252
298
2110
662
3041
2290
1993
1945
2247
539
194
1027
3045
1482
1104
1957
646
1570
1708
483
3862
1062
2114
1553
1207
303
2416
1512
716
862
941
3022
1631
1464
3165
2282
2336
2918
1064
3175
1022
645
549
535
691
108
198
1052
2
405
476
2528
1472
1861
2881
4328
567
115
1276
1779
2853
332
2990
1575
895
108
528
2081
2368
241
207
1342
237
453
335
59
1869
1905
117
17
1226
1183
1376
2241
3
2489
3759
48
1543
1418
3789
866
2579
3615
97
1049
80
83
493
319
508
25
1482
184
506
1002
569
45
352
171
1703
301
160
1205
3039
1850
1991
1
630
3764
844
252
247
2385
1967
2448
3053
1059
2429
203
2241
544
2549
1064
294
747
495
1644
2927
2506
563
202
2490
4040
186
1765
1811
3017
2258
1764
677
152
1923
668
415
477
2622
2007
3521
2486
1228
583
900
140
39
631
392
782
330
191
2520
17
1765
70
291
141
397
1151
175
478
3843
1215
2340
3856
1932
1657
1940
876
550
2215
996
3273
86
1787
1667
339
1255
291
2031
2167
1009
2059
2328
148
44
17
144
793
113
1112
1400
3459
167
597
131
994
1120
2555
1152
655
645
2634
348
124
650
627
693
2501
1494
2563
631
303
285
769
1945
3129
511
1924
140
4161
2806
3554
1895
2093
1274
20
800
668
49
1295
1797
374
339
913
995
4663
3501
889
3106
1194
1548
458
1624
441
2080
279
1035
838
2896
1340
165
877
1747
77
2034
938
1473
214
737
1439
1174
1782
1793
2130
1341
28
37
811
1785
2175
698
3671
415
1935
2942
100
2922
781
3010
4080
368
189
1808
2115
2020
1277
891
2378
53
1197
440
3770
714
40
4186
72
1095
298
322
952
2802
2056
2801
909
303
1497
2332
720
116
139
2520
1159
115
621
156
1993
1736
2416
214
2635
2275
603
1144
2617
10
3005
966
310
1028
4571
209
40
2162
1066
575
908
547
1363
4233
601
1604
437
1825
436
2280
158
792
272
1254
1287
1143
600
4
131
300
3645
169
1435
494
400
3226
1081
80
355
618
161
1149
51
2118
82
1104
3077
1758
2145
279
2681
1182
824
3351
240
4172
1905
1690
920
1868
1219
3723
543
323
344
766
3654
1658
1775
2828
2312
440
2175
2667
2963
3880
3532
908
912
704
2257
232
319
264
1461
932
269
2322
2876
3169
3561
202
1596
597
332
3612
1886
1929
822
655
953
87
1304
387
1032
2773
2948
1444
1139
1647
3049
1740
400
1303
388
948
190
1879
288
2845
3529
3673
1247
1175
322
545
1017
3501
1978
69
843
3529
3325
791
123
1780
1843
928
2417
764
108
327
321
856
130
2317
648
764
1644
124
1717
132
1580
495
68
1537
551
1507
736
407
4149
2755
203
1364
139
1136
806
1364
565
374
1657
553
53
948
3945
978
28
2052
167
3091
884
889
803
1657
1324
206
995
53
3763
2167
2615
1550
372
2750
2177
2826
106
4
73
50
168
1007
634
1112
716
3684
828
2803
577
1143
1109
309
1920
212
2109
1003
2683
4120
887
390
659
807
1563
196
452
730
2075
2036
770
2719
892
1585
2896
2048
539
65
1623
1166
1521
2936
1054
2639
1727
3300
2267
136
1954
2439
646
1541
2560
1265
444
780
1350
167
2943
1138
1756
232
3048
2624
2440
646
2520
271
1215
572
2166
2575
543
3126
1347
2791
750
60
1763
909
3806
364
834
1821
967
42
2419
368
991
720
2464
2267
591
1607
2252
876
211
60
1471
1188
3305
1535
1094
60
454
1732
755
727
1821
1814
3265
17
1544
2531
3232
544
1005
3187
2211
119
258
127
1404
2716
3785
1092
2
1811
45
1230
1745
281
614
100
962
1945
1997
998
28
1068
232
327
3939
905
982
584
737
2720
1729
397
717
243
777
489
1123
60
32
1813
92
3095
101
1320
1249
1055
243
1833
2076
195
911
2080
1467
2747
889
789
653
159
1298
3425
4257
355
1868
1433
1264
2398
1664
3125
1468
1801
548
2523
1781
1394
296
324
360
10
1232
2260
5
1420
469
1285
17
1517
877
1110
970
8
4268
632
319
2424
2715
2817
1092
2458
616
99
286
1992
1175
10
861
248
1361
497
1040
474
1067
2674
1881
729
4803
2967
1030
3582
327
2471
1984
242
67
3677
1708
268
509
244
1171
689
2981
764
1035
698
2932
1595
954
246
1504
4700
2651
2079
2682
2401
4347
3588
1127
235
1465
522
392
1515
860
490
3324
514
804
578
531
1161
1383
804
1024
3372
668
381
110
3347
565
170
809
78
965
110
2181
763
794
509
285
3096
1606
1455
2014
63
1757
2871
3261
208
462
1604
2536
64
3764
1198
2497
2430
663
630
1923
167
969
2007
1235
2924
3400
1811
2805
1182
48
3842
568
101
1178
4545
229
2516
954
2193
197
708
3414
2908
1869
188
3348
286
501
253
1708
723
59
278
1257
1189
1990
535
915
344
1275
1806
918
1667
518
565
527
551
373
898
949
1675
991
3022
1294
3058
156
199
728
1176
1779
2220
698
2252
2268
1296
2230
74
37
954
820
791
321
1764
101
2
633
996
770
2903
372
23
1659
369
2678
978
1091
2934
1845
3343
3384
1020
2075
2248
1032
1265
2157
211
1548
975
300
1578
995
748
2110
1876
1130
1430
2887
348
1075
2993
898
1460
468
2526
395
600
539
2647
2036
2815
839
2662
3741
981
1498
510
92
2103
171
1720
2133
635
2119
1878
1919
77
3390
2891
3704
473
980
1191
1395
1182
320
1272
3644
1150
293
2287
65
2666
2517
1045
2437
614
525
1
3970
16
3480
1498
520
1820
1045
1781
2749
123
806
2114
2774
1164
1170
2161
1513
960
4005
1220
919
2492
1255
953
1151
1807
1868
3990
533
739
3350
1452
841
3120
137
1351
3533
2684
3057
3233
225
1272
1461
323
259
395
1681
17
351
1272
1957
3428
3633
1154
823
227
4550
1698
276
1593
687
402
1952
1631
1290
1089
491
997
2684
994
141
3096
3772
720
685
143
783
2
1760
4042
391
226
2278
1660
527
965
877
382
25
2027
382
990
2343
3155
4376
493
2061
2245
968
2825
639
173
1209
2242
1938
3415
2290
2052
1072
556
927
301
1672
1220
448
96
456
9
1053
1970
1474
3025
568
16
4
41
2047
17
4331
2339
168
1535
1609
44
2419
2724
1472
150
3113
291
840
1330
1300
3028
5
453
290
2198
1331
1488
1625
554
1970
1606
3833
463
140
344
928
1226
33
1202
958
2581
167
1208
162
502
2503
57
65
878
970
3429
391
2275
3199
895
1304
799
43
143
17
175
1531
114
67
2722
3742
35
50
1814
15
236
62
2093
623
116
340
527
3709
2774
3864
3600
222
1880
1701
602
81
2254
1933
806
843
111
206
1077
2476
1396
264
306
893
96
349
1707
1564
210
330
1148
1298
1260
1712
150
543
3188
1139
280
425
2335
5
1110
1443
3057
744
1334
4074
259
1914
1195
653
1175
680
1589
1973
108
309
446
306
1219
3644
715
2321
368
2497
1891
1785
2492
2660
1675
45
275
663
736
988
3371
1089
2544
2097
2921
1292
4000
823
1336
3041
3309
402
980
102
131
2395
822
485
2455
553
644
2418
2673
270
124
1959
1157
3248
2271
1594
524
103
45
887
1047
2
348
1008
466
3590
1752
5
4
2564
656
738
100
173
2481
3237
705
555
225
1689
809
1173
67
1776
2551
2154
4241
1063
182
869
167
182
2422
2308
1413
513
640
938
319
37
1914
299
23
1129
2124
1130
1333
1680
1402
2311
1467
3101
1881
702
1658
1183
2392
2520
2638
1999
880
2362
4246
3529
639
1323
1952
1463
971
918
2138
4385
4606
2565
995
3479
131
1372
524
1517
708
512
4716
2315
1865
214
1506
14
659
202
1364
2018
616
1699
3169
1373
535
1379
1628
3278
2121
793
1075
2198
406
3113
1723
2134
752
298
474
90
2480
2871
649
1421
60
697
2662
1935
4544
2277
502
1003
241
667
2811
154
1572
3095
195
2263
2756
127
732
2182
659
1116
548
458
211
610
3954
2794
1444
25
2533
1127
962
1849
703
2109
373
2561
1279
1132
2436
83
2531
499
3662
67
1400
25
1009
270
2565
1200
83
727
2
891
3009
68
2285
1491
1186
909
4123
1717
195
1869
2157
239
1389
831
3345
1231
1862
735
2166
875
1015
1923
591
682
1119
2384
1499
3229
2649
565
104
711
651
3857
967
233
359
406
1349
1523
1474
3448
1385
3573
906
389
1470
115
1119
1284
840
144
569
556
2354
1828
1477
1447
1818
1947
1169
438
1338
199
2
578
1080
1792
3192
3297
434
156
2903
3606
12
2219
1014
7
933
249
1671
41
242
44
936
2586
364
1328
333
1587
944
1605
879
1867
3420
988
1892
2040
423
4653
2590
123
1189
575
2692
381
2757
1547
346
2891
186
32
2100
20
607
176
949
411
237
75
177
1371
1456
1267
4080
1297
56
1269
1423
722
1182
3009
2072
1406
4337
164
667
1593
1182
4721
1587
397
2056
2701
1179
2669
3079
2461
225
664
62
314
729
9
1399
566
574
1591
247
827
563
136
800
919
2
1928
121
2245
2168
3309
2145
2592
3234
931
70
418
1917
889
3974
709
1138
1553
2949
4717
810
281
120
2530
2218
53
2561
450
12
794
4118
902
2724
838
1192
810
1867
135
655
93
1742
2971
2838
2021
472
75
23
1205
309
3160
756
92
27
4079
226
572
665
329
209
3495
1520
2012
31
1030
1769
1213
343
2083
2194
649
3452
175
933
83
940
2290
713
881
707
545
1148
2219
1796
141
154
1519
4453
2149
226
1419
971
3439
27
1638
2116
684
2573
901
2266
3555
1863
562
3502
2762
397
2463
891
2664
2545
3738
3358
1806
1104
1096
2
2224
15
41
2041
1587
2926
47
1158
299
655
70
1256
1964
610
677
400
1107
1999
2874
427
2414
2312
791
410
580
2929
38
847
777
449
1694
1142
382
103
2814
2836
248
1962
635
2246
1926
2023
310
408
558
1010
918
3330
1692
2960
1161
298
444
2471
558
1377
147
55
1605
1097
440
2220
616
2189
451
1074
659
407
2676
1448
2250
45
2893
2127
148
2164
2553
844
2539
421
1260
755
1343
1721
3018
1491
2965
2199
1764
50
2610
3537
2198
2652
45
1764
1720
972
1025
1080
16
284
112
1251
8
479
541
36
1864
745
2965
1781
1109
2013
321
1174
2553
2417
652
142
291
1411
306
982
187
5
338
4495
1563
749
1290
1634
341
3594
1678
974
717
496
1529
1844
1501
179
1910
1293
2347
818
1538
2795
856
2434
26
2202
342
4341
145
2832
801
3101
769
217
25
1298
3092
1359
2785
215
1080
1479
2740
3416
1820
4043
319
897
285
3362
554
1204
828
3143
711
108
209
1866
3
1328
720
1275
211
2739
8
3025
1786
5
2130
2776
306
730
2835
1638
1845
1463
696
625
1059
458
2733
3036
1181
88
507
908
2886
1488
663
1547
291
3236
1924
813
2148
444
103
2261
2379
485
576
591
2397
22
133
3375
741
3368
17
787
259
234
744
273
1361
31
2588
372
441
876
1142
1047
652
953
89
4125
1155
621
115
2448
140
1837
1760
186
2376
1763
2520
470
291
3630
2441
3005
383
113
865
1958
592
2101
48
418
4025
567
1845
1629
1207
191
291
2025
3641
508
1410
787
835
349
1659
3152
3289
1308
875
2121
262
711
472
9
687
313
1038
1251
209
2034
8
41
2263
410
4372
293
3261
762
878
840
1439
3337
1226
467
2860
25
1732
2808
1532
1365
1556
2240
1048
392
3407
201
3148
975
1807
1136
85
2213
2261
2368
1945
604
1159
2213
2365
4427
1029
2400
1750
2565
1311
1271
25
77
3176
1877
969
2599
2533
1610
2127
107
3133
471
1872
2971
969
25
1043
215
2545
3576
692
492
1019
3084
10
1379
363
2735
119
271
2654
3499
224
522
154
786
263
3400
403
473
181
575
30
1582
3337
1856
2505
3549
918
1582
1192
1961
3773
73
1007
3552
1649
67
4558
164
540
727
197
211
63
1789
1108
1041
639
1364
2537
402
1481
17
880
818
1811
1014
474
3551
46
8
22
1315
1713
4043
1910
1635
453
854
2421
3469
2535
958
2783
1066
1743
2236
2397
808
2246
187
1493
87
1180
463
724
1528
775
3211
336
707
4585
127
2006
867
905
3090
23
2819
1962
730
1311
1835
197
446
513
494
804
3783
2056
2402
1097
475
224
14
3319
1147
1857
2019
293
815
1086
99
3045
2517
1346
414
2395
29
108
359
1855
2247
217
3168
423
1320
421
1860
18
115
1091
2687
1845
35
1411
1759
3284
1856
2423
3392
972
2317
250
1206
147
908
217
3940
787
2391
3490
51
506
1101
614
1520
279
1769
85
260
464
1439
10
5
3286
1328
1361
2043
3962
2049
619
1864
811
229
208
3498
21
1077
1944
65
2644
2764
1325
240
1030
1402
933
2263
290
1866
830
1703
1381
737
575
9
2231
124
3488
960
2055
1039
770
855
2905
2355
506
756
46
1199
1561
3333
244
760
282
3563
504
1493
17
1674
1257
307
194
654
3058
137
678
2037
2487
1368
83
1277
563
1029
158
984
899
3280
1709
2649
620
545
37
213
509
3202
1908
1110
1221
511
2969
362
3256
393
106
17
2257
1340
661
1395
2778
2835
987
2675
1289
3278
1703
643
2455
1294
760
2020
2077
475
283
2107
4021
1636
2235
2258
2970
22
1741
383
1156
3372
3574
2670
2509
632
1228
400
60
2448
218
1995
2859
2707
1039
1720
3980
433
893
63
108
20
346
640
140
500
180
2457
416
520
1226
2156
486
1994
1543
120
3149
9
1082
540
2465
255
1626
1370
506
688
35
1621
623
2089
1709
3733
569
502
852
897
922
889
2125
70
2662
394
183
1108
2564
1325
2480
7
128
992
253
4025
443
1630
1034
2160
3284
595
396
1264
449
3727
492
1265
977
3845
1506
1288
1948
1603
2235
2537
918
8
1747
520
1259
743
1899
507
2272
496
2960
202
4109
840
1747
358
2418
2445
3
2170
3169
1043
1594
2791
511
264
2603
210
1824
631
112
1458
1574
3289
184
2134
1152
3931
1320
133
38
480
519
751
3619
294
311
245
3453
1728
225
1164
2324
413
3620
1033
247
457
2214
590
106
463
2749
2628
2882
4426
904
2100
328
1381
1822
250
1366
4265
764
2072
391
2612
2675
2897
2797
1947
2551
2683
1455
1686
1793
1758
1358
1487
2040
2592
940
2499
2420
800
2920
1516
17
230
2188
2055
2093
2143
2107
151
995
605
2167
2601
2972
166
2764
1835
1677
89
887
169
1998
2493
2833
28
1072
2499
52
403
2732
691
1651
505
851
1793
2103
38
624
685
259
1534
2372
1085
954
2610
1916
353
1412
1254
1834
2985
114
176
874
593
250
20
791
3840
1192
290
639
1996
3095
376
298
263
755
3555
207
3798
3376
2905
2019
117
1635
805
1371
378
3883
172
25
1495
1578
73
3020
3488
2620
1680
1873
2247
2358
804
367
229
301
871
1312
3109
1914
68
342
3207
760
2798
3288
1174
5
1580
3233
2762
1677
3047
3644
1761
311
1540
607
141
1488
106
2124
218
1172
539
12
2188
426
2179
98
261
775
1042
961
873
739
2313
513
3694
2
2527
2148
1741
218
104
81
4285
74
1720
1631
1256
535
3121
264
2034
821
290
15
1903
2844
1268
818
695
1731
1712
151
2993
3290
2614
3208
309
128
2328
105
2329
2205
806
4468
1023
1613
674
1480
1837
567
106
828
81
259
4352
38
752
2131
50
2322
1831
45
2535
592
1894
161
2397
2819
7
2092
115
1100
734
1260
665
2222
3642
1094
1271
1027
760
191
2622
1408
2222
980
4369
703
1793
2032
2702
2142
347
1877
905
838
1491
519
820
1745
625
3992
399
2972
488
2326
1215
1430
1599
2493
3595
1323
3352
364
1600
2247
28
2630
28
3877
42
380
40
2113
130
1320
360
321
4421
1702
282
1335
1634
162
2513
2212
3801
207
2559
2694
993
2156
584
969
619
1491
1210
405
3531
1202
2672
1701
1549
744
5
3493
64
2748
1456
1102
2002
702
3674
3174
804
592
1593
2673
3944
800
1696
298
20
2577
440
360
702
3528
534
891
374
3014
980
1057
1202
161
78
1972
1242
1200
1596
1827
2976
44
1627
882
354
1338
3669
3157
2970
1008
912
956
1210
120
50
154
2774
995
3581
1242
1773
1004
3835
2176
3882
1744
1341
127
2644
1857
3670
1212
69
296
2399
3194
524
1038
1112
1583
2219
3239
85
3369
459
638
365
2636
906
578
243
50
553
379
794
1780
1174
319
598
1629
1952
2908
1059
9
1354
2895
83
2261
1415
2459
487
75
2499
44
40
152
3848
1643
2318
1624
1372
2806
1069
978
706
1273
882
33
1525
1182
849
147
522
525
1253
1072
195
4681
2350
2601
687
1097
50
105
1352
716
2757
2111
1345
418
2674
451
2417
900
685
1213
1307
6
401
307
888
724
1809
1800
1285
1145
1703
3186
562
3891
681
506
982
818
2649
337
859
1193
1
3192
1221
3380
2025
2606
3624
553
2556
2171
1309
88
418
1939
983
1315
1134
1405
829
1850
758
2397
1719
1688
279
1995
227
448
2094
629
372
898
4353
10
185
3037
1125
2064
158
4273
2613
417
1669
778
467
1652
910
2804
1024
2182
3248
1093
2032
3866
2753
3149
12
2231
242
158
4
2036
1580
1624
1079
261
107
1413
57
785
1871
2847
3374
3929
3148
101
1268
833
2670
632
1187
410
171
1109
319
1175
551
716
1272
2625
2834
522
3339
3000
1242
902
3545
383
528
230
985
2722
1242
3949
4484
2790
2376
1935
3246
1516
1587
1378
23
1861
2436
3693
31
390
2220
1277
4397
63
2430
83
540
2081
872
3873
192
1287
1516
1715
260
167
616
1165
2285
1841
25
1174
2348
4402
3546
98
620
1365
1035
61
2031
2533
37
146
30
2107
1304
495
485
25
189
1892
2502
626
2808
1078
2672
483
2805
3902
1244
564
4004
707
547
243
1413
511
2411
55
1935
673
1580
985
2260
2555
266
716
504
175
3762
326
893
344
2425
3417
2392
1007
17
1111
725
773
162
4
1558
1474
740
3814
421
4111
538
678
1606
2407
272
2676
3636
578
1614
753
343
3005
4639
1272
720
791
1611
1289
3024
183
531
384
106
47
2332
1673
2507
3082
57
892
4077
4860
2734
1175
711
1164
1801
1182
1292
310
3577
1809
632
2494
2641
373
508
2164
1726
815
718
75
76
351
2633
202
425
115
2919
60
326
877
2335
1783
535
967
561
858
1065
1743
2953
2263
424
1319
1491
979
1113
1051
3489
712
2192
2211
208
1488
151
324
2149
1698
666
1533
2304
1412
1558
1724
359
909
1122
439
556
220
72
1651
3672
1594
84
730
296
1923
1847
3660
146
968
492
1438
454
2373
377
402
595
366
1069
1176
557
920
1810
607
239
975
1284
172
1583
1164
1760
3892
1795
143
2233
1238
655
944
567
2339
2837
2773
3067
273
3858
2368
747
4057
1810
967
2021
735
1669
685
2071
1333
441
991
79
1369
1831
1966
182
967
2303
1344
2896
888
1009
1378
1161
3367
604
2480
1583
3900
2110
175
80
2078
3461
1064
169
1720
509
3
1100
556
120
3984
358
1192
2411
1462
2281
725
953
3422
2502
1403
4660
602
3148
2226
782
2730
1599
245
2176
2015
480
370
1342
3480
38
432
2375
2376
177
33
2439
649
1441
2994
38
2007
248
1927
2173
1817
307
3182
3196
3110
219
999
2071
8
610
3250
476
2394
357
1412
3565
1284
329
456
664
1430
2167
354
3215
3927
1830
610
1408
641
985
2830
283
1092
3247
1594
3000
2667
1499
1541
1563
555
2924
1715
1113
205
3186
774
351
2696
466
1006
101
64
2716
1489
371
1056
467
247
156
628
1789
994
378
2008
1268
173
1493
1608
199
2543
4544
648
1700
184
2027
801
4022
2046
1740
1142
2145
111
535
2813
3766
4109
845
555
176
921
2297
1639
826
3916
3784
1143
1777
1461
14
627
3209
1763
1291
923
931
1127
972
95
612
12
2453
1125
446
375
1155
685
767
2498
3435
1533
4166
782
2588
1665
448
2448
2181
2805
3580
2405
965
355
2241
195
28
18
1591
2145
954
1481
340
159
2348
709
3052
727
1796
1524
691
1735
1452
2041
1352
1673
3239
3143
1307
789
622
1897
1667
595
1247
132
298
415
67
745
655
2671
2840
2042
548
2320
479
1402
855
1827
422
122
4144
852
25
656
609
1131
331
854
2288
2257
2405
3699
370
1279
2009
758
2356
2136
2268
592
1043
17
198
3064
2
494
609
1355
1255
512
1016
560
326
1717
128
1364
496
1020
414
1259
4576
2902
91
1655
355
181
389
658
977
1556
1958
1556
2249
1197
538
1
2155
260
382
1375
1790
3987
965
204
319
1122
1434
889
31
601
1990
2474
1056
2123
1771
198
1141
1174
1451
816
3892
677
1669
2915
2504
576
263
463
1526
408
2137
137
4054
1813
2603
1026
3916
187
2831
887
1140
85
1712
1491
623
528
1922
2336
1408
3024
1415
726
2106
2738
4659
2445
2217
476
863
122
4
207
2260
3484
2009
1660
387
4026
927
851
1400
3758
2725
285
3074
873
528
10
2621
2950
553
719
2909
674
1182
90
848
337
1059
28
2167
286
1154
4114
2945
1004
4745
3095
1099
472
1122
1000
429
2337
1148
23
1363
4196
744
265
1126
99
728
2374
1681
3133
28
995
299
2044
1511
2014
1639
52
130
1409
891
1805
2006
492
693
983
739
3196
1358
254
1174
2855
681
338
2210
822
2788
1502
3063
243
2630
924
1407
1020
1830
226
87
1872
708
935
2770
3543
852
546
1700
3826
2844
3618
124
816
134
3470
1080
20
1317
663
899
1142
1441
14
4145
3883
4293
54
3404
1834
2730
930
1742
3675
72
1908
535
3477
29
199
240
287
159
524
1565
242
2224
4295
756
2403
4094
931
105
1239
876
152
1093
1127
810
273
1517
3917
2480
69
574
12
446
2195
115
13
33
3310
697
2141
258
450
36
1033
438
1354
2312
631
1578
1641
2090
30
471
3461
3325
77
1802
2069
929
76
551
336
1046
3919
718
3448
768
727
1077
2181
17
442
1239
1330
114
239
522
105
1920
3026
639
1793
3704
1668
2802
103
1468
1755
1448
56
1135
351
1152
395
1423
936
847
2190
1635
230
953
2416
435
765
2797
691
1813
1453
2312
3918
840
2910
312
1899
10
410
1827
510
3807
1020
1724
3306
820
5
380
660
1156
3007
2261
876
1133
968
1752
2093
3428
2557
45
719
741
731
72
76
1875
4149
963
647
237
2161
641
131
2453
315
4530
2668
2045
1941
2235
1067
168
1529
739
2048
89
3435
120
198
1357
2427
3243
971
2981
330
2605
188
3532
2085
1098
1725
98
3423
281
508
1130
594
199
2819
319
360
1538
743
1753
472
1173
105
1990
4329
1258
3479
126
1592
1300
1482
3
79
69
851
1325
176
211
1354
362
152
23
85
1135
515
964
960
272
2481
601
1768
156
974
1484
2192
2445
113
284
3552
45
1619
597
1204
495
1602
235
1450
316
1317
1151
3269
60
485
10
1463
36
3955
3058
2521
1364
3460
2551
1334
3657
3941
1655
851
2838
1367
2277
2470
45
1314
2505
67
329
1803
2797
103
901
4385
2341
911
1199
628
204
2011
2201
730
132
21
2362
338
2462
4396
3423
2923
1239
1143
3249
7
831
1771
2003
828
3543
1250
1278
2582
4560
178
369
3063
1094
1772
831
5
121
579
1738
2066
221
2126
792
512
42
1718
1271
3602
52
153
1765
213
3190
1673
76
1905
1242
764
128
1144
1873
396
2987
967
2516
129
499
1850
203
2265
445
2076
561
51
192
1250
3798
1685
519
4309
1039
2462
384
276
36
3222
608
1637
2100
717
3099
4014
1910
1592
1643
1847
3992
1115
23
1098
3584
529
42
2588
965
417
2332
930
768
68
244
902
3041
886
1189
337
124
260
28
3286
3400
1758
1257
3973
2440
210
2839
1443
221
7
893
3114
3242
257
1243
2082
795
422
420
702
708
1340
699
826
220
969
801
1879
1040
355
355
2460
1856
2943
2624
2830
395
447
670
711
653
321
3612
1799
2876
242
569
2228
522
146
1858
1314
448
312
1595
1696
95
20
1438
1045
12
1005
1296
22
877
1413
1978
38
240
487
41
184
1362
919
623
2054
2053
1415
362
693
323
208
5
105
427
1
194
3886
380
1149
2570
919
2165
1844
108
3288
1024
234
603
1350
1507
679
688
2075
336
926
85
852
687
351
591
122
1049
2186
210
702
630
1359
1656
3037
1066
33
2111
120
631
1171
1837
2453
289
1088
939
1708
1202
1145
5
798
3548
2260
3809
1664
2422
466
732
160
37
268
531
2922
1451
1582
2304
1178
110
1633
2176
1419
468
47
1749
854
2596
2048
1497
65
375
290
107
964
614
3132
2019
1898
2756
3283
3040
718
1767
2088
1395
1261
60
3022
3862
1266
919
2637
1091
1327
1979
30
833
57
2312
1179
1384
455
3380
475
1859
91
1676
3390
1871
2286
1371
221
697
1187
141
2040
77
1839
708
1555
2551
4010
1113
191
109
367
3912
1394
1984
2324
345
2066
648
781
2044
3409
206
65
816
2952
2047
91
2840
602
738
1097
138
3639
3230
2240
2798
1656
410
167
2124
491
193
1599
2506
2526
666
2128
1777
370
3172
549
588
668
556
1171
972
1227
124
919
1416
3590
2188
191
25
984
847
2491
1810
2349
980
921
3608
191
32
2325
226
984
144
976
1051
2799
1341
1450
1645
4300
1605
2605
280
3585
3490
1878
2952
1985
463
1896
1220
3031
172
2188
1123
2032
2949
151
1735
1230
167
3733
373
1803
1740
1401
442
252
1736
1456
558
1540
53
1551
1129
2124
15
3978
398
1990
96
881
2384
949
3745
2487
38
634
569
715
471
2155
3555
650
1566
2669
1572
1625
892
226
3218
301
841
429
1096
115
26
807
856
1324
1265
1471
60
5
874
213
2505
438
2200
1622
1774
3335
748
133
2252
1010
800
749
3340
549
197
2324
1336
3627
4504
1327
92
321
1211
1280
1918
3136
505
356
2163
3994
1734
2881
496
1929
2249
245
1603
679
1347
45
1382
3792
2690
467
1704
421
368
289
2590
1950
4240
1062
2500
1663
1733
1815
1079
2076
1694
1740
1145
140
714
206
246
2049
232
1099
368
1758
3221
304
257
921
29
2612
898
2007
156
801
241
361
2964
660
3120
464
1049
3862
2363
3380
2046
2145
838
711
1804
3732
1137
83
289
242
784
7
91
3436
2485
268
1377
1119
688
2721
74
1958
383
3338
429
2771
684
3314
1951
1277
2003
569
257
1773
3322
2161
441
4389
912
736
1539
171
146
635
489
85
1568
876
2928
1465
2081
470
1508
435
3777
3497
2877
2503
1673
1175
2719
657
289
3453
4139
267
850
951
146
2455
56
489
473
846
3393
234
1734
388
3109
976
679
583
1843
3411
762
1464
283
2568
1054
776
445
2561
813
3216
215
3308
584
287
1368
1353
2758
3898
1142
1685
3422
1319
213
3935
955
685
4
489
345
785
1154
1730
1540
433
279
2193
2576
9
801
120
1545
2360
249
2342
2675
979
5
2887
509
1978
85
492
526
2346
3162
1894
151
2069
636
2
1463
348
1348
3317
582
3338
1604
2864
48
453
1812
785
22
653
1935
870
3977
76
944
33
1618
1576
1529
2393
4
3400
2688
2540
1917
1673
90
418
2409
549
376
1334
239
418
4114
58
443
1343
1259
1194
1128
1377
1474
789
2562
2142
367
871
1865
3728
1154
2489
2081
1036
544
3081
1175
764
1279
193
167
519
2668
3085
768
1586
2301
994
329
455
388
2214
362
303
2046
350
896
2030
642
1942
905
1036
2362
1369
976
2629
61
220
684
31
2490
195
588
1140
47
1943
1552
3983
147
1686
1557
2880
212
796
110
570
461
419
2065
389
3785
2016
899
4125
1872
631
1212
1956
659
2836
257
1930
423
1390
2499
341
1840
1745
40
719
4620
3129
90
2058
289
1495
2614
402
3556
549
1936
757
735
735
100
2217
1374
961
3
2335
1517
2208
2439
2989
1569
1764
4291
694
107
1230
1306
17
17
135
3595
1183
1433
1750
2582
58
93
2046
236
1828
976
1394
749
3429
351
793
2564
1164
3097
102
2110
202
2478
1293
509
474
3076
21
1777
2201
1859
799
816
1131
653
682
865
1524
1849
1702
1437
367
1978
2227
426
1122
1189
2511
1440
872
400
1113
232
81
4065
432
4506
3067
4120
3532
135
492
1797
329
624
609
616
1154
812
2366
4
2535
242
445
2
1147
535
3713
614
145
1586
169
342
2462
1782
704
743
3173
157
2283
2977
884
3267
332
123
3514
1582
38
81
1579
1159
423
1707
26
3920
2094
1454
739
489
4315
2844
3023
1073
311
1072
797
2211
3356
824
3029
834
1836
2178
15
156
33
461
1116
1397
1615
339
551
951
2320
426
3067
2850
908
565
1035
5
504
455
838
619
2921
803
1329
163
1543
225
232
1238
638
16
3850
1109
1740
2554
2401
2776
148
501
848
480
427
363
2836
1039
1478
2165
197
1574
198
1203
613
255
48
591
2758
72
93
1857
307
1116
10
296
2504
1804
348
273
293
1011
188
3268
2152
3945
787
1322
40
600
610
1271
532
1992
467
47
9
245
805
1051
2949
2712
1661
411
332
1281
2746
3449
387
1444
2050
82
3685
1885
257
2415
3297
739
725
1362
816
1659
30
1970
3479
1199
1584
2131
551
2427
436
359
2131
1547
1560
53
940
801
357
1836
270
351
4021
2960
1228
1275
919
328
2289
2260
1319
1071
1867
2697
1907
463
113
2983
1674
2220
855
358
3414
3515
527
3028
3714
2358
1307
134
1334
2065
789
770
1556
1884
3058
1251
319
1353
84
531
74
80
280
836
124
944
1794
415
3001
379
3137
738
900
2900
1335
745
751
1045
284
1028
2290
1672
60
3513
248
19
1221
516
1151
1764
14
1080
755
150
193
688
849
355
1106
240
1941
204
355
548
2901
997
235
3514
2901
1958
2637
1086
10
162
2213
1362
2372
991
1900
1107
3236
1738
1259
2923
4572
2986
1299
1182
774
607
1074
1075
2869
554
154
2980
786
2409
607
540
451
1260
777
914
371
3016
3407
326
463
799
3341
983
972
2670
1124
183
1477
3643
1493
1826
1388
2801
525
75
859
535
755
774
2320
353
449
769
2419
4144
10
161
1238
3632
761
1107
534
140
2134
1972
56
3088
931
537
941
2031
560
2819
2000
1507
67
403
3630
3530
3051
2269
978
872
2588
318
1315
1809
544
2386
484
2012
1684
718
179
393
4276
1048
2048
139
1415
840
1818
1222
3258
819
125
4665
522
491
2604
3152
860
1373
4
2797
757
1576
1807
1090
1257
240
2547
4672
733
109
22
1080
1077
3225
2268
259
2472
596
142
3288
615
1429
1520
1170
279
1529
3332
1156
550
2181
4357
322
505
1170
1037
2482
3636
1679
406
966
1729
195
1847
341
219
2324
20
2262
215
1875
1506
1685
411
1668
217
867
2073
3427
2956
1773
1009
614
873
471
88
443
3022
2827
1394
243
816
1563
1984
1214
8
3288
1145
28
2330
1304
1126
2280
2385
3932
185
1175
1182
332
1820
1123
3352
268
1896
1433
928
1314
3962
1761
19
2577
945
3060
667
338
17
2400
1586
1878
1985
706
2125
2364
897
2234
2291
1085
2791
2977
896
845
1629
2015
991
624
3848
2245
5
1910
991
2334
340
2929
1220
2150
312
1772
2859
2059
1816
449
714
133
98
1791
2758
573
2708
54
198
2001
2087
2120
3022
3353
1440
477
3516
41
3581
605
204
410
166
3068
300
1254
1351
947
619
931
463
91
1202
698
435
1213
4316
1809
2839
3053
1462
375
1274
1153
1373
1266
4456
1118
2560
1906
1525
1136
792
3419
323
504
1728
108
2729
2730
201
591
1166
278
1280
39
506
1328
287
1102
1515
63
929
1240
422
1628
380
248
3565
2965
2774
2083
935
1791
2848
608
564
611
543
151
762
1394
2989
139
1099
362
438
545
860
845
1011
3063
2020
2558
20
60
270
2225
943
753
1079
399
2043
62
2527
1609
108
2225
1799
125
140
547
2045
733
171
1947
4147
2503
2051
291
45
995
10
894
3081
2736
417
226
575
1909
411
1812
685
408
2895
138
1498
1439
2545
3974
248
185
145
936
347
1332
72
2211
3113
1170
1242
3909
1189
136
1692
2666
3298
2964
1352
814
1543
791
2358
874
1627
217
70
2594
2024
3916
2863
88
1353
183
2910
2404
1537
414
3745
140
1030
958
3418
2513
2792
153
1197
596
1267
658
659
2977
281
367
1802
1204
274
45
993
2848
2287
309
588
705
616
4305
2807
656
319
835
1488
1069
509
737
971
799
805
2786
42
2900
1793
507
267
1849
1496
531
363
1872
96
210
638
288
2720
909
181
2005
3484
3715
33
2159
1872
1437
1162
1138
2441
944
1754
1494
527
1847
1520
1148
5
53
367
379
511
1367
1539
2103
308
530
377
1788
456
1140
1229
1628
2943
2984
1238
278
1956
1107
209
2937
53
778
41
1495
471
4322
395
2162
242
896
624
1500
2652
1059
813
804
1884
2630
210
2101
2472
324
1028
2347
1465
365
402
85
4052
915
1603
661
2585
2155
444
1459
1775
247
1884
38
668
1450
449
873
784
1687
52
68
254
256
2264
633
2992
184
2019
128
2423
1020
3307
938
2118
980
3798
429
683
489
342
1571
277
1830
3123
182
1247
115
1097
3186
1153
1122
982
3673
3430
1622
1237
738
3506
761
80
1092
195
579
175
284
1097
4082
2622
2612
55
2419
1585
1211
1653
3983
3700
877
714
809
511
707
2994
640
3194
1160
1003
1804
1588
2177
1035
1864
1066
529
172
2148
3265
1020
48
1286
2261
1866
3312
2382
1802
1819
783
2379
1893
2313
981
276
677
1122
1810
1116
1459
802
3947
1174
1587
2535
1506
23
929
1752
156
2982
3430
416
2922
1344
827
1342
346
1782
1119
2
450
2034
22
262
3531
3212
1031
3174
2210
1705
53
2
3781
72
761
1705
748
896
68
1541
1636
671
1221
3340
3021
3221
20
104
2076
432
38
1624
2925
103
5
3211
403
2212
964
33
2684
1134
1500
100
2017
2926
2920
2062
37
1265
871
2517
275
2724
1740
939
218
679
3696
3946
28
929
1315
1271
1607
3213
1589
25
1123
2014
7
1012
1281
10
239
2682
1396
140
1736
744
1006
2634
518
124
90
190
475
1356
2134
2638
949
2500
2848
838
427
3714
996
2467
2779
3341
146
829
546
1320
1923
2188
2021
1194
1115
1570
576
3153
1596
1055
1672
629
3742
202
1956
502
2398
749
919
6
488
219
625
219
4172
48
1412
1508
1853
2587
1557
468
2578
13
1430
1554
2581
1167
1208
1922
2873
3163
3747
2313
2348
38
741
42
564
2858
95
35
1354
913
1077
528
1409
860
1388
3080
36
202
2908
75
372
343
3216
539
536
2189
2343
483
2471
172
2430
4655
1145
1289
69
3860
3883
17
1672
3235
741
705
1964
52
892
697
1904
296
371
943
539
580
728
365
1392
1522
738
1048
3028
142
1645
1508
1511
1823
2525
2467
364
1108
507
1222
41
1675
719
318
86
629
746
578
1620
222
3448
3306
1516
1329
657
4655
376
734
461
578
2635
392
2977
93
858
939
1195
1479
281
1188
2695
1957
3697
1668
785
3400
1219
29
2749
251
21
2670
3135
18
763
2123
1710
308
1363
2781
235
2074
2090
2497
1717
3160
2132
484
2435
782
1468
1664
949
32
719
821
1998
3333
164
3816
2157
3502
3898
750
1246
1696
259
639
279
1964
4456
765
871
2101
289
1957
2830
1712
332
3164
50
513
524
188
2224
12
379
2001
475
2176
359
102
2332
1285
649
3430
1428
144
37
2449
1121
1951
885
123
1028
1516
3349
655
3404
1016
908
656
1124
2616
3648
619
3487
3144
65
1814
607
631
2425
730
294
371
302
2024
39
270
1248
3143
3649
3820
246
764
159
3574
1339
637
1251
584
825
3585
3154
912
769
1240
1585
2925
606
131
334
1052
1139
1430
703
3441
608
1325
851
12
493
635
10
2377
3188
1692
3521
2655
675
382
2177
1809
645
422
19
2445
131
347
669
1450
179
2890
1929
374
1147
1024
1708
178
768
8
343
340
2286
60
2929
4267
1123
2295
1707
473
700
2176
626
65
1286
1716
1661
2545
3044
3190
648
1386
102
424
1277
1371
391
323
1875
1351
2760
1735
1140
1244
483
1495
1622
2874
560
408
2366
1918
1980
586
1363
1015
2061
1248
970
127
36
760
98
2060
17
88
84
929
3284
1169
808
769
53
1082
3042
1645
2379
1289
1524
310
1722
521
473
813
1543
508
373
3500
1551
85
124
5
1303
2698
1500
2423
1887
14
674
2316
1397
470
506
1171
2407
2336
709
1228
380
275
1865
1692
1133
838
2657
220
15
903
1426
398
397
1496
22
549
1576
302
1439
2225
267
1739
1348
2129
427
744
259
1377
1138
3358
1102
544
2087
112
2358
626
891
4243
1108
1885
583
1520
2015
786
1985
1257
369
1408
2395
147
749
2234
1527
173
87
232
532
861
72
3168
524
28
2121
411
2323
1224
664
1123
647
1373
1066
1594
1317
1261
235
469
2145
2109
205
1753
707
14
1257
2951
1045
422
789
17
481
1990
1824
1263
3060
692
2401
265
1367
730
2605
535
1372
766
1062
43
3228
236
359
2407
1063
622
2571
89
487
2873
375
2692
889
1755
1371
2760
1252
990
1987
284
120
2273
1413
1278
664
835
655
3454
850
784
198
2000
1541
273
2032
2738
1995
655
2125
1531
2598
73
2
291
616
4258
3953
864
708
467
1183
4349
1196
3248
1
915
227
2356
179
446
637
976
1721
1347
4250
288
824
3435
2084
3026
1125
2411
23
2844
395
3202
1079
2632
3699
349
4505
1221
3470
1238
1205
782
3681
41
922
879
4361
1629
235
495
882
1865
133
1472
787
725
2275
1284
133
1507
1059
427
1589
1024
223
2844
1888
262
771
3619
58
1104
2699
304
98
987
1493
998
1354
1930
3676
420
603
459
512
121
3294
3382
1476
341
1448
2105
1270
820
904
524
140
460
1502
485
1189
3354
570
447
3614
1141
1673
258
1376
2735
3618
2978
2560
3211
964
2687
972
2559
1020
130
84
36
2765
306
1503
2564
2304
7
2081
2372
2492
1251
2194
911
2686
1656
1682
3293
162
1833
3121
671
1205
195
1993
3741
434
303
30
3341
1390
740
2216
33
969
854
2207
3921
3954
590
1412
1845
54
2693
2111
1562
1174
3832
4700
803
644
3485
115
449
117
951
1281
196
127
215
702
565
3355
1011
1062
1686
585
1524
17
28
2661
4253
172
80
743
51
40
3188
1975
1866
1620
6
57
2268
1254
97
869
3568
1254
1209
1775
1307
1172
1376
1129
1093
429
1370
433
473
1610
2148
594
2829
56
580
812
500
3683
319
1100
5
1967
2145
1891
1571
1987
760
208
1668
883
2777
2781
423
749
2299
3328
2240
87
1687
1461
391
1835
411
1291
1
845
1203
1300
47
1339
6
1148
1063
3012
8
2242
113
1856
2283
2389
68
4037
2725
2257
2365
617
268
4105
1018
1014
2421
270
1355
2478
2997
3116
188
2495
1466
1453
1294
895
1088
448
987
744
250
2244
1573
1930
67
1953
2629
1043
1384
850
1055
815
2719
953
1178
1191
918
722
350
748
2952
2339
278
1
1673
3059
3
2846
2574
3290
196
2915
1463
76
94
357
2819
371
164
1615
1380
2555
879
64
3
79
352
342
237
175
3383
2143
1098
383
2106
1650
663
29
2440
4426
1402
2810
351
144
1592
261
1104
957
70
3158
1591
1317
3134
25
3247
608
2451
4110
727
1133
983
766
3332
4131
3784
2755
390
12
1079
236
1864
1714
2811
70
3625
4063
1484
729
84
3171
3414
2047
408
3089
959
1442
1820
2500
1388
2757
88
77
1482
675
53
984
721
1653
120
2610
574
854
318
281
2588
771
935
519
2863
2104
3505
431
1201
704
57
314
2891
480
1519
920
2029
1660
4017
1636
1321
703
2901
1820
2063
1925
1400
3851
2496
2303
2371
1990
192
64
1707
795
2164
40
904
2991
2169
2559
1062
439
3157
2125
263
1372
558
95
3040
2948
1078
1172
2800
3469
2107
815
298
488
115
2297
1330
1081
76
3666
725
81
2835
1493
940
2617
2149
2037
603
1767
985
2694
22
691
13
131
1824
2487
55
903
1382
77
605
1706
1041
264
1047
1308
989
1861
1571
3062
1426
257
2382
2097
4786
2696
1362
572
428
535
2701
1307
303
1399
602
1740
166
2127
2151
2188
2267
466
4558
851
334
2820
774
2645
499
1466
899
177
435
1949
1201
423
966
2
874
3289
2754
1472
2395
177
4733
1730
868
3012
691
4795
1135
1011
2793
466
2209
3223
1884
582
600
3837
4274
764
273
2017
2839
702
1352
1838
2227
3000
2409
1750
901
3573
524
496
864
1446
646
2284
3237
2880
4306
2418
3913
396
148
2636
73
2483
435
780
369
3027
1736
549
2540
836
264
1371
2351
3050
1315
404
3091
1280
2464
2124
418
3914
440
1156
3311
236
626
1118
1146
1903
332
883
2798
635
1547
366
120
86
1001
2879
213
145
33
57
979
216
47
1
26
239
1230
1691
510
422
13
1348
1073
3012
967
609
1608
395
2433
177
960
76
2380
1266
556
1450
822
215
334
71
4191
3009
2689
3059
787
2007
333
1668
348
1486
2540
1395
1334
1937
1238
2660
1727
547
1561
561
991
188
2490
3431
2450
105
749
721
321
832
337
2841
12
3010
1120
721
983
250
65
963
796
1948
479
634
1705
50
392
26
1871
976
1130
1644
114
695
2266
951
55
2658
3048
218
1032
1930
1580
1092
2949
3627
3607
1125
318
353
169
1687
176
65
2525
778
298
147
1431
463
25
106
2396
3827
2002
372
768
2581
3094
1690
1422
2427
2019
877
1612
1821
138
1679
1864
1109
3881
4665
2028
3728
1027
323
3623
387
1045
1584
764
1080
275
2343
3136
975
4396
3856
91
2695
80
533
1496
212
536
870
189
1962
2153
1209
354
483
48
1444
3080
806
1233
3936
1707
549
279
1124
944
406
1213
2004
2385
3928
792
1892
590
1932
3954
484
181
223
814
137
317
831
336
162
2831
3498
406
1990
2878
423
895
1185
1809
3654
451
298
658
1531
308
1482
1797
1662
1631
1147
3689
2287
2986
2800
2341
2206
1211
543
1313
15
2547
1578
922
1626
320
1308
120
2374
1208
686
38
1368
3060
3832
3608
1169
3445
604
2268
2881
1191
1203
275
3200
774
155
2505
372
992
2619
1841
2062
683
2202
975
953
307
4011
969
680
3453
2260
1033
1785
698
3557
1915
1556
3812
2731
18
1511
477
173
2730
2783
2157
1900
20
3119
2565
1525
71
352
1442
700
528
2925
2244
648
411
768
658
1737
1188
858
971
1016
282
447
303
37
547
2341
118
1618
832
3778
85
524
123
2688
53
2120
910
2396
2211
2603
62
485
4267
3481
3853
2704
3234
685
510
1827
2406
3233
318
3319
2532
296
18
963
2
15
1077
257
2817
753
209
1936
112
1866
1607
1077
2811
1990
1060
1159
2401
805
236
1055
735
663
969
1633
102
1824
755
1455
3056
3324
2101
1426
469
407
1574
365
1832
556
3260
382
1211
3447
3357
1968
2960
2932
1470
382
2660
9
515
58
113
18
3300
4433
1804
2977
2433
1731
1941
1665
16
2151
2025
1561
2688
922
1531
679
2920
278
884
1820
196
736
971
755
164
4033
3056
4302
1024
1433
2696
2
945
285
1079
819
1240
311
3
153
164
1618
539
1723
2378
293
1916
125
848
1467
2395
484
826
2393
2729
2656
2046
623
389
371
3623
1386
3133
358
179
951
135
3360
2987
2629
1794
2175
1459
1800
466
668
2276
22
608
2863
1472
3340
2294
57
2649
588
1587
812
51
29
2178
1167
2124
258
3677
386
2221
1269
1428
4048
62
2141
1409
203
2042
1082
180
1138
2914
437
877
42
1541
2369
426
1085
1751
1792
1119
4665
1507
1627
703
832
306
4316
2821
260
2721
957
330
453
1255
2727
710
1739
729
1651
298
198
1667
4342
3498
2215
1304
2761
2257
380
35
1905
627
17
302
841
1385
3546
1968
157
1920
1961
2515
1804
396
1084
1148
2034
680
2735
223
306
304
4
1853
1091
656
25
92
1471
2403
1147
1088
392
3336
800
395
1089
2234
1452
2920
266
1873
3223
317
2498
982
1110
316
242
359
1127
463
3504
2095
3349
863
3937
1166
575
1717
848
164
1569
399
1133
786
885
798
732
4132
1376
1477
535
611
1764
694
1627
1617
655
248
1978
2172
3619
3494
1485
377
1059
2000
1255
451
709
1538
2543
53
2263
906
2212
3721
2868
2719
638
3332
20
1
3788
141
1259
610
319
40
467
879
1827
2590
262
3800
170
145
586
907
3773
2654
108
371
915
142
546
1819
1318
2622
879
916
3248
366
1760
412
706
4344
3125
789
1618
698
417
3325
117
381
2180
1881
3512
283
899
217
2359
2634
271
222
834
1183
406
81
1910
1885
116
1502
883
1133
2884
497
169
875
1388
2682
1720
2816
3429
2101
3074
351
1033
1097
1090
3632
750
2279
1306
7
32
1196
175
3444
1852
4667
2744
363
91
563
979
585
3410
2634
855
30
739
9
1024
693
25
184
828
3474
1805
1440
3590
565
819
2716
519
1361
2180
1504
307
2574
2088
3025
152
12
3025
3105
423
1468
3668
814
506
1979
273
2851
31
327
4188
1832
1180
2422
2932
1409
840
1924
44
3345
3404
857
1541
102
411
227
549
3896
2258
768
755
187
1251
2877
4340
3686
1363
2031
1542
2610
2285
2232
819
513
2764
448
495
915
724
2295
713
1452
3225
1067
457
682
548
878
510
8
299
1266
365
190
3
2607
4191
125
2793
2550
18
1385
257
1344
2080
2603
1864
2
34
2572
2967
648
1000
1029
83
1586
1051
224
272
82
20
4130
1969
879
1717
2365
47
1195
894
1472
843
629
1104
3468
1995
1558
360
114
491
3307
323
745
399
378
2323
3054
1869
135
2666
93
279
923
239
773
267
978
2314
4283
219
3537
2206
156
594
430
1404
3276
1287
421
187
51
1119
299
4193
245
34
711
1439
1160
83
440
1219
6
382
2986
1965
334
697
1030
50
2844
332
1024
2844
35
941
184
2
3362
1707
3190
176
1387
1799
1416
661
880
67
648
1166
15
1384
4198
1364
1276
1194
1360
1586
1476
3088
2167
3040
2147
2353
283
1300
2478
475
703
532
3438
1875
2223
28
3121
404
1282
2169
2120
1930
2176
1941
2929
3434
4024
1108
949
810
851
674
818
4304
399
549
2880
849
319
1313
613
1790
719
811
876
2632
378
8
280
728
2046
2836
600
794
2802
1071
2230
424
506
1317
13
1172
131
1950
574
1306
4381
993
1628
1416
2460
213
783
1825
888
857
1746
1389
275
15
283
3295
1765
270
1811
508
955
385
404
65
427
367
2876
3140
1042
1404
1511
513
141
1597
435
2205
583
185
2765
1517
1785
116
696
163
1821
1628
1164
2692
811
2085
967
743
479
3938
1019
1863
3141
971
2298
927
3883
2152
2225
2710
1425
605
293
2036
1637
6
3698
1713
1014
892
2669
1436
3090
3737
3174
1456
237
364
2404
3431
2422
3332
2124
1089
1538
1489
133
2290
471
411
2358
2766
1440
1013
1851
211
47
879
1747
1641
1899
42
1197
1372
220
2075
860
314
2836
2088
1562
481
955
1673
326
70
705
589
1303
1103
284
927
230
1209
2154
739
1911
881
3116
480
1716
1620
1259
2117
603
1018
1383
43
454
1553
282
2017
4292
1099
294
524
935
2652
2601
1033
1330
505
1012
2100
397
738
208
1195
521
1685
45
1598
1072
1426
4220
443
666
35
2388
600
2512
431
108
1488
3509
76
203
1394
2790
2324
1422
2184
1690
140
762
969
2077
807
234
186
4235
1724
131
1241
3400
355
433
1081
3084
131
2415
1224
48
220
27
293
1173
2780
1178
2687
1097
1492
440
106
2316
1123
151
3225
1935
741
4441
2601
3688
2797
97
1915
3699
3419
757
202
559
1757
2128
67
12
2277
350
2300
122
657
3580
3780
211
286
458
3739
329
2564
877
2564
383
491
292
2030
1663
670
3326
570
171
777
167
1089
98
1351
844
1472
3036
1380
2276
1630
2287
4156
25
2726
2273
2096
841
15
375
1128
2721
2981
407
474
1678
1389
218
985
924
899
1138
1316
1009
1479
1411
960
2807
723
986
1757
1437
481
30
3565
3303
2087
715
1636
1544
808
3226
3127
1008
1187
832
4416
2092
2624
1630
164
275
876
3274
770
1510
1268
986
512
463
12
2604
3488
1137
3996
721
1416
30
636
831
158
2651
2379
1634
2850
4590
346
3207
1419
3374
951
3538
114
2476
1176
2261
3197
273
1020
3412
1554
32
943
2523
1102
716
283
2608
645
3568
2385
1680
1259
1492
1458
1760
2652
3512
592
2261
2505
833
254
1825
2796
32
692
1514
1015
2560
222
1609
1042
1371
2841
303
4254
2869
1040
1223
1059
786
215
21
2873
139
3571
731
3178
198
514
744
988
1306
2764
1656
273
934
2810
797
466
3364
257
510
2166
1025
1575
4241
38
621
322
1111
883
755
22
438
3069
2162
666
841
478
3267
446
357
624
862
1421
2264
738
1954
267
2093
1932
2584
516
1419
775
620
3440
220
250
28
3079
701
4264
161
188
3473
1454
90
1612
1767
602
371
3546
212
757
506
1125
1460
2687
607
865
41
2044
1447
2021
387
1565
2094
2111
3741
2614
1688
874
227
579
2826
1634
984
224
1556
1573
789
1040
2601
3371
2111
296
918
2103
2
2224
1111
1112
489
522
1776
1784
3522
1184
1243
203
685
4178
35
1544
146
1621
2603
4130
378
107
45
997
507
2800
3913
141
474
2316
792
350
2809
3872
99
1975
127
2704
2845
40
1345
968
1851
1975
91
1143
647
2028
393
415
606
1248
1312
2241
4708
633
2899
689
556
372
1978
307
642
288
854
1253
502
1580
730
431
751
972
1457
528
2401
3173
2744
2444
544
413
502
805
241
655
1147
1178
1849
421
1578
3004
2283
87
562
35
1014
559
1740
1268
1831
1222
2440
3
278
4109
1657
1783
1884
360
2701
1138
3348
2461
2670
2058
127
889
184
944
2960
1063
658
5
160
1878
2280
18
1144
1444
117
1405
1173
2756
2893
3804
32
1553
730
2141
141
478
262
3123
1303
327
223
3202
780
1591
1007
909
2232
106
2331
2698
2319
1566
1759
1397
1419
3766
1390
407
1932
1463
2003
478
1033
423
1355
1628
60
2000
224
38
2051
201
1393
920
782
30
868
814
68
1187
2507
892
275
359
1063
647
371
2693
733
1061
2097
446
8
857
95
2616
1889
1323
1620
72
1265
1362
2558
307
1431
724
940
2708
2346
1998
1474
597
3530
131
2182
162
1166
1062
2922
1254
2795
3795
3641
300
716
2651
1964
551
1134
922
982
428
199
1005
1873
794
202
955
2346
587
2308
279
2912
2007
2780
3020
1160
130
1209
1107
714
455
1946
3467
3280
1887
1112
147
369
1119
9
452
1178
3084
88
623
321
2548
3411
4565
380
37
404
371
580
2227
57
74
1074
3957
3912
666
1334
348
741
1829
1885
1015
1932
319
1823
1725
2155
292
618
663
625
2721
602
2588
1908
3433
