16900
7569
146689
28056
9120
400
152490
54056
37442
89401
8100
4225
61256
36
161604
13110
12882
1849
22350
30276
24492
55696
7140
92720
46225
106602
22052
88209
2162
3249
61752
21170
7396
552
4356
83521
51529
3080
7056
900
59536
10712
47306
1156
182
3600
1024
9702
35721
2352
81
22650
42025
130682
90
103684
7921
1225
7482
34410
24492
19044
44944
17956
37442
24336
3660
9216
9702
4900
25281
104976
18496
10506
49952
76729
61752
14520
34225
95172
51302
992
110
529
1600
91204
42436
52900
121452
3192
20
13340
62500
1406
57600
8281
61009
8372
2500
17030
48841
2550
5625
52670
5256
15376
25600
110889
5184
729
4290
13689
25760
58564
3782
15376
32041
16256
1122
342
992
24336
14280
15500
19321
10404
4900
33856
5550
10506
1560
58564
35532
25440
58081
30102
100806
37636
21316
120062
6642
19740
94864
14161
94249
190096
13689
9801
65792
131769
9900
58806
1296
6561
28730
2025
113232
57360
46010
17030
3540
3721
27390
380
9604
52670
138384
19460
12769
1681
21904
38612
64516
22201
48620
81796
144
103684
4692
158802
25440
50625
145542
14762
6241
3600
6162
47524
5550
19321
45582
42642
2450
54289
14762
5776
87616
72092
12
6724
870
24492
31506
10404
52670
841
59780
84390
158006
167690
50176
20
90601
160801
24336
151710
56
484
7310
12432
24964
104006
9801
79242
26896
50176
1332
65280
1482
20306
37830
32041
6642
38220
67600
92112
12210
131769
8930
97032
16129
1296
529
26406
148996
7056
210
72361
6241
57121
4290
13572
29412
129240
3906
101124
1600
12100
27722
14762
137270
40401
2704
441
1190
41209
91204
42436
1482
12321
13340
87320
29070
31684
25440
15500
23870
63756
8930
136161
756
8464
23409
20164
18360
576
5852
47961
36
4225
13806
34410
49284
91506
29241
1560
155630
552
181476
16512
92416
51756
198916
104329
50850
132496
32580
92720
156
127092
71824
1156
756
2116
13689
171810
26244
97344
23409
7832
183184
6400
27556
184900
75900
552
23104
59049
12544
110556
650
8010
53130
103362
15376
96100
47524
2
110
18090
3249
28730
12996
77562
11990
28056
92112
110556
25921
65536
151710
306
88804
140250
62001
4830
61009
16002
29584
756
4225
61504
14042
9120
9120
227529
187489
38220
79242
100
34969
9
18496
6162
87616
33489
21025
185761
100172
41820
930
342
324
158404
7569
87616
156
1640
23104
7832
109561
289
1560
68382
19460
2
15876
930
27390
44100
4
24964
20306
199809
112560
86436
94249
93330
56
53361
196
156
201152
77562
17822
93025
3969
784
59780
5112
182
57121
16
110224
8281
240
16641
95481
4489
4032
42
27390
28224
34782
28392
95790
91809
26082
4556
1156
57360
10302
32761
2304
18090
142129
34225
576
68906
2500
6400
7656
63756
21462
4900
41412
625
41006
66822
66564
1156
36
32580
24964
40602
210
4556
27060
6
56
113906
69169
26896
870
151321
2304
5929
4290
225
34040
1444
17556
59292
101761
19881
29584
17030
17161
5929
42230
34040
80372
13572
82369
8836
43890
66564
69432
13924
73441
5625
31329
30102
29241
167690
14641
16384
145161
60025
8372
106929
127449
127806
152881
110
203401
20022
52900
1156
47306
33306
28900
6724
102720
93636
33856
156
86730
71556
119370
47524
2500
56406
73712
25921
67860
46010
109230
1190
40804
16512
59780
15750
7140
2256
29241
50400
28224
2
27889
42
19740
23870
117306
28900
7396
8649
5852
13689
12544
10609
65025
25600
43890
40200
31684
82656
9120
11664
42436
150544
3540
14884
89401
135056
9506
9025
89102
6724
158404
2256
506
441
99225
1892
51756
552
29241
162409
104652
25281
64770
55696
38416
900
3969
5700
3721
15625
69696
3481
54522
169332
125316
140250
8372
3025
4160
47089
2
78400
42436
324
121801
4225
10404
120756
7744
6084
2070
756
169
841
181050
4
1681
18225
196
3080
650
552
44944
169744
961
100806
78120
83521
16256
37056
137270
74256
96721
24964
18906
51756
28224
63504
29241
30
110556
75625
53824
142129
42
3600
3906
1444
177241
13110
29070
49062
13456
45796
1156
59049
4761
812
361
114921
4624
5625
2704
14641
24964
8836
29756
42
46225
12656
156816
12432
9900
36672
11881
13689
34969
168510
11772
86730
40804
1764
41616
812
23256
7482
90
1849
14042
90
54522
11236
1521
16
45582
9409
97344
79242
420
3080
147456
118680
4356
1190
80656
8100
73441
16900
38809
14400
4900
105950
4356
119716
784
31862
1190
63504
178929
2704
31329
63001
529
4692
105950
61752
9409
10816
98910
43056
94556
289
8010
21904
2070
462
18225
44732
95172
100806
14400
67860
32400
142129
4160
5852
812
2704
93942
42436
87320
11025
103041
5852
7569
2450
650
7569
1122
71556
149382
1024
55932
58806
77841
20
114582
2862
9
136530
147840
3136
2025
13225
27889
167690
29412
6642
10000
109561
51076
89102
72900
12432
2070
625
289
103041
82944
8281
576
24806
2070
43264
8100
4290
88209
18090
2756
8464
122850
18496
22650
5184
106602
49952
29929
84681
33856
23562
41412
7310
6889
1849
16384
161202
3364
5112
21462
1089
1089
17161
225
107912
7396
41209
40200
20306
29241
22801
97032
56406
420
34040
44521
35910
18769
81225
18632
5700
131044
5700
6480
99856
108241
45156
6806
10712
9506
70756
1482
20306
101124
2352
10100
28561
10404
30102
114244
9312
56
17822
66822
121452
50176
6241
20880
1
177662
6889
127449
57360
118680
1089
5852
114582
1296
29070
182
169
42025
112560
2550
34596
44310
30
21756
36864
35721
1
3721
93025
204304
12210
1640
133590
3192
123904
930
6241
4032
123904
107584
87320
9
1806
18632
23716
22350
66564
57840
50400
72
57121
42025
10100
11881
53361
7396
67600
19321
20306
625
24649
25440
54990
208849
38809
19321
11556
64262
13924
9506
87616
2862
5256
19600
5776
121
15500
25760
2550
17161
5329
119370
3481
80656
60516
5112
104652
152881
3600
140250
1122
51529
256
2500
841
35344
9
106276
6084
29241
21170
14161
60025
53361
42230
49506
119370
95790
10712
5476
41006
1892
3721
8930
7744
156
870
3025
48180
6320
38025
12882
22801
4556
3306
27889
53824
15252
172640
75350
32580
68644
38220
141752
9312
15625
13572
25
2162
34040
11342
676
676
6642
18090
10920
143641
1190
7921
84390
20306
1560
5402
676
227529
5776
3782
1764
62750
5402
110
130682
46872
56169
29929
812
961
5402
47089
2025
36672
121
13572
66306
111556
7310
32761
70225
11449
729
6806
66049
66564
15129
5041
12544
149382
47961
63756
1225
21025
9216
73984
12769
39204
49506
68382
28392
18090
94864
80089
17161
7656
4356
112560
8464
59536
18225
342
400
9801
41006
2025
108570
164025
2304
25921
2862
784
7832
17161
112560
87025
17030
56
1764
11990
5184
10920
3660
57360
17822
27225
109230
120409
78120
73984
18225
221370
19321
7482
75900
784
9409
1225
7656
28224
45796
58806
90300
90601
184041
676
81225
25
600
38025
49506
30
21462
93636
210
9
20880
172640
109561
7656
141376
1
159600
5852
6084
191406
36
4290
1332
16129
46872
156
17956
961
14520
10100
272
65792
9216
25281
39800
812
16900
14280
96721
81225
41820
14762
110
19740
130682
214369
49284
42025
9506
23716
1444
27556
12656
109892
14400
11881
73712
105950
32041
17822
24336
172640
32041
506
196
180625
1089
14400
12656
47524
66822
116281
14520
207480
44732
68906
96100
8464
12996
8649
78400
50176
9025
14520
17292
23409
43056
31684
17424
36290
17161
150544
6642
9120
81796
37056
306
17161
45156
3721
11772
79806
650
52670
2209
7569
4096
96410
2916
256
17956
70490
36481
5256
4970
5550
18360
116622
576
43472
5625
3721
5700
14400
38416
17424
14400
228962
961
209764
160000
13225
6320
232806
31684
6162
462
12210
12544
33306
37056
57600
24336
10000
12432
141000
11664
2500
29929
5402
841
9025
83521
24964
42
55932
114244
11772
3906
20
10816
34410
18225
66822
4830
38416
21462
289
13924
44521
2116
25281
152490
52670
35156
1369
10100
84100
2304
91506
1369
1936
55225
13572
6561
49
75900
29929
11342
183612
1156
31152
119370
1296
21316
1260
111890
8372
39601
35344
36100
107912
116964
97344
7056
72
64009
77841
47089
32220
6400
2916
9409
225
14280
48620
33124
1406
16900
56644
27889
55696
6084
196
82369
44944
35344
47089
64009
90
11342
86730
56169
34969
2162
6480
107584
16512
12769
3136
676
14520
17030
74802
4692
342
5041
30450
44100
156
45582
18225
9801
86142
9120
6
13689
42436
1764
54522
55932
105950
729
529
650
72
65280
53592
12100
29412
1560
104652
86436
37830
19182
2162
324
86436
11556
8464
56406
3364
18090
156
484
2704
109892
2
79242
47306
87912
53824
48620
20164
29412
361
116281
10609
24025
16129
205209
225625
6320
24964
196249
36
53592
27889
106929
3660
992
3600
82369
24180
24806
5776
31329
54990
17956
5476
29070
86142
41412
10404
64
48180
83810
9801
1681
20306
7921
95481
31506
97969
3906
4
81
48620
6320
62001
812
1560
17030
5041
6806
992
19460
6806
13225
1260
841
154449
27060
20880
35156
2
67600
109892
30625
1681
117306
4160
7310
18632
61752
85849
4692
18360
74529
100489
144
80089
47961
73712
13225
104329
13806
2401
49284
10404
148996
8100
17424
7056
24806
70756
3306
82656
26896
3364
87320
13225
1089
272
156
52212
33124
38220
79524
125316
83232
5852
107256
420
79806
3540
6724
162409
2
1089
29412
132496
63504
186624
121
37056
1936
140250
992
2601
72630
72630
3136
16512
4761
14042
6320
47306
36864
20736
4489
210681
154842
36481
52670
7656
182
22052
1024
9702
91506
73170
12210
5329
38809
272
2862
11556
992
54056
40602
57121
104006
107256
59536
27722
8930
14641
5550
49
64009
9801
9900
86142
992
11990
23562
2401
69432
11342
1980
6320
44100
60025
4556
41006
7396
2652
42642
420
186624
33672
19600
91506
2401
93636
68121
1764
6241
6162
35910
39204
8010
7832
116622
42436
190096
2162
16256
7225
13806
4900
49729
19881
6084
600
22052
81796
5852
25600
5256
26406
50850
26732
11449
94249
625
7140
9025
15500
143262
2116
756
7744
992
2916
50176
30800
23562
32400
5329
122150
109230
19044
225
53130
69169
6084
152100
170982
3906
160400
576
6
63756
103362
51529
41820
10506
96410
4970
20592
1156
1600
7744
78680
29070
121801
19182
50850
107912
86730
146689
46872
6084
69169
26569
156
841
26082
144
69960
9
21756
162409
484
138384
132132
40804
114921
169
78120
29929
33856
144400
17956
127806
900
105300
75625
15252
20022
529
67600
217622
1089
23716
153664
289
4
625
10920
42230
8930
31684
9801
110556
149769
36290
23716
4970
10816
42436
41820
14161
144020
26732
1521
92720
5550
27225
23104
62250
20306
12996
30276
8556
101761
10404
119025
5625
75350
35721
38220
79524
59049
12432
13572
30
9120
16
120062
27390
15500
7569
173472
34969
10100
29241
57121
1892
56644
46010
21609
81
361
85849
6561
72630
188790
324
23716
1482
6806
28224
2
20022
1600
65280
52441
27556
6561
23716
65025
132860
676
129960
20880
72361
3080
13572
46656
23870
2025
45796
22350
256
7225
8556
2756
25440
93330
59292
55225
30976
83232
100172
7396
99540
5256
57600
5550
16384
48180
121801
7225
5256
125670
25
21756
28900
7396
22052
729
1190
39402
117649
9025
9900
56
101442
187056
342
175142
1849
25440
5776
99856
60270
3192
10920
167281
7225
144020
9
5402
2970
4356
170569
552
2756
29070
2162
7225
56
165649
111222
20449
784
4624
149382
56
272
19881
11449
2601
18769
7225
11664
96410
552
39204
1640
3306
17161
22500
10302
19321
5256
90
12
54289
75900
23870
22201
11342
34782
158006
19600
68121
3136
5112
1024
17292
16900
47524
51302
27390
29929
1936
2704
3782
992
19321
650
2070
30625
256
156
1681
52900
198025
65792
14884
1521
10609
1089
15129
1681
198916
60762
1225
15500
5184
135792
2550
16900
131406
31862
36672
1
23409
42025
1190
78120
21609
77284
9900
185761
420
171396
6006
29584
4692
18090
289
11881
54990
16
10816
7656
128164
3844
33672
71289
4489
51756
4356
420
3969
9900
44521
420
25600
15129
60270
50850
51756
131769
137641
49284
6006
26406
28561
103684
105625
76729
10920
124609
116964
2550
30800
117649
13110
98596
92720
205662
484
3249
9604
6162
23562
1640
27722
3306
215760
3192
78120
148610
152490
21462
462
1806
13924
36100
63252
4489
35532
2025
17689
40602
84681
12321
8281
5700
23104
12544
4
121
63001
19321
43056
55225
84100
7921
61009
34225
4032
2256
114582
240
85849
22201
19600
5929
127806
77006
2500
6480
35721
8010
1444
3136
30450
6400
8010
15500
77841
103362
71824
96721
992
161202
119370
6889
35721
812
3025
150156
16900
132860
14641
116281
10201
63504
4096
77841
57360
30276
3364
15129
8372
3906
45582
324
5929
1936
16129
812
4556
24806
2352
60270
113569
212521
23409
16641
6561
19182
19881
79524
168921
15006
21170
4422
178929
198470
3906
5929
16641
48180
46872
6084
5776
53130
132
1156
64009
1482
20164
71022
7482
1640
2025
16641
7656
35344
49506
5184
48841
82082
484
139876
625
115260
132496
23409
6400
134689
121452
961
3025
126380
81
5776
24492
6006
119370
3025
44310
3782
1089
161604
121
72
105625
133956
176820
116281
33124
3080
9409
32400
7056
69960
53130
221841
23562
80089
756
576
4761
2500
9312
142506
32041
5700
900
47524
4624
5402
210
3844
6241
28561
25760
1892
30276
15625
21609
23562
7396
219961
33856
50850
26896
45156
24025
124609
74529
104652
1600
13456
1722
21316
59292
8100
178084
49952
62500
127806
19044
4160
33672
7744
702
41209
11025
12210
4422
56
220900
20449
20592
9
6400
20592
185761
87025
1056
35532
324
441
76176
19881
14400
4160
14400
7225
12
6561
2862
576
38809
25281
15500
31684
25122
4096
78961
81
27060
15500
600
71824
142506
3782
1369
12544
6084
132
14042
19182
76176
25
4830
54056
2652
3600
5476
117306
256
203852
156
91204
29756
33124
3540
185761
34040
148225
4692
122150
16770
120062
68644
100806
162812
154449
138756
225
132
113232
169
21904
1056
68382
210
12100
113906
380
21904
34410
29929
112225
4830
174724
24025
30450
26082
98910
110556
25440
105625
4830
189225
70225
44732
2116
58564
29241
3364
77006
23409
4422
23409
650
1764
40804
2256
2652
38220
73712
29241
11881
19182
6806
1122
25281
210
50625
44732
1764
32041
135056
240
16384
1156
127449
15625
52670
60516
4761
2500
27889
24649
30976
66564
46440
11881
26896
9506
16
117306
40804
25122
3249
6972
99225
178506
108900
5700
69960
33672
4422
16384
6320
40804
83521
53592
12210
56644
49
4290
43264
1056
1482
93025
3660
256
72
36100
42230
26732
6006
30800
37442
62001
5402
18225
144020
30450
20
1722
7140
117992
2070
115600
8190
56
3080
930
4624
30102
4900
16900
167690
85849
121
16129
91809
156
28561
65792
961
7921
4761
12996
11342
1156
42230
16002
10000
625
5256
28056
1764
870
17292
148225
34040
16002
215760
420
64009
484
6561
8930
90601
72361
6889
6006
6006
27889
141376
24180
36481
272
17161
812
26896
29241
80940
9312
29756
51302
37830
46440
42849
47306
110224
71289
3249
6972
183612
12100
2116
25
84681
3721
1849
18360
33672
106929
10100
21609
147840
15876
44100
2116
32580
69960
9702
22350
21756
650
6724
63504
144
58081
34782
400
4970
25600
21609
7140
552
2916
3481
10404
43264
11130
81225
3080
8464
43056
23409
121801
1980
27556
122850
36481
53361
28224
46440
25122
49284
45369
40401
135424
73984
42
756
95790
43890
9604
4032
32220
1156
7140
3136
3306
133956
105300
7744
3249
420
198025
173889
6084
5112
31329
16002
5329
992
529
8372
462
142129
3481
1764
35156
157212
2970
102400
195806
1296
48400
8100
102400
25600
9216
25440
19182
11990
29584
39402
2401
190532
256
176400
29584
51076
78400
19881
324
4096
4489
34040
57360
154449
78400
2970
71824
71289
37442
1056
2809
4900
11130
64
12321
81
3481
43890
31329
2352
18769
11236
1764
3660
2070
112560
72361
42230
25760
82944
49
23104
7832
22201
4
156
11449
29070
23562
1936
58322
86730
2704
9506
2652
14400
18225
57600
19044
22801
23409
25600
20022
30625
67081
24336
8010
756
16002
37830
46656
203401
78961
552
6724
28392
11025
116622
100489
28392
196
7225
12769
14400
1722
162812
74802
9120
9409
120756
30276
48180
35532
58322
506
1980
6006
86730
144
6889
20
306
2652
72900
1122
12882
40200
59049
83810
506
8372
10609
400
462
129960
40200
4356
65792
19321
6806
36100
63504
812
9506
16
1056
9506
65025
42025
1560
81225
5776
46872
462
34596
15750
174724
11130
45369
98596
289
1260
12656
38612
72630
13456
101761
6806
600
3192
80940
86142
73984
132
196
56
27060
170569
36
69960
72361
109561
1806
83521
222784
50625
18769
1332
16512
17556
16384
19321
342
81
29584
179776
65280
121452
49
18906
31862
56882
14042
50625
49
149769
107912
7310
6480
212521
29241
36
380
47961
108570
1122
78400
2
63756
63504
6561
18769
26569
13225
132132
26244
5402
2352
506
86730
63756
28056
142506
18769
193600
17822
93025
162812
90
12321
27390
161604
49729
1980
35910
22650
27722
58322
22052
4
10000
3844
160400
196
210
126380
42849
6806
9702
79242
1296
39006
61752
8742
33124
121
49952
16129
1521
380
1849
90
106929
122500
46440
107256
18496
22052
1225
240
25
18769
53130
90
9409
42230
9702
47961
3192
108570
18769
2352
122150
13340
109230
68906
41209
147072
18769
41412
6972
22052
15876
46010
49729
3481
77562
62001
24964
46656
25
27060
121
38220
53361
72
28224
26732
71022
19182
9409
1892
96410
210
56169
17556
90
35532
110
44732
1640
84972
176400
177241
32400
12100
34225
4900
78961
9216
26732
22052
702
32761
5700
600
5776
29929
70490
34782
95481
95481
5929
7310
51984
4356
56882
61009
29929
89401
49729
11990
14161
41616
529
870
216225
1849
16
16900
48180
961
8372
156816
124256
49
756
42
15376
37249
167690
185330
79242
46656
55225
82944
1764
63001
576
16900
23562
72
128164
30450
18769
63756
420
24025
23409
6806
2970
89102
136161
13689
3844
3080
13806
11130
2162
50176
9702
153664
121452
191406
6642
3364
4422
4692
72630
39204
41616
28561
66564
6972
2809
961
11025
52212
5550
11130
35532
1225
812
45156
31862
24649
47089
99225
198025
122850
1122
22500
20880
52670
2256
2401
6084
106276
49062
58081
41006
4761
50176
121
36290
49062
157212
33489
7656
214832
27556
85556
841
82082
122850
14161
5476
2
3660
182329
108900
44521
111890
24806
56169
13110
103041
124609
16002
56169
88804
15876
185330
15500
40602
650
22952
149382
5329
9216
15500
55460
3306
203401
98596
142506
36290
9
1332
54522
229441
82656
24806
80656
59049
62001
33489
119025
134322
3422
156
15129
8010
15376
30976
142506
1024
74529
6162
51076
6084
81225
90
12996
20022
76729
210
361
20449
4225
1056
25600
4761
650
29241
33306
32041
100
59780
86142
3782
40602
12100
11664
129960
10609
227052
3364
92112
5550
70225
50176
7482
64009
1225
2070
50176
56169
42849
62500
150544
82944
13340
4
39204
111890
38612
149382
141752
52900
3969
13340
12769
25440
90300
90
195364
106276
112560
42642
61752
26082
23716
10920
812
3249
441
1332
625
48620
1156
272
45369
992
42
6084
14042
17689
930
4556
5112
40000
9
50176
12656
6889
10100
121
148996
88804
40401
1482
42849
80372
28392
169
14280
108900
67600
188356
13340
2352
15376
18496
9801
124962
1681
1980
15252
117992
17556
2756
28224
47524
12
19321
5041
17822
1156
71022
30976
88506
114582
1225
10302
59780
28900
42849
220900
10816
84681
22052
27722
11449
3422
1296
3025
17030
3481
7396
21316
169
289
650
14641
14520
43056
43056
756
8556
56406
24336
812
56
129600
42025
59049
324
81225
61009
64
30276
25760
65280
324
82656
1369
2256
86730
6006
18906
26569
625
19881
54289
97344
164430
84681
1024
40602
44732
66822
93942
6400
25281
126025
3782
19881
77006
53824
75350
38025
20164
62500
16384
9409
870
25
15625
120409
9409
78400
10609
66049
576
55932
119370
33124
8836
8930
23716
12882
210
2304
784
3540
5625
150544
650
194040
3192
870
2704
36
441
24180
62001
6241
2401
9506
23409
56
73170
4692
123201
6889
2916
170156
49
1980
107584
3192
143262
101442
177662
20
5402
1849
1369
8372
22952
33672
151321
4422
122850
6084
12
11236
75625
18496
24964
1056
210
9312
123201
50625
600
75900
73170
123552
55460
5112
82369
702
1640
128881
7656
46872
111556
225150
26896
18360
43890
3782
31506
24025
101761
1225
94864
93330
206570
54522
2116
2256
181050
97969
12432
48841
36290
7482
91809
165242
42025
28900
18090
11990
57600
900
135056
25
73984
210
25600
1024
324
85264
2401
8100
120062
4830
55460
8190
48400
84100
38220
8190
1056
123552
30800
16
113569
8836
156
19881
8464
25281
2652
31329
135424
506
8464
136161
29584
17292
3249
41412
173472
28392
3422
147840
1980
19182
17161
132
14641
56882
77841
51756
28561
9506
22650
3306
2916
9
128881
37056
4624
3721
159600
68382
54522
4692
7310
208392
24336
17822
12432
44944
96721
3969
31506
7656
99540
23104
38416
40804
50625
11556
4489
4225
47089
36672
324
44310
2550
6
48841
30625
75625
2304
11881
122500
420
229441
19460
900
600
15750
57360
31329
103041
15876
168921
74529
5256
3364
19740
240
17556
1296
1764
16512
4356
144
8190
812
36
30625
155630
2025
121104
96410
30276
5776
32041
72361
30625
14641
75350
57121
3844
191844
193600
39402
36290
6241
12432
63252
3481
26732
75625
66822
168100
132132
23104
51984
462
38809
14520
110556
12882
196
24964
23716
9312
185761
3422
1156
17292
119370
68382
75076
59049
13572
17556
30450
16770
37636
51076
173472
9
36100
35532
1849
4356
131769
1296
3906
198916
5329
105300
8649
67600
5550
149382
66822
28900
112225
23870
21756
184470
576
182
10920
219024
7832
5852
256
57840
3136
65025
22052
51529
2862
729
3906
2500
21609
13806
21316
870
3306
11772
171810
114244
98596
53824
24806
420
45582
52900
39601
2601
36864
2704
60025
55225
120062
48620
77006
210222
81796
87320
91506
2450
1806
28392
41006
7656
49284
10816
14280
44732
6162
25760
2916
2
35156
14762
167690
64
45582
2162
46656
729
4489
66306
9
1936
1560
1560
30800
9120
66822
21609
49952
40804
39800
9025
600
14042
7569
75625
12210
104652
18225
23409
4225
9312
25
132132
47961
11342
148225
1369
197136
2
31506
11664
81
25440
142129
7482
199809
29412
5700
27060
5184
4
194481
3906
361
131044
26406
10201
4422
78680
71022
2352
12996
12
103684
206570
71556
67340
24964
2025
18632
2209
83521
2304
8649
143641
69169
4225
91809
15500
157609
3136
1521
174306
196
2209
37249
74802
9702
104652
141000
31862
21609
15876
46225
163620
58564
97032
16384
97656
53130
13689
77006
196692
205209
29929
12
90902
1190
158802
113569
105950
24336
214832
215760
12769
16641
69960
1892
110556
28392
112225
127806
102080
37636
342
2401
3721
2756
4970
194922
80372
73712
1406
9409
98910
81510
189225
11990
70490
103041
3481
77841
7832
15129
34782
3782
220430
289
3969
9702
23716
99540
13456
41209
16900
1980
132
44521
23870
48620
172640
8836
26732
132
25122
76176
6320
82082
6162
67600
84972
46010
16384
462
22052
2704
56406
30102
13225
16
1980
2304
10816
33306
30800
9506
8100
62250
68382
324
156
39204
1560
576
31329
16900
1980
117306
169
26732
3080
1056
55225
3306
156
4096
870
7744
2704
119025
42642
110
88804
54990
122500
756
96100
81796
82082
3906
13806
18496
147840
15376
20
1640
23104
1600
25600
7656
71289
6480
67340
23409
2550
113569
1190
81796
462
8464
14520
37249
128164
13225
22650
20736
1122
37830
52670
1482
75900
63504
7310
31152
2652
45582
24649
3422
3721
39006
1482
35910
100
53592
71289
9801
361
62750
12210
43681
992
28224
167281
41412
3969
85556
42849
10920
78400
36
3306
506
152881
31684
23409
112896
145542
84681
155236
26082
34969
11236
5402
12321
27225
146306
130682
41209
31684
1089
130682
28224
95790
79242
2450
26406
96721
135792
3192
2970
121
49
69432
24806
5112
191844
44310
15876
9025
1122
35532
35910
625
4290
10404
36672
25122
3306
552
100
9409
1332
40602
35532
29584
3782
6400
97344
8556
35344
10201
1640
221841
24025
9216
8010
54056
4624
100489
5776
109561
22201
2601
128522
43890
8281
1936
109892
49729
120756
22350
4290
27225
62500
34040
18360
15625
154449
35156
17822
104652
1806
36290
5329
2704
31152
1156
420
138756
24492
9025
7832
16641
11236
124609
17030
62750
1764
43681
8281
137641
26406
110
5041
2450
57600
171810
181476
96100
19460
34596
32400
26732
1806
702
17822
40200
7310
34225
52670
13924
18906
9
6241
3782
506
54056
121
1600
38612
27722
38809
164025
53824
42436
22650
13110
3080
221841
40200
40200
114244
26732
16
12996
12321
5550
6480
1332
18225
76729
66564
38612
30
44100
173889
40602
7569
5929
105950
82944
31684
22350
70490
7744
103362
124256
65792
53361
13806
9801
30450
3540
12
34969
20592
70225
812
65280
4761
17161
43264
29584
38809
51302
5700
2025
100
19460
7482
16
19321
14762
13225
104652
98596
183612
75900
22952
21316
79806
56
107912
40602
25760
7056
72361
2756
16
47089
35156
79524
80089
44944
92112
34782
28056
132
90
1936
2
95172
5550
6724
870
162812
15750
27722
5329
380
2652
116964
236682
52900
187056
17424
54056
992
90902
3481
600
2256
34596
23104
8010
23716
19321
21316
96721
28900
20164
56
57121
5329
225
1332
65792
4160
15876
1892
3540
7140
11881
98910
97969
45369
78680
18360
109892
3969
6
77006
32400
110556
60270
441
54990
114244
29412
19740
1764
3481
3721
178084
68121
57360
6320
6
47306
4900
15876
27889
18906
1806
91809
33489
90300
20
8836
144
7569
203401
124256
56882
2352
26896
6320
16512
49
420
9216
10506
82656
12100
118680
179776
152100
4225
126025
56882
32400
6241
66822
34969
89102
17161
36
8281
42
30625
19600
2862
75900
163620
153664
21904
13806
28730
30976
38220
19881
111890
32041
32220
8836
39402
59780
5329
88506
49506
20022
28392
67081
123201
31862
650
70490
4356
10201
84681
78680
8281
756
256
122850
4489
152490
124609
147072
19740
24025
10506
167281
841
198025
1024
21904
10302
38809
15129
36672
272
31862
109561
31506
16384
5852
156816
10712
30976
64516
13225
19740
103041
28056
73712
126025
210
9216
2450
89401
17956
9025
5625
35721
6241
154842
107584
7225
702
93636
11990
196692
115600
7656
5929
3422
2809
42642
5112
51756
28224
37056
6162
114921
37442
9702
18632
10404
11664
4624
138012
7921
63504
28392
210
702
3080
25122
3969
5550
118336
9506
4556
11236
93636
8372
62250
2
14641
99225
2862
462
1892
6084
27390
729
16256
2704
14161
190096
8742
3481
56
31329
12432
7921
2916
148225
1482
40200
49506
625
141376
1260
812
110556
62001
18769
15376
20306
17822
43681
31329
32041
91506
4225
47089
25440
3844
36290
784
84100
7140
38416
30976
150156
164025
1406
420
13110
19881
9409
10816
29412
97032
60270
2500
81
756
30
756
175142
5329
231842
702
170982
12769
88506
2070
14042
36
2862
188790
106929
138012
1892
164025
5776
7569
54522
101761
27722
17161
210
10404
59536
31329
91809
17424
38612
106276
62500
39601
44732
2352
26896
9025
18769
19182
56169
106602
30102
26406
78961
2256
11990
79242
104006
119716
17689
16
9801
650
33306
20022
36290
1482
124962
30
64
44944
188356
141000
57360
43264
18225
31862
78961
39800
11025
60516
65025
115260
29241
5256
46010
5184
132860
180625
19600
7140
117649
21904
172225
5852
2862
23562
37830
84390
19600
930
3660
150544
237656
45796
8742
66822
992
113232
26569
6642
3969
39204
16129
15129
42849
12544
12321
10920
9506
72
75076
83810
223729
60025
15376
841
10920
78120
930
1980
78961
26406
84100
44732
7569
66564
20164
110889
102720
8556
7656
23104
119370
61504
27060
36
49952
3364
2809
14042
2304
71556
11881
17556
784
8100
72
67081
144
90
3249
56169
25921
50850
38416
36
17822
161604
82656
36481
2209
21609
19881
23256
15500
14641
106929
104329
7832
18496
6889
95172
462
2116
289
184041
69696
4900
192282
49
8649
40200
29756
12882
49062
205662
1849
272
19600
16641
13806
90
24336
36
34410
169332
16256
118336
29584
10609
1980
91506
240
22201
441
62001
1681
125670
1332
2550
19600
91809
169
67081
26896
6162
6480
1190
104329
961
18360
32942
99856
44732
90601
10000
190969
13924
26569
6972
67860
2916
4225
4160
18360
3540
1369
18090
9409
133590
182
21316
56169
784
22801
12100
3025
61009
33306
7656
4692
168100
2550
22650
42436
25122
21609
14161
56
90
272
164025
2070
132860
98596
2025
20449
34782
27060
90902
400
5929
29584
15876
133590
112560
113569
56
67860
8930
729
1722
4900
43890
5476
930
32761
100489
4225
37636
10609
625
12321
10712
15376
51076
45796
1122
86730
8190
21756
6006
74802
32942
30800
77562
59049
992
306
87320
8556
44310
13806
2500
380
2256
58081
86436
5700
75076
272
26732
961
2550
1806
97969
1936
37249
870
10920
25281
6724
14641
4290
272
4624
106276
44100
83232
7744
48180
18090
8010
62250
870
27556
42
53592
43056
20
26896
6
34969
15625
37830
12882
147840
8372
156
115600
210
17556
5184
342
992
94864
182756
529
289
10506
91809
8742
1024
103684
97032
40000
104006
33124
41616
105300
126025
127449
84390
784
131769
16641
24336
38809
96100
11025
43890
110
1
64262
1
141376
7832
506
19321
23104
18090
81510
22650
124609
127092
41006
117992
55696
812
44521
46872
107256
52441
55460
19044
23409
3721
7744
61256
12321
324
29756
24649
42230
16384
10302
32220
11449
69432
19740
55696
324
11025
10816
26082
63001
32041
11990
20306
39006
210
3660
28056
93636
23716
11130
1332
9312
256
27390
2
289
9
31862
25
25122
2304
2401
4692
50625
33856
576
17424
39006
50625
148225
42849
72092
1444
10506
11881
193160
215296
32761
15750
80656
702
17822
5402
3600
4422
22500
38809
120409
107256
14042
49284
36
44521
2450
165242
36481
1936
182
57121
90
3249
4160
9409
89700
90000
380
529
115600
43890
71289
118680
58806
14762
529
12996
2070
240
930
53824
64
122850
50625
1296
9409
14400
13456
25600
3600
5625
30450
24336
2256
22052
7921
20592
47742
8836
89102
105625
138756
114582
53130
158006
10404
29756
9409
18225
26244
21609
54522
109892
82656
8649
11881
43472
12996
226100
784
173889
3364
78680
6806
15006
107584
28224
18090
7396
5402
144
11664
7056
9312
80940
131406
49729
3844
5776
14762
12882
34225
97656
13689
6480
7482
16641
11449
21756
420
3364
28056
5184
52670
89700
17161
102720
92720
44310
43056
6
2025
37442
9
8100
1681
121
101124
70490
57840
108900
2862
27060
210681
13456
29241
48400
106276
702
64770
32220
13225
109561
73441
8010
68382
1681
5256
225
113232
36290
63756
18090
4556
10201
57840
32041
53361
29070
67600
198470
6
2401
40000
52900
36864
145542
10920
104006
210
124609
23870
123904
27060
1406
157609
62250
36672
104006
600
78120
163620
33124
14280
64
4970
184041
552
21904
91809
190532
1369
90
51302
95481
17161
169
104652
2256
113906
8372
85556
14280
15376
27556
46010
28900
136530
12
212521
49506
54756
1892
1980
55460
400
30800
104652
84390
3844
10000
158006
145161
6162
2352
6006
1260
380
79806
73170
6724
23716
3721
45796
1296
784
150156
73712
4032
1722
23716
14161
209764
39601
3906
5625
182
76176
48400
7921
10816
12882
4624
4
289
194922
25440
44310
129240
35532
156
9409
49506
9506
18632
20592
64262
1722
187056
30276
64262
61256
76729
35344
86142
10404
111556
6084
165649
12321
576
6006
139129
80656
109230
529
168921
101761
506
27722
192721
13924
930
74802
1190
30625
19740
1
75350
43056
65536
930
61504
99540
18496
111222
7396
6806
240
73441
441
7832
246512
784
128881
143641
4624
67340
47306
2450
17030
147840
178929
23256
104329
6400
80656
49729
9409
22650
25760
992
192721
4096
5184
17161
144
7140
31684
123552
14042
119370
79242
96100
1332
2401
29241
14520
42642
56
86730
99856
90
600
19182
46010
34969
25440
132
729
12769
6162
23562
82656
12544
35156
162812
1089
17424
4032
1024
10100
211140
3782
11772
9312
25921
46656
12996
156
1521
86730
2209
20736
64516
111556
11556
16770
625
92416
361
16256
132132
49
132
41412
64
93636
124256
53361
14161
11449
214369
16641
5184
94556
127449
53130
105300
25122
4761
132496
4356
43264
12
18360
7140
25122
47961
116281
48180
144020
240
1806
7656
25921
12544
3249
39204
52212
1225
35156
3249
30
133956
2209
136530
12656
272
50625
85264
6400
88506
27722
30625
125670
9506
21170
272
41209
97032
26244
90
153664
117992
16129
10712
136900
650
3844
18225
84681
7225
25760
25
6320
18906
58322
441
28900
361
172640
64
225
101124
3192
90000
29241
14042
43264
198025
10404
1764
195806
105950
361
552
9506
2500
10302
73984
25
14161
14884
552
46010
2352
27390
60516
74256
146306
178929
49
42
87025
9604
98910
15252
6806
4489
68121
123904
56169
3969
136900
9312
5402
1444
14641
870
39402
16512
113232
81796
27722
92112
41616
53361
72092
7921
16512
90601
18225
552
11025
6642
74802
529
45582
87025
14042
1764
149382
8190
52212
87616
29412
7656
18906
3969
10816
31862
123201
14280
66564
144020
148996
19182
20449
116964
1089
3364
12210
11881
60270
1
121104
121801
110
58564
59292
20880
3660
126380
86730
12
1089
4225
19321
4225
101124
756
2401
110
11772
72900
3660
29070
1936
1406
40000
10201
103362
676
30976
90
54522
18632
1444
21609
2450
30102
169332
3080
24964
1024
17424
13572
5329
6162
42642
11130
2809
1406
36
85849
22350
98910
22052
20592
1482
55460
53592
2352
870
46010
44944
196
44310
342
7656
62001
6561
1444
4160
1296
229920
29241
24649
324
12
58564
51302
202050
8010
784
219024
12882
32220
2256
49
210
2450
1482
13924
73441
1560
4096
58806
17822
32041
29070
10302
16002
186624
193160
484
156025
170982
148996
132
400
112560
19460
3540
56169
20736
11449
870
96721
220430
11990
24492
14280
3660
1056
5329
14280
24492
28900
1406
66049
132
96410
108241
20880
1600
8010
870
240
56406
30
4422
59292
175561
10201
108241
27225
100
31684
72092
209306
20592
132132
21170
35721
38612
66306
6320
5329
3660
75076
12996
11449
165242
5625
72361
108900
3249
156
13806
51984
16512
11772
106276
12100
120062
81510
24336
16770
154842
2970
36864
2
21904
4356
27722
46872
676
34040
5256
8930
841
110
13225
45369
24964
58806
75076
22201
11449
43681
8372
5852
13456
576
6
117649
13110
3782
38416
78400
22201
41412
5184
23562
4160
2116
21025
11664
84390
506
64
119370
39800
11556
10302
7832
5550
105625
17292
156
36
5700
107584
56169
43472
8100
225
51756
42436
65025
13110
53592
73712
1444
69169
930
21609
10506
169
22500
35721
55932
380
21170
1406
17161
13689
324
56
11025
3600
18225
63504
100489
55696
93636
85556
43264
3481
44521
65536
16900
101124
78961
1521
86436
142884
51529
6006
45156
11025
61009
8100
2304
529
23409
26082
98596
15252
42849
400
19881
6
34969
25122
174724
43472
6
208849
29070
38220
36
99225
30450
306
3906
1225
30800
81
145542
112560
54056
18769
28900
35532
217156
104652
66306
85264
53361
77284
33306
12321
23870
48841
4160
9
576
9409
69960
36481
600
17292
34782
812
18225
202050
1980
113906
6
3782
2116
11342
1600
109561
55460
15006
139129
1764
484
20164
2550
65536
43264
94556
23870
123552
23409
178506
68644
1156
13110
71022
36290
2500
342
56644
2070
158404
5402
16129
84681
812
12321
2970
144020
10100
870
324
11556
4830
12996
124962
1296
11025
18496
729
44521
9312
43681
51529
107584
29412
31329
59536
56
11772
14520
9
26406
226100
29241
4160
83521
342
33124
6084
1406
2809
14400
1332
116281
48400
70225
2352
1936
67600
19460
57600
3025
29929
2450
5402
32580
98910
75900
7569
28392
870
20592
40000
5329
74256
6972
25440
51984
2450
6806
28900
47961
10201
26896
100
12100
5112
3660
203852
66049
4356
67340
23104
68644
109892
25921
8281
182
225
1225
29756
38220
80372
4692
20
3540
17956
17161
21756
78680
128881
361
256
10712
43056
1190
32942
101442
1640
17956
39204
9604
49729
34782
161202
210
39800
8556
1260
64
6889
1681
14641
4556
110889
2116
12769
16900
152881
361
147072
113906
29241
2
6642
2704
13225
54522
97344
33489
1225
73170
306
39402
47089
29412
2304
45156
3660
56882
1849
19321
13924
72900
1640
108570
8556
38416
25760
164025
13924
25
3969
272
70756
5550
42849
39006
190532
2862
9312
32220
46656
17956
96721
50176
50176
141000
79242
200256
124256
37636
49284
3364
21170
961
28730
8649
17424
54756
5041
702
22500
17161
86142
32761
992
1936
1260
600
2352
256
4761
27722
110889
72
756
41820
65792
23716
231842
118336
9702
31329
120409
30276
159600
58806
1681
175561
380
48620
5329
77006
24492
10201
162812
102720
16
72630
23256
120756
8742
3080
36
100
16900
109230
64262
342
14762
60516
159600
2550
185761
2256
6400
870
121801
4422
78961
20022
127092
13225
21904
225625
5852
35910
26244
76452
49284
15750
106929
2401
104329
133956
18632
42849
8100
78120
43890
69432
5402
1640
29756
23562
91809
103684
139876
114582
31329
23562
7140
361
212060
59049
73170
86142
6972
44944
27225
17161
20880
73170
4096
8464
15006
55225
900
2025
29584
30102
87320
132496
44521
1600
3249
81
529
52212
2352
36864
9409
2116
930
7656
46225
54990
85264
79806
84972
42025
24025
67340
6889
83232
21462
18906
120409
21025
73984
6320
361
112560
702
72900
4761
27556
1056
48180
7310
59292
25122
75076
4096
77284
120756
25921
37056
115260
12656
138384
30
1089
1260
19881
47961
11130
69960
3080
1521
6
16900
7056
16
1980
29929
110224
42025
1089
34410
2652
194481
38612
90601
169
36672
12210
144
1482
74529
38612
7225
13340
10201
1600
306
121
241572
40000
22952
35721
31684
9120
110224
23409
141752
75900
45156
27722
196
38809
17556
156
400
118336
10000
650
228484
59780
7056
5852
8190
62500
182
166056
14884
3136
135792
756
42
59292
94864
21756
160000
4225
138384
12544
81
20
3481
961
30450
46656
43056
7056
147840
14400
1806
289
25
114921
13456
115260
576
2025
12769
380
31329
17822
49506
9801
154056
38809
256
139129
143641
156420
16
1936
6806
54756
104652
87616
62001
10000
306
6642
46872
187056
72
33124
100
13572
13572
36100
5402
11449
67600
13924
1936
1521
36481
24025
181050
74256
31152
103684
7482
36672
48841
10100
112896
62750
324
72900
148996
14400
54756
182
6724
4489
2809
3249
729
5256
32580
24649
54990
66049
44310
22201
21756
182756
156420
7396
114582
55696
81225
34040
98910
2162
92112
210
79524
43681
4692
20736
136900
1190
18360
175142
676
67081
4
33306
48400
36100
67340
4032
9025
116964
17161
18632
40401
11449
83521
992
23716
96721
54756
25281
27722
506
85264
8649
53824
169332
6084
18360
48180
41006
27225
51076
600
130682
30
1482
100
66822
3364
29241
4624
119716
17956
484
144
39800
86142
30
9702
56644
46225
66822
16770
110
484
576
64262
70490
35910
70756
227529
15129
4900
60516
289
56882
71289
6480
40401
60270
154842
702
272
441
1444
45156
121104
15129
88804
62250
45796
3540
37442
2601
1296
145161
6642
5041
39800
57600
64
1764
1892
3844
2500
117649
1332
50400
41820
15750
16900
64
107256
3721
42
5184
87025
17161
20449
306
28056
58081
185761
67860
19881
156
136900
130682
52441
73984
342
44521
14520
13689
39204
77284
17556
27556
70490
17030
19600
8649
56169
8836
69696
14762
129240
28056
66306
208392
8372
31862
462
48180
9604
105950
94556
49
35344
11990
60270
529
9216
162409
170569
2025
4970
84100
11556
17556
4032
73712
1681
84100
94556
5256
93636
240
552
44100
30102
3721
78400
2970
19182
49729
1406
85264
10000
5184
32041
11990
900
25921
3660
9
80372
47089
7482
83521
93636
55932
10712
175561
3481
64
42642
108241
57121
1482
48620
98596
131406
58081
1190
14762
56882
529
3721
43056
205662
15252
63252
25921
79242
43472
182329
40401
14161
10816
5256
28056
73441
110
134322
43472
6561
7744
41820
106276
198025
2352
71824
50850
2550
1681
47089
2162
70225
89102
187489
13806
36
117306
47524
128164
3906
462
60516
58806
5929
5776
31862
1892
25921
48400
58081
2352
167281
756
34969
17292
67600
30
190532
17689
12996
11342
50850
227052
3481
25921
380
39601
56882
48620
53130
2756
28900
6
89102
219024
36864
61752
1444
56406
34782
3481
72900
1681
116964
51529
1122
1849
137270
64516
4900
20592
9120
55932
26732
4290
4032
78961
14400
32220
1156
62001
49284
5329
27889
324
91809
48180
198470
17424
95481
9409
47742
42230
729
40401
26244
69696
31862
55225
24025
63001
178929
2352
13110
32942
156
41412
1980
107584
12882
22201
31329
31329
168921
41820
95790
8836
156
225
135792
44944
2116
2756
121
306
53130
14884
146306
10201
57840
81796
5625
14042
123201
2450
9
10404
186192
84972
2601
114582
26082
179776
9604
31862
36
11342
39402
9
380
16770
650
49506
1444
35344
14884
30
30102
29584
1936
5625
10302
1332
420
225
21170
79242
29241
5776
43264
135424
16641
2500
38416
14641
15006
15625
30102
85264
11556
72092
841
6162
51076
173472
60025
157212
22952
26406
28224
14641
506
233772
29584
12656
3306
22500
9216
81
13924
4422
17689
100489
13572
702
68906
289
11664
203401
77841
1190
41616
18360
81
36
70756
95790
152881
1936
152100
111556
46440
13110
100172
110
289
88506
6724
104329
420
462
11130
34410
1681
4096
841
3660
8281
86730
46225
11881
72361
148610
36100
13225
1681
27722
5550
484
7310
55225
11556
8649
9216
46872
110224
26732
18496
138012
9604
55225
4
12100
145924
73441
8010
6162
66822
1296
93025
96100
72
136161
1190
5550
111890
4692
4160
9312
121
64770
15876
6561
42
13340
51302
12100
55696
2809
13225
4096
91204
2809
44521
97656
1892
24649
14042
51302
14400
196
98282
65025
69696
306
12544
1444
14641
47524
43264
122150
33672
114582
144400
7921
25281
34410
84100
22500
168510
1521
1892
50176
7921
22350
23256
1444
37442
28056
11342
35721
27556
35721
34040
22650
1296
7396
35721
112896
8190
128164
34969
37442
3080
117649
10712
73170
65280
37056
47089
75625
218089
54056
14400
115940
58806
103041
128522
3969
192721
400
22952
71556
2209
78961
4900
152490
63504
23870
37442
65536
215296
11130
1980
39204
2401
22052
198916
26244
92720
66049
26244
129240
66306
15500
83810
9506
15006
79242
86142
22500
9216
22952
21609
119370
43681
11236
133956
15252
18225
67081
2162
127092
11130
63756
12882
32942
1560
20592
103362
2601
4830
57360
1406
49952
4160
306
11772
128522
25600
2652
17822
36672
4422
4160
113569
8836
54056
24649
19881
3540
1024
506
32041
232806
11772
50400
53592
38809
63001
10920
139876
56
22201
1722
9506
39006
5112
10100
25600
7921
47089
57121
80372
193600
19321
79242
11449
72
2652
158802
37249
12769
4096
1332
10609
50625
6480
4692
44732
3660
65280
13225
13924
154056
192721
6724
73441
6642
2025
48841
68121
1190
132
134689
73712
12321
52900
225
12432
2209
140250
1444
52212
11130
2
59049
75076
3660
46010
7056
55696
6162
95481
11556
380
59780
2070
111222
6320
146306
113906
23562
756
55460
9216
207025
225
4
67860
14520
57600
156
68906
71289
55696
4830
6480
18906
4225
4556
173889
23716
10920
18769
2450
158404
15252
7921
5776
30976
7569
5402
1089
83810
19460
6642
650
82656
51756
812
47961
187056
26244
55460
46656
6006
19881
45369
58322
3306
51302
10506
4356
14280
17556
3782
7921
462
32580
169
127092
95790
4900
16900
841
93636
160400
108570
22952
20022
4422
91809
19740
6400
65280
10000
17556
117649
69960
30976
16129
32580
29929
109892
10000
11556
30976
86730
462
7656
11025
144
39006
10506
961
92112
21609
34225
4096
22650
72
10920
57121
41412
12432
19044
42849
2209
34040
4
110889
12
8190
2070
1892
50850
240
133225
147072
240
34969
77841
39601
7832
15750
1482
15252
3660
144
56
4
72900
27889
15750
114921
105300
136530
32761
625
2209
25440
51984
306
506
72630
109892
10506
9120
108241
2209
28900
215296
30625
4422
900
23104
42025
870
42
7482
187056
16256
226576
870
74802
552
56644
1089
74529
2704
44521
100
58564
2862
7921
27225
154842
3249
102400
73441
2116
13689
3025
16770
167690
506
3364
84100
676
7396
68382
8836
211600
44732
121
6480
76729
117992
100
3481
90
17424
97344
18769
10712
144
36100
729
1936
68121
28561
4692
88506
25
62001
42230
179352
146689
25122
30800
65536
2704
3481
196
11664
100806
145924
45369
35910
94249
289
72
96721
12210
10609
702
95790
20736
33306
158802
4830
3249
28224
94556
34040
139502
38416
99225
59292
506
174724
11664
6642
92720
361
3025
45156
25600
14400
72630
3782
32041
22500
54990
40000
157212
63504
152881
93942
51529
14280
25600
3906
1332
29241
103684
44732
30102
25440
71289
6
37830
18632
5700
46440
155630
676
171396
7056
47742
65792
196
42642
33856
4692
74802
83810
34969
9409
2304
21609
21756
171810
18225
225
5184
139502
33306
51984
90902
6561
18632
85264
18496
4160
2256
189225
64516
112560
34040
37830
2652
115600
34410
71022
34040
4160
35344
3844
5625
43890
1892
16641
28730
5402
992
52441
62250
34040
75900
7482
96100
23870
175561
164836
1122
34782
5402
89102
72361
51529
87025
116281
24025
380
17424
6642
14280
73712
27225
141000
63756
3306
15500
3969
6889
17822
60762
68121
41006
2550
18769
38612
156420
230880
3721
159201
7310
101442
22650
162006
17030
2756
484
84681
48620
5402
12100
187056
37830
400
98910
71556
30800
129960
94864
77006
39402
31329
14400
38416
17689
56644
21316
21756
7310
4556
46010
1406
1849
14641
8190
16256
152490
1190
56644
35721
45582
64516
76452
1406
53361
68382
1600
44310
12882
95172
18225
165649
53592
1482
77562
50400
25600
35721
14161
33672
92112
43056
91809
25440
239610
28224
109230
23256
33124
3364
6480
2209
68121
15876
1936
6806
4761
155630
84681
5476
66306
64009
21316
238632
8100
2352
107912
8100
49506
10816
23716
24806
19044
25122
1980
75076
102080
11772
7056
1936
4970
24492
156
196
54289
34225
10506
36100
3540
7396
80089
45156
1369
4970
50176
1936
12100
5929
4970
36100
29929
36290
79524
109230
218556
37249
4290
64770
4160
165649
22052
34410
120756
49284
420
77006
24649
12769
62500
47742
90601
4761
14280
16512
105300
46225
22801
34969
60516
2256
52900
143641
68121
112560
30976
71824
6889
131044
148610
8556
214369
7569
1
65536
9801
21756
193600
2916
86730
28224
26244
6889
35721
2070
21170
57840
124609
12544
69169
3969
7482
4
3906
1980
72900
21756
31329
31152
14400
42
144
15500
7921
39006
76452
114921
2116
27060
142129
46656
8464
65025
16
16002
99856
2116
46440
21756
156
39204
120409
14641
33124
81796
8930
84390
6
10100
15750
77006
25122
24025
6724
26896
77562
112560
52212
40401
9025
94249
53824
44944
961
10920
45796
39204
107584
8281
16384
100172
15376
6889
74529
55932
11881
23256
5776
56644
1225
56406
361
2756
462
65792
136900
12
73712
11130
135792
24492
76176
116964
50850
9025
41209
6642
53361
104976
72092
9900
64
2601
22500
12996
177662
16384
74802
68906
67860
56882
238144
210
16641
108570
58806
1482
136530
94864
38612
49284
5852
56169
102400
22500
116622
58081
203401
8836
150544
5550
72
43056
18632
9801
41820
107256
18769
135792
60270
32761
8372
49062
15625
992
17689
784
32761
63756
6480
6480
51984
11990
114582
1681
25921
28056
12
18769
32580
1122
1560
7396
14641
1640
289
240
1225
26082
69960
10302
189225
27889
14042
37056
870
29756
4032
5776
57600
9312
6320
400
42025
121801
39204
10712
529
4900
5550
11025
80089
98910
26732
13572
167281
39204
17030
81796
3906
2162
650
3080
29584
2500
11881
150544
196
45156
441
68382
13225
10000
30
28056
16
8649
24025
9025
930
179352
7921
36864
150544
10712
104329
31506
132
33489
1
49729
600
361
39601
42
3306
22801
60270
8281
7310
2025
14884
225
6
650
12882
116622
9900
34225
68644
40804
63252
3721
20022
219492
625
41820
5476
4556
56
5041
1849
6561
67081
93942
2970
2162
5476
91809
4692
2601
82656
42
79524
9409
76729
13689
53361
43264
38612
35156
1849
3192
1260
2401
17822
1056
21462
79806
43681
5852
2209
76729
5852
7656
113906
1190
7225
306
2652
2862
1089
16
12321
1849
107256
63001
28561
121
256
1521
19600
122150
6
150156
900
900
702
24025
361
15750
306
98282
101124
4761
167281
96721
256
84390
25440
15376
1560
19881
34410
15625
16002
98282
1640
7656
169
37249
56406
28392
79242
2162
676
17030
4692
7225
27722
6480
1722
4290
54756
3782
20880
120062
182
119370
39204
1406
14762
129600
101442
19044
4556
3540
306
22350
30
27556
170982
84100
129600
16
20592
23104
89102
24180
21904
49
105625
256
137641
4970
82944
5625
51984
124962
784
86730
13225
14161
67860
11449
56
45369
54522
104976
11664
272
92416
153664
14280
74529
56406
2116
116281
182329
139129
90
16384
140625
2500
75900
64
46440
78400
81
5776
54289
12
110889
56406
6400
7056
24492
23104
8100
52212
14280
49
2304
172640
2704
2304
94556
16900
2304
154842
8930
191406
10100
42
98282
3025
17822
105625
68382
3969
4556
1024
125670
114244
38612
1190
2116
187489
992
16
30450
11772
10201
30625
56
30976
67600
75625
6889
380
34410
71022
95172
45156
33856
10100
56644
18360
37636
50625
132
2500
48180
17956
50176
20306
10000
17956
26732
702
82944
93636
79242
7656
9604
4160
210681
1
4032
10816
169744
156
46656
6006
1980
91506
139129
1806
47089
103362
100
160400
4
20880
71556
225
42025
217622
15876
51529
161202
5776
69696
17292
9216
11025
104006
1482
5184
2756
96100
462
4761
13572
28730
95790
11130
22500
65280
64262
5184
179352
441
5929
930
4900
93025
148610
115600
79806
506
6480
62250
20
144
28900
158802
108900
11025
44732
16002
126025
71824
28730
6480
143641
170156
71824
21609
30
552
2916
52670
4830
92416
69696
56882
60516
90
90601
21316
128164
40602
75900
24025
65025
14042
99540
33489
51756
20
29070
4160
42436
23562
89700
324
12210
210
7569
27889
12321
2116
144
5329
44521
11236
38220
37636
196
7310
101442
6642
6561
225
48620
12
16900
16002
8281
1849
71556
27556
3364
64516
88506
2352
3422
110
12996
702
17556
110556
34969
39402
29241
47306
13689
28224
900
64770
68382
152490
6320
74529
5700
36290
12882
43681
121452
72
12100
9702
3025
4160
22052
1332
10404
32942
27556
110556
17956
13572
2025
26896
10816
112560
3660
3721
21462
20306
19182
117306
49
56169
380
7744
9216
10201
306
107584
10000
18769
8372
6
8836
196
6084
46010
78400
67340
129240
2401
784
4624
7569
1892
4032
110
172640
9801
380
1260
51984
33672
992
94556
5700
45796
50625
32400
21904
120409
73170
4830
6
129600
63756
45369
116964
27060
11449
1056
71022
1806
18496
1936
52212
42436
4556
210
20880
62001
15625
55696
108241
20736
4160
2025
6320
20306
870
27060
67600
6480
21462
83232
124962
80656
26082
9801
1225
11130
6889
29929
22052
15376
33489
187056
64262
39601
2500
4761
91204
146306
51529
18632
75625
3600
576
33306
230400
1296
4489
11772
7140
1806
26896
15876
15876
72361
57360
2162
102720
3306
119025
170156
132132
81
148996
65792
100
3481
154449
21609
55932
44100
25
49062
38809
13456
21025
22500
7225
3660
175980
72092
1089
9312
123552
3249
20
4489
127806
21462
4356
54289
16002
78400
11025
65280
36
12656
10201
107256
4160
24964
49
12321
167690
54990
1560
36100
80656
1190
11236
100172
98910
1296
35910
1089
4290
121104
3080
3136
5929
15625
21904
1444
49952
228962
19600
32580
29241
151710
9604
152100
36
15625
18906
133956
61504
7921
37636
162006
20736
35532
32942
3136
2116
18090
20022
6
182756
42436
38220
57840
9702
31506
75076
56406
12210
120062
41616
38809
22801
78961
441
702
118680
57840
8372
31329
841
40401
149769
1722
22952
43472
84390
3540
5700
1089
46440
47306
15252
10816
11025
43056
5402
31329
34225
41006
63252
870
72
462
43056
26244
4761
10920
9
72092
5625
99856
76452
152490
136161
8742
24492
16
4761
9604
30976
1056
3192
4
69696
2862
59536
14400
9120
1521
17956
69960
14161
48180
5776
756
97656
2070
11664
6084
702
10201
17956
34782
2704
145924
27556
1260
420
29584
930
2070
420
82656
87320
15129
109892
120062
1296
133956
188356
73170
841
2601
176400
4290
63756
82656
71289
289
40804
40401
136900
3600
16256
2862
13924
8010
2116
72
119025
164025
170569
91204
462
110
11449
14520
4556
2304
1089
7310
145161
17822
79242
12544
20449
77006
23256
2209
17556
107256
1482
46872
100
462
812
21316
147840
105625
12882
87912
93330
9120
3906
126025
1225
36290
41412
1056
2256
29756
104976
51302
225
11664
18769
187489
205209
103684
39204
2916
206570
5041
2756
36672
90
256
24180
8649
12769
103684
29929
175142
57360
380
2209
1722
4290
26406
15500
100
138384
23562
97032
64
19321
12882
5476
12882
76176
43264
34225
30450
552
10201
24964
5112
17822
6642
80656
36864
4290
12
13924
841
1406
79806
22052
36481
37249
4900
100806
62001
190096
6084
6972
49
552
79806
44732
105950
33124
48620
7482
222784
10404
23104
134322
160801
3721
1849
7569
30976
18632
31152
80940
61752
93636
4900
26406
155630
62001
44310
49952
178084
90
33489
81
1722
101124
11236
4692
4970
49506
9025
441
961
156
150156
44944
1482
992
11881
6889
119025
22500
53130
13340
8556
13110
5402
202050
9120
39402
168100
11342
2450
72
30976
43681
25760
5550
5929
14042
40401
361
1980
33672
10816
32942
16900
16256
10302
1122
3600
57360
3906
97656
114582
23562
74256
34410
4830
2070
7921
2500
44944
1482
122850
5776
650
5184
16512
8372
112560
90
90601
55696
77841
53824
93636
756
28730
78680
65025
34782
4290
219492
33306
1056
112225
38612
18906
43264
141376
110556
85264
48841
99856
69960
76176
78400
4556
3660
97032
11449
17292
45582
34782
18632
133225
168100
50176
2550
62500
100172
10816
992
22801
6320
143262
784
51076
60025
64262
552
35156
121104
58081
11449
256
36672
36672
83521
93636
101124
56169
25122
75076
9702
37830
17689
4830
17161
14161
26244
181902
35721
7396
1521
96410
361
210
4032
8281
21316
32761
43264
5852
46010
18769
784
506
98596
127449
26896
16129
756
91506
8556
11881
54990
101761
34040
22350
272
8649
12321
7310
1369
77284
23562
21609
22952
1444
42849
125316
167690
2970
54289
6561
51984
2116
174306
361
324
29584
7656
3969
26406
21025
1806
324
2401
6320
77284
992
28056
82369
19044
208392
47961
101124
15252
84972
4692
67081
462
3481
9604
122850
32220
48180
17689
69169
22952
5550
729
31152
103684
9604
5625
6480
3906
289
47961
16256
168921
7921
55696
29412
54289
15006
625
54756
127092
21756
27889
31506
8556
11881
50176
16256
33306
172225
41412
90601
29412
49284
144020
11881
32761
5184
53130
60516
1406
106929
4356
25921
27722
1024
27556
380
12996
272
152100
342
11772
1089
199362
5700
21756
1640
16770
110889
10920
7140
68906
11664
4
32942
120756
76176
21170
18769
66049
2500
1764
196
44100
13689
2601
27060
2025
16002
36100
22801
64770
13456
9506
4290
10920
67340
5476
2256
4624
65792
98910
1722
20449
4422
930
6084
181902
44732
94864
34969
16770
183184
37249
37056
600
48841
210
129960
70756
51529
125670
8556
19044
161604
10816
156
4556
59536
64516
227529
1332
152490
1980
17292
10609
11449
90
49284
18225
5852
3782
194922
15252
192282
68121
650
9702
31329
2970
8742
28730
241572
45796
2209
147072
14520
163620
110556
5625
177662
4692
7569
21170
13689
10201
121452
8281
71824
170982
784
63001
206116
138384
158404
4422
225
83810
1444
23409
11990
131044
11772
529
10816
145161
38220
77006
462
150544
12882
221841
131769
4
5112
3080
17556
39006
36290
120409
24806
85264
221841
95790
89700
2450
128881
34969
650
138756
2
10506
68382
24492
227529
1640
70225
67860
121
53130
52212
1681
3249
20736
67860
12210
26732
11556
71022
1764
46656
2162
67340
82082
14884
15129
212060
47742
36864
12769
42642
15376
28392
43056
126025
23870
28561
96410
1296
24806
108570
50850
39601
22500
420
117649
38809
11449
120062
90300
35344
49
1521
8010
64
22201
96100
42436
47524
48620
420
95481
64
1980
92416
1980
107584
30276
65280
3660
29756
63001
39601
7656
31329
3080
132
380
9025
56
42849
40804
56169
57360
600
6480
53361
23409
136900
8010
18906
114582
23870
15376
20
40804
162006
6400
81796
18496
115260
30625
42849
24964
85556
9801
7832
48400
68644
118680
18225
16002
37442
32400
136530
13689
1056
21609
6642
20592
59049
17030
30450
7921
1024
23716
57840
133956
121
6084
18769
54990
420
41412
42849
130321
361
42025
144400
53592
33124
484
88506
3364
52900
2809
380
121104
49
69960
12882
114921
27556
9604
20880
10712
15625
71289
181902
361
91809
6162
20306
24964
30625
67600
110
1156
2704
17956
4900
59049
380
2070
34225
53130
17822
35532
1444
124609
130682
74802
121
29584
37636
17161
625
2116
196
61009
75076
30800
16770
121452
11130
80372
132496
324
184900
1936
37636
51076
44310
106929
73441
2809
59780
22201
8649
87320
1640
37636
8100
117306
11556
36290
138384
841
930
94864
1482
82656
5550
65025
38416
24492
86436
61009
7482
8930
10816
31506
7482
12769
59049
16002
52900
62250
79524
30625
11342
80656
3249
5550
992
46440
127449
4096
28224
24649
20592
13806
39204
8742
702
2916
10302
77562
154842
40000
50625
76452
204756
8930
32220
15625
33489
10302
198470
961
55225
10816
123201
552
62750
29929
8930
24492
11664
111890
82656
74529
17292
35532
26896
2450
5700
38612
3969
650
256
111890
4900
32220
3025
1296
41209
22650
8190
380
12
18496
22500
1849
28730
50176
10506
1936
2756
101124
52900
2704
20022
17822
3969
24649
11342
27889
35532
116622
76176
16
48620
56169
5476
189660
18360
20164
289
29241
10302
400
22801
6006
462
3249
2256
31152
65536
50850
30
25600
2401
8649
177662
2256
65536
26569
196
1156
22052
28392
9702
27556
58081
115940
76176
13340
1892
38416
43056
201152
152881
14400
18906
90
1122
2550
36
8742
3192
124962
48620
50400
1056
44944
112225
35910
21904
11664
66049
54289
14161
2304
25
30976
7921
13225
6806
34969
17556
35721
45156
128522
12544
13689
60270
16900
68644
20164
33489
21904
97656
59049
99856
47306
173472
51529
199362
38220
10100
67081
20306
2401
43890
79806
380
59780
10609
4160
2070
5329
191844
110224
108241
71824
26406
2304
25122
484
36290
6162
49506
87616
33124
107584
49952
132
85849
2025
1640
70756
30
69696
122150
12544
5402
62250
89401
7140
13572
14280
28730
15500
20880
5402
10920
75625
23409
50850
236682
56882
16770
14641
77841
5550
47961
210
114921
7656
79524
30450
2
9216
23409
14042
38025
154449
2862
6400
13806
2970
33856
12882
57360
256
900
756
19321
81796
10404
52900
2916
80656
24964
73712
361
50400
31684
78120
784
63504
289
67081
42025
6084
184900
37442
22952
1681
116622
7225
17556
10201
506
306
30800
10404
40401
3025
85556
106276
42849
32041
6
8190
135056
40602
39204
11772
48620
46010
26896
49284
109892
72092
64262
103684
7310
106602
5776
64516
8649
24492
3422
23256
14520
25921
2809
32761
31152
169744
992
15252
207025
1600
17556
600
90
168510
4356
32942
29241
20164
3969
52212
2500
1444
1806
1122
1369
12100
20736
40804
8836
144400
3969
24025
6400
2970
150156
18360
7921
6006
5929
46440
24492
32400
100172
202500
6
4160
54056
1892
4761
84390
14400
88209
21462
68644
45796
4
63504
162409
75625
42849
95790
14520
5776
166464
20736
55460
20592
1024
143641
4032
73712
106276
6162
2500
52212
19182
39402
3481
76729
65536
116622
1156
4830
15376
20022
65792
26406
34596
72
143641
7396
177241
75900
2550
10712
97032
90300
342
81225
193160
1640
3906
60025
15252
306
37830
105950
112896
5041
117649
24336
1936
51529
96100
40804
24806
189225
3249
484
12544
18360
600
361
4225
63001
10000
150932
5550
27889
1089
30276
12432
194481
83810
46010
83810
32580
145161
9025
44944
28900
187489
47742
156
4356
8556
193600
23562
7225
61256
23716
16129
18225
1190
143641
39006
2162
64
8464
11130
12
13225
21462
75625
101761
94249
54056
109230
52670
64516
39006
31152
14280
10609
18360
38612
22052
39402
73441
10712
11130
1722
107584
86142
27889
28056
11342
4422
95481
6320
29070
172640
67600
462
961
102080
24180
5700
59780
11130
184900
49952
13689
5476
1849
19182
14042
3844
110556
61256
26732
1681
98282
21316
70756
24964
38809
69432
118336
1806
30
5476
4356
25921
2862
54756
100806
70756
2916
9506
1
61504
2256
22952
21609
10201
83232
12544
72361
81
1444
15500
