4778
10563
4527
4799
315
5494
156
6035
3957
3105
455
10549
1472
1564
15
10537
5137
105
736
4664
556
5711
6173
8133
8662
10596
783
4805
1074
5720
968
9328
1293
32
5136
1745
7763
794
9680
427
9206
6010
4250
3154
13817
4908
968
2875
4691
8568
4007
2471
1838
5231
2027
4803
5636
1600
3873
1928
8446
5989
3404
4338
9319
505
621
712
3522
10550
5814
4097
13973
7453
2584
222
9744
921
6459
3913
6582
10857
13220
12749
193
2193
343
2602
3718
9566
1036
582
21
11116
355
6336
2798
2
9558
5077
1813
814
854
207
9550
4460
1439
5637
3216
6991
12724
2343
8500
345
9931
2832
306
4524
5720
115
2379
7168
9817
557
9886
4826
702
6740
8781
1297
3412
145
2598
9635
2410
8632
4457
9897
10391
1440
4785
3619
530
13423
4980
4573
195
4518
3262
2183
7303
5604
1059
9118
7596
5418
76
8584
3195
1289
9545
7004
1343
1649
3008
5627
9408
221
1126
3820
5904
3551
358
8051
7986
4623
4446
2078
4023
6234
4660
8957
4020
1904
5054
9046
8792
1248
3829
10702
5825
465
2400
14045
6648
913
10666
4806
1617
4669
8670
14945
6717
10287
801
5500
3851
7794
6006
9387
6369
309
4807
12299
2692
7354
8412
823
1093
9518
8626
3779
861
4114
5001
2178
2374
3233
4143
1845
1975
6525
1634
2
4204
9560
1122
4372
223
4071
12222
5328
2745
9209
668
881
2909
9254
4218
11134
7860
13468
9546
8550
1324
5489
6248
9411
1879
2550
1583
842
9336
6047
6982
1998
81
1276
3564
4328
133
8844
95
593
1981
6607
443
2719
3415
6068
3890
9444
2406
9016
625
9554
10953
13121
7090
150
146
10854
10065
8938
13623
10551
64
9615
4569
7172
4748
1957
8213
10607
14122
4878
6578
566
2823
1983
2614
3462
1892
3844
3116
6
1207
3121
246
4719
106
5789
4731
472
3663
1437
5766
604
3598
5269
8873
2909
342
991
1930
179
55
1239
3969
2257
2471
9140
5163
4900
1003
3951
9074
9923
2334
9133
11142
326
10866
268
1927
3161
1929
2779
12764
5736
7035
81
4781
749
9411
3234
390
562
7366
8883
7647
463
868
5760
644
3753
4497
4852
9219
1944
9648
5489
957
13183
5842
986
1227
9279
1829
8527
5738
2916
2167
6041
239
5179
1003
1722
679
598
8869
3698
3923
8387
4331
6513
4902
1463
90
2710
3651
1817
3673
250
9622
8034
1443
1553
963
126
1174
2458
172
8563
507
9998
385
9793
4666
10838
1142
306
4473
127
5297
4748
6603
3808
9853
609
2037
13362
3555
9823
115
578
4496
4531
56
56
7453
671
1410
6789
1079
9828
3937
4409
3546
2907
1056
9767
6844
966
1224
3686
3091
3542
6840
3132
972
749
45
107
6410
7855
5555
8744
140
5838
4379
4243
9216
1977
13039
283
366
4561
35
817
7007
7917
22
8575
1643
8619
13723
13370
12522
318
8963
4517
2918
3403
64
240
4358
820
465
972
5635
1475
6290
10525
132
468
30
1227
260
5874
1936
2163
10133
19
4871
786
10270
3991
9059
76
765
9965
8089
293
6523
9359
305
9543
2395
7315
3082
416
4810
9652
6264
1600
4465
3812
1673
8547
13507
5254
229
1387
1024
5424
3842
1361
220
2297
3054
7772
3215
920
8864
2952
8946
4694
2375
4349
620
13108
7200
3616
2519
710
5781
2660
1406
8677
1749
256
2070
5575
278
8723
9
2698
11273
2284
3892
1266
1876
8021
8105
3986
179
96
4232
18
2817
4696
2266
9099
4700
5797
9687
3926
3155
6828
6413
2373
802
247
6666
4939
2411
204
4155
8355
3981
5711
3157
240
3593
1881
10474
1042
3853
4586
140
288
66
3935
9337
9704
417
4263
152
627
5883
240
10683
444
9847
585
596
13350
3197
398
10
10098
2348
5112
6192
1969
3800
10121
1181
5379
1658
5446
484
9295
10610
8897
1518
9351
2472
9931
9971
236
6107
3613
8385
3745
343
6319
23
1727
5235
1156
3408
6009
859
4269
1623
12849
1524
2209
9974
9938
6747
577
325
4781
6041
5370
5903
3708
202
8613
9553
736
885
4631
5861
162
5634
77
5900
1334
5064
883
3458
3643
229
4483
298
8905
3814
147
9167
5863
8024
8614
10756
756
3120
3082
2857
4076
306
9163
4606
359
1941
7278
4818
349
3930
5322
1764
5480
306
6524
161
5568
2742
3784
9882
2398
1539
2006
2673
7846
1939
3040
8890
2643
72
873
6343
1287
5763
2980
12874
4489
21
30
1066
5168
5492
5154
346
132
439
9413
10
9024
414
3617
6143
73
2643
2630
1716
290
7839
2244
811
8228
4692
3184
3515
3479
213
1183
82
13764
662
7561
7709
10497
455
5061
10011
10778
2077
5924
9231
4191
12776
2096
7251
6055
165
2765
3541
5322
3717
5917
4189
10047
5656
10144
1786
78
8325
8064
45
4964
3895
6449
2597
133
18
10854
1894
9155
11371
72
76
696
3832
1086
9975
2798
1974
2377
76
3724
11541
2238
4234
4614
2521
2054
507
1007
108
616
3487
10251
568
4801
2400
3757
9392
7145
9501
1328
2501
1673
8586
4600
436
672
321
10117
7671
10152
7124
9545
87
10318
6144
6
2762
2019
9048
4245
5564
5194
7179
123
4005
299
11761
6805
168
440
102
597
401
7875
439
6179
461
2141
8657
2239
3179
4892
5578
472
4
517
9503
3223
192
9931
8782
6209
289
8057
345
4124
5489
110
1764
10666
2405
5766
2598
3805
4987
98
3907
10577
3724
3579
2887
1202
11648
2416
4182
9998
754
1888
10158
8323
8279
12275
3260
7092
6384
10373
5295
12499
6384
7085
1647
3944
11080
3966
3928
4448
5140
10510
2759
1632
3667
1825
902
3766
1622
4135
6999
9850
6497
3669
5258
4921
6851
739
4621
738
4805
9619
967
7537
10081
117
41
2281
6877
5673
9368
537
4083
4772
798
707
7686
5723
97
429
4
12486
2238
4598
472
10841
7356
10255
8786
55
375
252
9707
3887
173
103
199
103
1537
10852
3193
176
108
1272
4714
1833
74
932
3425
210
7077
325
2989
2837
165
5599
9877
4030
1291
7066
3480
3842
331
351
4495
3709
1781
4153
3188
5802
493
8881
7405
4413
4731
2994
756
3118
929
3513
7683
8905
1791
6626
2764
146
4540
4696
6803
792
4943
10072
171
257
1192
312
1807
506
787
6923
10351
849
4202
2934
4634
12492
9027
7740
4994
6169
1434
8829
1548
921
134
13788
2197
9124
529
5790
2977
6785
6
3234
20
5118
870
358
38
1235
8855
10491
1436
3740
98
57
3825
820
4775
2394
681
33
1071
585
13047
218
9657
45
10142
2118
981
4309
1229
6105
4061
304
2368
7290
5837
9492
1302
1648
491
3946
3603
150
3266
650
1886
633
514
4787
308
10628
10350
1475
5828
6787
7705
316
8081
10034
568
2833
9343
4720
3244
4372
238
5584
9685
1406
4
12731
1027
4647
4100
1806
13276
772
395
2253
4568
4946
6391
2723
3031
4945
6284
1689
7076
9189
1549
6008
7410
3858
12244
272
10105
3122
7555
8628
110
2006
7326
1806
3658
13510
420
841
2397
6932
1928
87
3370
2580
35
313
5612
4183
306
14256
5843
9812
1677
6283
4241
7
9432
1000
10796
258
5843
2206
2862
3720
1372
13228
2260
4389
329
3230
499
13617
3743
11892
7629
1776
9669
10808
6916
8925
9117
6615
780
8250
8682
3323
946
257
6080
1600
7444
1321
1056
355
3693
5911
4182
900
6300
2916
1104
62
163
4324
2669
10037
5034
231
3337
2939
8306
9259
12622
11815
4244
127
7761
2514
4805
809
4393
304
6945
4254
3749
9672
121
5495
11907
1431
870
3779
202
3572
3326
4263
3859
3766
1089
8943
3251
8843
949
9006
248
3947
3992
3810
3676
8449
9996
440
3887
10938
113
5933
5700
5324
5919
3074
3287
3988
6991
768
1282
5017
5363
9764
8392
8721
10053
5884
8444
1918
1938
1356
12238
6066
98
14074
4650
4661
595
572
5333
9208
3344
10370
371
3461
2798
6065
124
2807
449
2090
361
8409
2734
169
3656
4736
8510
10618
2959
9776
10379
5795
7034
7063
6342
2634
4103
10097
9273
612
861
8721
1683
12548
327
37
2
774
4507
585
4739
1367
4160
3050
12327
10633
8969
216
13216
4965
274
610
2426
311
20
8965
543
3355
53
10388
4
8808
961
3420
3429
7927
8664
1961
5916
5436
2083
4601
2597
4010
8556
10632
4008
9584
5641
4952
4845
6024
6578
2558
8722
1955
4840
11611
1979
5401
5155
7109
1644
16
576
3600
13328
7284
625
7284
4039
9336
6034
5975
3848
1505
3040
1581
3930
2878
101
9215
3370
2809
1150
6027
141
17
10056
4288
2480
110
6200
7541
357
1009
8071
13967
630
616
1041
509
5435
6394
4937
5338
1863
9417
1557
4854
6669
5810
2233
6685
798
601
1193
4159
3757
1560
11395
8394
442
8022
411
4077
1144
1253
253
311
10953
10459
9265
136
4457
136
12912
4510
5784
688
6460
9019
10786
7096
4065
2532
14198
2153
841
336
12889
369
1728
844
9628
435
9348
5406
2228
2037
3570
4372
1069
3318
8587
6362
8484
13886
5032
6523
4516
18
1924
6845
9352
5846
1030
2220
591
2692
4543
923
10703
6548
2773
7033
4152
8645
71
1658
4362
10492
2056
10233
57
8550
6837
6688
9592
10600
904
5898
2508
706
5898
3600
3479
1540
5164
9423
580
90
9088
2778
124
6045
6818
7843
7725
369
4547
10312
4399
175
5221
229
4351
5318
12043
8051
736
1223
3684
3562
5848
1296
514
10082
440
9
9298
2232
8811
13074
8906
6420
132
307
3428
1220
484
6228
1026
5911
5373
8832
1020
3171
2841
60
2457
3729
652
7521
6490
10433
2036
5640
361
6131
25
1011
9341
1920
1913
2197
747
3280
3263
9534
3815
6136
2890
432
2902
2127
8485
10579
3870
5123
6515
5591
8972
1237
2230
6504
256
8299
1806
8306
4630
4737
7948
13445
7595
361
3959
8643
2357
4050
406
4978
45
505
4438
11334
1490
8429
8353
8449
9327
1558
3706
1467
6919
4950
3666
3645
9386
4431
5813
2078
4755
645
9513
89
11992
1701
107
2772
6111
9315
9957
684
1045
77
11243
3261
3002
2578
28
760
15
3559
3574
1406
14510
608
178
4497
83
3340
5482
603
10508
408
10418
6542
408
1491
1158
200
5719
2980
6920
6935
10356
3470
8699
742
349
4962
3592
5682
9112
13382
10138
8903
143
258
1227
2335
9716
7803
256
4834
3411
3782
2489
5028
7960
10778
9826
163
3811
4393
8263
10433
7970
2562
4210
11615
2973
5062
10294
9395
6631
6948
5273
6388
5776
10027
3091
8487
4295
4269
5
3134
6157
16
3804
5564
996
166
735
2860
13447
1712
10115
3059
358
3442
5790
3209
28
530
88
3990
3482
9649
10646
13183
1404
6648
11074
4063
6965
9347
1984
3667
4879
1523
1552
13098
4623
25
30
9787
2906
807
4792
8231
8467
4201
8007
3291
836
7969
2737
1790
8846
4092
4302
1210
3930
5740
1970
6358
4052
944
1039
2422
8609
10307
5712
2413
3444
6821
11300
146
2923
3235
5100
9338
1667
3680
855
9595
3463
1194
9443
13197
42
2683
4864
153
5332
4449
292
1624
386
3061
441
4056
4440
2147
59
962
177
4852
289
5009
4314
4512
3580
36
5837
696
2256
1046
2937
361
5008
9350
2013
9365
9402
10388
5792
5978
8573
8970
116
1093
1285
1451
640
21
4534
7234
3202
4243
10870
686
13432
5463
10145
6099
1443
2642
654
13595
2209
7598
841
2267
5133
322
2155
7998
12192
4650
2107
4514
10370
49
812
4324
8315
3462
4011
4446
318
2367
4431
849
3671
3235
9833
7425
1909
3433
10482
2295
11847
4490
214
13145
2109
229
908
263
4520
3959
10
3867
4364
2276
4
7658
2393
9713
114
1942
660
3896
8900
587
10381
5240
1968
3379
10062
9258
3642
7573
6155
10015
7423
1904
1770
6306
110
9907
4970
7920
8978
6426
340
5192
4613
1836
951
9433
4968
110
10058
6939
385
10035
11860
5761
757
4873
600
2826
4677
5222
2407
2227
627
2438
9391
4352
907
2531
320
3441
1568
2794
9960
5764
112
2005
1147
4126
6015
1921
8420
4377
3522
10155
1494
184
102
2943
3574
1329
8634
11627
8963
225
2739
5683
9504
13652
1225
471
2271
10400
5007
217
7663
5429
6811
9006
4757
6590
10487
53
7746
5238
750
1257
11124
10599
1018
7065
9045
4802
2656
12095
306
17
3558
9507
648
2113
7969
6996
1783
9624
67
1117
9861
8732
1740
5492
8688
110
2640
266
2804
884
2123
3727
1006
114
6966
49
4472
11642
4644
650
7094
2402
13237
3680
5734
4530
1256
2165
4909
9579
5419
5445
4912
7025
2
415
324
7606
5851
4352
6139
10265
3905
784
538
8643
6046
9870
68
1284
1627
9013
10174
5674
207
36
5416
14805
12406
2577
5868
5142
9892
3663
5136
9025
1390
215
1547
579
10917
4026
1351
5397
7370
790
9439
6051
8404
2890
5048
6852
2909
7886
8907
9389
3750
1372
7418
549
3419
685
4748
2472
16
1710
6651
122
7779
2859
9554
3667
253
4568
4256
5022
8648
546
9784
10412
85
5455
9805
12457
1007
47
5437
27
4107
179
6154
6857
462
815
9522
5268
2623
1991
211
324
12088
1646
247
9811
4523
5161
1572
6655
7226
2856
9189
483
3701
5834
11470
3217
619
5981
4335
9085
9554
12338
10333
1077
4872
543
691
666
669
4492
510
5212
1061
7788
455
2926
278
8588
9551
9712
5599
3096
107
12165
2968
9551
10466
13116
3525
10
814
575
6725
3047
377
6250
2023
88
566
8831
10146
7251
950
2986
3643
4297
1572
8979
7626
6507
1088
207
4106
510
8059
4400
25
9442
7547
10839
9320
43
8910
10671
11531
515
5539
1199
1598
977
3340
7559
1225
2762
547
6057
9114
9732
8407
8855
130
1562
1369
3232
96
5250
4346
6009
33
3246
678
8703
9724
2895
14462
9875
4523
5463
4274
9099
5771
2080
7726
389
6074
5666
4174
1955
4011
380
1935
11064
2317
2153
1118
3487
10520
303
5158
32
6150
4391
271
17
1034
7560
2343
153
262
2002
40
9320
3428
4504
9567
142
9334
8237
6807
557
7332
2117
259
13110
6199
9606
836
4725
1996
9571
3855
4373
9500
4666
3542
9980
4135
10547
8546
9753
14428
1171
14840
1304
597
37
10083
9493
2890
4243
10703
3666
4708
3370
8654
6606
4677
4540
5154
561
99
10389
2241
2908
3343
6582
9296
9066
2050
9432
4924
35
6653
4358
3718
531
2548
2879
625
3783
1785
1758
2329
6246
11
8648
4122
9864
9554
478
2800
80
9823
434
7471
2288
335
1182
242
129
5627
9787
2753
986
8309
419
2610
4945
4210
10406
182
2997
9039
2786
117
3025
218
5298
2582
8946
2425
9253
3
6439
447
5164
291
667
6320
11503
1675
7262
10650
5863
371
7916
9926
8682
1340
4848
336
4745
30
2
1297
1240
2192
794
844
9025
13201
3880
2001
9207
1710
4307
1940
4329
4836
30
332
900
57
3994
10425
8655
9362
7915
9769
738
1123
6843
2704
8468
1789
6023
90
2308
175
5339
13009
30
290
4203
4351
6848
5654
1423
357
333
10355
12493
3556
808
4506
1425
1108
35
3626
380
8525
9667
3607
847
6461
2166
7033
3
4213
7785
4463
4795
3763
7981
516
2293
1109
7116
10421
1999
9061
4700
208
2736
5085
316
9776
6323
6258
4704
10186
5859
10302
330
10209
10985
693
4594
5414
2139
640
420
5207
3
84
3546
8085
4963
1095
2185
9101
2173
196
33
9513
1555
1416
2934
8480
5726
7618
8370
1793
8399
12131
4348
9980
8268
2925
179
5682
2046
4122
9350
6426
5302
676
2888
3314
3175
5902
1648
12403
46
768
8702
4908
6995
25
7672
122
5126
9546
6815
4995
1038
4314
846
8173
335
2954
2188
2895
896
945
10625
848
1082
12
8979
5628
1405
10081
4275
9362
2641
7703
1263
1673
9431
2039
7146
7431
929
8157
10163
1997
2122
1922
3450
1585
4039
10303
7345
8735
4185
5256
3341
1615
6922
8399
346
1906
382
109
2366
1967
5628
5898
7283
488
3681
7898
4672
2284
2169
13340
6591
2984
136
3102
2601
275
2601
921
2388
5963
2082
11228
9268
12531
10771
9543
907
3922
151
990
179
662
11215
9726
4977
4042
4304
5270
8644
8908
4503
5760
545
2889
991
4032
91
295
7757
55
8645
8833
440
658
3467
5596
9600
6552
272
5507
210
5163
8717
5357
9841
2953
3037
260
6026
10456
130
3328
462
187
1922
458
1840
550
6904
870
9321
8179
61
9226
1956
677
3739
21
183
196
1545
1495
133
3852
337
9376
10698
467
5118
78
231
840
5836
1141
11375
9234
9808
391
889
3797
4848
11231
181
4550
590
1735
4456
5422
4702
3525
5954
9616
1479
5225
220
963
153
8804
2844
110
8312
4803
1164
2675
8314
4018
5016
6188
8739
99
7442
6471
5687
100
2469
4849
1808
1302
8829
42
1789
3590
9108
3709
1179
5201
1174
410
13534
12947
21
1947
2796
502
1194
6775
3885
8827
2385
8710
9215
188
784
12018
10950
3
6263
10533
6283
3711
9143
4606
10476
4029
9131
4864
894
12246
3348
849
8923
2481
793
4885
8611
1265
9978
1236
5236
8373
2138
3002
13159
165
600
3534
5013
5051
13772
3399
128
167
484
1989
2424
12135
10
5982
7001
1164
8
764
9281
2818
162
1808
1853
3690
7659
3920
4503
2168
7311
243
605
2776
3047
8803
9204
289
2278
5391
10931
10499
2108
2166
38
5315
1020
2988
6855
7362
4924
1049
5696
83
4040
432
2250
8497
8685
9095
5185
9696
1630
10349
38
673
1946
3160
9441
5939
4825
3711
8552
9372
210
9514
4815
4355
8258
2765
6438
382
9064
8042
4819
279
146
1036
5816
10632
8462
5487
12684
13025
1739
3815
13118
5194
184
5664
713
3125
5622
2876
9272
9791
2437
3206
66
30
306
2578
820
2074
2784
9186
7519
3024
5877
9280
6796
2913
353
1014
3209
3524
1813
1030
8606
852
1427
388
10833
2740
5606
1654
5715
5739
3735
3130
6033
1997
8729
9958
756
2831
167
8616
385
6449
5900
7506
797
8760
13364
1051
10080
11076
370
182
9669
3495
9932
9624
742
4607
11997
9903
151
9987
6091
4616
373
901
9193
2401
878
1780
10421
2507
4448
7659
2205
72
10200
707
2764
1272
3280
4990
6374
9243
3328
1
9482
8905
8851
3811
9923
718
9037
6205
2648
9275
2033
12265
8959
6820
3584
9876
373
10420
1225
14460
7371
3853
53
8944
324
4077
1227
1719
3598
60
288
5964
2329
8792
337
10765
113
841
13159
6096
2379
1064
9540
1591
772
8536
2029
8691
1298
179
9326
378
810
12038
4393
8673
7777
332
131
689
3993
578
10973
1916
20
20
4990
2574
10320
1853
9686
5659
9546
1400
13302
13357
1943
6249
890
5516
1212
108
10459
1701
6683
1354
6898
4126
916
5777
6806
9612
9767
2516
6102
2833
277
441
4776
7129
7293
9795
407
9948
4933
11514
1267
2030
292
3759
686
5026
5548
1600
128
3097
10016
130
4189
154
3795
3896
1073
9668
11107
9193
5277
8881
2732
10318
120
5377
9078
4176
3772
180
54
6429
3526
453
632
13796
2815
1151
872
2651
10351
12437
1408
1868
860
2519
220
11843
6390
2501
3558
13147
9139
3405
1592
30
6418
4175
861
66
3461
5580
5609
8606
7668
2043
5796
3696
5452
3792
5327
254
4535
53
6063
363
2160
715
663
1823
8226
3910
9143
1577
751
1719
9491
10006
8494
6069
10083
6030
8726
763
653
279
792
5045
10
7115
155
7351
8187
1283
11492
8372
3927
5389
8951
7625
4672
4868
2215
57
4337
4366
8208
9798
2967
11224
2063
4141
3197
841
2227
2294
3000
4506
1064
3476
305
142
4167
484
900
825
6859
5396
600
5703
4638
920
4648
6769
4035
1202
2071
5047
926
5039
6947
11631
5925
3863
138
482
11365
324
438
4148
4977
5678
11272
9932
9601
3499
4331
1349
576
138
876
2728
660
413
8391
1966
9802
2357
2994
8662
948
3181
9846
450
11894
13475
230
9459
1055
3204
983
1943
4892
11666
115
4874
283
6922
3473
5835
1570
2103
212
9556
4148
225
11079
1765
6916
3944
4210
1063
499
886
9912
5472
730
1371
167
342
2656
4271
9511
9171
448
6197
3678
5882
217
13638
5008
22
4045
1441
9389
200
690
2952
78
459
2
8403
4865
2769
7828
5719
5760
361
10350
8785
204
14166
9197
3940
9300
6578
4838
2114
11075
1945
1826
4030
3367
5841
9071
10746
5856
778
6459
2723
3614
4665
9822
1324
6204
2715
5035
1915
7830
7307
2219
182
1646
467
3758
8947
4327
18
702
6592
5083
1882
10478
10207
3668
2099
3843
3293
1875
10045
6739
1616
5966
5854
3747
1188
7161
8465
9756
177
11059
392
28
1366
3053
689
736
3325
12839
4958
4048
344
10259
7530
11750
12126
10381
9530
8689
3864
144
780
4019
5697
4871
8105
7237
3146
3078
2476
9128
5565
898
7781
1056
7951
4726
3256
3475
8305
1379
9320
9862
5658
5685
6694
4818
10048
6798
565
2869
8375
9722
4970
8133
8620
15050
3420
864
679
5598
3459
9203
6919
15004
5400
5107
3186
4139
3505
4979
3301
7852
8097
13566
4284
219
3218
3910
9677
2258
10293
838
3874
10390
4246
13727
4980
481
1872
9098
3
2210
13397
4643
9887
8640
6745
8520
10201
467
20
7685
316
9591
7904
7915
858
1110
905
8731
3331
3053
10118
7643
1300
638
302
598
10050
4545
7525
2298
8612
1580
1958
2199
9865
136
2977
2774
10166
829
7978
900
9244
6661
959
4872
2389
15
11294
13854
2474
6921
3007
53
104
1126
2579
110
4868
4951
9813
6374
5527
5576
2217
10370
5809
529
2217
9882
121
370
565
4239
1070
2538
682
845
272
2285
11500
4909
540
679
7684
5669
2585
4211
3372
3248
6859
764
87
10210
13654
3740
9552
3067
8691
4407
745
6728
221
10053
156
1577
4752
11289
394
9038
1256
274
3814
3742
4337
11501
1884
12237
8009
3411
2625
6725
1764
3204
3506
846
3
2130
4431
827
2681
3937
28
2391
11535
3272
9930
5710
7627
55
9062
490
1512
2456
2892
343
3903
4680
8693
265
1376
65
1395
325
5618
3539
9619
4488
4666
1349
194
10319
5980
836
4770
5878
10106
526
9854
4329
8650
184
9548
521
3207
940
7395
1169
1142
3308
10598
2494
1085
9418
4788
6912
576
592
1128
3453
14725
9269
1546
4594
3851
47
146
3859
67
1303
1004
367
3915
6242
10157
8980
861
3822
5359
5998
477
6096
8050
4549
5055
8745
10048
25
2075
8424
10257
1988
3891
4125
3983
10225
3657
9278
3978
5689
1633
9781
7956
5499
8949
8482
220
671
10093
5376
9249
9449
9738
4619
2112
256
998
594
9100
1089
686
6240
6120
2565
7628
12
2
726
6051
8366
964
5828
1195
67
453
6055
751
489
5712
1502
4121
10032
1592
5747
3758
5823
642
1849
849
6758
9796
4488
5235
4343
8989
6772
4146
3980
2975
2775
6052
5741
7273
5652
1274
5121
2341
4975
2579
1436
9204
9994
4640
4213
5431
9139
2899
4121
5601
4048
641
861
17
10166
9075
4914
2116
5250
1031
1240
5233
3587
3257
4458
765
1463
121
8795
961
4229
6671
606
9612
8365
8842
4062
3137
5706
3773
7796
10716
8801
4926
6953
5325
6958
4595
9595
3478
3491
547
132
48
2919
7367
9009
7640
3686
484
642
3476
9625
352
2977
100
224
252
843
4839
8839
336
2278
3054
4117
390
5794
4393
1074
526
9333
210
118
5878
2287
1448
10239
9630
3708
3439
700
6719
1218
5830
534
4475
7755
3157
4099
7
1415
4429
2601
10840
8376
6100
4015
8819
1178
4121
1573
10701
6318
2799
963
8797
3928
5741
73
9213
5631
8587
5249
11
4002
3493
2451
6280
1595
867
2531
8956
7672
489
2310
5486
3467
4362
1429
1744
8479
15
5962
6212
1354
676
2972
2376
2380
121
6370
10326
9366
3078
69
1774
2313
437
1479
3914
1396
5125
7670
2023
433
1000
3233
422
818
9746
1546
11487
4115
8754
4005
10258
2240
6427
3611
369
5368
4846
6199
1718
4626
4593
16
5946
8528
8299
10401
6733
3175
5614
5475
1722
5615
3378
4187
732
247
5301
12844
5084
8463
14033
4405
4018
72
83
135
10524
167
5217
2505
11559
2564
8984
2936
4780
10354
2315
2057
4788
288
283
41
5890
1017
8661
3890
8705
576
9320
554
11280
2106
4217
13161
8970
486
2206
522
8666
1741
5410
104
6627
9874
4415
4103
2516
1235
720
3607
1656
3133
1239
1122
300
3043
5129
2666
2305
306
7611
2
9509
6199
6743
1958
466
9107
5686
9942
1592
3821
9123
4755
10027
5889
8671
6872
7773
3812
4818
3904
1009
5
9302
9236
2567
8758
8934
668
4159
13749
11351
3768
3824
4010
6
5734
4544
12844
3
115
6611
10084
9460
4832
4044
3725
257
9557
4877
9933
115
9604
3010
9732
3480
5029
10229
8018
1187
653
3084
3967
5238
10126
12589
4144
11087
8641
2204
1821
4124
6747
4194
9245
1274
5081
6913
8128
6064
9333
920
218
277
2978
4031
6013
21
289
284
9924
440
3873
4942
84
628
4304
5836
10168
7901
2822
402
61
7753
10489
6131
365
2730
4177
245
4315
13673
14606
2564
4871
6442
3604
117
1030
346
3354
3536
6227
1392
8656
7244
8434
2239
81
2100
11797
9434
4263
6882
2066
440
4442
8795
9715
3987
6419
484
7423
892
9630
4042
529
8700
2499
724
336
7705
9945
8835
3272
8516
7827
10914
7244
3038
4145
678
2268
3243
6014
4420
8630
729
5284
4042
3136
14150
4019
4679
9455
1810
64
3708
3131
6508
1788
204
105
2362
2867
428
4959
5082
3534
1235
1926
1921
412
61
3316
10701
136
190
9100
2855
2929
4236
8569
7645
5235
6087
2218
6517
4851
8208
7450
12199
1885
1529
6578
4511
146
665
522
1088
9264
2419
3781
1382
9927
9061
4510
647
1167
8788
20
4099
12413
8789
1799
429
48
197
2
5731
599
1916
9517
5095
61
9238
7660
8406
6208
9940
11551
4203
6982
361
105
3242
6124
291
3863
1128
131
727
9248
5087
6751
1384
852
67
6268
8967
9732
10138
3411
7808
498
2191
2475
13223
9274
812
3040
4354
6626
11623
6882
9718
12266
937
366
1261
3784
1617
10076
8943
4182
4546
1041
3811
9254
5157
3496
4018
1921
9693
5573
6075
80
3712
3850
9028
47
3906
341
5765
1269
539
10128
3498
10886
4381
3937
4990
3731
4999
6089
2167
121
4455
5951
486
7914
8210
9037
9619
3481
2457
7902
5101
1336
6848
8831
8749
11420
3508
9679
5727
5330
578
9842
9716
3766
9392
3700
11310
191
2398
1962
4447
400
4913
2649
9487
175
4271
4567
9304
8363
8120
8482
963
191
733
2359
12667
80
5755
2069
8609
2567
955
415
4440
10857
2544
7675
3825
143
997
9020
2153
6571
3267
452
10335
1121
256
2334
6778
8132
5031
4910
11175
53
8995
5269
1940
3980
1017
3991
13442
1324
4008
441
2441
2498
1212
11176
7353
4755
6322
870
8127
9728
131
513
11172
40
136
48
76
1830
493
4203
3948
891
5747
4408
5587
497
1768
9131
11025
1263
13009
157
6644
147
9455
42
28
76
58
3601
8517
154
6306
1049
1723
3212
2461
2358
3448
4000
4800
13589
36
4683
9385
45
12504
5814
3807
2124
8004
8603
3806
4367
457
6189
5228
4455
5530
1662
1892
4074
9727
249
3633
4
139
3961
3837
1407
6066
2438
332
10133
4700
1202
1821
7011
278
4105
4560
487
175
5669
5095
171
7301
13416
3143
2224
680
5664
2707
2244
255
9378
715
3667
446
8414
5912
401
3586
10883
4143
7988
2441
5823
74
28
5244
9819
2567
6206
7946
643
5067
9519
652
4801
1362
3435
6468
4660
4680
2894
3735
2429
5317
956
6744
875
5550
3335
251
36
2402
1352
3425
1818
10934
2481
4716
6841
10083
5863
3
7120
2932
4760
625
106
157
2591
3975
7051
676
8324
10640
2337
9385
9596
49
87
199
413
1407
2994
4596
9966
7751
93
136
4928
804
700
1963
1241
21
10323
3756
4562
872
9013
4307
6464
164
410
272
2210
812
782
448
3639
5672
243
5820
8739
1235
225
13623
4792
172
10883
13479
273
3249
906
9761
4072
6528
3906
3677
2452
3579
342
3577
4860
1338
3444
3227
10782
1342
1867
9882
49
6400
1090
21
2860
10031
5160
8525
6741
3499
66
9310
213
2950
987
9709
4762
4233
804
2143
5539
3186
6211
7706
3818
9492
158
8629
9188
4942
10986
7862
4467
2578
3982
1312
78
4419
9774
8748
11740
6268
3364
1263
10179
4803
8670
3946
215
10473
9485
456
10
1701
12284
5520
12022
1279
10550
3081
4613
308
541
7436
1383
7911
1164
11759
4562
9296
9933
9284
7451
3766
8539
9485
7490
4255
4546
9139
10326
1008
8419
695
141
8411
4866
4455
10963
5802
12836
2096
6124
2460
6584
169
8791
11017
3913
4535
7162
8807
9661
8480
3396
629
9422
8377
1664
11000
531
8674
9099
7435
3006
10499
890
7107
1119
9543
9466
324
6927
6504
90
10000
3794
6594
1528
3065
4771
1829
5834
3889
178
3627
9828
8982
4363
9160
6310
5856
14698
8898
401
6652
9524
12410
8166
5378
1562
1179
1010
743
10003
8026
5755
1568
151
2839
146
3508
196
325
20
20
2720
534
7163
9619
9624
334
7210
2458
1376
5490
805
7058
6325
4067
885
2255
2163
5876
1865
7741
119
516
1097
2663
8825
228
10317
1840
3314
9612
5222
4768
1450
3676
8849
1378
47
1293
33
5875
1502
13448
6524
6672
6783
5806
5270
3555
5749
6719
4005
1056
8361
2112
4137
6393
4535
6992
8773
8340
3680
207
9325
8420
3537
4180
5196
2096
9894
4720
10771
9982
33
5482
7425
62
10324
5518
4577
2416
3446
3695
8429
156
2987
64
2334
10144
6738
6334
441
8980
2418
7653
2883
5346
7926
8436
33
2931
69
25
5473
2692
1523
6876
145
4232
132
8662
3534
1044
1762
2293
10068
3999
8440
324
4019
7050
3615
91
340
1192
3825
2152
289
696
917
7043
1561
4078
2663
9106
240
1736
3290
1699
2654
4520
8441
7742
147
3519
9181
1317
10190
2063
130
8164
4717
9481
5268
36
72
507
11007
3575
8724
5228
3413
1185
3747
5348
7890
2890
7185
4853
50
157
4035
6895
3041
6283
5585
8150
9079
156
906
10550
4997
7689
6355
1646
2795
1732
5297
8450
6368
5242
3890
45
3777
1117
2915
5659
169
1929
2659
1685
13
8534
10138
5774
8361
2118
4069
32
1050
4221
3927
1012
10094
8128
3526
6058
395
8857
203
9295
1263
8964
4318
89
774
11816
4745
8472
240
270
872
6258
9430
978
9504
9969
3005
8875
8404
411
10164
8795
3958
5900
2966
3837
9615
2384
5542
4514
1145
147
7830
5635
137
8878
6016
9574
3587
819
2072
4956
3958
298
2675
10464
10267
3362
10164
4986
3943
519
3306
9618
2178
9346
5751
7483
5057
797
2442
3
4538
40
2131
10203
6093
2305
5172
3726
18
8942
6738
2340
1627
10523
7146
243
3991
425
3435
6201
9753
310
10418
13049
4871
4785
361
113
156
5508
3989
9557
2973
523
1743
2035
556
300
1828
3006
1770
3123
4433
11442
900
2529
9713
306
10461
1619
146
9664
106
4758
4429
8684
7649
6800
2374
3138
2732
7172
2887
1982
7122
624
555
6874
4281
6858
7448
2595
9682
3025
2570
3403
703
947
965
3876
3659
4206
9207
583
5177
2053
3114
4776
8863
1751
4934
342
9773
6513
950
8949
8641
755
286
3481
193
450
2085
4950
137
4152
784
508
4323
178
3927
2962
3881
6678
759
9327
9160
7874
197
7803
1330
6355
3580
10434
665
1203
451
7815
10414
3893
8597
7858
9247
1114
8411
9242
6807
3907
5745
969
4285
5460
9963
2091
723
414
7479
4439
81
91
202
91
5495
3781
872
6850
3659
496
1209
4162
10628
10043
5512
13712
3433
2837
113
9249
1403
9633
9322
8930
768
5017
303
7791
108
4844
166
5235
10666
3896
8627
5995
2
10000
5512
8905
185
10745
2294
121
843
3480
30
3384
2541
7211
473
748
13425
7812
4384
9983
891
9587
8226
1826
3714
3599
5938
3054
1062
425
54
8356
4348
1340
5612
2589
3782
8353
2022
5793
65
4264
4586
10340
7256
4085
829
833
4296
4951
4836
261
11036
6
1770
475
289
682
8325
13815
10013
4132
14420
255
10066
4851
7554
275
4352
1575
5327
5615
1716
13141
9838
3420
13112
1540
7087
4871
22
2785
5400
663
26
7521
428
4236
1743
9084
5426
3761
569
2181
7328
5147
13535
3252
7331
78
4274
9075
6732
3638
522
536
10143
7209
203
1582
8891
39
98
5761
6417
299
5555
2401
4536
9998
2047
451
81
101
3441
9267
914
6333
332
2882
9678
107
343
3019
9988
2973
8413
4175
740
30
4520
9429
5609
10
858
5086
8843
9483
313
2015
10658
6242
2728
9093
494
6447
10454
10218
2672
253
2557
2922
3674
4458
296
1481
8905
11761
147
3741
160
4854
155
725
942
5199
762
5467
7633
4600
82
4837
12244
1498
3782
5218
5921
2098
3407
843
11240
327
4070
2997
5625
8724
644
550
4696
13589
11165
5197
9913
6046
8785
77
7936
9227
3217
2567
1276
6129
107
9066
79
9653
465
9999
48
4120
631
1006
5010
4970
1880
132
1687
342
2743
4868
66
10669
2658
4360
1678
2288
702
2347
1276
1345
497
2752
7095
4065
4955
1981
7245
6638
12655
8586
1884
7538
2850
10783
10862
7048
8645
6776
1
203
5255
1159
715
12181
4920
6375
176
7944
469
7522
592
932
682
10320
7547
4183
3997
1654
9487
9981
872
2535
20
8259
2145
744
4962
10613
6261
570
6807
3920
5841
1113
380
1544
181
8806
9658
3306
2694
74
500
699
1849
702
1092
1805
10083
160
10100
4076
5733
1035
2908
5586
6427
4105
6562
6436
9460
10597
3291
1292
8618
9194
1319
1240
7684
4988
12189
1798
3767
10091
1161
874
351
7
9328
10604
272
776
2667
899
2087
10160
5899
8040
20
1824
4283
459
457
2894
8601
463
6505
4447
8226
4990
5378
2813
5164
3936
8535
9207
3826
1394
11911
83
2167
9243
447
2167
6232
5099
2753
809
5786
8352
10042
576
2145
2897
9375
2538
2276
83
4260
5411
207
4733
829
873
786
132
2429
1192
88
242
4392
4218
2819
517
8
1843
4445
6317
2666
4138
13835
4250
10971
4917
4419
6780
9837
9472
3885
9672
7755
7422
9292
5669
11346
8859
9659
992
287
10120
13473
4542
975
7983
8120
205
5111
1475
290
9876
3103
3636
8446
4711
9906
5135
1024
2895
1046
2107
9720
7896
2857
9626
7109
1544
70
1457
7404
6458
5017
8178
1060
10417
17
1581
27
1431
6384
9860
20
7381
9059
11285
3711
12518
1758
2060
873
374
435
8623
13027
83
3112
2153
1231
422
5531
479
6609
5800
2606
358
4734
9555
4196
3334
160
7902
8474
8254
116
3943
452
9616
3330
3500
10468
3139
665
10156
2712
65
4155
4217
2058
9488
498
2290
4355
3027
5653
6209
1062
9797
5701
9483
5685
9544
8637
706
2698
3263
1129
715
14187
9711
67
6195
6365
6463
237
1282
1934
462
10262
6459
2060
3770
3048
56
503
400
1029
3684
5811
1628
4019
939
263
4096
6167
3759
560
1259
9135
1963
2855
6147
7389
8516
9506
1379
5602
9752
12395
169
3986
651
566
1610
884
4484
592
36
9452
10307
10093
713
10311
319
1814
1858
2644
745
3649
9914
10837
5168
3814
445
3053
8459
37
9986
263
1308
3836
7097
1853
5303
7451
3154
7147
4789
9256
4898
6717
5564
4022
173
10657
6839
1529
8627
45
1
4806
13003
3948
6218
6717
6486
732
2891
4639
4083
3732
100
388
1049
3867
3181
169
3993
4501
1704
310
2688
7413
90
1388
7572
8410
2913
49
4307
8521
7072
3422
2230
464
7244
306
9589
3501
8056
1830
5965
2243
12626
220
1052
11065
2659
4028
10804
6408
9175
4050
1674
3077
1523
2134
6170
1831
1482
4539
9554
6043
4410
6074
10599
2050
10933
458
2629
4723
3599
8899
4941
4207
277
10027
1907
7553
39
2969
5910
3023
3881
9499
4267
3335
1926
13136
7562
4856
6377
16
1128
4754
4525
2309
7039
5904
2730
8028
7836
4873
10073
10768
3288
3502
4957
2477
12
9818
244
10178
7145
7014
810
1908
10178
27
862
80
1194
4068
3338
9534
3573
10252
205
835
6229
3587
734
79
1766
6645
2680
599
277
2820
9472
13372
2253
8721
10131
98
7441
7507
6435
9220
4776
10091
7407
992
4085
535
78
2981
5984
503
5215
7973
469
10026
3484
4973
5516
13466
12904
2730
1852
7597
2943
14449
140
183
8591
501
467
2820
2016
1825
7572
3211
8007
12515
14056
275
8310
4234
9301
9651
2568
419
6626
648
338
3130
10206
7410
4844
6095
4787
2059
6444
663
1554
4503
9674
12223
3516
274
3577
1128
2837
2178
7114
7179
2263
859
2179
2066
932
4777
1691
3951
349
587
4968
167
1871
9737
612
869
870
2557
354
2122
343
2814
9758
6043
1590
61
4567
1988
5965
10135
4141
7815
684
3968
5784
25
1950
7458
9457
3565
4199
310
13506
454
1956
8576
4320
7462
62
2022
4981
5857
1849
5888
875
5590
304
4594
9925
8486
8357
1084
10136
5026
58
77
99
8200
8487
9032
4576
4707
4351
2603
5692
7645
29
11499
5629
2736
2976
3615
3068
12338
3879
225
4473
724
6121
419
350
9044
5178
2924
10966
790
3000
3604
12
453
280
5707
12040
10027
636
63
5698
12295
2268
1678
539
2171
676
3684
2267
4042
5445
8027
102
10543
9514
4321
11342
344
546
5353
3227
3145
310
1295
5614
47
8119
344
10872
2808
7937
12391
115
25
9227
9599
2517
13504
3832
4253
8858
4009
4188
3484
3602
3315
4892
9625
4091
965
774
3218
125
4945
976
145
9136
5008
11138
4269
11351
3789
6186
976
3637
1775
2879
7450
2955
10012
10872
1036
3151
1431
5057
10047
4782
4573
2407
3375
10634
7739
99
8560
10874
5210
1560
3918
9763
9177
300
2644
225
4635
3848
5043
1015
4186
5741
207
5425
11828
3737
5645
501
8847
1675
195
5874
781
10173
6
156
7194
8814
10590
83
209
240
1
7521
3284
5565
496
6151
6448
434
3047
1665
9763
7408
10958
6504
1
4047
4107
2509
428
676
14
2641
566
120
1319
9673
192
2821
4396
2601
2456
3593
10282
5934
9536
1641
2895
9704
4598
380
9238
555
1101
994
3611
719
45
891
3520
4027
2983
1273
2569
9705
9571
1851
5975
1151
6406
3350
5059
1759
1205
3745
9145
682
10187
1448
8982
5822
1512
3253
10121
9910
9723
4697
5773
1684
6459
4386
9326
4518
4313
9922
2170
2811
10508
7414
3514
1856
47
13724
2438
14807
2690
9658
325
3632
424
53
662
11394
4253
8142
4072
10172
3034
3286
9405
6558
1493
10645
4834
9590
2182
1701
1425
1757
2013
121
366
12357
3584
3709
5089
6762
1086
2855
9754
28
190
959
2490
4501
912
1666
542
9315
496
5755
1661
564
538
6030
3504
741
5474
5830
9719
4072
4447
1593
2457
5304
3117
9164
7546
60
4927
120
5519
167
33
3950
6405
3091
3637
1530
4364
9375
107
10623
9418
20
3073
50
563
10170
4730
9452
4299
339
3779
428
11924
4813
4121
399
5091
8369
10428
362
2222
6905
2448
2454
65
2578
10002
3645
114
11963
476
345
98
1030
11532
6513
100
4537
1402
4624
70
1910
298
12094
10591
8621
6416
4035
2738
3809
1365
83
9685
891
1572
9800
10170
910
4223
2966
10065
4837
28
5314
8485
10087
3606
2424
4093
7329
9638
7130
9477
12877
3359
10993
4104
5030
125
141
5400
786
11782
191
9444
1807
1303
7368
8627
8605
9110
5197
9295
38
3562
5589
6440
8506
12498
6168
4944
9705
3813
8569
883
5475
4903
1755
95
5282
3174
10377
428
623
1922
336
5769
3475
5665
549
2873
4879
9378
529
4853
4249
46
4945
5475
676
2641
49
2804
3672
10561
10000
5448
187
935
7389
6855
11158
9969
885
9539
14570
2513
998
4321
9565
1532
1768
625
6
9336
1660
2622
72
8438
4375
2295
12311
3967
12306
9687
5857
1507
9660
3338
4827
172
137
1157
10305
8878
36
5548
1028
56
3614
5491
736
11256
2463
3891
3697
9736
2734
1013
943
4258
10642
7885
1061
5581
6095
10212
3802
9227
4033
13
7703
4318
2898
2588
12664
640
1733
6569
8982
3759
4264
563
10378
6377
10026
2231
9689
7334
702
2282
5196
919
5676
9828
10150
3632
171
90
9608
2612
1590
9230
4516
9152
4425
7624
250
12104
171
1080
2829
8632
3404
339
4166
316
9124
9702
13493
7155
3370
10630
8967
1190
1676
9519
168
1976
23
2058
1840
89
4213
2082
13549
7289
7801
1663
3886
2601
9250
400
6628
4745
897
8734
1499
356
191
189
8117
1960
6123
2497
1652
3365
9936
292
17
8701
5434
7322
2208
695
9805
1056
6634
5614
752
3075
6162
9849
3646
4574
8460
414
1889
2477
9311
1557
11204
181
94
7387
3795
84
978
5815
2089
783
138
2255
9439
147
1986
8019
3790
6118
291
967
3142
6615
259
582
5615
9158
10721
10578
6969
5874
3281
4347
10421
5611
4730
3484
3654
531
2926
7443
2718
20
4064
5087
227
37
10165
2792
4686
761
249
10631
9793
758
448
5117
219
992
314
289
683
10740
9361
86
6845
4177
3592
7854
9635
688
12078
5173
2062
3199
5008
6943
2437
88
812
4376
5135
291
8484
1907
8705
3072
358
6335
7101
1387
9138
4179
12
1954
13142
4365
3018
386
4866
214
50
3878
131
3465
8447
6842
4387
4853
11585
231
10611
3090
2306
643
3739
3200
7118
7028
11109
829
5784
58
8897
1992
1636
9859
3556
5847
443
4337
10237
1
5732
1545
10144
10012
3711
6898
9196
5803
991
5836
598
462
609
2074
7792
9636
1560
3481
4733
9284
9269
169
388
2
490
4718
1025
110
14977
5674
7061
9672
166
3879
7687
1693
30
379
606
9141
966
621
4813
1631
8521
4565
5305
878
322
10158
2319
2422
1222
6724
591
7417
10102
2553
4325
2861
10846
9006
2901
45
5877
489
4397
2
6990
8097
177
5524
2233
158
136
13342
360
1731
4759
3553
9731
2264
4905
2381
9485
6412
7060
6906
857
8970
11171
9811
103
4074
8563
947
4653
334
8254
8701
6077
5836
9028
3618
5939
933
13514
380
736
1482
8100
5138
9129
3737
8598
4345
105
582
10688
3482
5434
95
9657
4916
4389
9719
8861
12302
9453
4906
13604
5471
4750
36
967
25
399
1734
8802
3688
9630
272
5957
57
3164
3476
1806
4510
1382
2590
462
247
6878
3021
9533
9914
3588
2758
7948
687
10132
9318
28
666
2429
930
1830
13383
9430
141
176
1072
2507
4134
5462
8298
10408
37
4820
4152
661
4055
169
4199
552
2424
1863
31
3210
2439
2627
3760
3755
1690
1982
1424
827
10463
13520
7798
170
3312
4119
8179
9873
2157
5854
50
5366
4480
3325
7024
9843
1770
607
13929
8879
455
5586
549
1895
4954
1776
14618
4247
13894
4926
9716
3682
87
2923
5676
2224
3594
1069
10002
1007
10144
1746
7894
9957
1827
691
8537
9443
10052
7563
6068
14048
7578
9430
8133
9289
8865
6701
10923
4706
7796
2380
5300
737
4943
9666
8984
2977
1034
10198
7023
2104
156
6718
133
10755
9032
10358
5772
473
8488
90
4935
226
6854
255
380
683
1979
2452
4004
855
5500
5622
4660
2513
3990
2072
211
6354
12606
7752
754
7562
8215
4319
1316
5
1483
13565
4370
730
4970
10567
8541
35
161
8973
2399
10379
2978
343
8510
4565
9542
4180
49
2979
5811
378
1183
170
12189
8894
3693
6202
10205
4134
9215
9782
89
1504
2885
2853
786
6166
1085
3229
2564
5322
1005
791
9961
5212
10
2179
3738
6551
9473
1825
1776
1992
9924
2046
1879
11274
8517
256
8266
10287
2832
74
1975
3560
7414
472
2007
1088
10480
5391
89
276
420
7375
1215
9532
66
1168
7072
2068
6582
9100
5736
2237
7958
17
2482
13833
4120
2033
10888
1395
798
9910
6730
8643
6424
8431
1652
3571
4309
5260
2507
484
7275
1669
10664
11454
9878
506
90
7033
525
1234
4452
102
5313
6755
2652
4896
1905
407
50
7030
5449
7
9121
8501
10320
2960
871
1028
1970
3237
3814
7
13674
8310
48
9201
1623
9572
8083
4802
1802
7964
1342
3040
2419
4489
9245
487
329
2286
7225
2
1245
8737
2777
4722
809
7646
7285
2836
4578
2551
768
4448
7766
3797
240
3361
5848
374
92
10272
2754
306
4701
1652
3765
3504
9831
3978
10282
2821
5024
8987
1380
8602
4194
52
9895
9150
1981
5373
5155
20
7763
5278
3341
2894
5344
4582
946
1550
4216
548
2108
4685
10129
2
26
8597
3993
8896
186
173
3492
190
14211
9776
25
6539
3881
9188
14285
2284
8703
2710
7989
200
418
8323
485
1011
5088
6376
10275
3655
6393
262
2579
3724
3490
4288
7129
10567
11427
482
40
1397
281
1518
873
4697
6485
2201
4418
5110
11295
10749
3002
9888
9666
10964
610
3596
2741
4653
13741
2458
10165
10502
10280
5920
1947
6298
1933
6238
10142
9628
8600
10195
4250
3498
5952
784
8393
2198
5969
7541
5625
7932
5143
3178
11008
6026
5117
3622
4688
4435
363
60
4978
1095
3533
6715
8443
2992
1068
819
203
5461
614
4566
9448
8258
4355
281
9633
9454
10473
5486
8445
4421
8471
744
10204
3767
386
95
9431
9771
4886
1197
128
5802
3468
8780
2830
149
839
1018
4299
10154
250
4575
9371
8583
963
4982
5791
2959
3863
6647
5687
4576
342
813
531
242
383
13295
2542
9668
9738
8651
1688
10618
13389
10933
2575
1315
5162
5047
2
3281
10090
406
10105
4223
10541
3273
4917
4807
68
1683
3014
2713
2726
2118
14
3400
7203
793
722
136
2307
238
2722
9408
7312
8275
5323
10451
112
288
895
6160
10124
4481
1080
4199
179
11423
5373
13499
4801
171
271
1136
253
4539
151
11045
8512
2224
9510
4013
3518
40
1231
351
5284
10391
8828
8874
3492
4571
235
7482
2421
11779
6966
9061
500
948
5894
5193
1440
500
35
76
6444
9287
13988
143
5686
2949
9460
2062
5249
1092
3376
2769
6196
84
539
9767
674
497
9153
9827
72
5266
2158
33
847
5832
8365
4979
132
8613
1640
3905
5324
3580
1005
6307
2987
397
9243
5654
501
11237
1291
12136
17
3172
5576
573
689
3150
11105
3115
1232
3948
9474
2097
68
12306
677
9192
9123
4077
798
8
10061
329
9593
2336
33
9231
5214
264
351
5429
7818
3290
1903
637
4959
1936
8
4920
2853
3391
6259
9397
467
4640
4188
5456
8692
876
3977
277
266
324
1556
5995
9215
8300
388
5788
5754
3280
5078
233
5994
210
9000
5016
3681
10999
5779
771
332
9357
9289
1691
8109
6737
2479
10352
10899
957
9128
4
7674
1155
9602
3254
8446
472
480
784
3977
11069
703
4396
68
558
1338
2305
4884
6654
2798
1194
2046
380
5160
6322
10677
6280
323
8905
5849
1930
10808
4130
4146
1467
524
4171
4184
9811
8303
679
1030
10044
5264
326
4823
7029
9910
136
3206
144
468
13
1369
1445
10394
13174
9457
25
2596
777
12342
6479
3584
7256
525
130
13827
11930
4396
714
4908
23
7802
1979
126
9290
3714
4937
3010
465
5126
5849
3081
5887
5504
223
844
3585
8203
3939
6334
195
666
503
3144
10661
1301
6272
5654
9079
796
1473
996
546
1473
83
1085
10435
9695
234
3696
235
1593
121
131
10826
2028
10370
31
838
629
6402
4443
734
7507
10333
2391
2760
365
4865
1723
9173
1228
4518
9512
12
8634
1506
5639
122
96
13110
2934
8880
8748
10464
9018
5862
12890
156
9391
372
4580
3575
4196
7124
5676
4749
21
1544
3982
784
2009
195
9760
6319
3939
4626
8259
7725
171
7
9999
10543
3387
8622
6246
2297
7303
11061
75
7128
5523
5669
4334
12
20
9390
4936
193
7148
11936
2929
1122
435
4675
2929
2065
324
6802
685
4362
9544
10473
542
764
12734
204
9376
1855
39
4712
3447
2147
88
1315
1351
823
1992
47
537
2214
2814
9323
1271
10441
10529
382
6484
7424
9713
9728
403
4740
5781
1160
9554
13188
11675
702
8940
1439
5557
7066
10110
2795
67
5457
3039
153
1425
819
2912
2948
406
1497
9004
820
5235
42
4267
973
8126
138
7517
123
10309
3824
10791
807
6349
824
3243
5110
10486
2140
3892
82
2212
3223
2722
3978
14063
3287
10925
965
1365
1884
1316
7723
676
4737
7468
7538
8912
3600
9746
4131
13333
9640
926
11249
6523
5514
7404
435
179
4470
7465
71
9330
12582
547
7339
43
1762
233
241
150
10071
4750
10947
3854
9001
8378
4245
6615
2568
89
8748
10233
9945
12858
9532
4238
1323
10598
8535
5809
6708
3598
9804
7737
9864
2606
8254
5067
4986
5007
7250
8575
6098
1792
1313
801
6265
10149
8659
277
272
10221
163
67
9793
13689
9139
8526
4078
868
5335
6292
6757
1212
3508
1684
3711
358
9236
1134
3476
4430
855
8827
6334
133
6651
3905
684
1092
9865
51
11180
4214
9481
2329
857
10314
7460
4740
4757
577
5445
668
462
706
4342
6024
3676
5408
96
12280
6809
4548
5700
1345
11387
3959
804
55
4376
8247
6531
8860
9768
3648
2155
510
8882
7428
4039
6205
3959
7763
467
10586
9690
644
3736
4817
4874
28
1974
10417
13017
4727
561
4954
10439
10435
743
101
4036
922
9260
11866
13147
4895
3611
6553
416
60
7754
4746
2489
646
541
6344
947
55
8954
7377
4762
9202
4978
1620
245
9476
5114
232
8666
3532
342
147
894
400
7329
4487
8501
2803
2918
2900
3
4368
9367
3017
5172
7417
514
8653
3752
1499
8874
12460
2162
2397
74
361
12
8899
4242
9272
2188
3541
10592
9785
839
3724
4198
5853
537
12787
287
9976
6
2875
629
38
10559
2724
980
1663
274
8673
6729
3647
97
7774
9782
1107
490
2404
3186
628
1698
2592
10193
3631
342
3387
904
8023
2216
200
7851
8594
9043
1427
283
65
11282
4210
10577
9130
2154
1100
808
525
56
2995
5320
33
1
9759
11224
4839
5943
8524
1865
4872
13669
2271
1047
9613
6453
5194
1237
563
902
86
1712
23
2511
2843
1000
7669
1987
217
5184
4697
9617
5844
9761
10131
5750
4
1710
758
3813
480
4586
5316
510
13827
5974
9324
25
62
26
2413
7889
4979
13630
50
7891
7495
7799
2107
9454
342
804
6835
195
4734
385
5137
4386
9944
1197
96
4598
763
2854
2659
3628
191
8915
8910
1482
6849
3159
919
5040
2717
1038
172
2963
5770
6329
287
2223
505
9686
5350
4190
10502
7321
138
1007
1686
650
947
1942
10249
4152
2543
7629
3134
9027
307
9885
6356
1983
4522
1064
4611
260
737
245
8168
3802
7519
9795
4939
4771
7842
1419
2449
4411
6912
3304
11705
47
667
57
2061
138
6690
1
6838
8811
13887
1929
5893
2721
3417
8905
650
4497
769
607
9326
11107
11541
5615
171
5034
10507
441
14
9489
4694
8532
1851
7610
9906
14557
2360
21
9611
12758
1072
9447
7106
49
4819
10589
8831
3345
683
2687
5449
1136
5261
900
2288
6903
2775
1776
3993
10991
2408
210
7973
1982
10074
6319
5671
9815
1597
6111
6071
210
4364
105
1143
1738
10286
263
4049
4971
9849
2711
2434
3451
6940
95
3698
196
12382
600
8666
6407
6466
528
3678
130
10452
749
570
3563
9911
3918
15
7608
7515
1498
9686
62
8145
131
10030
6181
6048
7044
12347
14463
1485
5773
4243
8276
299
4159
8499
1555
6672
339
9571
11344
14375
5706
3305
4493
5368
907
52
3581
4243
22
11236
5447
5163
8804
9017
5777
4362
4391
3194
7601
13986
1749
8737
4193
4335
603
1357
6981
186
8332
7710
743
7985
641
251
5355
2493
934
630
4842
4091
8457
8477
2252
2733
5786
2500
284
5282
1434
2510
10431
5129
7479
9130
8600
302
4068
4319
6732
3313
2417
10717
4373
4373
789
163
7334
4940
325
9370
4271
9062
6799
5405
669
16
5554
8764
339
1172
4817
2638
3892
5657
4703
4046
12574
9310
9318
676
1073
4639
552
10950
91
1261
5731
3494
1158
855
5988
9701
6238
9775
9692
7179
1156
993
304
1128
91
220
5451
2123
5168
2513
630
207
3770
636
3830
1241
67
5360
5219
4810
6540
9423
1523
8937
127
4844
6
3916
933
877
9270
6616
2786
7286
3435
3717
3126
10327
4985
10829
5102
9655
9014
1534
10047
12578
1230
4341
810
6162
3415
10169
13646
13894
3816
5199
655
1736
4479
50
2903
37
6728
2716
1054
6
9796
832
4307
157
4453
10365
5021
10
141
8638
1971
1089
948
13377
10499
808
135
97
574
403
643
2900
4385
511
2682
6163
6510
1307
45
1256
12984
646
3948
11691
10143
2359
12759
1486
9423
669
2964
3150
6890
8544
204
818
1441
10799
7541
888
9960
6490
5765
9781
42
102
2055
578
1660
10163
3842
1369
1478
1681
294
219
6006
4683
931
5762
256
8493
3124
5163
4255
144
65
225
4967
9275
4018
7542
1334
3071
9036
9079
10851
6657
2333
4752
4933
90
4462
4232
3718
9032
235
2255
310
5123
742
350
3674
6100
2297
851
272
3649
992
5780
131
529
12584
2791
3646
870
5423
4992
625
7059
5615
535
5499
13827
224
5109
1040
875
71
2952
11724
8768
5707
13780
9414
841
250
9549
3295
1915
4902
4275
1081
5429
143
1811
9748
6904
10262
3514
562
759
4988
12286
11089
4824
9009
9177
886
5564
5155
271
2546
217
1656
1172
8424
7231
6156
467
7580
9922
9222
1116
351
641
5823
2715
1225
6937
9661
1004
448
5167
7016
1216
5926
9449
7943
5851
2401
8998
932
747
13091
4627
6645
2259
188
3887
8
3890
5
2041
5666
1444
7364
13222
1035
2648
8607
1651
10078
4819
7563
5779
9443
812
7958
2033
6202
4631
9329
9229
9830
2781
1495
10171
2492
4814
2763
9453
2439
201
3084
486
9391
7254
9817
9587
2543
6102
3400
12952
561
2632
4291
3399
12471
8693
883
9349
2880
2952
1041
2990
3433
4707
609
49
3405
6141
257
999
10763
5303
13058
10764
4301
3759
9522
10182
5695
1835
311
5639
2771
4455
13384
4445
6589
4131
4121
9428
11025
1191
5705
3993
10455
11156
242
8624
4481
9129
2641
330
10613
11362
2101
1106
774
2895
581
2909
764
13783
9466
9179
10708
9605
3781
5783
13362
9375
810
5673
9348
2053
10125
13313
3279
2603
10510
7560
68
931
9401
887
2389
2729
5766
708
5701
10559
1460
206
4432
6664
7062
8919
6
6815
325
1013
9884
53
2670
2039
2059
6468
64
15064
11919
3038
4616
2058
9317
3954
3894
1828
20
2871
15
3735
279
389
9530
123
9104
617
1910
4115
3772
9115
7195
5903
8301
1318
1329
6394
100
342
775
1814
9110
8266
998
703
4008
3628
48
8855
9591
10176
12911
232
8701
10418
2532
4238
1699
8185
2628
82
10075
1527
2563
1600
323
6094
188
10694
11615
940
7487
3751
2082
258
1842
239
9983
532
185
62
418
657
8701
1726
9960
870
13452
10772
7638
5169
9499
1249
565
4422
8855
181
2601
7182
6562
8615
3697
10510
667
3
3482
92
3524
3666
1392
9859
76
3726
6702
8762
4045
5407
2
4306
10073
5457
2677
3443
4382
8378
10021
6139
8584
6085
143
5923
3786
210
9684
2889
112
4865
812
983
2787
3617
629
6306
7893
11170
2116
9948
5582
7903
8707
2742
3967
909
12373
9264
4197
5442
9713
9814
1646
7601
342
6129
509
2056
182
965
13047
9054
10518
4736
7450
22
998
45
11685
25
9842
10507
4611
3598
559
3782
1764
274
760
1681
707
441
1420
7108
421
5337
2621
6361
138
5910
11609
153
9018
8763
3496
9405
3409
4930
10088
373
9027
4406
9481
175
9468
414
4950
9009
14383
865
146
1015
159
3742
8485
3931
5762
1048
1378
796
3844
9933
10026
566
1054
4831
6110
896
3346
6747
20
1024
16
7502
5440
1492
5641
9459
6161
524
5564
1526
10721
2171
6
179
2016
4133
9448
5847
8124
5849
3118
14043
2228
10455
3604
10718
506
4628
5728
3905
4305
265
5001
676
5859
2096
5890
3261
131
108
3217
10453
3224
1511
1792
3140
396
316
6934
530
361
2751
6583
3396
813
1344
9293
12173
204
3244
7551
1849
5886
3021
3167
380
4435
4534
5732
1287
156
917
735
484
2253
5488
3309
2106
9845
3276
25
9970
4230
9145
8782
8485
4748
4811
141
2354
30
1752
9777
298
168
2050
5183
6450
257
6864
2023
9141
9365
4920
1161
1875
3504
13881
740
5874
67
866
3626
555
37
4888
42
8599
2497
9948
25
331
8628
35
173
943
4275
685
3953
4052
2384
12758
6272
125
2758
3437
8840
5493
2354
128
5658
1975
3923
7755
9431
4472
4910
2862
10798
3723
303
147
322
3589
2236
9877
248
4427
9544
148
917
5154
170
379
4151
10912
7556
14
7724
3708
8418
4895
467
11036
4272
2467
13304
6360
948
1737
2927
1219
4324
11703
2987
167
5772
4187
12071
1312
3633
1699
8650
4299
6037
3871
735
11386
9711
738
2980
6765
7865
10093
6537
17
401
12985
6564
1698
10350
7962
542
10557
3579
4843
2726
4869
12
5153
5401
2680
1813
3
1286
8203
4737
1056
9381
11883
556
9316
1631
73
812
3591
1494
1103
8709
2042
8405
3403
620
170
4423
12921
369
2243
4563
7891
2843
5729
6026
2983
590
207
3856
1080
180
9564
1783
11912
10503
2216
7209
1127
4863
9702
1
1748
284
7795
2813
2416
9856
3073
1132
9691
35
1940
595
832
4814
361
3967
4701
10121
3744
4027
9614
2017
6919
6363
6026
1032
671
33
4856
9811
10968
4579
7072
1805
913
624
3129
495
4633
2765
2309
7770
415
1460
596
2636
4333
2947
9212
1996
147
658
595
2068
5139
10385
289
2075
5247
2003
10833
2233
5097
2035
106
5034
146
8442
359
