286
17
92
699
201
168
299
416
600
157
485
47
199
461
165
40
485
16
93
102
93
667
18
355
643
251
194
499
762
330
277
216
567
376
194
9
680
217
303
244
338
414
523
142
112
278
754
997
858
215
828
260
106
613
402
843
69
280
100
661
165
583
503
20
59
167
414
68
398
275
154
626
154
524
33
740
399
31
308
878
54
119
279
405
386
16
67
539
254
392
310
36
313
101
47
26
421
700
248
398
449
473
186
721
165
228
454
691
256
559
88
950
354
59
557
253
369
622
50
471
228
398
3
779
285
480
272
286
38
353
12
558
784
853
368
37
677
272
434
313
848
161
765
504
610
760
65
674
243
600
193
1019
57
91
728
501
97
531
473
574
357
231
398
205
696
5
210
592
750
9
626
85
216
739
413
174
663
396
820
298
161
260
732
424
635
180
143
460
355
59
458
3
429
478
173
482
48
459
368
101
307
27
258
99
35
928
267
499
540
760
322
462
877
121
1036
514
178
516
109
412
448
692
99
407
1050
346
407
546
935
290
653
430
250
177
470
589
327
209
164
682
805
46
352
133
47
210
955
446
782
496
115
343
146
458
272
465
411
321
188
903
290
555
72
202
365
168
752
476
86
209
27
238
269
777
366
600
390
907
68
452
112
642
307
184
89
769
18
271
560
358
963
354
106
347
695
565
571
818
35
73
235
288
203
523
473
570
417
138
55
727
4
612
163
816
184
145
155
365
80
13
367
310
901
319
731
419
132
165
619
583
337
71
568
92
111
371
509
125
61
13
223
408
240
648
19
962
370
586
736
463
229
276
348
93
119
724
728
511
362
368
126
55
563
49
326
302
162
560
104
154
477
181
203
350
698
845
90
324
466
382
695
195
194
287
737
21
368
482
97
47
636
545
544
67
81
454
248
355
433
529
89
256
680
753
489
215
420
589
130
206
17
74
259
704
329
210
820
570
120
529
95
552
415
866
644
74
431
716
359
567
519
91
14
323
600
833
123
232
197
578
18
12
659
513
2
461
492
698
153
443
182
27
432
373
212
594
622
99
153
40
273
488
86
796
239
502
747
17
291
253
186
220
723
648
530
225
283
419
517
684
208
237
632
21
633
275
16
713
636
659
350
249
359
285
194
97
487
49
416
581
183
128
110
514
266
757
223
171
238
52
813
130
566
85
99
713
111
601
532
113
92
191
73
202
295
197
481
346
410
212
389
690
890
22
126
176
435
181
447
470
438
843
26
23
245
791
277
60
675
118
15
32
60
182
557
48
5
39
310
719
790
193
330
692
1020
70
422
426
56
418
451
422
161
380
241
62
303
137
191
143
828
231
214
596
138
155
212
108
113
245
147
95
817
55
294
809
785
318
103
780
129
443
61
381
266
136
144
94
79
86
131
344
477
149
486
736
102
28
522
655
1028
310
501
102
808
284
181
365
353
428
318
595
749
22
249
631
175
567
94
250
691
428
106
327
146
110
486
406
190
443
64
341
58
151
311
422
30
808
817
71
286
153
124
579
515
475
328
503
553
623
794
309
430
419
88
18
85
221
77
225
125
198
344
583
587
490
245
49
79
292
357
892
479
69
149
163
405
251
40
259
108
425
44
916
928
114
643
126
248
470
35
394
188
346
585
282
890
536
505
183
515
846
424
281
956
86
619
376
423
190
75
731
447
747
785
433
636
468
70
396
575
269
202
560
119
566
169
696
269
537
936
837
21
776
319
928
103
326
88
355
553
1021
54
327
161
82
61
10
132
166
87
76
241
72
37
486
827
329
101
306
543
521
627
430
189
315
52
176
511
457
135
193
712
574
111
84
33
242
1048
116
467
668
553
601
176
692
170
455
246
387
474
8
15
274
63
168
4
710
164
534
787
815
34
191
754
501
29
51
240
3
344
670
337
95
618
115
127
125
103
29
616
929
54
554
144
605
683
90
205
255
89
323
224
447
695
105
78
806
355
159
678
16
605
431
461
299
28
13
105
496
63
945
211
894
162
643
431
190
448
580
275
215
749
2
259
599
207
52
118
220
327
592
750
961
743
233
485
299
429
47
785
122
203
492
198
298
425
795
479
549
363
191
82
675
687
71
277
67
266
566
73
151
396
244
466
48
30
154
377
140
169
285
121
224
718
306
211
883
244
192
116
839
368
33
118
307
95
730
977
435
166
543
241
923
155
431
569
354
207
842
828
192
193
301
332
340
276
309
235
469
276
96
60
278
404
329
355
272
773
83
513
391
854
299
390
643
269
657
9
612
462
610
295
91
471
46
341
174
15
54
330
31
95
347
547
764
527
397
129
765
561
654
173
438
3
752
140
784
313
229
205
287
318
465
113
28
199
581
64
632
610
314
995
186
529
83
30
434
66
277
420
255
200
159
196
316
418
7
142
465
122
248
70
131
810
228
402
456
292
114
391
72
29
741
154
293
105
665
355
966
639
542
764
9
519
66
454
820
9
625
225
750
202
258
27
131
188
391
312
55
264
499
191
719
803
139
518
177
20
505
179
319
379
416
407
657
262
519
391
137
430
473
16
383
303
131
783
641
175
253
168
12
480
603
290
83
57
103
305
127
786
512
83
306
245
131
564
402
403
151
234
345
699
655
71
599
369
453
3
369
80
731
27
441
41
455
55
330
247
43
522
284
770
20
204
649
469
685
676
76
338
270
483
167
537
181
440
254
40
902
838
444
574
660
71
263
221
407
468
395
386
1003
176
141
404
37
118
368
273
535
454
421
883
408
341
120
43
768
946
242
662
388
191
67
135
302
499
561
576
409
268
960
588
820
362
168
189
846
386
146
102
20
105
520
449
568
291
24
679
429
203
616
223
216
15
511
259
791
153
432
416
585
344
764
799
264
426
121
881
289
710
316
362
269
312
132
730
250
70
63
148
403
13
520
205
414
544
46
787
253
62
338
2
402
475
57
257
435
770
53
276
69
934
187
170
36
187
224
949
137
32
37
15
366
506
321
62
596
347
19
135
376
737
256
176
468
649
501
122
176
882
369
80
9
46
762
4
48
230
519
307
683
790
254
116
518
44
222
360
52
162
236
203
500
120
490
53
46
204
767
645
91
68
594
533
346
276
866
149
360
260
416
643
179
659
352
85
338
55
497
319
123
28
727
114
768
676
192
7
832
230
278
151
687
695
795
120
249
336
505
144
356
635
542
121
47
355
429
242
7
881
240
606
158
4
75
287
703
656
17
151
348
637
736
2
348
806
278
204
785
439
803
89
782
53
286
285
60
23
261
279
170
274
196
513
398
453
497
149
195
116
444
670
754
132
468
563
42
9
100
77
362
748
176
752
350
584
256
596
569
440
64
483
202
10
196
303
697
131
202
398
477
41
108
713
137
446
5
50
157
226
44
304
887
627
167
267
61
531
301
247
240
839
710
455
224
586
296
518
176
180
116
47
769
17
246
341
252
746
473
336
532
61
140
889
625
488
11
281
213
332
161
23
573
200
90
951
237
845
802
229
332
566
290
752
7
192
16
586
278
443
243
737
756
512
309
330
486
88
101
243
415
71
67
135
257
591
65
4
868
587
164
85
811
251
843
1006
47
18
298
193
276
454
250
386
45
393
177
306
639
395
48
131
172
74
37
481
52
633
656
357
527
253
423
139
600
330
575
412
403
225
3
787
294
714
92
110
703
223
175
116
9
988
291
745
140
130
300
83
264
359
73
125
83
582
348
329
618
117
726
363
68
898
168
344
282
633
102
393
675
895
640
122
314
575
717
117
443
622
21
706
515
681
44
220
259
115
517
1
248
582
739
582
801
41
171
530
61
327
10
546
140
4
193
44
494
137
237
567
492
303
704
666
321
130
234
134
21
283
33
144
872
26
243
293
162
329
902
748
324
98
564
176
97
209
546
547
231
19
89
241
506
503
332
92
137
168
42
293
168
130
22
778
26
58
270
28
200
823
207
635
251
270
86
754
978
385
262
280
408
336
639
382
676
288
131
200
179
677
130
188
208
100
571
799
438
960
177
132
290
325
873
757
810
148
254
524
1011
198
132
593
1000
558
451
751
629
974
321
487
164
747
93
131
368
175
692
92
402
501
169
67
483
109
879
173
73
459
731
744
95
142
480
287
284
313
635
570
562
189
315
215
329
556
167
255
144
404
40
459
395
295
318
786
209
971
740
591
166
539
30
332
991
352
196
29
35
503
98
11
283
110
410
457
603
80
187
437
90
594
470
852
157
141
392
150
133
173
222
208
180
53
271
649
172
252
497
74
286
784
326
944
469
1
55
137
754
364
109
28
732
123
292
480
232
108
164
20
526
277
266
250
218
192
257
168
593
911
5
92
508
195
815
458
245
857
136
1010
62
474
776
34
327
29
210
21
44
19
597
200
359
111
264
321
52
204
12
35
59
376
17
166
67
624
591
42
80
124
258
575
158
58
30
603
97
694
150
86
604
269
116
619
9
325
139
525
778
201
439
777
125
312
633
582
473
278
70
521
823
246
315
157
820
37
12
622
171
393
14
441
71
36
495
156
372
210
42
430
206
19
160
195
689
704
83
58
230
30
428
7
502
5
350
238
337
163
259
283
63
540
62
112
622
45
117
1039
243
87
311
319
460
124
245
343
480
41
804
315
221
242
330
582
421
448
246
140
92
581
244
251
352
500
143
424
111
109
46
430
107
516
506
60
117
584
487
662
43
72
442
106
128
25
372
456
241
425
334
476
455
241
238
147
109
274
539
132
87
261
598
459
497
595
10
227
144
185
944
460
35
574
260
250
214
621
715
945
428
75
501
262
716
715
34
543
225
609
165
641
242
4
131
972
242
171
509
231
503
437
465
415
5
185
212
645
139
327
428
352
468
353
131
54
164
303
734
832
867
173
187
435
46
213
34
70
434
571
106
255
102
599
477
569
197
343
169
652
302
166
320
187
561
328
982
521
601
41
193
161
96
695
206
335
79
218
343
52
62
338
442
230
135
75
308
136
340
134
29
386
57
45
916
87
470
140
759
734
484
324
339
664
197
267
717
260
86
125
107
726
616
94
308
48
421
456
179
446
157
83
549
456
452
862
613
557
550
780
362
565
205
630
902
209
79
51
291
128
931
681
209
229
546
349
762
581
49
266
379
556
559
118
127
264
493
366
495
287
463
73
507
43
292
158
611
567
151
171
160
34
30
37
374
448
96
325
169
98
48
119
179
370
134
12
260
325
144
894
458
15
248
68
418
287
194
279
597
5
276
367
94
340
231
97
525
231
74
130
879
128
496
155
174
227
166
47
337
121
377
211
149
175
698
576
784
178
33
270
30
967
22
266
366
166
577
457
492
366
238
148
153
241
467
37
625
231
211
141
415
845
245
870
405
461
716
343
125
611
552
63
520
441
143
280
866
40
18
675
346
388
99
359
248
265
545
335
84
787
803
37
319
87
325
751
7
184
387
336
158
192
193
696
1001
119
7
731
314
628
38
527
321
234
454
897
629
337
154
166
56
40
279
353
646
225
234
167
38
99
557
290
388
538
418
300
406
614
477
91
267
736
83
238
632
619
131
376
536
950
506
713
392
746
117
240
248
439
548
364
705
856
93
166
536
645
477
272
286
271
512
291
416
91
260
175
364
980
726
169
212
210
50
349
277
568
8
515
557
118
209
592
72
855
114
84
851
910
527
411
185
460
813
498
207
236
551
415
16
632
199
48
668
392
347
682
71
83
436
115
51
156
125
159
304
1023
304
143
14
31
480
582
105
399
326
674
236
127
47
620
392
387
542
583
88
844
128
103
202
792
92
259
247
778
647
11
674
499
64
352
637
509
42
280
971
574
304
666
210
210
280
117
468
7
543
587
179
212
451
882
490
345
115
771
127
57
250
111
703
919
855
113
163
90
423
528
84
686
344
532
137
758
770
240
100
392
326
262
626
795
195
98
167
184
903
278
130
160
163
117
92
585
530
908
59
21
75
258
178
9
550
40
691
47
288
42
109
237
283
439
437
15
588
1029
361
337
681
284
416
168
919
41
822
263
479
805
748
162
27
434
72
895
59
71
280
503
545
59
993
315
982
218
247
324
404
661
220
260
331
426
424
176
510
368
498
164
184
61
539
507
180
448
148
507
38
116
146
281
714
181
299
300
205
261
492
296
328
104
709
781
425
15
748
136
278
693
665
693
170
548
545
119
341
253
199
106
184
194
252
235
430
152
253
112
332
77
205
1
180
158
269
651
686
300
182
201
296
62
501
112
269
702
19
45
462
212
479
179
192
28
919
115
215
385
346
597
422
659
86
337
501
272
601
681
341
30
540
455
425
662
158
239
20
90
222
611
287
1000
17
361
778
246
572
926
142
721
167
477
70
202
523
116
431
463
222
113
244
78
166
691
265
782
242
622
6
824
614
691
474
293
254
405
683
254
838
94
308
684
97
197
120
461
423
449
856
57
18
490
711
430
238
170
38
1029
684
943
277
29
368
141
76
97
862
166
815
194
30
28
140
133
481
26
141
364
578
139
160
455
899
203
739
580
801
326
310
757
21
41
285
691
255
317
10
255
406
980
521
28
127
67
570
4
310
318
613
850
225
156
217
27
117
252
415
357
19
470
269
883
569
89
258
413
306
598
101
454
524
863
279
262
353
197
109
150
768
239
516
838
721
330
785
388
314
805
527
165
614
122
207
345
200
415
895
550
421
441
689
426
450
66
898
63
967
542
213
315
151
345
761
54
287
554
251
86
287
549
31
361
128
762
446
200
745
663
173
285
17
11
241
197
99
2
27
50
905
48
343
278
456
393
386
493
712
490
424
66
260
309
479
733
469
387
848
366
431
5
142
184
72
33
70
361
326
460
271
430
114
562
670
47
113
446
456
491
592
820
368
793
696
366
183
722
184
268
236
4
439
644
166
357
521
114
468
155
302
402
137
552
553
875
41
115
839
384
419
44
179
254
546
145
131
251
160
730
2
22
743
563
405
66
446
362
109
419
327
731
375
350
321
131
530
286
124
371
44
21
622
130
359
133
432
251
13
162
604
410
582
136
825
746
330
286
508
775
779
124
585
277
364
139
724
686
556
666
650
34
850
381
498
276
84
624
363
2
71
231
768
35
108
3
390
296
147
629
323
164
19
187
355
735
409
309
127
289
32
592
392
657
270
699
137
238
668
93
608
182
62
49
308
92
689
235
665
640
619
291
65
162
384
112
303
142
366
217
158
46
627
29
924
176
568
54
166
201
630
57
34
124
730
58
362
181
377
112
223
489
131
96
440
1019
699
51
167
384
314
461
548
532
213
13
501
178
236
256
63
108
103
417
171
493
260
219
483
405
254
66
725
371
573
476
20
247
133
104
417
135
348
755
861
234
45
861
153
84
379
930
473
316
160
462
388
661
521
251
458
749
164
117
463
644
113
81
212
366
684
99
419
725
65
243
812
47
304
725
449
257
20
612
781
484
757
443
377
491
84
764
220
721
525
74
418
224
184
175
9
267
118
38
279
357
714
867
132
587
204
809
615
81
65
697
572
452
206
224
134
400
90
351
390
654
177
28
99
466
44
851
565
994
69
883
273
40
595
146
56
471
184
51
534
8
467
37
896
694
506
444
577
30
693
2
58
96
102
245
398
145
59
47
98
278
556
396
31
92
383
749
569
183
993
7
674
334
815
477
537
363
407
23
466
52
82
332
606
200
356
105
50
479
336
560
712
302
403
432
328
961
212
456
212
107
328
11
407
305
441
558
389
42
106
275
196
367
655
177
756
557
477
702
34
611
477
624
869
27
798
648
540
384
304
410
306
17
462
460
412
119
2
77
648
231
299
97
742
28
397
472
735
344
781
702
116
44
582
5
732
379
55
480
402
137
69
701
92
290
152
173
756
482
652
167
247
748
641
429
98
31
306
704
600
283
104
94
188
34
776
305
334
24
283
264
290
667
311
105
451
197
192
583
31
383
250
326
551
306
147
138
389
247
492
233
771
869
135
479
74
294
27
242
17
243
77
15
144
627
682
388
813
221
107
598
702
749
475
266
234
727
454
862
165
342
735
22
541
580
945
734
982
644
172
34
358
423
630
42
198
379
172
462
51
71
225
149
261
425
88
666
191
170
358
230
7
220
180
192
516
683
297
217
450
374
23
104
402
432
711
181
122
211
448
354
441
627
70
393
138
146
240
300
103
601
357
320
466
296
199
127
242
281
142
647
557
579
369
504
428
209
621
86
134
149
56
275
539
479
56
97
701
369
23
64
822
556
827
47
85
177
952
265
432
29
284
302
835
148
796
929
688
233
110
651
181
213
411
387
95
699
177
187
594
752
442
208
982
688
302
395
356
644
388
686
146
144
134
258
275
386
876
298
209
15
500
8
159
394
166
701
305
709
569
68
57
247
502
154
161
309
269
40
642
331
576
199
474
82
204
808
446
798
471
264
556
412
735
799
150
877
72
299
835
524
632
891
815
86
96
548
299
135
168
132
175
537
55
701
44
253
219
473
320
814
43
768
765
39
391
44
23
26
823
424
199
291
258
199
388
203
965
258
135
574
312
384
117
208
367
490
126
838
482
19
205
292
282
344
766
160
540
58
599
44
155
63
941
324
253
215
522
717
176
225
101
412
127
109
167
357
373
248
11
82
408
515
569
67
93
96
612
440
220
271
522
577
228
279
411
608
227
595
116
744
443
294
38
918
126
334
596
309
505
61
47
529
517
174
831
197
487
106
147
986
344
479
351
299
712
5
288
508
278
138
484
337
146
742
27
576
137
305
234
48
333
434
386
420
194
216
47
274
207
558
40
471
44
13
822
169
177
639
59
257
162
52
502
833
179
37
213
247
482
439
253
632
655
203
107
72
423
3
175
348
35
299
179
414
312
272
495
294
338
205
212
489
18
131
438
34
459
371
714
227
77
345
302
730
42
113
311
114
23
98
1049
289
743
152
472
708
670
829
171
352
354
44
107
52
330
406
120
137
534
341
615
255
257
511
208
511
134
788
396
50
718
287
516
133
239
39
103
574
671
286
242
562
120
76
184
405
444
216
82
207
180
870
551
374
805
490
641
898
73
281
532
416
89
120
110
169
500
734
191
67
884
23
406
122
568
459
188
136
425
539
768
116
8
231
202
104
755
529
153
337
69
679
108
465
467
709
612
723
560
265
208
320
70
178
106
178
653
139
38
133
658
755
161
580
705
92
335
57
182
717
649
49
568
540
610
115
173
97
171
421
172
49
316
290
17
479
736
318
534
341
114
18
821
10
345
347
120
816
277
605
104
73
448
109
34
962
770
21
817
225
606
242
629
599
30
41
11
1068
140
369
116
238
157
158
190
27
9
429
349
176
44
206
323
327
5
172
211
7
729
164
68
928
54
449
451
299
319
792
881
280
255
692
763
79
775
392
805
194
144
809
275
346
412
579
350
714
943
50
681
577
141
179
560
730
176
730
118
458
391
89
276
233
352
241
341
408
755
191
405
509
11
733
588
194
14
148
814
499
732
353
608
604
334
378
807
1023
82
274
375
492
29
409
10
1017
710
342
832
327
310
309
481
121
393
909
552
353
214
228
39
456
693
150
828
554
710
610
103
308
5
755
279
5
90
953
478
190
531
75
160
263
824
747
359
144
686
14
222
30
699
637
177
35
1002
645
471
468
489
230
496
222
113
95
798
669
183
468
99
723
478
899
681
76
309
145
518
171
448
542
103
771
712
274
203
104
449
135
245
128
64
730
131
17
95
145
303
296
143
151
207
65
145
715
299
356
692
193
86
167
316
175
510
340
378
97
464
498
17
501
112
568
130
93
182
413
93
119
447
86
190
64
115
104
144
636
296
903
303
28
501
70
129
247
36
17
559
167
406
222
543
21
152
86
453
134
547
439
955
575
233
824
551
401
2
596
679
201
113
170
49
553
377
278
1002
345
115
167
110
305
660
345
208
8
650
904
472
771
756
282
699
56
432
63
26
54
62
3
932
468
1010
210
291
409
13
332
166
798
387
437
630
773
99
374
113
335
424
337
119
383
164
293
8
263
198
715
121
70
876
132
182
103
242
335
23
617
731
252
140
534
16
19
373
297
447
102
461
172
60
232
474
826
140
4
125
345
166
57
353
340
524
448
127
46
218
170
121
373
150
349
85
753
391
265
184
407
234
529
312
82
303
601
680
301
166
799
38
183
321
18
596
388
724
267
518
25
475
920
337
323
189
672
101
663
594
632
786
209
858
175
265
33
345
606
1033
509
20
467
422
388
738
234
112
199
635
44
589
451
6
909
8
285
361
36
630
106
310
167
366
394
424
262
263
69
432
321
157
331
455
482
403
755
71
340
626
136
417
953
220
58
811
2
547
594
426
28
489
164
248
282
280
231
200
790
748
437
77
40
992
535
547
364
65
481
312
20
50
554
580
325
120
275
192
496
315
198
625
157
806
347
411
716
374
136
37
509
143
117
96
392
346
991
626
240
24
310
421
205
61
562
76
90
67
117
883
90
516
253
249
336
385
951
567
353
24
495
50
96
120
11
70
146
90
418
464
527
247
39
464
328
814
507
577
186
192
143
32
82
155
796
87
355
39
165
453
108
293
71
340
736
146
117
836
296
620
440
208
108
33
316
380
281
120
557
158
365
297
648
546
119
341
587
271
730
345
872
11
316
781
492
455
147
191
874
804
704
296
28
69
276
259
38
142
45
83
105
253
481
63
89
169
32
21
419
72
619
6
368
282
405
220
425
955
532
676
303
545
245
256
401
275
295
557
421
461
86
597
268
50
113
613
397
154
703
951
416
337
537
503
53
99
124
214
9
863
291
369
656
153
540
493
110
511
407
760
222
572
708
780
15
426
116
112
625
262
758
65
255
92
404
393
459
4
359
614
183
403
112
680
475
73
567
711
560
536
229
76
243
308
291
187
6
964
44
48
154
316
134
135
50
305
557
50
148
324
97
642
604
121
811
131
37
40
212
509
223
927
81
560
639
478
191
536
603
112
286
20
52
157
839
366
322
285
118
394
14
401
149
788
485
103
145
36
182
437
250
252
44
422
234
71
459
539
79
541
160
477
658
582
544
989
329
379
206
201
448
365
43
846
86
549
324
628
293
103
201
54
532
185
152
370
128
585
531
56
668
201
405
689
385
621
108
974
129
752
229
545
227
74
580
126
564
259
95
496
341
48
380
7
104
275
199
725
144
24
144
326
696
472
449
892
68
154
692
548
403
23
448
126
520
254
51
72
236
702
293
390
211
547
559
632
19
432
853
67
112
212
157
475
365
246
540
111
468
670
600
39
236
963
472
91
157
209
361
74
293
415
332
567
334
762
416
269
406
111
11
72
484
413
87
625
276
51
357
854
826
198
722
827
154
642
154
119
105
449
169
755
231
596
27
462
12
847
410
943
236
356
399
651
905
262
306
205
692
26
284
753
8
567
194
184
232
644
26
172
523
487
133
794
355
378
603
126
706
790
311
82
56
90
221
171
15
43
834
122
581
202
124
276
304
320
398
477
58
329
493
26
500
288
336
392
168
952
488
296
284
229
52
473
205
310
216
213
754
95
144
217
882
678
646
104
623
189
343
759
457
437
352
468
808
652
419
232
41
412
709
531
754
644
696
71
124
21
333
95
813
284
806
389
589
834
7
798
516
675
800
652
271
200
839
643
350
93
937
230
190
439
175
543
231
501
184
169
237
50
427
667
382
152
84
289
621
303
222
746
470
122
3
684
416
322
34
474
690
402
438
796
370
520
299
140
371
194
427
683
332
634
248
105
339
529
93
451
773
306
22
489
735
229
772
639
302
115
765
171
252
343
432
64
700
24
323
116
13
367
247
46
312
578
773
499
366
192
706
71
556
31
604
427
782
99
173
413
226
576
585
319
95
687
297
226
600
744
249
348
190
594
473
403
353
455
925
226
406
753
541
274
358
200
553
429
447
79
211
74
419
226
570
115
78
67
183
605
745
436
555
179
256
293
596
567
265
72
352
377
627
797
302
346
518
454
125
56
428
247
631
442
81
517
290
218
291
357
308
185
89
158
114
241
527
59
244
451
211
73
204
88
286
370
710
309
363
487
396
155
235
271
508
983
762
727
539
324
980
184
204
24
520
39
195
784
351
68
299
122
661
544
906
132
268
174
820
598
456
679
246
91
250
113
755
533
514
465
658
47
62
83
179
36
239
645
45
67
634
396
85
520
165
295
361
355
134
25
682
237
353
529
360
437
543
306
174
227
286
86
391
278
360
306
266
298
260
169
401
10
387
230
56
180
633
333
364
273
182
418
633
65
481
258
170
343
11
43
199
254
585
380
416
525
134
56
400
683
59
12
228
406
542
318
842
780
629
696
262
593
104
344
661
24
223
178
468
251
111
525
453
35
380
217
119
23
282
216
68
993
343
242
387
726
583
669
80
45
99
648
982
129
140
288
499
132
359
404
270
131
637
785
344
197
91
454
643
8
352
266
649
70
392
685
205
611
236
311
16
59
422
352
204
586
279
225
998
392
400
444
604
798
482
460
321
291
127
580
569
210
418
476
434
420
187
1
149
357
224
36
352
685
357
184
204
387
884
205
260
796
620
255
6
429
1008
138
194
759
407
12
797
474
216
412
368
411
15
699
359
332
461
548
21
634
901
716
843
795
387
156
756
6
585
293
221
50
389
776
225
395
289
291
73
35
481
386
153
29
346
493
737
302
154
510
906
390
61
7
708
469
140
369
134
420
43
139
719
75
703
112
532
516
115
490
542
48
369
827
634
741
1003
559
154
524
156
323
917
99
344
31
472
129
400
199
203
367
15
308
485
74
519
280
52
135
192
33
967
291
530
321
628
127
10
315
872
19
139
846
448
115
78
374
683
978
9
411
322
162
115
100
527
276
652
282
59
405
430
131
60
295
675
552
849
56
533
791
246
479
142
413
5
253
64
584
992
116
476
31
159
344
183
270
129
31
117
466
755
602
343
424
307
143
6
784
238
128
289
475
202
613
793
730
520
431
799
152
292
424
162
928
625
348
383
194
282
203
295
137
693
329
312
401
819
141
485
172
380
14
24
134
20
271
626
247
135
112
431
95
38
884
137
370
185
852
120
429
175
624
101
717
556
330
522
546
10
8
417
25
764
135
326
43
4
860
139
241
302
812
334
235
478
465
459
245
122
284
17
805
156
910
20
411
93
22
316
598
372
143
347
386
698
246
154
244
481
239
258
265
238
697
21
343
767
701
871
767
277
425
5
91
30
90
126
659
356
663
387
149
208
408
209
7
620
468
39
958
879
923
292
879
37
25
385
560
591
577
62
111
62
175
255
49
339
667
147
254
411
457
153
442
719
160
479
227
166
394
600
443
248
438
170
666
937
195
925
234
639
844
593
738
326
672
90
241
122
270
694
953
890
48
696
606
493
348
313
350
255
194
481
330
229
27
209
306
56
354
617
144
174
25
197
46
89
547
487
102
300
661
114
682
170
246
723
408
114
425
66
527
462
918
776
842
72
388
376
448
433
91
180
525
580
864
723
624
737
80
250
823
115
576
183
832
59
350
695
832
114
562
864
949
543
237
281
102
189
531
445
275
138
339
722
220
35
685
461
35
465
770
175
47
570
681
219
809
130
245
29
269
80
915
344
548
829
743
184
184
298
295
378
4
96
758
782
99
167
833
758
150
401
4
529
530
69
187
120
479
666
151
747
805
565
636
477
321
229
43
52
511
1024
456
300
379
438
225
766
854
826
54
453
177
490
684
463
526
587
58
92
379
227
154
614
323
33
560
792
428
115
231
63
813
202
278
551
332
369
318
165
757
33
804
438
112
38
112
129
442
504
85
734
336
497
62
545
115
183
189
294
365
819
249
848
493
143
694
503
167
65
918
474
162
350
544
117
226
358
697
94
470
623
840
681
131
452
60
468
156
789
77
262
401
365
299
157
404
37
810
230
194
262
91
182
383
139
441
232
40
17
230
172
162
834
610
426
748
145
488
325
872
264
136
302
169
520
410
244
340
180
77
497
491
681
61
791
89
274
758
686
869
159
535
613
589
441
444
136
575
238
905
252
539
130
53
19
65
48
633
487
537
525
792
817
893
385
42
613
397
376
637
95
919
756
384
607
229
99
391
83
214
835
644
246
681
428
428
1042
472
21
11
691
539
19
234
30
160
474
72
475
681
6
834
238
821
588
331
55
291
28
6
289
836
733
821
69
541
773
41
423
202
605
37
319
483
142
233
326
40
202
313
229
136
507
383
211
168
17
221
215
470
672
777
200
584
49
119
307
118
262
188
27
618
966
738
465
401
527
126
235
323
454
481
630
511
9
115
707
127
386
802
206
558
378
475
710
175
310
257
107
761
470
69
99
598
455
1050
563
691
32
350
59
403
619
311
256
244
437
283
231
709
211
734
218
18
433
213
606
157
16
734
371
14
332
658
44
483
730
62
507
67
759
146
409
164
405
42
414
204
736
818
491
36
446
23
233
93
37
156
110
60
828
80
35
225
344
402
196
780
603
574
400
439
476
94
40
405
336
307
525
152
190
451
622
570
16
244
589
845
11
329
508
177
498
37
201
263
71
361
710
792
346
418
246
236
188
178
18
47
127
710
165
703
407
404
288
840
51
410
425
553
278
218
291
710
928
81
108
318
304
439
831
230
497
495
340
636
818
223
248
279
50
783
24
434
180
99
683
712
687
247
814
289
756
429
521
479
89
642
219
562
648
349
625
948
672
240
202
926
48
23
934
21
162
332
364
306
100
102
776
527
520
49
306
252
886
130
893
273
689
629
474
183
420
938
563
730
638
473
765
77
76
165
383
431
52
194
316
201
321
429
77
5
125
118
582
469
158
612
66
470
37
431
121
251
15
155
307
693
537
292
458
533
193
826
121
181
73
713
148
236
758
176
378
732
17
52
754
433
523
73
412
759
292
521
224
602
16
103
798
287
297
386
367
761
496
855
448
684
399
24
518
535
733
217
692
189
464
535
773
363
243
626
471
215
227
323
561
782
241
494
374
222
184
173
559
211
555
611
295
656
283
228
218
399
52
31
562
242
76
118
374
116
5
31
878
249
616
870
604
604
357
81
744
669
246
31
678
54
426
366
439
769
455
243
418
516
128
638
652
612
318
430
508
481
385
100
580
589
565
203
468
485
331
684
70
58
201
264
316
991
737
94
424
351
245
262
202
211
606
107
303
345
667
365
394
244
29
485
542
446
320
232
494
141
18
377
103
99
146
561
438
196
188
116
50
1009
353
282
239
115
360
32
659
264
292
75
553
540
61
264
777
358
107
184
167
476
315
371
415
510
431
362
147
716
166
238
176
13
403
118
629
65
126
242
73
617
234
717
274
531
819
59
216
656
871
332
225
270
752
499
789
26
19
392
23
275
518
445
374
481
779
246
331
45
31
594
331
229
79
416
28
298
162
283
90
212
261
357
649
27
572
280
334
224
316
148
448
155
6
342
79
108
79
784
582
251
512
90
91
78
249
335
75
88
637
183
196
287
280
4
324
120
228
131
66
358
855
842
541
286
667
421
442
126
299
525
54
344
865
240
309
258
153
214
226
300
19
209
29
26
437
282
200
198
617
7
62
237
360
192
139
675
689
455
872
570
37
119
332
135
267
200
483
639
378
97
327
312
248
43
865
382
806
328
42
48
473
534
470
315
244
293
271
207
139
96
374
830
759
169
39
399
369
407
115
114
39
891
8
731
624
63
157
920
302
536
243
859
159
510
175
433
537
164
39
305
231
231
358
385
891
308
812
57
277
364
49
48
165
65
368
543
764
65
220
290
237
418
382
627
201
101
268
329
51
137
661
95
195
386
652
132
595
630
410
13
99
283
157
344
198
506
4
137
377
13
342
786
862
265
74
242
281
133
53
72
105
229
190
111
360
25
46
529
107
32
3
83
256
412
528
891
147
332
62
212
106
47
536
204
103
479
375
690
350
176
47
254
308
137
208
178
457
114
160
611
685
708
405
207
480
571
649
431
754
214
101
61
181
174
409
748
442
592
605
733
3
606
419
452
269
234
364
18
607
574
107
642
445
226
224
691
413
638
108
707
509
569
361
730
788
161
179
866
284
71
656
449
384
117
277
436
171
663
546
305
215
54
32
133
246
505
679
754
672
792
273
475
448
336
92
346
36
183
523
11
279
288
275
186
924
744
344
137
44
623
250
272
36
56
325
210
325
1008
526
619
74
525
248
72
593
246
159
320
443
290
108
813
576
118
135
604
928
333
482
416
338
548
558
302
65
782
599
392
491
22
795
304
600
154
134
100
145
476
371
345
779
362
139
4
949
998
534
875
798
2
155
255
353
288
13
330
45
282
609
341
205
446
115
746
207
224
147
36
179
687
248
184
645
399
422
698
310
714
217
731
209
51
901
780
193
620
927
447
66
474
104
200
867
167
309
557
678
886
592
858
398
541
114
259
328
336
411
241
122
311
219
704
421
309
116
554
422
481
116
144
382
293
143
5
932
202
153
29
535
564
546
206
93
185
636
352
285
442
112
348
834
36
587
584
433
528
21
151
359
416
359
450
400
348
471
671
277
288
361
430
261
844
730
144
338
613
743
22
990
61
52
19
353
172
39
97
691
522
793
42
321
112
514
431
752
205
122
750
378
464
548
114
894
96
37
246
728
708
39
754
198
611
77
709
118
302
408
203
527
902
114
215
192
69
134
121
567
384
152
62
202
386
355
332
280
676
617
86
723
59
462
697
336
498
213
441
245
157
426
111
705
812
377
338
191
211
195
743
358
149
292
133
118
257
918
684
299
124
151
386
418
216
100
1027
211
426
183
476
544
677
99
383
377
203
311
725
182
732
429
336
299
77
735
609
701
293
675
192
197
364
5
230
765
695
180
384
138
579
121
100
154
109
702
505
475
495
502
572
223
447
169
248
492
405
386
34
15
330
71
612
151
200
669
383
256
50
891
4
213
139
96
343
92
163
511
433
482
777
616
63
73
175
207
216
483
604
84
203
389
23
246
568
393
178
282
50
797
44
412
70
729
843
125
185
263
642
290
187
272
33
868
777
302
541
247
450
305
456
130
361
195
428
356
411
156
27
279
139
700
328
25
400
95
588
396
988
508
393
561
659
918
91
808
569
353
225
623
367
149
488
338
258
913
341
19
47
281
357
3
531
21
330
406
64
493
386
59
368
420
5
541
237
92
29
361
190
181
39
143
378
245
396
825
868
340
81
256
116
247
435
538
464
473
413
381
312
690
264
763
155
597
94
320
134
96
111
81
372
279
354
172
215
308
227
417
181
101
354
40
400
542
118
238
309
47
118
180
8
369
518
786
15
725
142
700
609
5
437
563
231
379
150
284
45
6
484
78
476
914
662
134
223
603
621
669
360
109
465
336
99
892
616
77
157
333
131
614
71
144
247
617
876
632
32
182
130
637
367
751
352
453
225
159
377
168
188
487
358
122
146
808
662
377
156
183
327
88
593
758
89
622
116
505
961
223
36
162
215
17
227
548
244
256
720
235
974
524
545
522
206
602
475
540
23
111
317
173
267
308
656
522
446
557
914
525
533
285
468
114
416
553
216
133
433
49
439
309
527
269
367
650
425
390
542
463
244
441
756
325
205
18
59
125
34
192
867
82
141
696
773
274
307
221
147
99
94
739
461
720
680
243
488
160
634
249
150
261
248
32
53
83
116
276
635
18
229
553
540
24
658
538
258
500
132
371
503
217
477
903
468
67
531
324
814
138
110
41
237
322
978
358
73
75
453
407
660
272
151
95
354
184
342
231
302
248
172
588
413
420
239
230
144
138
9
204
94
268
943
459
576
775
695
376
599
258
218
502
349
62
336
673
238
501
716
190
896
378
405
152
212
41
263
939
158
310
20
762
321
272
223
458
55
150
1027
89
356
178
515
425
186
717
259
14
567
353
234
366
39
189
182
16
691
455
93
661
442
425
459
635
28
281
794
447
289
69
101
451
209
270
464
217
79
554
522
763
176
195
176
711
406
659
159
86
227
641
210
439
443
12
209
372
188
220
311
140
193
660
255
247
61
16
153
616
232
448
78
363
773
286
452
648
950
922
394
553
492
44
104
901
117
90
427
851
850
192
65
411
448
67
235
28
39
583
395
1
198
233
90
312
67
80
146
64
563
109
659
469
956
718
621
292
272
758
413
314
60
413
66
9
381
939
928
202
311
205
154
722
283
568
145
107
219
406
177
201
675
208
127
169
174
129
27
126
905
11
685
79
449
171
205
231
350
242
158
783
789
440
94
369
145
373
240
66
811
772
502
438
363
838
130
671
135
470
525
758
721
25
68
208
25
475
41
667
27
141
200
58
235
36
633
128
159
408
75
738
47
606
649
742
585
516
443
384
15
769
174
371
461
222
338
174
161
370
359
167
938
566
704
288
92
202
57
227
395
352
412
136
613
87
484
247
918
736
565
569
124
312
294
684
96
428
925
168
997
353
176
726
345
224
234
663
81
249
182
75
766
321
237
141
143
5
861
45
39
49
65
460
89
161
700
340
630
685
197
184
327
171
459
406
584
455
816
459
454
12
375
79
156
107
67
500
274
262
188
158
372
220
581
285
234
49
430
819
271
146
323
384
28
841
292
936
24
786
494
596
128
566
207
30
245
477
265
551
45
945
258
723
783
362
139
970
106
540
97
968
439
24
398
92
418
295
222
316
692
221
640
154
607
49
225
369
230
183
157
92
29
912
339
305
828
115
34
258
262
195
441
445
548
319
298
250
8
886
269
1044
421
765
19
974
118
394
20
240
738
138
202
84
457
610
593
589
563
245
700
131
317
311
222
272
41
45
912
272
61
697
465
630
237
217
250
690
78
334
474
445
22
531
372
108
371
77
356
188
983
601
448
260
16
468
245
76
233
362
459
73
142
86
156
127
85
269
619
67
545
41
370
24
742
222
401
213
79
125
288
224
297
255
316
36
342
255
19
227
146
194
570
305
328
490
17
111
423
189
564
920
239
472
387
464
33
402
631
6
20
460
212
129
964
237
202
249
183
482
317
936
542
51
260
678
447
52
240
536
215
470
82
349
572
776
269
698
688
445
179
701
305
380
146
327
145
801
133
171
175
707
795
899
341
576
107
243
122
652
278
103
579
674
967
647
524
425
73
254
485
63
38
502
530
340
457
256
275
477
410
42
20
77
658
495
29
201
609
105
339
1056
259
2
28
251
617
16
619
503
190
467
516
187
661
128
291
212
337
130
278
442
602
317
412
254
328
337
110
894
161
608
57
527
151
703
3
230
391
746
668
529
363
403
42
816
546
426
76
96
273
511
217
331
703
681
72
297
60
807
598
260
191
436
49
348
944
675
572
293
736
467
536
231
811
448
47
107
454
333
751
901
533
369
759
202
529
432
613
507
212
328
247
768
635
27
350
205
263
246
330
115
1
274
464
756
591
50
150
361
87
969
741
67
21
609
463
22
569
972
905
677
207
256
114
337
116
150
6
119
37
283
464
964
947
958
124
117
273
707
9
1050
156
577
339
849
336
45
294
196
15
431
316
636
75
393
336
60
222
139
77
499
665
325
462
229
205
708
837
621
788
364
120
165
152
217
726
583
249
35
213
203
53
690
390
479
463
169
274
7
899
135
39
54
291
23
650
723
176
310
588
216
88
212
895
596
68
264
275
87
501
375
652
313
607
577
211
101
56
230
501
679
77
605
885
335
401
558
263
98
777
350
445
297
462
261
447
454
703
646
598
253
211
96
561
150
141
254
598
16
356
150
300
519
212
173
559
354
36
167
635
311
987
78
507
638
49
175
666
309
862
554
37
375
273
436
127
318
68
417
963
421
27
74
495
99
594
484
290
467
492
863
163
743
364
438
33
90
30
421
710
323
65
625
769
298
9
513
465
770
631
67
71
718
85
597
206
264
536
35
432
428
264
383
632
689
231
142
66
68
108
336
129
483
238
984
739
351
152
351
253
31
195
45
475
65
781
31
273
106
22
250
265
462
770
190
327
665
5
14
259
771
28
9
294
300
27
396
526
600
727
308
105
94
477
615
991
306
89
135
771
386
96
526
49
7
136
320
205
257
157
25
559
311
467
530
194
95
158
967
483
499
199
302
77
128
232
503
226
106
256
382
512
682
320
249
530
365
93
6
459
589
138
444
208
249
49
186
142
149
265
284
154
408
177
415
636
664
180
488
671
165
208
209
719
382
232
245
741
912
511
319
402
660
66
62
332
162
393
35
489
350
3
243
924
67
3
537
150
431
198
596
357
346
45
302
1
402
562
585
740
724
485
420
293
335
265
1012
47
48
150
350
340
753
134
64
183
462
111
438
265
502
573
30
67
627
91
927
255
47
305
896
171
310
683
87
83
439
135
49
453
370
187
371
360
468
217
89
360
502
159
583
245
169
745
342
579
11
999
629
371
53
520
60
642
163
323
155
276
36
420
220
743
536
175
461
344
636
594
7
430
452
243
351
87
149
61
339
778
645
73
428
327
273
86
52
361
38
267
394
388
768
242
412
109
404
507
583
123
278
50
685
330
533
727
841
65
154
492
807
231
196
485
312
158
438
243
534
778
958
234
533
199
54
184
393
714
777
578
171
482
862
432
24
330
314
432
217
939
636
63
456
925
305
325
5
5
707
279
68
364
179
87
58
239
79
1040
725
554
406
649
384
342
93
241
265
183
385
511
918
74
40
709
108
453
425
88
588
752
90
607
247
702
94
19
538
236
1030
101
588
573
715
414
735
431
677
184
33
211
437
106
426
766
150
676
14
434
633
749
504
39
689
301
772
394
305
1029
760
485
506
111
348
107
3
402
79
275
121
840
108
461
595
19
434
7
175
352
125
885
631
512
835
221
315
494
395
232
382
515
665
417
620
755
258
457
160
425
73
645
226
669
165
410
114
43
347
357
622
492
113
402
674
710
300
597
903
506
102
328
339
871
979
77
906
321
978
229
118
469
53
199
145
669
75
147
52
236
57
614
5
224
298
194
205
297
452
569
103
155
430
202
628
359
223
321
639
738
2
38
355
476
668
191
33
200
268
42
538
409
153
5
213
105
508
329
327
398
131
765
34
289
499
859
355
378
144
534
23
723
291
327
594
55
476
221
205
103
147
148
173
528
422
818
396
145
777
434
688
201
74
415
25
165
409
527
9
381
35
262
401
38
104
657
689
208
43
339
354
58
627
825
522
16
238
238
878
923
561
75
115
425
14
312
173
185
666
384
68
494
96
279
146
761
614
593
45
328
786
369
78
383
102
133
278
869
617
300
197
399
221
223
155
209
432
452
35
350
79
973
568
467
249
103
219
328
32
822
447
433
132
483
131
171
39
66
499
651
230
284
667
372
73
667
169
400
177
61
164
514
588
323
157
414
439
752
738
722
339
1015
331
948
697
856
411
320
35
258
440
559
690
30
237
428
73
240
98
656
69
64
683
216
50
298
625
298
393
92
518
848
267
35
223
242
108
156
696
222
427
630
846
138
133
109
478
2
844
943
498
301
349
58
763
274
781
542
312
1068
343
365
437
965
386
484
126
413
54
249
77
36
857
319
123
274
159
91
7
204
446
294
638
189
85
231
48
68
371
356
569
224
282
555
20
481
436
244
535
588
54
862
931
73
114
492
156
77
35
332
859
369
147
742
244
66
3
301
328
341
547
711
1
571
255
121
302
301
274
65
236
355
493
4
265
223
78
173
519
139
352
293
960
303
575
431
555
123
221
53
859
295
125
293
14
901
35
488
97
87
153
298
46
391
121
754
648
313
645
426
833
137
229
329
336
700
492
130
16
633
478
166
711
155
97
57
646
319
362
7
905
480
354
39
369
442
166
85
216
245
61
167
106
484
164
252
122
26
853
326
573
7
857
639
319
781
159
3
209
389
282
269
579
390
721
492
12
528
652
154
172
187
589
687
500
279
257
840
251
404
131
600
493
789
31
113
311
481
175
89
373
59
273
333
61
375
324
207
68
919
146
259
116
26
339
123
299
710
312
501
447
766
120
211
392
137
409
578
946
190
460
159
38
562
85
648
180
493
166
810
23
508
13
167
682
171
573
184
849
429
443
598
801
70
382
958
493
16
365
570
523
659
407
439
348
32
305
169
580
140
129
208
295
61
397
231
109
218
178
470
425
444
61
604
673
746
302
93
745
329
416
180
590
232
860
312
317
391
194
64
877
754
147
579
116
659
166
27
265
124
213
138
104
504
573
77
140
128
629
313
273
105
706
624
105
55
105
97
279
580
54
222
100
445
429
16
317
106
197
392
98
184
275
587
287
590
674
111
255
659
560
297
115
238
641
286
375
941
752
792
180
877
404
281
545
693
156
263
265
21
650
37
307
622
81
160
436
150
211
111
140
426
94
153
182
191
469
746
32
443
705
550
696
601
2
582
72
169
604
88
483
246
235
254
184
543
388
197
270
251
71
232
404
45
253
162
35
594
339
461
623
300
61
229
207
462
227
672
957
50
499
277
1044
246
670
474
695
287
346
360
181
258
160
204
594
184
481
539
249
324
419
25
414
602
493
484
158
196
633
934
728
47
142
191
190
235
28
437
379
558
34
215
262
103
758
346
355
310
96
104
343
183
327
51
470
488
591
561
132
537
450
583
279
760
26
181
350
223
537
307
71
285
469
400
350
894
46
193
420
272
809
101
107
130
220
284
736
31
332
519
188
688
136
11
252
97
364
55
499
380
710
886
523
252
429
413
194
1
919
493
289
608
509
341
41
346
840
517
72
670
506
478
535
232
474
487
328
267
