212
388
649
160
296
372
40
163
305
173
351
545
116
404
38
101
127
388
38
99
277
638
684
158
363
474
267
598
85
259
65
136
748
254
198
649
424
609
674
717
184
331
683
248
38
473
638
47
355
101
707
387
139
537
322
157
667
226
752
219
239
784
225
201
429
599
39
239
177
640
146
360
284
74
355
182
985
471
470
5
37
10
580
86
62
356
559
14
415
265
147
11
106
261
258
616
337
295
722
97
524
624
447
480
529
532
848
358
24
716
86
435
582
69
235
199
611
629
208
341
16
164
408
427
475
380
73
300
295
210
557
887
33
24
24
157
181
311
472
35
627
426
445
725
82
185
252
673
119
693
207
88
335
654
123
90
18
298
65
115
457
607
678
340
718
190
300
131
672
491
294
290
27
945
486
158
896
502
208
581
229
354
881
932
621
587
42
249
219
160
87
264
9
114
63
307
233
140
117
323
350
650
33
300
617
132
379
363
918
510
21
345
479
359
861
401
419
530
431
525
202
426
95
535
196
353
309
378
902
565
242
90
370
154
451
104
232
527
196
580
118
483
631
737
538
507
286
363
302
406
326
320
104
197
364
390
769
172
965
409
73
211
216
15
305
759
185
116
284
171
396
50
558
577
36
317
202
446
290
88
179
426
238
722
303
100
101
375
26
71
895
297
575
3
668
780
240
207
560
5
312
743
162
445
269
4
86
447
52
148
351
113
937
17
77
422
89
602
188
817
766
537
22
516
336
550
347
114
111
608
95
354
65
82
59
170
472
602
170
647
100
37
644
445
656
317
350
437
620
31
213
52
869
94
831
102
663
798
821
338
419
41
260
39
11
128
67
289
166
544
366
307
533
47
832
519
126
66
48
766
118
241
459
119
253
44
48
135
215
148
23
213
140
109
40
59
420
253
50
593
870
105
889
403
123
371
140
212
448
281
764
518
834
74
31
509
122
181
502
364
148
180
493
706
44
455
175
1001
315
276
519
697
857
83
151
16
274
404
743
832
356
56
52
243
846
546
45
22
422
86
422
396
207
483
791
139
340
329
417
782
17
236
99
422
726
87
349
692
382
124
72
518
872
744
478
118
279
641
446
194
313
386
417
138
792
450
145
11
248
559
794
363
15
146
253
540
476
140
161
326
521
588
65
315
234
144
572
364
772
101
243
499
791
353
3
347
157
98
818
149
150
182
386
96
307
15
248
9
923
417
390
589
683
493
474
100
263
219
103
537
577
669
82
104
47
310
689
276
491
150
307
514
134
505
46
838
470
270
578
138
145
274
168
33
143
258
934
577
671
754
38
164
772
194
97
203
776
40
476
930
179
123
213
694
450
563
661
90
128
483
68
240
630
312
111
436
735
616
316
423
80
465
781
157
566
143
156
73
222
275
528
536
612
39
208
304
290
695
150
396
238
253
259
8
871
277
30
589
675
394
143
284
681
423
89
532
113
286
208
530
709
889
510
49
748
185
519
827
395
10
983
183
941
336
346
402
442
736
379
520
563
355
400
258
356
496
317
129
327
155
176
931
155
41
588
15
97
29
521
706
464
14
826
780
513
108
588
577
21
1007
307
504
535
505
901
137
230
742
320
677
22
521
774
40
162
145
214
274
96
616
751
806
358
41
22
223
200
479
606
341
679
296
51
559
736
69
426
448
442
55
209
748
58
342
495
224
80
18
352
194
537
170
322
56
224
457
787
308
356
306
624
233
242
335
588
290
191
84
169
4
73
495
927
701
132
148
153
293
954
19
200
408
762
395
813
235
60
175
256
75
17
535
41
75
289
191
685
422
160
82
802
227
194
4
265
427
203
162
256
158
5
125
947
568
425
182
262
165
182
89
331
303
409
775
142
507
194
450
773
765
774
174
367
43
240
744
386
75
193
317
546
606
503
367
682
295
17
490
382
577
426
332
290
520
38
270
604
246
677
247
277
188
162
218
211
451
118
112
227
199
161
218
182
294
87
128
95
537
177
131
529
271
352
83
18
150
400
176
58
449
345
334
181
293
15
321
517
222
66
50
8
30
951
635
594
152
497
207
180
148
506
640
861
86
709
72
150
222
81
381
154
883
66
157
154
693
968
836
447
417
126
20
768
134
47
42
35
843
522
1013
204
364
726
254
37
542
27
236
285
362
400
751
569
179
89
586
565
693
23
488
318
164
546
764
508
962
76
260
217
272
450
500
369
132
796
379
525
468
238
290
552
884
103
764
504
414
809
220
230
49
639
112
320
146
424
472
472
426
332
709
383
195
215
457
196
783
274
82
367
921
177
497
362
140
421
724
551
270
531
124
381
508
518
597
395
670
69
825
340
444
99
388
810
55
224
120
481
737
44
837
467
426
14
214
10
57
48
268
629
851
588
445
193
149
145
207
112
225
817
608
210
619
334
112
214
371
563
86
248
992
220
1009
160
542
258
391
271
288
730
157
515
419
55
840
461
682
461
95
936
122
602
8
113
213
479
785
272
91
225
45
335
602
765
6
241
429
157
686
441
201
47
344
196
640
853
297
41
270
175
174
843
708
614
753
51
257
308
400
52
152
532
252
70
854
459
39
225
16
519
531
637
621
410
216
805
998
217
861
939
1007
481
25
553
330
108
634
44
221
68
179
57
76
934
668
216
111
475
979
88
242
8
435
45
507
203
713
848
469
660
503
646
608
574
94
400
612
204
622
39
36
206
505
848
441
60
134
377
540
199
537
56
13
165
741
356
972
74
79
193
40
714
718
920
615
537
365
80
212
45
216
518
124
599
192
710
191
310
826
604
182
518
536
610
504
547
817
201
426
667
30
248
792
206
864
483
39
1032
492
162
140
684
623
307
228
579
425
571
316
8
545
845
392
89
576
7
334
27
254
170
84
492
2
468
744
152
2
707
499
214
406
704
449
527
453
738
486
108
179
205
158
48
241
465
713
160
283
856
596
627
651
409
558
315
157
534
665
606
263
656
546
515
371
340
554
250
483
295
404
458
56
10
476
540
832
512
383
128
397
366
102
8
642
781
168
1
52
475
376
522
452
410
279
607
586
462
716
304
432
689
60
153
596
548
85
494
917
431
120
51
580
309
778
497
526
84
613
306
256
9
275
1051
433
122
204
88
840
428
79
197
143
39
133
493
22
635
116
222
863
68
523
222
496
738
494
138
50
178
278
520
1015
37
797
564
621
216
464
745
342
373
922
415
47
479
524
633
155
626
689
634
347
191
576
399
224
326
212
245
207
107
404
237
241
442
35
586
492
114
687
84
685
419
53
25
120
203
261
628
198
700
103
469
423
299
730
591
700
240
391
521
2
857
383
797
584
124
557
308
45
889
298
642
128
422
119
39
173
318
137
160
981
754
611
871
355
119
240
349
356
111
589
509
105
239
673
673
46
174
528
146
21
458
184
411
401
1016
398
577
455
554
199
788
965
274
419
396
809
221
130
644
921
265
734
657
440
497
72
290
165
310
689
62
548
24
289
776
847
371
710
138
78
372
335
809
401
10
259
118
3
214
470
510
226
133
170
253
8
812
311
817
333
384
337
303
345
455
333
556
148
507
71
663
793
167
28
444
284
104
246
865
194
78
462
241
121
79
66
114
53
799
38
305
614
949
503
553
62
455
929
74
424
922
427
278
313
202
346
571
536
841
53
717
14
461
428
814
471
825
879
150
468
303
686
245
34
293
384
12
304
660
72
584
213
415
775
57
175
278
18
925
435
6
376
20
403
425
143
215
161
184
239
10
466
720
813
615
252
95
638
116
279
293
707
402
632
298
92
26
592
257
281
489
506
317
773
993
249
157
635
68
690
298
244
397
434
414
432
247
460
59
773
200
523
10
340
72
525
271
554
546
300
702
198
138
743
437
161
452
313
321
468
302
115
172
641
572
242
547
35
462
792
328
558
525
598
525
79
81
355
221
126
385
542
409
233
265
981
346
121
846
233
379
190
496
700
266
359
121
565
383
71
323
588
825
150
438
93
605
605
550
355
678
460
9
599
262
56
638
120
275
202
10
398
192
626
18
93
638
711
411
274
413
298
115
822
579
129
135
42
416
33
151
119
493
525
62
70
118
349
693
337
770
456
407
874
251
141
281
309
284
204
165
277
148
36
784
218
513
13
91
802
531
179
32
367
549
410
876
264
483
22
526
652
955
125
108
108
790
291
57
15
265
86
12
350
399
591
515
394
738
645
283
79
120
334
116
550
373
233
441
380
279
209
276
286
33
445
316
301
166
229
265
416
67
683
304
421
148
735
234
640
226
579
639
258
156
512
433
395
59
643
66
605
483
407
192
105
48
597
476
73
202
98
343
504
578
169
49
525
695
774
70
150
93
880
138
108
461
82
388
7
648
344
265
76
897
323
966
261
112
546
71
38
230
107
449
518
167
712
530
967
85
665
86
145
437
4
840
790
96
396
264
247
809
661
168
355
157
222
245
96
687
194
42
228
682
703
205
695
21
119
527
636
312
586
414
832
687
855
241
668
117
598
503
509
492
374
16
627
339
313
724
486
796
117
100
677
569
13
772
415
82
228
457
365
351
643
16
698
701
423
140
603
5
505
72
130
534
137
877
58
557
97
147
820
189
10
923
99
121
921
159
737
96
132
11
226
536
92
256
217
120
272
314
200
585
627
252
432
368
737
132
820
288
65
450
691
455
525
339
701
203
188
184
194
635
458
40
653
15
127
337
4
94
255
677
176
50
334
127
128
317
89
530
110
161
64
848
28
594
394
242
21
153
767
549
731
974
205
388
113
729
464
243
736
142
151
610
111
329
483
205
64
982
611
413
151
312
190
204
323
121
412
555
120
126
564
200
267
239
8
705
326
145
774
443
479
604
98
203
359
580
165
704
83
677
497
91
510
656
86
354
105
701
879
51
498
59
185
806
386
117
476
33
153
234
162
724
257
280
469
286
424
950
534
788
263
265
54
902
326
741
817
105
9
133
471
425
353
594
657
52
27
605
599
70
23
970
690
248
609
230
293
161
139
52
530
165
885
531
140
97
1067
165
758
356
631
103
72
692
98
486
328
102
757
145
234
113
63
481
476
143
370
780
272
484
41
719
853
727
12
285
249
487
668
965
102
171
611
372
4
70
294
156
100
83
593
845
759
173
623
363
721
625
81
46
547
122
460
273
156
534
260
789
592
196
348
227
95
96
105
18
57
396
230
136
117
1016
649
683
252
80
155
18
2
347
772
330
169
347
283
347
59
400
512
728
596
407
205
87
529
185
786
121
462
97
808
35
821
276
652
76
97
6
131
600
559
791
808
111
2
85
614
585
538
488
244
437
37
344
457
671
586
44
59
430
9
227
466
31
123
976
73
273
176
7
358
2
49
554
111
154
504
604
114
196
29
29
370
204
917
388
634
140
651
484
411
568
597
892
648
384
570
309
35
89
974
234
225
245
882
421
28
559
889
249
60
518
682
340
16
585
267
135
77
372
334
206
444
182
517
564
164
127
33
65
437
740
291
125
231
57
197
469
78
40
258
1022
730
466
66
518
331
4
7
256
613
208
1017
482
629
391
79
178
311
507
127
558
34
184
727
191
426
14
53
230
95
131
320
206
485
230
119
186
291
267
287
189
150
3
648
201
420
457
710
665
452
864
751
6
337
532
524
669
836
179
279
952
199
265
259
223
279
138
28
330
492
434
713
300
174
307
230
72
37
338
103
174
519
234
550
329
506
146
138
499
550
583
167
106
90
592
3
307
925
244
102
462
382
600
556
393
556
750
337
108
206
759
461
479
476
226
32
855
154
238
564
177
67
740
305
732
68
968
87
929
9
59
940
718
168
70
300
323
188
413
465
865
378
63
531
27
493
518
330
131
27
529
459
313
244
642
320
929
46
352
517
8
249
414
488
745
422
921
548
514
121
488
12
552
135
638
911
685
231
255
445
51
221
268
496
626
649
54
509
461
361
425
363
133
123
679
56
893
434
156
145
683
252
169
169
46
206
730
324
627
637
32
573
326
103
62
4
616
395
1014
446
805
407
396
61
998
343
194
139
165
556
112
30
718
320
152
543
164
497
578
90
173
382
350
147
85
206
172
298
545
376
300
335
146
327
721
137
328
3
579
123
64
292
254
920
570
5
127
344
819
88
90
86
381
487
488
361
345
535
149
220
587
519
523
99
725
456
141
160
879
109
87
630
31
135
368
174
307
502
116
697
302
344
555
228
138
468
286
762
77
150
179
15
107
731
28
789
203
259
137
617
175
332
74
209
335
141
99
411
388
323
191
315
382
424
609
30
51
112
160
96
324
509
165
326
411
360
492
414
158
36
40
116
183
212
184
392
727
270
40
670
435
115
18
282
519
903
240
354
24
546
257
703
274
453
225
945
104
497
667
24
30
580
138
698
1003
84
395
776
117
184
363
316
339
591
593
76
457
196
727
875
427
110
247
528
110
347
137
446
779
210
390
348
220
177
515
497
487
117
139
887
36
202
30
97
60
149
397
274
533
477
170
186
536
485
108
451
49
128
768
669
715
407
40
267
770
440
200
391
53
180
396
111
429
727
36
11
567
294
389
94
739
335
303
562
60
786
570
192
122
256
298
323
365
460
2
634
4
605
812
515
743
210
31
181
139
903
325
160
668
441
227
11
14
638
448
383
201
529
91
228
168
115
274
66
444
562
265
12
62
658
526
989
327
123
113
186
242
55
72
797
272
352
739
258
811
418
499
523
213
116
586
8
45
80
64
452
3
160
173
540
16
882
118
263
279
368
121
208
226
144
65
622
418
674
278
423
69
277
534
130
41
407
682
671
17
74
326
206
415
333
693
98
188
580
615
367
43
354
239
624
518
452
984
412
100
114
575
50
559
229
94
435
648
490
261
97
413
457
921
194
550
585
149
363
183
198
533
678
745
480
154
203
439
889
370
500
608
51
545
612
366
176
448
294
42
398
526
308
706
396
802
561
197
3
345
68
747
14
123
388
108
53
297
570
129
339
801
173
356
43
694
674
8
360
53
468
19
305
971
363
127
826
483
624
98
453
530
714
382
246
705
703
333
53
477
224
51
502
656
190
461
153
396
648
176
207
335
650
268
465
53
10
170
424
364
581
264
354
173
193
190
859
603
569
586
544
416
343
62
418
785
40
105
442
319
429
469
609
448
301
195
307
298
772
241
461
939
108
812
33
181
183
112
725
203
593
800
426
447
255
215
145
467
31
197
322
544
382
120
881
378
186
502
13
444
548
58
358
40
349
333
164
475
556
32
570
437
347
486
212
626
582
58
871
890
175
589
681
288
507
585
490
832
222
867
663
273
437
300
350
32
748
139
538
502
410
40
76
52
41
350
17
303
260
18
185
948
511
204
428
1008
793
125
105
163
562
491
261
2
795
524
24
668
429
663
400
301
767
31
84
609
55
151
277
689
83
49
201
524
93
315
754
501
254
930
513
555
697
151
338
542
29
295
119
227
833
904
86
183
108
674
589
215
198
172
681
366
859
830
220
76
307
385
240
452
694
151
157
983
775
584
86
149
148
833
676
281
510
108
409
8
698
615
1005
585
184
55
52
121
71
36
364
48
217
191
194
266
328
42
503
1
372
35
35
626
116
941
184
195
339
334
740
433
714
306
18
635
641
385
3
783
181
129
633
250
383
54
338
741
38
895
939
296
881
286
150
326
462
332
222
193
5
189
449
572
2
587
319
165
700
89
112
887
655
361
156
461
21
320
261
858
932
126
104
287
163
358
130
679
265
55
53
141
591
518
97
240
563
170
72
32
219
284
593
529
617
204
259
525
77
746
197
261
62
220
318
370
747
80
259
34
150
144
422
302
481
400
227
526
310
425
788
631
455
1038
200
455
89
146
215
76
776
627
640
284
300
696
602
298
511
391
662
58
515
90
431
565
334
752
69
76
435
439
487
169
786
336
595
56
310
331
46
297
79
926
348
15
385
359
672
228
104
658
780
280
445
955
63
23
201
693
217
919
55
945
21
175
478
222
4
826
362
837
302
595
358
235
290
864
800
766
95
657
110
251
116
631
55
265
164
532
21
412
155
547
21
701
289
359
736
593
299
659
341
291
379
680
85
381
836
499
718
793
255
411
856
258
135
35
335
292
176
357
241
323
133
381
30
607
837
1057
338
414
132
276
310
501
629
46
157
259
185
379
209
587
1019
397
191
330
171
298
425
362
251
420
1045
518
272
274
903
61
245
57
60
319
447
9
572
49
345
221
465
638
779
464
588
298
352
187
424
138
242
44
566
632
526
921
508
78
243
169
935
400
731
129
717
413
851
423
533
148
358
213
170
443
257
442
2
893
544
48
316
253
156
714
531
661
253
550
70
431
421
721
169
167
206
732
678
186
281
914
85
46
106
412
612
674
196
327
421
102
711
317
65
258
24
30
78
190
325
179
204
36
367
408
790
7
95
713
279
31
121
242
38
54
303
221
170
211
38
318
465
932
622
115
235
44
109
307
717
142
24
33
390
262
12
918
372
809
93
252
66
600
13
112
177
729
610
309
420
666
96
227
283
709
646
60
751
242
507
28
766
232
655
156
122
683
421
392
317
113
563
495
258
46
95
108
741
183
342
93
110
167
400
169
156
382
622
645
615
679
524
129
150
618
80
330
757
41
296
747
594
89
667
483
106
592
442
115
491
491
902
233
186
13
51
564
110
468
277
170
60
32
112
288
196
203
156
168
216
150
188
89
157
295
424
274
204
141
467
141
50
840
34
546
164
551
797
103
108
706
59
713
293
705
721
153
378
40
175
139
33
33
838
362
469
289
52
704
2
20
759
682
36
61
699
30
222
47
226
472
386
684
528
392
974
80
405
48
232
749
157
199
411
59
473
397
632
29
275
601
348
269
75
47
218
302
607
318
576
474
264
727
660
438
475
137
545
679
453
370
518
120
99
21
686
545
454
587
145
755
372
18
291
203
415
85
248
251
98
432
768
560
160
15
295
658
297
316
455
170
443
371
548
248
281
243
653
556
305
268
252
385
686
57
297
840
520
255
18
509
679
270
542
117
235
863
769
521
290
113
320
244
195
267
501
423
418
246
512
710
266
127
287
759
147
4
151
19
745
340
100
166
817
92
284
447
126
555
270
336
167
68
3
152
698
174
7
912
77
70
275
300
97
765
306
299
353
488
9
767
44
310
149
146
56
216
444
461
182
5
405
504
437
109
624
71
361
451
334
563
235
910
168
47
100
223
246
180
71
43
159
194
396
473
572
45
644
858
160
12
672
724
200
575
262
289
436
863
364
307
79
600
131
635
13
342
351
430
529
54
573
275
636
184
318
506
622
38
300
198
839
173
39
261
280
181
230
13
250
676
25
118
116
88
322
362
53
569
114
624
230
20
460
42
190
454
272
332
256
254
46
524
531
969
295
413
7
191
702
602
234
50
874
673
526
52
554
524
527
330
199
818
529
155
53
61
678
570
795
83
564
311
546
58
674
891
889
5
244
130
888
192
797
140
270
771
247
215
589
807
91
212
934
80
624
494
504
661
597
355
310
475
385
271
292
972
551
506
319
15
286
210
911
15
109
212
110
352
219
472
84
367
382
217
387
784
597
685
531
660
186
289
481
744
303
246
96
692
82
13
816
317
282
90
15
243
724
244
20
705
179
485
339
289
405
618
569
624
667
500
149
738
301
3
201
513
492
918
201
896
498
346
356
162
358
211
167
218
427
752
411
132
183
116
15
95
126
505
64
86
326
152
321
876
268
980
357
46
225
702
625
118
63
471
29
638
513
624
626
731
37
596
519
412
800
96
252
574
890
110
282
544
146
727
579
741
465
143
500
264
408
310
267
237
629
167
18
456
636
219
270
596
973
143
102
482
287
126
530
543
370
153
248
897
488
320
715
437
729
9
629
246
323
707
347
275
385
14
132
435
503
117
482
260
978
295
146
645
167
102
225
149
528
777
313
879
231
321
681
632
389
521
214
146
73
301
63
956
497
54
170
475
330
770
688
52
890
65
610
228
804
118
525
32
250
341
214
145
644
190
66
652
257
22
461
146
135
336
251
323
158
587
256
408
257
856
9
323
73
9
233
512
765
566
991
67
300
15
474
228
449
72
33
125
250
371
14
76
255
115
640
201
387
102
847
204
494
590
269
547
249
90
133
498
885
393
343
306
395
39
711
413
384
450
198
10
83
382
331
265
491
292
450
102
104
772
268
363
542
313
894
194
612
491
64
63
535
391
163
417
306
512
483
231
221
269
483
395
824
761
420
124
154
13
284
201
521
406
101
152
727
632
24
191
57
770
975
159
222
725
563
224
246
4
109
174
119
183
321
349
477
538
408
536
848
58
282
668
90
512
270
149
368
138
329
304
516
228
542
829
37
443
271
248
387
257
26
199
165
223
577
201
821
43
794
492
216
637
117
677
381
81
76
146
86
106
169
734
804
37
199
110
606
62
88
152
161
960
789
898
952
383
496
551
373
732
147
366
765
101
648
133
651
516
682
54
104
255
266
180
270
578
774
674
257
52
28
478
653
464
177
199
433
200
243
177
169
158
465
29
521
312
1050
304
47
221
661
575
447
151
13
512
220
664
677
895
418
559
41
168
439
228
471
450
46
650
577
241
434
602
335
98
409
644
22
637
330
884
602
453
139
376
82
240
602
636
68
949
263
799
945
221
871
93
162
123
390
38
278
108
240
174
20
37
200
530
88
938
172
195
302
357
558
511
518
366
97
54
241
392
174
398
22
231
19
406
484
232
269
372
281
58
102
600
104
687
344
409
170
618
1017
419
156
509
775
130
484
219
299
344
65
430
341
398
467
388
855
152
400
183
382
594
772
576
456
19
516
331
557
293
244
834
144
464
614
442
407
283
117
332
598
356
199
687
421
295
294
1015
450
898
96
79
566
42
112
433
355
575
781
885
4
277
635
365
326
563
183
457
389
338
295
89
212
118
368
161
138
655
324
851
917
235
372
5
109
483
233
254
209
410
96
550
283
269
487
393
166
22
236
187
278
255
23
199
359
152
467
217
602
718
535
127
649
517
14
237
793
521
95
38
660
82
733
289
121
359
138
199
228
598
21
628
302
576
386
250
505
81
948
410
882
653
73
339
222
305
211
64
179
213
33
442
203
543
76
39
459
886
95
471
81
596
318
374
20
112
104
421
312
289
265
365
304
83
234
374
460
216
284
269
248
275
591
162
22
34
783
212
204
8
659
197
308
164
786
272
264
313
63
30
73
157
261
22
907
1063
556
222
108
294
70
120
71
97
334
305
889
132
890
52
748
33
202
502
926
200
721
653
350
471
966
605
837
993
104
135
48
47
74
442
930
681
286
469
188
75
454
137
744
149
159
459
550
46
137
724
45
114
195
899
434
705
682
277
397
29
283
954
241
289
320
730
106
57
44
12
655
371
365
200
79
638
879
23
250
683
154
239
135
129
556
655
140
94
497
111
660
386
911
330
138
6
590
149
565
893
483
67
412
391
53
591
468
412
246
80
515
277
151
288
332
276
96
771
497
847
366
189
376
740
680
243
275
37
442
186
278
532
484
759
667
657
728
306
273
217
692
67
97
10
258
315
150
298
571
311
219
778
194
142
578
654
534
776
579
85
515
258
76
309
486
309
516
192
605
100
332
544
25
830
175
791
263
122
576
402
507
408
6
654
27
951
198
30
558
158
730
301
174
795
75
367
384
567
12
701
756
396
487
269
403
340
168
111
759
7
297
328
42
20
147
79
475
428
599
69
130
391
219
466
496
347
30
383
833
128
943
779
113
227
806
906
425
383
15
525
701
189
201
491
57
642
155
166
912
105
455
134
405
376
245
69
398
446
170
623
411
50
59
916
391
439
465
790
409
276
115
313
134
71
12
832
601
10
561
536
442
710
557
55
594
26
659
41
250
674
377
513
210
619
324
716
252
21
251
104
233
613
367
52
681
379
324
325
368
385
66
151
445
64
660
345
35
468
638
156
400
824
760
258
550
357
516
749
937
117
307
414
662
348
294
185
43
166
339
200
514
323
416
163
168
48
744
484
656
140
713
526
162
390
320
207
21
44
191
5
595
77
490
237
479
576
860
168
304
123
267
520
378
441
232
253
588
415
385
137
658
142
455
38
806
622
9
197
626
567
604
600
84
40
536
279
828
554
609
133
407
837
680
132
375
1
822
263
387
201
880
115
94
256
133
52
610
47
358
743
439
862
235
295
309
386
24
564
385
262
358
966
196
371
174
541
123
138
66
193
526
272
546
419
58
362
1012
251
82
354
822
377
857
431
312
751
645
674
267
162
506
345
360
150
209
737
684
268
26
972
211
928
263
132
312
340
908
385
23
974
734
351
29
385
343
231
497
362
130
926
564
13
652
109
559
312
324
336
218
150
314
482
320
123
469
279
470
511
3
363
610
459
178
54
172
394
411
43
986
100
48
344
414
424
461
46
829
165
459
233
904
27
54
58
17
633
552
489
267
390
693
182
167
366
902
581
734
411
599
534
535
394
18
76
203
85
359
153
40
761
280
218
279
522
78
544
214
444
359
6
11
921
58
296
104
155
859
214
162
9
459
315
288
213
214
532
193
617
62
270
704
324
804
290
198
585
145
243
572
718
432
96
102
19
358
122
376
255
336
14
65
691
124
564
876
397
434
625
323
170
251
574
340
200
409
218
178
213
760
89
117
315
481
560
485
768
302
773
957
47
720
621
308
755
523
86
17
499
325
210
295
35
248
470
327
10
404
63
447
266
587
808
261
77
243
966
590
45
595
125
328
525
478
373
584
164
17
603
18
118
492
285
469
176
86
130
181
23
918
221
15
668
163
209
465
885
734
35
508
996
184
75
294
303
750
549
573
786
98
711
335
230
598
27
127
385
280
61
612
57
799
194
402
244
489
515
103
162
18
488
280
33
68
531
462
764
47
723
83
747
401
537
48
71
244
45
31
499
9
266
660
556
14
239
29
335
135
375
512
122
198
222
184
887
416
176
345
218
393
601
71
560
733
255
346
430
554
536
278
902
586
298
157
171
110
506
271
111
905
9
735
465
21
803
405
130
177
1018
839
262
318
402
240
431
877
151
71
623
754
86
200
16
49
87
938
564
28
678
777
800
464
715
123
281
597
45
667
377
991
486
721
153
250
544
446
248
180
544
133
175
193
1036
104
498
289
426
50
101
122
151
105
232
53
487
141
177
465
108
200
326
556
833
580
215
920
702
763
863
541
650
200
247
341
352
467
357
587
604
48
214
214
100
321
583
349
277
290
679
31
505
455
250
473
786
7
556
166
71
544
255
206
46
540
554
585
223
246
345
148
568
352
96
387
374
270
48
23
114
727
130
535
558
48
443
652
674
58
27
418
86
279
6
122
143
304
75
236
559
305
527
71
276
608
246
44
547
459
469
598
257
370
642
150
190
174
202
742
68
220
297
360
49
472
675
152
293
177
125
733
80
393
664
420
285
45
265
235
126
98
40
396
514
8
672
447
128
381
500
811
521
868
98
60
37
355
10
179
143
199
816
142
400
306
758
59
790
70
51
110
85
825
134
496
99
831
559
316
410
484
121
583
702
308
397
838
113
207
173
204
249
234
156
90
448
4
241
692
161
472
416
458
619
762
876
298
567
647
517
335
223
636
170
774
840
251
783
126
389
313
189
453
45
294
516
352
44
112
562
949
347
340
6
329
490
890
657
684
569
224
143
315
19
888
303
182
373
861
440
69
899
721
181
544
525
354
379
366
293
128
791
822
403
48
67
64
291
42
338
327
13
155
270
153
181
375
225
54
439
60
32
416
796
260
42
408
987
541
91
258
98
744
663
126
275
246
70
104
717
148
352
469
255
113
774
691
84
100
66
887
5
532
179
232
574
124
354
30
817
772
721
101
279
140
62
37
307
17
86
421
387
714
357
850
684
513
519
238
613
95
324
496
294
19
120
23
782
81
341
663
220
92
202
103
336
131
340
900
297
422
520
646
737
606
49
451
143
994
776
826
308
138
584
387
693
203
123
29
429
172
526
646
170
734
277
467
129
400
16
1
573
82
52
402
362
840
196
545
123
251
14
300
124
156
318
486
34
465
372
551
639
508
379
1000
155
78
57
521
163
263
257
84
321
240
165
390
507
171
850
114
751
812
31
149
386
36
130
193
330
234
131
30
657
503
199
281
195
432
292
188
545
303
91
438
847
166
199
77
27
176
109
41
550
693
28
417
372
188
171
860
80
231
81
842
350
72
212
461
792
11
582
312
40
159
283
619
125
236
156
63
517
214
110
355
237
651
752
307
184
514
220
220
446
691
552
74
250
803
32
187
503
117
455
122
346
559
320
163
225
364
556
309
382
162
435
353
24
246
572
17
580
346
171
233
586
23
465
682
74
262
54
377
496
532
77
208
54
613
226
579
198
688
25
157
36
231
844
121
345
177
129
93
16
62
631
30
844
407
309
131
918
352
61
242
24
382
987
368
188
338
153
177
882
422
484
687
162
174
745
237
691
508
632
308
216
529
344
405
328
196
32
488
157
827
194
492
176
181
280
544
182
780
578
318
163
821
762
167
28
207
446
721
400
434
331
144
92
319
438
775
329
352
376
384
757
464
291
481
198
237
272
317
81
46
363
879
695
309
747
168
195
734
34
373
751
832
418
38
525
391
518
614
23
498
375
111
375
56
779
210
389
634
25
720
434
426
527
98
737
30
156
685
561
206
175
711
625
811
565
15
152
780
554
291
388
230
206
303
595
616
975
470
256
58
281
141
552
37
376
314
603
248
699
673
73
107
64
244
623
34
241
5
3
820
292
728
510
370
78
486
330
666
338
34
64
126
147
17
2
225
675
10
404
95
244
81
117
557
595
327
536
697
494
257
861
795
116
90
66
156
769
135
500
116
215
750
338
90
546
242
724
496
436
87
127
154
408
216
418
4
217
653
275
790
9
420
601
239
228
316
576
193
679
279
829
60
387
330
718
710
74
94
135
524
480
540
180
224
145
418
216
757
361
547
458
87
216
93
33
808
267
416
12
47
315
45
269
335
629
261
783
222
79
393
516
417
476
155
180
529
332
764
124
224
971
325
347
69
674
40
581
184
396
375
174
740
821
250
444
441
547
80
233
18
359
64
591
85
368
196
949
346
889
448
156
502
761
280
318
271
293
611
496
301
907
878
431
726
326
382
266
9
527
69
445
437
580
541
585
237
131
369
868
111
358
413
712
153
581
88
535
409
686
31
450
214
565
26
208
503
520
336
305
302
959
262
436
628
633
327
452
499
638
192
534
331
297
105
186
406
377
562
562
133
721
203
208
116
169
17
685
417
745
220
20
989
227
95
486
555
940
238
658
71
111
156
439
894
296
64
253
441
555
144
304
220
127
197
402
20
40
853
310
905
206
193
227
145
571
229
480
60
728
69
266
94
3
100
443
305
693
309
712
233
156
303
982
70
620
77
47
59
745
170
350
252
396
272
299
217
407
138
242
480
208
307
411
207
565
355
943
520
533
355
123
212
702
661
443
281
446
19
393
565
425
554
528
740
324
240
138
228
495
382
61
181
545
249
112
400
232
593
268
578
168
449
249
79
667
377
195
89
190
503
247
617
688
24
137
425
277
291
246
461
527
149
682
320
77
145
16
544
208
184
19
258
210
458
322
474
406
471
94
307
625
220
120
34
280
477
18
606
204
192
174
162
181
586
190
77
248
711
30
289
33
598
506
191
99
413
48
599
439
326
99
606
694
476
979
87
326
95
455
111
657
256
947
376
352
257
651
402
491
379
162
744
52
394
35
421
22
129
428
311
475
53
316
4
714
514
160
452
74
187
165
349
320
1012
207
437
129
374
438
3
85
1032
393
377
71
333
431
573
193
670
209
74
937
75
675
275
724
334
542
328
673
145
749
577
316
334
483
221
110
544
1007
67
42
402
42
32
404
38
73
12
390
675
757
353
228
304
624
198
502
3
503
344
91
22
159
342
756
724
384
213
206
754
506
83
43
631
30
464
894
159
418
337
343
79
712
251
96
412
571
242
594
183
414
524
311
16
14
107
152
90
461
395
903
230
571
203
204
787
219
249
429
21
128
111
311
41
144
927
319
2
707
112
45
207
843
264
276
885
323
210
1059
224
259
370
765
600
650
731
127
42
285
39
511
282
319
709
568
340
976
287
927
451
37
324
132
554
596
191
189
236
35
650
346
843
473
206
878
166
121
15
222
87
5
694
667
123
298
2
149
497
313
920
369
70
87
429
432
63
405
257
569
187
844
502
652
466
696
15
31
386
262
628
648
526
35
379
19
960
77
344
379
378
889
300
103
131
353
1008
104
117
60
559
568
220
871
69
801
64
413
379
56
571
102
687
276
164
122
904
134
176
127
9
416
452
650
409
428
7
364
649
589
139
646
349
652
170
458
712
87
130
742
252
342
698
450
425
324
605
327
767
261
109
351
325
97
380
10
157
961
122
587
431
755
543
652
422
651
628
819
187
228
425
85
553
140
310
940
17
859
204
417
255
15
60
116
255
27
334
97
272
561
873
95
604
303
885
132
24
174
198
333
919
54
371
60
388
572
415
42
114
430
141
675
645
249
46
306
185
1039
516
172
365
3
406
160
857
12
118
559
545
462
719
792
196
365
829
560
365
130
398
248
208
100
717
73
119
321
463
510
127
285
53
625
251
620
777
367
106
332
299
830
778
220
393
817
346
182
726
958
223
178
270
142
270
145
291
252
105
211
178
69
975
629
121
96
733
621
368
784
182
866
260
2
413
738
313
570
35
167
96
59
236
241
133
223
213
370
53
25
832
51
308
307
289
877
373
226
281
276
55
6
52
694
836
647
770
654
62
98
213
471
172
292
170
650
624
323
90
396
6
258
240
66
352
15
942
497
563
162
366
284
49
515
236
477
427
173
335
28
58
256
293
156
782
413
154
438
476
160
857
320
892
67
513
41
18
355
211
115
132
186
430
52
194
636
158
308
727
385
614
242
641
204
302
903
354
489
30
816
147
858
320
354
94
260
619
54
669
360
424
238
190
66
91
39
65
351
695
754
406
18
570
278
672
649
168
79
437
74
305
398
131
125
374
736
952
259
87
319
475
165
316
161
71
474
352
492
629
392
83
29
291
254
384
138
623
390
878
355
779
55
299
96
87
253
551
36
705
127
805
72
60
503
917
760
306
507
278
346
264
185
1037
46
78
407
254
181
231
90
182
865
578
187
559
221
168
552
380
302
411
158
102
21
23
560
80
59
652
448
143
856
7
132
207
591
882
451
183
221
319
765
102
280
479
210
319
485
1034
65
548
52
175
248
309
430
727
767
2
42
559
8
429
84
100
820
458
119
561
12
64
232
162
294
331
455
242
804
156
222
90
409
1001
352
512
163
242
89
608
82
366
407
813
275
287
603
539
437
629
228
139
542
54
178
163
918
557
96
853
131
325
200
688
396
345
62
492
699
145
186
67
365
98
820
353
824
827
342
106
592
321
157
338
266
256
555
145
255
72
268
853
856
553
582
519
89
84
428
15
662
86
615
33
107
284
178
221
600
21
55
714
169
779
535
577
101
354
463
981
218
225
603
284
577
193
101
377
153
14
164
605
177
471
105
852
537
623
720
26
204
568
319
576
158
82
5
528
316
119
278
343
347
797
385
335
433
27
584
364
1066
197
7
242
625
657
242
646
586
94
222
172
235
232
456
832
433
412
79
758
45
527
533
4
467
155
523
349
74
497
358
317
19
852
258
285
61
110
591
426
5
204
196
105
1032
109
993
291
289
883
741
276
150
17
605
591
408
34
916
26
429
452
334
227
714
522
290
30
84
343
363
213
145
345
788
240
246
524
801
624
97
284
489
412
294
79
143
471
367
75
18
548
42
907
189
233
550
85
228
430
145
269
573
273
466
558
366
423
51
96
304
577
654
290
437
500
81
1015
496
415
625
626
161
247
125
71
209
75
54
218
87
488
516
547
99
223
819
648
280
357
70
232
635
307
585
33
383
574
10
647
6
407
258
590
642
668
55
571
134
282
22
39
446
81
650
412
839
403
584
96
427
228
111
321
145
215
335
478
780
133
795
81
895
420
872
366
443
580
400
202
506
654
333
483
394
288
96
664
872
26
79
208
530
8
528
462
393
119
161
725
47
658
149
332
248
383
166
709
552
391
565
77
107
355
363
53
741
446
397
235
152
258
288
7
173
788
601
527
252
116
268
162
437
429
102
472
111
666
189
90
202
403
675
420
208
542
228
219
751
293
228
306
81
170
62
958
426
227
491
904
594
188
102
762
61
162
869
634
27
151
72
30
374
935
1053
764
50
192
368
250
550
368
460
212
924
575
39
43
231
211
344
797
403
455
505
398
202
778
614
67
334
218
148
139
929
332
112
413
31
469
837
525
51
27
429
72
442
200
322
804
344
203
342
981
526
214
525
45
140
44
79
346
37
526
118
833
730
697
521
383
42
274
476
211
66
276
626
739
382
61
433
259
533
147
28
21
780
394
472
204
242
473
93
127
391
214
499
977
378
6
572
488
225
553
24
848
485
116
532
321
290
749
477
98
405
181
23
557
555
186
302
179
353
91
812
271
328
121
954
69
388
981
212
426
406
298
645
584
256
285
632
522
19
465
149
872
421
686
1060
556
647
859
860
183
231
160
164
381
89
932
305
81
615
67
861
65
249
515
71
281
62
156
523
189
774
318
280
273
3
456
147
281
103
867
778
162
268
813
313
213
732
443
246
529
23
382
323
15
599
660
1007
282
260
64
543
591
311
446
586
456
43
610
1043
298
718
645
398
572
212
690
336
59
753
41
431
101
604
831
309
88
415
32
694
365
34
277
607
931
372
483
617
470
504
636
916
398
10
513
180
174
626
582
315
1
310
6
694
942
91
462
46
838
474
278
49
2
383
634
80
434
843
73
285
643
193
61
87
180
10
311
289
443
370
288
373
781
595
580
403
17
2
258
106
527
82
102
973
50
328
243
87
99
655
526
422
517
623
424
756
487
230
209
250
649
482
872
628
350
597
82
365
90
203
854
498
290
752
18
249
752
59
314
519
795
400
175
277
512
568
203
510
427
310
98
188
504
690
562
386
161
21
458
5
328
460
554
324
146
344
142
15
122
247
675
223
238
268
75
574
242
525
766
298
281
11
285
980
589
602
190
12
230
353
461
326
424
608
55
265
544
672
250
903
776
514
915
627
89
613
583
259
521
435
255
130
305
32
64
785
21
337
73
420
157
282
419
737
458
428
308
664
662
39
371
152
13
421
793
229
707
101
83
943
147
162
586
756
117
150
19
67
368
56
455
290
115
786
62
584
361
35
68
24
558
450
425
480
240
187
773
1043
504
163
672
225
73
441
548
2
542
418
32
58
317
97
64
289
379
85
49
573
598
159
206
34
381
722
275
381
509
590
523
200
153
558
433
127
257
945
545
298
571
344
90
434
192
44
145
52
452
111
912
727
645
48
486
117
918
165
184
848
208
96
618
424
346
297
158
559
1015
95
216
750
491
637
50
52
30
505
102
596
154
117
549
40
108
198
24
589
458
55
353
644
249
120
269
197
361
129
258
639
115
346
426
610
706
466
363
359
87
675
203
461
110
13
833
307
91
1045
319
309
55
87
460
342
406
104
115
532
316
846
106
113
109
24
600
444
979
343
809
110
90
798
266
982
801
208
199
749
399
413
392
437
859
25
182
724
3
174
422
216
185
327
231
25
417
619
171
482
86
440
541
368
774
197
519
171
113
354
229
262
21
119
471
404
912
608
334
4
208
521
173
67
492
250
295
451
429
601
115
424
840
164
412
519
880
470
354
557
15
494
317
602
661
72
681
258
346
367
586
267
66
906
35
66
308
143
878
107
303
81
737
250
508
546
547
220
375
403
647
196
679
1039
79
660
70
800
420
197
243
15
370
8
887
14
437
326
531
135
261
103
795
226
78
50
62
225
118
81
645
225
346
161
158
243
405
512
251
262
66
334
348
531
60
87
709
388
141
244
424
881
857
199
44
193
404
938
366
739
8
774
255
327
379
768
603
733
329
276
249
313
179
539
193
143
419
677
375
394
226
469
118
126
257
344
534
567
417
200
43
876
610
711
60
483
13
219
891
558
190
156
830
786
435
277
557
90
722
236
356
703
267
462
909
689
874
80
436
122
286
616
559
820
187
143
129
401
691
401
129
747
761
284
116
111
889
120
269
121
351
429
302
453
147
94
48
378
674
266
108
100
589
18
7
62
444
510
203
632
6
531
14
419
302
454
90
29
394
647
29
52
558
610
470
1025
251
579
755
484
513
184
678
336
338
474
26
47
2
114
277
75
636
195
269
226
532
965
163
222
727
295
139
144
48
669
407
55
399
357
69
347
993
226
273
322
773
620
40
43
22
674
285
292
373
715
218
155
205
45
7
395
277
405
307
592
92
144
296
33
83
469
329
729
554
352
500
314
773
11
376
90
330
247
417
630
493
524
414
38
59
728
31
305
769
39
92
526
362
43
89
470
305
510
230
10
165
296
387
468
677
647
449
103
756
954
355
744
542
561
147
64
225
585
357
133
522
625
622
38
790
884
305
855
894
472
280
812
194
250
796
27
54
211
303
354
360
527
504
199
587
647
216
888
392
280
182
434
38
168
269
357
21
133
2
2
98
101
64
662
266
520
10
154
476
240
912
290
782
288
248
972
237
160
500
585
287
700
14
268
830
418
7
117
201
597
279
276
103
95
465
454
249
41
186
29
190
748
525
34
391
370
142
293
318
650
72
473
850
567
211
854
880
422
746
530
7
303
690
85
463
211
507
193
106
158
360
463
36
750
346
59
57
307
85
438
293
250
235
545
288
485
619
451
216
441
753
574
422
752
149
630
421
242
755
166
401
110
756
215
543
339
813
100
469
507
214
1062
493
362
14
125
81
194
366
725
102
536
520
1029
686
608
350
632
315
92
753
29
924
167
357
181
191
51
736
523
563
161
461
245
372
240
21
37
95
661
91
479
620
234
428
522
296
266
880
442
498
205
275
469
33
116
50
229
68
854
206
264
25
88
441
14
146
631
699
210
361
236
672
640
97
388
490
382
945
503
443
568
278
80
195
620
624
776
704
292
30
484
134
31
195
927
147
332
337
72
696
675
64
955
345
484
73
195
107
409
279
79
558
262
508
912
171
731
409
9
316
219
688
206
51
372
298
360
457
83
263
139
748
324
114
284
93
352
624
225
98
288
441
190
703
748
99
88
876
5
630
375
796
53
213
184
217
190
390
63
425
326
487
12
187
203
189
104
351
242
223
171
407
855
174
475
686
68
145
505
263
25
303
165
857
802
134
531
419
110
127
442
92
241
878
432
48
46
711
889
942
845
38
884
273
541
626
381
818
292
717
408
16
427
847
629
752
175
617
11
108
114
435
41
40
81
103
358
389
697
33
56
200
649
102
12
90
582
520
62
281
206
866
373
364
330
31
417
180
103
956
2
11
487
121
107
265
310
114
685
36
359
775
95
541
607
39
294
1019
371
158
591
53
99
75
986
461
118
46
250
58
79
220
35
91
376
399
402
205
308
470
6
222
56
23
407
156
183
271
337
657
465
414
107
344
829
103
221
120
968
272
308
387
179
719
233
32
545
670
767
148
544
189
15
253
463
18
227
168
588
260
87
440
357
107
445
104
776
749
406
608
470
541
332
241
600
334
129
932
138
186
780
516
919
269
349
257
663
18
742
684
759
469
533
251
345
187
339
83
181
17
194
266
37
1008
181
7
33
538
81
97
39
996
37
196
107
739
32
232
82
123
17
646
658
496
590
474
18
153
435
261
524
670
241
370
36
265
300
28
591
102
229
644
946
18
143
549
32
51
143
459
6
1
754
67
528
158
744
813
107
329
691
797
267
211
358
101
207
69
46
210
297
135
121
158
243
141
646
32
473
53
66
842
70
99
346
363
405
577
186
537
691
26
449
78
129
33
78
210
481
259
703
214
154
241
10
310
574
151
694
192
142
366
679
2
231
450
247
52
488
251
27
68
598
595
242
137
187
441
333
1054
182
852
660
255
106
295
149
239
289
420
755
248
67
276
40
260
27
34
264
859
706
500
199
99
556
138
961
230
705
759
444
209
52
276
621
493
619
174
271
632
571
87
428
477
98
299
92
330
159
70
343
112
666
96
543
350
940
382
210
669
71
630
387
253
614
564
693
692
162
4
836
485
787
15
550
154
606
587
656
9
152
258
81
694
218
622
254
755
559
199
709
671
741
721
247
451
175
46
362
747
260
238
576
56
399
155
186
255
259
864
191
87
149
607
615
822
571
384
116
191
388
457
5
417
83
320
402
480
535
418
56
44
45
663
299
421
61
110
758
306
242
791
928
383
187
477
201
345
395
78
182
607
41
196
375
218
413
371
110
256
628
564
564
278
399
437
536
78
627
41
448
640
190
735
403
408
478
563
286
342
31
180
230
57
144
225
169
1003
596
646
139
154
267
159
157
931
179
672
956
648
175
59
335
692
357
641
498
641
184
766
613
1007
366
564
480
42
550
207
1009
696
160
591
262
667
138
562
210
91
264
273
413
297
413
6
323
885
139
129
536
834
192
209
281
23
73
125
615
461
491
430
764
309
231
136
197
466
199
684
195
447
101
317
507
340
514
149
711
69
595
817
35
398
214
236
8
580
111
281
320
643
462
149
577
126
72
395
49
290
663
596
308
250
179
130
147
73
249
600
875
416
468
216
656
650
574
191
963
67
22
476
180
183
558
260
108
79
780
169
244
492
