782
1125
1928
3912
1215
771
1
2540
3180
882
534
714
1495
580
4
408
1194
2352
829
554
3739
181
1029
1352
162
1548
647
143
3194
850
1709
1490
2873
2434
1353
348
147
131
880
1647
2892
492
100
205
1865
1006
99
3003
2291
1087
1351
3433
248
3844
1890
3528
2729
1292
210
14
62
1671
2030
3579
823
137
2349
1795
572
2243
2060
288
1834
2032
2113
994
1622
3221
607
42
444
915
1205
1078
387
418
300
441
98
1114
4087
1307
1034
3694
1238
1586
398
1172
1450
2452
408
287
2368
474
3849
905
2948
64
326
3247
10
2101
1077
422
3718
365
272
1838
903
114
264
1870
96
2241
1666
334
48
3067
3626
1774
1558
1926
875
1664
270
1684
112
2605
1483
2422
2762
658
2045
2886
1819
320
170
905
1711
2160
83
1327
312
535
1027
3192
2008
682
1508
1084
753
386
86
1044
647
224
699
1510
2109
42
400
2888
1205
3511
201
122
1286
141
855
1291
6
2183
1836
215
1084
2889
2731
1822
756
2874
640
441
1510
828
1714
325
2061
3520
943
344
1437
560
142
3340
271
2223
1050
1774
20
950
2266
656
3013
253
1
3335
222
270
1372
878
3340
17
85
318
1235
2693
148
963
3336
3354
2013
378
2536
1749
2915
483
126
1770
1029
925
1254
668
512
1076
393
2798
1344
242
1632
2334
1866
725
1688
1778
4309
1904
2812
3368
1752
3792
1204
3809
4066
210
120
336
44
34
3198
220
1986
3802
3840
898
394
2034
1139
114
788
850
1200
1603
623
962
860
62
522
1421
611
326
1417
1281
3040
1444
2209
512
204
2079
1787
1488
1553
2314
466
728
2537
2524
620
1230
1522
1724
1445
1758
374
1646
2140
398
145
2733
530
305
70
1217
813
2829
173
3984
1138
1647
2100
569
105
2042
219
1201
2029
3491
180
1122
294
2598
3454
2054
4088
826
911
77
2138
617
1805
2478
1281
848
1158
1783
156
592
2690
498
2343
374
546
2792
361
2315
1159
1966
336
1178
337
3567
2476
3504
1582
346
3204
274
157
2160
3270
135
1666
36
362
2046
124
1576
274
3977
1714
924
679
2790
2470
1346
2456
726
421
1140
588
770
3993
382
29
2986
3144
3993
173
134
70
1063
274
978
438
2663
1548
3923
126
64
202
779
376
3034
628
887
211
333
375
943
370
90
520
1084
239
3451
296
866
57
1082
1772
1318
1135
1161
454
2139
3458
1927
3249
186
1175
1452
612
2850
3894
100
3037
2526
2051
2319
432
2907
4073
540
3165
2644
137
3333
1432
1312
1042
881
250
2576
1627
695
1343
2702
3125
2152
62
1708
70
2266
1003
2332
2069
61
2615
3922
874
1547
634
2723
1700
195
601
174
488
364
3743
330
229
3240
266
2366
1705
4354
2192
2747
2145
204
1132
781
162
1571
3448
1688
583
124
173
282
993
166
798
6
1137
2868
2721
204
1431
3038
1271
2903
2576
1092
153
1121
2015
1719
1250
1738
1445
1898
2471
1762
3480
1703
2732
799
15
1724
226
2671
510
1305
2061
479
486
481
62
1465
1397
2012
554
1402
40
1850
1573
1303
1301
421
725
953
935
315
178
83
1734
373
2155
1738
2744
1583
2844
98
1460
209
2383
3379
4449
95
156
208
745
2552
4371
1729
1266
111
4003
1932
2879
1807
4362
34
1895
76
1651
1127
1077
2100
1754
512
1033
2089
2715
395
1377
1906
172
865
410
1553
344
593
787
1079
3371
1331
1315
2437
420
1849
1641
769
558
86
1816
3220
3992
2105
407
580
1910
384
2956
493
1588
3284
787
660
4101
1127
1098
1670
1533
2130
85
1475
3872
251
782
1321
2732
1936
1132
803
2034
298
199
229
821
1674
364
3388
504
344
844
1724
2287
208
392
8
855
2021
1722
215
975
3107
607
2671
146
330
2220
2120
711
412
2234
648
3520
951
3838
2205
3294
876
2819
793
840
62
1084
1359
1296
1485
320
2481
344
3399
2374
2296
4
2490
1474
12
160
1684
348
172
67
206
1616
137
416
2396
64
250
1524
1322
795
1283
1329
70
558
1900
520
341
663
2588
164
772
1860
17
1777
934
1439
1742
908
782
418
1862
2032
87
1215
45
669
3290
1936
757
1802
2312
1014
1118
1084
1142
3305
1348
258
1931
12
322
2718
3834
159
3016
29
382
1237
1162
870
204
2975
593
1825
709
1765
938
327
2127
2276
1080
2796
649
1334
1127
2629
1989
597
1447
3178
116
881
402
3216
270
2017
966
1931
434
128
1774
1550
522
3005
1899
49
1283
2427
3071
3156
3204
592
10
1294
2584
643
3880
1355
144
461
2922
19
1668
1675
1881
1807
2935
1025
2533
402
1447
150
1764
1966
1390
1982
2248
1149
404
2622
699
1586
2
2377
876
1854
1182
1308
2408
334
978
244
2041
262
2462
470
2510
4502
2301
2017
3871
158
2440
635
3844
3536
1898
4005
2452
1395
1694
258
365
921
2386
1097
49
2109
3073
2320
964
2382
357
469
2657
583
1159
98
114
2320
3209
1840
2103
1696
987
1397
601
3631
3207
1898
747
705
783
2946
70
1490
44
559
39
1231
1953
1417
640
2390
234
2448
1212
4338
1276
1313
420
1852
79
11
1476
1281
3305
390
2325
393
3046
963
1710
609
287
256
916
2800
830
633
3034
2594
2188
1510
724
634
2672
1938
3420
4138
975
2357
2069
196
1012
1217
232
1263
421
426
1681
94
1595
112
826
6
633
76
671
3381
275
1598
924
3481
3390
1465
536
2644
3878
1976
200
3810
1809
498
632
1459
151
2460
3705
1429
4030
269
4450
2523
2598
2615
6
1872
1034
1416
2135
899
626
567
1383
1095
845
928
157
742
1255
1288
2087
2495
270
1840
1996
41
2126
1197
67
1211
1642
454
414
131
1656
1667
810
2805
1738
811
2538
2826
928
1072
3527
2699
1862
495
284
946
23
1739
55
508
1881
1588
1264
2180
113
506
406
70
2127
26
940
252
292
1198
1593
2337
829
2664
42
126
254
585
1727
3274
11
78
1852
548
168
953
1138
415
2554
107
2749
117
2255
234
179
807
26
101
722
2465
2882
598
73
712
542
571
574
1255
1831
2221
341
799
234
1313
3169
294
2309
98
294
349
1225
1012
3097
2302
78
3405
138
566
4503
2945
966
644
4430
3779
1115
1261
784
153
396
547
896
251
672
3387
1060
4452
2258
67
2
3597
484
891
3772
1636
3983
1830
1357
1113
4097
1266
816
893
182
18
881
2450
1794
1621
345
113
134
762
1407
268
1638
1644
1254
2704
2201
769
326
1875
1656
860
4
1732
184
256
4222
1651
2589
278
72
3779
1462
3590
577
2133
558
2313
3294
539
130
144
211
599
14
1768
3282
668
1550
926
1192
617
585
70
1192
2266
583
2152
3884
1007
878
372
1148
665
638
1386
1933
985
469
230
4
3518
98
290
1752
2820
436
24
1554
1545
338
126
2440
1381
571
783
1054
2958
636
2102
196
464
1127
4147
1333
866
1869
928
4043
2135
1162
334
1874
3625
1236
909
685
3068
448
2148
945
3206
2780
875
440
1752
1213
3316
135
1602
1432
1167
1234
2886
1506
908
1991
1061
716
1266
8
529
2903
2519
765
508
511
1376
1866
966
551
3314
2737
2186
1697
500
2872
1669
1488
3207
668
2782
1513
575
82
1822
846
548
222
3173
437
746
423
1991
1130
1144
1734
459
985
1767
193
3060
282
518
640
1475
1307
850
831
1737
553
1923
3888
1118
2
163
1414
10
514
3370
2876
3
1511
2608
1568
173
1898
384
2090
881
1018
466
2
675
1182
1886
107
398
3091
692
2673
2568
3368
524
762
808
1549
2805
189
388
4011
572
2996
1995
86
270
2072
2664
1691
590
845
260
2150
55
1354
1420
2880
114
757
13
3260
1394
451
620
1744
708
226
2508
6
2655
270
2354
1570
2754
2092
1215
678
3634
3144
3904
160
1172
2110
1296
1981
536
454
2849
2743
789
314
3261
291
630
2139
256
1532
1354
1729
2961
2740
1087
1701
319
2404
1073
1334
1563
511
459
859
842
1266
1340
1720
1120
1863
106
798
40
1565
98
931
1806
1281
1862
968
1022
1328
1617
115
374
662
1193
3212
537
208
2807
3087
1052
337
671
156
802
91
1174
1110
575
1839
340
3546
512
584
1324
1305
188
2893
461
785
1894
603
908
584
378
561
844
4397
701
1696
2439
476
1270
747
133
556
3379
712
2395
875
1398
1212
1221
255
39
38
1762
710
1045
244
95
1621
1708
160
619
1509
18
3319
662
477
556
1710
150
1266
1213
3520
95
448
1483
2044
2112
1191
2445
2432
2442
3662
21
752
368
422
3598
1946
1680
59
2
1588
1495
3274
322
1025
2310
3382
1044
836
1001
1598
546
2901
23
2676
328
3471
302
192
299
3799
1319
1904
2034
286
2051
183
208
541
1608
1815
3131
1755
3344
1528
1127
360
1538
1245
188
986
1948
1129
2476
2963
97
1908
214
30
1880
4024
1802
28
398
99
3129
479
1707
2208
876
859
250
543
1010
1258
551
3423
52
322
146
556
2407
6
708
4425
1128
1768
188
1808
2106
2793
509
1548
2176
2635
531
1382
802
1820
493
1386
815
1467
1145
2926
1830
1906
789
112
813
1872
775
460
569
1033
715
176
1536
828
1870
1177
1051
835
2827
1148
1629
3104
1830
3060
1681
285
3375
1390
3052
2737
1830
2007
1996
926
2
68
1146
2825
92
290
1120
133
1499
2337
2511
640
325
1072
1052
99
140
1362
2940
677
1341
2112
2478
306
1613
2104
30
799
2947
1223
2467
526
184
1596
2153
734
403
2681
3954
415
2
1192
1452
3235
2404
991
1528
1807
1054
4068
568
1278
27
83
2102
1208
398
2056
2359
213
1636
3258
258
871
3405
604
80
3040
1996
487
615
712
2150
1440
2311
587
932
2153
510
654
932
2042
2233
172
449
55
56
466
2290
1173
12
2538
993
4103
51
1380
273
533
204
1532
1846
1317
973
2734
908
962
511
631
822
590
456
274
113
591
58
1606
1714
1196
3841
1476
1258
1534
2781
449
1520
3789
2079
57
477
12
1101
3117
2291
2073
80
55
2929
689
1845
38
3347
2604
1010
1055
1582
2691
23
4
1881
273
1465
700
4161
200
2389
2766
1862
671
733
2309
3395
558
45
741
12
1837
110
1198
451
112
4189
2001
574
1651
3832
1991
807
2846
592
719
1784
4039
2039
3110
1860
693
396
1877
146
2
294
2227
3921
1402
1031
605
4379
2184
1480
89
735
1154
2288
1668
981
971
2296
225
26
6
875
2599
2344
462
150
1291
3303
1869
3228
247
1405
1289
332
470
604
812
3251
1366
2157
2448
1288
2436
292
2828
1829
763
808
964
39
27
622
2395
661
2032
2802
1621
184
228
2718
2618
2366
861
2090
736
1938
1478
1806
2288
1167
1143
123
842
235
558
1558
434
2114
2621
1598
3774
1381
2132
1491
1475
1323
1768
2378
1186
280
2553
430
1035
2538
126
414
4
3474
1929
738
737
1906
1674
633
217
2346
1088
2140
1177
718
1296
52
161
1957
341
419
1670
226
3469
607
2131
52
1176
1631
2605
963
2245
920
2196
185
2081
1780
2071
1778
308
139
2367
2014
590
538
3399
1255
2860
160
136
797
2836
687
452
1639
475
3750
1310
236
1998
382
92
2142
976
759
1356
767
86
1925
8
2563
3634
208
651
2514
14
2977
79
1641
3040
460
2870
1256
590
676
3069
1290
765
932
619
94
1210
1860
515
926
2352
1562
2306
250
270
2016
180
368
612
667
655
2011
4398
656
69
1211
2203
2010
1577
2608
2007
238
2021
458
105
1436
390
1150
173
2660
3470
348
25
3861
887
1181
1943
578
3070
1283
201
827
638
1129
4180
1804
893
224
2936
2203
40
83
2142
456
519
656
577
316
2908
3920
3411
1581
1090
817
1058
3320
610
1192
11
2006
1372
2425
278
279
1308
2239
4429
1107
718
1150
63
1343
2080
4214
507
2892
808
63
1238
3332
1372
3404
331
1147
2728
819
323
749
498
979
595
796
943
400
1592
188
592
449
468
901
1845
2385
24
315
909
538
1271
4004
267
2334
1070
763
689
194
652
399
1002
3048
1424
853
396
1286
1391
1928
402
823
2490
4046
966
1441
1735
1368
2227
1126
274
1717
1322
190
1883
1807
3144
216
248
18
872
372
3784
2147
986
501
493
691
1468
498
439
2103
923
946
2036
502
1874
364
2676
168
1766
3600
2732
842
452
694
2872
242
388
2390
224
1998
98
1222
314
1933
1396
1519
3302
3275
3060
3071
2723
442
1774
1294
452
656
2050
108
302
225
3804
178
373
860
956
2333
24
220
2187
1477
344
4250
1022
1571
1061
976
107
210
2854
2648
716
3843
1466
2776
1481
2090
30
1179
156
359
2864
205
330
1845
4394
958
273
146
609
752
2392
1266
3572
2125
1392
3422
453
2351
125
4
615
909
64
1344
1631
46
3361
1652
1486
1984
1958
2475
1545
1600
648
162
1694
255
1702
260
517
1152
2454
855
1038
2150
645
2384
760
1657
1429
1241
148
2067
3721
1078
1314
949
981
224
1758
1938
22
1359
180
3963
286
1156
3454
135
54
1215
2484
1987
437
2359
472
3668
1751
1203
3292
2280
1111
3937
262
817
3070
1149
3478
1249
611
1691
2427
1888
1225
1480
258
1202
125
2913
1606
1609
780
1689
46
253
914
539
1171
3384
240
2402
64
481
2741
1060
1250
2219
861
1776
1357
1855
3975
2952
1865
3445
2008
3277
3980
76
240
1544
107
712
530
394
94
871
242
51
75
336
2708
906
2009
1203
810
2738
1669
2337
843
115
1320
2523
3738
201
3150
26
376
787
2089
3666
1850
361
2816
2518
322
646
240
577
1692
1721
981
282
729
2914
10
1353
2772
2777
17
2427
527
2254
2773
576
592
1837
2926
1888
456
248
1227
2998
1413
92
1538
274
1360
512
3132
1944
409
325
1490
4267
444
340
294
4045
1004
1046
288
1432
1739
1089
4030
2312
2428
3626
3875
3797
1115
262
2776
356
2808
2044
1851
882
2857
990
125
2091
2636
803
2956
182
3370
683
1216
2834
42
1329
2631
163
1752
1719
58
382
482
220
459
1919
1523
1396
179
1549
458
1961
1120
340
2825
282
322
179
923
2015
3634
462
3297
3320
935
708
2212
117
160
3762
864
67
948
1490
3496
421
4055
861
3739
1021
284
358
1106
2181
1843
3314
447
958
1099
2011
496
529
383
986
1759
474
3391
248
1030
530
4116
991
125
3312
3426
3314
372
484
508
2405
347
86
148
2418
85
489
418
92
1601
190
1808
39
2661
1495
138
2047
1796
2425
839
734
204
144
86
1167
1102
510
2096
2927
66
342
594
1280
2354
1037
1893
2189
3506
192
1806
2290
1157
2452
602
1358
751
3550
1795
2659
208
390
311
3674
3229
903
1326
431
2010
960
3476
586
2015
682
2399
603
2017
146
318
2338
1968
425
3550
296
1326
2846
364
1357
456
1532
150
1730
766
857
382
1350
446
4324
3968
162
1401
1797
1672
133
222
1449
384
1260
2124
851
1719
344
92
1899
475
1448
3049
2899
1813
1403
76
1096
460
109
1246
3405
873
1485
416
1827
3515
1407
182
150
3048
2299
1558
2416
2997
2608
3585
282
846
1422
345
573
617
4113
2460
792
1850
1975
1734
3743
1262
2266
3850
1295
282
3970
892
2185
2315
2837
980
1031
2241
911
20
2786
1766
1945
8
496
508
1092
316
3580
780
1133
1012
775
1442
407
879
16
200
1805
171
482
2860
2223
3633
1818
1432
2206
828
51
2060
540
1054
1937
49
491
546
40
883
52
1508
151
1067
209
388
606
4068
2934
2233
157
1261
1702
532
1102
1806
310
3945
1237
2023
564
569
702
8
1762
1606
2870
634
1857
706
978
303
1621
412
404
1221
174
152
1616
110
990
3936
232
1487
51
1930
1465
307
3895
3799
500
2156
1632
830
1108
658
4086
833
2796
923
985
3077
1073
430
111
1329
589
102
3087
232
1446
812
820
759
2477
164
535
1109
6
657
758
254
3187
1946
215
814
3578
1251
1780
2422
132
2109
432
476
1127
266
280
2154
2727
71
2036
457
707
102
1442
968
1723
2552
1344
1347
1316
1806
272
793
1157
929
1152
446
153
913
1323
1635
2149
154
1456
2035
1510
1627
895
619
2516
1334
653
1382
339
1773
717
1142
1648
1014
786
172
64
467
435
2536
220
1240
4023
95
2021
1369
519
3651
2223
1671
3689
95
129
1004
650
1456
2407
754
1606
498
3095
3701
357
1157
3032
64
158
1278
629
4618
2436
688
2878
942
2374
868
1026
296
1543
12
232
3792
52
3497
234
2338
1073
1362
922
326
8
3733
2865
58
2928
1641
2888
2107
1070
875
95
1090
622
2216
1074
504
1084
2035
1570
42
2244
2909
1021
2307
3982
1768
1884
1462
2936
1490
966
1787
2236
1448
150
2554
24
221
668
332
848
404
52
738
264
1653
1216
156
1026
6
1308
4
694
989
1598
861
2223
293
448
3685
344
1110
1739
292
2364
150
2932
4100
59
547
2152
2954
973
640
173
331
2530
446
1060
639
962
52
268
314
736
99
1510
144
2428
2558
3537
1177
2213
162
1420
2636
37
1927
3812
497
2210
3447
1679
3423
112
1288
3030
791
2292
1386
2178
3736
3911
4539
15
1018
3164
1570
2484
386
344
142
603
387
838
1744
1236
524
1671
4206
1178
244
378
128
900
1849
629
398
1788
24
326
2674
1105
1304
951
999
843
597
1563
2821
2040
1991
752
42
2
1927
202
2269
575
301
1049
3294
1343
228
923
644
494
2386
1377
636
844
933
2801
4297
506
67
2049
560
1211
4093
150
184
1130
832
228
55
1374
1654
230
938
3673
4137
2241
384
170
674
3759
157
61
2279
2829
10
10
54
1542
196
2020
540
43
389
2158
772
777
490
390
411
1578
803
2268
73
2073
774
150
830
236
2949
2518
336
563
718
751
2743
721
1323
226
113
2452
3701
186
773
2340
1671
857
240
2528
3024
1233
692
684
390
836
324
662
2360
1136
1823
646
2162
810
276
745
788
900
220
1972
205
643
36
2908
1742
240
618
3445
736
3512
60
297
1659
898
1078
1046
770
116
2468
2687
142
575
2637
326
402
1135
825
1150
1441
1365
1673
1001
4402
1479
2297
496
1209
3389
2569
414
2560
549
3656
1849
573
3380
886
2528
1729
2645
1183
2676
1629
3253
1034
1292
671
1830
2990
2506
105
150
1345
308
562
135
912
294
838
2793
3932
1308
1967
1593
1220
16
1764
863
4020
594
616
1550
2339
1125
2091
976
2709
44
2295
3479
25
396
664
3884
909
407
341
3940
2646
472
1862
406
119
179
4159
828
2465
2112
885
683
22
3709
2924
2
696
1087
2656
896
40
890
2882
775
1314
1450
67
1344
152
2261
650
3005
146
3512
1002
1402
2241
406
1694
70
1876
52
226
561
2032
2102
417
1208
163
1591
671
2452
1986
1593
621
1230
2969
895
196
439
1041
324
3353
2324
2750
1185
680
520
146
2379
2989
1654
774
3313
2320
589
1313
391
136
244
1222
280
1067
2245
3210
690
250
26
1022
747
2886
879
1851
1021
300
3386
2220
2174
385
10
1787
3945
1275
872
2793
1589
2203
20
676
2908
2734
2
2743
3570
482
1299
1417
1067
150
766
3390
1459
367
1892
2404
657
2040
1815
1386
1042
3675
3226
923
4352
172
1626
760
1709
364
2185
3701
2926
603
2256
344
1357
2850
3960
1011
3889
1958
1770
104
1463
2079
83
464
115
2293
2222
1003
835
1986
1588
3530
252
956
3267
1438
3972
1840
2364
269
3082
1831
4055
3202
12
1815
2447
1729
3244
2940
145
2028
2507
147
1739
1363
887
933
2265
196
1337
2082
685
1734
862
1319
1530
1334
1734
1628
1417
301
218
1657
3652
2851
2082
103
1197
820
504
2462
160
96
665
32
490
1078
932
402
1270
2230
1126
589
1543
2553
1102
3180
2165
2757
596
1922
1329
4206
2402
182
796
3272
1711
919
2593
88
208
4018
3448
706
238
99
4177
568
1344
1476
633
314
2935
126
2714
2029
42
2920
658
2386
753
177
350
421
80
270
1323
2324
580
2544
2148
1280
2642
1467
875
1692
380
1508
2044
1214
2618
2791
145
2759
10
1994
2792
1487
748
270
1373
505
1358
3022
263
3004
513
2823
2359
2117
1666
1744
2064
183
2074
3572
2186
173
2110
45
3416
3380
3114
1465
2706
760
530
377
6
3026
1375
64
1445
2916
1943
1742
1460
2245
127
266
1724
2340
3198
2746
2014
565
105
997
274
152
986
154
1474
189
487
433
146
1968
982
20
1096
1345
3026
3970
798
1098
619
238
39
627
2752
1704
2205
1412
1503
931
532
2342
1125
220
850
104
270
1826
4010
130
2006
2110
1601
643
1938
2565
2867
2344
1638
1415
61
27
691
794
71
647
3741
2943
2030
390
2411
3542
410
4169
3048
974
920
2278
782
1412
657
2067
2088
786
1225
1651
786
1611
2154
2690
3080
803
1647
3210
1309
1224
1688
549
1183
297
700
3715
562
125
3243
524
205
160
1278
1480
1055
2160
583
1657
2546
2406
1929
789
2271
1015
171
2301
212
2263
2382
1714
816
391
330
933
29
3
1811
2251
731
2467
429
1709
2004
943
2331
3235
980
76
190
1407
244
1808
3584
2638
1004
2841
1211
1188
1459
1603
1613
1696
1199
1235
189
992
122
839
3145
136
2094
285
1028
37
259
1955
2138
1092
1315
605
2298
2078
837
1311
652
223
164
620
1901
582
188
308
2067
1074
155
766
1505
1553
1500
923
1046
638
1990
785
2016
1568
1208
1041
235
33
26
2078
1150
3444
2309
3940
150
86
12
1689
144
40
272
2145
1810
1951
205
1762
3932
35
73
2742
370
2872
282
1744
881
483
3073
1340
3875
541
3480
1069
348
105
532
1413
234
184
1551
1152
197
3115
2424
299
2095
53
2347
540
670
39
183
1534
1165
623
61
710
666
363
380
2380
4252
1193
1319
1612
1628
3910
228
2840
710
2724
773
2408
1441
21
554
46
883
441
2340
250
86
2592
3665
668
1218
2285
954
3085
2993
800
2031
2698
2164
219
334
1301
2592
2541
490
1517
92
3404
659
2664
1
3039
2716
3927
3371
3542
485
1322
2022
4215
1505
1826
1090
129
834
129
1981
3262
1324
1340
3347
1480
513
330
2244
2512
1397
381
1757
84
212
1362
2700
848
3258
3674
2920
1469
2331
4222
2794
790
3235
894
2708
295
1679
184
2152
3575
2200
1865
966
3207
1466
2932
149
1223
1529
815
512
2945
2729
250
2847
410
1810
1525
1724
124
3361
1601
536
2418
746
2200
1005
1246
1938
2013
161
3302
1356
1938
793
535
151
1044
1776
1386
1670
711
1122
2115
429
1132
39
3538
526
2466
2263
3245
192
1524
34
978
693
726
1235
1446
1283
550
325
1371
875
1459
90
1648
2170
37
4004
334
1322
2367
773
406
1054
3934
121
1768
892
2540
2862
3511
2505
1522
24
1343
1506
23
2102
1457
196
2565
1040
3243
278
2959
599
1631
3871
826
314
544
923
270
1146
2939
749
1910
2442
1870
977
965
490
24
395
385
296
170
276
3436
1273
1832
1194
2266
282
1486
1303
2355
1466
893
370
2132
683
148
2581
2594
2519
228
631
1726
1822
2295
258
1413
1348
3359
1442
1540
2691
114
1974
2195
240
2792
402
509
576
3000
360
2964
860
700
47
507
3784
6
1495
3255
363
1260
395
2375
779
414
306
61
395
944
3291
1997
2017
1777
1236
126
126
49
592
1431
1799
828
1811
1258
741
1188
1299
974
1578
1312
981
827
4293
3496
1213
715
1115
267
2884
174
1943
8
1538
95
174
1792
1363
1533
386
90
3395
643
1709
831
1382
1461
933
3344
4103
874
501
3868
3194
334
102
1694
94
210
26
786
330
814
1200
3276
3338
212
2484
3154
423
3311
1714
348
102
1734
326
8
3524
2094
2280
224
862
2009
28
2780
1382
1459
2137
3865
842
2354
447
878
902
101
1800
814
360
264
1666
2766
3202
414
4356
198
2427
1066
651
373
1286
1884
1615
126
664
3396
90
1464
3768
1563
434
1740
166
821
1927
1433
626
2796
1413
250
36
2121
2209
4053
70
818
3213
816
496
2413
996
2905
1271
30
1172
801
390
922
2450
3174
1504
1302
1841
1124
100
234
791
253
42
761
377
1865
1747
161
2300
4018
21
773
1382
1916
138
44
2486
2477
3905
527
1064
1232
1936
483
378
47
2316
1358
1533
1868
1489
1869
1684
3661
511
3542
1632
1600
923
1466
375
1994
397
186
1252
1291
36
620
1458
1407
52
2276
1000
113
1542
2944
1366
1
1602
2301
3580
3077
1399
2566
685
903
1904
714
4130
661
1861
3742
149
2930
643
490
376
1641
1603
317
1862
550
698
352
898
1383
242
1228
1100
887
2257
551
3148
913
1402
1169
1484
22
2305
1890
4478
982
4300
1835
3104
1321
2417
2687
80
354
486
1096
531
366
2184
3312
64
111
2397
609
1774
3326
21
1013
2855
2720
134
2125
200
3652
620
364
1104
3746
642
3193
2322
424
2588
386
2772
2826
1206
1018
2212
3087
1006
566
550
4287
1235
1157
3330
989
819
849
1109
2362
1253
454
2147
2296
3373
2904
181
502
460
49
743
164
2679
1978
1167
1961
3897
2580
668
2468
388
787
790
2955
3951
1562
3082
1371
4229
2804
641
708
1829
1125
2746
2747
1762
1979
1545
184
490
2304
3482
278
973
2996
3772
3692
10
2247
544
2050
758
748
2302
1947
3
736
292
51
1401
410
573
2676
858
456
2442
2923
4364
1537
3060
10
561
691
2110
1022
3965
112
4613
422
429
1069
1926
2113
2252
860
2
288
2699
2490
427
1002
827
1405
542
933
1308
1532
2932
4422
1490
3414
2104
748
2650
310
10
3316
114
2352
1408
90
2551
952
790
766
908
1412
3861
2563
656
2050
2015
186
1098
2698
143
348
1153
774
37
527
789
18
3160
118
2822
174
236
1306
467
1084
1860
2281
1928
2437
2431
684
2580
1480
966
1341
2290
860
3262
2718
636
2932
1182
4019
24
996
400
2490
1445
2906
950
538
274
213
181
1479
239
508
3395
2349
569
124
509
2200
818
3116
604
642
610
219
1100
444
3201
2249
40
840
1538
837
252
2326
1712
4067
322
633
3207
2006
1270
4298
1623
412
1969
2489
1117
464
408
810
1375
793
2100
1104
702
1262
624
3292
2529
2843
913
2290
2692
895
548
316
367
1110
17
585
3648
222
1840
849
686
922
979
2438
517
178
1009
1806
345
1918
1455
688
3678
1731
801
329
514
304
890
45
2070
1334
3464
2331
823
258
337
1196
278
95
13
472
2561
1543
74
1194
1954
706
1944
1622
806
1525
1847
2240
3251
161
530
721
3448
1123
449
654
2889
944
262
2831
1510
1661
580
1265
3928
1769
2506
1323
149
3137
894
1074
444
2867
607
1066
757
361
2440
648
2393
76
546
2491
2452
686
3804
87
422
2182
393
1744
3382
451
2101
839
232
480
27
1334
1055
2975
229
181
3438
14
606
448
761
2398
3030
1630
330
1314
1354
830
1936
1632
672
290
1543
430
867
482
370
8
226
1352
142
853
2984
2926
1900
2024
2160
3787
52
1050
582
4365
263
2832
79
446
1328
4204
2835
338
495
1684
2206
722
598
3502
3364
240
196
2709
1261
674
1913
1334
20
152
1396
259
1699
1587
1750
961
1968
1339
689
207
182
461
55
2972
530
1986
2715
163
282
2613
1654
1231
710
2497
6
385
1953
200
36
1884
2005
1643
2110
4542
900
2369
21
108
2053
1787
2006
971
1034
1147
1808
1026
1953
481
384
1943
3848
520
340
2703
165
2629
3312
3073
466
164
2624
3377
1570
14
1860
2720
581
1978
973
630
661
116
689
171
196
1592
250
3215
333
3274
344
1941
183
1344
3542
2606
270
1429
2
130
635
12
236
309
1695
2578
1931
1132
761
39
422
2102
122
3419
740
1631
2561
1692
365
2301
2244
2029
1650
456
2525
1092
1698
2589
302
3073
484
528
410
2735
219
3410
1389
2730
1724
2784
1651
2329
1196
64
2069
200
2844
2158
3119
156
1225
1460
2889
1775
3662
1825
2018
124
296
2162
865
868
2495
1700
1505
3313
2541
28
840
2994
865
2542
10
723
528
1233
2228
22
3187
170
682
1035
3662
1377
212
1309
551
3058
2128
2553
1646
926
759
445
2037
748
3108
3572
3090
991
724
161
598
938
1049
1145
1
1531
3488
1079
848
852
193
310
54
1617
2446
1578
590
360
779
2573
230
190
272
1884
1217
1391
414
4024
3634
12
1174
2262
428
1049
2998
1422
4099
897
4011
1170
12
4578
2153
1584
482
2834
382
319
1176
2402
971
4346
1762
816
2681
2983
111
2580
1044
1167
1205
39
1732
735
2365
1666
2877
1179
118
1174
2279
406
42
399
2758
1200
232
1986
411
1794
246
1041
3709
69
414
1724
1084
739
978
456
1012
1934
1257
2255
1296
12
1857
2041
874
943
283
1909
123
171
184
737
1792
1641
1391
3787
1015
923
232
1178
3754
1688
968
1085
3975
2608
986
199
4157
213
49
2677
1764
1129
1061
1226
15
605
906
1955
1183
1923
777
50
4221
4248
1278
1234
479
348
650
876
2464
2346
1182
681
2006
3656
1680
2643
3393
240
1348
3100
628
1314
133
3912
51
177
727
414
342
904
798
586
24
1156
1344
766
774
635
355
1812
104
3213
994
682
2607
180
388
4386
2003
930
1709
80
2794
772
399
553
478
1726
1841
790
631
408
974
1429
588
1322
2731
412
1055
2742
94
1504
1057
78
1586
4035
1341
2064
1922
1178
1393
1569
972
923
644
740
43
1898
1286
1316
1245
2618
590
943
137
1033
37
260
508
286
2288
230
1784
428
4018
729
1004
524
692
723
2716
1586
933
735
30
648
1797
166
421
1621
1486
676
2188
2877
1996
806
54
2691
548
1201
154
208
1606
387
1195
1495
2396
647
537
92
1179
3912
23
218
2074
1346
499
2022
2216
440
499
1054
1236
1767
1542
496
192
1238
782
742
954
1608
1593
566
3440
1079
828
475
1802
6
2520
114
3997
1489
249
2112
3988
1747
4007
800
1470
640
3897
1266
2675
1218
694
1050
1183
450
986
1636
4
492
180
496
714
1752
1034
2352
879
3299
2336
991
2026
67
458
2114
2850
1469
1448
606
992
3995
1357
1458
322
1105
2392
12
306
232
1372
694
2066
3482
2437
16
29
2969
572
292
446
2126
414
106
402
2221
2767
560
2524
1439
433
64
577
308
70
1054
3034
512
1512
62
549
761
858
1659
2713
470
408
328
589
69
615
20
205
1378
1319
1802
2306
3151
8
1811
821
2125
460
88
3316
2389
1434
1666
3008
2238
160
3728
703
8
15
605
83
2362
180
515
2246
1418
1108
1480
668
1218
2752
2241
3452
352
1554
124
53
721
2977
451
418
2291
1264
3282
1392
3188
3196
164
1132
516
1421
2627
2588
1924
1563
2380
1870
538
597
3311
1445
2240
316
1193
673
876
1749
460
643
2244
1380
3469
328
247
1362
233
825
1296
1456
1312
2131
2954
488
4613
553
724
1573
18
4120
1428
1704
753
102
3540
2174
3883
326
831
14
4238
427
6
991
732
3681
1484
3808
579
2362
698
1510
1656
2140
1548
180
1190
374
1069
166
2158
645
2198
496
1985
2468
3733
985
2422
1690
3543
2609
652
3774
2248
640
1574
1558
2977
2666
2811
3434
871
2457
1777
1104
767
670
3117
2521
2563
3378
1714
996
1587
1784
156
1514
1969
1195
1088
997
777
539
23
24
442
3436
2346
3320
2904
1239
42
1344
3323
2148
3596
488
414
3869
64
1706
1757
1154
3490
1275
697
3036
142
2964
1322
722
1913
414
358
2087
1908
2431
344
421
418
3373
1698
3701
653
239
1450
1472
2290
815
1244
2893
737
1563
717
1686
1150
318
153
1066
3908
3378
424
1729
2144
4372
1454
3092
378
238
2350
4209
2023
458
2036
2060
3431
544
89
58
808
64
4193
1070
1205
578
664
401
452
302
1766
120
1134
2321
118
2480
2264
656
2711
2394
1154
1405
162
598
1016
2148
404
643
827
56
1072
591
645
777
883
1504
356
411
4236
825
1226
535
2717
850
94
933
1275
4214
355
4456
1768
215
1265
2359
1296
808
2847
1962
93
2
208
43
12
699
2518
348
595
728
274
736
1205
167
833
3262
768
659
166
395
3134
3154
266
2266
524
248
1406
2820
1402
3367
3192
122
803
3121
1192
1269
35
1442
2377
1430
403
2729
173
1027
310
332
248
586
2
148
794
2840
1617
3293
140
1004
2571
1175
780
775
67
312
2780
1064
775
3115
800
1075
3098
299
537
477
2591
18
2042
1729
1235
744
1012
384
108
99
2110
2110
745
535
3096
2261
2266
2793
1060
3650
62
1618
3477
1032
1366
2027
1752
1079
2344
1523
230
159
3088
570
252
1917
738
1110
1822
3174
501
1754
862
2420
2712
490
20
1782
92
1961
1349
937
2788
590
1637
586
33
2218
130
159
1840
1626
1026
2475
1821
2552
1430
830
3739
1752
2329
360
24
2094
1503
1937
2319
2269
1308
398
2618
492
1078
210
1933
190
1573
198
3160
2485
702
33
270
1006
638
3490
2486
6
635
337
2756
3005
1807
1919
35
662
352
3428
1525
1647
2328
1601
1753
3191
939
3214
619
3674
1039
1026
298
1738
2354
752
2114
1984
1074
18
140
1596
2121
653
1323
1422
1704
600
1417
1254
1690
703
3131
368
387
2019
621
364
2483
2772
1880
1197
3372
716
522
431
1689
3773
4233
1664
956
39
1239
1633
3359
937
3116
921
1996
1185
158
1465
197
1890
606
2457
2402
2090
2432
344
166
2281
218
1271
515
1979
2148
484
234
731
2064
2230
20
1105
264
2436
909
524
306
1525
3686
278
1777
1018
324
1638
4398
53
751
1235
1141
883
126
182
1777
248
3936
1303
938
2362
3036
2393
155
4109
744
860
496
1322
2578
1325
224
1338
2430
1080
846
2801
24
1145
4061
21
3797
3149
3568
2049
1747
2082
322
188
546
710
674
2744
3474
695
1339
682
146
1876
218
3241
2018
744
971
490
2544
299
352
1481
2532
818
949
216
1062
186
1491
275
1503
2156
1525
105
149
889
2573
2602
658
3431
478
2738
1710
1400
783
280
2636
13
1714
2621
693
1676
326
318
498
1963
3659
563
360
89
2470
1328
1174
726
1513
656
252
1559
359
234
2172
170
472
407
1425
799
263
264
3596
1839
2649
2846
585
2277
3935
836
3983
1318
1354
2052
911
656
1705
513
779
1590
315
242
4273
580
208
1202
2306
626
399
530
1432
4071
993
252
1519
1893
178
1057
572
224
3330
473
1408
30
2985
2026
2156
1341
86
664
943
3445
3096
2493
2148
2538
2208
286
380
348
340
564
3380
2774
3486
628
368
192
1432
3358
395
1669
2621
3287
282
1913
40
794
844
2103
2
1972
1774
2418
3709
1070
1288
2119
79
1236
406
150
873
620
335
320
1404
1452
2352
534
878
2727
2812
61
1398
789
2251
2466
2014
777
276
2700
487
497
1103
3453
550
827
3856
602
496
54
33
986
1549
904
1090
777
2081
310
1397
1929
1086
1242
188
2627
2012
1928
348
3007
928
396
238
1905
3011
13
3138
809
3138
111
4169
34
138
237
706
1938
1464
1401
1473
1134
3862
1188
298
242
807
1152
950
407
2314
361
1588
1227
142
4490
3598
314
2056
2098
1354
4073
1231
45
3073
603
1306
92
933
679
2861
3554
1569
2474
1666
2045
1497
897
1361
947
1553
1035
3736
2778
382
1098
61
813
291
3364
917
1708
1592
1552
376
1576
2770
2863
380
1449
711
452
68
2086
36
978
468
757
1288
1373
161
2228
750
2490
3587
747
3874
994
1157
684
2890
308
1592
700
4416
3419
170
82
2355
892
518
248
2535
526
315
694
2719
3805
807
573
1972
2410
538
1016
541
37
2089
3241
1641
2704
190
2619
230
2029
923
1689
344
3418
3865
1640
1507
3322
756
405
3133
139
148
509
1710
1681
1422
2553
298
25
52
1778
4037
330
1152
2188
3712
2694
602
459
1920
2482
70
23
1395
1283
2739
956
240
2472
1316
714
3278
928
95
2168
949
338
259
184
306
2211
590
731
1870
1279
2214
1485
2880
412
37
934
655
478
794
86
19
919
2575
310
668
762
1691
2087
3812
3340
384
709
828
86
58
307
420
2108
2496
995
1486
582
76
744
216
959
46
604
2098
476
2191
683
2472
1218
1165
1079
1317
1533
1810
1047
207
116
311
918
2682
476
1661
2108
264
465
70
137
3687
1150
505
2608
87
1437
2968
826
1593
326
2019
1725
2530
3290
2558
761
23
1398
2253
901
778
67
2804
2295
1306
1991
448
156
1848
178
1293
2378
1078
2038
2068
928
1030
892
2936
216
756
2111
1662
162
3767
302
3635
611
1329
937
2936
1815
169
705
350
104
663
208
1377
645
890
1236
676
1706
606
2875
1384
748
13
356
394
1480
76
3236
2298
3737
2142
462
1373
1862
1530
23
31
1
2493
4135
1686
3782
3548
1445
1742
183
88
385
2671
933
329
3166
2230
241
1564
3684
555
172
757
2558
4091
2431
893
2026
836
134
1354
1653
3809
2288
3111
851
3140
582
1907
1957
3322
221
2064
1084
1404
1843
936
464
1520
695
1792
1958
1733
3328
384
1021
2899
2105
288
1788
1249
1054
791
4
8
2630
895
1566
1493
2056
67
193
296
714
890
3258
304
308
1748
932
1011
822
2339
2264
756
631
3225
2139
275
662
2032
1485
1006
301
2330
1664
64
657
2844
4265
2570
280
814
544
3980
254
138
31
1875
486
102
2276
45
2328
3301
335
904
858
786
2316
2823
2361
240
144
3051
2694
1488
1561
1050
1626
2266
748
2090
722
2391
441
1381
1871
26
95
2416
3174
2999
1962
42
1777
1093
1238
1694
693
527
36
366
910
2367
967
62
42
159
1787
871
42
555
3191
1904
414
3652
424
2860
202
39
40
808
16
1716
1054
1206
3877
2374
2505
996
1328
1594
263
534
1018
586
2068
541
649
143
1047
33
949
750
255
31
2189
73
2309
1523
2710
2500
1850
1447
1157
6
729
1616
3663
1689
254
3200
12
3622
2762
349
147
506
803
105
2708
604
1631
629
654
994
1354
577
1563
2455
796
42
3626
3643
169
485
4038
350
762
835
2739
194
882
102
681
593
4210
1995
2684
2025
539
1095
3015
178
2679
1036
2386
1289
1153
995
1322
2444
3130
186
987
1482
398
1846
4194
1800
3525
2946
724
2348
32
1581
2475
2645
1107
462
2460
6
228
1281
1210
2228
991
1377
631
1822
37
2257
1646
3572
603
4284
2045
2177
1106
3426
883
330
2007
253
375
402
1699
1541
4221
568
626
3972
2932
1082
501
1752
58
1403
3312
164
2821
1206
1719
3957
492
1980
1612
986
97
2010
1459
2233
3583
302
4322
398
75
70
4125
3438
3897
30
240
4310
223
24
1339
2595
2733
2167
2906
2618
2952
55
216
1632
28
193
721
1822
2613
3069
938
258
2668
1883
10
411
1389
322
635
14
3304
2746
749
176
4126
156
1246
15
1067
1962
691
971
3351
235
2389
10
1516
2041
673
1656
3143
2321
443
3024
274
1059
767
1177
114
2688
798
1283
319
895
1416
1367
2840
1676
2343
4534
439
2402
105
1002
263
2930
686
1505
1844
1830
551
3634
499
4503
1445
2304
2933
131
1306
732
891
238
2311
1142
194
819
1959
2760
1423
996
2510
806
1603
1154
1563
2541
3739
2868
1885
4
71
616
1470
663
2057
1285
786
1319
3104
95
118
438
1051
3562
325
954
1768
1771
4197
125
642
504
3362
1176
2244
110
2
981
691
39
608
1423
42
82
1236
4
1570
4229
88
2538
3826
1303
575
2325
142
1495
575
494
1039
159
840
1437
3614
478
2310
1655
1488
1935
2257
408
204
287
2138
845
6
37
1382
1122
3596
3674
819
69
200
2226
508
16
774
2107
1309
338
1117
369
436
2646
741
833
1097
1165
618
1366
3692
198
3477
1471
1385
1752
1016
2019
286
1172
1966
189
834
3054
912
1037
3
221
166
3577
2751
688
633
309
2642
796
1563
2598
106
866
331
1262
3491
776
2336
3238
222
1356
102
95
1767
1586
2221
1327
705
414
2183
2678
732
3938
3065
358
3971
1421
804
64
1079
2676
527
35
3986
3143
303
1505
136
740
833
1722
170
2319
2534
3270
2174
2956
1445
2904
3351
949
2795
3554
2068
960
1453
1077
1021
64
1734
3318
88
1598
1295
2383
773
259
434
329
362
48
31
3439
102
972
3927
1276
418
1830
3582
61
329
2739
757
3156
245
3542
1519
2334
1477
1276
16
1124
1120
206
1296
260
1606
123
228
312
690
2334
1850
2616
458
270
3097
238
1822
494
646
467
1006
652
30
684
140
2678
2679
627
214
344
104
867
3025
1928
52
1460
2165
836
3616
1507
178
539
1425
1284
4522
730
162
1517
2251
110
106
380
2276
36
3869
84
230
1384
1973
508
4161
208
3025
2647
2054
244
63
109
188
2417
1422
2988
200
518
136
272
953
1605
709
1334
1046
3674
2608
1832
1035
1839
1817
865
1596
826
2095
2688
2268
80
390
57
429
79
881
2844
836
851
2148
1297
1772
2515
3906
3806
3428
1608
446
935
408
1154
42
787
13
3682
1831
1093
70
768
3278
2011
2208
2256
1253
962
15
1607
713
346
329
1184
3346
1080
80
1217
586
294
2034
289
394
1051
2463
1721
1260
1236
131
1115
1156
4038
419
2083
797
97
469
1015
380
37
1628
2678
950
55
1119
306
1314
32
726
864
1860
1621
568
2108
582
2170
1134
3032
42
580
1118
1757
1870
2252
326
2616
1132
835
19
2360
486
3410
628
2321
2567
3970
908
1148
120
470
3654
2540
938
1860
2925
262
266
772
3279
976
1296
2248
322
2806
457
287
504
266
365
31
1077
1266
3367
1166
2316
1714
10
2348
1413
354
2755
877
1965
2147
3468
2570
2391
1689
328
77
366
1962
76
1412
952
1940
1998
2221
180
2439
742
578
1636
804
2520
1
231
1431
542
3596
1884
1418
2069
1152
3538
490
81
274
4044
55
2202
3369
478
1207
1024
1303
1041
907
2185
61
196
539
473
3316
2250
722
76
1694
1252
1686
438
3247
356
3607
329
702
1339
3460
236
628
1291
374
83
1694
3762
2455
344
515
1636
156
2626
1266
668
1739
378
3719
1803
1812
436
862
25
1069
1772
1568
2835
621
1260
911
1163
948
3377
665
1634
1255
668
751
182
323
490
2160
1792
574
302
915
1132
1585
388
2505
244
3082
1496
1026
3719
1566
674
4185
596
1372
1914
208
312
2560
4
1510
268
1300
1182
188
356
2123
695
2075
849
1162
448
1237
694
593
1088
1040
117
486
16
1042
437
51
94
122
2558
1022
1274
2411
885
22
508
2302
2295
2671
3550
562
1303
1792
132
2961
173
2967
2616
2194
2712
274
426
1074
1347
3491
4190
1418
622
1166
631
1268
2906
2595
2210
2932
2808
1457
2482
1069
61
39
21
2024
3541
1165
864
688
20
414
729
2988
13
339
6
501
2484
1232
2261
292
2641
608
1172
1884
1684
1988
1470
779
565
92
1313
2274
2856
1998
1337
1266
3
1346
2036
3472
209
508
399
1875
16
750
3388
826
2474
3883
1562
414
52
1305
89
966
1495
706
1029
1796
1676
811
2097
303
806
2954
399
16
2520
1362
893
1908
1177
1540
2856
467
189
2426
578
1381
1627
3050
749
1892
1104
1583
2748
1157
1359
117
79
526
966
1354
314
30
1195
3464
1150
274
819
1785
1666
542
448
2427
1475
2
562
2472
1545
1431
3458
158
1817
1147
2740
756
2148
1795
889
2913
332
2572
1231
4454
1041
690
575
1029
1573
355
2682
36
2
1462
95
2034
3146
1238
302
1975
1723
89
98
699
2435
4
3338
1070
1912
454
1381
2044
461
2248
845
3024
1752
783
410
3351
1054
2652
2412
896
512
23
513
744
1072
3011
1612
3180
3142
1808
3743
100
975
2660
257
847
920
1523
1676
576
2479
2548
704
2656
2160
3196
2136
2786
1915
1884
3046
894
140
1548
198
591
1593
1882
43
404
3282
3887
2509
3128
4005
2495
246
2046
2858
189
1152
1032
1240
1349
2011
643
1152
3747
2050
19
103
2441
1744
1948
2602
1541
698
143
1255
2311
2091
980
976
4
2791
821
1016
813
3504
2468
1826
1274
1013
2058
1001
206
3507
2966
1047
419
1369
291
1052
146
2774
424
2186
1817
324
2850
2827
3564
4126
1460
1770
1122
1970
2054
3458
364
2267
1153
1970
2317
1263
1765
702
800
445
1237
1142
1300
448
2167
1581
398
899
189
3509
625
521
329
758
402
118
636
452
2372
2784
2645
3083
1100
313
1168
1570
1984
2948
447
1931
1213
3666
4106
1311
2490
3204
1
1468
252
2041
1772
1253
2668
1017
144
322
186
3321
826
774
2497
2498
1273
535
948
739
487
568
452
3705
585
64
3867
237
2064
117
3634
997
567
1651
436
456
1440
8
333
1366
2090
10
612
871
2878
1153
1026
1465
1058
2216
1326
2456
34
1616
1475
1518
2902
550
1358
2353
911
416
825
266
1110
1309
349
1728
425
1528
1267
1
592
702
2356
645
1986
548
36
3492
482
1704
388
1438
779
1074
2201
3935
944
387
2774
1309
509
1787
212
650
1461
2631
437
3124
1067
3850
612
1027
1560
276
4061
989
348
594
388
1994
1150
152
1515
1703
388
185
370
111
1132
1739
1895
99
1917
54
474
1245
1357
496
1220
1369
772
1231
728
1168
3003
1928
400
566
1767
254
2548
2122
3378
933
1476
1568
496
1495
70
640
150
880
1770
628
2265
1138
1461
226
3528
685
497
3028
2620
114
701
410
821
94
2319
872
2284
1998
753
691
2183
2089
1118
105
559
440
477
605
3012
486
2500
486
219
1208
718
64
3913
1131
3285
67
1844
794
726
2055
474
1294
1056
491
2460
1802
208
1856
414
2780
3210
3286
1878
83
1593
264
760
3794
1639
968
962
1260
194
620
478
1291
1623
119
1198
726
1674
26
134
1794
1988
324
3830
237
562
192
756
177
2030
734
150
134
2064
1296
363
53
729
647
2309
2390
552
45
1212
1458
1160
1191
458
1128
130
994
178
3070
378
633
475
368
39
428
836
2200
2867
3918
826
1704
2593
396
1085
1326
2953
906
428
1652
2440
677
3636
3261
665
1494
861
1792
762
895
1366
130
1744
2213
335
3174
3695
805
2036
1044
2128
146
200
1160
2426
235
760
2450
822
2446
2506
1276
1090
1556
2318
2504
2322
450
1813
109
104
1561
1978
2789
1349
2488
672
1598
696
1774
1664
452
2342
933
944
267
984
865
322
10
348
733
2112
881
1142
3497
274
1171
1894
909
2284
290
342
655
26
236
171
3151
788
762
1371
1289
4093
2616
3829
420
3975
1631
2005
2654
3073
1407
970
16
2017
423
164
301
266
4225
2286
1683
1631
2142
1285
1455
88
2250
3096
291
6
3001
556
421
400
625
626
4066
2614
1583
705
1914
36
2
180
2178
3220
3
1637
1145
540
4057
4445
736
3196
683
2646
1260
764
1723
481
107
2177
1270
264
1777
2477
2534
132
2584
33
4
80
797
4256
2025
550
134
138
1082
10
3263
43
201
2886
2156
1134
3185
2318
689
1474
772
913
753
1455
1402
2276
798
76
610
982
1480
3717
2062
488
1081
1148
1011
1940
8
192
671
1289
1344
1347
3062
2148
856
52
240
3085
2253
1031
2157
3368
374
519
3092
344
1986
646
3762
446
10
3546
2524
872
1757
1002
3464
180
3065
2804
247
1296
2083
676
594
3429
1763
971
1300
330
1922
3122
455
1724
4301
836
1218
2930
1616
758
2193
1072
3669
933
374
451
154
1080
753
829
1945
639
948
263
1549
736
266
2208
243
593
1674
966
2226
2750
1779
768
2171
516
647
3470
795
1772
992
2124
94
2032
3138
586
1097
149
1435
843
2048
1629
784
288
3002
748
1685
3336
1582
2441
2902
1197
1593
457
1240
1880
3166
641
1666
298
485
14
3881
181
1143
3222
1486
412
1984
2132
1432
82
8
886
2546
2200
437
871
2071
443
1742
299
1281
960
1298
1200
718
889
2270
999
33
1860
524
2498
274
2001
99
1460
228
270
2735
3153
197
1312
1180
639
52
1865
476
144
1819
1915
204
166
1723
3349
1983
3197
901
647
1359
3241
1752
290
1130
3395
76
280
2222
1335
352
1123
360
774
2804
1483
3182
3178
279
2314
4107
864
2530
1744
3196
2082
55
1256
962
2320
1034
446
45
469
211
496
1074
4226
1256
386
217
1563
1587
3567
153
1618
774
591
737
2414
1909
1805
226
826
3006
870
1177
2203
2939
621
1595
649
737
1426
1518
990
190
1458
1303
380
296
3332
2798
901
1909
1367
2170
379
2334
1096
10
344
2257
1166
129
1865
1199
454
444
2427
727
971
374
3563
440
1667
1180
2524
3853
3642
364
426
1060
1352
462
232
2030
930
1268
1038
45
1146
758
3263
908
3200
1588
1322
657
172
1861
2603
1899
1514
3056
1243
1623
1327
1343
110
1421
12
130
176
1394
298
962
1016
43
576
2444
64
904
2427
304
458
48
98
1832
1591
761
1812
1240
1047
1679
1202
1568
2096
1546
2512
1334
754
1300
3046
1790
2395
694
1006
152
4005
2512
3606
4020
376
14
1510
2081
2854
3280
1656
1573
1113
3396
1742
3844
413
1140
1379
596
1391
2067
604
360
619
493
2282
2408
630
27
2012
532
2290
2038
114
160
2131
1490
768
582
1383
102
327
1344
786
1249
431
1804
1268
1855
208
1865
2264
391
1157
1714
146
1772
1731
1296
4038
76
768
111
3406
661
2460
880
1007
320
766
41
2995
689
2188
1679
689
1362
326
3201
866
3051
3648
4336
1313
862
3287
2674
1592
4147
2750
389
152
2485
3734
3676
1333
798
1340
50
3726
1786
2401
741
536
637
1752
1505
1071
238
648
1288
16
1309
2976
1482
3440
1386
794
1030
1671
360
718
1883
1807
2226
906
168
1046
2000
2773
885
2625
1933
2704
444
2198
2069
2783
1314
3608
148
1450
1084
3749
2016
2911
1194
328
314
1922
10
320
2633
546
1643
340
4
2332
2882
253
1158
3835
3621
583
2603
214
1436
359
2541
266
3596
1788
2632
489
2504
2506
2724
1068
1294
1970
868
4196
2025
918
1092
1797
631
3347
768
1240
1792
1346
1347
2022
3267
2646
1958
791
4150
3931
650
1296
1850
918
1011
201
784
868
3038
508
1562
2299
136
566
991
33
860
1822
250
2766
2369
2670
2079
626
802
326
1019
3622
2513
1928
1388
368
924
348
2328
4
2418
1987
954
226
34
286
1440
1747
1422
1963
2031
820
1975
204
55
2141
549
33
2810
1084
479
15
909
36
3350
1641
2582
2859
240
256
480
380
1696
2634
506
1278
126
1656
406
2198
991
4043
2103
166
1734
1018
988
570
2263
1832
1115
40
235
1057
712
292
250
342
649
1795
2212
2321
1712
1574
3351
2064
650
3199
191
521
871
570
336
1962
332
1631
6
2068
2817
2660
737
806
252
576
340
410
1204
326
1329
282
3534
1704
256
200
597
2861
1273
1998
1583
412
1654
214
2020
2451
1850
1092
2955
2399
1031
2078
27
723
1295
3524
268
2805
3497
568
947
2196
762
4
810
3462
2977
456
815
1543
1463
3088
232
200
3352
1229
2284
1190
3196
333
2174
1064
1006
829
716
494
779
79
657
3474
102
404
1503
2537
2178
12
1850
508
1199
299
2611
64
220
360
340
1291
1992
757
2626
3864
2086
595
3224
2838
6
3210
70
794
1203
3280
410
557
1205
137
1279
364
1342
3252
4
700
1791
105
1778
330
1442
1215
1467
3256
150
12
2603
2255
3364
3152
368
2538
4
1570
39
641
471
1865
2568
688
767
2926
1226
974
1297
2311
76
1905
192
174
3465
996
3146
416
2068
266
543
400
176
2150
266
3055
615
1305
3505
1256
104
3709
1460
107
2596
529
755
256
1490
1656
1663
767
2747
2860
756
2836
2918
626
3641
242
56
513
1218
3012
545
2522
2256
436
3028
81
631
1288
376
2622
11
1487
2570
2083
2572
110
367
1082
1337
755
840
1933
1854
489
1807
861
1850
1942
18
486
2119
3014
43
1885
1129
1136
657
3080
674
666
610
1226
342
926
2084
139
2264
2570
3149
967
545
2533
535
388
636
1089
3344
348
1974
1976
1182
147
2358
981
3050
474
1557
262
4189
2142
54
1888
1046
914
4146
645
3424
3446
1322
1533
25
1002
2794
250
807
1349
1391
248
1441
3150
134
3655
3482
1124
42
1450
2223
1016
339
1787
1596
2095
283
52
298
3587
2417
3456
1558
145
1150
1494
558
1522
1714
2370
266
802
3162
1848
890
587
1751
478
1445
663
200
1903
3240
1968
1146
484
670
662
1023
1324
1022
1396
407
734
1032
391
2028
2746
1765
503
24
3283
556
299
1218
3167
146
155
80
644
250
474
1642
122
1608
529
46
668
2089
1792
50
276
1827
2
475
2007
875
309
3897
890
1000
1078
2274
462
3364
810
1495
2830
332
2409
698
904
2783
1342
659
2879
156
1445
3636
21
200
1509
3178
1129
3258
928
536
472
574
4069
1845
1006
714
717
1654
2865
944
738
1734
422
1194
1465
729
169
383
1145
3173
122
503
2255
2531
3488
585
1021
288
2570
853
1140
2912
782
1143
87
345
200
1632
457
1183
494
4200
533
962
55
10
1665
582
639
1353
281
2043
177
126
2440
117
2432
135
369
147
1283
797
1137
1158
1909
73
1059
2001
178
1116
1807
114
1225
450
2955
4370
1696
614
705
621
2528
2541
1587
288
216
1464
1529
3586
68
422
1961
1679
2533
1689
20
4103
2410
717
761
595
1070
2296
2336
632
3060
1912
502
2938
3561
1874
3060
585
1011
1681
621
3957
78
189
268
178
324
524
214
1418
812
428
1117
1168
1300
1004
6
1418
385
908
1241
2791
206
1289
1582
798
612
1138
1487
416
1847
1962
2377
624
349
1125
378
2437
148
56
905
2120
436
441
1998
2228
2365
39
912
2600
282
1347
1948
1558
2085
643
476
551
604
707
1551
394
1742
373
330
791
110
728
1928
1555
54
1152
2130
348
964
1475
709
716
902
946
827
892
3751
866
2023
1048
8
156
728
726
98
2422
2894
226
2029
108
2831
51
925
816
322
2169
3084
2611
506
1318
327
1541
1463
1382
383
582
3797
2607
1084
3548
1750
234
984
392
46
2
1835
352
686
3670
2654
946
3671
1360
774
3093
2510
1027
528
86
648
2842
3162
1319
904
643
2372
699
119
389
1202
3573
325
500
410
1842
242
751
1456
1391
200
2198
2548
124
314
4140
716
3340
2332
2504
1347
921
1906
3716
2718
3173
1409
1288
1633
2186
16
1153
288
3786
344
1078
1825
1173
1582
688
10
1103
200
2040
3068
649
911
2541
2097
616
774
88
1466
1475
895
578
1488
4028
1170
1475
1054
134
1101
933
1547
2089
727
3636
1606
1103
1220
1729
67
23
1356
306
690
