427062
49284
4356
51984
159201
462
301950
476790
65536
1849
689730
883600
39601
424452
16129
254520
582169
15876
8010
381306
28561
708964
212060
228484
4830
194922
197580
171810
600625
265740
383161
206570
526350
30800
271441
17292
186192
105950
62500
19460
395012
40000
96721
458329
4032
167281
42849
306
235225
217622
930260
323761
24336
158802
66306
284089
38220
6162
201601
1640
7832
7396
98596
196
94864
76452
2809
54990
52670
281430
113232
15750
159201
132496
6642
190532
7140
8372
397530
39204
257556
58081
30800
268842
556516
112896
1482
657721
112896
326612
246512
391250
182329
462
81510
1681
3600
62500
564001
102720
59049
139129
265740
58564
132496
519841
8281
507656
175142
246512
16512
209306
91204
27556
314721
195806
3600
15876
1406
355812
12100
24025
293764
103684
494912
175561
107256
3422
110889
125316
11772
488601
180625
242556
501264
30625
284622
506
334662
26244
28730
2
293222
28224
457652
532900
9312
228006
546121
289
8100
85264
31862
271962
90902
106602
70225
264196
71824
465806
215760
273006
12544
6889
182
1369
50400
303050
151710
26244
119025
65792
240590
527076
124609
111556
29929
115260
19600
31152
237169
708964
316969
13340
328902
98596
12544
11990
527802
10000
43472
354025
17956
43056
42230
25122
190096
351649
15252
2116
26406
128881
961
368449
170156
17956
551306
28561
2970
28392
40000
7832
159600
195364
698896
5256
12882
140625
101442
19321
491401
89102
75625
105300
38416
204304
16770
2401
20592
60270
3906
137270
31329
100806
52670
2401
46010
383780
103041
370881
9900
16256
189225
12
390000
156
293222
122500
126025
145924
34782
265740
32400
383161
407682
506
2970
74529
510510
132496
1122
318096
324
87025
20449
20
310249
73170
207480
57600
10000
355216
22650
36100
21462
7140
303050
81796
117992
22650
6241
7744
139502
139876
5625
5476
16256
47524
187922
22801
26896
58322
60762
59536
228006
89401
175142
37442
126025
338142
33306
401956
5476
6241
13924
7832
423801
39402
101124
39601
192282
511225
501264
51756
227529
253512
9120
59536
49
235225
77284
1482
143641
468540
53361
212521
178506
35721
16770
39601
3782
149769
305256
31684
506
127092
25281
5700
1482
6806
286760
10201
100806
8742
253512
250500
240
56882
2704
9900
107912
343396
213906
151710
144
52900
38220
197136
32041
73170
44521
108241
1156
414736
961
17161
38612
240590
843642
634412
505521
155630
25440
64516
142506
3782
87912
361
268842
78961
44100
29584
907256
98596
465806
555025
10609
70225
342
406406
277202
235710
17161
930260
24025
26244
74802
291060
7140
230880
646416
1482
165649
62500
125670
44310
168100
783225
46225
108900
54990
727609
65025
411522
1122
485112
148996
56169
157609
50176
739600
635209
560252
8372
2450
140625
7569
59536
254016
406406
1089
106602
6241
655290
20736
194040
118680
173889
12656
394384
930
604506
306
294306
96410
1225
223256
60762
239610
4624
98596
129240
327756
86142
275100
84972
740460
144400
625
310806
29756
125670
27225
39006
90300
6480
22650
98282
286760
136161
219024
357006
187489
63252
9604
481636
16384
7310
67600
43681
141376
427062
123201
207936
213906
61752
30976
69696
46010
506
624100
142884
9120
47306
419256
27390
196692
44944
210222
122150
90
10920
197136
505521
80940
14884
352242
47524
39601
495616
19182
28056
144780
174306
14520
13225
323192
1122
9900
27390
190096
289444
380689
68644
648830
111556
467172
278256
338724
146306
676
417316
80372
322624
751689
25440
32942
447561
18769
145924
35156
378840
67081
31684
2756
44732
361
320922
224676
300304
16641
33672
396270
4970
20880
9409
787656
80940
111556
1406
576
552049
42
34040
6642
21609
5476
269361
39204
132860
56406
100806
400
634412
4290
131044
115600
8010
81225
24492
654481
179776
303601
494209
467172
90300
26406
2500
48400
248004
100172
109892
4900
1056
80940
209306
326612
50176
44944
390000
669124
48841
498436
306916
454950
41209
6561
436921
239610
756
41820
71824
99225
58806
225625
42642
499849
6972
193600
3192
70490
226576
342
206116
35910
106276
32580
17161
103362
39402
73712
169744
43056
361201
94864
54990
260610
540960
145542
702
21170
25921
210
805506
19460
748225
87912
369056
27390
713180
8281
354620
14762
7396
331776
69960
497730
282492
59536
9409
4900
479556
93942
28900
198025
3025
9801
24180
697225
188356
89700
12882
27060
471282
462400
34040
784
6084
32942
75350
4830
40000
30276
20880
55696
216225
519120
287296
85556
103362
869556
668306
607620
147840
81225
542432
32041
2550
3422
49
133956
63252
18360
417316
355216
6
654481
60762
268324
4489
107912
400
184470
4356
4160
67081
338142
97032
89700
441
81225
160400
41412
197580
324900
236682
132
930
291060
17689
11449
485112
9604
3364
110
9900
400
73170
822649
240
198916
190969
9801
50176
186192
41412
85264
104329
254520
35344
336980
653672
369056
90000
60270
194040
6241
8010
245025
381306
136530
68906
106602
527802
161202
535824
256542
66306
27225
704760
157212
34969
60762
435600
36864
37830
48841
101761
273529
23562
2550
45796
185761
206116
4
189225
136900
452929
637602
116622
961
197136
1122
660156
126025
292140
34410
1521
448900
30450
5112
756
97969
318096
60516
756
195364
276676
33672
289
2652
3249
573049
21462
131769
213444
130682
2070
36481
676
373321
444889
450912
148610
150932
8100
21025
3906
3844
5184
48620
50176
6400
347510
63756
9312
234740
238632
18225
417962
51076
398792
223256
31506
9604
81510
293764
86730
68906
238632
9702
13225
95790
66306
227529
279312
8281
17161
58806
4160
12882
31329
49062
169
30800
6806
10816
20736
430992
393756
8372
1056
26406
65025
13456
175561
138384
320356
4692
16
12769
265225
2809
137270
11881
45796
127449
381924
166056
229441
23409
223256
252506
51529
104652
23256
467172
30
117306
57360
11881
121801
48400
36481
39006
12656
121452
427062
195364
61504
784110
8649
5852
626472
243542
16900
237656
98596
165242
87912
65792
7310
2209
814506
113569
197136
165649
40804
139876
16384
300852
100172
268324
85849
246512
3422
344569
139502
13924
380
221841
102400
1369
51529
266256
84390
20164
650
421201
279841
597529
370881
394384
316969
12
9604
841
289444
462
307470
29929
226100
255025
302500
102400
498436
203401
40602
351649
72900
53130
13806
80940
3422
70490
638401
481636
10506
16256
3364
451584
82944
15376
312481
613872
95481
1444
123904
1369
390625
61256
355216
61256
34410
6084
32761
2401
2916
196249
12432
66306
30800
387506
20306
185330
20449
76452
57840
99540
426409
35156
165242
336400
164430
19182
8556
204304
114582
8930
111890
94556
62750
66049
6889
42
35910
2209
293222
373932
55460
25281
133956
629642
73170
8100
18906
6889
219024
314721
2450
462
118680
441
119370
289
21904
8372
616225
81796
300304
16770
40200
23870
346332
48841
4356
69432
30102
16384
1936
667489
600
13225
58806
506232
309692
64
2970
97032
67600
726756
71556
155236
71556
294849
451584
61009
595984
14400
77284
62500
316406
456300
184900
8930
16256
9312
97344
38416
808201
4830
1190
596756
248004
18496
432964
210222
393756
296480
338724
122150
6642
161202
4489
3025
306362
395012
27060
156420
488601
24492
2162
207480
315282
34782
100806
315844
322624
16384
7396
636804
16384
35721
15750
90300
5776
34969
5184
7225
523452
194922
792990
1056
103684
9604
622521
131406
134689
90000
18496
112896
3364
19881
217156
80089
613089
390000
12
32580
474032
314721
613872
55696
123904
65280
18906
345156
73441
456976
123552
229920
56644
22952
114582
8100
152881
499849
35910
400689
4160
4900
53361
364816
4422
40200
630436
650
181902
52900
208849
228962
260100
12432
384400
67600
163216
100489
182
9702
42025
261121
4032
170982
346332
331776
1936
13110
8556
693889
88506
97344
81796
114244
396900
59780
479556
81510
55932
20164
13689
27722
283024
268324
100
97656
4830
1056
64516
264710
75076
519120
327184
144
139129
264196
80089
190096
87320
66306
54522
214832
129240
178084
20592
48620
542432
1936
324330
1
60762
124609
9409
21609
4
262656
9216
193160
168100
269880
39601
4900
461041
590592
27722
564752
81796
386884
4160
421201
203852
29929
665040
3422
273529
34969
128881
69432
42
277202
77284
148996
183184
42230
164836
198025
420
354620
471282
41412
37249
272
484
52900
52212
18090
6400
12432
49284
6561
2500
208849
597529
814506
42642
568516
42436
176820
8372
25281
153664
465124
14884
13225
89401
73441
299209
33124
300304
17822
16256
36864
188356
92112
144400
121104
27060
7569
17292
20736
20306
385020
21025
3025
693889
40000
172225
777042
56644
340472
6006
368449
354620
104976
167690
164430
115600
145924
324900
6561
410881
83521
28224
1
82369
650
315282
857476
4356
210681
18769
93942
867692
122850
15750
25
369664
146689
217156
1332
12656
2601
197136
101761
309136
75625
689730
172225
96410
214369
1482
697225
16002
2970
156025
192282
3844
49506
51984
100489
7140
109230
18090
97344
262656
25600
55932
484
3782
3844
7225
1369
787656
24806
2500
29412
107256
377610
2916
63252
186192
132
36100
12544
36
110889
81796
75900
662596
77562
77284
6
108241
41412
6320
1406
48841
604506
13924
32041
206570
3364
233772
9702
240590
705600
18090
78400
211600
333506
414736
8190
205662
10609
77284
50400
16002
155630
328902
4556
8190
15500
563250
4761
23409
401956
8649
388129
24180
641601
58564
28056
531441
275100
812702
8190
201152
31506
430992
339889
481636
85849
196249
31684
268842
34410
120409
41006
7310
37830
35156
3364
247009
285690
400056
383780
860256
64516
108570
39402
66564
16256
92416
99856
306
384400
15006
9900
230400
599076
195364
2704
125670
32580
177662
18496
458329
310806
102080
444222
1444
290521
100
552049
6724
408960
15006
663410
1892
288906
148225
245025
154449
64
361
2550
100
4970
5256
237169
112560
297570
606841
91506
8649
6241
103041
247506
75625
613872
648025
511940
328902
33856
624100
262144
78120
103684
519841
573806
121104
85849
3600
131044
49952
107584
600
12882
120409
9025
12544
380
216225
12321
5329
1406
84681
3025
156
99540
188790
426409
529256
1444
650
8742
140250
270920
53592
930
552
188790
501264
145161
1332
330625
432964
35721
711492
345156
28561
610742
42642
147456
576
265740
198916
95481
85264
1521
588289
428370
245025
19321
40602
48841
8556
238632
420552
221370
532900
564752
3844
299209
1024
237169
625
37442
325470
28900
244036
23562
272
226576
194481
120409
650
210222
27060
34596
194922
173889
49062
702
111556
27060
34040
54056
94556
56169
429025
1369
45156
205209
370272
281961
133956
161202
128522
179352
32761
231842
107912
17689
330625
36481
2304
82656
24492
402590
2500
205662
639200
246512
54056
11342
603729
136161
895862
219961
90300
198025
169
1260
234256
506944
53130
61009
272
54289
86142
167281
213906
190096
38809
900
97032
43472
22650
240590
595984
35721
85556
237656
667489
254520
36481
51302
7310
29929
47524
48620
229920
173889
158006
86436
5550
1
1722
465806
44310
210
69432
498436
930
108570
3192
18090
10302
17956
37056
12
2450
134322
258064
144
245025
102080
58806
35532
17424
15500
150156
100172
75076
17424
26406
71289
7656
114921
100489
11130
84681
380
41209
38025
4356
13689
6480
31506
323192
115260
314160
38809
40602
14884
278784
434281
36672
439569
23716
214832
992
508369
241081
21025
58081
263682
640800
59780
249001
190532
116622
71022
68906
5476
17030
340472
67860
12432
73712
133225
3660
36672
283024
616225
56882
484
84972
132132
67081
930
49
5184
11342
420
266772
130682
579882
692224
597529
577600
484416
752556
23256
11772
108241
290521
451584
289
626472
424452
145924
12432
841806
183184
52441
110224
240
7310
52441
145542
96721
703921
205209
261121
21316
310806
245520
20880
29584
6162
273529
168921
59292
483720
18090
252506
417316
41006
41006
121104
14520
86436
98910
2256
188356
280900
686412
193600
42849
8010
138384
764750
25760
112560
627264
3600
348100
2601
207936
277202
14884
5329
607620
210
242556
61752
143641
155630
85556
32942
206570
30976
164430
64
590592
13225
106602
38416
137641
324
18090
104006
162006
94249
201152
150156
13340
81
196
582932
345744
369056
13924
23562
568516
2756
754292
354025
144
179776
930
146689
610742
60516
357604
2
192721
202050
10816
213906
48400
337561
157609
1260
1806
121
375156
19044
683929
5476
345156
1521
521284
18090
8649
18225
89401
363609
366630
21170
2
276676
89102
197136
225625
519120
349281
68382
43890
10816
142129
64770
16900
116622
240100
1482
6724
4356
35721
257556
841
349281
4422
10920
511940
274576
100489
29929
103041
389376
62001
91809
600
64009
6724
28900
169332
187489
624890
279841
250500
3600
27556
2304
64009
434281
48620
109230
144
6241
148225
15376
30450
342810
9120
1482
9
70756
448230
93025
3136
327756
402590
396270
221370
178084
482330
37056
10816
352242
256542
43890
53130
66049
45156
552049
278784
665040
594441
692224
401322
31329
8930
4556
210681
155630
635209
261632
83232
862112
391876
588289
37056
508369
658532
71824
182756
32580
219492
57840
78680
14042
115600
299756
268324
4356
5929
105300
289444
1806
52670
76176
60516
48180
438244
12769
816312
737881
80372
198025
652056
121
297570
22650
49
22350
248004
6320
246512
270400
14520
258064
205662
153272
67600
106602
187922
265225
361
11449
678152
57600
25
113569
430992
349281
51529
132860
278256
35721
87616
576840
274576
61752
99856
320922
538022
300304
7569
42436
97969
104329
3782
352242
352836
292140
207025
113569
336400
189225
54056
6889
383161
110556
160801
62750
83521
9
485112
420
1980
51076
678152
186624
483720
504100
8010
213906
134689
729
20
33489
14884
80656
294306
12882
615440
81
594441
10000
380072
4356
318660
3906
67860
436921
47089
338724
88804
579882
1296
46010
46656
402590
41209
196
55225
9120
416670
93636
240
8100
41820
546860
27722
22952
430336
705600
81796
1600
136530
174724
2809
440896
84390
2209
80656
10609
128522
125316
530712
10506
267289
17030
8930
23562
4356
230400
202500
33489
284089
11236
6241
71022
169
223729
27722
21609
15625
708964
5700
416670
531441
47306
38025
116622
3969
13924
870
481636
7396
597529
187922
32761
3906
57121
115260
55696
245025
119716
321489
369056
73984
226576
36481
100172
193600
277729
225
91809
132
20880
8930
20449
7569
17956
43472
169
79524
104652
72900
63001
94249
18906
294849
68121
443556
50850
18225
360000
27225
32761
48180
441
129600
253512
812702
210681
194040
146689
200704
334662
161604
1849
679800
1156
173889
64770
100172
328902
246016
133956
42025
6
338142
107584
329476
529
9506
42642
491401
368449
79242
79524
3306
306362
138384
15876
45582
268324
87025
214832
231842
546860
333506
36290
160400
567762
514089
360600
552049
35910
27722
42230
130321
110
7225
374544
20880
10609
12432
406406
15876
219492
152490
112896
32400
218556
78400
414092
360600
21756
636006
166056
32220
11556
56169
6642
10100
96721
550564
391250
18090
36100
588289
11236
219961
194040
147456
5625
315282
20
1122
15006
472656
160801
26406
520562
102720
46440
90902
491401
56882
271441
532170
8372
10404
2970
3422
11556
3025
4290
80372
673220
784996
16002
106929
529
15006
284622
602952
11556
72092
3080
113232
13806
346921
185330
395012
26406
2
166464
61256
206570
944784
525625
272484
99540
30
1936
19600
426409
16002
80940
70490
177241
42642
200704
48841
43264
12882
152490
154842
182329
72
39402
360600
69169
209306
273529
62001
8556
97032
139129
243049
10920
75076
41209
58564
300852
10506
157212
54522
51984
215296
389376
34596
28730
47306
609180
62750
56644
332929
197136
12656
7656
171810
566256
162006
219492
70490
436260
28056
60516
111556
462400
331200
267806
310806
257556
47524
37056
474721
50850
2401
9
288369
66306
295392
425756
1190
16384
841
68121
214832
576
22801
75625
153664
650
156420
482330
128164
12769
246016
23716
275625
2304
4970
600
306
46872
6889
3192
174724
43472
90
628849
3906
110556
351649
3782
527076
234740
593670
7140
233772
119370
387506
674862
153664
20449
107912
156
24025
65792
586756
33306
109561
23870
18769
52900
725904
692224
231842
412806
188356
527802
99540
1056
6241
669124
293222
116622
446892
262144
70756
209764
359400
160801
375769
614656
900
172225
90601
59049
122500
141376
702
723350
212060
288369
9506
777042
389376
47742
54990
290521
3906
281961
67340
139502
595212
3969
1482
254520
683929
433622
1849
5625
64009
31329
87912
71289
14042
576840
235225
61009
419904
3481
194481
25
300852
14400
153272
2652
305809
17556
6084
665856
16900
327184
84681
285690
28900
4970
723350
5700
386262
15500
120756
115260
2550
178506
69169
103684
88506
201152
59536
80940
334084
120062
20306
178506
25122
67340
640000
625
54289
400
101761
26732
76729
240
355812
6
275625
3249
89401
187056
2162
137270
118680
321489
2070
10506
5184
87025
15006
577600
4
149382
23256
38220
13689
135792
39006
198025
18225
426409
84100
197136
506
24492
897756
111890
101442
228006
245025
125316
602176
50625
246016
266772
3481
54056
5184
500556
2401
12210
66049
8372
45156
548340
506
10920
32580
121452
11664
2
116281
490000
420
67600
16256
702
440232
6642
131406
49729
40602
138012
480942
361
54289
11556
83521
24492
391876
207936
45796
738740
208392
9216
57840
15500
467856
674041
73712
50400
20164
14042
397530
207936
4422
225
125670
17424
44100
398792
103684
304704
240100
150932
9604
423801
121801
10920
326612
209306
187056
35156
109892
128164
126025
23409
1024
4356
12
49506
10920
9312
1260
29241
515524
36
1122
3422
220900
235710
20306
10201
479556
183612
128164
304152
162006
638401
87912
10100
4
245520
610742
362404
10609
198470
231842
651249
384400
18496
132496
37830
28056
272484
341640
555025
97344
234256
52212
135792
99856
84681
161202
42
114244
1406
42436
438244
23562
28730
36290
105625
27889
310806
1640
187056
47306
22350
30800
43472
289
30450
395641
72630
132132
90601
125670
9604
282492
290521
207480
31506
91506
238632
16002
98596
4970
115940
1640
19182
100
1600
62750
13225
82656
55696
391876
142884
194040
5329
4830
27225
15625
25921
45582
129240
34596
25600
206116
23409
369664
251502
253009
157609
87912
45156
34040
100
40401
124256
37249
380689
105300
75076
139502
8930
118336
604506
217622
8010
318660
3364
459006
12996
55696
86436
74802
37056
343982
62250
280900
588289
21170
436260
11556
298116
53361
9120
108241
107256
5329
112560
179352
111890
34410
50850
12656
281961
217156
4422
66306
564752
831744
234740
202500
336980
244036
17424
462
4900
29929
669124
424452
291600
250500
120062
1936
18225
102720
104006
600625
120756
47306
22801
38612
196692
640800
425756
165242
12321
83232
556516
190969
108570
49
106602
469910
702
209764
10712
16002
35156
35532
30450
1406
214832
468540
340472
30276
2704
276676
845480
614656
11130
506
11236
60270
238144
816312
2652
29412
15129
111222
520562
142884
154842
289982
2704
285690
425104
162812
134322
169
38220
8281
38220
160801
45582
133225
41006
83232
352242
141000
380072
13689
506944
5184
235225
729316
22052
11449
62001
141000
41616
19600
351649
64770
673220
74256
322056
82656
731880
104329
8836
163620
16256
410240
558756
168921
317532
10000
462
14161
64516
80940
48180
21462
19600
288906
369056
47961
58322
5184
16384
286760
1225
35721
313600
28900
103362
78961
23104
256
86142
48841
255530
355812
90601
90601
22952
14762
7921
39402
18906
135792
554280
82082
7832
8190
27556
11881
43681
2450
139876
270400
576
61752
180625
199809
101124
336400
18632
451584
19321
529
1225
74802
15376
15129
930
20592
2
169
310249
812
63504
349281
288906
4692
55696
283024
7310
141376
2500
556516
10201
8556
511225
234256
234256
12432
6642
1406
194040
20306
22650
25921
194922
11025
105300
184041
87320
27060
47524
563250
16129
11025
15500
44310
6006
26406
123904
85556
47524
142884
44100
137641
11342
9900
30625
210
112560
203401
11236
272
95481
39402
35344
7569
12769
490000
10201
144
322056
259590
124609
2025
361201
160400
2652
69169
150156
100172
2450
42230
5184
4096
322056
38220
3660
770884
57840
221370
161604
4970
98910
81
327756
469225
73984
132860
99540
589056
502681
152100
36290
69696
38612
4900
23870
161202
854700
362404
70225
681450
11130
602176
698060
912025
223729
127092
87616
9312
410240
119370
15625
3481
243049
708122
381306
141752
198916
236196
41412
231361
812
380072
1056
135424
127449
571536
176820
1296
773520
16384
676506
479556
163216
73712
390000
81510
766500
29929
21316
141752
2550
225150
15750
100806
28561
393129
38612
137270
450912
49952
120062
303601
96100
159600
426409
173472
5184
745632
248004
19881
345744
89102
338724
146306
29756
91809
484416
870
391876
30102
225150
5256
300304
287832
6806
60025
134689
246016
278256
61504
16002
32400
483720
144020
59536
123552
91204
695556
355812
64770
114921
38220
243049
116281
582932
538022
386262
63001
15252
414736
113232
40000
17161
40401
388129
600
285690
108241
18769
36
24180
475410
427716
555770
184470
116622
525625
10000
21170
650
195806
51529
26896
2401
94556
482330
429680
211140
363006
8649
101761
28392
369056
1296
691392
70225
921600
345156
310249
647220
516242
529
4489
62500
24025
120409
8836
4489
7921
61009
713180
743044
3249
103684
2550
165649
234740
42849
9506
12
57840
75350
221370
132132
4489
34410
18360
58806
156
419904
6561
43472
11025
4290
16512
41616
61009
274052
56882
65536
1936
31862
39204
510510
168510
73712
46225
99225
96721
552
266256
50850
13456
334662
210681
182329
38612
168100
143262
29412
23716
456976
204756
29412
391250
8649
175980
8556
506
170156
570025
289
67340
271441
270920
124609
31329
180200
127092
1764
62500
139502
107912
111222
72900
678152
650
169744
304152
1406
640800
62750
4489
66049
54056
3844
82082
713180
132496
184041
10404
142884
31684
61752
128164
237656
19182
32942
227529
16129
170569
478172
15750
145161
86436
15876
11556
277202
613089
29070
182
538022
663410
156025
394384
393129
6642
46656
2500
1190
200704
543906
308580
40200
189225
109561
132
129600
6889
660969
92112
107584
63001
167281
33306
20164
369664
21316
2916
552
215760
529
992
90300
120756
234256
89401
382542
360600
37636
304152
17030
63001
541696
32761
445556
24025
90601
5625
547600
234740
327756
308025
689730
24492
297570
255530
149769
10302
9702
23104
693889
68906
299209
3249
572292
169332
553536
472656
14042
75076
18632
6724
185330
10000
800130
9312
195806
44732
293764
58322
439569
235225
19321
2162
69696
126025
2070
35721
2704
57360
250000
158802
28561
21025
37830
454950
5476
150932
6724
54056
42642
208392
606841
31152
441
89401
228962
179776
95172
74529
141752
171810
225150
8464
135424
139502
96721
18225
19740
68906
27889
128522
93025
6480
93636
1482
28730
2970
308025
18632
20736
248502
4900
91506
9120
501972
185330
57840
1980
2550
155236
30800
62500
373321
587522
53130
452256
61256
9216
7656
24180
14161
17822
355216
269361
73441
334084
668306
17822
352242
35910
48841
307470
123904
146306
772641
641601
206570
101442
3080
128522
82082
97656
533630
416670
50400
123904
487204
992
21316
8649
383161
92416
319790
5256
34782
73712
396270
251001
32942
292140
3136
2256
474721
81
54990
3721
323761
441
151710
419256
271962
90
434940
261632
127806
266256
8649
649636
123904
414092
15376
194922
32761
28730
263169
46010
33306
12656
90300
104329
355812
36864
141376
625
92112
315282
16002
6724
326041
324
367842
3969
314721
133590
103684
360600
38220
47961
106276
567009
34040
576
104329
624100
2652
476100
286760
121104
286225
5112
420
173056
105950
5625
25
346921
21609
506944
111222
48400
594441
39601
208849
91204
681450
10712
38809
3906
512656
16512
1332
823556
132
175142
645612
393129
398792
59536
144400
64262
33124
3136
346921
84100
63756
22801
252506
448230
7310
22052
62250
13806
8281
160801
8649
102400
1482
120409
22201
284622
4225
457652
10712
10100
159600
16512
36864
535092
366025
136161
34040
57600
87616
48620
414092
144400
19321
4556
396900
67600
388752
173889
106602
1806
153664
626472
334662
506
175142
102720
16
54522
40000
141752
149382
4096
4290
240
6320
342
191406
407044
778806
324
811801
94864
6400
25
39006
81
121
1056
383161
21904
7310
961
77284
430992
96721
5329
2916
5776
49284
841
233772
589824
30
152490
32761
13924
109892
149382
251502
144020
2916
894916
293764
8649
18496
19182
15500
13110
187922
261632
10920
640800
83232
259590
469910
274576
39204
133956
213444
576
8190
63504
265740
15129
100
59780
5112
136900
702
12210
655290
438906
35532
83232
34225
128164
115940
78680
576
7569
232324
19460
35344
2970
23716
18769
52212
650
61752
154842
211600
620156
180200
46656
122500
287296
565504
253512
307470
132496
176820
105625
48841
52900
113232
29756
40000
15129
323192
1190
226100
96721
32580
568516
86142
7225
335820
402590
347510
51302
547600
207936
102080
910116
306362
324330
120409
48841
188790
36864
9702
195806
121104
228962
3481
37636
20880
90902
529984
45796
20306
75900
15750
306
263682
6480
412806
109230
109230
99540
4422
222312
184900
247009
7921
306362
210222
102400
88506
99225
3136
254016
82656
1260
470596
652864
237169
81225
170156
728462
246016
9025
151710
108900
78961
335820
48620
305256
6241
364212
484
404496
68382
275625
84390
226100
61009
550564
225
400056
8190
270920
2352
20880
114921
194922
1936
17030
25281
713180
20164
1681
11342
756
33124
172225
114921
68644
18496
42025
18496
125316
168921
45369
2401
215760
6889
381924
16770
95172
6320
33856
142884
84100
35344
530712
314721
140250
22201
71289
59292
373932
14042
234740
94249
38220
298662
12210
364212
93025
93636
777042
25281
653672
373932
253009
22201
1936
10506
235225
552792
79806
39800
2704
44732
577600
617796
14762
55460
86142
468540
45369
419256
3906
101761
19182
105300
33489
21756
219492
147840
930
12
40200
130321
50400
109561
13924
57121
153272
358801
21170
27722
132
248004
7225
73170
19044
4356
1681
16641
235225
55460
50176
176820
6084
213906
8836
346332
76729
175142
196
47742
1444
237656
97969
94249
157212
50176
249500
91204
342225
40602
3906
168100
315282
281430
229920
192721
9409
224202
303050
641601
87025
1806
702
168100
22201
11130
309136
280900
425756
196692
28561
121452
8930
400689
390625
105950
44944
569270
43472
22801
87616
992
184900
12544
175142
157609
142884
11449
46225
3080
408321
441560
78961
22952
31684
346332
94249
135056
878906
10100
167690
11664
297570
192721
221370
151710
49952
250000
42
1260
2162
125316
49952
31862
52900
77006
33672
45156
28730
15750
56644
505521
184041
280370
8930
132496
52900
41209
64770
91809
90000
92112
62001
14641
101442
360000
230880
4556
152881
111556
26732
172225
63001
23562
1764
961
6084
18360
328902
44732
380
18225
65280
138756
279841
8556
79806
756900
19182
263169
231842
269880
839056
94249
136900
16641
222784
51076
1190
111890
725904
73441
33672
210681
343396
211600
130321
202950
133956
9900
64
2500
576
43681
930
275625
2704
156816
38025
265225
110
287832
9
21462
748225
506
1332
115600
4489
7921
343982
471282
202950
117306
484
45796
22650
359400
544644
222784
42642
156
125316
1024
211140
195364
61752
139502
46656
36672
41820
43472
535092
246016
196249
148610
279312
19600
862112
375156
27556
269880
656100
1640
13572
407682
686412
266256
90902
6241
6320
273529
19182
283024
656910
291600
19182
11025
28561
53130
674862
24336
488601
67600
98282
44732
38809
342225
269880
354025
745632
53130
1156
130321
3844
143641
33124
210222
61504
5625
19460
90300
3782
123552
3660
28224
89401
149382
52441
39204
366025
676506
59049
108570
233289
10302
53130
103362
83232
345156
323192
91809
119716
26406
132496
46440
19044
512656
104652
340472
3249
23256
1849
483025
655290
189225
419256
619369
421201
36864
51756
3080
552
393756
144
23870
117306
16770
32220
256542
132496
138384
127806
127092
20
289
11772
459684
349281
271962
631230
160801
529
407044
39800
37056
52441
178084
11881
162409
3540
27722
258572
88506
316969
86730
235710
334084
110
69169
369056
60516
205662
61256
50625
110556
329476
346332
240
30
315282
19740
5852
263169
3906
11236
5256
121
36290
8010
6
485112
491401
159600
729316
12100
3306
183184
5112
10920
573806
640800
19600
14884
480942
215760
521284
35344
74256
138384
277202
281961
210
224202
26082
65792
286225
564752
2352
389376
358801
68382
1406
147840
77006
105625
400
628056
96410
6241
31506
7569
364212
370881
433622
907256
743906
92112
85849
4290
198470
595212
20449
144780
145542
129240
42025
240100
90601
287296
27889
143262
62500
10100
148610
193600
125670
304704
646416
136161
82369
123904
9312
73984
702
12996
116622
50176
186192
203401
899652
943812
59536
3481
487204
502681
6561
136530
2862
22500
62001
27225
252004
34225
199362
3540
101124
7396
228962
355216
608400
134322
137641
54522
484
63001
2352
18769
13456
95790
606841
14280
47524
325470
12432
265740
226100
297025
14520
16256
9409
345156
27722
252506
250000
38416
4225
65280
313600
400
1332
6806
113906
78400
80940
6006
30625
10100
39601
337561
46872
3481
23256
361201
32761
694722
5929
123201
89401
106929
172225
71824
286760
877969
183612
364212
4761
4692
342
11342
63504
389376
50176
47089
1024
380689
81510
123904
49506
194922
3025
18496
62001
92112
42436
928332
65280
389376
131406
352836
120062
39601
189225
576081
1406
158006
53361
10201
9900
107912
360000
47742
132496
437582
74802
416025
222312
814506
363006
609961
272
113569
233289
93025
25122
12769
5112
486506
110
156420
383161
83810
12769
28561
9801
157212
678976
20022
142129
40401
15006
87912
24025
343396
100806
31862
4422
961
492804
56169
36672
202950
543906
576
150544
437582
97344
88209
7310
372100
98282
683929
1296
85556
312481
118336
447561
25
372710
34782
41006
82369
189660
3540
459684
207480
729
784
7396
498436
60270
729
37249
23256
1640
939930
19182
403860
501972
5625
617796
41616
34040
35721
130321
342810
150932
574564
176820
93330
95481
245025
1156
3906
40401
8742
246512
755161
61256
48400
40602
645612
398161
72900
157609
188356
135424
461720
25760
11130
166056
12210
16256
243049
141000
53130
228962
455625
142884
626472
2450
22052
433622
48841
302500
90300
15006
31152
320922
16641
428370
14280
47089
83232
140625
730170
31152
25281
27556
378225
206570
454276
18360
833569
29241
141752
131406
175142
20164
120756
402590
116964
198025
112896
25600
166056
52441
109230
208392
222784
84390
33672
160000
700569
71022
217156
130682
44732
122850
597529
248004
222784
51302
46440
8281
32942
65792
1260
155630
7140
3844
85556
357006
47306
156
9604
67340
570780
111556
50176
383780
646416
2162
85264
81225
841
146306
188790
528529
214832
34410
63756
8742
270920
315282
11664
64770
213906
175561
230400
6084
1056
80940
8190
99225
34040
600
240
4624
331200
42436
157212
561750
47306
24649
7225
51529
375769
142129
375156
484
54522
1122
4225
38809
125670
22801
1640
75076
592900
64
302500
182329
15006
444222
100489
1560
314721
30800
8930
51984
2916
182
33672
475410
71289
465124
310249
668306
42436
12656
815409
38220
24649
41412
1806
455625
12321
11449
5625
83521
511940
18906
591361
24649
196692
132132
702
13456
35910
59780
753424
17956
3249
148225
219024
192282
7056
216690
256542
143262
20880
274052
24025
123201
2601
241081
59536
249500
150156
42230
3540
7140
32761
6724
48841
122150
123904
747360
511225
11449
25921
262144
50176
303601
7921
400
130682
6889
147840
551306
18090
127806
1024
99540
272
296480
420
175142
1056
14400
22350
94556
1190
41820
198916
625
1892
11772
30976
69696
345156
600
681450
11664
96100
10201
717409
42642
79806
315282
408321
122500
496320
341640
84681
500556
236682
8836
9312
65025
720801
18360
520562
21609
231361
83232
112896
696390
9702
19460
87025
2704
209306
3422
481636
1980
109561
219024
462
28056
132496
599850
3136
137641
2025
208849
408960
6806
117649
247009
217622
205662
183612
350464
447561
784
132
49952
386262
39006
380072
49
557262
26406
594441
2601
1806
1560
371490
1640
3782
410881
28730
2916
26244
210681
121
570025
235710
36290
4761
174724
172640
175142
673220
121801
185761
52441
78120
318660
1225
490000
407682
50850
210
118680
163216
693056
49284
12656
82656
12769
9312
64770
266772
297570
5476
211140
85849
94249
33124
389376
39204
909162
565504
4830
17030
371490
375769
145161
330050
283024
205209
6972
459006
25440
123201
161604
56
188356
114582
594441
211140
293222
37830
17292
134689
144020
117306
361
22052
56169
107912
624890
424452
18632
21316
250000
26082
77841
42230
2209
233772
154449
12656
300304
577600
306
176400
342
18090
702
267806
145542
184470
1806
12210
94556
259590
58564
24649
670761
2809
1806
10506
405132
33489
441
16002
71556
20880
32041
473344
396270
592900
32041
69960
19740
270400
249500
5550
302500
44100
595984
754292
222784
94249
121
23562
158006
2550
37636
11449
149382
278256
44310
62500
189225
110556
1980
143641
262656
39006
92416
18906
35721
517680
4830
80656
171810
147072
594441
326041
18225
753424
68906
63001
55932
34410
141000
59049
219492
55225
479556
256
19460
119370
282492
14762
180625
13225
231361
206116
383161
87025
196
34040
3782
13924
6162
1260
183184
968256
762129
52212
7482
179776
84390
34969
35721
17556
441
71022
6806
59780
576
380
228006
116281
16900
328902
16129
31506
767376
83232
38025
79806
83521
552792
817216
202050
501264
265225
276150
6972
373321
8010
483025
13572
167690
100806
191844
32580
420
32761
181050
10712
10000
197580
226576
6972
595984
830832
527076
247009
155236
66049
21170
37442
403860
8742
380689
243542
445556
84390
267806
930
554280
498436
11236
150544
181476
81225
1936
49506
1600
38025
32400
339889
370881
2116
49
2162
462
70756
8556
59049
74256
17822
143641
31329
224202
410881
1024
235710
193160
22350
366630
77284
282492
175561
212982
135792
470596
13689
20164
349281
87320
90
38809
141376
110
26732
64
80089
225
41412
154056
730170
1260
35344
50850
55932
365420
388129
648025
229920
590592
10201
7310
100172
1225
228962
2809
241572
419256
441
63001
255025
288906
486506
681450
240
31862
388129
289
529
29584
132496
6480
472656
186192
23409
241081
132496
233289
56406
305256
361
150932
456300
100
528529
58564
306362
241572
367236
2304
21316
199362
273529
18496
93942
4290
27722
154842
85849
251502
630436
424452
17956
1936
579882
211140
160000
383161
686412
1260
3364
148225
162812
756
187056
826281
98282
189225
9604
228962
364816
589056
23104
396900
439569
50176
80656
3136
12996
58322
248004
1936
168921
36
28392
347510
242556
462
396900
2209
360000
60270
22201
217156
136161
414092
47742
3025
87025
88804
340472
577600
445556
105950
188790
95172
100
169
625
30625
15376
30102
14161
809100
60762
6889
7921
24964
138756
9900
304152
11130
1892
100172
114244
80089
182329
133590
100172
21025
427062
57360
31862
250000
35910
259590
81
81510
108241
900
615440
16641
715716
265740
2
250500
99856
158802
9216
139502
211140
756
208392
193160
514089
248502
506
58564
15252
160801
4160
242064
42025
231842
61256
30800
40200
518400
235225
376382
90
18906
47524
24806
16900
11772
21904
98596
76729
288369
625
79524
7310
1722
133956
597529
73441
84100
37056
294306
385020
1482
668306
26732
34040
42642
171396
141376
256542
40000
8190
31152
5256
652864
129240
135056
29412
207936
511940
64516
103041
10506
159600
4489
659344
83232
35910
354620
155236
21904
40000
2809
14400
77006
676
211600
625
6889
14400
52441
256
485112
17556
84681
118680
87912
137641
51076
885481
716562
1332
181902
961
373932
90902
1936
353430
290521
777042
75076
11130
154842
137270
527076
123201
37442
5700
360600
87912
11130
311364
13456
930
249500
742182
366025
562500
306362
165649
792990
501264
109230
4624
346332
352242
617010
774400
5402
9506
442890
573049
599850
36864
297025
98910
73984
318660
432306
17424
471282
289
212060
22052
78680
21025
190096
166056
753424
270920
222312
20880
9900
467856
6400
22801
414736
2116
48400
59536
158006
12996
55932
179776
200704
121
47089
23104
107256
59780
152881
33489
2304
228484
3249
60762
18360
107912
182329
327184
6972
1849
279312
202050
147840
11342
100
232324
678976
641601
527802
87320
33489
148225
260610
168921
292681
249500
270920
110
13456
100172
6320
8372
8190
63756
640000
257049
109892
163620
35156
271962
11130
217156
210
80089
200704
76452
8649
245025
118680
6561
60762
748225
405769
1056
1056
278256
116964
91506
369056
40000
199809
327184
196692
45796
527802
8010
192282
222784
870
811801
807302
8930
144020
326041
60270
2256
118680
2500
352836
5256
363006
180625
115940
769129
162409
151710
311922
47961
295936
22952
7396
366025
107912
8010
64516
30276
20592
3600
212060
11342
7569
196692
383161
119716
95481
215760
2652
273529
108900
12882
346332
670761
89401
1444
31329
20022
46225
156025
43472
1600
10712
489300
288906
106929
41006
8464
143262
7310
105625
191844
182
134689
61504
4096
215296
4489
219024
421201
19740
56406
24649
829921
58322
17956
14520
139502
17161
102720
215760
27556
237656
109892
265740
2401
127806
9
328329
961
17030
71556
454276
15129
36864
689730
8742
59292
232806
139876
46872
92112
109561
2401
318660
3600
14762
180200
20449
431649
1024
3844
637602
85849
79806
80656
17030
218089
133225
1806
327756
162812
791210
202950
322056
139876
90601
287832
253009
148996
176820
11772
121104
298662
820836
304704
72630
129600
4160
137270
414092
54056
3660
8010
408960
96410
34969
5256
138756
693889
676
44310
327756
141752
146306
52900
341640
240
53824
132
333506
8649
273006
412806
294306
415380
382542
520562
9120
135424
405132
297025
131769
62500
439569
218556
1722
2550
383161
105625
209306
458329
58806
2070
322056
34225
199809
85556
13924
164836
77284
43890
233772
82369
181050
64009
80089
1444
23716
113569
248502
374544
224202
25921
17424
3192
26082
416025
179776
34969
191406
50625
6
38220
30625
115600
125670
113906
32041
273006
63756
103684
24492
205209
107912
25600
216225
1444
82656
474721
151710
673220
141752
170982
115940
22801
97032
6972
227052
703921
31684
145161
4290
82656
68121
21025
83232
412164
16512
452256
8464
68121
930
97656
101124
162006
710649
61009
99856
540960
235710
591361
12210
81510
276676
54990
16384
360600
452256
84390
18360
19600
46440
22350
1521
458329
53361
640800
298662
403860
486506
161604
2809
272
110889
1849
37636
347510
225625
6480
170156
771762
111556
676
1024
740460
3136
254520
72630
520562
29929
1056
168921
1
67340
485112
6724
41006
484416
89102
44521
494912
182329
23409
94864
433622
191406
291060
11664
111222
114921
86436
53592
26569
106276
30102
66306
94249
491401
251502
461720
2162
552792
320356
1332
543906
573049
75900
2652
5625
91506
21756
508369
102080
122500
146306
702
75350
43472
181050
187922
233289
370881
517680
24806
762129
12
244530
23716
72900
128164
215296
8281
87616
271962
260100
65025
795664
532170
216225
174306
121104
132
484416
79806
74802
335241
676
5256
650442
20164
247506
120062
400
319225
74802
46010
159600
306916
12
868624
396900
210
9216
15006
123552
1122
8836
59292
36
162006
42230
3540
39204
443556
36481
6561
7056
7744
36
243049
3025
39006
8930
67600
84681
174306
77841
406406
4225
82656
8464
34410
332929
98282
39402
38416
64009
1369
195364
235225
14641
32580
92112
7056
27722
3249
90902
10201
355812
178084
37636
31152
117306
42642
454950
268842
34040
24492
229920
469910
323192
78120
637602
183184
42436
13806
94249
274576
154449
316406
299756
40401
87320
48841
37830
17030
175980
1089
44100
338142
181476
373932
45156
179776
127449
3906
33672
459006
69696
23104
23256
374544
219492
54056
35344
13456
20736
121104
342225
12656
452256
22801
530712
316406
149769
156420
322056
438244
92416
770884
66564
292681
247009
497730
115260
90
254016
30450
448900
114582
39006
81
4556
30450
1156
416025
114244
373321
2450
12656
96100
9025
78400
370881
6806
55460
721650
39402
109892
380
441560
2401
53130
24180
184041
444222
94249
171810
857476
381924
4160
11236
606841
90000
179776
203852
306
18496
289
187489
626472
37249
16
32580
4624
9604
537289
2401
12321
39800
85849
163620
37056
162409
191844
567009
361802
39402
31152
208392
47742
21170
13689
17822
84390
78400
650
416670
51076
118680
12656
20449
489300
9409
275100
141752
16256
124962
30450
30
32761
287832
1600
484
25760
729
205662
212060
462
51756
11664
21609
144780
896809
93330
441
457652
127806
260610
324900
611524
78680
228484
331776
11664
2116
210681
3844
4356
412806
774400
74529
601400
128881
100
2
222784
15376
361
240100
132
110
414736
73441
26732
32041
9
160801
1849
11990
121452
24336
29241
34782
137641
59049
40000
12100
635209
328329
64
14884
41820
29241
1640
549081
16512
44521
4900
643204
107912
113232
420552
510510
29929
858402
121801
13572
2304
3844
532170
144780
248502
49729
117992
94249
20592
23870
8372
128164
388129
504810
9216
14280
95481
12210
144400
19600
18769
166872
671580
207025
407682
34596
611524
83521
16512
145924
161604
4900
270400
182
2862
66564
163620
364212
8742
18360
103362
103362
9120
198025
1056
141000
361201
199362
7832
3136
94864
289
765625
87912
152881
169
39601
13689
429680
25281
366630
650442
640000
6241
59536
961
84100
93636
293222
444222
466489
6724
1190
116281
17292
55696
5776
268842
17292
54289
175142
5329
707281
14884
41412
22650
164430
13110
752556
77284
54289
224202
807302
78400
157212
349872
104976
318660
185330
183184
272484
54990
416025
65280
14762
231361
294849
238144
8010
184041
92416
628849
29584
11664
292681
702
37830
33124
195806
360600
8556
5184
6480
77562
111222
115260
812
430336
126025
10000
4422
63504
570780
10404
408321
226576
140625
448900
8372
93025
294849
10609
144400
592900
96410
63504
457652
676
552
162006
179352
126025
324900
107584
108900
272
103041
613872
782340
15625
96100
309136
6480
147456
122850
75350
10302
490700
24336
12769
143262
4
1806
13806
178084
1936
380072
101124
7656
316406
72
1764
167281
67340
25
280900
879844
129960
317532
18906
103041
200256
153272
27225
545382
184470
552
140250
22500
101442
5329
24964
176400
12100
5929
452256
6806
8649
336400
147072
57360
3192
105950
693889
154842
110
30
36100
64516
102720
841
213906
32580
700569
196249
76729
6162
342
291060
176400
56
549822
570780
265225
276676
81225
43472
87025
393756
150544
585990
76729
22801
62001
350464
111222
191406
121452
166872
115940
1332
240100
97969
586756
487902
256
94864
124256
200704
36100
278784
463761
48620
676
250500
7310
168100
602952
51984
85849
396270
3721
784
31152
726756
310806
33306
55460
179352
12321
256
251502
591361
36290
564752
676
332352
40200
43264
5700
90902
150544
467172
263682
13572
436260
686412
309136
156025
21170
126380
268842
5776
34969
30800
425756
233772
1600
127806
288906
1806
36864
129600
234740
23562
361201
32400
10000
79524
737881
25440
4356
488601
762129
116281
462
9409
551306
75350
462
184041
598302
494912
11130
55932
305809
37056
355216
465806
55932
652864
1
7396
76729
240
555025
351056
388129
87320
3600
196
122500
5700
5402
288906
20306
274576
66306
712336
4970
76176
305809
96410
58806
8464
232806
23716
548340
19044
2862
356409
133225
36672
70490
16129
3844
430992
53824
42230
272
367842
140625
90902
121
6084
236682
756
98910
3136
493506
15500
275100
176820
252004
427716
6724
7396
4356
2500
381924
2352
216690
1024
56169
79242
702
74529
121104
565504
2550
360000
42230
298662
594441
105950
152490
3906
436921
160400
19321
865830
9
374544
400
55696
215760
40200
14042
121
427062
36864
148225
3192
1444
263682
378225
64770
375156
992
37830
234740
25921
14520
145924
484416
242556
158802
140625
12769
23870
312481
22650
121801
270400
3481
226100
140625
8372
407044
16002
40602
24806
248502
291600
266256
29241
117992
122150
801025
156
5476
87616
3906
194040
19321
14280
92416
9216
10100
36481
4225
373932
115940
812
154842
6320
193160
387506
77006
454950
45369
468540
104652
21170
7569
6642
11342
8100
6972
223729
16129
450912
23256
10816
358801
23870
141376
77284
152490
203401
32220
13110
51302
961
119025
295392
306
6006
328902
275100
6642
900
183184
120756
145924
7140
455625
37442
267806
2304
469225
47306
83232
153664
224202
14400
395012
471282
19881
15006
721650
2025
636804
97344
110224
283024
56406
56644
380
30
136900
23870
33672
3540
183612
311922
802816
130321
295392
68121
46656
4225
12100
930
2970
131044
10100
127449
47089
399424
416670
599850
130682
370881
133590
31506
112225
312481
439569
813604
376996
130321
64009
6400
168921
6006
393129
272
24180
407044
284622
20592
19740
9312
441560
41209
96100
494209
152881
56
52900
236196
108900
86730
2756
374544
156816
123904
54756
892080
129600
266256
506232
37636
56
357006
548340
41006
184900
56406
4624
19182
13225
4
142129
7225
9216
397530
148610
44732
44521
20736
14042
132860
45582
5256
51529
101124
2070
96721
390625
5112
1980
150932
1722
53130
349872
15252
546121
13110
8190
116622
16512
379456
3721
207936
17030
260610
5550
190096
1482
59049
451584
930
11342
9702
16002
486506
9312
760384
50400
6006
930
6320
199809
13924
650
11990
74529
784110
3025
156025
66822
5041
18769
1225
161604
731880
136161
141752
176400
316969
50625
20449
100172
698060
72630
64516
504100
529984
52670
386262
68382
850084
17292
134322
630436
70490
119716
5329
29756
13225
839056
110
330625
107584
156025
80940
80089
332352
238144
15876
516242
26569
235710
53130
69960
10302
60516
9900
36290
28730
384400
114921
508369
159201
302500
10609
7225
173889
12321
35910
39402
382542
358202
71022
9025
171810
128881
114921
273006
576840
341056
88804
38416
900
18906
36864
203401
32220
85849
25122
271962
10712
82656
26896
46872
83810
44310
28730
75900
61256
172640
618582
59292
16384
147072
226576
273006
3660
483025
244036
35721
173056
86730
325470
898704
154449
7310
109561
503390
4900
13110
216225
8742
348100
20449
88506
22350
4160
6
287832
205662
521284
12996
261121
72361
36864
35910
231842
324
992
42230
6561
400
148996
176820
5476
765625
161202
36100
462
164836
375156
29241
6972
40200
3906
77562
379456
1296
58564
21609
285690
12769
244036
45156
516961
49506
17161
216690
175561
50625
1122
87912
56169
168100
17292
515524
30102
364212
119025
10609
342225
83810
41006
80089
24649
10201
163620
62750
152490
30102
66564
52212
37830
338724
34596
41820
8372
476100
100489
478172
122500
160801
44310
5929
154056
26732
301401
92720
50850
50176
148225
49729
6162
164430
15129
134322
94249
600
333506
1560
25
329476
400056
29070
54056
529256
31684
7656
650
9409
335820
6642
23256
105625
156
327184
154842
279312
812
877969
1260
31506
674862
360000
18632
25
6806
110556
12100
100489
3969
9312
6241
17424
256
9900
67340
17956
68382
4692
4692
370881
13924
3192
313600
182329
23104
499142
22500
112560
8100
27390
75350
222312
688070
114244
109892
13456
30800
8649
102720
460362
16
47524
71824
106929
125316
44310
623310
27390
49
190969
807302
236682
120409
132
3600
263682
808201
552792
119025
286225
13110
107912
121104
260100
102720
94249
209764
148996
389376
27889
7482
244036
700569
279841
137641
13456
592900
471969
85849
274576
22201
106276
138756
13689
190096
154842
88209
110556
129960
54056
5184
207025
743044
32041
320922
267289
179352
73170
31329
26732
629642
9409
305256
201601
32220
811801
683102
36481
57360
50176
5329
70756
170982
36100
14161
27225
280370
53130
256
552
10712
91809
167281
336400
549822
104652
118336
600
529
143262
57840
252506
7744
594441
296480
15129
135056
6084
251502
29756
19460
2352
350464
297025
35910
41820
64
19460
5476
12656
113232
25921
189660
436921
170156
65025
1296
25
20736
17956
79806
77284
592130
62500
51302
44521
22201
71556
206116
356409
250000
301950
506
873290
1406
208849
27556
152490
1764
118336
20
44944
5476
36481
729
117992
49062
960400
60762
134689
100172
4970
906304
15376
252004
32220
600
458329
324
498436
21025
214369
219024
78120
313600
5776
261121
407682
18769
190096
53824
11342
252506
27556
441
214832
17956
7744
447561
100806
40200
53592
9604
29412
132496
7569
598302
15252
304152
64516
46010
347510
3540
230880
318660
101442
767376
341640
46440
297570
583696
107256
119716
595212
90902
48400
474032
403225
200704
31506
75625
67340
141376
240
669942
174724
644809
276676
102080
9312
19460
252004
11236
544644
504100
158006
4556
41412
110889
125670
138756
16641
674862
207480
67600
263682
281961
23256
24649
72900
36481
7921
70756
66822
483025
82082
478172
456976
354620
105950
54522
552
663410
23104
250000
612306
100
2809
58322
693056
13572
224676
184041
102720
386262
252506
24180
143262
279841
103041
148610
144780
87616
803712
550564
219492
457652
32942
708122
206570
9025
79806
192721
168921
131769
4
122500
15876
11130
1681
255530
71556
178084
211600
34410
23409
693889
184900
49
628849
117992
25440
391876
3782
199809
26406
106929
66306
225150
136161
133225
462
186192
551306
442225
36864
38025
832656
555770
180625
1444
12210
342
1722
9025
54289
863970
992
39402
579121
437582
193600
288369
638401
110556
132860
34410
6400
107256
132496
168921
1482
36290
109892
515524
14520
1849
130321
79524
393756
95172
289982
240100
2070
212521
89401
6972
47524
612306
384400
411522
1056
739600
462
299209
108570
100489
24492
108900
870
6241
441560
300852
519120
718256
544644
311364
318096
6241
6006
20880
63001
55460
400
11342
191406
141000
72
4761
95481
16770
2025
634412
28224
24025
349281
121801
20592
42436
256542
5929
89401
1260
660156
230880
10100
613872
19600
351056
5041
124256
573049
1980
22650
729
270920
54289
6006
5256
84390
9604
15252
46225
28900
23870
266256
363006
15129
672400
10609
98910
120062
576081
33856
1056
742182
436260
182
43890
458329
46872
60025
13110
1296
22650
207025
96721
61009
5402
19321
104652
2352
107256
223256
18906
41820
97969
5625
182329
169
1521
160801
122500
31506
99856
244530
135792
111556
315282
14042
62750
12769
330625
24649
550564
8010
104329
258572
125670
346921
1444
122850
393129
304152
24336
331776
172225
2601
15376
667489
466489
420552
270400
380
54756
170156
429680
104006
2162
361802
242064
264710
87320
10000
175142
106602
17956
12769
9312
183184
495616
166464
9216
368449
501972
39800
462
94556
103041
70756
507656
24180
20
293764
2704
2116
527076
6400
144020
173056
70756
149769
137641
313040
3969
416670
75350
248502
13340
352836
39204
6006
743906
632025
95790
172640
16900
19182
210222
725904
104006
751689
133225
538756
81510
74256
969240
116622
373932
9702
124609
74529
100806
180625
309136
142884
304152
657721
331776
390000
25440
100
503390
6
201601
110224
121801
756
48400
30450
71824
218556
242064
81
43890
4556
217156
187489
373932
246016
260100
102400
235225
35532
14161
135424
31684
900
14042
67340
282492
175561
355216
12882
81510
86142
45582
2209
8649
380
5776
10302
49952
1406
36864
620944
173889
350464
20736
34596
405132
41616
8836
211600
32400
84100
678152
169332
228006
419904
65536
138012
472656
123552
107584
49062
469225
49506
207936
106276
6972
342
125670
1806
774400
345744
17292
2209
12882
149769
237656
397530
67340
28056
292681
275100
239610
184900
22201
89700
41616
405769
619369
13225
144020
427716
101442
446892
3969
87912
499849
32942
51984
1892
56644
658532
1122
544644
279841
115600
33124
58081
509082
55696
70756
2809
91809
114244
14641
324900
349872
37056
268842
127092
227052
25440
420
236196
156
372710
58081
72361
471969
1369
351649
98282
7921
194481
52441
228484
4761
340472
6561
54289
37442
838140
352836
165242
6084
113906
24492
60762
35156
211600
57600
43264
544644
519841
11990
2352
467172
615440
576
34969
90
54756
611524
73984
133225
4970
16900
731025
156
151710
12321
128881
17689
1332
23716
26896
554280
879844
396270
5112
20164
15129
6241
173889
158802
2401
523452
181902
3721
308580
413449
56882
323761
187489
37056
3481
155236
119716
25921
267289
9900
366630
784
141752
79806
2209
48180
360000
331776
501972
87912
729316
17424
219492
174724
43681
236196
214832
2070
228006
547600
64770
53592
370881
306362
116622
100
99540
84972
8649
3782
5041
5929
10000
99540
65025
10609
380
765625
552
2550
96100
157212
26569
4761
313040
265740
66049
1296
439569
211140
142506
3660
154842
4556
622521
32041
4096
3192
92720
230880
64009
45582
167281
26406
1089
87025
737881
54289
332352
61256
35721
184041
6972
267289
152100
29412
16
33306
106276
6084
42
73441
37056
22952
84100
60516
156816
12321
84390
13110
138384
20022
395012
556516
147840
887364
39204
285156
40200
369664
314160
397530
448900
22052
21756
99856
684756
312481
172640
10712
9025
128881
117649
66049
78120
423801
61504
56
249500
773520
47089
247506
11881
27722
397530
89401
4290
82082
2116
237656
145542
1296
21170
280900
19740
109230
910116
131406
51302
15006
165649
3192
310806
39601
48400
499142
227052
36672
46225
71556
820836
83232
221370
37830
412164
370881
183612
39006
744769
99856
418609
98282
676506
169332
177662
124609
101124
79524
19460
1260
18360
380
514806
318660
674041
53361
408960
410881
693889
33489
221370
1849
360000
455625
398792
266256
127092
4556
104329
47089
85264
212521
841
42436
444222
67600
236196
7310
3969
21316
276150
54056
25760
217622
140625
531441
92720
56882
156
7056
8190
15252
316969
79806
55932
405132
8190
865830
575322
7744
30800
58806
900
452929
164025
66306
107912
82656
384400
9604
146306
113906
20022
99856
49729
1296
168100
18906
25921
385641
28730
24964
9312
49284
239121
8010
9120
452256
68644
92112
545382
242064
110
4970
2809
512656
41412
148225
24336
71556
38416
228006
82656
223256
21462
210681
7482
1332
173889
592900
350464
310249
243049
3080
4624
82369
96721
335241
370881
6320
28392
3600
240590
2209
839056
556516
7656
220900
43890
65025
124256
21904
94864
552
548340
378840
193160
299756
216690
42025
205662
84100
47961
51076
106602
440232
872356
576081
212060
62500
403860
33306
5852
3025
400056
5402
29584
722500
15376
32580
129240
28900
88506
36
109230
12
6724
117649
2500
293764
5112
9604
506
240590
2162
349281
41616
47306
534361
21904
213444
109892
401322
394384
68121
134689
29412
53130
794772
2601
326041
148225
118336
288369
7225
128522
754292
1482
6
200256
38220
166872
7396
160400
228962
63504
21904
382542
90601
37830
13572
352836
144020
100
36100
6806
526350
169744
62750
301401
89401
58081
137641
121452
245520
22801
18496
18496
1849
171396
109230
595984
56882
6241
39402
31506
98282
497730
1640
95790
598302
41006
625
5852
877969
142884
46872
16129
336980
355812
534361
129960
9
272484
87025
383780
45369
40602
22801
1806
198025
10100
9900
50850
97032
289444
43056
213906
198470
570025
35532
450241
97969
30102
6642
105625
6806
105300
101124
91204
47742
1521
67081
107912
266772
10609
49506
98596
264710
1640
66306
1849
83521
103362
28224
5776
215296
189225
179352
249500
420
146689
90
49729
659344
10920
257556
258064
9409
61504
156816
10302
194040
4624
194922
5112
28730
32942
23409
84972
138756
51302
9
467172
1482
210
1190
438906
48841
179776
132
2116
2601
144400
446224
408321
3540
123552
103362
39402
420552
36290
961
464442
961
7569
362404
25760
660969
148225
108570
5184
192721
220430
8190
27722
16384
80656
166872
582932
241572
209764
4556
437582
512656
729
63252
265225
268842
478864
71022
132
42025
345744
15876
126736
4692
31329
129960
684756
521284
16002
86436
617796
123552
119025
90601
812
6806
486506
194040
6480
56
444222
12210
198470
68382
36100
30450
54056
1640
41412
324900
227052
12544
79806
77006
491401
68382
18769
146306
565504
13225
372100
426409
5112
654481
5776
253512
16384
445556
77006
354620
31684
290521
13689
209764
236196
175142
9216
3422
36864
83232
3192
226100
34969
763876
10000
171810
289
518400
713180
178506
6642
320922
7225
26082
7832
97032
1560
23409
156
19182
20
104976
257556
2304
383161
82656
469910
131406
228484
1156
136161
62001
24025
270400
32220
36290
16900
35910
705600
487902
107912
1892
232324
8190
320356
315282
492804
71556
47089
351649
456300
182329
89700
29412
9506
7396
3422
4556
256036
139876
1
1444
63001
617010
2756
30976
16002
17689
25122
38809
280900
132496
136530
21904
166056
5929
27225
5256
70756
5929
3306
422500
34040
368449
232324
308025
28730
304152
123552
4225
262656
28730
894916
11449
275100
218089
33489
60516
386262
117992
51076
15876
17689
490000
336400
81510
95481
40401
92720
236196
650
122500
22500
27390
327756
64
1156
10816
41412
95172
273006
21904
152490
15625
196249
120756
127092
105300
11449
154842
114244
477481
104006
19600
158404
529984
221841
488601
34969
7569
117306
3481
152881
48841
181476
61504
3306
5041
664225
743906
380689
294306
436260
821742
9604
270920
150932
73984
95790
4422
363609
14161
26569
2
15006
128164
14884
62250
65025
151321
37636
131406
163216
132132
467856
161202
107256
211140
55460
597529
198025
9702
1369
196
419904
87616
73170
7744
111222
219961
1600
20022
65025
139129
3906
23256
285690
7921
42230
154056
253009
441
361201
259081
310806
1980
841
74256
543906
456300
67860
141000
221841
166056
318660
501264
10404
24336
173889
101761
64516
285690
596756
272
353430
38025
35344
71022
5776
13340
3306
395641
60025
9604
36481
22201
604506
93636
2916
150932
89700
205209
38220
11449
144780
7832
297570
15876
361
144780
459684
4830
45369
340472
407044
238632
182756
11772
98910
4489
15876
420
121104
178506
166872
584460
199362
345156
309692
19600
448230
212521
438906
56406
19740
106276
251502
178506
14641
88209
6724
437582
538756
793881
10000
48620
435600
502681
1406
92416
684756
73712
563250
156816
118336
14520
152490
462
10712
70490
182
346332
61752
676
132860
288906
436921
231842
372710
77562
380
378840
49062
249500
127449
7056
444222
2209
260610
30625
43056
5184
3660
163620
367842
219024
15006
12
112560
287832
95172
1482
64516
49284
1681
462400
110889
106929
93942
14280
387506
11990
311922
14161
362404
183612
39006
119716
248004
492102
427716
342225
35344
145924
187056
33306
509082
424452
1156
291600
150544
4830
190969
13806
4160
467172
186192
444222
57840
132132
154842
1560
22201
118336
213906
20022
28056
315282
86436
209764
2401
302500
631230
75350
61504
24336
122850
83232
215760
577600
33124
22801
394384
7656
843642
11025
72630
346921
43890
10920
538022
460362
61752
13340
133956
104329
208392
630436
210222
297570
183184
122500
80940
892080
34225
5550
1681
480249
4290
20
124609
330625
242064
11772
46440
170569
424452
55932
195806
390625
55225
384400
205662
814506
24649
2500
484416
198916
734449
63756
559504
102720
13340
35532
67081
342810
306916
29070
6
184470
342
109561
81
5700
83810
3364
289
232806
21170
577600
311364
218556
501972
42230
601400
301401
87320
777924
75076
44944
756
9409
49952
8742
27390
452256
860256
14520
8556
421850
10000
310806
48400
248502
498436
271962
30102
514089
25122
188790
72361
52212
99225
543906
33672
17424
168921
7569
17822
693889
27722
493506
872356
132132
102080
828100
8556
12769
387506
164025
552
16900
140625
3660
77284
4356
17956
271962
171810
42025
54756
242064
152881
800130
2352
6400
145542
138756
118680
34969
146306
113569
57360
170156
12769
501264
15500
304152
59536
30
27722
580644
64009
71022
6806
65025
376382
49506
199362
576840
38416
172640
15750
2809
342225
136530
3721
16641
86730
100
23104
13340
10712
25921
4624
357006
120756
207936
6724
154842
120756
755161
337561
11342
155630
554280
61504
555025
86142
238632
35156
339889
20736
133956
77006
468540
132
2304
34782
260100
28561
9120
5256
599076
576081
338142
24964
70490
45796
81
364212
588289
203852
27722
151710
363609
463080
269361
7656
623310
208392
287832
288906
60270
188790
325470
376382
400689
6561
4160
207025
4970
165649
41616
54756
379456
1444
100
1806
9900
220430
224202
235710
477481
2601
4225
179352
32400
363609
134322
41820
458329
133590
301401
168100
79242
459684
69169
68121
373932
21316
147072
205662
194922
32400
159600
310249
650442
5550
748225
185330
607620
1444
206570
118336
224676
214369
3660
37636
39601
528529
14161
1482
3906
8372
115940
6320
524176
224202
22052
28730
95172
133956
539490
16770
375156
542432
156
1849
68906
12
376996
26732
39006
63504
252506
242064
691392
18090
187922
159600
35156
47961
40200
97344
1980
11664
156816
248004
8556
126736
44732
29241
3249
78400
370881
283556
68121
661782
12321
5776
354620
405769
91204
469225
121801
179352
784
574564
2652
184041
40000
342
20592
231842
14161
102720
269880
2025
807302
64
75350
205662
98910
97969
45796
37830
129960
416670
146306
1406
213444
31329
99540
58322
660969
47306
78120
39402
452929
1681
3844
2256
202500
102720
31152
65025
81796
142884
363609
197136
12656
6561
162812
518400
1444
52441
349872
198025
303050
632025
73984
68906
265225
812702
555770
256542
73984
94864
206116
133225
61504
257556
599850
24492
873290
12432
477481
582169
5929
480942
688070
76452
57360
13689
92720
63504
1406
154056
516961
1560
26406
216225
6400
497025
81
484
610742
146306
6006
648830
31152
729
38612
210
363006
51984
7744
4761
3844
35344
474032
42436
44944
331776
196249
506232
306362
9120
63504
51302
15500
61009
55696
32041
162409
21316
9025
153272
774400
682276
323761
29241
206116
69696
12882
305809
2
199809
5402
137641
116281
323761
293764
101442
354620
18496
68382
2704
1024
6642
29070
57121
67081
784
125316
446892
30
146306
25122
210
22952
171396
7656
678976
214369
809100
32220
15625
4225
658532
136530
152490
909162
1482
478864
76729
11342
423801
209764
83232
34040
31152
56169
104329
241081
60270
78680
497730
156420
318660
471969
134689
255530
812
75900
15750
66564
73712
153272
110556
94864
49
30450
492102
385641
471282
651249
3481
589824
494209
105300
31684
602952
241081
96721
207480
104329
416670
18360
522006
166056
90000
420
229920
121801
27060
272
6162
6561
33124
57121
36100
49506
10100
74256
216690
115260
153664
54056
11990
585225
416025
9
16
53130
721650
8372
372100
340472
47961
16384
101124
342225
678976
338724
129600
1640
20306
476100
7225
2070
16384
529
2162
239610
175980
306
7310
278256
145161
5402
287296
558009
23870
550564
130682
678152
46225
214369
60025
316969
149769
519841
33856
152490
162812
120756
331200
221370
252004
1024
42
18090
140625
268842
509082
536556
341640
198025
84390
439569
543169
3721
67860
368449
497025
31152
575322
228006
441
34782
1406
633616
42
408321
1764
29756
142506
19600
32041
415380
60025
138384
40200
10404
652056
224676
67860
162409
273006
400
173889
735306
245025
688070
64009
129240
80940
919681
172640
64516
326612
43056
6
806404
170569
1369
5184
111222
21170
19600
99540
164025
2304
16002
72361
961
10712
454276
682276
141752
11025
12882
94864
43890
56644
38220
7832
130682
1024
194040
197136
770006
345744
40200
279841
90300
121
44310
303601
250000
54056
504810
86730
110
122850
209306
47524
9506
387506
8281
15876
138012
332929
26406
1560
55696
992
172225
301950
202050
27060
483025
61256
961
2704
1296
257556
84100
821742
9312
215296
129600
661782
671580
634412
131769
246512
376996
64
428370
140250
810900
45796
798342
197136
366025
401322
265740
151710
306362
84100
37056
162812
282492
12100
280900
22350
29756
240
396270
10302
201152
162006
154842
133225
10712
3721
82082
28561
1980
233772
4692
698060
322624
72092
85849
314721
41820
509796
105625
256542
465124
1122
12769
413449
111222
284089
56406
4422
24180
218089
181902
586756
35721
36481
114582
69432
535824
99540
57360
304152
7921
159600
54289
33489
69169
696390
99225
571536
289
3540
8281
121
291060
70225
70225
468540
15376
42230
19600
46440
10712
8836
96410
41616
73984
462
323192
551306
413449
561750
29929
4356
55696
94556
277202
49284
3481
210222
691392
204756
23104
61009
330625
62500
6
236682
192282
283024
139129
17556
104329
46440
606841
266256
2862
704760
108241
927369
156816
737881
81510
35156
31684
1056
228962
1764
5550
719952
812
519841
590592
122500
25760
527802
81
164025
160801
380
247506
249500
31329
2916
632820
676
39204
27060
469910
3025
288369
76176
72900
40401
3660
4160
75625
112560
10816
66049
442225
285690
196249
1764
223729
145542
15006
231842
114921
4160
9120
103684
156025
106929
266772
729
20592
477481
28730
277729
620156
148225
221841
465124
201152
724201
45369
454950
765625
224676
75900
9216
90
186624
109892
19460
42
17161
153664
193600
158006
359400
168921
241081
