32400
76091
138894
83008
31804
116840
13736
23409
18709
7921
32451
82893
43510
44521
56425
6933
58560
187059
142108
102519
10000
52256
3721
32572
1225
2153
63102
60482
9
62964
1482
6592
729
61543
6
90361
17832
81651
77689
1764
87004
28026
35532
144089
1631
117159
73516
27776
153310
40338
84620
70336
24806
8246
116246
4564
73621
10711
16
7569
37365
80370
2361
93677
59515
135104
6
100584
200678
26896
11756
1190
17292
77731
108832
11391
6
32250
108100
5700
4032
58817
84125
9604
75498
4366
126338
14207
37095
12656
121
123926
155540
77398
10920
2562
106653
80283
23562
118099
80280
44325
52847
23237
1722
36672
169
400
21278
95715
3422
3025
2862
39204
702
50223
103722
75754
16641
65831
111819
139448
121264
45667
34040
33489
43336
106744
70778
22716
1332
15500
145976
91276
3306
289
80165
104341
201380
756
13961
49690
68969
77221
56
2916
102201
68445
16129
88730
122906
52670
50269
2652
55091
35888
44261
14485
36372
37680
11657
26406
77346
135606
1369
53994
41488
37217
76648
53924
22960
147123
57690
89833
6639
139344
92382
176236
6084
22449
101732
30
5562
15589
104607
117731
148174
78230
94716
9629
59049
91609
18436
36100
106384
81047
506
133490
77382
97104
3422
51801
15673
4830
3288
103341
3844
195020
54463
2809
45412
29702
18225
73225
149792
37485
729
37133
108564
71664
132451
82490
38612
80917
43427
122726
8950
26192
22952
380
2912
1444
29933
41705
7479
47192
493
169672
46656
56560
67595
196114
74918
10323
149169
14042
2847
18632
48466
5402
133423
9847
4290
86497
324
125003
104970
40255
28224
84982
108095
39316
122289
3005
136197
108791
48400
6806
119990
28115
2602
2809
1936
13924
96683
1056
89209
11130
5722
28867
113124
138026
11406
57350
4599
71183
117449
158140
17292
51962
109983
2116
81170
22421
81700
5625
89471
77647
289
19357
10201
43354
181771
8836
144
9900
196
114351
82731
84770
14113
119273
1056
25305
7396
76446
17292
98082
59437
143188
61523
36901
90
66846
109852
67318
6972
141620
22952
17030
7033
6642
94953
40072
30
98253
18635
62510
7699
1406
4096
43783
69381
174471
11722
44638
104525
29798
95969
165190
2500
83419
34506
53876
41213
93945
158899
30892
203836
30102
6921
12882
10404
50988
35995
71863
4247
21151
9216
1265
28736
101981
10000
2401
36100
5041
120028
89084
132
4624
10201
89211
12123
78427
34448
120288
192043
82483
9
90354
5476
108135
135096
188628
116993
3969
700
125235
73174
4970
94545
79639
32237
198599
182
90615
141184
28021
202328
27189
90427
17030
3422
69609
9506
119259
60375
36665
576
17299
1260
5112
2256
59029
31300
68739
66192
3969
20164
103769
31598
105835
58069
40903
70566
2809
108874
19455
47915
106623
6176
256
733
110164
176679
32592
20736
75046
119891
49993
256
8074
64005
103369
94905
70483
60848
625
420
12886
15802
154539
42952
103567
38344
156926
131986
40663
38220
1333
181394
82419
178363
69521
2809
84741
379
5785
552
104651
145358
74364
87548
100360
20
8372
95025
62076
44295
44732
19565
44648
187018
85598
849
61710
155350
135415
15376
149865
194841
21043
87793
27860
29419
12187
36222
60497
41031
100873
11669
5041
134232
40467
128954
5852
23633
122135
185432
3192
60105
1190
103831
141706
47140
3540
1806
6980
170056
101085
638
104281
159389
64223
115135
79772
6642
91551
23169
27776
5346
82113
38777
141672
82937
110
77011
65536
12277
31506
91792
74694
108735
36515
870
36121
22952
4184
6162
182049
45128
76319
122243
159536
71485
109191
420
50807
38578
12321
122725
30741
112929
56573
32607
63620
77277
169
55317
145244
138273
86089
11050
143967
123832
78977
127421
1024
96741
34405
18831
137780
28528
92475
103139
144
650
75852
43532
650
175784
15447
102041
15376
144055
34083
14762
20736
21462
112786
42
35950
72
11130
31539
92391
39204
2970
158254
144305
70914
82893
21756
16129
144220
8477
127720
65168
126201
92100
117664
3969
82996
16
147955
46225
4877
143006
6662
90651
3192
67821
552
4213
21819
12
50636
4893
90289
29696
28347
84176
8766
159587
118092
3906
124418
130542
67841
2070
17583
100980
93937
361
26590
420
121454
38683
107996
5657
77803
31385
33020
34786
186798
3080
43428
4290
132729
175779
15811
32289
88419
961
24336
48365
135652
133863
68178
138703
43129
89095
81827
32930
39280
20022
100100
38823
127541
148848
30042
79135
72020
1936
190814
60721
28900
67395
94618
27722
83608
59039
196780
36100
39632
84804
104155
3539
94252
2030
167498
11869
25841
97551
47936
2717
5138
676
11164
115349
6724
1190
16656
41031
27207
156
623
29255
43609
106907
71651
81400
17292
76803
87077
52921
4624
46515
200400
34772
213239
56786
194799
45805
130313
49445
19468
82255
9506
38828
51570
91566
48366
90303
11556
6006
108984
34782
159214
484
4096
101935
78745
62587
2500
104499
193690
170279
30799
102821
136584
100
198866
66964
4556
69960
185457
123216
45559
13496
126543
29343
128433
25694
17370
2352
122075
47367
12258
111036
37869
27796
11130
51169
66779
106037
5995
17655
67559
11001
13833
91224
49127
900
11772
64377
118313
392
135803
42306
42382
88592
60281
53058
24388
87520
225615
76416
114187
40200
1980
17689
173342
124820
53138
110623
112231
144881
11092
26051
29538
72039
63699
87205
139599
45382
66529
2550
3025
49457
124418
75421
138568
56962
30872
37566
139615
31419
71974
45037
89285
4624
119447
106992
4556
10404
908
44577
2671
11263
143698
42542
31553
92119
25600
132798
9428
3157
1089
159380
65945
161104
7225
22676
20306
87241
148269
729
131010
19600
16641
832
96069
92943
13571
98535
303
82331
44675
45254
14640
33489
67215
98819
129369
80796
4160
85791
45041
7832
68016
85851
58722
123638
8957
4830
64425
24221
24730
124195
43072
22070
6327
88251
4096
210483
15389
9017
185710
22500
18936
144740
11025
77886
86959
141663
129599
195112
484
6440
90663
60041
24964
31329
120695
62066
82020
2500
130964
80669
56496
120060
122896
180462
900
26522
86821
29145
22754
7771
61009
91572
44325
2704
10712
9855
676
137424
96123
26626
2500
59511
76520
120765
31165
112624
28819
7547
30
132
18011
21808
10536
158681
86957
49468
78344
1806
51503
8190
2916
1560
105655
35982
52194
58427
4346
72316
6889
18612
115739
157305
11664
29319
36100
44721
79388
131594
145388
19044
71824
134630
12769
32909
17556
13752
44122
130346
134146
7604
35395
15625
72658
1806
116130
47050
54519
4422
112701
78060
15500
141616
5041
44310
71037
27102
158770
104409
68539
46886
23176
20598
7744
41095
506
36159
4122
56
23681
29294
51497
75366
67127
46987
2236
56509
84702
133285
144
164018
84827
121781
90921
31862
181900
27173
90618
92068
2601
81331
4589
37925
306
7832
24608
90006
130416
99660
19436
210
106447
83723
127271
7482
110
60897
39977
17453
21016
138554
87211
13589
159024
132350
116416
2
9604
118130
47854
84866
650
63881
111473
729
97786
29929
1685
198948
96097
70097
178588
629
159668
90471
13431
46557
105708
8100
99000
33343
30521
83355
147222
5476
57937
20448
69277
103289
9181
45167
100
168854
37303
4624
6
55696
25760
2304
70918
10058
1190
7061
62929
71810
66843
106723
135663
120720
29263
129827
43624
93897
146283
20468
122493
11772
11831
143764
65250
41652
143822
23716
122312
72360
529
24651
6480
4830
74889
64942
83269
128578
129431
104651
18360
596
98775
91722
29329
5776
63263
552
57041
75787
16256
77103
37249
151016
81149
48523
6561
89982
2145
99884
462
97301
97302
30481
85457
4692
85616
1849
36581
35225
99799
72379
961
17277
6269
137570
1849
207038
127601
87155
83289
32740
54821
177887
103820
1521
98369
59930
1764
2162
96333
27561
26039
122491
61924
25671
80311
107556
178214
35344
16770
80913
143910
50995
115998
161184
86125
4290
39517
5929
142819
141217
34340
90143
114249
4761
22451
23870
80144
51787
29167
51679
11016
33074
64791
178213
67129
21316
9216
130232
187580
65427
78644
25799
44315
30102
35749
37527
24492
13172
101554
60756
176966
81921
113691
182
10783
4828
9
4492
64503
101243
13853
135130
23568
19143
11342
60585
26451
69698
118102
134540
79440
68201
129978
484
45519
118315
64585
36864
118300
41112
729
272
6343
116174
3424
48372
86239
22881
21170
5929
4040
64881
62759
126041
1560
127115
64755
143008
183952
14042
81036
120325
100
65002
36672
11701
73512
58477
20626
8130
12996
139034
12027
7309
178959
104185
35289
19038
3303
53033
107041
75926
28654
37383
40827
51725
6071
83996
88871
1722
40028
171122
92831
169512
50021
90860
1056
95833
185071
54437
42939
139272
130050
8742
50400
80205
961
100969
56872
151289
3997
15149
2209
150523
176694
21125
56948
7056
23104
117977
1511
109230
170719
3249
97189
52645
104645
157855
17030
74112
17126
135899
47752
28530
125816
41877
4624
152507
54547
61519
20022
1980
66040
157685
55560
180239
24437
725
19825
45662
50532
3080
136554
55629
151879
27510
35862
91224
57981
167284
36378
110
44741
4900
15530
57632
177482
150607
73322
143764
7684
147628
4160
102523
25
7941
7310
15435
135986
171872
80769
81275
156626
1389
20865
52704
75437
31684
14268
120736
58235
67451
64075
126889
12751
130846
2401
29718
64262
112184
5852
82171
97705
1011
170422
52024
98836
2118
29173
142992
53788
117524
91445
80826
9512
11437
104845
121041
19316
128728
1729
19542
50368
886
20449
139375
104097
30800
84149
7068
97464
46815
129971
1980
7569
54731
135688
85897
91193
146208
125441
17470
35938
1122
130012
72728
10609
17877
88210
111061
352
3025
1681
650
109751
34368
21061
41604
55937
16594
6006
36
23178
9900
66757
35489
9120
50382
119837
106763
54057
213801
7260
272
900
31925
174183
40925
101393
145750
5476
12103
17032
138496
1640
79898
36
117299
2970
17683
116801
9216
131830
9604
256
116774
43470
41751
1640
131600
47643
39342
57189
686
18090
106149
102475
15129
66976
9604
40395
2862
20
597
121383
123394
153359
78403
68581
7581
51249
39345
12210
115594
126989
2888
30949
81
106537
49408
41437
82249
130295
41975
44192
99419
24713
6561
94204
95331
1225
111242
57386
105023
552
10266
42516
166200
50784
93508
135831
119065
130867
124541
2652
19544
73109
23099
18808
121
77445
87529
67297
289
85613
22461
127867
400
49323
51423
14008
35899
529
16900
45180
6724
38184
50169
9758
47718
12882
8281
157094
96521
84180
12671
94711
51042
51113
42620
97590
3192
78529
48249
80020
38701
40495
87303
98635
105949
1980
123444
117838
110
187604
127795
23593
930
78244
72452
103885
462
135277
17822
28251
63095
60559
182789
27557
81
65267
2244
162978
37365
45596
116668
27722
124211
61239
576
12656
900
11656
5625
31621
506
93905
44809
9054
43661
49729
90959
80759
16319
73377
127230
49509
105847
87537
44256
71712
189722
118793
77999
39327
111720
13232
16002
41031
107823
24940
123459
19741
58327
61614
59049
52910
6480
32671
28906
123731
56810
73155
905
78275
102607
182735
35405
71938
128134
10404
784
196
8185
113824
64092
47765
60297
2601
18350
289
68121
841
85478
73785
104952
89691
92681
3552
35083
42
142090
83754
13721
13321
69815
148998
87912
17637
39204
5388
143606
83884
78894
62949
120191
18225
187055
6038
111724
89211
40957
78721
29582
38706
108301
60170
101748
116802
42334
45261
97589
84520
115930
80884
46531
114869
112692
138970
11772
10712
73646
138780
1444
4813
48534
91579
48152
67913
32950
156549
72099
8727
29584
154695
89819
13878
24652
165930
160614
1722
45009
55146
3883
124879
79441
91139
7826
64882
650
62958
484
173808
7656
123422
4761
77863
144
21739
190724
112416
44727
3844
83364
63703
90401
122642
7660
27303
3364
12769
84690
61007
115133
61976
26340
39073
9
26325
32753
117911
90199
172222
6649
6465
60708
5060
83847
38025
64889
1864
1936
361
74184
106968
189916
89137
48681
96936
93969
118526
83481
84244
50396
4624
58278
26441
86565
26586
82426
128572
49785
5329
18769
75931
207213
10858
158582
27860
8100
43831
93063
109341
39970
39129
61367
2517
116787
112391
25503
150786
69747
100456
73521
43207
213207
113892
23562
135621
30366
12321
400
52545
74557
67891
191655
1521
8913
70711
46729
5112
86984
34040
16325
93672
11051
55879
42183
11486
6787
48989
169
105054
6006
37547
123260
2550
100
115745
20085
3291
38722
36
115852
4160
18769
27225
146994
138674
38766
6887
2365
25
49034
8556
694
24180
106920
74747
161920
86014
18551
2274
134213
46303
154226
78354
3842
13257
2747
15876
81604
53301
36290
54491
69095
41900
154212
32942
70742
138312
23104
106464
78951
16509
7242
58329
32709
8281
100684
5041
129033
44518
82828
6806
139101
11587
43058
88475
110806
159095
85274
35199
122242
79003
33672
45553
21020
10341
70197
77789
22801
94872
73110
9312
50908
2070
12882
53224
126735
27722
64077
186340
181923
121136
105460
62274
80911
144
108463
1722
7140
10100
51461
152541
42804
54920
21656
51943
181118
173949
1764
107301
40677
33807
13996
9
61510
16594
38730
102139
5776
87225
9025
5128
29499
14912
35799
65355
18496
56902
4248
1089
75508
3195
105102
178714
48896
110665
55529
28189
125264
4472
124264
32761
106817
25088
40000
97049
23562
9604
173102
24025
47641
31759
7293
29462
102722
3188
121419
120860
26306
49953
131530
169922
756
1638
27130
130812
53275
506
99680
47089
35041
48867
8435
52428
28392
87288
122654
59844
18473
86499
53377
176000
1024
54550
8100
107152
86784
2916
22952
102065
66453
104640
4706
9506
7945
104616
96792
529
30022
66795
1190
45337
60593
42768
6885
23730
14520
17292
4210
31684
6480
171214
134622
2401
88196
59592
130803
79795
94893
135504
113169
3540
10302
60606
34877
167561
33429
5929
21787
174499
1722
149000
166694
156570
137060
26896
40272
56
3969
169
3364
80263
26261
17419
110432
21460
18225
45891
2704
196
38602
1899
21936
126798
82533
118010
32221
6806
2809
4489
86383
48289
40201
95541
6889
213484
12841
71135
196719
46380
68241
10712
99313
57025
8340
11025
94866
3192
159796
100493
55677
33270
2550
89145
100553
20649
14743
2550
93875
52233
2704
24253
25288
116654
11130
56998
702
100
7162
34807
98049
134914
88961
94568
5776
111676
67861
50083
6642
36167
182122
100472
150752
11505
5394
94391
1176
132717
15683
6642
171458
15876
91452
16308
27121
223805
188369
21153
1938
20247
46447
66824
14216
342
196462
1406
20233
98031
108235
26627
135935
62574
44770
167914
43441
113595
1764
5476
124029
120313
103111
55168
13858
9415
153184
163652
28688
19044
26777
43852
125844
121
19589
71031
24906
54903
48610
97283
102630
92433
52861
99419
126503
8010
2352
19006
1
39527
20051
1696
256
72661
151924
2550
118759
1122
24117
67660
137138
51184
121
51274
125907
140411
16129
78379
134445
85133
40474
41748
76878
168376
19383
37224
11236
1024
10609
15750
145018
110741
52093
114510
145224
1936
49405
26597
5452
25951
46343
1892
87831
2450
72939
11449
118123
22201
86775
30785
74416
89231
1764
62325
22500
102113
10302
60121
18769
23553
27722
27460
92765
8670
83205
4158
64623
153667
19740
36163
39969
143424
125628
102861
2122
900
5026
14399
22094
7427
21290
102161
69788
10201
76099
28224
3306
1223
158746
28391
32845
324
67196
96338
106591
208978
140037
197275
72602
52063
115966
21928
17030
144952
26082
10442
16519
97740
34255
67860
1936
69129
118481
139562
17424
26376
2089
992
28473
3499
42230
49062
40374
81526
77777
32462
144382
625
289
86289
2164
28177
45779
69758
1122
153382
6663
12
123106
361
1722
101930
214824
127922
105667
64381
94631
140489
19044
1150
86981
115196
117923
74704
50823
96053
55525
83064
128626
15500
25122
650
12544
131899
149104
205936
38360
73382
107855
4970
84880
60677
71917
46087
66864
107973
18741
6400
29477
841
74730
91583
120087
1332
43270
342
42230
119729
85827
34555
66523
400
41820
79545
49179
44944
106475
65666
729
52536
9025
106419
12100
50589
54908
5852
147840
2256
37442
32884
306
22761
90341
21756
33339
38560
9702
16007
32907
25005
130582
94593
854
71296
3080
20334
120484
109929
141107
78603
13510
10079
80431
30058
58402
116249
10712
3423
97287
100126
6743
85207
16008
1156
95645
1521
148224
146364
45582
72
4397
58924
6972
48210
3279
64801
86035
78029
44294
65176
361
44309
3422
1089
122579
18521
95992
47581
676
140570
29756
2209
49214
86485
4356
93690
14161
15798
25956
1764
142042
91665
4355
184586
125634
109827
400
13744
116761
82781
53481
6241
124505
77664
20022
59712
36258
134226
18906
67737
160926
1056
75813
20022
47306
37462
13798
3025
34434
28392
28224
6162
39262
64741
92314
16129
75707
16269
469
141413
101848
48448
11664
76682
116450
6806
17374
114288
15876
79739
22062
55905
142263
188706
138770
127470
29661
212352
505
151030
1764
47721
125287
22801
54139
80199
41740
36658
51736
61596
166914
7921
26266
39319
102604
14594
58113
20949
34083
38250
116963
138474
88754
124968
59769
156345
56987
81189
75559
27678
29584
90649
7533
2
52932
43336
20880
5256
85675
99223
129531
114164
324
10973
117757
48966
49294
96350
6561
20036
154805
342
103686
56100
91685
73448
176786
272
56070
19279
4230
63756
841
17689
19321
78961
39194
41317
15355
84656
182
108022
102073
173951
8930
23576
36807
59617
23682
4489
6889
17936
74506
146502
155470
74778
2404
80961
185410
160962
93062
143289
139057
7398
20767
16114
62343
15006
1924
58870
842
105033
2307
61983
106097
26140
219309
36021
106580
16296
60316
16347
53620
9409
29070
146298
160688
14502
61627
43270
65052
2970
30050
272
115329
14961
812
8372
146761
59021
20231
157074
56271
144974
116081
181227
33832
136616
81829
123612
6642
80619
171599
17770
126099
17822
566
75459
31862
12432
23523
164415
104151
113835
54269
16512
107914
7744
11955
4160
100432
121680
11881
40852
47391
73890
65694
77481
5572
179031
1332
86537
20164
33692
2916
12688
16823
5184
23829
48841
70829
6889
14884
86349
756
106034
25352
87608
3306
76753
130348
7225
82247
23097
625
50092
107685
7921
784
5625
240
10816
1026
600
64387
506
45887
14211
158038
1849
39557
1936
149574
72505
166234
48044
4098
8218
67950
4631
36701
9835
71658
47089
23315
2809
14779
164541
5476
8383
153679
56974
73815
784
5402
11881
46785
142410
29124
17161
71188
676
168915
106345
86302
37713
115908
100544
29477
77061
120024
61359
156
101854
90174
42927
16641
87542
1521
100923
58561
193830
17222
2450
131703
69345
18929
115764
89936
94719
39720
40054
126715
41801
164249
161316
4225
6766
2352
11449
3906
59916
70045
20
6705
144615
5256
26919
52441
43442
78555
157353
70858
127145
110319
22801
12656
47801
92835
8147
31267
115345
13552
152498
53487
38817
65619
53849
59898
119171
42
3660
17424
15876
125029
126010
13689
47139
3364
18225
100925
169463
6561
109170
11130
29476
103541
84211
100392
139859
4147
441
180600
73640
168892
3867
441
2550
59827
81
110903
24025
98554
16
159154
171469
12291
97076
89405
2070
91083
132223
58413
98684
94058
20434
38489
134310
73589
966
6806
170004
114043
1764
42207
130966
95131
115170
85275
14835
115777
6642
20164
60849
1190
43812
151931
61952
37830
176732
182230
151543
100144
25930
2652
114495
28164
144461
45226
117137
2025
12185
37543
93991
121328
4419
111346
7868
37830
88272
6806
41313
18225
11772
52994
84338
44869
112014
19841
2652
5329
26344
101783
125521
58873
900
3864
900
17458
74582
73377
27340
5625
131978
71818
441
60180
40013
12348
69696
552
131
61807
22340
95236
5256
702
1212
18228
34741
8034
62921
324
44546
39212
5852
9604
16410
2092
18965
93797
156651
33305
77351
34250
91044
1260
28347
91037
8241
141924
205793
361
11342
16002
22806
1089
44827
10056
50408
83730
14641
11881
66719
202064
21609
133954
870
2025
1080
676
27861
48745
71827
37281
16512
44100
50550
5973
90490
59851
306
3592
88191
28900
2352
137920
4225
43296
95324
36249
53949
60420
26773
11533
74087
2190
48647
7942
25832
136939
78823
7148
65181
36961
88329
65589
66907
11664
30625
129049
52176
67229
127217
63847
2401
118413
119294
13572
3844
8365
206142
44918
441
89215
146165
69531
144017
58631
110983
20229
83975
51408
131200
33216
54939
115074
13283
13110
63382
6
96717
48291
73024
10712
40703
102551
141564
148743
11990
20629
50103
133044
60581
3025
42443
15633
61256
48808
15502
676
129087
7310
118698
131750
83912
625
25281
11881
88511
84812
38516
79303
12437
61100
72486
60539
188998
133743
5361
130424
6278
5724
48156
29819
52984
1482
37011
136900
115539
16883
102430
77273
98575
10518
8556
19155
64469
58865
19265
142769
3364
45113
80111
19460
90
61267
12340
39511
40518
15750
63491
20
122461
49914
6505
11638
112544
3747
10130
133471
13781
930
15127
44310
32241
69907
140508
100561
32041
40101
5112
5256
12712
127838
1979
1122
105776
6084
22500
41511
27476
170758
63075
756
33672
29384
897
101409
125865
27005
97507
19321
24421
30450
6972
166000
69765
429
136395
4290
154083
63716
29229
71769
961
100530
4900
1296
43264
82238
7569
39729
25281
67450
32635
1764
46275
129458
22063
186584
10461
25876
22864
23256
175928
6
57966
8653
103049
88945
105551
17030
56487
54205
1764
111672
19841
94785
89424
9702
70773
148181
27390
9409
73806
103924
147826
52243
2704
13683
168178
27216
34477
8281
16002
134681
85065
20481
15750
32233
65160
141896
17556
70563
78720
43853
77218
3984
7439
120620
105311
90
95397
92346
43681
77857
6
10609
57419
46839
87484
14400
18981
10609
50289
39524
40041
70470
576
17030
61307
9
40907
99373
7832
13341
1849
55031
31506
145282
19433
55216
35837
9584
144190
9
47069
112209
82440
54860
342
124134
11849
72728
46949
50286
147836
185236
163672
20255
98007
138278
43056
11254
3839
2
164018
20012
61291
7570
21628
9506
80551
110124
145200
31208
74439
77760
34750
12598
71586
123708
26816
81726
79020
75097
901
125288
240
73819
2116
7482
131395
18580
7225
137435
110
80963
21961
3306
122860
134769
324
79031
5550
16958
54411
18402
75016
12072
15006
128465
58877
146017
1187
27225
26786
9774
55859
29776
67618
113513
81865
22304
77725
197314
6163
16004
95768
1
96727
3136
52621
57743
2550
186672
143731
130472
156329
94282
48965
7569
80301
36500
78841
4104
2070
33564
45379
85627
18388
80804
47208
107791
94134
34926
3080
103263
41901
78218
12769
99312
128705
122765
18746
90
7744
12210
37568
121
132
12
2704
122340
20363
40817
358
961
95266
109461
14328
21818
79240
69041
7299
100089
53878
59039
96091
30733
1764
41921
77012
51918
342
60375
400
37759
58211
22533
96599
65395
75359
57600
70944
137488
5929
25562
9409
157038
114305
35912
7656
80490
129301
24180
22489
36273
71465
78117
120587
8050
30678
94375
17039
1089
94069
154659
135768
163687
116844
3422
1260
1681
160640
165074
208
73024
28541
3422
57765
83660
24420
201390
20647
171649
7660
131830
3906
1764
36032
64608
64005
118280
21784
134703
36
72
22527
131785
5550
6125
5184
57491
140028
164751
17700
5624
49
165131
184
65758
116073
37447
175240
149734
18356
116432
46957
35324
60208
44944
47094
24806
192307
1980
3494
110203
13837
16017
2756
158854
34455
95273
112879
19041
30868
3906
182
18360
75629
29929
30818
156744
106401
112524
10816
53530
650
35334
240
105223
43899
34410
3600
91170
117834
2025
50406
24853
32289
44260
20592
162932
35331
35418
4365
72681
42589
65202
2652
21115
125456
110261
225
17174
121120
130559
676
85859
9811
100569
116942
22880
9
97329
11130
13279
114348
4624
14532
14238
79455
64
68392
18532
20880
3005
100929
20022
20403
306
1681
31559
73053
132257
34231
1225
17026
68282
961
256
97681
43056
42
115895
4535
121
144714
9409
177084
23360
43681
2450
69542
3052
99354
173677
81992
14161
13110
49729
22879
99885
687
600
137296
123263
2
105711
142199
116142
71289
46685
2171
137317
3025
13110
54404
118259
98767
112700
78407
6243
180304
119063
56965
152539
19922
139426
552
20449
103395
43890
7225
5583
107231
150711
37687
152742
87540
148925
62442
86561
7396
155227
180688
54905
11881
4032
78889
167070
68063
42436
10000
141440
18183
20306
85696
5550
62459
182326
51858
19740
172631
17956
4624
117290
80257
8333
89691
47196
26569
11703
1482
142868
46717
93866
34753
103785
145808
94436
63145
35763
16892
163755
135834
210
41196
5257
63463
41856
9073
72760
85781
151292
149584
74956
23256
13801
34989
146630
44310
41847
10957
33189
62380
3340
18868
17956
173796
86827
87203
4970
367
82538
70321
122969
11130
34174
20311
2086
11492
10816
52597
35776
24336
34257
98443
104602
361
36857
68129
26896
37636
3422
86945
380
141919
13401
89799
61275
60029
7441
17872
27099
127759
152564
17292
19493
125669
41983
65207
1722
170232
18140
11130
5402
12827
10506
70493
103358
85318
11236
79094
50517
28900
63504
165866
3708
400
11772
1296
43332
2268
7832
51207
1072
97047
65967
102973
3782
92651
650
784
42346
7657
118039
72180
183856
5702
25760
7967
79683
2070
52168
14884
53552
164867
22816
676
40163
43447
49992
12418
22944
12779
29300
107846
108384
5547
33124
49640
46201
111560
11772
151986
19044
85504
24025
126864
4446
10100
42523
177131
38612
702
44234
1797
115415
20795
13905
88320
28320
63277
108379
44728
46661
87304
2704
50850
158127
12252
19139
84798
200803
84489
4900
90007
1056
99756
37506
102075
51177
89160
42530
2809
18090
67556
36278
676
56370
2543
47572
70348
62865
42845
20604
155883
22652
4121
50567
204584
9343
102657
65741
129147
24291
25165
113295
9527
9539
16134
53592
74020
25281
115074
181733
906
71034
400
31159
37252
125106
76944
28056
117643
65765
28506
3540
169580
40361
121674
76858
22432
3025
91841
141744
25207
40252
5625
191000
21530
74592
68260
34225
59876
26876
185971
4761
78961
114270
45918
62369
133963
81663
1117
121384
25456
145047
870
126971
12210
48091
44521
13666
83757
5929
95981
172998
65262
43958
69681
105684
52711
129834
147212
46424
16129
11253
13806
16136
94119
219176
5402
145781
23402
37926
46015
68324
10506
841
96506
110765
85703
81525
5041
19432
145750
1640
124530
148488
10404
94474
149481
74801
1681
39659
16129
841
127011
43062
70533
52597
38416
7496
10308
192690
169385
127455
552
103563
75690
64387
89559
164534
7396
56638
196
1225
132983
9702
1271
3333
8672
110
84406
145618
160958
64
2450
28442
30892
16488
122878
101984
992
83581
103499
552
27032
75562
102591
37056
88205
30040
5112
136926
8190
101480
2704
15049
21170
3600
152959
6162
116364
44864
83863
137035
79719
36278
80857
151858
11664
53441
36455
102709
52615
82571
24180
541
21462
73024
139107
107687
22843
116525
23443
11130
7225
4285
162885
6833
103661
160341
29056
82564
111444
115355
2601
749
64833
206983
74280
43767
64727
70650
342
23409
3600
153232
8056
81084
44799
47089
76525
552
106294
64228
100358
96324
85125
2083
66241
125314
256
240
10170
24919
12843
11664
55163
7182
12996
45157
20574
144544
48400
22350
28961
12114
91012
140898
45595
3540
3232
134160
128785
66459
78077
188364
110581
891
63739
122491
165718
102335
5033
14469
151902
72523
25252
43698
14796
20880
60675
1
650
80971
46850
81773
8372
8836
48202
600
95364
27001
44241
61218
9214
22529
27831
181863
70756
125187
67824
132808
35890
119129
44347
96950
89831
56
141034
23836
116464
19548
150123
625
28577
185995
8556
115321
125769
51463
114277
214772
8372
31152
6560
21268
116917
189290
21170
46449
10117
645
4689
529
5929
13479
81244
93237
4048
89156
100
42772
90941
117120
15133
223
118814
67018
49
130737
28561
5402
84247
82814
9444
59565
56925
79723
2256
95153
49252
54814
5341
73943
7832
196
47385
126956
99441
16155
5446
162633
111459
162699
22013
17406
40428
7921
20592
17433
92332
22500
142472
61348
4276
115710
117538
166671
203919
33171
18827
2040
49959
133783
17822
66238
45571
118299
77906
39697
83460
570
89621
24217
32860
30
73674
20574
49729
59893
126064
90
17689
153238
4
94321
39741
18023
39255
82431
420
77325
89703
76668
182322
23961
187587
31041
126152
27964
5587
165583
51274
57700
86242
116460
89773
16900
17977
7225
94221
20336
16900
12656
2649
135544
80460
16
62190
52967
141831
145964
66763
6
1296
16292
117070
194270
190910
86724
48147
127399
91073
108390
30517
129393
160404
97697
125
72239
192984
117176
81086
15968
2466
17920
86009
9604
85746
170178
27998
66428
9120
3192
80057
23260
729
99645
165024
10569
120837
72600
7901
86588
10920
115484
23256
94901
39646
17565
216735
7225
147384
94747
23256
400
82636
149204
122174
96716
120507
124393
2256
152819
90
74947
142744
84947
900
21493
82543
16384
35733
50701
6889
118385
23833
103903
6496
28056
441
3421
361
4761
14473
5852
30029
22201
123282
272
101123
201062
97320
42558
143760
33648
38136
8100
36672
152179
14420
1089
28056
194990
900
72422
89374
16770
99385
24831
113730
420
29961
5852
8190
22935
73092
34872
22350
110342
6400
55782
63414
101872
13630
83285
63914
45028
10306
113749
42693
552
63088
19829
2025
162510
11556
4514
92575
36928
6639
19807
54755
197314
167151
26906
4041
188126
23104
63327
19600
135904
12
27390
139815
83116
57748
7396
38757
100683
10205
11531
9004
7496
186570
81123
146494
33328
22533
8489
50665
27284
3481
167335
114870
152249
76723
42085
53679
90047
255
88731
10322
72661
39813
115822
37432
39745
59095
47027
11130
70165
136521
181551
147614
81271
20528
1913
16659
174379
132183
40573
26569
2070
723
2550
10985
91903
137634
6261
108022
128057
1024
29443
12210
709
102584
14600
51940
30456
2450
181174
729
9378
33517
99875
108982
1764
58851
146406
129453
54224
73864
71422
2401
80915
93693
6241
28900
52292
51273
21002
86325
143328
272
131169
19135
49071
110
156
172827
1482
115804
206178
1521
69616
113205
25000
87053
116367
85025
55460
43556
195348
30632
26604
529
1981
14252
75514
175085
41915
80110
49013
100903
161330
20476
45305
128
94928
4160
42298
3136
57307
8482
22395
58698
107230
545
139711
95943
169
191011
103223
16135
57931
19854
80291
23491
117984
167406
53075
3540
12351
76889
104708
121224
95144
154109
12656
930
77041
1332
12888
127175
6
126470
9312
132779
88473
176296
81031
105575
25661
15625
37995
131396
152780
35499
188478
8727
50658
106383
70897
2925
115581
117423
20286
142425
34528
48313
180816
31290
3249
35345
25122
529
39913
6590
24131
36
15625
134818
94393
39702
139802
51007
29591
43665
77761
65068
77612
87715
178800
34912
61105
94779
41322
67652
20463
50983
193646
71199
11098
157902
1332
77283
3540
10712
25200
91481
121088
46656
45597
90
1260
162219
15761
98149
34971
100
697
78035
15612
110705
119181
111036
68648
110487
19432
16341
119127
41830
176655
1482
19044
70749
35260
67641
774
2601
118705
146187
71824
28252
78077
119460
31015
218109
102548
22201
93129
42201
54239
148880
117520
13976
13666
66969
32492
108601
65038
9120
240
73951
118518
1332
46143
128929
119934
10021
2809
11990
32889
225
22500
58600
42230
1521
306
39386
2704
41729
42
31696
32089
130330
29687
19716
324
85800
24834
6259
26414
40641
149081
83859
30246
88208
134396
16453
70786
22842
51641
15750
78597
158985
4290
71513
105009
100504
20939
83741
1190
23191
3844
83995
4900
208255
122543
185344
68597
51289
59769
144270
22892
18496
54494
109500
15750
38025
112244
16641
83879
71785
127900
4830
118288
4032
18117
120824
120195
8836
34645
107685
5753
1980
194464
2601
10797
24303
10085
127842
127207
98697
57940
20345
1948
41941
188213
124691
930
2352
5051
146769
8556
6090
128382
116207
79851
9054
46729
18496
2977
91153
40602
117080
12321
484
121
67996
24025
105016
1141
129515
17599
72039
114017
54803
10201
62665
196
31172
12769
136520
1560
78177
146117
74274
441
144
109099
109265
123390
101369
107390
127564
31158
9896
116529
95467
75020
32580
92637
5700
81818
20736
32041
48400
6241
812
4096
12996
90
94361
90447
106959
57020
168645
19348
55290
182
116158
18769
1369
8281
90984
185429
46189
113945
66725
119489
85470
98539
148028
62637
113367
91295
3844
39141
16396
64449
142916
106506
125765
54199
118333
2256
46672
52867
45397
676
61734
139480
10506
21588
44889
8577
86534
16308
792
82712
102653
148539
99190
16002
58453
33856
91913
140996
361
65551
90241
756
32964
7874
424
21813
57706
28223
4843
4900
25
154502
42469
148091
1560
420
841
43719
12410
484
552
52148
182785
56706
156805
10100
34411
76810
117521
136211
39032
1369
12437
116543
126192
79671
160888
44764
76411
140069
69336
6320
21855
163786
51
91849
164436
113777
8930
22723
54008
189062
181683
2256
22801
1980
121011
66423
105657
94425
43681
166576
155526
32064
80367
11406
112535
105703
119561
36551
8325
73404
62015
529
86641
46425
2116
25281
45748
75080
31323
30306
27210
51866
62691
46979
126697
870
73127
9506
112964
2209
101401
51178
104992
1156
22728
89267
78785
78641
9312
3025
2607
82387
8190
61009
484
9409
33350
53437
184464
87707
83101
95331
50176
133443
380
81197
3782
101304
40401
17822
100667
42025
121128
67537
74122
11772
94395
133318
157972
64370
49
16781
11236
3844
86435
650
14361
44521
34833
37733
19078
116029
1640
2256
1377
600
27557
49899
89891
100733
121580
79835
49729
6162
50409
68476
106369
105312
61419
33124
7056
141200
117576
24649
118598
95304
83420
99356
10712
121496
68601
72546
33501
484
63908
9900
168856
10635
18858
153569
135752
81
992
52632
650
119047
2401
10640
77329
13665
178820
84683
205227
529
82879
6806
54928
59910
50657
165307
2652
30988
39317
43899
2
30333
84420
9506
75550
118141
197325
104444
9801
23932
198243
50583
161512
51330
25760
3025
52029
47888
2304
625
4356
41006
65289
2563
4830
137131
158246
33949
183256
149443
148517
44801
4900
34555
11976
3192
41488
73041
56
129315
21512
324
1849
49573
117692
8375
26508
170831
324
72816
64679
17692
34978
165595
6999
46855
144735
182112
20224
1600
82417
57485
64590
23151
400
183644
121960
68096
51759
107505
58728
161356
190438
125608
64
7656
2125
7482
54277
115076
13572
930
59903
77647
77914
47389
2798
34257
39258
119641
4
12769
93251
6480
139253
20640
53877
76852
4614
904
144961
82007
462
47311
841
77804
8383
107179
66699
35572
25878
110655
31235
88384
2401
35016
58065
54056
31038
9116
1892
18025
62956
26558
63292
69196
88730
122063
110903
16615
70180
7803
20880
64653
44457
3789
4152
2500
84326
7941
23808
185478
8556
123810
162232
109114
40825
39402
103203
17918
1722
96485
5685
38211
135781
12210
10133
39026
30
2401
7315
6480
73044
82675
324
97839
41103
82172
78172
83752
147890
4489
30
85327
97035
45918
71361
106404
29261
97238
42
129740
23562
96408
28253
155088
22633
106601
47973
50985
17690
1848
20272
118595
41052
12412
59478
211311
51743
29070
107385
87596
74805
6724
342
33261
125981
5886
186480
121150
8742
24818
138592
139813
143114
10920
17379
102388
29730
29919
92095
65902
140979
5112
34782
33297
1156
6889
82619
10885
9409
225
91669
4522
11244
7396
129219
112710
17752
183014
7744
15500
109890
60411
2025
70383
118590
441
39472
163928
4160
79208
43834
152306
146583
141680
97412
34596
137480
91198
10713
46574
9678
22519
33282
66648
96351
104265
132818
35448
43667
21077
67590
19553
161351
12171
58343
126757
65783
35731
38520
51638
1465
113712
146775
76477
105303
187978
162240
29467
2916
107929
39229
196838
116096
18967
6006
55686
600
125907
89461
18596
26209
1897
111833
3906
49
44848
841
118940
12432
619
16258
108378
13572
84120
12996
116065
117078
40681
51618
36672
80922
1521
14149
114064
3422
114519
175558
149174
6
53870
58091
1892
210
42931
8190
11696
992
9120
16776
27191
85716
129843
52461
94918
106426
48145
19099
124974
206119
94457
5550
129239
4096
2500
116114
65188
900
82881
118760
35991
23120
110505
46860
90070
17556
4556
58099
88309
58617
4225
28138
36266
25523
125847
20278
10627
24973
13225
64692
11220
6642
35432
56114
35752
32587
4954
115250
34777
65532
63897
150792
119427
23870
25122
30657
8742
60762
24636
93525
729
135814
14260
67487
682
19857
272
115660
30102
24005
52724
168339
29282
37473
18120
8689
625
35008
181630
5779
45566
98921
5112
132282
87028
64163
164379
77519
52608
98839
121689
16533
105435
10000
65752
33212
91964
144237
5256
94552
24125
62819
44808
84599
29325
119939
47687
79414
35156
119726
194271
17790
73620
19033
5929
5550
87405
91772
10720
25570
4290
11772
7224
82152
85007
129662
92893
129426
125231
45548
7533
109502
36105
5625
153
154229
3364
77532
188364
441
136018
55211
51549
19842
21628
64
43415
92845
11881
28068
118136
76009
104250
159830
28951
36
115358
14509
99245
50054
8372
84661
5329
73945
146082
64753
169844
1260
24618
40527
7788
125380
4163
56808
30212
17540
62191
30148
49589
145561
420
88195
121659
2601
68205
72
7140
16309
123489
25600
24649
46951
462
97408
21904
1056
148648
3981
119330
47336
23095
122204
54972
30
8497
88077
12
125725
123157
23721
102964
7310
22277
10107
46440
89647
29022
2115
9409
101240
74770
36
27541
5700
44765
58669
5041
10404
49812
29584
33795
40590
9312
65531
5205
69694
3422
55932
552
50210
103670
15216
88969
11130
1849
6084
113570
19893
43056
30618
19460
91737
64381
2862
52183
158416
179520
50625
158549
10007
193970
97458
2785
65061
8742
106777
28628
59049
69917
48191
112425
54545
100037
23256
46818
99054
324
3249
80289
7569
3364
118003
55063
90
3760
124786
183582
1089
16770
14878
12
4556
105460
17689
5053
26896
6421
160044
69005
93880
8311
132984
98837
88990
8492
84169
152352
8022
126086
6775
85443
139234
145811
14884
147735
103904
96551
38344
86034
3136
33762
34728
60093
36309
138089
3782
125405
38177
36672
7461
103543
20789
25288
1161
147808
1296
240
2262
131720
100
142698
50067
126722
161213
31861
20491
94876
14914
158957
16384
18496
122645
77420
1764
73215
40170
7140
14132
80417
14697
80648
32403
60823
7713
130668
96759
82072
13806
41210
15376
38971
2304
3906
39931
3782
96401
38601
45456
135895
12551
115451
45116
16033
68489
6400
26774
12422
3501
3237
185495
40979
15625
106131
576
85904
39775
176224
870
272
61568
7921
65726
157184
7732
52128
21316
13026
69938
139821
28900
67250
43559
812
54990
9126
87925
5041
22013
120642
105912
961
119080
6602
43056
167445
11071
76415
60259
32723
91056
121
81783
109297
16256
40602
115255
78419
69427
2256
60603
23133
25
120872
62868
107735
156
18496
155388
23256
240
342
94585
80723
35666
133039
4830
2704
136860
35674
99936
82269
112951
15787
181434
14612
131098
31044
12652
3420
213563
67081
113675
183080
182
151854
140142
198084
1093
43347
35344
24336
12813
7569
22749
35552
156460
69493
18789
306
91250
184799
7832
57207
20880
104363
57107
15006
3579
25440
92947
4488
3192
87421
136295
6627
18294
72
81343
841
73770
24806
26896
107113
94964
6061
2401
156574
8699
33012
153646
47742
162710
111636
19097
36723
91687
168490
2482
1980
2443
123390
27720
97785
141824
3633
11881
21917
1024
53036
34635
119977
88228
1722
87605
70585
87921
96533
51255
29423
38655
43968
13085
137084
42168
61293
33763
136183
32211
157870
15252
123618
7656
63125
15129
6806
12081
56069
58806
52864
72131
2652
110145
13225
37282
2352
117809
79927
25281
32013
154560
142355
74548
5776
38647
18360
47244
107652
118286
34662
3540
2550
44497
72735
192683
23533
217707
9809
32420
117029
73056
25309
57600
69432
3599
150480
37266
77552
77353
6320
870
24964
120289
53278
26244
23517
58898
10000
41676
64909
85131
131948
113468
50575
109195
123479
67781
1640
6358
136340
2070
57261
15242
156
145649
7476
4648
138416
930
13572
50307
2601
79871
30345
52737
8930
30912
82529
12146
52033
94464
41026
151478
160180
6006
152784
73355
100643
24068
167812
136103
112379
76852
72
34892
179311
67631
89499
68003
79995
43321
1560
3249
39539
21963
78335
46842
110104
43509
3844
6972
16912
62477
272
82669
117691
132971
149302
69010
57347
14641
46677
67581
2304
80310
13340
109728
8333
14553
123744
8860
186696
35519
29157
1613
22541
96503
102885
9900
26896
183883
13405
126343
101295
72853
19182
144255
3742
14505
100477
342
35912
54995
173121
146086
99105
2304
21316
12882
96844
16162
70235
13456
36159
8836
16641
1296
3812
420
2450
43056
37051
49
23363
61313
39759
84701
2772
151376
20725
53888
4556
50205
81509
41527
114936
136779
10864
42010
25293
10712
29054
111625
18632
70869
62555
552
380
60665
13572
124155
90667
121130
7656
80985
11486
150478
139916
10609
2256
17198
144
18317
180616
2652
5599
76511
7140
91237
51704
85697
2500
78460
65316
67511
51805
25457
163875
29756
89219
84192
99117
163927
9745
32526
6724
961
3766
84312
25134
21579
84230
74923
3531
8937
110401
164939
138160
93960
111040
89529
64
33853
10920
62929
133035
34599
47284
49963
75156
73846
1262
182383
27320
122702
106151
4032
12882
11881
906
91001
81455
24306
21969
3844
26803
52455
115930
79633
52441
108370
65417
46231
134653
92649
16917
42703
146096
94374
100
132053
169790
109744
12882
116891
2528
65838
66824
47742
141001
53955
38416
104599
136025
441
58683
5329
101709
22968
76729
94393
191624
107163
2256
4101
84144
102287
115105
19881
24319
173548
155751
212142
11438
24099
130203
172053
43488
144
6084
58227
29614
42519
7143
34506
8742
75054
13110
36101
17581
27889
38154
79520
70127
14400
16
58272
32041
12212
16272
9436
144712
23409
121927
11342
97459
49954
63944
146889
128234
124783
79099
3600
93433
91931
105965
39071
15393
151049
163751
130325
81889
78961
6084
64386
164457
15376
92530
30308
80889
141488
4556
35379
29823
25440
153461
55203
128372
15252
125260
115191
156
74484
11200
2601
119293
289
156
40294
37249
6929
39101
114353
49
120695
93905
106936
94374
107267
2311
37249
112111
111369
95695
14157
20930
19884
5402
34239
111390
33856
87300
49643
9616
95445
69075
42811
1177
26732
116690
148218
37249
41551
812
2916
88215
58322
28730
7924
5256
116040
29706
177329
59955
84431
7832
77952
131920
40602
36445
150349
62001
7310
84404
12187
15625
21325
132617
45004
15006
811
6972
82052
43712
57873
2302
16714
25
115824
31102
106943
69962
19044
138534
23716
87181
49171
133206
124728
4989
125691
42
104012
148823
75475
66107
83485
20896
171088
87352
4668
13340
13147
1482
131145
9312
46305
57995
122546
88511
114559
1021
9605
40325
81461
67553
66851
29607
47090
149563
94702
1332
114023
52670
115172
49028
275
80558
109421
1444
20
8742
144
39344
116563
35679
58117
13015
39800
1024
170115
168250
20592
137002
139441
7482
182683
69838
55949
1722
110111
88931
930
14148
3270
8001
61135
120861
1122
51407
194944
65380
114569
48085
3060
32116
23044
841
103830
106698
58662
127327
96219
112027
132991
39596
94100
51877
131312
144
2116
47292
115391
99919
20336
114834
14042
85935
11143
117069
60300
38479
184962
105731
32957
153659
136655
95883
80718
16782
4587
870
179371
132786
140280
34432
115895
117868
5186
164144
4711
78673
16
130770
58249
94105
178683
9506
125638
164752
105681
53622
104277
72900
2809
87431
1089
83141
188163
55992
106321
240
70065
17437
137145
30102
50090
18638
93369
8237
90
98470
99333
123239
1122
30099
10609
59296
15567
117545
34745
1444
95723
1309
38822
86891
167247
30800
129283
118575
20736
47293
115161
9645
133294
2557
23646
18775
151553
78297
29412
48975
34705
152305
73588
97840
13924
27539
27422
90973
96915
43264
130119
118694
11830
506
58953
62141
2037
43562
23241
40673
169
7225
21609
115106
12424
2573
136216
2070
89302
147408
55225
43353
600
25600
3306
22500
16277
10506
112495
126
54395
39882
5329
7093
129111
992
82188
84664
9604
18687
80327
43403
134943
1722
1190
62360
21025
89469
2988
48767
11025
96365
10537
96760
11215
54553
22789
158237
2209
342
125792
110779
4381
66246
43209
122170
92315
69815
27856
506
61803
64849
1980
83935
118822
50622
14419
12
88899
67458
24533
78749
5423
147800
484
192523
51113
124400
98013
146789
136552
15006
25600
122144
14762
1722
139648
112696
98437
137780
226
72612
20880
17030
6889
107849
149677
8555
162609
4825
142877
10816
91221
1296
108379
91841
37899
32400
3900
107223
32873
992
73441
139200
122744
138775
93384
506
16
82661
11428
60928
9207
3481
40779
128719
1024
86723
23249
46761
94495
148727
64363
5402
161477
167568
66238
45669
12
76528
153651
42177
5840
11611
57420
13110
191487
63579
141068
71164
14206
68928
150075
108910
69870
100
18723
143720
97960
163735
43890
57423
136860
1833
155431
41161
23104
21462
129286
44102
11804
100631
5256
18852
2652
9
28507
114109
25600
19307
900
1816
6320
99134
69413
24963
91965
23716
17746
13110
1764
1521
156
178328
34525
57445
15761
130541
141364
25834
17400
7218
110305
133425
186017
32266
71958
1031
5867
50258
117916
342
6753
16770
164767
19600
193056
91280
5577
22650
39889
86764
29756
79886
53639
8353
112820
51988
93905
15129
5458
69537
113339
59647
171930
900
178010
16302
14762
28391
64565
126822
1260
13901
50320
76319
441
22689
29584
49283
83184
25497
37242
26372
576
10931
2070
2401
152661
6400
47603
2088
92888
110977
140902
116588
21730
105382
8639
3868
4489
147912
81344
99451
20306
32768
110586
6162
94474
129695
15449
9
137490
56
39444
130596
64
134547
92926
60555
5195
12
40561
23409
83413
11556
11065
73443
3249
5476
7921
81206
184424
20452
82621
13806
41935
8372
97222
49306
576
42688
116251
115264
113464
34888
68295
42633
104574
8836
124003
4698
60520
1722
108087
136335
5929
17556
2401
27309
89071
121458
75091
57577
129026
91551
99744
144879
73243
12406
52827
35787
110781
5053
7423
133725
69668
160746
11989
8010
50848
164643
185733
223161
65483
144240
12544
34700
142874
80764
59358
2209
22052
77157
27390
55810
14466
6603
78135
29072
23932
99215
5066
3342
900
29761
121721
176568
196141
20449
10432
51733
97920
32400
105489
180265
120398
181863
78354
756
84599
35101
4
8241
152237
31301
145415
35204
79542
30806
9541
16512
112291
189472
94951
99236
43954
140718
1481
31025
131416
111479
88046
83821
58668
119497
12
3969
30
272
83788
49
66265
69696
13377
96771
58341
42496
8930
108590
70484
20022
8836
6982
19156
58702
86229
13968
119404
137552
600
62070
6796
62750
108219
342
99544
38973
16002
148472
13340
51146
84052
200474
22670
132636
34805
165384
148236
119049
37512
14281
149694
2862
72947
38416
85446
33812
14953
87293
47077
59049
49220
60465
71918
2837
18496
153564
54151
73818
135413
132
4556
109333
4046
139377
16002
24059
741
116891
55713
84740
76490
123044
74320
4407
128390
529
127450
73878
57797
147262
68408
3192
115888
6561
484
50340
122099
95079
64473
1560
22672
91934
199024
552
4830
55952
39436
6259
42507
48609
4384
73615
34596
69169
126981
10359
29070
2702
3080
78360
5113
169
52749
47439
131623
48576
15876
117663
149088
118937
23491
40165
85677
80559
2236
100945
93231
11664
17455
15252
59094
130009
112360
35597
45156
84207
119880
97182
96135
5610
2970
39130
20449
5550
126474
6806
99215
1260
58325
73475
90768
1952
42126
39747
4055
46621
102640
135834
4762
7140
91517
29929
107095
41702
7851
57036
2256
62331
1296
63484
107250
155281
885
11449
5112
80370
12
5550
43565
16323
81219
99619
9216
35774
90012
99436
17822
1156
88560
55432
5476
28742
18583
182
12091
66564
13572
380
19600
2704
47664
128874
111855
77309
127394
35243
65162
22263
272
26024
67351
23591
42269
147760
4489
64940
109905
13340
147078
24649
31506
10588
48481
22801
157937
13924
59999
163795
29671
17027
15205
153764
107904
178605
1482
20654
172923
35448
57255
88248
51984
600
63594
32012
47503
104233
78629
15972
54238
43472
94745
102011
171150
116136
14092
16599
115102
930
118659
117156
21322
122990
28924
13689
56689
35156
25471
148664
86919
52419
41155
117853
32041
77985
165557
49365
185736
10460
35072
25600
115995
99474
40225
13798
88885
225
67601
111925
190523
146604
930
107880
115655
3025
195709
43440
152416
29412
80746
133304
37568
87527
112872
51883
11262
218847
87289
34894
120040
35156
1925
115822
17325
43023
169
21094
1521
108420
136351
86155
69597
82893
99585
3080
32797
124477
15006
2916
113905
69117
89983
27688
27624
142114
2652
28900
14400
183170
33334
79850
98466
145080
138596
99101
39724
87161
90969
2
625
15852
84271
2082
5700
17206
11026
7482
72134
9025
12297
49963
214615
81605
24333
4029
21519
146356
84632
24492
4422
1949
3080
170397
161905
66021
13689
40722
86887
152878
131033
132735
24010
81161
148363
118354
178800
3025
6889
40101
2970
124710
81354
35344
96412
19321
139368
85577
961
5256
42
1122
50651
39867
106745
26732
116248
47501
163344
7396
92135
144060
1980
3721
31684
6651
163008
2256
81651
64052
66306
107704
160419
12245
48185
180819
8282
4602
134869
21547
3540
2260
2500
23409
128024
1936
5250
9025
143713
124009
19668
930
64696
2916
10816
36119
125087
130389
9506
73224
256
6758
6724
117855
64964
88953
184292
6427
117008
68883
107893
135294
80164
157964
117420
84658
21609
93749
48251
18922
181083
5680
56239
55186
12421
17017
144565
1560
91475
102396
2970
22801
98583
48527
156774
7832
36450
61217
38220
1024
134647
81549
90321
3969
23484
115786
97223
49506
162350
35513
17292
119888
90377
94367
29289
32324
3721
96629
4624
89707
99063
72362
84644
821
95855
123497
63655
96275
75263
64209
112589
7961
36902
64
45239
119823
3025
62637
78097
4970
41517
2070
119522
104276
54221
101397
78223
176737
40177
1269
160670
147949
120690
37035
8281
165280
4489
76789
15672
70500
1600
74706
83664
77277
45971
51125
52741
18653
50259
11990
3080
17347
4692
105836
50711
49480
14762
27099
85762
170744
44395
65474
10299
42
207713
49499
82844
119465
32618
161297
8054
108167
9025
110448
66629
17030
10629
1122
20229
34888
204375
7056
127033
12435
70098
75943
871
23392
14520
31566
43270
870
67153
25247
992
206620
17689
15750
127813
42925
76947
22117
124869
79598
41820
13456
17757
84907
2829
74677
44352
4096
129659
161871
141242
75142
48140
13402
6806
29412
42582
106779
13225
49812
39636
109236
3782
95035
83415
49117
169
29344
153095
23139
39333
42375
145970
81624
53928
80268
52338
119296
25921
78673
99031
44411
83111
20078
76259
111277
12432
16711
192800
102984
85133
131051
77827
98983
54615
7937
106824
141542
155286
104644
50566
6
128980
18755
60827
122939
121
92904
109689
82081
82710
124131
205053
64737
16512
53213
7656
124216
22201
137179
101921
88301
34954
126005
143909
103257
85415
67303
116524
506
41520
47129
29033
72561
20747
50958
156945
94025
225
25425
133006
179833
57933
8836
158995
57138
676
13845
465
118804
81
31684
4719
12333
91673
187901
154637
16090
22052
115873
1089
96919
2916
25147
124834
128464
3481
19933
117869
135809
63585
35331
6
52744
115807
89342
729
4096
30632
7431
66977
81
89685
121480
33824
11261
88469
56089
91408
17778
38524
600
47017
90030
58064
85681
82345
118839
41788
870
132104
160324
1444
385
62252
120694
1681
115989
306
111695
2183
129482
110388
51622
70285
50626
9120
67193
5653
20931
28579
7875
4412
103723
59991
79173
57832
81921
51909
99141
135638
52039
131241
97237
85760
60544
69847
91724
4206
16993
107245
67967
19171
189884
63579
147444
101647
79070
1482
22500
100411
92581
6084
36672
95813
10848
870
19924
2401
35780
98979
7146
2070
45582
6360
6839
62332
92383
306
26050
89989
773
105983
50158
147243
36109
154627
30404
80005
35369
77869
23621
7119
35581
116255
63159
128119
106969
24920
118152
12656
21789
3789
26896
90781
1089
37404
15773
99255
110704
89729
10201
157551
127479
24116
2450
342
138379
62773
150626
5158
31433
189020
35854
176223
70060
86280
184765
16002
16512
21378
14812
32041
169274
2070
2209
77236
342
63868
102218
11025
5402
5329
117104
27637
210
40407
37245
12769
39177
54368
69100
14399
8190
123162
80889
28533
189843
54121
109119
10552
118002
122540
83901
24096
45144
53298
39673
131664
53192
2862
48648
116270
177479
28077
4833
24649
143580
66233
36010
116432
361
141063
2450
9778
17432
40401
42515
117396
102153
76422
9801
178351
133098
52771
6006
174972
48277
135280
289
1406
119002
224
119399
121363
140765
22558
71238
61686
2401
28819
144591
30541
206720
57509
63827
21730
123861
110815
52501
127903
119343
161488
121765
55292
154845
15929
206523
95219
97731
87489
36530
50081
88964
76109
35917
76462
218072
25317
51222
39164
47321
157893
90704
76099
35409
69384
176943
1444
1936
74493
8659
5912
107195
6400
8649
361
27050
81231
28347
15500
88819
114259
21795
72458
72037
128908
116919
158849
3364
168532
87256
77731
70208
2970
39276
43915
187598
144920
96596
3249
57354
79015
144
85148
10019
31752
110
146242
729
5776
136680
8649
4830
135022
24951
28730
33979
108695
136058
21033
34821
78895
44082
60561
79918
84246
100443
35097
54603
85860
97782
38246
462
676
156425
600
69699
31329
6889
8673
50850
2970
289
186789
42823
2256
40528
11025
10864
12321
23870
100601
43441
6400
36199
118064
141392
11933
61080
119145
124128
149680
149377
108367
7551
9321
51529
14560
50417
64304
71315
576
110049
1980
79543
125730
53144
3523
186290
67870
68458
90810
50607
5929
128702
2601
46872
36243
130685
181994
1722
240
89107
115970
55628
24883
4900
74730
39816
37818
99412
85168
124956
86115
3680
20531
3080
141320
63981
71775
15963
39694
38416
113731
73830
4830
7832
25281
22052
841
50104
148280
111412
90652
121149
127428
240
4429
76756
14884
179772
38959
2450
28056
45959
164226
136078
91264
101417
2953
158381
119011
86925
4761
8649
93367
193179
36378
51420
136574
7569
44745
1640
8327
28512
61485
10000
42164
2
35046
189944
66671
12882
48152
146542
74502
67607
27157
73024
812
117190
41635
88740
109698
67854
133609
4624
56
99116
2359
40212
86285
53204
67842
108873
149640
57353
1444
7744
8716
20656
26635
55315
114274
3026
88647
1315
173
26244
172987
166766
13745
9837
29929
15625
145599
1406
148600
26923
96702
15750
5476
2230
66396
25191
39402
4624
54990
115130
240
105457
18496
144475
66358
27556
21728
66260
72
7552
30858
6084
100
109979
77517
23990
36869
75319
134319
182182
13340
87410
1681
180796
143883
78166
4624
441
63173
57104
5112
122118
115793
30333
213941
484
138346
9801
30784
28979
1521
109027
26244
128274
5356
149085
34040
2036
117174
64
93073
71281
8742
73697
12432
3721
61097
1156
69394
28885
132795
64901
112779
96813
126664
47647
992
86311
124865
120121
32041
114233
57412
1089
171285
37803
30738
33037
43281
46327
54294
114587
18319
153183
121942
205388
192
98001
53648
1482
157873
143700
73351
44154
49809
28277
4692
306
77236
34969
166931
132929
72717
19859
23019
120764
25
120255
167582
52728
120114
140159
173966
74938
81871
14520
11556
122937
152124
2500
14784
58698
12882
53147
2916
1024
36159
119391
74262
142384
11342
2116
25899
45853
111987
112291
17292
4373
34040
8704
78559
41188
102527
108800
65148
56210
85831
106018
70141
59545
93561
132724
7921
72811
112624
6
20411
132
32775
4422
41232
48564
5184
2209
31329
71166
70752
3792
132861
21316
115328
17926
128477
2352
46785
19745
29980
26728
80772
600
2056
165879
552
149080
172156
173110
96101
19600
2550
66690
80255
152177
137796
5184
103882
187191
27604
2704
11520
126192
4263
8372
91206
113391
10676
18322
59149
79939
31104
83736
39172
48581
55942
40464
95497
78589
22688
67213
18632
45542
129120
41511
81345
110779
113736
8930
165298
25541
11795
52439
13576
78127
77880
8190
92109
4225
45205
184019
4
38041
114551
37758
144879
5853
98248
927
45585
6561
105660
33292
342
53980
17556
26427
85845
13456
151445
3481
33883
105852
189712
77190
32893
11990
141484
44606
59264
406
617
49707
79825
2352
58421
6
126770
10619
109557
883
76865
84379
89778
793
40203
109179
18291
37811
10423
54227
33112
168476
61952
9918
110524
104420
67981
1892
98632
81
189784
100551
86049
112305
1369
22614
82311
7832
126433
113165
120222
65320
36664
5476
91892
108095
67183
8564
40804
150259
45796
65469
14884
120132
187718
8464
104692
37784
27766
10799
178022
132784
121818
58303
44722
196
94923
10506
39029
122028
11236
77081
121341
105377
2216
11342
31235
1418
35283
40679
2162
19618
6400
177765
4315
43890
3601
16076
72
129971
114589
107110
1225
9581
3306
4761
69072
73145
154689
2970
125184
3540
59413
114750
27038
46597
4225
42
10205
86089
3844
33299
100823
69709
70905
69227
143540
21904
4160
94865
24136
4692
16681
34040
39441
7612
83350
117498
18132
148332
31088
46327
86155
10949
116015
89537
88320
117097
78689
17061
107363
72206
126654
47536
14861
117751
79222
114656
11584
11025
17332
77109
104811
40609
24964
36
77864
78679
16641
23569
75250
5476
39845
1681
106039
36
54419
26429
22357
272
210408
11772
201578
5112
616
16453
77375
187906
85486
83273
48835
8500
80177
71797
191396
152858
24025
784
105724
7965
126771
95582
7656
97942
1657
98700
28878
20449
116430
7310
85271
34045
20472
10718
2649
159491
32220
13473
86258
6806
43553
159507
8742
43785
5361
46593
169748
5929
70390
6156
21862
13290
2450
102666
124903
72356
62104
38739
1681
1980
57377
5184
75879
93659
16002
109426
96106
86871
80889
191154
1764
812
11752
211605
48722
27687
33762
41161
108638
21730
110611
122725
72
51011
10597
37803
33757
80104
8656
118777
143799
22052
441
6
9527
19041
59098
122600
101121
82404
94944
40339
87883
32761
2704
870
1122
140220
94955
84020
109424
68221
157947
139810
22801
55640
15058
188163
15509
6949
78730
1190
33327
1444
167681
25122
45864
163479
78543
37899
4225
154434
185190
48297
40860
118877
90345
87319
193720
62803
65064
12827
36727
80579
65940
5852
127792
86677
57822
17270
38344
159132
140679
6062
27060
31321
5550
14762
171435
84099
20043
11881
50531
40432
7893
141694
57666
84073
9216
53293
1700
87182
85821
15058
14068
24496
83929
59442
5112
145090
7335
121855
1489
117718
167804
11728
29777
8996
7275
90613
45437
11743
30502
1600
50683
34484
28213
10404
13009
24720
26197
115202
60842
117902
110871
174595
22743
73769
9900
34103
7753
18090
44334
96227
306
41931
144456
5781
8319
67349
44347
18517
66135
25281
191854
86403
6914
104523
121197
1444
28615
113385
118090
7921
19881
44731
3912
729
10920
60003
119874
2352
16512
198024
4459
79440
159871
46628
125035
89315
9033
154426
63605
52671
90231
5776
76477
96777
12882
62077
202780
40411
99981
101439
84781
83273
15635
158278
8001
197758
1157
24710
43770
41640
146356
67024
153884
58669
117924
103469
129434
36726
88048
96620
10506
36601
54522
46010
159833
7589
72777
92465
106660
117916
9506
43496
506
25944
7056
870
35219
62766
20536
107988
1296
79723
23917
67422
45000
2661
19445
52212
106000
6677
16256
145745
634
89288
61861
31848
992
98694
169
123252
93105
2450
26406
16846
89511
58753
11821
125823
34410
16172
17424
992
49284
52595
60869
86260
3906
125847
83597
85543
127574
122859
90360
54376
125436
111572
11413
13456
552
134409
136930
84728
922
104333
10506
145124
204050
159718
7140
2960
11772
90
11025
58791
136196
7140
27501
28444
34797
20748
15705
12486
5651
114330
120913
55737
23443
171729
21501
119361
90883
12388
11227
2455
82220
324
3540
11772
6560
14763
76
132404
99786
91575
124832
16013
27202
24965
7842
149646
17737
24569
14161
21375
67572
49142
2601
136360
59508
48842
25755
87953
127804
140181
122035
9
136290
102300
3988
12769
107330
73583
135485
13456
58528
75552
7656
4761
95484
168139
58710
103115
111150
56211
67883
72722
7744
110373
51336
16925
144
59149
91290
69761
48600
64466
35812
69655
79482
120937
57480
38269
19321
649
39918
24964
101501
20085
7569
87673
121120
33629
6162
204182
28693
61152
186410
93780
169608
107034
15086
13689
180648
9
55025
189072
3197
13138
64422
80081
96151
70381
23256
52468
3660
44310
2592
44110
123299
60793
13456
177140
45582
105705
115820
78199
66243
132067
106838
74675
87664
85977
22707
77257
64961
21552
9801
5476
900
140151
47336
12432
292
18
36481
5776
163266
6724
14477
62265
8988
67329
15839
28638
54309
11215
121
576
4290
105718
12440
156559
80325
135255
1025
32724
52132
132369
46111
26769
3721
5207
1406
72068
50372
9604
103612
191189
41209
111661
41255
52757
32912
109601
5628
98535
34645
53844
17511
159423
34295
841
151685
83949
91881
26406
1220
37740
48625
190814
6452
6972
5929
1849
87544
35822
15252
80485
164279
101769
27889
112060
115191
44551
202404
42569
142005
1560
121438
89677
27722
12
51344
32298
77639
9506
112190
14488
152511
27187
111625
90699
18813
103457
10273
89868
8742
65104
92649
71625
47752
88644
117219
41386
21756
156762
10056
70854
35344
25942
43993
812
28746
79315
15027
12656
182
156150
44655
117356
97473
42
13228
127322
19600
127037
68701
11130
42032
4268
94688
12
62862
11556
27338
73381
10569
60135
150619
72749
72160
42620
11556
18775
47495
24336
56367
55831
100740
48176
5943
83223
112193
116104
75200
49975
116995
127310
12948
104768
12
107745
38902
115773
56151
97816
81171
107873
5889
7541
8190
39700
105243
38992
43048
79117
4900
23671
132072
103579
443
120436
478
45957
8392
159918
178979
1089
175687
93103
2916
870
110
42069
2946
23673
14291
90237
99641
161621
39752
4539
68242
76109
122969
9900
143832
164929
211335
83595
1986
120370
104997
19981
134770
86439
108486
240
162265
55850
72212
107185
121868
2601
393
119283
121258
152620
55799
130443
51260
36674
53341
1444
32743
81686
12799
140097
39602
7225
77595
26896
122596
5700
40823
56285
65841
127731
41872
552
145514
97945
25947
191583
21131
147945
7396
110453
26193
102407
151698
13237
1785
85156
69012
71791
28384
41019
37272
90352
110651
25
30285
20676
210
21904
21863
68399
33461
39005
69185
25972
81
676
135871
17389
79700
141778
9239
46663
169
81844
17822
28219
1190
104367
3660
63197
185608
51109
26551
109069
32862
134376
119944
210
152784
39518
119771
29285
62657
15386
143081
107724
129228
3969
41777
126389
22507
14671
121265
46139
17128
93119
16384
191891
118879
25873
44732
41639
96239
137288
52040
45808
21043
11556
119952
25146
98155
14093
9216
12100
1640
44058
69903
25589
47179
62508
76849
6084
79775
86952
2500
41961
3600
6889
20881
155303
67637
221546
80443
164524
20481
95639
24806
16594
93922
17826
188323
137365
44586
3706
119792
180067
38220
14394
5340
126514
13897
25669
37020
183459
1062
13687
135436
12882
3364
147897
130674
2601
2025
225
1332
5483
27784
3388
25523
138405
73676
149144
7310
39402
19600
147374
103991
99566
72138
3136
4422
141572
6695
40804
115702
118236
199289
83705
26943
16067
63713
126926
