1059240
29646
61075
62128
515620
126756
848253
141778
387640
858705
596778
19110
414505
141246
100128
33411
357435
902496
67896
365085
25200
843051
930930
731445
605550
4095
23220
36
22578
258121
139128
158203
530965
8646
1275
741153
94830
50721
91806
803278
18915
260281
824970
773146
1658931
65341
101475
3003
1485
58653
34453
134421
3160
48828
1830
159330
589155
611065
746031
123753
6555
625521
55
692076
600060
39903
422740
820
85078
465
144991
5050
7381
20503
1352190
348195
312445
1191196
226128
65341
70876
1581531
502503
13695
120
482653
763230
546535
363378
1583310
3486
25425
55
752151
231
482653
153735
18336
37128
16836
567645
575128
474825
9316
333336
46971
644680
419070
1367031
1023165
490545
78
1272810
600060
24976
8001
98346
330891
476776
902496
764466
1011753
16653
31375
116403
140715
1035
345696
703
167331
315615
1194285
982101
57630
540280
145530
222111
11026
46056
210925
103740
125751
39621
446985
116403
913276
285390
155961
272691
144991
918690
5565
540280
21321
165600
409060
71631
1430586
11476
523776
55611
105111
754606
110685
1046181
61075
3741
979300
247456
285390
65341
51360
5995
12403
724206
228826
2775
157641
408156
90951
584821
304590
299151
1410360
17205
258840
11175
36856
1296855
371091
1378
48828
1537381
533028
96141
816003
22578
4005
158203
14365
134940
186966
451725
612171
30628
841753
132355
2628
9591
5253
217470
2628
292230
935028
160461
43956
161596
1401975
714610
84666
52650
775635
381501
54285
717003
1253736
16836
612171
917335
4371
29890
630
133903
192510
1127251
69378
115921
6670
41616
178503
743590
150975
819840
336610
183315
163878
244650
1084128
50403
370230
61075
1352190
636756
1511191
32131
1078246
212878
68635
53301
21528
5460
156520
190036
55945
148785
115440
50403
54285
137026
437580
699153
32385
90100
16290
240471
75466
435
274911
528
617716
36315
738720
914628
451725
74691
345696
42486
224785
3570
115921
81003
1717731
3081
1691880
272691
379756
369370
16471
223446
149878
21321
10296
990
300
307720
51360
196878
74691
131328
275653
83845
1191196
1128
800745
1057785
408156
326028
1350546
1287210
476776
184528
368511
116403
352380
22578
922761
406
14878
36585
191890
279378
13861
455535
69751
363378
15225
116886
852165
835278
193131
37401
8128
56953
559153
459361
95703
1596
160461
59685
120
317206
22791
241860
30135
1180416
37128
643545
6216
849556
1128
77815
9316
23436
4753
53956
861328
143916
31626
312445
428275
73536
154846
82215
106491
961191
1653
7021
1560261
1390278
216811
77421
534061
552826
726615
1206681
26565
46971
384126
26796
88410
12246
1471470
154290
9453
369370
1405326
293761
14028
37950
243951
148240
153181
408156
96580
57970
185136
760761
142311
552826
1547920
143380
72390
198765
1326
278631
269011
390286
210276
258840
140715
468028
100128
820
5671
285390
1445850
539241
52975
43956
164451
425503
162735
131841
258840
1017451
118341
77028
179700
664128
206403
182106
1013176
651511
857395
283128
511566
708645
21945
301476
498501
517653
12246
64980
19110
483636
167331
13861
794430
19900
712221
104653
74305
34191
7260
1067991
1119756
1931595
458403
666
563391
2850
179700
666
273430
385881
74305
157080
515620
548628
333336
534061
241165
528
151525
281625
47586
61075
564453
16290
278631
76636
666
1248990
1428895
7140
15051
79800
11935
15400
40186
50403
179101
253828
93096
759528
294528
289180
149331
12720
385003
1160526
163306
31375
3240
41041
432915
980700
214185
287661
8646
15931
382375
657231
819840
858705
827541
731445
217470
44551
28920
1072380
83436
141778
164451
283881
780
339076
413595
76245
237016
141778
2415
240471
362526
5886
1236378
338253
152628
34980
24531
448878
207046
1008910
54946
5671
6216
503506
72771
706266
147696
307720
351541
28203
613278
1953
768180
176715
27261
1303305
37128
623286
645816
23436
19900
547581
2850
119316
45753
718201
1124250
11026
283881
71631
231
191271
34191
930930
431056
78606
512578
209628
43660
3
965355
19306
57630
362526
240471
12561
120786
11026
131328
397386
318801
294528
1121253
3321
151525
27028
1830
804546
105
136
1653
20503
1118260
303031
1225
982101
38503
425503
649230
313236
1432278
360825
39621
290703
1067991
449826
479710
2415
241860
13861
1459486
166753
175528
1063611
448878
1066530
89676
78606
93096
408156
1355481
224785
180300
222111
1539135
1770
539241
490545
108345
421821
5565
1040403
3916
50721
155403
237016
574056
348195
170820
468028
1386945
171405
1753128
619941
84666
31125
538203
195000
535095
305371
9453
127260
35778
387640
121771
159330
190
216153
74305
19306
705078
52975
3240
8515
630
899811
354061
4005
332520
53956
696790
206403
61776
902496
572985
1485
62481
42486
5565
101926
280875
790653
43071
5995
521731
553878
5778
9453
55611
512578
11026
154846
155403
15
508536
411778
302253
90525
614386
506521
469965
280875
47586
1540
62835
354903
914628
25200
30628
1365378
222111
903
19503
2556
24753
16110
156520
35778
69006
2016
185745
271953
16110
289180
43660
405450
64620
17205
1326
1345620
232903
29161
406
789396
341551
649230
378
15753
615495
1010331
269745
666
5778
16290
46360
314821
64261
396495
1128
1104841
1375311
26335
31878
108811
5995
15931
1090026
502503
246051
134421
25878
45
686206
110685
142311
234270
1631721
7381
1269621
915981
2926
612171
466095
27966
1711
226801
45
283881
511566
419986
70125
133386
25425
258121
929566
66430
174936
3741
90100
695610
780
29403
192510
2775
542361
80200
3
210
4095
68635
228826
630
142845
220780
1211346
150426
20100
36046
861
1485
92235
713415
11026
21945
57970
589155
186966
688551
287661
387640
148785
190036
459361
1192740
423660
304590
34191
129795
70500
406351
50403
362526
850860
26106
207046
226801
370230
356590
340725
696790
1628110
468028
672220
214185
12880
631126
984906
196251
854778
44850
1008910
86736
731445
666
1034641
45150
55278
373680
37675
19110
903840
1339066
62128
45
951510
1711
357435
182106
72390
57291
41041
26796
866586
50403
140185
1146855
37675
108345
63546
34453
197506
112101
158203
37675
3240
65703
246051
50721
535095
28441
216153
228826
330891
153
335790
50403
750925
703891
714610
435
15400
110685
49141
4095
1368685
28
147696
954271
17955
243253
665281
72390
3160
9870
470935
77028
14028
875826
1242676
8778
955653
22366
237016
2628
1563796
237705
65341
363378
115921
507528
73153
1107816
241165
65703
118341
101926
378015
461280
595686
3486
1146855
79003
111628
4753
153181
575128
435
336610
41041
23653
18336
408156
208981
210
276
148785
128271
163878
118341
18721
185745
311655
24976
713415
1231665
125751
3240
693253
129795
216153
559153
134421
173166
147153
140715
220780
578350
39060
193131
630003
619941
1176
525825
79800
349866
120
2926
23005
101475
1258491
438516
741153
3741
26796
142845
215496
1146855
675703
2556
443211
439453
862641
755835
38781
162165
368511
105
173166
29161
300700
2850
41328
921403
594595
390286
671061
1054878
1142316
1239525
222111
10878
261726
823686
212226
145530
218791
6
21115
2556
1016025
113526
49455
561270
721801
94395
4005
755835
2145
447931
57291
766941
229503
807085
7503
204480
525825
9180
3321
10011
14535
27028
633375
266815
118341
15225
75078
779376
907878
105
47278
517653
1324378
818560
93528
201930
380628
145530
195000
222111
447931
735078
423660
543403
24976
58996
799480
10440
35245
69378
220116
246051
200028
673380
36046
15051
51681
291466
8385
449826
397386
1502511
109746
1547920
332520
162165
352380
1686366
35778
1128753
1275
199396
438516
26565
306153
50721
1030330
36046
134421
27966
57630
53628
3003
911925
1106328
124251
14535
1456071
323610
3570
114481
207690
516636
2701
165025
120
32896
4278
77421
68635
612171
235641
101025
674541
50721
79800
871860
318801
524800
1197378
56280
131328
713415
45
159895
41328
27730
178503
153
1395285
257403
450775
1053426
5151
112101
654940
21736
102378
708645
22791
86320
55
402753
818560
85491
26335
1211346
77028
577275
361675
17578
287661
175528
21115
922761
1413721
2278
1185030
426426
193753
382375
1422141
738720
233586
69751
54615
560211
36585
36856
159895
286903
209628
819840
452676
563391
292995
2211
30628
143380
92235
36585
237705
178503
520710
1485
124251
187578
1664400
786885
230860
228826
127260
28203
5995
241165
61075
2850
43071
106953
963966
1415403
1638955
33930
463203
832695
554931
1266436
299925
176121
5050
1007490
528906
375411
471906
176121
616605
47586
212226
57970
238395
16653
239086
848253
78
33411
741
184528
899811
594595
220780
293761
272691
44551
707455
71631
53628
81406
68635
40186
73153
117855
195000
6670
9591
109278
1777555
19900
283128
13203
817281
51040
749700
769420
1357128
46360
64261
358281
1830
753378
46665
1574425
47278
218130
403651
181503
969528
158203
64620
862641
289941
628881
897130
621055
2850
70125
383250
63546
36856
144453
442270
325221
674541
37675
343206
150426
217470
97461
509545
3403
6903
365085
183921
349030
152628
33411
131841
451725
3403
968136
461280
477753
168490
21321
595
5460
275653
962578
780
50086
664128
3403
300
482653
4465
21736
3
476776
1637145
14706
271953
297606
695610
263901
676866
171991
675703
314821
166176
134940
11781
21321
420903
92665
1176
165600
153735
131328
266815
15753
263175
22578
1020306
300
87571
41905
708645
6555
7875
351541
244650
16110
171
1260078
316410
189420
140185
9870
162165
630
303810
112575
362526
245350
235641
68265
1200475
283881
1594005
1533876
15576
5565
752151
1420455
30876
21
1128
188805
948753
409965
1277601
240471
295296
378885
186966
370230
26565
310866
729028
278631
948753
43956
34716
95703
1840321
99235
216153
5671
202566
190
80601
50403
3321
642411
724206
470935
180300
804546
447931
529935
254541
75855
188191
989121
30628
266085
112101
36
210276
630
23220
354903
37128
1100386
116886
3828
310866
709836
62128
167910
64620
301476
63190
100128
1222266
34191
989121
481671
569778
848253
1544403
113050
110215
681528
226801
1007490
349030
9316
421821
299925
1485
6
598965
267546
1440753
46056
208981
754606
13203
9180
27966
103740
359976
1160526
39340
1371996
791911
20503
203203
72771
137026
1604736
527878
8001
206403
950131
473851
493521
616605
1258491
1596
261726
37675
748476
18528
244650
289180
6903
1146855
4005
36315
215496
23436
437580
57970
437580
1003236
18915
36315
267546
998991
73153
363378
45451
269011
80200
1755001
520710
2701
303031
118341
224115
83436
128271
1468041
64261
385881
62835
135981
858705
618828
296065
78
596778
7875
536130
120786
1502511
16471
90525
230181
186355
4186
64980
29403
1314631
6786
420903
952890
21736
692076
165600
14878
22791
50721
118341
559153
224785
1953
145530
272691
162165
162735
29646
182710
664128
1226961
791911
333336
15931
700336
209628
1067991
20100
660675
404550
1596
275653
384126
174936
593505
412686
1082656
1882770
15576
208335
57630
64261
146611
31626
155961
1476621
362526
171
462241
311655
90951
66
509545
155961
344865
180901
720600
1081
117370
267546
392941
59340
493521
238395
39621
13041
769420
602253
233586
15753
156520
866586
190653
3240
387640
10296
97461
18145
30876
142311
10
78210
477753
32131
328455
393828
555985
1130256
93528
21
365085
98346
2211
266815
16836
2278
15400
21736
1128
881128
1070916
206403
869221
171405
41616
24090
604450
96141
424581
741153
930930
500500
238395
793170
55611
465
32385
50721
31125
339076
3486
104196
1319500
261726
255970
1497315
637885
41041
45451
116403
9316
93096
5460
148240
115440
146611
328455
205120
528
21528
66795
84666
501501
827541
20706
354061
43956
759528
57291
32385
27966
1378630
58996
511566
155961
415416
130816
87571
90525
28920
1194285
1079715
28203
246753
190036
10296
31375
543403
5778
465130
666
195625
319600
76636
10731
198765
323610
187578
711028
5886
128271
525825
562330
905185
1176
1953
18145
197506
101926
13695
77028
800745
161596
1554966
65341
231
9730
80200
998991
1329265
1830
103740
378015
66066
84666
946000
889111
693253
32896
185136
15576
34453
1194285
1891
83436
318003
442270
255255
423660
631126
11781
8256
3081
32385
21
37401
29161
504510
8256
281625
1439056
278631
3160
235641
174345
547581
413595
27028
280126
5050
8646
492528
17205
951510
456490
561
3570
200661
36046
81810
4465
41905
388521
95266
504510
14365
65341
807085
1319500
9453
29161
291466
5356
6903
788140
192510
4005
90951
534061
216811
27495
400065
311655
112575
1711
25425
746031
256686
624403
2080
1056331
125250
28441
2485
852165
243253
1203576
318801
85905
61075
7021
146070
97020
156520
508536
14706
241165
78
81406
741
737505
738720
287661
53301
2211
761995
776881
14365
80601
132870
22366
1512930
321201
10153
419070
858705
761995
21736
846951
391170
314028
830116
226128
43365
42778
3655
256686
17391
199396
241165
92665
1407003
130305
276
40470
326028
517653
345696
302253
2775
355746
1231665
376278
966745
648091
453628
141246
794430
525825
1923741
875826
1244253
1473186
273430
80200
1368685
229503
198765
1202025
48516
5995
179101
28680
98790
52326
4753
5253
1081
63546
50086
205761
129795
8385
195000
581581
6670
167910
183921
384126
327645
1412040
106953
17205
28680
174936
597871
55
713415
537166
3321
66066
415416
12246
174345
601156
66430
394716
14028
6105
60378
196251
2346
179700
272691
45150
141246
190
613278
628881
1540
601156
961191
237705
30628
34453
124750
409060
516636
23436
154290
1311390
336610
249571
248865
361675
15
53956
130305
562330
461280
650370
1770
406
666435
914628
107880
723003
208335
308505
1425516
393828
1969120
272691
104196
106491
627760
630
419986
310866
27966
1036080
1375311
798216
650370
94395
313236
536130
53956
47586
565516
71631
4005
112101
56616
1407003
104653
5356
333336
803278
95266
355746
434778
351541
947376
237016
484620
8128
198765
258840
528
595686
88831
744810
178503
9453
5253
385881
3486
378015
121278
681528
194376
2628
186355
501501
185136
493521
1159003
37401
1116765
1314631
14196
293761
28203
1493856
96580
517653
676866
289941
216811
712221
574056
508536
334153
257403
102378
374545
11026
4186
519690
222778
817281
1708476
156520
389403
152628
201930
35245
390286
54946
4186
116886
780
60726
21736
910575
123256
6105
785631
395605
21528
508536
10296
679195
840456
85905
195000
187578
136503
18528
399171
36315
160461
1261666
455535
339900
780
337431
572985
639015
1098903
74305
3240
819840
630
342378
210
408156
357435
5356
558096
226128
789396
632250
837865
707455
19900
128778
17955
555985
430128
359976
97903
606651
41905
207046
593505
653796
528
142311
846951
3655
31125
343206
160461
158203
393828
122265
77028
183315
1347261
231
55
421821
22366
932295
504510
191890
11476
51360
744810
346528
43071
24310
703
1014600
60378
1222266
517653
44551
837865
1100386
723003
286146
1391946
475800
99235
7021
1003236
10011
265356
1594005
31878
337431
89676
724206
332520
74305
727821
495510
63190
622170
604450
688551
613278
385881
95703
303810
6441
549676
8001
23653
442270
24531
3916
3081
288420
90525
998991
3321
72390
601156
4186
29161
136503
42195
13366
27495
97020
1104841
104196
531996
503506
793170
359128
443211
4753
137550
561
13861
946
6105
539241
216811
89253
297606
20910
129286
780
70500
220116
1121253
705078
447931
1599366
860016
59685
8911
146611
191271
332520
431985
270480
176715
153
780
1220703
17205
58653
62481
520710
7503
920046
25878
1497315
243951
28441
2016
100576
266815
384126
580503
371953
325221
73920
220780
66
304590
34191
17205
189420
721801
8256
4753
3240
26335
16471
289180
27730
30876
253
990
1241100
180901
551775
66
592416
799480
104653
28203
264628
339076
23220
263901
662976
10585
400960
316410
1711
303810
174936
157641
820
7381
2278
190
694431
217470
1540
34716
874503
449826
315615
1178880
369370
130816
109746
173166
602253
4095
6441
271216
60031
467061
1717731
245350
8001
8778
28
387640
60378
642411
158766
147696
468028
341551
135460
659526
1340703
269745
453628
420903
331705
1067991
1830
1653
327645
98346
415416
535095
73536
461280
166176
27028
431985
2485
337431
69378
702705
303031
7021
92665
776881
2145
46056
861
460320
1546161
889111
224785
506521
143916
126253
29646
44850
250986
198135
61425
758296
1
331705
1056331
459361
564453
39060
220780
385003
882456
994755
188805
71253
1043290
106953
678030
706266
36
5050
15931
354061
358281
1711
274170
2278
857395
52650
666
778128
1148370
36856
983503
329266
962578
4851
190
4950
918690
57630
412686
316410
316410
53628
16836
168490
255255
1431
361675
228150
370230
19306
5253
398278
54285
410871
40186
348195
694431
637885
433846
563391
28920
131328
375411
361675
27495
1830
65703
185745
176121
2775
303031
78
121278
230860
615495
196878
37950
2701
1197378
178503
1026028
820
66430
118341
1355481
267546
1308153
592416
40470
49770
60726
423660
243951
326836
81810
14196
54285
67161
135981
91378
475800
10
31125
1100386
124750
116886
274170
110685
129286
612171
35778
406
630
47895
448878
163306
92665
135981
32640
1355481
169653
409060
1225
202566
1311390
141246
4656
128778
548628
264628
752151
3240
915981
13041
300700
60378
524800
378885
26565
321201
111156
540280
119805
50086
86736
1172746
42195
56616
5460
277140
112101
941878
30381
112575
502503
962578
943251
11175
351
946000
1535628
3741
679195
48828
561
44551
277140
748476
15400
116886
176121
112101
6328
8911
52326
63546
8646
7503
171991
7381
29403
77815
11628
34980
145530
465
952890
234270
42195
88410
400960
6105
57291
854778
334153
135981
465
1081
142845
180901
38226
28920
989121
947376
271953
69751
540280
1906128
826255
222778
305371
17766
755835
490545
13695
81003
24976
155403
1622701
1162050
1040403
7750
78606
703
1485
197506
82215
1239525
44551
616605
150975
407253
180300
3403
205120
130305
1275
214185
253116
212878
451725
976503
39340
23220
1410360
790653
255970
712221
1311390
28203
40470
59685
192510
6
154846
112101
2278
239778
420903
53956
70500
36315
8778
60726
20503
474825
25425
66066
229503
300
29161
184528
1192740
14706
23005
563391
1226961
278631
223446
485605
8001
26106
141778
446040
16110
392941
197506
176715
67161
191271
246753
1177345
50403
159330
111156
875826
1216020
1203576
10440
541320
108345
115921
212878
15400
235641
48205
633375
69751
173166
60726
17766
149878
303031
3
131841
48516
465
544446
231540
48828
310866
8256
1172746
169653
1290421
28203
26565
53628
57291
648091
201930
403651
330891
334153
9870
66
31125
2278
5886
382375
150975
87990
426426
492528
570846
35245
133386
26796
143380
234955
979300
341551
861328
11026
764466
643545
226801
4186
280126
461280
464166
109746
416328
5460
530965
1152921
29161
1155960
765703
31125
64620
236328
73153
4095
125250
561
93961
4005
717003
125751
480690
144991
10585
54946
452676
189420
18721
25651
5253
1710325
507528
2211
147153
36
23436
1176
1082656
465
917335
1540
343206
50086
9591
333336
229503
673380
843051
34191
387640
741
25651
140185
223446
31626
351
49455
231
907878
682696
686206
105
109278
111156
2346
2016
723003
17766
1428895
510555
14196
775635
6328
299151
20301
308505
1599366
13203
232221
389403
727821
1326006
163306
255970
225456
43071
6105
853471
25651
234270
325
212878
379756
371091
171991
10440
491536
519690
848253
183315
157080
703
335790
887778
210276
486591
3403
784378
411778
1112286
422740
31626
428275
138601
505515
1237951
1290421
25200
58311
471906
4465
679195
1272810
379756
520710
688551
301476
11026
3570
875826
176121
198765
204480
27261
33153
277140
138601
78
56280
62835
303031
2926
1073845
115921
595
47586
301476
290703
338253
669903
1081
1174278
76245
991936
4465
66795
7875
61425
87153
122760
2145
6328
36046
659526
178503
184528
300
467061
49770
411778
125751
817281
307720
1830
562330
368511
274911
42195
212226
440391
162735
20100
1420455
9591
1485
174345
1035
196878
320400
87990
288420
3403
115440
104196
90951
19503
39340
30381
683865
299925
75855
625521
51360
43660
93961
58996
1745646
59685
23220
307720
40755
830116
1617301
18336
157641
3916
342378
134421
36585
6441
143380
442270
229503
1326
79003
226801
1133265
881128
23653
1480060
126253
451725
92235
31375
124251
4186
289180
46360
50403
1277601
1554966
1176
27966
36856
132355
190
416328
3916
80601
491536
278631
62128
1775670
364231
21321
367653
123256
26565
23005
143916
174345
144991
71631
1225395
890445
146070
87571
365085
40186
16836
562330
105111
542361
176715
208981
546535
123256
882456
789396
23436
148240
1053426
21
70125
6328
749700
89253
265356
3240
1891
191271
979300
642411
103285
69378
1063611
898470
982101
174936
451725
351541
8001
35245
545490
2775
24753
159330
19503
4186
63190
124251
12090
179700
690900
555985
852165
446040
108811
1326
6
124251
703
984906
27966
870540
657231
334153
386760
1540
486591
123256
217470
31375
58653
203841
3081
214185
431985
20706
354061
5565
438516
350703
369370
8385
490545
18528
181503
302253
33670
241860
224785
80200
180901
43660
233586
2211
4950
2556
97903
930930
4753
47278
292995
541320
1596
552826
26335
1563796
294528
467061
210
57630
402753
207690
635628
20301
877150
244650
68635
982101
143916
533028
6786
83028
88410
32385
817281
40755
266085
69006
1601155
80200
10731
2556
770661
164451
23005
75855
14028
55
958420
488566
980700
36585
29403
35778
91
1485
511566
665281
144991
17020
1128
739936
10731
34980
129795
4560
242556
30628
780
32385
4278
8646
506521
169071
1597578
8778
397386
437580
411778
480690
1006071
3240
40755
447931
11175
61425
180300
22578
12561
1319500
857395
858705
5886
12880
428275
26106
779376
187578
106491
10440
106953
361675
1355481
223446
1828828
15400
2080
89676
586986
198135
38503
43365
18721
1110795
285390
169071
1017451
39340
1468041
1166628
55
67528
915981
25651
419070
298378
1340703
24310
92235
388521
161596
103740
218791
6105
306153
234955
23436
271953
335790
63903
46971
253828
7021
885115
739936
106491
147153
157080
551775
176121
47586
32896
67896
954271
26106
63903
6555
277140
1217580
418155
463203
1037520
192510
306153
1047628
136503
256686
1125750
112101
351
375411
78
26335
20100
199396
9316
63190
776881
141246
148240
196878
16836
1040403
57970
22155
190653
666435
258840
5565
239086
761995
169653
47895
634501
370230
694431
43660
103740
4278
59340
6555
180901
51360
278631
204480
1053426
738720
276
11175
366796
49141
49141
534061
124750
57630
210925
314821
269011
63190
49770
226128
191271
19503
171991
107880
461280
1092981
48516
7381
87153
385881
4465
50721
36
84255
348195
641278
528906
721801
180901
13861
18528
506521
183315
358281
61425
4095
11325
1020306
45451
277885
424581
713415
120
1124250
561
23653
378015
623286
887778
444153
46360
1131760
1766260
185136
28203
91806
314821
20301
106953
10585
136503
482653
2926
454581
659526
683865
143916
634501
110685
418155
70500
584821
1155960
88410
171
326836
41328
18528
38226
26796
2211
5050
77815
60031
1098903
417241
469965
779376
1711
862641
130816
38781
869221
9591
13530
79401
359128
29403
43956
75855
571915
6441
245350
35511
706266
15225
99681
757065
29161
84666
812175
11781
1136278
201295
1053426
325221
39340
1590436
156520
41905
24531
3828
56953
102831
234955
287661
385003
3570
1084128
310078
317206
226128
13203
441330
826255
237016
216153
2628
4186
48828
1169685
946
446040
2080
36046
5050
462241
15576
531996
181503
736291
185745
824970
95266
427350
196251
10585
116403
11476
549676
131328
55945
1013176
4560
136503
3
120
112101
2145
209628
1499046
533028
910575
200661
1216020
651511
1222266
2485
291466
765703
85905
198135
10585
100576
646953
906531
621055
46971
485605
561
467061
910575
171991
1454365
95703
10153
306936
280126
8385
3741
91806
216811
63190
357435
60726
91
873181
257403
952890
188805
749700
152628
115921
563391
1081
338253
6670
217470
285390
18336
12720
596778
373680
628881
341551
354903
789396
256686
1556730
446985
575128
47278
695610
1370340
14196
171
118828
821121
150975
179700
590241
21528
142311
552826
42195
253
764466
280126
665281
2278
8128
6903
149331
314821
61075
12561
95703
161596
427350
1225
128271
93096
492528
360825
262450
374545
530965
541320
539241
90951
112575
162735
185136
216811
1309771
783126
303031
14878
3486
242556
169071
288420
2628
595
651511
624403
35778
518671
109746
8001
683865
1596
19900
39340
110685
231
853471
504510
19701
163878
125751
55
948753
1008910
860016
240471
577275
93528
84666
289180
21945
6555
305371
775635
12403
109278
120786
19701
1073845
42195
347361
399171
355746
45
48205
351
753378
630
725410
204480
18336
910575
40755
484620
76636
233586
33411
62128
820
373680
4560
63546
351
150426
1175811
870540
169653
6670
155403
27028
933661
187578
120786
808356
630003
385881
526851
1062153
20706
8515
1119756
59340
7503
72010
52326
1691880
104196
233586
2080
22578
234955
38781
528
14878
61776
73920
17205
2556
459361
8515
7750
472878
445096
230181
1385280
349866
3916
5151
134940
123753
287661
1412040
189420
1497315
3321
3160
4465
194376
218130
3486
1090026
239778
136503
288420
51681
13695
427350
27966
234270
798216
403651
910575
343206
27028
15
987715
36
16653
644680
142311
30628
1014600
221445
27730
443211
1081
668746
8646
52326
32131
130816
1020306
278631
452676
6105
16290
686206
1807851
595686
666
66066
590241
468996
265356
64261
74691
37128
188805
22366
1708476
120
540280
10011
167331
420903
403651
49770
325
17205
260281
36046
464166
2145
476776
1216020
49141
27495
289180
1447551
35511
400065
4851
55611
497503
1057785
13695
78210
86736
69006
424581
48828
121771
114960
105
344035
87571
90100
124251
1635336
264628
155403
1653
62128
258121
236328
1024596
703
424581
1231665
243951
308505
465
27730
77815
64620
693253
299925
207690
211575
941878
8515
175528
496506
232221
1457778
234955
57970
7021
165025
191890
15931
652653
10440
3081
41328
719400
1413721
55
13041
703
359128
380628
241860
253116
30135
379756
431056
391170
349866
920046
97903
343206
297606
33670
8515
330891
62835
299151
68265
108345
326028
867903
206403
280126
76245
496
78
329266
353220
197506
465130
528906
190036
15753
9316
80601
488566
336610
67896
376278
867903
709836
3403
213531
15051
1044735
169653
178503
1124250
176121
501501
1350546
826255
97020
776881
189420
118828
544446
542361
253116
38781
63546
200661
39903
157080
125751
241165
93961
528
7503
715806
60726
3570
243253
77815
15225
94395
325
350703
394716
1540
1116765
30628
12403
243951
301476
1532125
351
153
198135
1743778
368511
193131
1050525
50403
132355
1378
600060
2016
480690
253116
476776
57970
2346
38226
603351
173166
399171
726615
1044735
58311
196878
781875
36
141778
1560261
267546
3655
138601
115921
168490
5671
166753
355746
508536
44253
897130
1277601
20706
744810
200661
24976
131841
437580
1762503
131841
318801
699153
449826
69378
39621
431985
70125
660675
38781
22791
9870
703891
21115
47586
291466
229503
1081
23653
80200
370230
893116
336610
193131
289180
1091503
161028
199396
451725
595
58653
966745
432915
34980
857395
458403
298378
247456
22366
271953
461280
1293636
13695
596778
502503
2628
902496
651511
1192740
80601
492528
158766
30135
19701
163306
952890
359976
561270
61425
409965
8646
31878
176715
820
1488675
358281
209628
32131
516636
274911
5356
9453
5460
29646
6555
70876
1118260
31878
286146
149331
41328
304590
52975
465
9316
65341
675703
128778
1357128
478731
43365
306936
91806
1095940
879801
329266
9316
783126
24753
27495
1869211
176715
595686
1131760
456490
601156
563391
9045
9870
1891
63903
423660
8128
451725
746031
248160
1756875
250278
965355
1256905
138075
489555
159895
712221
116886
14878
8128
885115
87571
15931
499500
429201
182710
193753
36
88410
1234806
36
236328
46360
56953
55
388521
270480
71253
13366
682696
32385
141246
484620
4095
569778
820
121278
473851
16653
430128
45150
1596
302253
1290421
18336
435
504510
40755
600060
188805
615495
299925
99681
72390
13366
63190
378
78210
669903
33153
735078
253828
398278
135981
681528
67528
222778
759528
12561
570846
12720
8911
14196
148240
235641
149878
675703
391170
771903
936396
143380
768180
224785
276
1285606
79800
110685
1145341
34191
168490
60726
1195831
97020
61776
441330
5253
232221
236328
1017451
69751
41905
115440
117370
430128
409060
8128
210276
941878
5778
148240
1838403
763230
604450
187578
6786
96580
35778
296835
504510
133903
819840
285390
350703
169653
643545
616605
81406
58996
52975
496
826255
35511
364231
221445
381501
149331
315615
3828
1261666
512578
34716
494515
111628
64261
271216
569778
118341
5356
264628
717003
467061
10296
49455
443211
962578
304590
3160
119805
6
138075
31375
537166
939135
2926
208335
60378
909226
983503
11175
1540
129286
595
252405
53301
212878
1038961
98790
86320
1140805
106953
233586
785631
485605
748476
625521
1088550
5356
258840
425503
114960
104653
200028
175528
349866
49141
1028895
732655
44253
45451
187578
230860
397386
590241
69378
24753
1127251
1840321
644680
15576
31375
3003
400960
10585
924120
1103355
359128
344865
14878
23653
2278
58653
26565
47278
701520
616605
374545
404550
263901
1208235
131328
77028
230860
571915
34716
705078
649230
67528
483636
334971
359976
7021
57630
49455
15400
783126
142845
61075
91806
14028
253
392941
392055
435711
764466
1497315
34191
475800
12246
22791
79401
2775
4465
10585
55611
474825
56280
212878
93528
102378
788140
30135
595
72771
130305
387640
100576
81810
873181
238395
809628
277885
659526
130816
515620
37128
51360
761995
34980
330891
460320
64980
20503
12561
522753
903
31375
595
228826
672220
452676
875826
1321125
93096
18915
1295245
106953
1596
946
1142316
7750
1128
2850
10
141778
98346
1485
38503
154846
12880
1567335
379756
535095
263901
951510
1807851
95266
183315
179700
349030
25878
42195
1485
529935
14365
64261
7750
455535
338253
78
485605
1066530
152076
492528
27028
218791
486591
958420
17578
23220
824970
43956
939135
247456
135981
689725
937765
11628
1095940
376278
500500
122760
706266
424581
44253
546535
26335
561
38781
212226
881128
111156
73536
115921
674541
63546
198765
937765
1176
714610
163306
14196
193131
338253
1693720
52003
37401
1747515
392941
3003
500500
58311
258121
26106
1056331
34453
725410
342378
226801
862641
140715
592416
1363726
28203
183921
16290
630
291466
129795
1151403
56280
19306
1301691
162165
526851
281625
77815
65341
560211
87990
593505
265356
625521
901153
465
1206681
161028
4753
752151
419070
37675
206403
403651
65703
410871
80200
903840
385003
456490
2080
1081
898470
108811
723003
465130
539241
7750
95266
612171
29890
8515
760761
15051
6441
47895
42195
292230
467061
1139295
48205
468996
240471
4851
891780
17020
97903
281625
266815
1258491
584821
6670
11026
12403
153735
9730
1027461
473851
841753
118341
1766260
639015
140185
301476
147153
456490
375411
223446
273430
170236
41616
1830
6216
56616
63903
2701
60031
572985
65703
107416
1026028
64620
6328
4465
1350546
537166
91
96580
1711
435711
81810
1208235
512578
20706
112575
345696
15051
22155
1214461
730236
17578
314821
322806
1431
1345620
99235
6555
337431
34453
24976
688551
402753
420903
560211
17766
502503
392941
15400
10878
220116
7750
119805
390286
170820
359976
75855
18915
226128
78210
369370
746031
1003236
637885
18915
941878
630
143380
456490
27730
528906
384126
231
50086
198765
73536
1103355
161596
41041
263901
403651
1033203
199396
381501
70876
9453
56280
2556
420903
576201
15931
463203
562330
159330
1499046
233586
205761
86736
232903
550725
7875
1321125
4851
23005
19503
23220
788140
151525
92235
19701
31878
171405
968136
56953
27730
63546
45753
51681
51040
277140
1274406
5460
9453
183315
310866
511566
1181953
43660
980700
493521
190
138075
604450
243951
546535
895791
23871
17205
25878
1317876
1263255
1405326
147696
672220
15225
1343980
1181953
13861
453628
1222266
1457778
292230
15
309291
21945
6
243951
43071
4950
902496
343206
26565
18145
69378
179101
223446
1006071
512578
873181
93528
539241
5995
156520
57291
66066
169653
828828
237705
436645
352380
208335
12880
996166
19900
213531
16290
566580
161596
17955
39340
5253
141246
307720
6328
188805
113050
50721
117855
345696
190036
385003
23220
320400
467061
1148370
1186570
973710
93096
661825
299925
255970
816003
58653
454581
824970
1041846
3321
540280
86320
911925
184528
299151
34716
449826
1521640
910575
198135
1335795
125751
428275
97461
66066
31626
135981
780625
179101
921403
419986
209628
802011
796953
1217580
977901
1378630
400960
596778
277885
583740
3
96580
28
57630
331705
1004653
1383616
369370
27730
307720
72390
826255
333336
961191
117370
222111
250278
34980
708645
924120
817281
30381
486591
8256
536130
1770
7021
12720
208335
1326
313236
52975
72010
11175
205761
81810
665281
63546
28
1122751
182106
107880
611065
313236
14365
114003
417241
180300
4278
905185
287661
161596
95266
216811
463203
28441
121771
41041
149331
128271
322806
102831
214840
528906
522753
447931
231540
968136
228826
1403650
20503
44253
117855
43660
246753
136503
1288815
99681
406
342378
11175
1596
1127251
1653
2701
56280
1326
690900
310078
59340
242556
1037520
12880
7750
10011
10153
1485
349866
649230
78606
36856
111628
162165
67161
326028
12090
2278
470935
34716
25651
799480
78606
6555
632250
99235
144453
713415
17391
1162050
52650
1016025
968136
210925
15753
226128
863955
8911
788140
266815
36585
14028
224115
39060
4753
355746
630
79401
2926
11628
349866
518671
106491
467061
685035
1449253
441330
341551
103740
4560
163878
997578
962578
1779441
120295
40470
64980
8911
294528
351
222111
433846
15
306936
420903
709836
157641
529935
1863415
203203
52650
161028
550725
1128753
219453
172578
196251
76245
385881
178503
205120
77421
318801
8385
24753
453628
65341
308505
694431
37128
177310
33153
540280
11175
16653
899811
1706628
29161
1334161
1185030
973710
30628
12403
447931
4851
427350
17020
373680
15051
100576
1069453
5565
115921
67161
30876
324415
807085
232221
370230
24310
1163575
379756
395605
30381
23653
170820
820
25878
25200
155403
268278
611065
137026
1798356
1237951
624403
18145
2775
97903
9870
1348903
390286
88831
108345
1526878
390286
12403
818560
86736
673380
946
780
345696
749700
9730
36046
1160526
4095
450775
290703
40186
946
6328
390286
133903
34453
374545
180300
464166
4005
78
224785
58311
169653
74691
3741
300700
1209790
1770
201295
197506
567645
430128
669903
178503
505515
42195
10585
309291
220780
23653
44551
29403
403651
472878
207046
6105
583740
641278
431056
832695
2701
141246
553878
500500
899811
44551
161028
595
211575
255255
188805
1228528
419986
354903
106491
2211
64620
550725
58311
378015
804546
264628
34453
601156
48828
581581
98346
304590
21115
49770
520710
20503
60726
435
603351
1266436
239778
233586
21945
1151403
13366
24090
47586
1001820
1693720
244650
363378
969528
8001
395605
51360
87153
167331
1040403
804546
940506
307720
70125
173166
275653
6786
45753
104196
185136
5671
1303305
190
299151
860016
118341
652653
13861
785631
7021
302253
819840
51360
47278
260281
207046
20301
13861
146611
114960
255970
878475
385881
24090
11026
351
108345
835278
6328
57630
253116
7021
159895
8385
400960
183921
947376
103740
7140
346528
300700
182106
13530
322003
5778
305371
1711
116886
353220
30381
21
1335795
8646
361675
760761
1040403
351541
97903
1653
1540
1124250
24976
14365
449826
378885
83845
427350
28680
1062153
849556
6670
358281
91378
1137786
292230
385003
675703
454581
78210
401856
448878
606651
3160
430128
25878
26565
480690
73153
29890
1317876
853471
123256
62128
141246
87571
128778
1908081
106030
28203
92235
1308153
627760
820
1859556
8778
131841
46665
378015
225456
315615
685035
55945
623286
696790
16653
723003
32896
80200
216811
478731
6555
1736316
869221
10585
47895
351541
439453
241860
276396
13366
2415
124251
1367031
790653
148785
671061
1637145
108811
155403
24531
471906
384126
161596
453628
46665
27966
839160
176121
371091
119316
8646
95266
703
11175
91378
961191
31125
52326
1203576
1749385
468028
630003
385003
97461
5151
347361
33670
15225
190
26106
93961
627760
212226
126253
330078
11628
760761
63903
813450
970921
22155
344035
131841
94830
19306
685035
125250
10440
541320
31125
799480
74305
42778
607753
396495
1252153
1474903
1225
1000405
131328
67896
867903
548628
1953
414505
105570
362526
21736
1081
567645
560211
112575
41041
206403
26106
424581
78
107416
633375
380628
62128
794430
196878
5050
77815
451725
17205
1233235
1081
19701
319600
63190
1200475
15225
1106328
485605
337431
16110
224785
7381
221445
339076
140715
19503
404550
22791
54946
119316
763230
1430586
1128
161028
516636
501501
56280
275653
42486
839160
333336
124750
6670
23653
560211
401856
1633528
478731
134940
423660
1171215
464166
457446
523776
807085
51040
486591
15
606651
92235
263901
31626
64980
40755
648091
72390
61075
67896
42195
123256
350703
62128
9730
243951
1412040
490545
53301
333336
460320
48205
390286
489555
831405
85078
3081
85905
538203
926841
223446
22578
330078
140715
99681
400960
159895
10
7381
135981
92235
23005
469965
533028
534061
780
52003
1226961
194376
37401
9453
297606
730236
255255
24976
103740
240471
2278
1212903
101475
1113778
457446
171405
700336
309291
1030330
1596
81003
477753
29646
141246
34716
40470
182710
21528
58996
1070916
381501
649230
730236
488566
2628
1330896
6105
84666
422740
549676
990
1393615
10585
44850
320400
409060
96141
203203
86736
1003236
1047628
540280
1216020
510555
153735
765703
339076
286146
415416
1057785
222111
95703
1953
499500
136503
72390
474825
130816
4465
338253
87990
253
360825
11781
161028
210925
12561
1067991
439453
48205
58311
217470
885115
426426
239086
69751
171405
4950
1425516
323610
390286
6441
42778
116403
83028
40186
247456
130305
52326
21736
955653
130816
568711
195625
109278
53301
98346
76636
419986
317206
618828
28920
247456
70500
6105
10440
1891
28680
304590
612171
233586
983503
1350546
1540
419986
24531
250278
306936
105
212878
15051
343206
5050
21736
127765
8128
55611
649230
41905
2556
147153
761995
187578
218791
118828
46360
1122751
21
5671
33153
3321
1038961
6786
1053426
100576
76245
48516
159895
135460
43956
105
1206681
134421
9453
169071
630
37675
283881
2016
725410
365940
87153
46360
664128
431056
10
24090
103740
6216
360825
281625
31878
6670
373680
132355
105111
304590
239778
342378
1079715
860016
3160
84666
63546
530965
297606
253
536130
476776
17955
280126
66066
1329265
128778
108345
493521
227475
258121
249571
780
124750
44253
5995
58996
105
64980
318003
804546
36
55611
142311
664128
89253
240471
14196
63903
568711
327645
1378
184528
3655
1225
174936
3240
25425
432915
31626
1148370
1081
365085
3828
1599366
96580
613278
14706
1041846
593505
106030
951510
39340
561
248160
1139295
266815
1230096
329266
1830741
54615
86736
485605
256686
352380
183921
35778
99235
72771
5565
33670
148240
112101
20706
254541
39903
82621
14535
128271
487578
89676
551775
668746
75855
8646
55
25200
57630
280875
1247410
769420
433846
23653
568711
30135
367653
96141
689725
89253
375411
178503
373680
21528
102831
23436
87153
508536
227475
1480060
565516
20910
706266
15225
552826
53628
6105
238395
207046
180901
11175
278631
511566
141246
519690
982101
224785
101475
7503
477753
739936
1378630
10585
45150
779376
157641
96141
175528
73920
416328
2415
1770
9180
501501
28441
14028
10731
97020
195625
95266
98346
20100
68265
918690
853471
12720
220780
398278
973710
84255
236328
593505
34191
680361
254541
144453
35511
351541
736291
952890
78
5151
29646
1560261
233586
123753
276
480690
21736
370230
112575
364231
763230
316410
1537381
525825
441330
56280
56280
14028
40186
124251
470935
286146
132355
59685
349866
14196
137550
846951
649230
1128
2701
99235
1148370
817281
123753
19306
849556
313236
194376
47278
940506
566580
159330
180901
1008910
159895
15753
123753
2346
11476
58996
142845
158766
738720
190
569778
97020
112101
367653
296065
234270
239086
93528
222778
1322751
167331
14878
86736
350703
99235
758296
39060
117370
924120
668746
468028
29646
134940
2485
1041846
43956
144991
1279200
34453
570846
2701
24531
179101
12561
222111
300700
667590
250278
814726
26335
560211
84666
596778
152076
700336
212878
377146
74691
446040
201295
10296
109746
258840
92665
386760
259560
82215
25425
1301691
1202025
18528
259560
87990
126756
21945
169653
106030
421821
326836
44253
185745
6105
99235
34453
22578
241165
32640
137550
527878
1445850
11781
469965
835278
1128
96580
153735
368511
465
157080
637885
24753
752151
106953
248160
866586
30876
280875
1298466
1128
139128
748476
503506
113050
1225
234955
59685
1046181
312445
38226
7503
1802151
1103355
7503
240471
190
495510
424581
91806
19900
4095
4950
7875
28
27261
562330
766941
152076
1109305
549676
352380
16653
146070
1471470
588070
889111
10011
1592220
416328
81406
38226
400065
16471
9453
54285
200028
23871
150975
2775
131328
27028
1695561
1830
550725
124750
93096
92235
173166
709836
20100
119316
238395
63190
987715
212878
384126
122760
6903
524800
280875
191271
31375
1953
819840
131328
212878
527878
265356
34716
56280
18721
6441
30381
3240
77421
849556
45
773146
156520
10731
76636
248865
11325
253
60378
19306
280126
91
3741
492528
422740
35778
174936
1231665
123256
1100386
105
140185
903840
325
1551441
2346
423660
121278
790653
643545
174345
897130
11935
103740
460320
108345
126253
586986
104196
947376
5671
268278
561
60726
274170
30381
385881
171405
28
3081
201295
64620
107880
42486
152076
3486
143380
13041
54946
10296
455535
23871
1028895
1016025
948753
363378
1081
658378
214185
895791
614386
1001820
234955
160461
501501
120
452676
112101
33411
2775
105111
61425
102831
371953
28680
17391
1106328
26796
1334161
101475
263901
530965
241860
33930
26335
174345
1092981
561
462241
36315
719400
179101
76636
49770
70876
52326
21
7875
3321
60031
213531
349030
43365
2346
3321
276
22155
1888596
941878
41328
19701
15931
741
452676
55278
5778
248865
103740
531996
32385
105111
248865
279378
1456071
9180
8515
954271
17955
5151
962578
32385
236328
625521
990
119316
607753
392055
676866
32385
315615
378885
103285
1362075
1276003
60378
23653
548628
56616
134940
51360
38226
1728870
16471
280126
11628
337431
108811
19503
386760
54946
306936
79800
841753
302253
525825
178503
536130
1730730
796953
91378
1233235
555985
73920
22366
36585
1085601
9316
5995
58653
143380
61776
22366
90951
191890
78
1378
38781
6328
1516411
75855
19306
89253
190036
300700
163878
35245
45753
1296855
430128
130305
253
113526
302253
18528
231
10
395605
38503
690900
3
820
77815
50721
9730
21736
40470
12090
242556
6670
27028
3003
1233235
593505
765703
597871
4560
39340
232903
419986
193131
588070
412686
239086
303031
1456071
303031
50403
435
30135
34716
21
685035
1770
623286
680361
385003
12720
699153
1
163878
183315
128778
1154440
13041
874503
400065
290703
18145
293761
36585
209628
535095
41905
627760
501501
169071
16110
878475
80601
143380
189420
457446
70500
1327635
23653
607753
158766
291466
158203
314028
89253
1287210
106953
425503
715806
994755
6105
120786
796953
4371
38503
32640
423660
1380291
77421
129795
14706
176121
15576
665281
1530375
73153
571915
93961
138075
768180
411778
646953
512578
257403
789396
12246
4560
193753
16290
47895
552826
7626
19503
181503
53628
1155960
9045
22366
323610
565516
238395
106030
785631
1119756
225456
19110
1596
11476
635628
31626
17391
60726
385003
218791
94395
36
72010
131841
1395285
193753
546535
251695
63546
780
1556730
151525
442270
129286
463203
669903
31125
733866
4465
485605
791911
3081
62481
1
1023165
736291
15576
69378
27495
990
190
791911
544446
5151
759528
240471
122265
1544403
1383616
580503
554931
1149886
35511
514605
141246
149878
373680
1410360
1234806
649230
53628
10
190653
538203
784378
1693720
330891
84255
58996
63903
375411
20100
468996
4560
271953
1017451
570846
894453
390286
188191
266085
55278
6
194376
3570
55
218130
735078
2415
182710
156520
36046
230860
845650
768180
114481
364231
118341
25200
85905
5886
44551
16836
17020
989121
87990
103285
303810
27028
139128
750925
520710
4851
12090
937765
289180
526851
579426
21945
232903
1953
1275
6328
1160526
1260078
221445
553878
560211
417241
10296
57291
666435
404550
165600
81810
883785
789396
2701
1225395
322003
101025
43956
55611
15
34191
313236
115921
666
742371
69751
519690
61776
144991
183921
36585
780
4851
62835
591328
759528
433846
150975
57630
1145341
446040
359128
67528
442270
1034641
510555
16110
47586
183921
132870
673380
30381
329266
155403
1075311
1103355
2346
5671
201930
6903
78210
1031766
180901
350703
340725
579426
1100386
23653
158203
114481
1646205
4851
15225
865270
341551
623286
659526
23653
50403
881128
1655290
636756
450775
286146
7381
14878
594595
107880
463203
1322751
144453
116403
269745
2080
94395
31878
54615
140185
497503
9045
256686
13530
586986
712221
66066
726615
222111
28
291466
387640
322806
531996
1519896
35511
1040403
208981
406
402753
1214461
80601
388521
175528
54946
134940
885115
658378
127765
972315
153181
25651
127765
812175
602253
31878
52650
58311
30135
283881
2701
1365378
982101
22791
9870
120786
356590
141778
144991
216811
91806
687378
290703
1035
903
580503
445096
28
286146
3081
521731
67528
5050
1285606
351
450775
703
357435
133386
1500778
459361
243253
245350
781875
52975
36856
328455
383250
661825
363378
164451
101025
322003
118828
253828
548628
628881
133903
623286
277140
235641
254541
581581
1601155
358281
462241
4005
132355
8911
1906128
19110
394716
222778
8256
218791
108811
67528
2346
52650
103285
157080
24753
359976
106030
314821
2775
81003
1891
703
989121
225456
713415
965355
793170
289941
387640
1355481
711028
560211
755835
151525
125250
281625
1255320
128271
7140
89676
491536
20301
115440
85078
7021
263175
131328
530965
263901
214185
1386945
490545
53301
48516
150426
400065
3160
3321
236328
566580
409060
639015
231
3321
73153
12090
586986
173755
55278
78606
78
26106
349030
8646
114481
4560
22155
12403
645816
45753
529935
903
21115
1157481
283881
51681
105
2926
3570
660675
112575
561
163306
9316
372816
49455
169653
28
88410
873181
152628
51681
18336
171405
389403
37950
32385
117370
937765
1166628
446040
958420
219453
62835
10296
166753
187578
30876
2628
48828
547581
14196
6903
98790
804546
483636
133903
333336
514605
1008910
166176
465
102378
295296
448878
1461195
8515
54946
398278
507528
496
3003
83845
38226
2016
19306
3003
44551
28
7503
431056
3003
194376
153181
81810
225456
100128
450775
65341
559153
456490
705078
203841
899811
483636
1188111
837865
130816
283128
124750
340725
283881
369370
277140
338253
116403
690900
75855
354061
303810
87571
1098903
78606
1296855
266815
1118260
125751
1163575
79800
89253
409060
918690
1013176
64980
93528
4278
385881
23220
14028
89676
1128753
325
968136
90525
55611
1023165
31125
783126
236328
1953
860016
85491
170820
142845
82621
378015
18528
1764381
99235
1051975
359128
516636
53628
755835
379756
166753
791911
10878
595
986310
1230096
216153
374545
23871
356590
374545
1768140
7626
90951
55278
918690
85078
120
1088550
171
763230
206403
906531
903
661825
650370
300
871860
182710
126756
337431
3916
946
11026
241860
50403
472878
1106328
48205
26565
138601
3403
937765
64620
1001820
188805
260281
176121
90525
6670
13530
37950
965355
146611
1770021
365940
39903
364231
106953
10585
84666
21
2016
490545
457446
344865
49455
465130
224115
36
16836
909226
357435
943251
844350
636756
38781
89676
15931
1326
1097421
228826
136
1070916
21321
24090
46665
363378
220780
105111
32640
843051
1653
650370
4005
7260
2701
793170
1109305
35778
1217580
239778
166176
226128
1298466
61776
256686
41905
152628
15
1035
511566
1225395
15225
665281
1313010
198135
619941
413595
83845
588070
76245
492528
1145341
15576
463203
89253
97461
602253
2211
451725
91378
1142316
130816
1794565
1481781
268278
909226
731445
922761
107880
343206
37950
382375
102831
733866
190653
447931
1427205
381501
395605
21945
132355
324415
474825
615495
59685
662976
6903
7021
467061
17391
6786
773146
60031
183921
36315
136503
1398628
783126
749700
173166
20706
561
174936
190
171991
4371
221445
220780
1176
3741
3741
133386
27730
1410360
30135
57970
94395
78
565516
171405
27028
161028
89253
283128
126253
55
692076
92665
11476
62128
1223830
22155
64980
526851
38503
115440
624403
3003
1063611
496506
42486
364231
110215
58996
606651
3240
249571
286903
7021
10585
897130
1408681
28920
2415
45753
15931
250278
27966
52650
21115
88410
1178880
32640
424581
775635
534061
11781
15753
1430586
1285606
30628
306936
7021
208335
22791
306936
168490
1090026
957036
200028
1277601
299925
73153
555985
371091
661825
743590
96141
16653
612171
71631
937765
510555
18915
47586
1070916
121278
915981
2775
450775
431985
16471
8001
957036
578350
54285
345696
214840
508536
28680
369370
748476
139128
824970
22791
231
561
90951
695610
741
857395
454581
2080
153
13695
133386
23871
187578
130816
773146
411778
28
20100
2415
26796
764466
55945
106030
1137786
1051975
6555
848253
330891
1322751
10296
63903
1282401
310866
45
71631
237705
28203
552826
920046
6441
594595
1953
7260
9453
338253
5886
38781
398278
3003
295296
5151
820
558096
141246
24753
406351
169653
81003
13203
86320
141246
152076
472878
760761
107880
123256
242556
1596
140185
100128
607753
402753
107880
76636
946
682696
228150
686206
1464616
3240
67896
621055
18336
362526
852165
30876
14196
34191
3081
10440
5671
852165
582660
61075
392055
270480
498501
1560261
1610115
862641
131328
120295
122265
73920
64980
44551
1081
109746
240471
367653
47586
2346
221445
216153
776881
975106
1481781
1596
1556730
201295
162735
17766
1069453
33670
71631
703
666435
306153
9180
122265
97020
1766260
932295
1308153
12403
138601
261726
216811
191271
7140
114960
55611
6555
1057785
154290
16653
9453
1225
47278
682696
24531
84666
666
21115
349030
54285
10
1653
58311
142845
46665
509545
680361
311655
29646
1128
656085
176715
22366
51360
1162050
179101
306936
365940
186966
1400301
33411
206403
378885
41328
127260
14028
493521
476776
658378
19503
1041846
19900
225456
225456
1209790
367653
48828
289941
57630
330078
488566
522753
6555
291466
898470
255255
25878
99681
329266
35778
301476
460320
6903
241165
38781
246753
105570
2628
37950
445096
16290
1143828
4656
39060
16471
1431
301476
50403
312445
21115
6786
642411
425503
67896
699153
701520
324415
15225
119805
18915
1047628
598965
62128
392055
63546
511566
56953
55945
226801
405450
51681
368511
1139295
378
1059240
1425516
47895
639015
920046
169071
54285
1128
109746
119316
10296
822403
53956
1258491
1287210
1324378
25425
496
2556
114481
58653
24753
753378
220780
1611910
129795
736291
81406
130305
372816
73536
13203
105
531996
104196
190
216811
30628
2016
713415
47586
52650
551775
54285
250278
1337430
49455
264628
250278
67896
3403
271953
886446
572985
390286
26565
15225
360825
153
921403
82621
15576
3003
36585
178503
1540
398278
224115
395605
258121
685035
484620
68635
285390
1062153
220116
52975
6555
708645
29890
13366
585903
74691
258840
625521
1953
448878
15400
5460
170236
253
185136
543403
16836
7381
325
87990
6670
114481
650370
952890
173755
630
1717731
497503
365085
49770
175528
113050
68635
111156
247456
39340
283128
508536
98346
141778
688551
1044735
22155
385881
476776
615495
5671
322806
1891
378015
150975
323610
1490401
176715
177310
210
358281
227475
1017451
258121
1160526
293761
171991
5778
253116
932295
407253
67896
78
715806
237705
28
22578
61075
1574425
120295
1619100
12403
1459486
535095
153
18721
157641
21
64980
1345620
1247410
13041
111628
7626
18915
38503
1353835
749700
3486
25200
32896
1848003
21528
3160
376278
21736
1239525
236328
596778
1152921
1140805
52326
1256905
823686
50086
34980
470935
328455
1329265
136503
228826
449826
130816
14706
30135
55278
12403
72390
240471
172578
275653
42778
328455
197506
55
5050
143916
158766
866586
1017451
1091503
867903
56616
88831
181503
173166
21321
3916
318003
18915
206403
547581
36856
441330
300700
1321125
143916
378
176121
2556
26335
14365
191271
1047628
174345
146070
460320
190653
88410
696790
135981
60378
57970
249571
285390
1412040
17205
4560
161596
1701090
25651
1030330
39903
788140
75855
630003
284635
630
951510
248160
26106
381501
40755
1180416
592416
1368685
239086
920046
559153
42778
551775
1546161
5778
608856
627760
874503
15753
363378
611065
4465
25200
1092981
157080
5151
120786
75466
1378
440391
1653
623286
159895
333336
7381
2775
316410
720600
15400
225456
70876
1020306
9316
83845
496
69751
66430
1611910
1953
17955
19900
175528
92235
77815
43365
274170
549676
49770
295296
41328
1001820
7875
62835
45753
516636
460320
351
13041
1021735
216153
555985
47895
93096
71631
21945
45150
1617301
133903
18721
994755
141778
333336
103740
48828
5356
30628
17955
1100386
861328
232903
303810
49770
162165
713415
61075
276
189420
141246
227475
456490
812175
544446
65703
1046181
1253736
351
2016
554931
626640
57630
1334161
456490
94830
147696
64620
219453
654940
100576
485605
697971
147153
40755
222778
513591
330078
156520
436645
3240
1113778
188191
741
564453
30381
189420
828828
169653
15753
455535
131328
198765
200661
279378
537166
2415
4278
77421
932295
519690
843051
616605
185136
6441
230181
329266
58311
109278
23005
203203
608856
20301
13530
5886
78606
103285
146611
255255
84666
87571
190
595
913276
130816
1691880
1151403
77028
38226
49455
1021735
30381
1081
1255320
153735
65703
239086
20100
136
99681
622170
71253
917335
717003
29890
243253
533028
21528
279378
188191
154846
743590
867903
66430
528906
1386945
1069453
345696
3570
31626
9730
302253
7626
324415
341551
439453
738720
334153
1152921
17205
52003
190
101025
280875
5460
861
14365
7750
39060
73153
58996
697971
127260
1056331
334971
59340
283881
3655
94395
353220
75078
99235
10440
70876
184528
1018878
1565565
254541
186966
1131760
91
361675
160461
1701090
214185
81810
600060
70500
86736
57970
305371
378
45150
1092981
304590
624403
675703
56616
39060
9730
329266
19110
125751
68265
215496
349866
388521
3916
689725
637885
25200
280126
136503
623286
799480
951510
307720
5460
190653
20910
430128
69006
257403
23005
322003
85491
431985
708645
30135
585903
106030
666
724206
75466
475800
51040
333336
28680
1846081
114003
444153
241165
685035
875826
482653
170820
498501
57970
190653
46971
590241
82621
246753
1140805
1047628
20910
5356
35511
692076
101025
14535
1225
87571
16653
389403
12880
46056
144453
731445
68635
173755
14706
239086
394716
50403
496
69378
60031
771903
432915
484620
76245
515620
43365
266085
97461
8646
19110
1255320
313236
89253
306936
4560
279378
1223830
46056
1396956
182710
21945
5050
76636
40755
14196
81810
23653
142845
336610
902496
12403
469965
420903
791911
68635
172578
15576
4753
685035
697971
38781
3403
97903
166753
1013176
15931
202566
230860
253116
1162050
99235
49455
180300
696790
499500
1069453
367653
6903
559153
157641
47278
525825
1540
1225
43660
460320
1261666
101926
513591
2145
1225
359128
28
6105
127260
45
200028
115440
1690041
105
377146
153
1282401
9180
116403
164451
62835
1125750
766941
1891
123753
6105
402753
129795
479710
61075
113526
4656
359128
41041
171
10011
105111
4560
496
3403
703
100128
303810
71631
23871
688551
618828
93961
446040
41328
58653
179101
551775
889111
1430586
969528
13041
63190
222778
780
153
142311
332520
14878
56953
814726
34191
617716
339900
910575
138075
523776
895791
71253
254541
1188111
1121253
10296
80601
580503
3741
41328
246753
744810
12720
19110
3916
200028
6441
160461
478731
882456
59340
724206
306936
1231665
7140
736291
32640
243951
214840
18336
2080
66795
959805
90525
832695
434778
123256
504510
16471
666435
732655
5356
86736
96580
7503
371091
8515
1030330
1662576
400960
1288815
66430
275653
15400
101475
132870
45451
25651
491536
159330
50086
809628
8001
820
351
1554966
764466
239778
81003
251695
1620900
63190
368511
1317876
1330896
351
1260078
381501
47586
1298466
432915
417241
742371
219453
8646
435
195625
330891
410871
5050
165025
338253
228826
81810
554931
238395
18145
1035
303031
469965
67161
128271
268278
1417086
545490
883785
203841
776881
430128
69006
98346
471906
74305
946
125250
980700
8646
85491
102378
237705
13530
41328
182710
309291
962578
176715
917335
49455
183315
903840
319600
496
214840
21528
55611
131841
1118260
285390
702705
1330896
300700
2775
170236
105570
251695
132870
66795
1214461
4278
950131
128271
10440
170236
1792671
169653
310866
1
1208235
193753
26565
380628
353220
101926
318003
118828
354061
152628
24310
82621
51360
823686
630003
222778
3081
241860
129795
48516
865270
11175
59685
605550
2775
134421
203203
13041
642411
271216
1326006
562330
300
1146855
147696
7140
303810
250986
7626
195625
39903
119316
252405
4186
26335
1063611
255255
18336
785631
1225
141778
133386
618828
937765
345696
1601155
369370
286146
1620900
84255
860016
885115
130305
51360
284635
27730
276396
111156
122760
73536
190036
1049076
253116
464166
380628
5050
286146
148240
909226
466095
295296
82621
485605
73536
818560
365940
1642578
49455
830116
31375
21321
382375
1579753
17020
142311
14535
42778
133903
57291
975106
7503
76636
147153
90525
769420
21
476776
66430
93961
2415
33930
206403
169071
6903
259560
776881
15753
43365
432915
503506
711028
136
393828
17766
140185
154290
502503
45753
88831
127260
1345620
33930
71631
113526
4950
2850
106491
119805
837865
19306
1646205
39621
305371
754606
24976
10
140715
391170
1572651
79401
40470
752151
218130
232903
57970
11781
248865
118341
28203
178503
1076778
460320
59340
66
1519896
165025
371091
299925
958420
1891
737505
19503
468028
536130
1398628
305371
512578
241860
85491
137550
428275
17955
15576
9730
445096
130305
5886
529935
182710
668746
276396
491536
105111
664128
75466
890445
359976
950131
118341
886446
35511
17766
12403
29403
352380
415416
67896
1255320
80601
9453
108811
31626
816003
760761
83436
435
703891
289941
487578
5356
898470
365085
41905
72771
349030
7750
232221
969528
284635
186966
741
21115
84255
805815
1155960
299925
75466
111156
1401975
22578
11175
17391
250986
824970
17766
1292028
639015
1088550
701520
5253
679195
616605
255970
92665
509545
31626
30628
15225
263901
87571
159330
120295
162165
355746
182710
228826
944625
229503
61075
72010
343206
423660
2016
186355
10011
43956
38503
582660
282376
604450
35245
71631
929566
114003
32640
293761
28680
316410
58311
188191
59340
347361
48516
65341
43956
17955
74691
20301
108345
749700
236328
58311
408156
37128
9730
848253
231
26335
255970
574056
189420
420903
1450956
731445
2145
353220
55
43365
35511
845650
150975
224785
281625
557040
104196
1301691
124750
1087075
60726
194376
122760
597871
789396
61776
27966
362526
4753
209628
63903
5460
1288815
6903
530965
7626
421821
1276003
487578
5151
1151403
1601155
4851
146070
169071
2346
45753
996166
6105
201295
1368685
73536
558096
292995
39621
1046181
588070
99681
16471
793170
105
11476
38503
28920
312445
9180
1264845
156520
32640
41328
4465
303810
1277601
451725
153
545490
326028
33930
434778
85905
364231
3240
526851
263901
60031
21945
426426
25651
60031
4753
1339066
1290421
703891
19900
220780
3916
122760
150426
426426
241860
326028
118828
153735
446985
292230
795691
539241
230860
1028895
790653
849556
376278
8646
7381
124251
402753
33153
271953
45753
321201
123753
202566
396495
28203
21115
9045
84666
408156
147153
299151
590241
1134771
236328
379756
1097421
125250
309291
152076
753378
4095
220780
271953
1106328
207046
286146
1701090
34191
672220
355746
1001820
190036
70500
552826
202566
171
1082656
17766
125751
765703
6105
298378
1381953
4005
14878
1028895
6903
123753
9591
527878
676866
231540
307720
177310
310866
378015
10011
124750
951510
1163575
185745
1314631
1225
300700
1220703
460320
946
201930
531996
474825
4465
260281
102378
250986
18915
1104841
608856
8778
36
23871
75078
1444150
20301
593505
355746
14196
66
344035
6105
819840
396495
615495
379756
330891
179101
54285
6903
203203
654940
4753
22155
172578
539241
9730
106491
486591
58996
162735
218791
4465
286903
10585
457446
93961
7021
802011
52003
42486
265356
62481
269745
869221
158203
433846
264628
254541
939135
106030
323610
202566
126253
77421
519690
606651
1830
40755
190
8646
933661
27028
229503
25878
169653
476776
2145
653796
272691
528
253116
496
17955
95703
6
353220
362526
731445
190
1711
577275
1313010
208335
574056
780
7260
28441
115921
5565
215496
835278
120786
21945
110215
429201
67896
193131
66795
286146
8128
173166
278631
78606
632250
424581
17955
31626
83845
43071
575128
47278
203203
255255
170236
794430
171
456490
5356
1137786
88410
111628
1830
2278
542361
68265
447931
990
643545
64620
129286
61425
714610
299151
269745
914628
352380
28441
340725
414505
534061
99681
630
499500
62835
81406
91
167910
936396
13695
10731
464166
7503
138075
155403
804546
774390
216153
715806
413595
114960
182106
354903
31375
6555
336610
22366
893116
251695
817281
3003
199396
330078
72771
50721
738720
182710
1107816
41616
753378
453628
163306
568711
258121
176121
2485
308505
1175811
1069453
274170
1183491
633375
24753
4656
1350546
233586
180901
146070
59340
1073845
630
149331
861
726615
311655
909226
255255
6903
682696
153735
469965
11175
20706
258840
380628
837865
10585
37401
136503
179700
1122751
43660
182710
11628
181503
246753
818560
1770
447931
30381
561
1326
99235
492528
918690
468028
120
372816
24310
344865
57630
1285606
642411
769420
98346
365085
80200
709836
43956
707455
498501
36585
523776
67528
140715
288420
1134771
248865
435
17391
47895
446040
568711
1279200
60031
5460
846951
370230
92235
243253
90525
1666225
1357128
419070
10
11175
110215
1038961
662976
11175
28203
4656
1597578
7626
297606
80200
49141
4560
765703
513591
134421
1203576
33411
679195
77421
577275
31125
1
70500
481671
39340
58653
76636
138601
106030
637885
246753
180901
19306
255255
1217580
114960
110685
656085
642411
293761
96580
952890
917335
87990
25200
479710
60726
6670
13861
95266
48205
1100386
656085
495510
182106
178503
1796460
6903
239086
123256
11175
12880
10878
636756
605550
117370
118341
1490401
47895
1244253
37675
105570
511566
129286
37401
17205
1155960
24976
184528
721801
692076
2080
59340
248160
137550
613278
946
3081
10296
357435
366796
76636
177310
1176
1148370
273430
437580
874503
621055
1577976
97903
222778
7140
796953
1786995
1051975
65703
4560
103740
1481781
90525
11935
418155
340725
866586
970921
70876
682696
324415
774390
147696
188191
266085
170236
585903
221445
407253
2926
43660
17955
1540
119316
63546
820
640146
171991
24531
8646
26796
741153
91806
325221
246051
146611
14196
188805
592416
1220703
47895
82621
268278
202566
1512930
480690
32896
824970
3486
263901
32385
1038961
298378
465
461280
17020
560211
32385
45
583740
312445
43365
230860
250278
140185
33670
244650
641278
235641
1040403
82215
11325
177310
100128
832695
51681
1322751
328455
20706
409060
451725
118341
64261
60031
742371
103285
1431
140715
151525
292995
24753
109278
65341
438516
925480
8515
26335
768180
351
686206
946
1770
609960
703
1577976
841753
48205
43660
207690
1378
1450956
87153
38781
685035
1263255
27261
259560
27028
208335
39903
118828
253
306153
142311
52650
488566
895791
3321
204480
66066
9045
1119756
990
110685
25200
6328
131328
560211
748476
278631
798216
14028
378885
3828
79800
741
700336
201295
717003
52650
10153
73536
243253
78606
720600
30876
392055
75078
38781
24090
166176
1296855
8911
1753128
83845
41616
653796
350703
19503
232903
389403
140715
719400
316410
1214461
15931
79003
747253
52650
28680
33411
90100
93096
286903
90951
153
7750
1082656
902496
475800
666435
886446
124750
149331
1026028
271216
237705
224115
327645
325
778128
1059240
32385
849556
322806
257403
22578
1891
439453
276
966745
101475
409060
55611
8911
550725
67161
283128
159330
131841
1596
1049076
349866
166753
6903
126253
397386
22155
127765
37675
1445850
508536
552826
16471
105
5460
1091503
56616
66795
860016
255255
703
8911
82215
7750
22791
709836
1236378
516636
120295
3003
7626
48205
50086
465
112575
155403
43071
231
623286
30135
1087075
152076
496
129795
258840
56616
10011
327645
651511
3570
1073845
211575
1711
378015
215496
257403
91806
124750
426426
29890
939135
77421
7140
277140
314821
205761
639015
59685
27495
650370
362526
339900
465130
132870
144453
13530
85905
60378
902496
147696
243253
142845
79401
1606528
253828
172578
588070
169653
270480
4186
210925
308505
566580
257403
153735
1565565
22791
280875
550725
4560
134940
45451
866586
93096
37128
237705
100576
667590
101475
19110
121278
333336
700336
33930
222111
20910
897130
59685
1069453
288420
1095940
216153
913276
61075
593505
26565
32896
5886
195000
12880
600060
277885
1104841
8128
1317876
858705
848253
172578
671061
306153
419986
1082656
318801
142311
8385
226128
294528
29890
1162050
727821
250986
92665
190
5995
277885
283881
288420
214840
45150
454581
737505
1118260
376278
233586
622170
572985
23005
687378
662976
518671
553878
20100
126756
989121
1035
1079715
183315
71253
500500
160461
15225
3403
657231
28203
20910
85078
526851
569778
1007490
557040
314821
1145341
190036
101926
3160
131328
681528
345696
43365
109278
158203
1078246
412686
22155
115921
484620
1228528
38503
398278
155961
349866
384126
506521
105
494515
504510
9591
597871
63546
52326
1493856
243951
412686
120
941878
36046
15051
218130
21945
881128
14028
1365378
208981
718201
402753
440391
106030
505515
1830
108811
69006
374545
8001
38503
550725
133903
128271
365085
1128
67161
569778
90100
22578
45451
689725
44253
52975
34453
379756
123256
45451
13041
470935
221445
781875
154846
1807851
569778
254541
521731
315615
799480
2628
1492128
667590
105
705078
832695
491536
2485
607753
166753
182710
32896
483636
635628
36585
140185
243951
1113778
128778
371091
472878
141246
303810
234270
449826
614386
411778
52003
79401
10731
193753
506521
12403
371091
306153
1282401
1756875
16471
14196
28441
8256
144991
20301
460320
415416
799480
24531
18721
492528
86736
77421
758296
49455
937765
991936
529935
23220
30876
314028
28203
17020
28
503506
109746
1146855
21528
906531
363378
1137786
1628110
381501
820
82621
476776
37950
378015
129286
646953
128271
266815
22791
414505
70125
6
276
292995
206403
42195
41616
7021
27261
99681
1450956
489555
926841
90100
5356
83845
1530375
372816
22578
169071
177310
383250
176121
400065
719400
5671
368511
127765
592416
93961
1597578
330891
73536
48205
576201
1047628
366796
694431
64620
38226
1088550
742371
32385
38226
932295
1699246
177906
325221
203203
61776
1194285
112101
70125
768180
15
224115
18915
31878
15400
348195
69006
3403
121278
346528
