14649
1936
10732
45463
12707
13129
25101
14540
3850
7370
19578
31435
29902
19338
12710
9870
14175
27394
22441
30757
12458
42163
20732
18995
15269
26034
13332
7263
42413
31288
16865
867
2618
20350
40738
1631
29142
11040
18681
47729
74
13999
733
2083
26209
905
29342
31266
225
30740
27359
11508
2867
39558
8369
27214
8149
25069
45057
42871
23646
23102
20134
25282
12932
33421
35634
35125
10785
26172
30417
8171
14274
5
15241
9759
11804
8774
36843
47847
38347
19708
12916
31719
6317
32370
795
10637
8332
11007
13157
3728
26820
17201
3964
6599
30493
16711
26181
38144
100
20355
1588
22976
5920
26825
26252
40899
11019
10552
7735
37583
2305
24513
21302
24145
26557
25334
14700
2609
33241
29549
23477
3567
32833
5520
9132
18888
8797
13773
32181
20812
38880
30147
18848
44681
35258
20888
24210
20847
20
2233
3666
23188
16367
43879
16416
12809
28778
21106
22040
9857
31938
13047
39068
17061
19730
23496
3636
31643
429
1533
4601
4234
24470
6716
12456
21729
100
3652
36842
32904
5196
38562
17078
22606
8244
2461
22949
10191
5838
289
22843
23059
12178
33837
23589
17530
29276
4166
13395
27511
29149
4292
20626
22735
27457
1208
33409
5816
13729
1194
12362
24848
18732
17517
13022
16350
33185
13433
2022
2878
3697
15255
13548
43732
6480
2712
32286
29051
8547
7707
4977
19413
11565
27854
38538
7497
38188
1341
2070
6293
37444
9633
4454
20271
29218
2459
17243
8056
17132
14126
4328
41384
29400
22279
10645
9038
36047
11459
19506
2866
26764
16963
4912
144
11251
18339
14073
13190
37934
5324
512
26068
4664
2048
32102
14384
41299
2025
10196
3170
5788
7790
16788
8464
32387
27587
571
40467
5260
10594
25283
21036
561
31896
15959
16773
5776
1521
15934
25457
4857
29813
17733
358
17244
21154
18872
6464
14472
25670
13189
13715
33325
24516
32537
10800
5641
361
36290
40984
6618
23630
28044
6728
39704
28807
2855
30941
5371
5476
28280
28905
23607
992
25240
24779
11335
15125
41705
31476
41197
7541
29036
22766
7815
1127
3357
289
4863
1371
26115
23531
3790
7186
41805
28718
12300
3575
81
19222
17212
284
1954
2027
6624
5015
6763
15005
10538
10808
1406
6217
8872
25704
15495
1749
9124
43935
31185
28713
9541
27306
15721
18788
28614
14433
12626
21567
3633
21452
17845
40913
48029
4434
28769
9155
2864
21042
26152
14311
16874
14530
1023
10626
40337
15138
7231
5817
44681
14166
29984
38086
16913
26134
14892
30699
21555
5357
39840
21028
34672
5954
23400
1888
4786
2147
3820
3244
15498
23
4634
3814
11052
20804
21234
41784
8591
20747
4654
8317
29269
22272
3960
8538
14241
3864
5112
1512
27811
12402
15433
34225
41036
16352
19370
14461
13026
2207
12644
4399
16557
12837
18963
20106
15978
24490
29037
14309
11571
21342
10562
25312
17463
8759
29221
17482
19235
21220
6557
4185
28210
8490
37396
313
11278
23610
29557
16
1074
26679
28579
7494
6439
1164
37304
3243
14838
15071
10148
35639
6205
25
9316
34622
40553
796
30485
11214
22621
16020
9514
27633
2015
8339
16884
18958
14176
28938
3692
592
34890
33278
16138
25570
20
3193
12
15560
26699
15580
31849
25132
18051
20681
12470
34356
13005
11510
38275
12215
42474
26816
4913
20005
17784
16306
4912
4036
15482
33462
8027
14796
4065
461
30009
42702
3573
7288
3895
2482
12221
161
7055
10531
552
30730
2771
380
31838
31559
24081
14992
29107
21152
23919
7034
2704
712
941
41751
21883
5337
16281
3611
6497
19872
24655
16906
14733
6096
3565
31324
24719
37905
17514
7592
33788
222
6682
11770
37821
35062
24847
72
7372
49805
5139
1
388
16312
10083
10250
42993
48686
18011
15575
20310
31644
3916
11288
6916
42444
12577
5471
20463
12362
12247
64
306
3660
11979
31362
28622
33000
31148
14689
2962
363
15526
15896
29729
39195
10170
3350
38969
21083
42306
21764
19629
435
33088
1500
11787
14833
31255
14121
16480
31932
42391
6372
3188
40151
1371
34650
40815
2266
5396
20069
1
183
32226
5835
44516
11610
5047
1556
15325
9871
9584
27378
1576
32357
13341
7861
16
34936
18678
1196
20035
16531
30035
2824
8193
30011
930
4970
3281
13595
13053
28352
27546
3906
406
18103
12255
17698
31652
42155
30497
28347
20938
26996
31841
7652
17094
24501
9330
361
30489
29685
4004
1603
26121
6410
12952
18496
8947
27941
19629
14731
5052
814
1429
14825
31379
4973
14172
23689
316
38398
8549
5780
20973
1081
23973
31737
3877
14161
16309
1905
4036
1453
13990
24319
90
5914
9677
8022
11741
33634
35371
11515
23203
5869
8877
27537
11619
14291
34428
34299
3004
8983
5861
19148
35486
32920
12570
1417
1722
21129
26608
34830
9064
34279
14024
6322
10243
4279
3295
5760
25405
7471
36935
13854
15206
182
32876
1847
121
3264
21624
7746
33915
8951
2200
17581
3966
14762
36
10209
41477
22918
31695
9139
653
21399
13405
29068
9668
4633
8169
33424
31823
37077
11424
27102
5778
11454
39175
4
6510
1061
43589
27224
5124
5878
22530
9720
19936
14790
308
11086
3725
33548
308
17482
29859
1759
6990
16293
7421
9958
40374
9372
20516
27188
3131
1359
8770
28923
46045
12495
43164
26164
11945
29
21172
5045
27361
43532
46218
41891
3781
13347
1523
12808
40825
1892
13483
4018
11044
14282
4451
4852
28436
15556
1275
13684
29692
29189
4891
12828
9790
42535
25192
32133
30094
3057
29666
41954
23858
43674
3194
5015
487
43798
37157
28987
38167
1764
570
55188
16619
7588
1386
30192
1176
289
48055
30416
17170
44027
1378
12424
81
13757
10732
22333
16930
4188
34056
4667
3845
23251
4741
35064
39180
39382
31782
22238
20883
10803
28311
30465
28299
16234
30206
8305
306
27887
17349
4662
12648
10457
272
6234
52725
18601
37626
32379
18767
33812
10036
850
1379
25511
326
6729
13645
10000
5745
32284
1445
5971
15813
15853
11996
9015
16410
39517
6
26215
10870
31926
40652
16550
13892
10209
29506
23085
39111
18410
27499
289
1
19809
1406
24273
5193
39511
241
11924
38347
4880
16738
12125
36021
32412
31924
32239
12718
841
9389
28587
710
35342
26127
21676
33766
43001
851
9904
5033
40657
9949
5234
3655
38046
19394
4412
16725
8775
32385
6411
11975
4646
35874
40328
23955
552
15080
29070
34512
1042
21120
33899
53863
41578
3549
7816
12661
13450
3834
25084
30
21975
5056
16132
9161
5632
81
6815
623
26658
1909
13197
21293
31229
20076
31302
4835
36667
81
121
46415
1369
36805
5591
5498
1722
49044
15317
15686
23747
11357
16496
7483
433
484
17259
6801
1650
31723
44663
14669
17195
19586
14381
386
12669
27360
38963
514
13373
16616
10857
9
37763
2909
47306
10209
15991
33245
2468
3364
15723
5423
2955
48781
39841
38095
18551
32684
13231
25636
13260
30649
21452
31571
23573
35635
22607
25
1579
37033
24991
353
11038
2088
17720
35517
39817
23769
4162
42967
15550
3730
7268
48902
31577
21440
46728
25521
2056
23882
36127
8848
44567
12332
782
47303
1292
19554
14411
7741
11677
11940
8055
4008
39617
1464
3896
40139
11201
16681
46023
2530
36373
2660
34350
150
38148
16
1712
5331
4626
14635
37613
13661
1730
24557
12974
5657
8432
26969
23231
12006
10085
4
48608
240
2710
16530
1660
39063
27440
245
144
4531
39525
12106
18503
10789
14124
24786
4636
14783
33388
100
6383
12586
46741
17654
1865
37740
20528
5604
18738
28672
5783
12221
411
1749
33426
27603
22416
22841
210
2513
1640
27189
13983
16551
13339
9570
12974
16824
2204
26164
7107
1508
13708
26031
2184
9159
12186
61
15630
17568
19174
420
14265
17235
28487
28681
13025
7639
9515
25276
2329
13935
12675
36011
2310
342
25934
2367
41522
11508
7521
12411
4237
79
2845
10268
19142
3021
23341
5121
26604
9621
4761
2734
23658
22353
5901
19446
23329
36607
28325
16788
5914
37107
3481
16767
14489
41607
11696
31301
23883
14154
2036
21952
23020
21413
28666
40767
39415
26762
865
4012
8898
5741
12362
15245
156
5705
35509
3218
11709
23863
10189
7917
7254
7097
30431
27831
7658
17477
10317
13483
36455
13108
4732
18292
38671
13671
1022
13621
2636
600
33752
8266
2700
6867
24541
27809
36625
22204
141
12138
11877
26785
43485
6098
23255
28035
22732
4590
705
20641
31337
7667
27420
1855
24137
22190
9991
17259
37972
26900
29176
11762
26354
8538
2
12319
1601
22449
39734
2577
17679
9616
21519
671
31522
18873
11290
1912
13935
5656
17320
2297
21406
2304
2091
361
27290
34931
2506
29694
2811
28986
14619
26344
20060
14491
19339
2332
28361
1102
2093
526
8181
4925
256
9285
1028
396
17436
7429
1194
4722
36631
23872
1089
12112
5484
37068
16562
18687
9602
30312
38672
1936
2482
11617
2425
4012
39509
18615
14781
17112
18876
5784
8410
9789
31808
13600
42103
2888
4714
1235
31487
37038
22976
1991
2839
21770
29890
19806
2438
41073
9084
29436
2980
2127
2832
18781
16189
3163
3399
1535
2092
23908
39652
23380
9121
19406
13249
6675
7636
23691
30372
6081
44592
2258
20106
22092
17590
34019
25236
42543
784
14054
16966
27317
7519
1513
30148
29773
1056
25906
13166
329
158
28763
1024
13190
29344
9830
2241
1958
11238
3924
1268
22404
37717
21642
3367
2554
32064
2561
7791
3974
15872
16767
2850
21258
31259
32677
8502
20888
38056
14768
22579
10942
34427
8940
40619
4261
2726
5661
10742
27320
5891
1847
37617
1837
5084
2396
2828
7673
9934
32902
35438
2028
19590
26127
41735
14658
13305
8180
12395
19029
991
48421
6850
6606
15485
664
14345
27759
17706
41514
11233
33634
30592
9
2193
5973
8680
10552
7292
5755
14888
1122
30448
972
5437
62
27641
10861
41990
12829
28769
1467
32036
10161
15296
13875
3138
43453
6138
19387
5630
7625
24632
38002
6229
56
9230
17498
24960
32511
21264
9314
14605
20477
22428
12998
24975
39415
40865
3306
4149
53635
35204
45792
15931
24150
4616
31395
784
15560
6283
961
39906
12180
30141
5678
2115
28912
4436
6162
27743
30864
6610
27638
19118
18918
11864
13054
240
24148
2792
19914
4037
41530
44967
15461
6627
8261
3511
1340
7709
1515
33858
6892
11659
28273
24922
2044
30715
25966
34991
3481
39110
28796
35360
10742
753
1177
28804
13918
8446
13322
33155
12286
10060
17988
7987
42564
1263
21081
17033
3249
1764
35738
10229
655
25567
2000
19785
21437
2
9456
14373
27704
788
42679
21623
392
28987
8186
4398
6645
27997
1786
3813
22560
7139
19257
21433
19255
7767
964
3364
32314
10099
40503
13208
43243
14912
701
21086
29564
43189
9127
17112
18234
38557
5757
4425
10256
1216
23672
2456
6494
8403
40981
7119
8055
12933
36876
33797
27273
14539
14611
3463
4971
7179
33938
10536
35768
19215
1089
12962
2533
12899
5492
9854
38259
6
37630
12581
18989
23233
16687
6485
23428
6861
11541
5440
17315
2866
1806
28451
21314
53149
31779
31754
44345
19440
16459
25582
2621
36639
27005
65
6911
570
2288
35600
41214
28724
13901
6865
8892
3540
17261
100
6601
857
15523
26723
11390
5314
23650
4568
34970
958
34266
42531
35277
30672
29903
9427
33944
344
16007
731
3059
28401
19314
24065
15474
35962
29432
23775
11665
29518
52949
12497
22866
16800
26209
1555
34648
14342
64
20835
23771
50653
36946
27661
713
1225
32008
28855
31666
25673
3373
12484
4677
38756
31136
18766
15034
15741
20098
6
18561
40241
13458
21935
12525
21627
31416
15439
16181
3092
3125
16967
23815
15911
15288
27980
18936
25796
7520
48092
9421
42932
50090
11391
1318
22366
132
1203
40877
6675
1049
43473
13421
125
28962
11503
17656
25678
4225
10092
18328
5469
26848
14907
27858
40860
53933
43041
26330
13400
9440
9368
4147
28518
39537
5693
11300
31862
23319
4148
36212
48158
29297
4709
33340
33377
246
3237
35881
40163
24647
6721
18792
9690
18494
664
27909
39261
4
7832
17554
484
44615
35906
1001
2670
1841
37971
3624
6607
18126
28427
4125
11000
12422
3056
1813
15093
12756
34838
41545
30578
14502
43829
1128
13887
36195
41597
8981
45168
4527
25072
29575
24613
15579
32972
1263
30676
12171
27240
13498
25975
28608
18573
13897
25299
12201
15893
16736
15447
9666
34904
39917
19063
38274
13090
20216
14582
12334
6575
16476
5114
43169
9469
17005
28315
5674
32562
4943
25949
1388
361
9778
2798
7277
25646
28613
11880
18085
22059
22399
30096
11855
25009
23384
49156
2635
15320
37000
31039
13088
8056
43538
28615
14324
13512
26618
15941
33998
29622
19235
1737
40410
3659
6217
4240
8984
10356
25291
35459
3310
7016
41753
28433
9706
5252
11457
17122
37678
4865
9587
5233
14688
29670
8775
9964
31726
29446
28518
20873
23431
13532
16327
20854
8268
28373
25928
20379
6430
189
6883
3481
6980
7711
4481
29629
848
29948
5699
870
3136
16096
42091
4834
22940
12110
30994
31909
1522
11811
43326
4604
8321
21831
3222
4331
5143
7673
2813
34244
12062
4858
10842
39868
38007
16976
11586
26364
346
15026
11582
13132
888
11724
1817
10991
19431
31545
33432
29943
8388
3513
1122
484
10610
31395
7611
23136
20966
7898
36989
34761
13060
238
28975
31188
15787
16810
11207
23055
18743
3523
26268
35745
14053
11267
33561
801
9258
531
31686
14801
11143
34062
32819
37331
14106
7140
16639
19164
8011
30927
46836
2352
33955
2598
1179
1137
15300
14602
16087
7760
1156
43409
36398
342
12126
24232
13220
10480
7300
4617
2470
26912
4694
38837
37711
462
20879
2123
7719
22972
1680
13898
14660
12259
13759
10753
30545
23909
7103
21231
26369
28355
17658
26613
28594
31810
24336
31674
262
606
10922
27309
2458
19348
19624
5756
19784
32595
16864
46468
24086
11174
17703
2116
8039
19003
11348
5929
37387
16240
17273
5007
36133
29057
9229
24880
8323
6193
20326
1652
2353
24405
552
26367
33518
150
4825
31822
26392
17400
25
15721
6278
5134
3786
601
17920
7245
31884
552
5661
34647
11571
2492
33398
1056
120
6371
38589
28268
37057
28848
3375
7461
11038
1089
4873
786
13461
30
144
103
36379
1293
3408
19966
37493
23249
6452
3461
3555
45183
102
8697
6122
33196
22733
6332
9163
43317
39242
36781
36638
56
3909
10119
4357
24273
625
1086
10598
11628
46630
32097
10388
32762
6420
39452
1190
15139
37871
10044
9474
12063
38421
5585
24135
31917
5571
42739
698
121
16316
653
29013
14978
325
32473
4
11843
23740
15911
7746
28184
14963
16473
28811
25407
2602
7470
9464
10742
9079
32021
9244
15701
2392
7708
182
2480
1089
2597
16763
39334
16868
784
4727
8685
1646
37249
1939
29733
8078
757
43277
20675
4639
29085
12986
7696
38799
11596
7988
34734
240
26868
5247
31163
10796
14828
26062
729
30059
3211
2205
15348
17930
121
9527
23859
25889
41272
8206
32105
12491
2386
449
31163
12329
110
6806
3718
16864
24790
4367
38311
22423
5568
8863
22184
1699
18862
21334
42310
8151
34613
43322
306
2521
38887
45004
26291
31828
27181
20156
592
16309
5491
18226
26623
9207
1877
9725
12301
100
31619
9477
13678
10784
1501
7427
10480
9596
18409
4338
18673
6047
650
8776
17011
29420
17086
32867
34560
19674
34611
4832
14870
33118
17769
14067
100
31455
37927
31689
3963
1561
28629
18036
2317
33974
17055
12639
576
9325
1663
14881
6572
183
4556
32754
41083
18329
27590
511
15371
17172
31100
42343
12481
49023
38019
17198
5853
18962
3137
11458
4941
1332
18076
38733
26472
18229
25923
11587
23607
26607
7693
16507
6343
14173
2005
17164
8930
15815
27045
6813
39294
10724
34734
22380
17770
26813
3391
19996
9696
2218
5671
6206
12722
9346
36767
38236
8703
27193
28069
18728
34667
42885
18635
212
30290
26786
35134
26344
49
31970
26884
3900
20990
16758
13103
15711
3078
23062
43000
36340
40264
38925
108
14512
267
18056
43454
38125
18341
12729
11581
16187
1420
3350
28265
6074
6249
3550
34922
20221
22063
34868
27997
17378
26802
36316
11948
17456
13226
15762
10441
20963
23256
30350
12216
47266
17969
3897
12069
35770
2913
21560
15761
9663
1046
11113
7775
1024
29210
10566
11903
37727
23051
6459
26055
26982
926
22621
31270
11926
35020
11617
28667
23654
34581
29197
15136
9817
30651
28687
42709
40648
3370
150
1766
13231
13494
3908
12107
21105
22804
8888
15731
2465
9470
17177
380
13955
3792
127
21334
14576
5185
9656
9672
12880
3517
4942
43224
19602
8707
14942
38680
6833
15876
5715
13127
28938
18710
9164
2129
24147
50073
410
7323
8745
12798
19372
4607
3081
22120
2704
600
21071
4856
26368
1225
29158
4487
4926
285
33006
24246
32382
22708
975
6579
42051
32608
24519
5034
13753
3011
23084
2675
24166
225
9929
29046
14094
2153
5217
1169
9564
33458
31846
549
33866
39175
31600
12084
42575
4048
299
33412
11134
42254
15248
27058
15197
16622
16034
7532
812
35246
17573
38865
4122
9298
35123
43475
3277
25
11851
31113
756
47610
8543
33687
44685
49986
14705
34460
41008
3990
9441
26703
8245
4901
31794
6597
423
2067
5363
774
1551
33443
29939
2439
6897
16229
30
18226
39119
25464
121
4175
30116
39466
13033
41422
25860
28722
554
6773
3143
15678
26265
20891
4936
40028
1
18673
6840
4891
29914
11067
1558
37465
14179
15157
27671
5075
5631
547
19976
14497
14195
3316
18699
61
9213
23985
32728
29367
19215
676
76
1819
23621
18011
12086
12086
3434
1774
5406
32681
13792
42134
4925
40574
26945
16427
30136
11268
42683
14502
13613
36240
14666
13251
48251
3405
26123
14628
965
4407
441
19488
4328
34525
6352
36
27498
19504
19060
19545
23193
52401
4525
8619
28296
17823
25631
2524
14482
4868
17912
23319
2241
35134
28358
28248
17349
64
39958
1
12201
10046
5190
12730
15801
37286
1482
13336
6223
361
12609
7783
20358
12712
15387
14849
31
39743
29260
11250
6465
3660
31905
4756
2970
40896
19425
14152
7717
19272
10525
7330
110
17083
11083
33051
46309
2633
17284
28556
9604
40307
40208
26732
2855
18536
4884
12198
13396
15565
15811
8650
10687
33635
21590
2029
3887
3511
4960
7642
4913
24990
3360
22777
10938
13639
18328
6470
20173
1866
20209
6340
10377
5907
4165
18938
29189
37950
35690
25415
42591
22776
44145
8197
4885
33525
14275
5924
1111
23182
35280
31309
3729
19083
1340
2916
40768
17334
1406
4972
4292
4404
5489
11004
1562
7024
10022
9452
16427
4637
21827
50379
5065
39694
11451
17621
33182
13175
26066
18039
6151
37773
20772
8068
39113
26092
13933
38117
12871
121
6000
12589
5145
20727
3494
10926
34572
4522
90
5460
28387
28066
4422
30984
5338
27090
5022
25875
10019
3572
20627
1225
981
6553
430
25974
32649
9190
39495
26088
579
28229
14114
27862
13986
44821
19177
16631
8087
22836
10421
549
14061
3594
23331
7682
6
30412
38459
15015
12186
36042
6276
69
37204
6866
45863
14836
5826
26891
28615
34874
14986
12373
37302
38257
10936
1750
30812
342
19261
5239
33957
5379
5047
9444
19279
29490
1080
30063
17494
927
7297
2606
2
15342
20218
16
6263
10557
25
14437
12658
14938
29809
3981
32461
3074
4460
3124
3853
34646
28806
576
38286
18868
40383
37301
12182
9501
26507
14374
33381
7015
54123
14554
1181
8609
1834
1320
18826
324
1062
13565
34138
33250
7892
8263
18838
20564
7685
16546
31022
16564
10255
11916
13412
13411
13475
24368
38705
11654
2753
27444
10273
17895
20306
4061
13651
22263
37843
27864
20564
6409
22986
3428
12004
7259
9646
28876
8328
9658
3080
34750
12836
40488
10046
22215
22240
4704
4718
38045
30584
14114
12151
6581
56
35882
5528
17628
36951
41410
29206
33430
870
35882
10460
3195
14256
21002
9739
6
21187
36062
1846
17849
6807
975
1607
132
9089
23955
23494
2337
44208
17664
3923
3351
35956
17525
7214
6015
28275
3306
43391
1836
4199
26968
156
18988
9803
22123
825
22675
3766
18455
400
42456
9422
35102
5022
13174
9892
5271
17881
33391
4874
9599
38959
36294
19696
15705
272
18935
11418
7090
32170
1190
16718
4795
11742
37634
39720
17134
40978
43726
56
22543
5778
44757
17102
3185
8804
10254
22824
1451
39593
6
30839
10960
28619
8230
32432
26605
36042
12037
324
1895
14614
4145
462
39994
20627
19546
9782
7722
33692
17581
12744
40078
34038
33054
16048
12459
36032
28313
24198
506
40043
41622
29345
6551
51451
3800
41139
9640
20900
5829
16455
355
37604
7307
9806
32097
19
4826
3990
4382
35549
34649
2469
3802
42073
32386
30262
28646
16924
4624
8134
11951
8202
6643
19635
22400
37704
9920
31109
495
40758
11445
27866
12849
527
2462
20353
13318
12985
25612
10196
14182
12973
4326
28526
31900
1640
5030
32365
2934
11121
17040
17775
13116
3276
13164
39456
43218
42026
7845
15794
25728
16933
14200
47817
9191
35535
3198
34485
32048
19935
29361
43795
23240
4096
17617
28695
34512
22169
27036
14922
1054
40816
2705
1705
14542
13440
400
6
121
48347
11298
36276
34245
4456
19883
23506
7945
14806
17939
13240
29085
29444
19616
25665
17561
29794
38093
49
7347
2448
6541
7649
12625
7865
24597
35332
11856
37031
132
20097
25527
3622
27258
52490
8248
247
1533
33213
5828
6531
12326
1729
35324
24614
4168
21216
12404
30113
38237
682
35414
3253
47499
21020
38004
24325
28536
5225
15378
20822
11601
584
17299
9866
4401
15920
29145
28179
28819
16420
104
14643
21284
41413
4826
29928
26207
3891
13498
42395
17471
10443
7928
2386
12831
15230
21469
11280
4422
21135
22978
13210
6609
652
40030
12647
26161
2257
39677
20796
32894
15163
3792
9691
24195
13708
12375
34298
17357
41707
3873
6272
34470
41161
10758
86
9287
784
21570
13594
32716
13970
2841
24899
26549
8847
1595
38339
7006
1143
29870
9686
1598
13842
2211
12479
462
35513
6724
762
756
1466
8176
22551
15432
23395
12959
420
19924
13233
40743
19090
22011
1380
26566
29947
15221
3306
28462
9315
20768
26788
4922
5436
10613
43526
17429
3242
48757
1104
42
14402
7733
27789
29870
12209
5169
15207
10030
841
12757
16600
90
4027
24470
9384
26448
14539
10602
11355
1215
3807
7723
20350
12021
4457
34422
27719
9890
34507
3316
20423
12056
12924
28683
7672
12448
5365
10433
38938
18315
939
36542
28736
5900
25642
9916
34180
5884
2145
1024
12543
4882
1936
1597
2289
10659
2334
27492
21460
7877
27893
43741
7536
28703
31544
28400
14291
529
32357
43672
11483
9363
3913
13208
31972
1194
33134
2035
18503
47099
5549
4021
13158
16213
32736
28574
14605
35084
25611
36603
17256
2272
23902
1040
481
11829
186
15850
15130
451
2087
17732
5054
17530
8089
6112
28575
333
25735
36156
29921
420
39388
40652
3329
961
9975
44698
17765
12031
42708
2558
14373
9496
9900
2088
37778
5566
21973
6289
21197
11569
19491
1291
29927
9914
20241
8754
968
27883
24107
4799
36182
9181
26471
28780
32775
1510
28970
40850
2742
31867
21320
35061
33547
4405
3692
2842
48077
44108
25
3565
20610
10568
225
16488
11579
11223
21815
42518
21518
10048
38172
21754
12972
10452
324
5410
14591
13222
289
14309
27824
5211
27394
29547
13486
7135
6468
110
39889
9153
14372
16674
1952
16541
10987
15988
28353
20522
4676
5653
18396
10921
47340
28296
5244
22261
26749
29939
22414
19301
36786
400
28849
8189
7220
12133
16508
26620
21882
12562
33215
24195
2613
32322
33295
30941
22415
1177
30554
9869
2405
47461
11548
38257
12743
1915
14589
25065
12849
3537
16366
13311
72
10876
4032
745
30
11707
28344
72
446
30336
16885
25579
9861
12277
16782
3685
738
7477
144
25091
30752
17542
33142
32075
39197
18054
17425
794
6161
20775
20
22229
43486
240
16729
35160
41357
45621
24180
537
472
22232
38164
326
21912
17002
18695
24447
7602
26254
16400
24935
48657
34340
10956
1309
10173
24959
31136
29829
33669
21760
12921
39694
14547
1004
19777
15990
20038
14914
169
26481
43315
5397
14745
3613
5501
1855
17456
10794
21676
35952
5370
7780
38195
925
11393
2690
4817
32747
34622
38315
14894
15180
81
3174
14815
11069
1511
19107
28289
2477
50596
6544
4568
13116
37776
2080
900
10582
10421
27212
132
14858
10882
25132
55943
16615
12733
28643
14534
3224
19143
3240
18985
12525
23433
34291
29794
33466
27672
17789
14770
289
10614
40153
51660
14308
25638
11904
45406
5716
13965
14508
23572
1646
709
33112
19294
4121
3610
8140
14726
10139
558
28973
1910
9606
145
9796
658
33765
6464
15029
11801
18385
44669
18
12310
7403
41109
13368
1482
37718
1024
3399
35704
3473
14839
12045
5623
36676
24953
15656
4539
9290
12316
5663
1869
380
5723
506
10684
99
14456
22988
22622
24770
7341
24870
529
29899
21631
11371
2750
26798
714
15052
20793
8451
30088
27034
15258
10645
6700
552
12718
6112
432
4275
7187
3412
17669
7570
10837
20295
2401
9095
24917
27374
7153
15705
5086
3811
14211
24750
6493
6952
12441
10443
40078
32073
2507
27406
43161
38030
26498
2123
27114
4089
19106
72
1838
8680
24453
15850
14009
5331
3755
33211
12
22168
903
3714
8190
37806
14063
16316
3736
172
7728
110
11955
31814
39840
38727
23076
5957
12219
22574
29650
14592
29858
6397
18795
17714
4581
26804
20569
14197
2689
25375
1521
36050
2371
31434
32831
8951
44430
7473
12311
9662
6780
228
42090
13545
24223
17480
49
41697
44516
22393
9587
7739
33552
16322
28255
38880
11272
11751
15032
10485
39321
2256
12
11282
2467
44231
9762
21089
115
24168
8169
20658
16364
2656
289
10294
39762
30645
20644
31437
9472
40102
23063
19640
3306
7350
7312
34682
22279
18605
14029
9408
35016
9054
5311
30539
18646
28160
29489
30948
620
16564
36580
36881
3407
2843
33234
23508
4160
4664
37903
27752
6625
32376
6743
3666
13779
1467
14729
18969
4
2251
12918
4485
18498
43065
21622
18094
21475
26162
1122
5551
9016
20820
21963
507
17996
7
34241
35046
6685
11474
10387
47122
13541
34233
3907
40724
21714
676
20034
9209
26332
18467
13400
6610
3738
2625
1853
16710
87
3622
23239
24460
2132
21203
32800
23494
43564
30455
34635
6123
7461
81
37924
3191
20640
5923
7960
12935
33307
4930
13992
3377
351
8058
9986
6370
1126
44241
25454
10945
32104
14866
3411
7787
13048
9483
22199
42231
5871
600
39250
210
12764
6
27994
995
51188
23159
1891
24709
8900
14454
2177
15216
29249
29972
16381
292
2151
19414
22997
24817
2673
18498
23412
13901
42064
2891
6515
13993
30563
16
896
3080
37699
34963
35981
33175
221
4262
1573
7571
26799
1641
20334
1084
9680
9941
156
7177
20717
13983
28735
24152
42072
33304
25669
22910
6364
37487
14656
33311
20853
10135
23706
5019
9853
33162
11295
13087
51219
1123
27546
32130
14893
23470
542
42406
31889
9523
32234
9044
4270
30024
43121
8421
148
23366
45506
4810
12375
13202
29578
11939
6613
48588
26258
14833
23327
25879
225
3485
16692
3270
484
5586
18198
18217
28169
19275
14113
19993
12400
34432
15628
13465
13347
21620
10263
20567
14680
36215
14500
47339
30983
36
1334
8254
37317
16179
20649
10002
13977
1764
36428
14315
3254
3165
20988
729
36501
29329
12955
6841
2091
14525
3386
27319
21499
41024
14898
11531
5238
10503
12
47364
21148
20803
21900
26298
1933
156
18882
37564
607
24694
29209
6601
5283
22477
13875
28945
30569
19156
32372
28222
38150
12989
15572
18382
13839
10478
26725
3845
43059
14551
42188
6829
3417
14531
22949
8665
33083
23602
40111
9520
34440
12266
30796
601
4703
11623
8176
31557
28857
6256
7082
20703
19129
400
740
4374
25432
9897
36394
29389
266
16722
13568
8608
11472
28649
25934
15196
3258
1122
30208
24959
2228
40966
15791
3661
19204
1995
3522
17779
16375
2922
16750
4253
2680
7659
37630
7481
15703
29821
14822
14838
21421
9394
16094
1274
16190
5237
14298
3033
18579
25
4945
34221
7733
34436
33816
26047
19965
3161
2315
17426
16510
6791
50301
8081
30753
31606
729
3027
46397
2275
42721
41342
2549
30505
3179
2734
27922
13521
52
28015
10510
35321
3748
38360
18256
14324
42
4598
12985
15428
10327
3904
4591
30816
5743
9900
14351
14691
23151
8243
10232
1654
33819
19358
128
56
38918
19673
7318
26855
37065
479
23378
6356
10760
10868
35141
400
2833
3688
609
29410
24842
17205
4454
11239
246
41312
20282
7865
5858
2209
11882
25232
42411
6800
13358
23971
5861
895
28291
9470
19700
24733
9426
3026
40001
2325
3249
9115
18238
19418
4356
43575
5440
21027
13436
10004
4042
6542
2989
15632
3068
42579
393
11
44762
19485
37348
12777
28744
9632
18453
25942
9242
10436
19515
27164
50932
867
5900
89
4771
1733
41711
7160
16480
19314
10004
10294
26809
5229
16038
39288
38307
22038
48406
7952
41002
6229
4192
21861
25656
37780
7855
18390
2
27975
29290
29979
1849
14182
28385
11527
12924
19730
1581
9660
42407
1541
631
2853
20796
29750
12350
25510
7811
23222
19150
31293
19749
30
3326
28207
4720
2909
23433
13834
29264
11364
3743
9646
25721
23419
7547
24322
29157
25869
10423
1569
48879
3592
37230
22028
2162
24244
9909
16020
27665
19334
4283
10704
5360
26057
35560
7377
27798
13145
7054
25
21256
1196
25
5717
8081
6493
13149
1601
28541
17580
6905
14616
14982
7467
19659
12610
10484
15057
8455
13634
28444
12960
32591
330
21025
20358
6253
2114
20436
29705
1988
12474
24537
27369
15803
23713
3574
28285
16896
20814
14019
31676
19126
30
15616
22120
34714
14207
7847
23474
18245
12276
26385
13626
37969
10235
24498
26015
103
15850
466
25867
576
5349
20559
6381
26269
37727
8679
7129
10461
33517
9978
30089
8598
29613
7643
51017
18116
22215
361
9264
12945
3834
900
9172
3420
15714
1246
24320
2562
11568
31747
44541
1518
48073
26576
18070
9171
6476
16215
600
6241
3450
25351
23694
8336
29824
48054
14598
8737
25914
1045
18394
35649
17975
33223
56
16286
9572
10380
75
4624
6094
33286
11886
21145
1429
31574
5261
28432
8768
26798
35919
14809
2908
17512
5574
166
15208
5000
33993
18766
37342
6
6359
11100
19804
6636
23076
6911
3981
27304
35099
34392
24457
6957
9569
10672
5854
12137
2927
11999
28689
12506
2696
44953
13714
16537
27680
9669
2693
1419
7667
156
9365
36846
2970
39257
8672
43497
15879
52803
42855
24981
14124
16068
3027
13746
27527
27807
7940
7548
378
3617
1767
16030
4256
5910
2383
18230
2788
5609
16608
11575
12240
9471
17305
3184
22448
23277
15816
9590
41335
6357
12969
33672
12404
28513
42190
3734
5039
20427
10947
14829
3915
28471
10282
13528
6373
15360
9788
29869
15064
13362
6647
17195
31050
7624
7864
9942
22977
28320
5402
23414
9395
5019
11369
28785
12286
3754
25008
196
5360
32511
3233
34148
9220
28535
2598
23990
29719
32075
3149
15205
11053
24969
23783
16262
20580
31458
42647
5895
2055
3236
7850
17799
11192
6262
34159
18121
1525
23336
35309
15598
10800
476
484
9094
3320
30284
23664
6297
24566
32300
15338
3249
20094
20749
3221
7899
14400
883
2857
10445
27166
38020
8190
12591
13840
34530
39568
31925
18960
10170
13440
16450
38799
15887
3540
39683
25630
27328
18896
12593
1707
6697
26348
26416
40922
6561
17517
24684
39692
38896
22824
13166
90
3808
22139
10779
756
32586
33538
6353
19238
6777
28672
11986
293
33786
2809
24013
37635
6376
7871
947
40615
27490
10519
30982
16372
35036
33821
34151
12723
2351
8110
33508
26024
16
13040
11199
4711
9420
9692
152
7377
11496
24000
21923
6504
8050
2278
41235
16092
1748
13521
10179
21208
29872
30109
25235
14382
36904
11962
7064
35120
16926
5919
21497
20554
27184
8234
13802
7528
33645
6695
13211
32914
3660
9208
11618
52718
26566
16933
10691
812
36396
6063
13188
4730
186
24229
17622
33256
20608
230
5149
17362
3139
33384
12531
16838
11181
35991
15486
11462
19072
2518
11690
20603
2127
6
9328
10549
7595
5061
6353
38532
33292
3187
5532
12116
10661
41004
27905
3169
1781
3881
23514
3486
50878
44682
1807
5086
5832
16903
12
8603
16245
42753
20058
10232
2756
773
6034
14274
3687
2585
67
32088
6560
17420
8808
17164
30388
31529
12418
35857
30268
31165
25651
5345
30334
12590
16806
12416
43252
12683
5313
33994
12058
19672
34622
41816
16579
31154
2064
2208
9768
9483
1107
7233
29577
18809
10177
29088
13428
14428
25160
24228
37638
7771
42521
20008
1369
12860
19965
1979
14455
3590
40815
12012
6450
16123
353
25170
39522
3046
8006
13
12208
20666
31298
32432
14296
1538
27674
19111
8974
14581
1647
5570
3822
3947
19239
858
182
16350
25084
47672
4540
35722
7908
7319
42341
7247
23329
10808
28029
28156
1117
12930
16057
26142
16153
1472
17041
426
6408
32270
32902
3669
11374
10954
39874
1429
9486
9144
4181
7390
982
41286
18849
22231
9811
10982
100
30752
2538
3807
272
27017
28931
1
25165
7460
28343
18919
20585
24875
2
23019
16290
37290
1991
12408
9152
55292
31080
13084
4688
1477
8290
31893
14537
11560
38199
21099
4270
19928
21290
17537
31696
8360
5173
43246
11235
21659
7621
22871
1387
14670
756
15637
33358
41168
15704
8948
2273
43080
40533
4884
1447
29841
6675
20572
12861
2959
39731
12652
5048
2276
22788
9955
7439
16947
225
30020
3310
25358
24678
49
1490
7327
9647
41199
51251
46098
9477
11062
7396
28956
32501
5412
196
37985
1172
30
41957
23769
35077
1024
9515
30248
29684
2465
23910
7267
22463
24499
27646
30792
6062
36766
11111
29363
7257
3874
21389
29333
41498
37736
19201
1683
29200
9694
20323
40066
19444
42481
31324
20870
28348
2100
779
42387
29111
12006
56
12201
22943
823
29642
3153
32820
25796
8826
2761
3812
242
36380
9702
2587
16650
5080
1560
13512
6299
12437
2002
12374
1151
1902
15927
14025
4512
20700
3747
27124
23281
256
256
39346
28869
17709
37729
39229
4759
5631
28628
132
11049
21465
16428
314
39089
2970
4459
16522
4330
27148
3731
26966
2205
33817
110
3784
34590
46052
15993
10811
5358
4871
40962
18524
9487
7853
26403
11210
29857
7177
26839
496
24958
3848
17493
9881
7609
29818
5491
17601
43543
13913
13291
8696
39701
25
3906
22594
2198
28840
18078
2644
25150
5816
35651
4605
28091
5216
28489
11854
11210
24477
7841
9421
30641
1022
25101
14845
15650
23588
24343
4421
36720
33122
30765
400
2631
3249
9221
22506
3611
1858
15082
1681
2500
3006
13370
46348
12559
48166
27766
13891
38171
7326
41280
13921
4
21470
8476
18712
20099
13824
6326
28495
7451
23463
6806
7826
51127
16154
15065
12965
14161
13610
2765
2675
333
2501
31172
25276
14702
34842
26979
3931
110
2419
8543
5074
18955
1590
7532
636
38335
1560
13914
31498
29534
9725
10575
18916
22727
1168
35171
6099
30322
517
2925
10836
34625
10025
26870
19245
3192
34909
17705
25654
8765
34432
11781
35740
19868
26475
32766
33491
39184
29167
20941
28432
28792
14394
27762
13430
6507
13783
4340
992
9766
8432
16624
8996
13055
87
19470
529
1306
2176
29345
18278
31696
8769
37534
28738
42584
10274
5341
14434
10677
40530
26959
2249
3202
4476
1069
9140
17126
19132
1979
26111
12307
1482
13552
35440
17304
5282
6769
28887
17828
9516
30044
26542
6459
11088
12384
27723
26236
5587
44073
12518
6938
26862
25811
19924
28093
8945
1369
17219
12198
17174
1506
23910
34508
8853
41821
28723
31604
12189
10439
18225
5711
21598
20176
35991
16260
40977
9487
17621
28567
32723
3791
55016
13716
4
13774
7458
8781
29037
31785
13671
17134
22578
14420
18026
10733
32944
46487
33142
6323
400
29320
296
28582
11571
42952
38354
37210
20723
4994
14490
3522
31210
24316
7950
39023
4857
32372
16113
36276
23228
15950
4
14508
39792
4472
3189
28589
26555
4697
14224
18170
16761
26543
36533
13169
20904
15670
42192
36552
41200
12860
42
7044
9058
18685
15173
64
34596
5565
22504
23631
14971
28378
35986
6072
18150
12
11899
3416
11768
3838
26501
17696
35204
8286
21654
1281
21784
13992
8156
19975
6373
10215
2654
12923
2123
31866
2003
18060
8308
28205
16333
14598
1069
26926
14709
9425
18600
4830
20
25508
11856
14856
5808
5067
25607
4559
21219
8302
2116
37319
28607
28590
31780
12736
17165
22514
16712
28831
33183
26003
12067
1047
13350
25651
26085
30312
2401
5439
3021
30926
10900
17278
18125
13074
36517
11219
6032
36327
13833
49832
27024
8119
13084
29584
36
9305
29814
342
20696
27093
5290
14443
6354
28590
19832
941
11820
20574
18756
38285
4422
9889
2446
24860
16914
6874
4059
24662
13714
24456
169
12559
17514
43826
13529
233
50152
24398
977
34984
27743
20794
1814
32899
13985
8622
43949
3248
2910
8920
43303
3425
9304
27345
4955
15780
16809
14217
1215
3895
16873
11196
9006
13422
7884
11098
24644
20155
4565
43499
22519
6402
33901
1538
2739
2454
4089
15329
2924
12
3691
2400
17217
5591
40583
10830
15857
2402
13239
14809
32679
2773
3475
22040
5565
5300
11394
3721
36027
27743
11842
9901
3658
17856
26302
210
2270
27272
52265
14210
105
19653
31540
24198
21532
5022
36568
33853
28764
29083
144
740
278
19030
36610
32575
38880
35541
8456
12932
26058
3264
15488
14456
8299
64
38706
38354
28608
12602
2742
10730
42221
3025
12837
20171
33543
21366
26099
17881
17858
6791
18153
28577
54513
25426
110
44898
18621
30945
3381
8559
19835
26939
19699
11699
6814
30235
11346
8335
8195
8507
49377
11486
24007
11425
23244
16720
13602
5088
4559
30187
9112
8027
22876
225
1470
13895
28893
5044
22340
363
35638
878
1956
3235
23704
4844
16616
26527
600
11937
6391
837
414
360
1572
28784
16914
28110
7479
2353
35630
3555
29614
7951
1807
1176
4316
12634
23990
28625
28344
6001
12409
2429
36700
2652
7742
14281
18348
900
19104
20857
23150
12085
18844
20606
24833
552
11018
32104
24469
4416
14298
42455
46988
28628
12847
17230
27528
25394
4396
35480
28567
42605
12283
10221
20812
36906
8005
3966
14158
12874
23874
3403
859
34358
8149
30918
10430
1015
8566
11374
14173
14056
23279
9765
15024
11326
4145
39412
45908
8264
4617
52717
9631
42890
23613
39922
1109
15641
1669
15144
14659
5132
14459
22955
11740
29273
5639
22609
9970
24287
12362
7915
30183
24419
20213
17254
11821
1770
15764
18314
7445
26663
3263
8866
2757
34835
12772
24643
10824
4651
17146
30128
5607
15694
1346
5451
7081
18719
10658
2580
17112
9824
25396
9611
4577
40196
32103
3181
31629
2623
11956
5456
16823
23352
13918
15783
167
9334
2162
38398
8100
5848
36612
37413
15964
34654
24737
39256
13772
16
10301
14998
4899
12508
26529
2254
31152
887
36
30673
15740
10405
23785
9705
14256
6474
28254
43109
1341
8395
21125
40235
13226
40926
41042
5999
13451
14658
7666
1937
21259
16011
14521
25100
46673
14177
10283
14554
5087
350
8828
1936
26114
35126
23602
2046
13145
11769
2331
26546
16984
121
4161
5220
27886
11471
16437
5232
23206
21109
26131
23401
34807
2256
18941
21469
18817
32270
2682
39028
28910
41395
34608
9446
9463
15472
29920
8583
4073
19044
13893
38497
14347
87
1655
4372
23730
6238
31100
14937
18682
14827
2592
10080
13082
2490
16984
3578
37377
19823
110
22500
19403
23679
23806
22691
26285
17820
45701
24284
323
15456
12045
16372
1681
1149
3937
28714
5011
28533
48910
1959
1764
18221
15793
17772
38350
12898
25420
45256
33360
4958
1616
19628
15081
29178
35268
323
36619
26662
24037
522
132
289
28395
1764
17325
3451
19913
6770
14411
11841
16794
23919
40799
4258
3811
17948
1865
25622
18615
1265
14304
29008
21623
36598
9100
3206
4970
1575
3994
4336
2381
29479
34301
24340
2981
40054
10072
19874
15066
24203
19545
11582
201
1579
2535
10290
17214
42394
33787
23387
1508
27744
6901
19041
8938
18318
4118
35046
10908
19458
42112
952
25247
1521
19639
11111
17952
18983
13369
36608
8793
345
38989
38196
841
17670
32243
527
10819
13721
19037
13481
29385
9723
10685
17813
24383
27448
6931
703
7646
15158
17
3127
19902
26818
23910
14539
7451
20037
4694
12
1733
24464
2490
18176
25183
5015
20800
13201
34382
4925
9211
3667
25103
42435
8828
6158
13072
21240
21484
132
81
4856
31980
10820
19503
8336
47926
3993
9728
15284
29635
27685
289
36450
27459
11519
8233
10514
479
17245
5124
2161
31416
8220
33147
81
25398
29008
16067
4880
6028
6653
50298
18623
3330
9951
2250
19099
43587
18492
40847
10573
1084
30967
18560
702
35327
1989
118
29752
26974
13764
897
17106
31880
23200
10384
30619
11620
38915
17198
32476
26895
5369
28120
29896
33517
1491
9574
28966
22883
14321
19028
37703
26827
14208
15097
2362
13862
702
33842
6523
2108
30548
4414
35606
1369
5297
16512
14321
30
855
17084
40048
10875
27667
31
50800
15512
28135
6464
14844
22567
34710
5673
18677
1332
28809
28249
33080
31839
25144
45308
14408
25180
47787
11644
26382
13330
19949
8314
15151
25130
2491
1225
37697
17011
16625
8329
20216
40820
31407
45222
14524
41040
384
33039
6236
8590
7160
7124
27680
1017
46385
2
30004
31255
21064
26764
28471
14757
13741
3266
2205
1406
2882
571
6364
40729
3542
10422
30618
10540
7204
8
5308
14889
28649
859
20577
12304
4704
35015
43529
33760
5456
2465
484
361
6102
24476
11608
1122
10734
15176
36837
31045
7261
6059
25393
14402
11203
22141
8639
24871
11320
1214
30496
33238
12401
7805
27638
17251
4129
18675
22105
42476
2094
31320
37751
39374
18279
28812
30597
13617
5600
7307
3572
14157
8475
31490
18903
19823
26448
7130
9848
18765
35234
23232
9324
14287
2942
803
13384
1252
17853
3660
12715
3605
34222
19854
6605
16789
156
13431
43041
29148
2366
28263
27846
4911
41437
9455
22494
32706
40943
6816
22843
10361
6155
9429
5855
329
11824
39684
38675
2187
4244
13991
3
2887
21933
23244
3940
7659
14877
13821
39955
32553
21165
44298
10565
26996
7549
16253
12646
31037
20965
19337
47589
32776
28298
14466
8265
21418
27259
35664
22976
1162
12059
321
3524
20250
38
14300
3133
2032
16159
961
13739
9468
31920
17413
30596
35421
33115
5334
15183
42727
27566
19261
19053
43231
26771
14990
28577
30228
17899
23567
1764
6824
15866
13015
12114
30108
10409
34562
1383
72
973
17296
26391
3731
1482
34310
32258
21219
34900
31314
5063
31317
9728
2058
14469
32711
29770
4656
41579
1369
37476
5572
7598
32658
25459
31
7924
4043
3393
4081
15865
31144
44981
20834
28344
1193
13056
10961
4511
5379
20752
34708
4893
26429
11482
5058
37649
19278
13274
34413
30304
8625
17741
37795
28718
484
29200
16466
8279
31390
14849
12928
15539
456
10130
34666
5415
9280
22736
17336
622
2145
22305
25787
28411
442
24877
15746
40523
30604
3072
14574
20251
48195
39665
2641
5112
43129
29926
18380
6133
36841
32060
18442
2376
30615
21437
7931
50733
29441
38904
16196
9005
6544
35054
6044
1225
4383
14842
2147
44402
48785
16838
34509
1774
22712
9725
8340
10517
37823
22838
5847
22574
27456
20503
5050
156
13844
28000
14468
12625
3216
23
15316
830
16127
27473
1975
25936
4036
8718
3276
11698
14653
7532
7946
8500
7752
10909
29483
6206
3862
40842
1378
10539
20560
12646
4
31452
31990
31651
7552
16461
12653
8169
8407
2069
29147
14299
19230
3221
7997
6098
27209
42141
17362
2282
23214
7110
32419
6675
26775
5582
13139
5506
23334
2065
40084
16420
20678
15782
11336
22536
13892
8658
669
5306
31976
23503
8188
20083
306
28735
7207
3970
20651
16582
6471
30812
103
34142
11578
11129
39669
14416
15385
26391
3750
17565
4327
81
49
22498
8649
7307
6163
17554
12489
1188
28410
3376
25195
93
26199
3984
19534
39059
784
12906
13348
22654
13979
47087
15204
4645
20844
279
5032
2709
32093
15911
39786
19182
121
31337
16115
36302
17018
2982
3479
11557
23190
32082
10265
21102
36491
31748
16323
10975
33025
28509
1595
3585
18997
29480
5450
106
26552
23929
3528
17338
13283
20445
26430
16830
14162
2599
13254
7743
22176
7780
51821
33
8083
15730
6575
40251
39805
33983
12458
39573
9107
5708
50484
7183
13770
24604
2103
46013
25135
29884
27866
14872
2973
2852
2025
11219
4838
17792
3162
14983
7428
10925
1640
20162
20310
13377
13468
15505
34837
3914
4548
13635
11362
3220
33937
7196
14132
11754
3798
35750
46
2787
29714
26694
9234
10805
36097
4839
13261
23483
23144
14845
8973
3041
17217
9629
21215
10781
18420
27437
38184
9780
28459
21086
27881
32005
33269
17209
8568
40060
34130
49
6418
28790
12260
3340
14776
30185
20175
13719
11113
31793
19390
43778
3588
20442
42269
26042
5443
33270
600
31319
25
7800
43236
13779
2507
13935
12783
20152
7838
21623
24968
16677
28294
28702
390
28131
2585
13824
45026
19059
32738
144
268
19
46023
14411
2502
38174
34833
12191
9849
20981
3844
30220
17240
2552
12651
38187
19064
23311
2596
14492
12815
8624
13269
12110
28521
21617
11569
28480
29549
41527
36168
15755
12141
12939
5594
10210
12624
13895
13533
25389
37545
676
7887
6647
21199
30891
7109
4175
4887
6925
10023
8751
2225
3046
27173
8175
4838
23712
9754
7988
14383
24580
32487
3091
37917
36162
1247
7961
33647
29785
42413
9439
26140
6471
7185
15963
21349
9743
17236
19344
25096
29224
123
1412
144
30595
15586
25479
11680
31322
28833
6704
26132
9168
21600
7648
16906
31000
121
3212
26801
41238
182
30429
6842
4554
22262
7660
42088
37192
24639
29380
32756
31109
28521
25662
19022
2620
25814
3048
1913
20607
26159
16220
1493
28206
4544
13257
26089
954
13308
665
2423
14014
13865
14618
11995
12717
18587
21204
30605
12326
22436
49548
18612
21203
33934
41224
14113
23241
6292
15818
25137
28566
72
9028
29876
43
22173
37973
36490
35103
1640
8029
5910
16595
1242
7061
43582
10031
9572
18529
7135
23391
22244
15148
18736
272
7989
29552
41812
3902
37202
17156
5611
1056
40872
11562
49901
2235
31111
12523
644
25486
13334
210
11141
34145
36943
21269
28939
26145
14755
26625
30211
18160
4865
16261
2352
15732
31783
36141
742
12270
32035
25330
10381
9783
4046
40389
14420
9840
18733
24642
32872
26255
32834
41376
30542
30
32265
1062
3108
7655
28529
40713
19175
21782
27300
10201
39130
12331
6976
21801
11876
3267
22576
17952
4997
38510
28963
8869
31321
10676
15970
110
44393
37317
37471
19689
7607
31833
32013
31120
21647
33533
14634
38725
41691
19404
2789
6505
27661
43339
14563
10294
22865
20403
26762
16492
37
18321
3266
16425
27656
16541
769
34668
14395
31612
27437
11645
21064
29572
26311
31728
1557
8440
22334
3821
17666
14311
812
26599
4633
12041
32448
19679
41559
12570
7315
22125
2059
5164
13751
1362
11587
240
22241
132
4797
4637
41189
10099
37695
11005
21530
11726
6778
1369
51564
21231
49531
31362
11624
441
19127
13051
1787
18589
35018
2352
22845
13375
3375
7020
410
52688
1693
2514
28297
658
10991
30166
2162
37712
30735
3470
5708
10645
44549
44189
29098
17661
5980
29145
20930
24747
3020
38106
812
41789
6310
15390
4250
15564
7233
1862
5654
17475
23524
31871
13650
5339
1524
24990
8416
41076
5973
12365
17849
15206
26961
22200
28590
801
12906
7732
12655
7635
30773
26770
11576
27201
4607
1616
1014
13035
51831
2697
1193
484
7189
21162
8717
31512
34816
4995
1420
4114
27963
1444
25964
5739
703
24553
18852
8061
13949
5745
12252
15474
10766
39915
33964
462
34490
13589
38494
35050
34183
19660
42250
3867
12842
3429
1790
14179
10344
6548
19497
30260
10269
10151
2148
36185
17806
2341
15681
18476
18072
7761
10988
19424
29604
503
17307
28179
400
14577
337
2218
16095
8736
16
18518
32702
21215
41210
42779
8829
20543
37989
1939
24972
6080
26760
1980
42523
20650
7969
16529
13449
19796
182
7761
5918
792
15396
12735
16285
10407
22234
31671
17509
3721
49
19670
36917
876
2222
28023
18736
2036
1241
33113
24321
17594
334
39308
30515
8190
8893
14592
271
18470
7892
9306
7673
22944
15992
18624
7248
20298
7441
5050
4302
15668
9916
1837
37839
4799
34767
47311
31375
46999
18000
1990
49
39200
18026
9950
7396
16476
26444
30004
11103
1926
18284
924
4087
42853
37163
16264
25
3171
169
10972
6923
17518
29854
26185
31007
6981
6020
34927
15950
12476
4317
31100
9055
34478
19809
11095
42676
10696
14159
13703
6118
37275
193
997
9303
3026
14499
52385
11912
29851
5467
297
633
16028
7930
26223
13056
1590
15128
100
8105
21300
28310
24887
12588
27023
13296
40690
5058
22135
8712
23130
12606
21366
1689
27867
23760
3692
18636
12374
12075
641
5901
5420
13123
17491
30307
11811
25073
841
23658
8548
39540
23835
25089
25629
20
13165
2783
30445
24026
3938
32320
27987
21395
38899
18818
8743
7549
23395
30362
11139
13603
25395
31675
14578
38662
15943
9314
20480
12677
28162
42167
26945
4022
225
16362
8597
8948
18267
33954
43384
33967
22858
6628
31879
17277
24345
14896
5325
19167
38335
30998
100
4237
15890
28435
37791
38003
21699
32749
19605
24439
29087
30930
17819
8484
17705
12908
39150
19936
14807
47886
13566
23265
29449
33540
741
11848
13620
7332
39251
4409
23902
25999
10991
13246
39377
48001
9272
17164
26741
13687
2481
3456
31603
29585
24847
246
31547
361
7347
24685
5781
39873
4158
32769
12942
43961
37635
477
29692
8109
432
2759
13332
53919
16194
21797
30510
14885
3243
45105
36525
464
18054
15543
22281
619
1590
19762
750
18943
43134
2043
18267
9723
13269
24995
35719
56
41309
21759
16066
45611
29948
38878
36963
14738
20555
18732
13955
26054
9439
16115
21278
28209
13858
8300
2
16120
39299
5477
30346
13472
26254
38332
8232
25876
20450
45201
1914
25820
12367
43358
36269
18249
17278
1523
18795
6
43461
3246
986
9481
42574
547
7579
26072
5709
1783
16
10921
25
12607
95
32733
33065
3229
3207
12706
7249
10058
19783
33322
4517
32942
23540
31947
361
19648
2717
11979
20170
38033
10886
39919
110
25
13843
4794
454
43479
13644
2558
9483
6230
41540
5048
29955
44864
12965
506
5306
4624
19692
5474
32848
3461
21067
29081
5438
26974
1489
27845
21164
31767
119
22394
18760
11872
31140
33430
11615
4768
3677
1703
35939
2043
23722
13405
13867
56
15064
2466
2892
574
43669
29538
9013
2134
17536
2137
20488
48557
14088
20940
28366
16907
35877
3559
332
6870
9480
36049
24483
8792
31011
13545
20646
33150
9386
34451
7348
29869
1339
2155
2689
9639
28676
16909
42
16250
17838
9108
28235
8323
21810
7147
44469
2089
5410
14442
44867
2862
1327
41880
38525
3313
34438
30401
43759
4936
20020
15771
240
3267
8305
20202
6725
15260
16613
36792
1056
19106
8459
26429
4567
32766
5260
16266
8516
26274
26773
13819
12010
677
273
12987
21575
22828
9608
22283
39403
12642
23376
15493
4827
674
12828
15224
5285
24646
19238
30204
12561
18209
23883
18608
28207
7832
29649
26975
28135
42001
1847
9324
2818
35692
7334
21861
11558
3306
7725
17025
8207
42036
24291
6441
2616
33574
19530
30083
26100
13489
625
36220
3419
38296
4364
14324
376
20372
6823
38661
22359
34206
40837
13708
24160
36649
41825
37231
5286
4983
35727
35197
10231
35276
8792
26699
32513
10539
22691
7510
2733
8449
9925
9248
39501
23476
25537
4815
28826
22514
1444
17503
2198
8327
30179
34220
2
1810
7677
15462
30827
8029
240
656
29585
4543
37882
28248
2484
13691
9274
13897
17939
41559
38768
18811
62
26853
17290
8868
5266
11991
31421
3257
2734
20577
18988
2616
15911
19021
2070
1018
37775
39750
25570
4690
3145
23545
41378
31180
18491
9822
9466
12994
5401
35744
3182
39227
16894
50028
24895
7432
25150
8605
7119
25269
420
36860
31137
25091
11871
15907
1406
13612
23257
14739
13302
36819
9012
1542
15254
2022
46
19196
25803
21877
10541
35060
8851
5930
8555
18377
1759
14175
12
31919
4693
1440
16130
27096
24772
2501
11754
18744
36111
27546
41182
1847
11926
16560
29549
7994
1406
13149
34652
18399
37824
27146
3669
13629
4840
25702
4886
26430
18870
19357
4739
13672
17015
13642
7571
4783
13321
4889
24091
9136
2094
425
10412
22676
2203
15558
5057
4888
529
28153
16806
26487
5591
10611
6369
7696
29239
9763
18756
12728
40685
1119
6101
14783
28098
2475
30310
462
13313
40547
1258
26211
900
9716
16498
34457
26201
151
37431
6716
909
6240
26373
16014
8777
34501
24866
20556
16281
39984
16599
13155
354
18507
24730
19989
3481
29605
18696
4148
37892
10864
5528
9680
865
5408
36153
9037
38640
5839
30016
29049
2116
8937
41007
36862
37093
9867
991
20339
289
31363
12227
15374
7446
24334
12325
1892
16966
6076
31957
10773
34432
17650
28071
14392
3447
4855
7898
25468
28219
4231
14689
15359
5375
84
3165
19476
14132
14215
13477
6518
4945
18914
513
5182
2058
12
2081
6261
3851
26477
25754
39598
4403
7878
27544
4213
8880
3983
14612
3881
7332
18927
23112
396
4737
19704
41792
4470
10491
5423
6
30441
15537
28562
13346
13152
28658
11077
12768
10524
18895
2194
17942
28345
176
14716
27706
28757
16686
30822
23346
32947
4
702
13423
17836
28204
14686
22633
10616
5200
13202
10852
702
5675
11495
945
8459
6387
8093
6607
19855
17248
31332
28680
5476
12253
42344
1815
13939
14343
28999
21213
5585
39285
10580
24707
23831
24857
7474
14754
23976
1365
8224
15797
3872
27574
601
32168
11087
6440
28442
23998
32157
1961
9205
29945
17249
19918
18344
28999
13893
35939
16493
1995
36568
23717
2450
8141
7569
22320
17526
29990
1088
15604
13131
36071
24243
251
6092
27797
2511
812
14178
17234
17056
3670
5078
24868
9704
26512
29202
18343
8355
25010
931
1584
26210
8477
2326
7120
9790
1737
30662
2354
9042
29849
25862
2651
4242
15662
17008
9702
14347
7921
5781
1219
28158
3269
9300
23709
9964
11450
21053
21495
12047
37693
9568
16426
30
20532
32673
107
3937
686
24001
5505
13156
13955
22519
9195
7987
6010
8452
5769
4030
13926
27163
1257
9440
14927
391
13932
33350
24093
13048
35693
20090
6290
7764
28448
15778
41002
37636
36900
5262
11861
36891
4255
1707
1822
42
2864
14488
14638
38931
6827
11117
38147
7048
24611
8902
28642
40721
14657
7317
1769
19965
841
13595
66
9652
16139
26734
15317
1711
19070
34378
40339
2965
38006
6586
64
4755
2729
92
14179
3364
9
19659
25339
27469
340
12563
12372
13876
9743
16596
20969
5947
10945
27149
39548
15264
4088
34483
24344
34754
20703
37584
1892
5235
28995
20758
22780
2213
5155
14503
38508
16341
19449
110
35382
13477
15745
21662
5469
37392
38310
47655
16581
31470
36697
810
6920
4568
24771
2954
4284
27124
24122
14547
12571
600
80
24827
5185
25500
24702
16130
73
3596
4566
23831
5495
2571
2417
5505
918
11875
26024
38787
18780
41231
29814
19961
14809
21440
37485
37587
1158
7768
25981
19830
28547
28337
9983
19021
18790
16114
484
4384
1938
1276
8752
38577
927
23049
29609
43764
2255
26382
40217
41199
6989
46329
600
14218
18862
19519
42
6156
1081
1194
12016
18020
13782
42375
31314
19776
715
22149
40652
19931
29840
3739
37921
8262
42689
17417
47593
33945
14149
4022
970
7068
34347
41135
132
2344
28636
4333
31009
19328
18402
11477
10147
14179
2552
10320
8100
7926
2227
26299
28343
14762
7548
19846
30
1097
14232
2609
6857
11457
12229
18848
30006
867
17898
49777
3779
15027
27423
1516
3071
9024
1841
14194
1454
13458
17335
15770
8566
23862
26027
36
31871
4077
23125
25173
9890
20641
3918
7980
27197
8286
6320
1961
416
10589
8546
11077
9868
10438
3973
1015
7986
24339
14315
15856
28283
5197
27018
3907
4987
34721
11328
10048
31221
8006
7541
12236
737
22416
20578
1451
19280
15871
6524
751
24657
10466
144
20082
151
29126
7141
8790
184
5124
9914
4822
3856
493
41189
29083
1851
36247
13718
14416
13150
26353
7431
400
2
25120
23121
24434
20158
11666
21204
7876
10063
8952
39172
40474
8645
6197
4491
29964
12428
10392
32619
686
22418
14017
8516
15417
32553
20068
1221
420
13050
26778
35547
11477
11653
29968
13401
2753
42105
2934
3144
16415
37005
10232
38452
13820
15554
37185
10725
4854
1610
7
19174
4376
34739
10749
7240
3863
16886
17714
3674
3514
20980
30491
6473
13690
12195
4909
13500
9838
18006
4450
13836
41042
4928
20211
28000
6626
10339
26763
9668
7834
13612
13815
33245
969
16283
53092
28343
53332
15725
16375
13961
934
25258
5014
22093
10671
37651
20320
24763
4075
1913
30821
306
36682
28565
5023
32147
8398
9204
13294
34479
27305
45276
3709
3229
2171
30
5366
21600
20592
18647
34797
32276
19189
5855
6574
5060
26913
8592
834
15777
724
36916
1496
12401
30260
21006
17838
13068
29801
23659
5818
4032
1595
506
16
2912
16040
1255
34939
1780
21588
5299
1950
30969
5857
40239
25624
4237
22690
36941
25999
11453
23615
25851
25074
35025
731
29975
7643
33389
1949
14204
17554
23921
34347
13753
27858
1849
16723
14584
2467
12497
7838
18174
478
9323
24552
1225
3263
15121
2825
1477
3766
11114
44796
28515
29994
324
2227
22237
10549
38561
40438
29045
625
13685
25962
220
19979
1446
26566
14605
2608
9294
5397
18694
15700
404
6676
2019
1614
1612
9885
2746
41244
29458
9631
33373
28888
10722
25116
3208
12253
15378
42915
6349
21897
37955
15529
23636
15026
11490
34502
9693
37958
9512
28133
3716
33395
32523
23675
1852
4824
28663
34790
30057
31595
2584
6871
3765
2357
3785
1573
25482
16794
36612
18615
14430
23736
7163
14426
16111
17612
42720
5000
17785
16984
8583
6729
32012
30007
34215
30772
33038
18335
19298
9537
21362
5396
30756
8530
33058
26362
7182
52445
8116
8435
43487
3224
5100
10081
2059
10821
17539
7990
14088
18337
30045
39809
29331
24345
22368
14017
16809
3440
33984
14398
47199
1705
6489
49
1
12769
15044
33897
14938
27998
2303
32330
134
1849
1523
18572
16420
2226
13339
19877
1681
29136
3906
22026
9741
25116
54643
1381
7359
15690
4814
43638
29074
27062
3866
26478
17250
14824
37704
44686
12641
18951
339
56
8549
9470
9292
34623
9638
9336
20337
20419
8401
16091
20339
4525
17969
28562
10694
11913
15905
18285
14865
34243
17754
30572
13527
39496
34746
2359
36822
44032
6581
4891
33337
2581
16542
20057
20640
10880
17204
36481
32160
14212
30340
30861
31075
6460
13576
29563
38615
420
5857
41476
4215
7658
2596
7836
44665
10145
3386
38900
22108
12274
2753
24870
9486
8817
16829
8408
1750
28412
5528
22856
20799
16452
2063
1626
19378
576
462
18506
1449
14982
4265
33923
13154
19770
13506
38808
9052
34367
23211
26939
10602
43421
36715
51847
17780
21378
37071
32973
27178
13582
5569
12106
5561
8797
2098
21939
15200
3589
7482
53257
9490
33224
264
28497
2077
18337
35771
6330
342
33735
15994
24409
2632
28445
29483
19070
14510
26858
17326
132
19039
6295
38041
4534
22146
8545
21174
40659
2213
2175
30188
44569
1089
8011
8056
43089
28462
12602
18465
13956
8335
81
9120
1413
650
44069
34765
17859
22246
29796
37967
342
31355
16559
1681
13529
17063
23963
26251
36302
18046
1424
23116
38665
23053
18714
9090
39671
25911
18896
18709
18024
4466
28079
26800
5791
31944
34390
12978
19986
41211
15874
8665
23482
7207
23739
20413
30211
15370
41050
31902
24459
7193
10822
42859
30839
46474
52529
38138
5316
36334
2970
847
1094
1
29990
17026
6429
41827
9765
36296
5005
13279
16050
22140
1630
40202
38240
26971
19860
9099
37965
49
28726
12703
35303
419
2889
15702
28866
23676
25501
17386
6
16659
183
1875
18239
9942
17366
32652
4850
15444
28757
18284
32440
46771
2617
26329
5019
42834
38487
8530
4361
25609
14678
6695
380
30673
15527
31282
2756
28319
30674
26414
11843
8505
3897
25793
31288
4867
11626
7442
19704
463
6095
728
34520
6229
41343
22109
30665
5267
23085
8234
13897
5167
10915
31615
11491
14120
18273
24809
3635
29040
31269
14775
5370
384
28685
1419
983
7898
16533
49589
1653
1432
28301
36614
29565
1898
3931
6962
8963
23099
6911
24785
23231
32456
359
41933
33516
10231
30394
4521
13595
3455
15112
40329
240
10588
6484
26518
992
32892
23349
1326
29844
3323
10367
31896
8382
33799
676
12487
35969
11923
7316
11071
20848
11816
21414
5394
17688
46783
12439
37925
14387
12670
42270
12951
15945
34803
2629
14893
30879
4939
4370
34998
25979
21979
32071
247
25998
25300
34012
1935
14458
313
7344
323
2191
32353
2599
15880
7903
3902
6096
25779
33856
37626
9084
272
14244
207
35945
31994
24522
26771
33460
4754
1490
20091
14570
15466
18876
24977
27595
1369
10648
32841
12205
12678
4049
28645
6572
15639
43738
3419
5322
3480
20660
34603
38524
15909
23427
12891
13342
3869
81
29449
1260
12751
