252
244
140
403
916
827
244
923
46
180
615
1070
541
42
327
697
564
270
23
223
952
175
822
1027
448
807
1288
309
48
171
803
326
650
16
407
271
394
1029
168
182
424
937
1013
162
1303
1188
174
618
211
63
706
437
354
527
773
819
1221
78
29
915
494
539
684
768
15
817
444
148
819
541
195
1293
976
893
482
686
207
1216
770
762
539
557
292
488
868
548
383
1189
1013
194
174
1034
8
459
964
29
730
712
83
267
634
298
438
557
1412
595
123
436
169
387
1052
383
1154
399
419
167
480
82
633
424
166
582
229
50
582
244
557
373
518
544
60
1242
1162
556
19
1329
11
1262
253
749
1041
836
214
36
310
530
340
1410
1010
1158
1389
417
104
156
302
475
646
565
701
376
1410
539
174
882
728
448
21
152
22
327
366
359
1166
739
813
561
686
624
240
352
15
898
92
656
528
692
42
893
936
853
911
678
169
1295
940
389
379
1229
69
144
3
418
164
184
353
537
458
284
176
95
338
1045
1332
184
495
160
71
882
1107
799
287
56
420
188
1187
563
275
54
123
958
146
512
1177
95
138
677
236
174
1390
141
1020
1010
239
340
558
808
474
175
6
91
421
1076
480
125
286
88
178
279
58
297
614
597
360
860
148
1358
417
780
53
390
864
260
929
725
172
759
429
652
1367
158
185
12
491
79
253
833
880
633
465
461
8
28
227
532
433
687
726
1005
306
1220
61
659
1212
1322
678
7
665
649
50
37
402
58
1205
929
263
341
715
144
957
196
1225
1022
970
348
139
379
605
373
204
163
466
581
250
538
438
104
172
625
1092
113
166
223
946
975
65
90
737
80
349
436
742
286
166
381
188
185
176
19
76
996
571
423
109
961
257
304
335
906
538
686
718
236
99
149
249
676
1261
574
510
427
74
342
374
30
743
432
279
110
22
985
286
1253
1502
897
98
219
193
1099
1092
418
824
328
228
272
128
570
14
799
760
555
338
1205
73
1295
841
664
49
421
18
639
339
102
317
474
850
853
456
336
64
928
576
18
249
383
23
71
540
967
476
823
607
49
288
361
1081
152
109
160
499
135
612
741
414
636
1171
978
1086
624
814
78
1279
642
238
108
89
32
765
647
776
12
251
133
796
1260
1388
73
464
852
301
171
53
563
513
177
357
249
748
1147
725
163
701
26
1146
548
1334
869
11
246
328
554
814
743
878
853
684
338
419
1329
661
439
9
224
175
191
1198
670
236
1026
497
465
17
1068
252
447
1435
610
308
136
121
589
709
317
1160
344
705
489
784
717
761
991
1030
173
495
318
290
326
877
28
973
591
895
616
850
93
928
488
63
19
126
719
10
287
35
376
168
772
707
714
81
720
362
209
692
198
1205
386
307
439
387
298
376
196
688
126
317
337
1302
575
870
212
344
1237
1432
183
337
7
1144
634
553
221
735
565
370
1038
1034
889
1396
891
635
616
39
595
171
140
623
489
504
245
226
972
267
979
803
420
189
856
727
695
200
774
61
832
517
122
1337
451
695
925
1441
234
185
295
1127
201
1132
107
669
1252
302
531
120
527
140
1034
447
987
593
1214
1303
909
820
121
49
649
61
532
921
29
160
81
804
349
381
188
626
831
30
714
248
508
698
248
105
722
978
313
35
620
1216
1306
208
685
124
119
427
425
609
681
21
1233
1122
1371
456
272
128
848
1348
448
170
531
410
6
1050
42
181
102
616
89
957
877
244
111
607
66
575
1014
728
541
511
550
1265
726
610
719
783
48
176
857
111
1443
491
829
977
158
58
916
899
99
762
925
608
894
3
665
618
18
761
592
270
862
3
788
249
422
1105
548
213
159
423
9
225
840
587
21
249
681
628
175
708
78
373
915
18
559
307
272
162
869
1119
418
766
143
636
790
612
517
950
262
836
628
622
210
207
110
961
828
142
408
49
261
52
944
97
627
230
306
47
141
548
667
299
84
816
254
371
157
541
46
93
112
468
476
234
63
65
1142
564
166
157
404
300
653
699
543
6
319
79
449
449
1080
251
38
19
912
180
556
350
367
693
477
910
572
119
360
283
1151
498
752
504
690
1060
399
316
666
199
203
582
404
1202
913
311
690
663
134
306
1275
611
1066
734
934
460
1176
297
469
618
429
794
336
3
467
73
313
1024
171
1180
241
270
107
847
57
515
547
1222
614
318
554
860
372
1256
849
1022
1080
1381
13
708
361
369
224
181
513
1126
639
633
1248
13
377
128
510
594
203
743
1271
339
553
847
135
102
639
1003
385
1192
75
404
169
1057
506
144
464
181
110
62
543
959
430
317
267
870
716
471
1470
996
810
523
588
406
705
210
96
227
1186
6
1338
1165
333
334
385
297
573
1026
935
391
426
967
288
105
454
66
283
374
56
644
238
389
356
747
252
308
881
1157
1277
370
892
695
828
749
824
492
29
248
172
650
587
107
106
274
1043
702
230
1260
249
977
63
1120
962
445
1092
971
939
804
887
1314
408
193
495
132
643
140
160
489
585
9
132
771
1158
636
389
911
537
575
618
380
108
109
109
712
862
260
62
814
502
1037
117
202
1289
269
167
956
1358
732
549
55
97
40
283
1084
725
424
37
817
1280
1173
568
1302
120
539
367
899
353
1028
919
234
595
290
384
670
179
1286
116
207
806
47
602
851
9
100
127
873
464
977
109
172
382
322
420
53
29
643
354
474
1003
601
62
290
76
222
521
137
1248
733
602
741
33
236
491
892
1119
1253
584
386
141
272
202
1296
984
912
280
968
304
246
443
76
4
805
558
728
78
645
647
449
41
870
1267
424
734
36
1140
285
52
569
192
101
66
1424
1250
474
88
117
90
1384
581
959
1400
824
698
487
245
95
260
612
559
575
361
71
316
354
883
436
97
564
863
260
977
436
132
26
639
1201
284
687
292
173
94
454
743
1356
904
599
1309
283
303
918
1336
671
1172
183
413
1425
1048
877
217
154
310
156
361
522
834
187
666
156
232
28
828
1290
69
71
1379
833
591
361
1042
1230
169
1301
1385
328
611
595
513
1187
24
240
690
1102
1143
301
809
456
101
399
183
386
640
379
1032
718
321
309
28
479
435
328
74
43
572
496
25
1002
510
976
169
463
264
525
1166
932
792
42
1122
24
321
922
610
155
121
812
1035
321
1080
275
140
692
199
185
748
214
828
831
497
226
227
1201
753
1175
514
800
274
116
130
1223
527
1461
789
481
474
6
644
401
399
1238
521
706
1001
35
135
525
154
798
221
826
1321
619
195
43
590
527
286
815
1100
291
710
280
8
1333
525
18
360
365
717
2
705
213
248
459
808
151
696
391
1322
137
1152
765
72
189
259
345
1145
1365
231
409
25
321
480
806
1075
793
913
31
1121
1113
65
789
1279
508
1146
227
800
299
337
528
357
372
736
993
220
326
204
209
578
26
56
381
928
375
1000
131
35
53
247
1059
786
595
1031
310
944
833
856
583
186
652
288
964
1188
146
358
683
304
357
858
911
465
769
367
100
344
455
61
401
1263
619
42
887
1015
132
961
623
205
675
674
500
580
1166
1100
299
17
97
724
1080
290
699
367
908
512
865
261
403
208
355
207
670
116
497
628
289
673
362
256
764
1170
489
14
906
272
30
893
519
121
320
778
8
568
38
972
528
716
707
490
402
588
670
1022
319
389
1128
879
36
804
1367
644
500
474
426
464
562
870
161
93
498
242
540
714
203
44
528
307
138
626
890
37
181
321
860
495
224
695
679
647
475
53
96
358
346
1144
406
216
327
20
536
164
402
844
928
1057
27
1201
418
758
993
703
381
90
738
1178
660
213
876
80
1335
143
455
39
392
827
1292
180
641
1111
236
380
21
493
671
397
200
1228
1081
16
278
523
435
660
566
75
89
486
1138
37
535
178
389
463
444
978
58
570
991
752
710
688
154
1329
715
632
855
940
349
327
574
154
288
101
584
570
884
78
490
570
758
730
215
1142
562
767
1094
27
25
656
697
1244
861
509
386
339
459
776
971
1265
1118
249
579
168
236
211
50
145
424
292
1015
202
82
1438
737
877
16
977
98
204
567
754
406
481
975
429
782
527
346
441
711
1236
660
987
568
74
415
169
409
66
151
375
32
123
224
1098
355
281
246
26
101
164
518
882
253
1228
3
476
485
773
937
849
1027
638
185
465
1013
916
901
246
807
60
28
509
437
560
278
372
588
11
264
780
544
288
994
41
588
387
369
201
299
883
1055
4
340
746
1058
114
633
225
298
280
45
495
46
672
429
651
183
277
50
53
447
146
869
564
921
29
248
1044
386
422
781
570
796
28
336
655
583
369
991
1197
729
176
88
72
973
155
966
969
137
438
234
190
736
81
61
1306
852
333
272
739
1194
947
85
644
1230
306
8
844
287
695
1062
953
82
887
419
17
253
787
70
69
409
879
187
347
564
552
623
1145
1150
755
137
278
592
8
383
230
701
757
737
65
1327
34
1262
285
187
512
1011
678
1023
927
219
375
694
483
213
1267
1204
557
1220
1285
1180
37
830
742
16
718
747
206
834
285
342
135
815
807
347
664
169
907
207
396
962
263
121
1112
163
556
466
584
813
279
4
465
405
203
496
953
273
997
667
1033
1413
1075
325
257
949
927
849
1105
105
84
291
427
8
200
1063
588
21
1128
119
452
1456
542
18
398
36
87
451
302
1055
141
34
487
505
1025
650
535
941
584
109
388
984
1244
754
189
290
466
337
728
13
215
123
1296
557
1216
1070
906
518
61
424
772
124
506
1165
119
280
633
724
154
628
709
443
283
1116
495
229
354
939
742
314
173
1234
10
695
597
44
41
1219
666
44
336
423
27
91
1332
107
672
1242
910
957
584
164
811
829
373
254
1257
662
1098
862
431
15
180
438
900
621
117
881
71
905
819
124
700
306
340
767
116
518
137
59
1243
298
861
687
183
364
351
622
453
746
346
635
215
134
1069
1091
370
221
769
980
32
6
75
927
718
315
1230
498
89
535
405
508
417
147
19
516
103
83
301
1122
1494
1038
243
584
83
723
22
1127
115
1099
608
539
1107
872
452
434
12
513
88
320
632
159
155
211
148
127
733
331
359
43
834
81
231
565
330
675
762
81
277
590
377
879
276
1279
149
424
364
688
190
473
954
412
230
84
885
102
77
312
102
569
209
1299
870
366
61
1383
176
308
1154
352
46
757
410
114
551
1003
691
333
726
434
690
1162
787
242
596
460
291
1073
754
1052
227
746
190
177
594
462
412
1227
503
418
1099
325
166
574
51
683
76
534
169
126
881
729
8
109
4
1307
858
6
126
855
818
680
673
606
1100
627
291
804
134
285
650
13
180
896
114
180
110
1156
183
1364
528
533
996
786
301
612
767
643
19
911
1176
197
456
1254
1289
618
222
824
252
638
46
1340
483
929
186
1175
1060
654
92
650
353
1013
94
1040
121
292
731
153
517
1376
85
912
1346
561
602
535
177
871
699
58
84
200
193
841
1472
347
61
566
621
496
202
1117
1516
392
6
1050
560
704
1152
58
142
522
1348
262
1280
266
927
55
195
55
70
727
128
483
637
640
261
545
522
1203
15
537
3
242
153
712
286
582
393
834
500
517
346
1337
2
347
90
241
973
190
194
2
1045
1127
187
692
205
779
887
207
344
413
197
294
1020
40
205
134
354
2
758
337
141
242
389
476
378
584
577
1365
716
913
509
862
1501
453
511
1184
607
60
83
255
1310
581
477
452
1083
528
31
1192
343
93
746
765
864
261
577
915
200
66
1225
207
887
121
110
71
1074
85
131
971
1115
160
806
661
383
616
542
493
1153
1480
62
483
11
402
581
1002
179
129
873
546
464
65
266
1251
628
8
981
87
190
148
96
587
197
932
414
358
536
88
992
546
939
1307
135
304
199
1226
348
695
637
1283
216
795
216
1172
965
219
1244
733
1203
973
14
652
415
32
737
620
105
624
164
733
594
1225
129
79
187
92
437
799
432
393
401
1081
869
729
1250
330
219
859
1102
295
123
935
557
8
420
273
1107
81
97
55
800
271
688
99
525
522
98
606
476
191
358
197
112
802
1088
2
537
684
196
268
1148
1132
732
408
9
6
366
925
686
1092
284
101
1316
725
20
58
260
636
146
549
118
814
794
487
304
276
170
401
1192
393
263
856
250
678
216
1174
61
1007
229
49
880
626
276
352
705
375
1240
821
723
659
528
832
281
114
864
291
322
493
299
375
569
871
188
1149
617
68
1201
296
252
781
317
155
669
49
979
731
13
975
1444
32
379
4
701
506
141
211
290
629
103
1298
1202
257
142
105
365
227
616
714
591
411
649
1430
75
318
695
118
796
149
574
291
834
977
1022
794
809
994
1431
236
816
229
692
1412
794
1144
353
218
1186
3
1427
363
1006
811
1257
1326
17
788
33
444
73
72
570
648
1358
115
152
70
200
495
974
335
513
542
725
99
761
21
202
529
719
1247
1355
377
879
1041
164
652
680
304
135
1177
244
176
949
965
485
989
1047
1148
810
942
229
152
493
1289
737
980
496
900
133
1216
372
1221
555
863
114
848
252
97
1011
174
791
52
194
69
716
936
796
1367
12
641
119
93
1200
376
628
79
654
155
198
555
1148
1244
381
274
210
137
530
726
140
139
37
137
401
166
956
958
122
643
989
182
854
37
554
775
247
147
824
520
460
127
814
165
423
1482
396
925
393
6
621
559
459
754
822
55
1140
188
127
504
19
947
857
645
312
1400
863
1152
887
800
332
796
174
458
647
261
370
1038
209
819
451
764
42
970
605
659
723
65
574
849
366
1122
599
464
393
447
155
1279
1152
482
775
134
141
414
965
153
741
845
132
531
325
1176
452
963
818
95
72
379
572
118
1055
775
668
33
877
155
179
1242
16
860
44
373
1219
483
376
505
317
632
30
509
552
603
221
1033
649
770
520
684
93
457
697
560
121
843
670
1216
1046
259
1210
744
922
323
371
1127
431
348
385
721
469
528
6
841
583
206
459
15
1080
1195
758
10
61
745
257
297
406
456
101
561
648
572
690
9
758
1193
434
250
302
6
337
224
483
992
586
767
293
52
409
1050
485
877
561
412
590
573
333
1189
104
1384
832
83
434
197
259
769
168
619
116
1022
616
788
708
16
196
142
627
593
339
42
901
1529
248
974
198
1148
606
574
282
1164
342
816
144
899
123
377
795
35
849
1055
200
366
290
1003
384
767
381
1091
819
476
883
146
361
833
41
24
600
1404
30
605
365
539
421
164
1017
1357
209
289
459
441
867
304
812
59
640
537
815
336
555
622
432
354
155
1412
218
343
657
240
560
830
129
1330
482
69
148
740
383
586
992
21
693
307
690
759
476
251
30
16
220
485
657
18
583
743
230
396
187
1243
360
312
90
1062
159
414
984
642
557
252
214
194
696
251
341
455
401
705
80
835
542
178
1199
8
705
943
60
354
407
486
685
338
74
112
1001
950
116
287
408
255
350
761
552
379
663
119
56
469
330
285
56
340
384
238
828
274
132
613
716
418
91
32
320
508
308
691
295
330
560
431
298
869
245
517
346
475
472
767
344
549
1259
372
1246
859
98
1260
125
276
857
62
1060
1446
325
1247
254
596
1007
622
6
441
664
616
660
558
272
45
458
383
17
316
150
181
37
716
516
174
1071
606
544
217
48
228
1258
1223
1370
31
16
462
296
167
453
173
1078
106
11
584
718
236
13
103
8
179
475
807
193
34
624
474
373
1043
748
530
622
715
413
1203
180
381
138
989
168
1026
26
821
716
252
108
368
552
1046
79
729
914
464
460
511
125
1493
495
519
1100
688
426
551
464
626
520
72
521
217
1028
372
60
265
127
155
162
301
245
1169
1367
525
860
753
1143
932
109
424
129
967
519
567
531
320
350
421
524
792
390
195
394
672
881
34
1202
1117
188
447
151
602
702
315
104
232
1208
761
175
1424
1118
374
169
764
653
1042
379
54
445
112
318
73
918
500
31
245
585
206
195
314
964
876
824
454
398
119
692
433
800
640
1065
290
942
404
733
803
185
979
372
18
306
1181
449
55
434
229
809
317
702
477
93
865
434
676
372
36
780
272
1046
594
853
1093
847
1200
316
345
230
830
198
282
750
754
262
389
496
204
497
230
726
262
18
1397
567
1155
604
99
398
519
1368
1015
331
281
671
66
827
40
679
809
843
88
889
514
1050
408
1337
61
139
346
269
146
477
232
613
451
673
164
488
724
113
103
1127
557
588
1334
92
1265
118
165
76
169
842
435
901
177
43
20
991
775
27
80
1221
880
35
837
44
325
133
815
263
797
503
1276
1188
358
391
936
851
558
279
437
457
266
354
1135
684
980
504
1017
1120
154
790
335
632
503
617
154
425
210
1266
1394
771
732
476
1046
1047
1107
776
655
744
1042
1222
234
543
488
380
500
744
358
196
263
757
131
243
542
121
451
398
288
242
628
1173
335
1074
375
182
32
267
258
66
226
379
334
439
835
491
177
118
712
642
143
357
559
655
118
90
828
179
974
418
254
349
509
110
101
341
551
852
1352
677
183
453
255
572
768
512
543
110
3
7
28
756
1188
302
772
683
220
200
410
596
611
213
128
271
550
809
425
1032
1151
870
474
203
549
371
705
271
208
1412
1144
459
854
466
210
248
917
1416
898
47
453
266
1298
234
34
80
245
387
673
1222
222
607
321
379
1203
1228
450
497
795
208
556
1012
501
634
403
759
568
324
154
62
556
344
598
29
413
932
1143
21
118
935
711
202
720
630
1080
868
6
464
227
308
969
284
342
6
303
13
109
981
370
415
770
721
643
1136
656
790
607
137
821
3
1028
66
987
441
210
104
73
862
696
434
152
831
152
39
43
53
900
263
981
31
75
302
987
1122
1078
631
350
729
570
1337
197
194
216
272
225
1173
1070
2
729
52
60
377
757
619
845
1383
129
646
145
1231
499
545
994
1168
701
213
1174
544
512
264
523
895
667
1047
697
71
180
670
434
797
761
383
1109
572
160
1040
214
858
645
393
87
1074
825
115
96
41
828
788
140
355
1142
1043
160
85
579
61
2
729
1106
250
192
114
338
1242
240
1161
388
123
428
655
559
207
900
33
441
67
20
131
214
628
78
699
345
191
470
1286
43
397
324
43
1234
218
811
440
155
215
49
116
623
992
72
35
1013
22
835
454
517
530
1295
11
517
184
339
228
20
78
843
468
947
963
814
643
960
1107
311
258
772
210
1078
957
1218
1124
295
173
252
401
330
200
1191
778
539
356
1081
22
429
469
188
196
332
537
1190
477
500
748
700
335
1203
290
194
171
1516
885
952
932
1088
993
98
162
182
246
425
777
670
1391
661
502
25
81
1232
807
874
932
1278
889
131
333
1194
454
107
1103
497
1026
1008
1262
562
633
103
173
224
547
671
642
65
991
884
312
179
942
104
12
481
469
415
2
548
736
197
266
602
626
259
129
226
1217
1181
1342
873
386
87
99
891
453
438
931
633
89
70
768
1037
588
1217
804
23
847
740
251
939
778
646
686
644
1410
932
1079
1487
482
925
110
213
152
1366
76
1248
551
326
224
677
669
200
1170
185
620
96
629
114
516
470
297
322
534
252
11
378
188
559
48
503
972
1040
174
148
93
278
529
945
1348
246
198
438
554
322
1090
346
1173
263
540
23
1005
165
257
223
717
555
560
649
209
380
1319
444
104
825
752
1042
169
173
524
29
1062
36
1125
128
912
257
1127
828
582
185
514
493
888
1440
651
239
394
264
214
308
844
73
975
741
294
50
