292995
395605
3570
464166
1383616
127765
567645
64620
1711
435
413595
97461
8128
719400
1285606
102831
354903
558096
194376
42486
41041
75855
257403
1095940
46360
38226
40186
79401
113050
340725
75078
109746
117370
605550
753378
284635
526851
1711
150426
361675
499500
30381
428275
1539135
1014600
65703
27495
686206
235641
531996
274170
16471
81810
1151403
31878
871860
537166
20301
290703
88831
163306
741
490545
1030330
816003
334971
970921
291466
712221
57291
699153
45150
77815
137550
108811
445096
74305
15576
135981
416328
32131
225456
409060
322806
486591
288420
1771903
90100
93528
104196
25651
972315
2080
52003
153
2485
57630
760761
10011
197506
349866
184528
104196
379756
292230
73920
216811
257403
251695
853471
561270
183921
8001
52975
5565
688551
223446
911925
1292028
131841
1285606
1157481
221445
5253
72390
784378
717003
337431
317206
168490
392941
14535
54615
5151
50721
18528
274170
29403
3916
210
261726
28680
31626
153
285390
946
233586
9730
948753
175528
165025
29161
2211
554931
44253
119316
229503
77815
16653
58311
1367031
414505
2556
534061
789396
236328
903
925480
553878
53628
407253
246051
607753
71631
91378
26335
231
22791
3321
84255
264628
528
191271
921403
551775
204480
315615
1092981
1313010
802011
26335
15931
909226
2211
286146
102831
2346
850860
97461
66430
40470
597871
6328
296065
743590
90100
6
306153
222778
309291
1106328
365085
36585
31125
18336
25651
882456
358281
24090
561270
624403
1758750
42486
112101
163306
1146855
128778
240471
5460
112101
1119756
207690
1551441
74691
124251
93528
27730
167910
168490
17578
351541
35511
185136
1794565
581581
45150
362526
163306
720600
108811
555985
499500
394716
16110
913276
45150
205120
141246
180300
63546
317206
1378
57291
785631
639015
5151
45150
347361
276
334971
188805
87571
12880
36046
274170
100576
776881
820
151525
79003
548628
97461
265356
97461
496
222778
162735
155403
66066
15931
3828
259560
222778
274170
26565
1219141
14878
90525
15051
1891
13530
358281
238395
21321
4095
7875
6441
91
10153
226128
163306
794430
59685
1109305
1026028
809628
41328
56280
514605
559153
167331
306153
27966
106030
1194285
129286
489555
166753
21321
8385
11175
90951
118828
63546
951510
552826
232221
1579753
7750
214840
729028
83436
242556
362526
2628
314821
540280
349030
528
456490
693253
25200
436645
87990
57291
237705
534061
578350
27495
205120
419070
28680
43365
341551
37675
2556
8911
174345
46360
9180
298378
131841
488566
52975
109278
185136
13203
4005
826255
103740
1065070
802011
334971
34453
890445
592416
63903
657231
110215
17766
140185
13366
385003
28441
692076
742371
87571
47895
80200
239086
469965
198765
69378
572985
185136
533028
66066
947376
79003
667590
533028
154290
883785
520710
4371
18915
1662576
679195
5356
1574425
310866
34453
736291
332520
310078
317206
237705
818560
447931
828828
43660
13366
193753
407253
29890
526851
831405
22366
266815
18336
485605
96141
291466
793170
126756
94395
1137786
1001820
790653
843051
432915
374545
946
381501
839160
452676
46360
171991
250278
16290
15400
1006071
612171
290703
531996
57970
793170
308505
366796
83845
406
102378
791911
10011
604450
216811
894453
246051
431056
197506
18721
2556
7021
72390
1601155
594595
3321
1225
79003
33930
15753
57291
220116
1304920
130816
27966
402753
66795
343206
428275
106030
80601
222111
911925
201930
52650
371953
241860
796953
720600
689725
69751
218130
30381
130305
19900
1481781
326028
898470
877150
13041
1007490
844350
292995
59685
223446
550725
581581
7140
603351
835278
455535
303810
351541
101475
262450
121771
228150
153735
1275
166176
256686
765703
300
46665
12090
57970
1024596
386760
139128
89253
669903
582660
812175
251695
318003
11026
176715
1194285
24753
105111
1056331
194376
729028
296835
65341
871860
159895
924120
569778
36315
47895
131841
394716
111628
1269621
649230
941878
98346
298378
55945
489555
91
290703
135460
64261
94395
1180416
330891
239086
100128
25200
94830
95703
8646
1038961
44850
389403
395605
994755
128778
141246
124251
25425
25651
77028
731445
175528
394716
1065070
3240
13861
197506
57970
69378
58311
359976
1585090
727821
489555
271216
96141
1217580
19701
2346
343206
166753
76636
38226
289941
171
861
222111
1734453
27730
47278
1065070
337431
5778
4095
1327635
118341
33670
28920
459361
3160
475800
30876
371091
334153
507528
31375
27261
229503
799480
350703
378
164451
295296
35778
188805
699153
1711
60378
292230
781875
234270
227475
277140
85078
8128
12561
1011753
289180
20100
55945
546535
737505
47586
193753
166753
4005
236328
907878
100576
170820
197506
263175
540280
60726
1610115
406
330078
62128
1066530
202566
59685
228150
23436
10731
36046
172578
668746
585903
1680861
937765
2775
1264845
518671
575128
779376
153
6216
200661
198765
7260
326028
637885
351
26796
66430
141778
218130
61075
3655
415416
104653
436645
69378
725410
561
4278
1449253
90525
804546
3403
170820
110215
990528
562330
845650
215496
394716
38503
124251
37128
694431
281625
257403
172578
104653
407253
536130
192510
125250
144991
327645
895791
625521
1381953
87571
1119756
7750
4005
411778
174345
365940
581581
714610
534061
403651
304590
299925
121278
1081
8128
23653
378
41041
66066
311655
29403
736291
138601
520710
488566
4005
153
1175811
290703
60726
1304920
58311
820
133386
11628
76636
250986
7260
1035
799480
342378
446040
150426
913276
15931
1081
13203
538203
1230096
99681
612171
7750
6903
130816
1205128
106491
97020
286903
5671
190
45753
349030
388521
46971
262450
9316
115921
28441
1401975
286903
28
1711
304590
308505
24531
2346
248160
5356
1528626
37128
348195
380628
87990
3160
95703
25425
239086
534061
298378
1202025
177310
416328
34453
162165
162735
224115
6105
84666
17578
199396
1088550
56953
693253
85078
10440
172578
142845
28920
136503
154846
452676
23871
738720
49770
856086
1953
335790
223446
5356
85491
189420
3828
907878
1007490
125751
115440
703
46360
343206
24310
45753
224115
29161
23005
5356
45451
1343980
214840
155403
720600
741
356590
75466
306936
25878
197506
129286
110215
51360
167331
12720
155403
93961
324415
7503
73153
43956
27028
1711
595
6555
27261
1440753
195000
575128
47895
131328
391170
644680
1653
41905
404550
750925
12561
99681
385003
371953
119316
614386
90525
10
304590
820
365940
19900
7021
92665
423660
145530
543403
723003
20503
165025
646953
574056
81003
204480
385881
982101
31626
236328
88831
4278
730236
4005
4186
18145
369370
21
26335
4950
110215
529935
891780
167331
37675
77421
76636
62481
948753
34716
555985
497503
844350
308505
1848003
423660
70500
6105
80200
703891
67161
178503
250986
382375
46971
561270
305371
939135
436645
80200
1069453
55278
115440
1209790
374545
218791
770661
106953
10440
1596
12561
580503
13203
24310
44850
435
153
510555
275653
190036
546535
915981
52975
12403
21321
222778
153
226801
22791
257403
459361
477753
7260
100128
402753
15576
1347261
1225
1258491
325221
429201
482653
592416
626640
7021
237705
231
406
53956
12880
103740
89253
658378
161596
499500
18145
39340
318801
130816
1509453
79800
780
43071
3655
1051975
369370
270480
198135
83845
462241
201295
669903
80200
42486
43071
102378
128778
118828
61075
80200
114960
38781
314821
157080
22791
70876
137550
891780
14365
106953
1106328
47586
3321
763230
111156
158203
89676
295296
193131
416328
273430
346528
349866
39340
9730
309291
419986
248160
203841
1526878
614386
15753
431985
267546
809628
5253
19701
554931
310078
69378
64261
5151
162735
182106
174345
1809753
505515
309291
10585
32131
28203
54615
306936
226128
14196
1103355
451725
18721
445096
101926
1010331
514605
102378
73153
9180
367653
106491
109278
643545
25878
25878
98346
645816
93961
5356
68265
73153
496
104196
158766
485605
90525
990
711028
66430
258121
1673535
255970
19306
183315
300
14706
53956
708645
15225
1736316
719400
36046
25425
124750
496
963966
75078
675703
78606
24090
781875
791911
415416
441330
27966
1476621
34716
66066
183921
60378
203841
339900
10153
35245
26565
452676
378015
432915
245350
152076
517653
209628
126756
150975
625521
30876
8911
27028
3003
59685
477753
42486
45150
230181
683865
706266
242556
18721
622170
50403
548628
118341
51681
1400301
8646
446985
167910
1296855
1128
14706
5253
325
431056
8256
535095
17020
1092981
232221
210276
1830
521731
32896
8001
95266
1691880
813450
1194285
905185
253828
115921
299925
114481
741
602253
721801
1069453
2346
1953
79401
1321125
409060
37675
15225
82621
45451
50403
783126
477753
39621
646953
129795
395605
218130
164451
55611
41041
149878
1596
9180
666435
38503
280875
223446
175528
1488675
883785
496506
850860
954271
259560
137550
202566
5565
625521
269745
106491
149878
178503
226801
253828
87153
240471
990
3160
274170
273430
17766
171
1447551
171991
31125
753378
6216
58996
1393615
14196
4950
115921
22366
1474903
47895
150426
15225
310866
630
47586
24090
507528
44551
225456
510555
1408681
250278
1104841
439453
20301
136
31125
502503
897130
81003
1133265
112575
30135
7260
38781
433846
163878
27028
159330
73536
861
114960
16110
32131
729028
120786
7503
685035
168490
197506
92235
1154440
387640
277140
446985
5886
54615
191271
80601
1908081
193753
1095940
598965
939135
215496
190
121278
4560
795691
125751
108811
174345
8911
236328
270480
635628
304590
455535
274170
2701
349030
331705
23220
914628
3321
137026
755835
13203
213531
597871
1119756
363378
515620
12246
49770
673380
435
357435
739936
213531
68635
173166
435
208335
2556
276
780
38503
601156
14535
132355
1007490
435
63903
586986
122760
19110
785631
12720
314028
143916
1160526
276
27028
689725
146611
2145
29161
143380
97903
1953
49455
365085
61425
10153
976503
270480
603351
18145
1252153
2145
853471
1500778
119805
110685
1485
90525
548628
1830
381501
536130
19306
159330
271953
604450
27495
43071
586986
11325
462241
1128
353220
41041
1326
34980
630003
103740
771903
4095
148785
51360
27261
43956
887778
287661
181503
51360
405450
583740
48205
8515
30628
1712175
471906
667590
403651
60378
13861
1151403
996166
1183491
226801
924120
325221
365940
1076778
507528
216811
302253
204480
675703
17578
23220
13530
634501
44850
32896
630
1154440
96141
479710
194376
93096
635628
53628
63903
799480
233586
29161
1334161
5356
15753
93961
196251
833986
134940
298378
966745
611065
237016
897130
785631
143916
3
312445
23436
4186
784378
367653
159895
6441
754606
3160
292995
17766
543403
32640
25200
12720
185136
589155
15225
52650
1151403
186355
512578
6216
253116
355746
133903
8778
128271
521731
700336
538203
84255
134421
371091
337431
505515
3
780
21736
10585
902496
955653
26106
214840
125751
7626
894453
224785
1565565
452676
32896
329266
39060
10585
1504245
510555
883785
123256
180901
111628
1314631
463203
199396
8001
5151
234955
207690
433846
487578
1433971
107880
147153
878475
300
385881
235641
591328
38226
71253
9591
274911
171405
213531
29161
49455
180300
887778
4186
18145
962578
766941
6
546535
5151
90525
595
326836
390286
1261666
331705
243951
124750
274170
250278
55278
1087075
433846
1481781
617716
104196
140715
253116
474825
94395
30628
5253
648091
485605
219453
292230
215496
403651
35511
13530
9591
426426
256686
6555
417241
417241
773146
6670
392941
39621
376278
152628
468996
424581
612171
866586
10011
362526
576201
966745
435711
58996
634501
464166
148785
88831
850860
10878
434778
844350
105111
70500
84255
161596
300700
495510
21321
421821
25878
940506
3240
208981
1376970
177310
190
1337430
237016
110215
165600
616605
6441
426426
294528
127765
19110
701520
223446
55
200661
182106
5253
322003
636756
570846
50086
1242676
196878
193131
65703
1540
484620
92665
471906
6
129795
35245
139656
1653
60378
1368685
62835
146611
23653
209628
818560
49141
93096
2278
22791
53628
225456
463203
63190
570846
1145341
197506
141246
1269621
175528
306936
929566
202566
478731
9591
10878
563391
690900
325
572985
1592220
6216
714610
131328
185136
899811
274170
807085
134421
109278
833986
3570
1116765
19110
28203
653796
18721
171
23220
183315
77815
520710
495510
101926
4278
153181
91
72390
721801
232221
1143828
22791
147153
71631
1486950
359976
17020
5778
11175
246051
213531
1128
174936
114481
492528
1711
1355481
27966
15225
608856
74691
703
1596
514605
139128
97461
550725
122265
528
249571
652653
1197378
463203
827541
3403
544446
55278
498501
597871
173166
212878
697971
29890
246051
195625
237016
816003
264628
54285
183921
1228528
109278
319600
332520
706266
717003
292995
592416
55611
81003
471906
85078
403651
16836
57970
528
48828
320400
406
236328
2926
780625
4186
253828
432915
383250
424581
61776
837865
723003
175528
339076
1347261
46056
1324378
3003
39060
255255
45
5671
200661
388521
1468041
786885
576201
116403
380628
32640
120
11175
56953
726615
97020
12090
32896
529935
768180
1292028
660675
1007490
569778
1237951
1317876
212878
22366
71253
245350
4371
170820
11935
16653
72771
379756
447931
378015
17766
62481
2556
2415
279378
185136
1143828
43365
228826
106953
725410
1225
334153
83436
628881
112101
173755
982101
37950
396495
186966
12090
413595
8646
875826
89676
381501
9045
10440
66795
350703
409965
457446
39060
1362075
1360425
7260
470935
549676
73920
1006071
648091
118341
64620
224115
25878
134940
260281
320400
120295
187578
330078
224785
821121
873181
5356
702705
2926
36
47895
5460
346528
518671
25200
54615
1445850
636756
398278
903
400960
75855
117370
780
11781
492528
208335
495510
231540
929566
11325
169071
590241
73536
63546
799480
697971
735078
50721
9870
685035
546535
39621
76245
61776
164451
378
1327635
183921
606651
125250
719400
1239525
817281
322806
164451
1
17020
6
575128
31125
364231
328455
301476
1445850
1388611
525825
1560261
115440
7750
1192740
46971
52650
13695
431056
489555
739936
391170
979300
635628
889111
1094460
79003
325
15
1530375
339900
400065
200028
1697403
926841
165600
512578
94395
46056
99681
14706
39621
1148370
1134771
8256
272691
2775
718201
101926
568711
25878
190036
146611
730236
63903
175528
81003
597871
890445
136
918690
407253
160461
717003
344865
351541
166753
566580
664128
48205
1871145
1653
280126
55611
432915
143916
451725
1292028
11781
153
166753
921403
186355
433846
56616
239086
96580
654940
132870
34453
19503
199396
285390
9453
180901
458403
1263255
58311
68635
78
4851
297606
214185
1653
108811
92235
153181
16836
595
12720
291466
343206
453628
400960
615495
65703
129795
113526
758296
48205
24531
283128
1127251
103285
85491
128778
122760
255255
13041
6670
343206
528
250986
17020
146611
453628
36
212878
84666
240471
35245
351
108345
1425516
505515
52650
41616
365940
784378
68265
983503
1276003
389403
84255
300
245350
10011
863955
253828
196251
125250
92235
66
903
20503
58311
169653
832695
22155
2850
748476
55
708645
814726
52003
64980
6216
830116
820
665281
57630
10878
149878
72771
337431
5778
10296
1037520
146611
202566
998991
937765
664128
107880
216153
151525
1043290
28441
10153
27730
738720
392055
917335
201930
259560
398278
1176
55278
124251
153735
83436
354903
1725153
6216
575128
285390
11325
1125750
90951
32896
110215
103285
494515
982101
32640
216811
2415
8128
619941
105
54615
37128
557040
50403
2775
354903
291466
415416
165025
416328
14878
58653
6670
121278
137550
397386
1021735
56280
446985
632250
67528
2850
236328
694431
128778
21528
56953
391170
1340703
485605
6441
2080
550725
242556
189420
109278
95703
469965
193131
848253
11628
29161
940506
252405
538203
16471
790653
443211
435
207690
1076778
1013176
820
505515
57970
69006
13861
237016
101475
27966
969528
4851
18145
844350
1122751
12561
8646
98346
36585
276
309291
611065
654940
32640
5671
314028
24310
990
68635
103740
731445
4186
5253
392055
1057785
45451
110685
108345
105111
51040
306153
863955
46056
643545
371091
1596
1711
400960
21528
140715
513591
30135
3160
278631
264628
158766
980700
82215
17020
339900
410871
288420
468028
475800
2775
681528
46360
65703
709836
976503
673380
26565
449826
10
26565
8256
190036
108345
14706
593505
199396
505515
203203
36856
107880
12720
664128
1268028
92235
963966
396495
152628
90100
854778
203841
55
226801
51681
378
35778
975106
21945
861328
592416
2211
234270
30135
605550
1035
423660
188191
180901
2278
498501
48516
1188111
45753
231
5778
1098903
96141
1047628
59340
909226
153735
739936
105570
17578
1212903
28920
29161
306153
8001
14028
35511
1378
20100
646953
10731
403651
120295
428275
10878
122265
7021
1378
359976
1003236
305371
332520
167331
152628
244650
334971
9591
1408681
977901
250278
201295
877150
134940
327645
201930
4950
1104841
15753
6555
302253
80200
541320
1546161
10011
570846
284635
182710
3403
454581
124750
373680
237705
323610
1309771
607753
139128
612171
14196
8001
14878
349866
235641
1352190
401856
55278
21321
52003
165600
170820
15576
261003
802011
119316
1711
314821
345696
63546
417241
1430586
87571
793170
410871
64261
541320
1417086
30628
300700
528
303810
67528
32385
305371
472878
146070
241165
5671
86320
7503
660675
40755
141778
268278
332520
167331
81003
362526
105
26565
40755
1020306
605550
190653
310866
275653
594595
309291
2701
279378
88831
60378
19110
49141
262450
363378
63546
15
12561
234955
1172746
36585
5778
7140
33930
159895
41616
1103355
7140
220116
227475
71253
12090
363378
4371
51681
473851
2850
231
845650
413595
30876
125751
105
192510
91
696790
243253
597871
253
1191196
358281
84666
435
1124250
18721
31878
37950
708645
44253
462241
1026028
92665
755835
13695
544446
24310
41328
594595
562330
61075
518671
1428895
50403
785631
75466
163306
54615
395605
435711
7260
6903
58996
523776
812175
51360
246051
386760
52975
23653
1225
17955
93961
410871
95266
1711
3486
161596
405450
645816
87571
28
320400
135981
374545
1181953
515620
9180
82215
303810
477753
33930
36
344865
1176
658378
711028
1085601
1275
705078
273430
2080
788140
732655
618828
741
1101870
95266
376278
1481781
529935
147153
590241
12720
557040
9730
225456
720600
11026
2556
56280
37401
3321
887778
47895
251695
465130
27730
397386
399171
31878
177310
28203
858705
21321
1113778
126253
68265
9453
306936
31626
38503
216153
101475
96580
13530
18915
37128
28441
658378
473851
346528
1194285
37950
1537381
526851
55
1303305
3741
21321
73920
193131
11325
505515
287661
4560
719400
65703
1301691
1805950
575128
114960
1420455
1462905
803278
64620
232903
251695
219453
111156
275653
1197378
1034641
23005
300700
425503
533028
278631
58311
35778
160461
111628
773146
240471
820
16653
114960
52650
180901
501501
133386
94830
66795
399171
146611
150426
807085
86736
611065
96141
1110795
76245
354903
4560
10878
141778
650370
24090
12561
148240
32131
867903
906531
72390
695610
534061
420903
630
15753
13861
294528
484620
897130
162165
3
21115
62481
23436
351
14706
216153
101025
1433971
49141
41328
139128
361675
242556
2850
43660
246051
10731
310078
49770
135981
1001820
65341
20301
26335
103285
502503
617716
188191
38503
360825
991936
504510
8001
31375
3741
78
48205
11935
49455
81406
473851
813450
419070
26565
286903
33411
295296
23653
25425
830116
583740
453628
54615
881128
4371
12561
109278
275653
474825
43956
143380
172578
134940
375411
444153
389403
1070916
286146
467061
128271
517653
16110
1076778
349866
174345
92235
925480
299925
124750
89676
32896
210
197506
715806
132355
57630
58996
268278
69378
69006
535095
52003
177310
88831
882456
53301
1171215
10
256686
516636
5886
1770
7140
300700
841753
176715
292995
10011
60031
9730
1462905
413595
326836
13695
93961
23436
5995
28203
534061
46056
14196
785631
105570
45753
37128
5565
753378
89676
2775
9870
106953
234270
666435
357435
35778
148785
130305
449826
1231665
35245
141246
234955
363378
778128
54285
364231
92235
13530
418155
41041
166176
635628
463203
648091
109278
15051
91806
195625
397386
2346
501501
470935
47278
235641
679195
20706
92665
132355
611065
35778
566580
233586
80200
50721
322806
186966
30628
818560
261726
74691
831405
863955
388521
378885
15931
1053426
120786
10296
1053426
79401
657231
130816
180300
462241
25425
744810
812175
574056
73536
190036
154290
597871
215496
1596
121278
294528
204480
381501
173166
73536
276396
49455
434778
1236378
55278
58996
49455
1271215
703
591328
23436
125250
20100
9870
300700
196251
45
158766
973710
340725
222778
465130
94395
190036
97903
8515
25651
156520
78
96141
24976
316410
41905
264628
13041
94395
409060
327645
325
166176
140715
419986
16836
182106
2016
163306
96580
124251
954271
104196
18915
1480060
441330
278631
666435
379756
24976
10
12090
969528
228150
133386
15
3916
390286
183315
813450
3655
1234806
46056
50721
92235
903840
920046
246753
1010331
557040
143380
460320
6670
2556
265356
188191
7750
113526
43956
2346
818560
157080
186966
34453
913276
91
110685
19110
1304920
848253
56953
165025
819840
305371
106491
150426
1596
258121
1540
426426
566580
378015
1174278
768180
1054878
210276
633375
170236
898470
901153
446040
7021
49455
98790
269745
183921
427350
301476
24976
138075
3
528906
19503
300700
997578
51040
198135
45451
12561
232221
56953
163306
297606
231
27261
28203
4851
395605
158203
496
1332528
62128
1024596
736291
19110
237705
765703
100128
997578
139656
141246
805815
210925
643545
67161
714610
12246
431985
1276003
720600
511566
220780
58653
80200
142845
191890
570846
121771
1500778
313236
376278
458403
297606
590241
1275
46971
48516
224115
1001820
365085
42486
206403
57291
717003
598965
100576
84255
1157481
267546
63190
1228528
318801
793170
464166
440391
906531
8001
1185030
368511
560211
344865
108345
148785
93528
146611
50721
1631721
496
41041
106030
544446
94830
612171
608856
83436
34980
397386
119316
3003
21945
65703
158766
241860
3240
20503
785631
16653
4465
51040
747253
175528
502503
154290
1391946
780625
445096
952890
533028
11628
121771
55611
314821
106030
1245831
4278
4656
430128
73920
557040
62835
314028
414505
519690
35778
35778
148785
53956
154846
1585090
182106
41041
605550
165600
1295245
890445
1449253
943251
741
769420
4465
487578
37128
2346
19701
429201
32896
580503
288420
91806
335790
354903
1401975
49141
435711
7750
1811656
20503
313236
2775
128778
492528
803278
3655
413595
47278
97461
658378
262450
307720
4950
128778
68265
224785
15753
157641
6216
403651
217470
52975
203841
1365378
6441
4186
54615
182710
75855
21945
11628
362526
840456
46971
1385280
465
87153
185136
427350
87990
395605
769420
130305
59685
247456
90525
157641
593505
113526
2485
114481
349030
1401975
496506
240471
231
2415
166176
1033203
243951
19110
17020
518671
210
229503
60378
136503
1711
94830
89253
64980
2016
640146
41041
6105
195625
6670
560211
349866
203203
660675
870540
1817371
8778
21736
87571
254541
641278
39903
143916
3828
8646
1063611
55945
37950
17391
279378
4465
738720
899811
302253
292995
7875
13861
228826
54946
186355
248865
486591
246051
790653
252405
488566
1140805
828828
93096
1261666
297606
83845
94395
861328
203841
466095
66
254541
73536
407253
266815
326028
10296
88410
865270
1176
601156
73920
26796
231
849556
3570
570846
189420
594595
848253
20706
3240
238395
249571
60726
1268028
76636
1444150
13366
6216
102831
1165101
62835
23653
106030
810901
3655
217470
1629915
712221
1148370
983503
73153
675703
658378
171
143380
341551
54285
875826
68265
146611
67161
331705
350703
190
926841
9730
376278
95703
3828
239778
1953
12403
30628
330891
106030
793170
1017451
84255
446985
266815
128778
1596
1137786
297606
764466
708645
499500
726615
99235
719400
248865
146070
10440
1802151
41905
983503
327645
260281
365940
1728870
706266
1209790
1219141
158766
1456071
515620
42195
158766
1149886
39621
57630
1523385
1142316
741153
281625
76245
703
9591
46971
20503
135981
12403
1431
138601
43660
2080
50086
709836
338253
725410
442270
8001
7140
621055
85491
102378
1953
132870
5050
133903
687378
113050
445096
42778
514605
15051
661825
946000
1456071
413595
894453
236328
56616
803278
16836
3741
70125
1127251
115921
494515
18721
643545
139128
44253
16110
8385
58653
322806
266815
387640
1183491
81810
1036080
473851
28
395605
359128
299925
53956
38503
292995
935028
461280
32131
2211
1334161
940506
973710
441330
91806
744810
358281
23653
221445
5778
2145
1014600
471906
1296855
1802151
70125
917335
24090
334971
326028
1
364231
270480
113050
534061
7875
635628
9591
4950
126756
234955
37401
20503
611065
1030330
290703
2080
946000
473851
6786
51681
505515
70500
281625
594595
975106
1418770
1021735
12246
385003
44850
80601
265356
159330
22366
37675
1174278
180901
5778
1027461
259560
598965
852165
27495
1059240
97461
43071
53301
18336
1701090
212878
25878
288420
526851
25878
296835
1192740
413595
3570
46665
124750
119805
514605
45
81406
656085
55945
98790
243253
465130
39340
246051
208981
131841
205120
828828
504510
170820
37675
692076
8515
7503
395605
24531
1314631
182710
558096
250986
23005
1275
44551
494515
524800
883785
16110
338253
626640
5565
9316
6786
637885
1388611
44551
703
21945
99235
344035
37950
911925
1100386
276396
1143828
780
6216
244650
1288815
43956
85905
79401
489555
1334161
9045
307720
56280
982101
5671
1662576
44551
278631
39340
47895
74305
43365
110685
363378
73920
997578
467061
809628
481671
322806
40470
778128
603351
4753
24310
1431
55611
173755
310078
1485
93961
11781
523776
74305
241860
301476
121278
525825
631126
894453
9870
45753
9870
256686
452676
946000
3240
388521
248160
531996
107416
75078
66066
1031766
4656
52975
3160
133903
708645
581581
207690
225456
12880
115921
1087075
38503
486591
750925
195625
432915
495510
490545
817281
511566
1332528
76245
1030330
89676
650370
14706
90525
163878
98346
325221
266085
32385
500500
116403
32640
1378
1532125
611065
975106
529935
24753
841753
297606
3655
279378
9870
202566
40755
351
77028
351
101475
489555
90525
53628
58311
57630
318003
523776
386760
16110
2211
168490
105111
114003
613278
178503
58996
166176
136
731445
23436
54285
58996
174345
66066
289941
270480
605550
1225
641278
186355
260281
564453
45451
142311
1027461
313236
69378
147696
277140
56953
217470
19900
498501
192510
881128
224785
359976
203203
135981
22366
95266
481671
38226
283128
96141
879801
843051
24531
237705
15051
510555
1176
1567335
250986
518671
41905
581581
37128
1556730
23653
4753
97903
858705
188805
34980
46665
189420
721801
3828
469965
87571
78606
160461
533028
9730
209628
113526
204480
159330
682696
547581
52975
9453
1277601
148785
74691
12246
1430586
147153
1783216
173755
79401
858705
4560
61425
7626
1622701
67896
285390
379756
1633528
29890
192510
405450
7140
38781
243253
607753
565516
292230
10440
409060
55
39060
5253
210276
285390
427350
17955
1711
8128
14028
509545
352380
1706628
713415
657231
394716
51360
1326
31375
136
220116
467061
830116
14535
458403
220780
180901
9180
95266
913276
19110
794430
294528
185745
16471
668746
5253
227475
673380
64620
14535
1830741
19900
12090
228826
14535
377146
1456071
212878
91378
541320
38781
70125
1462905
143380
768180
737505
81406
270480
562330
148785
329266
224785
321201
364231
8256
8911
219453
201930
713415
106953
103740
27261
628881
612171
911925
356590
121278
57291
683865
901153
214185
188805
5778
561
91378
306936
33930
158203
910575
25651
3741
23653
176121
630
820
425503
636756
173755
382375
1154440
313236
11476
39340
137026
76245
972315
298378
819840
44850
140715
19110
109278
873181
29646
277140
3
300
80601
115440
332520
88831
22791
422740
1275
210276
65341
36046
15400
1295245
1176
639015
1237951
578350
930930
9870
10585
55611
21945
222778
7260
50403
681528
426426
16836
1000405
991936
69751
53956
15576
178503
552826
151525
226801
21736
421821
105
54285
114481
129286
646953
28920
1067991
24310
560211
10585
37128
3321
2926
1248990
289180
472878
30628
94830
91806
1016025
42195
407253
496506
400065
913276
178503
99235
33670
158203
28203
13041
81003
41328
11026
474825
208335
11325
180300
553878
414505
807085
338253
1743778
26565
1047628
48205
1540
195625
1830
555985
128271
255970
153
18721
29161
376278
1003236
415416
987715
4371
93961
1139295
136
1106328
175528
660675
61425
1010331
218791
447931
265356
4851
12246
193131
45150
412686
152628
602253
30628
205120
826255
427350
894453
39340
60031
90525
191271
22791
506521
492528
148240
351
59340
21
1390278
608856
94395
26565
1276003
105111
77421
5565
611065
59340
4465
342378
83845
746031
6903
360825
9870
73153
1
1516411
378885
6670
594595
527878
22366
106030
482653
29403
4950
1098903
237705
1174278
496506
19503
146611
274170
14365
25200
421821
33930
72390
976503
16290
826255
1165101
25651
666435
41905
177906
132870
110685
615495
97903
820
903
703891
46665
946000
311655
68265
318801
678030
41328
351541
7626
5460
271953
506521
5151
162165
705078
19701
437580
286903
998991
16290
98790
471906
12246
26106
109278
1711
61776
14196
31375
23220
141246
213531
1209790
622170
9045
111628
52003
233586
81810
349030
282376
802011
72771
248160
893116
80601
318003
648091
11175
345696
6105
700336
33411
513591
83845
179101
91378
626640
91378
412686
903840
228150
39060
17205
81406
11628
231540
674541
12403
258121
42486
24753
619941
16836
266815
1337430
183921
343206
396495
477753
71631
1730730
378885
282376
642411
80601
81406
511566
91806
585903
95266
147696
376278
1849926
325
17578
344035
70500
292995
38226
564453
393828
21321
285390
816003
20301
1830
19900
181503
291466
414505
433846
219453
443211
98346
35511
50086
1233235
463203
137026
519690
596778
221445
666
289180
18336
30381
163306
96580
1053426
131841
34191
618828
440391
886446
49770
27028
59685
51360
460320
13530
7503
496
230181
193131
524800
1109305
62481
321201
1308153
489555
398278
349030
1185030
3828
818560
17955
54615
45753
57970
25200
637885
253
887778
46665
31626
753378
651511
1146855
298378
78606
326836
364231
180300
10011
379756
79003
19110
725410
780
656085
140715
63190
8001
69006
507528
250986
269745
826255
241860
2850
210925
431056
395605
976503
21321
28680
186355
4371
111628
1242676
96580
216811
11628
132355
986310
1594005
496
1423828
298378
24531
2016
182106
437580
250278
1225
149878
418155
417241
593505
357435
20301
793170
3
770661
78606
1011753
111156
27495
48205
20910
760761
212878
65341
7381
877150
780
146070
44253
382375
856086
4371
1891
5565
5050
584821
109746
7260
920046
841753
75466
979300
96580
149331
365085
143380
835278
111156
375411
264628
68635
323610
20503
397386
141778
194376
828828
471906
550725
1203576
494515
1385280
814726
106491
78606
150426
346528
493521
1308153
965355
129286
14196
580503
66066
25200
50721
442270
377146
1092981
13695
392941
475800
32385
169071
30381
907878
51681
1084128
955653
731445
26796
980700
97903
243951
510555
17391
177310
1459486
294528
106491
1035
1171215
866586
153181
636756
292995
7021
73536
159330
331705
361675
228826
31375
21115
216811
76245
79800
567645
108811
693253
124251
126756
1185030
1122751
755835
55945
257403
779376
60726
299151
316410
214185
108345
38226
426426
1581531
330891
664128
671061
113050
492528
605550
1044735
514605
10731
671061
127765
1695561
35778
29890
739936
833986
15225
3081
1212903
173755
843051
1091503
378015
467061
936396
67161
69751
1642578
1953
1668051
109278
379756
1011753
253
121278
97020
5050
46056
91806
7140
626640
17391
225456
6105
562330
5151
12403
69006
2775
409060
2211
903
145530
432915
208335
440391
213531
19701
326028
281625
2701
652653
15
6
1076778
51040
449826
385003
527878
194376
634501
268278
240471
120786
92665
775635
25651
1236378
399171
171
12720
91
1334161
109746
350703
41905
38226
7503
40755
2775
17578
210276
25878
205120
1635336
24531
87990
8128
377146
5671
17766
1290421
166176
68635
325
6555
439453
547581
117855
3655
1050525
65341
144453
214185
1509453
237016
352380
292230
55611
185136
38226
605550
282376
43365
157641
41616
507528
5253
1024596
607753
505515
566580
378885
79800
155403
10585
119805
14878
617716
365085
354903
193753
20301
415416
14878
337431
16110
915981
175528
96141
246051
318003
245350
113050
156520
124251
1139295
109746
11026
527878
314028
720600
163878
510555
713415
109746
41328
40186
82621
12561
10731
63546
141246
441330
55611
848253
1485
1000405
1169685
20910
809628
12880
526851
26565
1514670
3403
1128
821121
53301
3828
1633528
6903
495510
12090
36585
24310
72390
308505
73153
4095
174345
50403
40186
64261
13203
30876
1104841
378885
4656
831405
233586
966745
852165
540280
313236
63190
158203
77028
5671
94395
209628
789396
261003
853471
213531
321201
49770
378
2080
26796
351
21736
13366
66430
51360
141778
666435
739936
1714026
132355
70125
106491
113050
283881
924120
331705
3
21528
50086
1219141
543403
242556
95266
4465
115440
122760
32640
1176
180300
922761
589155
92665
986310
427350
309291
597871
108345
9730
11781
715806
674541
287661
32131
715806
5151
85491
106030
1035
18336
68265
189420
193131
8778
56616
490545
200028
90951
85491
7381
54946
244650
126253
29403
144991
56280
87153
522753
456490
135460
21945
91806
200661
16110
727821
486591
21
438516
714610
543403
168490
28203
220780
990
572985
788140
21
250278
5460
686206
370230
843051
91806
464166
603351
348195
107416
482653
503506
1101870
1512930
39060
143916
625521
862641
313236
3741
453628
59340
590241
14706
143916
653796
30628
719400
98790
360825
465
176715
1
198765
1223830
396495
561
101926
482653
234270
10
937765
351
230860
2016
920046
11325
24090
136503
206403
570846
447931
604450
39340
406
1830
3655
68265
812175
32131
123256
44253
20706
136503
46665
1078246
248865
8256
14365
77815
10
6328
6105
19503
12090
666435
216153
60726
44850
83436
514605
288420
127260
305371
150975
363378
820
1172746
34453
210925
9870
182106
265356
218130
1525131
289180
28
858705
456490
1134771
470935
35511
1020306
307720
104196
1585090
901153
568711
776881
1628110
56953
34453
166176
1125750
431985
93961
28
210276
673380
377146
4950
5565
1038961
2211
447931
685035
901153
1457778
485605
1082656
118828
21945
171
562330
7260
1140805
53301
55278
238395
375411
57970
102831
1016025
5565
525825
133903
45451
68265
279378
685035
1417086
270480
703
7503
217470
315615
406351
59340
1514670
466095
478731
62835
20503
234955
863955
14196
714610
528906
857395
94395
3321
45
35778
731445
578350
314028
52975
589155
8778
59685
104196
9870
4753
336610
6
76636
161596
963966
578350
952890
28
26335
44850
135981
3741
22155
1385280
7750
11325
117855
861
1495585
813450
673380
13530
234955
270480
1648020
36046
7503
7875
595
487578
378885
185136
533028
29403
297606
196251
22366
263175
528
1100386
195000
16653
534061
11476
93528
237705
1415403
875826
13203
44850
287661
147696
720600
300700
3570
1028895
170236
805815
809628
516636
2211
53628
30628
1340703
87571
212226
73536
56953
1633528
73153
176715
1176
624403
322003
89253
96580
14365
136
8256
13203
2415
969528
1378
238395
245350
259560
1516411
278631
87571
25651
189420
316410
210925
72771
111628
695610
251695
69751
54285
619941
429201
365940
559153
66430
129795
137026
1432278
84255
987715
652653
1088550
666
62835
6105
4278
432915
685035
496
177310
21115
11026
27730
38781
298378
139656
775635
1756875
733866
323610
36856
7021
538203
18915
35778
899811
5151
11476
53956
66795
7503
243951
408156
763230
654940
167910
754606
415416
661825
361675
2485
783126
1405326
1562028
13695
311655
17955
48205
1258491
3570
79401
899811
377146
11781
509545
416328
130816
261003
2926
6441
269745
653796
11476
554931
252405
17766
136
62128
19900
616605
322003
43956
637885
705078
378015
333336
28680
3916
703891
132870
1485
1569106
310078
1027461
296835
139656
20301
1393615
11476
50721
70125
119316
607753
863955
1276003
55
12880
970921
305371
37401
741
713415
68265
1001820
840456
1073845
152628
43071
143916
88831
144453
19701
545490
218791
129286
914628
3741
250278
153
12090
299925
223446
3655
27730
34453
423660
180300
514605
2485
29403
79800
1046181
394716
1378
435
4950
1711
468028
106491
1781328
1519896
112575
30381
28
89676
299925
1149886
42486
131841
1326
1358776
206403
278631
1225
433846
1247410
14706
125250
14878
793170
3240
43365
198765
156520
4095
67161
286146
514605
232221
966745
14365
113526
935028
283881
653796
10153
151525
365940
753378
744810
1334161
1326
1690041
147696
1891
18915
13366
7503
435711
173755
239778
353220
57291
149331
149878
539241
47586
570846
7875
62481
409060
263175
6903
958420
1540
644680
285390
609960
35778
1355481
159895
504510
323610
5253
406
1031766
41905
1225
604450
23005
31878
9045
101025
449826
403651
47278
63903
30876
1431
26106
12090
318801
186355
122265
484620
870540
373680
267546
71253
4278
326028
250278
17391
252405
480690
1371996
44551
4095
5995
87571
205761
7381
25878
66
250986
291466
6670
152076
94395
1762503
523776
1026028
85905
28680
143916
62835
30381
21528
1358776
2278
36
449826
47895
4753
615495
120295
726615
20706
125250
11476
841753
563391
862641
1220703
1101870
198135
109746
153
448878
15753
33670
6903
1225
165600
1457778
83436
656085
326836
574056
14028
210
1485
113050
3240
57291
352380
97020
524800
82621
253828
216153
369370
1642578
906531
54615
366796
251695
16836
788140
705078
330078
341551
289180
6903
142311
1485
366796
1321125
365940
87990
15051
111628
4005
623286
1435665
776881
23871
673380
35511
40186
6786
10585
110215
30628
11476
108345
1378
725410
591328
1057785
170820
11476
19701
2346
37401
8646
25878
230181
611065
5050
4186
200661
1125750
91806
407253
208981
25425
435
13861
157080
21115
15931
115440
24310
270480
28920
98346
1640766
351
845650
17020
1228528
1181953
675703
351
11628
113526
141246
15225
15
316410
616605
307720
113526
367653
14365
1497315
175528
882456
115921
946
83845
53628
181503
381501
1953
1095940
1635336
78
1953
293761
110685
243951
1303305
6670
50721
12403
672220
528
224785
68635
216811
1403650
128271
14878
662976
9453
302253
372816
78210
874503
190036
446985
856086
21321
759528
496
22791
564453
173755
1056331
674541
285390
95703
29161
169071
7875
552826
666
661825
483636
426426
943251
92665
659526
1504245
4371
843051
300
27028
43365
143916
498501
874503
391170
633375
630003
552826
434778
688551
8778
1539135
13530
248160
813450
595
29890
330891
49141
41041
28
711028
545490
68635
151525
54285
214840
804546
125250
228826
68635
594595
123753
151525
73536
4005
306153
15400
1412040
1301691
26335
571915
18528
280126
982101
27261
3160
87990
743590
97461
79003
106491
595686
476776
695610
128271
35511
439453
172578
318801
4186
37128
15051
31125
136
28441
260281
24310
887778
295296
98790
339900
75078
183315
134421
42486
749700
2211
1804050
57630
50403
104653
809628
89676
83028
330078
11325
465130
109746
217470
235641
12246
322003
519690
37675
915981
1770
348195
336610
13530
18721
1208235
937765
333336
93096
21321
23005
339076
1188111
34716
96141
465
1030330
544446
1505980
230860
9045
120295
400065
467061
131328
933661
106491
1001820
10
199396
1165101
438516
10585
124750
220780
309291
1521640
902496
195000
2145
1107816
703
364231
516636
1047628
1316253
179700
14878
725410
735078
13203
435711
19110
99235
1256905
270480
10878
184528
1244253
18336
198765
47586
2346
200028
1163575
475800
216811
5356
14535
1395285
692076
11781
3916
1439056
2346
6441
190
359976
50403
593505
31626
102378
19701
27028
68265
188805
1953
585903
1162050
1072380
8778
529935
404550
90951
257403
555985
65703
6786
106030
7750
746031
23220
269745
635628
56616
1846081
703
443211
854778
5565
161596
501501
226801
946
6216
20706
1247410
15931
241860
110215
96580
760761
630
816003
175528
482653
153
17020
154290
24976
10731
28441
260281
27495
143916
374545
284635
71631
218791
118341
351541
76636
21115
136503
375411
1562028
39340
1664400
109746
90525
295296
396495
32131
739936
560211
125250
119316
918690
311655
171
143380
711028
909226
88410
1004653
7626
796953
6786
1890540
4851
1127251
286903
17766
475800
307720
20503
77815
4371
92235
115440
920046
179101
1664400
578350
1282401
12246
435711
310866
53956
246051
135981
6105
46971
759528
14878
35778
52975
39621
258840
70876
231
316410
124251
512578
177310
68265
195625
1540
3486
53628
405450
37950
33153
185136
82215
110215
1547920
474825
13203
290703
958420
127765
105570
257403
510555
1181953
392055
385003
1485
63190
11781
563391
741
387640
40186
617716
1081
24310
12403
193753
49770
539241
45
38503
223446
200028
850860
104653
292995
37950
881128
3321
902496
392941
1217580
229503
26796
848253
137550
36315
13695
903
412686
423660
14196
1362075
1770
102831
903
713415
69751
127765
106953
1821186
253116
785631
461280
570846
101475
253
24531
377146
166753
376278
159330
428275
283128
70125
153
18336
639015
810901
574056
300
195000
15931
21
3486
1378
307720
643545
701520
340725
27028
230860
3486
19900
383250
601156
113526
332520
353220
4950
433846
9453
1200475
91806
355746
96141
307720
18336
22155
4753
254541
72010
37950
819840
1408681
343206
309291
274911
2415
750925
298378
39340
298378
176715
1231665
31375
1176
21321
336610
3321
1034641
1830
2346
993345
231
399171
28
207046
439453
1526878
33670
568711
717003
540280
276
671061
37675
940506
1430586
1197378
234270
93961
239778
1043290
903840
2080
253116
29646
19503
1653
27730
918690
6
817281
468028
189420
259560
221445
299151
1431
871860
1493856
1018878
40755
360825
214185
218791
3003
171991
253116
168490
102378
3916
879801
1375311
504510
129286
465
73153
1125750
708645
1390278
16290
8646
155403
212878
378
100128
85905
572985
186355
269011
50403
182710
35778
1855701
296835
23005
1635336
38781
28441
6903
165600
20910
409965
77815
534061
50721
1781328
1418770
41328
616605
126253
48516
210925
3160
95266
679195
442270
56280
48828
17578
106491
1840321
14535
185136
113526
703891
442270
45
188191
13695
43365
2415
325
232903
324415
48205
85491
5671
1154440
6555
1033203
77421
903
120
55278
68635
1136278
276
5253
339076
426426
86320
192510
85078
21528
112101
191271
66795
15
158766
11935
256686
23436
344865
314821
294528
378885
182106
15400
62128
861328
64261
410871
64980
90100
1497315
1034641
427350
566580
231
286146
3486
224115
375411
595
594595
37401
70500
56616
7626
56280
64620
1166628
99235
41905
1473186
820
24976
451725
340725
50086
92665
227475
489555
737505
277885
845650
28
805815
477753
1053426
1001820
819840
324415
786885
34716
46056
600060
901153
21
483636
282376
9453
666435
143380
518671
569778
276396
1464616
511566
62128
115921
421821
182106
258840
617716
15051
432915
561
39060
4186
272691
294528
55611
746031
259560
28203
1313010
416328
1502511
26335
701520
579426
531996
118341
564453
148240
1260078
129286
924120
419986
44253
392941
111628
193753
53301
676866
54615
1034641
201930
100576
669903
63546
1181953
741
1018878
106953
22155
107416
27261
1145341
1091503
451725
5460
144991
215496
7381
301476
807085
52650
1106328
1540
30381
1163575
53956
67161
184528
20503
72390
275653
810901
28203
1006071
861328
373680
345696
644680
33930
133903
352380
996166
220116
274911
354061
1680861
69006
516636
176121
2346
281625
66795
123256
246051
13695
7021
170820
23005
6216
373680
83845
664128
106491
432915
448878
55945
36
38781
1241100
442270
61776
781875
102831
141778
91806
14196
529935
246753
121771
1034641
342378
212226
646953
63903
674541
111156
103740
7875
2701
19503
52650
707455
47895
21115
653796
300
62128
707455
6216
148240
1067991
27730
1023165
25425
237705
1128
217470
171
36046
8128
476776
180901
371953
635628
906531
2701
761995
318801
57970
67528
148785
1378
875826
1206681
17578
862641
75855
20910
1225
27261
700336
536130
10731
158766
4371
11935
5995
113050
77421
990
133386
31375
112101
375411
11026
208981
112575
87571
4371
159330
59340
203203
651511
1202025
771903
100128
52975
5671
168490
296065
773146
295296
205761
15051
337431
624403
156520
70500
50403
101926
104653
1314631
296835
785631
831405
29403
562330
878475
455535
33930
392055
459361
10
286146
12403
188191
176121
760761
277885
1206681
16471
34980
196878
929566
30135
38781
44253
243951
325
184528
26796
1067991
487578
8515
3003
1183491
424581
520710
300
826255
319600
70876
196251
181503
95703
4753
1390278
43071
139656
33411
3321
15576
987715
471906
353220
465
223446
178503
196878
1231665
316410
547581
285390
102831
120786
283128
34191
1234806
162735
157641
28920
184528
153735
6555
4005
329266
642411
1662576
276396
169653
1137786
17578
1230096
148785
1301691
93096
62481
7626
31626
8515
138601
1035
298378
232221
13041
286903
404550
23871
64980
335790
7750
110215
474825
425503
426426
91806
351541
57291
351
24090
65341
1094460
155403
579426
1109305
105
595
29646
176715
83436
354061
442270
234270
162165
231
715806
395605
866586
7260
34191
885115
1367031
157080
551775
25425
1437360
8778
92665
2415
134421
13861
110685
156520
959805
666
337431
154290
784378
4560
414505
750925
184528
794430
39621
36
393828
358281
393828
352380
11781
169071
6105
142311
408156
766941
546535
96141
89676
117855
166176
54946
56280
211575
139656
673380
497503
218791
385003
11175
14706
1143828
19306
26335
215496
241860
1226961
196251
365085
21115
120295
32385
103740
973710
1590436
79401
108345
548628
174345
5886
90951
57970
453628
1830
550725
380628
118341
88410
435
8646
773146
41328
763230
71631
432915
567645
5460
1574425
1540
150426
45753
170236
1225
146611
678030
120
383250
106030
13695
1330896
224785
1717731
665281
13203
1100386
1044735
17205
45150
540280
1953
581581
1047628
1604736
29161
114003
271953
561
2628
97903
26565
12090
625521
38781
121278
183921
528906
540280
5565
33411
259560
788140
542361
1362075
496
86320
66066
73153
6328
458403
92235
666435
56616
16471
630003
46360
1047628
82621
16653
656085
207046
93528
1094460
719400
40470
294528
19306
103740
16110
520710
89676
15
18915
108811
19110
129795
80200
439453
228150
307720
49455
693253
126756
196878
431985
172578
243253
211575
106030
12403
289180
76636
73920
1008910
472878
378
283881
11325
1586871
71631
93528
266815
289180
232903
674541
350703
118828
94830
231540
34980
126253
51360
144453
19503
278631
325
683865
362526
4753
668746
1867278
651511
94830
990
658378
1236378
668746
417241
242556
602253
783126
41041
86320
1035
6105
561270
390286
582660
176121
69006
406351
23005
344035
4656
1008910
132355
1390278
34191
627760
1253736
699153
176715
911925
138075
250278
181503
687378
1492128
70125
395605
7021
44850
1701090
941878
35778
6216
339900
109278
147696
17955
453628
557040
252405
16110
1762503
607753
588070
45451
405450
996166
38503
1124250
37950
201930
82621
711028
47278
124251
441330
6216
64261
776881
19110
218791
11476
75078
184528
385881
102831
38226
191271
25878
1488675
1275
45150
66795
184528
120786
134940
232903
286903
600060
527878
43956
1143828
60726
24090
465
451725
231
66795
1830
54615
215496
793170
15576
1004653
143916
784378
292230
148240
131328
46971
701520
1081185
840456
8778
909226
275653
192510
78
350703
126253
123256
34716
336610
72390
116886
27028
447931
133903
1335795
186355
1738180
37128
46665
11781
182710
667590
1236378
39903
4278
818560
338253
1502511
37128
5050
989121
7750
32896
6441
93096
44551
518671
194376
41041
200028
292230
34453
12403
1067991
1830
941878
480690
1212903
36046
1082656
234955
205120
67528
133903
899811
19701
678030
889111
310866
147153
127260
785631
86320
1256905
1109305
461280
562330
1563796
70125
392055
149331
99681
88410
554931
36585
1540
52975
1830
43660
28441
4465
60378
325221
162165
774390
35778
123753
1140805
11175
9045
409965
601156
537166
361675
117370
11476
191890
2346
51681
9180
232903
263175
310866
93096
687378
589155
468028
227475
341551
577275
193131
1023165
203841
866586
226128
64620
10011
708645
951510
248865
8778
901153
1128
746031
97903
395605
106953
1519896
119805
2278
522753
18721
35511
724206
513591
50086
309291
1540
47586
8778
18915
30381
525825
1533876
2080
195000
2701
1347261
255255
737505
48828
368511
625521
114481
169071
9870
741
174936
179101
10296
128271
162165
381501
4753
2016
1596
481671
338253
14196
1222266
34980
330078
9316
302253
8911
632250
199396
279378
235641
119316
179101
378885
323610
151525
194376
95703
7260
9045
135981
6786
13366
832695
768180
4950
160461
8911
473851
1596
943251
5050
552826
2415
82215
861328
517653
85078
4656
58996
567645
595
526851
643545
679195
35778
8128
476776
16653
7140
236328
353220
47278
324415
1275
426426
81406
1431
81003
62128
73920
862641
1166628
197506
901153
277885
703
881128
654940
88831
831405
223446
29890
324415
162735
21321
12720
362526
989121
77815
53628
165600
1540
37401
1540
276
15576
3655
234955
539241
898470
5886
17955
627760
1070916
780
173755
336610
299151
15753
261726
16471
370230
550725
382375
581581
585903
45451
1365378
150975
7503
179101
37950
78
62481
21945
47586
40186
13695
52326
607753
3570
73153
649230
95266
83436
40755
935028
613278
198135
281625
148240
857395
4095
35778
106491
16110
579426
86736
425503
28920
354903
363378
1296855
28920
180901
28441
4950
296065
71631
966745
23653
541320
930930
11175
50721
2775
190
47586
224785
546535
590241
503506
273430
43365
36856
252405
1258491
579426
300700
173166
23653
246051
266085
28203
34980
608856
1228528
377146
105570
1026028
27028
18145
272691
898470
124750
224115
179101
29403
75855
353220
4371
97461
571915
8001
465
89676
184528
402753
1225
1049076
129286
16471
360825
52975
1053426
454581
127765
124251
190036
332520
324415
758296
5778
406351
73920
13041
13366
51040
946
33670
9591
393828
308505
30876
27730
114003
72771
205120
10731
23653
193131
371091
1263255
135981
362526
25200
818560
78606
127260
209628
165600
678030
103285
266085
100128
1326006
489555
311655
85491
154846
1794565
120
24976
823686
245350
495510
145530
32896
58653
675703
1953
9453
415416
1430586
3240
292995
64620
850860
366796
174345
23436
43071
157641
83845
1174278
930930
41616
88831
197506
377146
438516
155403
2628
1021735
10878
941878
277885
41616
1560261
1274406
1865346
416328
224785
1464616
368511
221445
86736
191890
597871
12403
881128
255970
161596
2850
549676
154846
4095
21
696790
321201
55278
62835
409965
749700
24753
393828
528
10011
41905
220780
630
49770
198765
330891
39060
8911
159330
921403
24531
114481
558096
6
513591
151525
435
41328
496506
216153
60031
148240
1044735
148240
344035
98346
1081
688551
174345
8256
856086
219453
62835
35778
441330
39340
4095
139128
42778
5356
509545
1082656
198765
9453
380628
347361
5995
106953
139656
79003
883785
484620
271216
465
187578
508536
176121
198135
589155
737505
299925
60378
26565
201930
104196
22578
40186
47586
91
164451
228826
152628
62481
362526
182710
57970
104653
36315
14028
34716
1540
83436
52003
21945
127260
1288815
2556
265356
1396956
973710
1076778
53956
781875
516636
136503
549676
39621
8515
289180
558096
40755
1181953
77421
123753
114003
234270
201295
71631
406
946000
701520
529935
1222266
253
1326006
9316
1673535
371091
91
1417086
558096
294528
521731
255970
105
125751
1059240
23005
97020
93096
113526
1008910
344865
554931
11175
53956
1526878
218130
10731
36315
115921
568711
1031766
148785
191271
703
739936
817281
182710
315615
137026
540280
168490
233586
288420
46360
1393615
34980
1546161
253
184528
963966
881128
23005
750925
32131
446985
422740
1110795
32385
325
14196
1008910
6441
17578
666435
630
255970
95266
512578
759528
15051
11935
621055
525825
2485
581581
972315
109278
53956
812175
148785
185745
230181
1030330
2556
812175
153
318801
1542646
53301
816003
79800
85078
101475
712221
416328
1160526
952890
87571
1131760
170236
8001
1790778
75855
99235
1658931
66795
709836
297606
144453
5050
194376
3741
705078
40186
860016
306936
7021
1175811
485605
506521
654940
179700
14196
720600
111628
15051
269745
156520
277140
34453
97461
28441
9045
741
249571
1892485
227475
255255
249571
25651
748476
640146
64620
27730
933661
22155
359128
1326
362526
23653
65341
411778
192510
14706
7381
283881
1188111
262450
81003
478731
105111
9045
52326
547581
19306
61075
1007490
15753
132870
7626
2211
359128
15225
182710
185136
4005
65341
228150
82215
9180
311655
95266
31125
211575
32385
56280
325
130816
65703
528
205761
1337430
182106
3160
1378
823686
322003
253828
105
359128
24976
155961
224115
52975
1094460
385881
61425
156520
135460
63546
2415
1171215
215496
72390
146611
157080
31626
48828
342378
6786
210
15051
527878
250986
833986
780
1172746
300
903840
659526
269011
887778
139656
157641
74305
63546
28203
519690
30135
239778
281625
1540890
12561
236328
25878
989121
94830
1176
935028
21321
1408681
43956
55945
1823095
47278
16653
159330
37950
60726
79003
700336
391170
410871
134421
205761
148785
107880
5886
68635
42486
89676
2211
210
1041846
846951
166753
344865
47278
47586
195625
1067991
230860
31125
434778
24976
1275
887778
127260
504510
206403
19110
1211346
514605
1653
522753
221445
10011
284635
2850
56953
35245
314821
1081
93096
85491
45753
27966
496
636756
23220
98790
893116
19503
84255
169071
20706
915981
5253
196251
242556
21528
541320
220116
5356
1236378
451725
57291
126253
69751
8646
484620
8778
180300
508536
25878
1248990
83845
82215
1155960
143380
2556
699153
299925
25200
182710
5995
692076
71631
713415
1813560
191890
1060696
38781
720600
1485
375411
993345
140715
50086
1094460
685035
6555
12720
7021
108811
51040
241860
69751
59685
36856
224115
14365
136503
553878
621055
122760
264628
41616
23653
615495
561
25878
485605
944625
110215
61425
857395
1051975
1570878
1128
1635336
67161
778128
126756
4371
1657110
421821
222778
224785
153735
668746
81406
288420
205761
1851850
909226
590241
833986
1604736
845650
422740
62128
433846
3570
239086
18145
101475
55278
31626
248865
214840
19900
144991
84666
188805
464166
331705
114003
182710
48828
715806
341551
41905
83436
108345
363378
64980
1891
382375
768180
1087075
368511
49141
72010
16110
82215
94395
18721
3741
437580
29646
18336
136503
253116
259560
1010331
27966
555985
1633528
77815
331705
32640
271953
60031
27261
250278
1953
23871
135460
78
158766
26796
28
520710
1258491
25651
203841
890445
1146855
769420
85078
1275
478731
27261
400065
1313010
608856
109278
1081185
287661
1189653
139656
536130
487578
637885
1792671
1191196
4950
1770021
3828
152628
891780
1596
290703
444153
410871
509545
118341
234955
768180
183315
1425516
400960
2926
266815
1570878
944625
545490
5778
50086
1081
28203
666
390286
1194285
713415
1124250
157080
88410
10296
379756
79800
82215
925480
417241
643545
990528
60031
1038961
231540
1101870
1485
231
2415
4753
4186
6105
596778
250278
36585
38503
984906
9045
966745
78210
33670
289180
306936
83028
1540
159330
890445
7750
71631
14706
105570
208981
7875
105
820
260281
1540
16110
72390
45753
373680
1447551
8256
469965
577275
233586
73920
764466
274911
270480
318801
283128
44551
4465
1485
3403
281625
208981
43365
625521
692076
774390
803278
142311
770661
2628
55945
45753
247456
141778
4371
140185
216153
1070916
120786
685035
4278
17766
3403
41616
10585
34191
596778
9591
2926
731445
625521
325221
88831
184528
230181
25651
41328
25878
2346
382375
266815
26565
512578
14365
594595
179101
618828
17578
7875
147696
32896
38503
118828
261726
239778
14878
631126
432915
14365
6216
1711
755835
15400
160461
5671
1532125
6786
21528
241165
521731
640146
122265
261003
790653
18721
529935
3655
116403
46971
389403
630003
34453
101926
114003
36585
850860
166753
53301
197506
107880
249571
572985
26565
66066
1345620
447931
343206
59685
49770
939135
785631
51360
2346
330891
81003
436645
653796
1493856
3081
1540
778128
60726
23220
310078
1539135
26335
52975
1062153
83845
12246
465
79003
76245
780
389403
603351
1146855
739936
11026
175528
478731
48828
1180416
446985
138075
467061
44850
156520
528
389403
237705
1037520
53628
1225
21321
139128
169653
29161
455535
274911
201930
68265
763230
283128
310866
42195
31375
45451
703
2415
1178880
141246
117855
132870
297606
903
73153
20301
17766
349866
177310
106491
369370
4950
132355
410871
1017451
341551
2016
408156
25878
243253
190036
5886
10153
23005
813450
11628
791911
793170
39340
977901
170236
55945
163878
203841
1142316
50721
458403
799480
189420
193131
68265
466095
208981
33153
173166
897130
428275
1427205
392941
296835
385881
149331
241165
400065
627760
10878
193131
633375
208335
2415
46971
153735
253116
558096
653796
921403
179101
69751
977901
113050
109278
392941
2211
563391
394716
49455
966745
52326
176715
958420
3240
168490
877150
771903
84666
228150
112101
378
1028895
487578
1324378
741
15931
333336
20100
9045
247456
160461
572985
234270
148240
67896
125250
56953
630
648091
201930
47586
183315
2701
889111
8385
176715
419986
153
64261
207690
47586
62128
32640
528906
730236
15
117370
899811
239086
95703
446985
114960
721801
135460
1033203
7140
804546
37950
328455
86320
844350
296835
463203
325
8778
24976
15753
65341
193753
419986
64980
15576
903840
2278
3828
134421
166176
365085
1378
64261
53956
200028
6
135460
129795
238395
82621
183921
34191
608856
344035
33411
44850
1081
133386
644680
508536
50721
7503
76245
40186
731445
1124250
362526
682696
97903
7021
87153
609960
167331
146070
32896
658378
666435
404550
78606
279378
435711
157641
20100
9180
264628
680361
79401
1648020
1070916
775635
24531
889111
430128
119316
177906
555985
12246
59340
203203
234955
1118260
802011
147696
1225
21945
167910
241860
277885
321201
455535
339900
1357128
180901
816003
126756
339900
420903
4095
11476
232903
283128
224785
129286
982101
55611
11935
174936
16836
622170
6670
1953
846951
46665
754606
335790
365085
117370
741
34191
217470
130816
1562028
447931
260281
31125
46056
55278
195625
148785
90951
651511
47586
188805
2211
642411
1073845
1493856
246753
310866
414505
451725
746031
23220
174345
721801
249571
34716
5356
534061
97461
91378
112575
182106
690900
671061
598965
448878
562330
263175
16471
865270
15
605550
34191
979300
23436
3
212226
1028895
88410
150426
13861
431985
221445
391170
80601
1393615
127765
210
343206
20503
1189653
380628
370230
951510
976503
420903
57291
711028
12561
720600
273430
913276
255970
21321
91
12720
19900
4278
823686
395605
462241
34980
21528
36585
765703
348195
616605
149331
24753
134421
49141
53628
780
737505
91806
72390
158766
129286
547581
14706
123753
1081
126253
234270
1615503
41041
6555
4186
9180
401856
400960
1014600
37675
271216
1103355
779376
169653
193753
314028
208335
18915
78210
302253
2556
502503
191271
166753
247456
280875
283128
1326
795691
20503
951510
151525
320400
527878
680361
91378
263901
1054878
18915
22791
1006071
114481
20301
49770
10
46971
529935
169653
77028
16110
1013176
636756
844350
330078
718201
1275
695610
81003
533028
907878
62128
136
658378
73536
9870
157080
678030
148785
30381
90525
234270
186355
67896
430128
604450
401856
83845
200028
873181
950131
918690
635628
937765
53628
101926
270480
400960
24310
393828
226801
41041
426426
367653
441330
17578
496
75855
924120
31878
604450
81406
10440
28920
162735
231
628881
902496
17020
1413721
804546
233586
227475
82621
140185
34453
250986
3
406
8385
45150
7260
304590
902496
206403
4656
1679028
129286
419986
1023165
26335
91378
946
99681
10011
614386
12403
504510
112575
4465
52650
4095
392055
64620
137026
8001
300700
909226
440391
347361
986310
421821
944625
49770
32385
48828
1258491
27966
46971
737505
1682695
17766
75855
3486
603351
564453
72010
94830
4753
364231
41328
28441
17020
885115
965355
177310
165600
231
1056331
258840
211575
32640
55945
64620
367653
2556
75078
12720
204480
186355
1540
45150
1596
2926
15931
82215
738720
1087075
207046
140185
72390
238395
45451
22155
210276
477753
75466
64620
1766260
40755
668746
297606
468996
250986
496
149331
44253
223446
87571
549676
326836
679195
308505
861328
128778
662976
939135
251695
130816
561
286146
105570
11026
943251
1256905
56280
1107816
4371
251695
132870
54615
140715
257403
249571
282376
1371996
4753
561270
431056
190653
151525
66795
9316
325
135981
79401
1211346
116886
15400
822403
597871
400960
15576
190653
958420
820
45753
5886
637885
456490
8646
4465
188805
370230
13861
6670
5253
175528
136503
1125750
1345620
578350
434778
1282401
2850
117370
462241
25651
1091503
97461
92665
284635
233586
442270
17955
1043290
63903
171991
69378
71253
656085
155961
233586
1669878
139128
743590
182710
154290
16110
460320
11325
380628
548628
843051
66
248865
463203
211575
71631
975106
640146
489555
8515
66
130305
820
561270
3486
45451
489555
125751
147153
831405
165600
278631
169071
62481
1128
66066
178503
246753
128271
19701
24310
1345620
618828
415416
6
230860
6670
30876
1176
73536
657231
125250
37950
254541
465
55278
47278
640146
712221
53628
2016
946000
40755
42778
140715
25651
163878
903840
20100
21115
989121
113526
1085601
650370
215496
7750
126253
400065
202566
1060696
32640
1222266
345696
1046181
114481
265356
8515
73920
531996
188191
88410
58653
508536
140185
15225
122265
292995
272691
439453
907878
67896
232903
91
46360
47278
177906
11325
210
10153
131328
1570878
105570
175528
12403
92235
1030330
452676
818560
48205
1653
202566
1390278
351541
32131
29161
543403
1264845
28203
99235
520710
258121
103740
100128
717003
18145
43365
48205
93961
459361
17955
293761
55
180901
932295
47895
182106
324415
15931
1544403
222111
685035
44850
162165
49141
92235
561270
28203
72390
537166
5886
11476
364231
5151
395605
496
415416
255255
198765
7260
122760
427350
44253
42486
11476
13366
8778
490545
222778
419986
396495
316410
64980
280875
312445
35245
798216
268278
51040
664128
14706
131328
220780
1230096
775635
760761
185745
148240
21321
1239525
130816
386760
276
471906
75466
697971
1118260
142311
680361
130816
40470
289180
21736
404550
603351
123256
137026
371953
496506
306153
1269621
1326
51040
1813560
36856
1195831
61776
26335
241860
36856
674541
491536
813450
1018878
3828
53628
9045
1891
24090
57630
428275
183921
109278
6105
13530
94395
12246
209628
848253
417241
276
98790
1378
496
3916
22155
295296
750925
171
1256905
85905
134940
1081
266815
276396
215496
162735
773146
12246
394716
109278
1473186
106491
8778
30381
1830
388521
90951
31375
214840
239778
86320
108811
339076
1026028
32896
277140
542361
437580
13695
697971
642411
709836
541320
101025
594595
240471
67161
359976
3655
257403
12403
11781
48516
21736
145530
521731
196878
254541
72771
43365
667590
5151
196251
431056
119805
537166
1176
111156
41328
349030
44253
77028
171
568711
583740
91
462241
78606
203203
365085
512578
1046181
592416
31626
194376
1046181
404550
112575
319600
13203
171405
21528
780
23871
1277601
132870
22578
112101
29646
1329265
705078
365940
57630
54285
153181
141778
464166
210276
70500
205120
425503
16110
24976
173755
624403
28203
407253
1532125
67896
75466
292230
222778
88831
152076
1256905
808356
89253
409965
294528
24310
458403
6903
13366
1139295
73920
59340
679195
128271
56280
233586
1035
5565
57970
405450
222111
500500
85905
463203
329266
1128
2016
642411
506521
1326
79003
33411
182710
266085
193131
1891
758296
1480060
182710
26565
688551
203203
46056
305371
163878
49455
540280
869221
434778
1097421
451725
53301
65703
14535
89676
42486
61776
679195
530965
435
237016
9730
366796
123256
1653
5995
33411
314821
118828
131841
150426
306153
34453
104653
878475
291466
255255
407253
349030
449826
4656
153181
558096
30628
322806
1891
277140
73920
120
274170
261003
49141
1624503
416328
68635
159330
384126
263901
619941
673380
1770
36856
121278
124750
656085
371953
1222266
22578
2775
303031
57970
3081
1157481
114481
373680
455535
280875
1109305
496
24531
3003
265356
125250
418155
608856
2850
306936
411778
639015
920046
1175811
371953
990
382375
49455
352380
519690
582660
341551
1128
496
185745
45150
776881
81810
940506
476776
161596
11026
424581
1408681
70125
21
28203
1041846
296835
1570878
11026
106953
323610
136
1830
284635
26335
1393615
539241
422740
1277601
530965
3486
334153
1237951
649230
198135
42778
130305
706266
480690
316410
109746
990
109278
274170
96580
153181
8001
260281
4186
13366
299925
1130256
6216
46971
21321
3916
50721
17766
744810
639015
583740
44850
565516
35511
52326
7021
543403
925480
1596
184528
99235
658378
254541
508536
105570
75466
14028
764466
173755
2485
24090
171
209628
279378
748476
4950
1198926
19306
35511
634501
827541
37128
22155
68265
36856
1035
1279200
29403
152076
594595
104196
23220
78210
325
81810
176715
196251
128271
1225395
43071
230181
142845
31375
281625
318003
989121
679195
26796
66795
195625
64261
413595
4465
28441
317206
71253
33153
14535
107880
480690
93096
61776
73153
133903
3916
73153
57970
1388611
193753
32385
1162050
8646
8001
465
990
409060
138601
55611
23220
38503
31125
2775
946
57291
56953
4278
99235
213531
881128
16836
781875
21
540280
32385
10296
185745
484620
61075
1168156
1427205
76245
2278
31125
75466
210276
244650
965355
254541
831405
44551
191890
121278
382375
205761
107416
74305
8778
231
263901
526851
950131
484620
70876
299925
839160
63546
48828
431056
478731
514605
3486
57291
1378
2278
292230
283881
1010331
178503
1103355
496
736291
118341
106953
20301
231
1445850
936396
48828
554931
3
121771
107880
1606528
58311
118341
97903
1128
266085
13041
39903
11781
99681
19900
1049076
861328
233586
68635
161028
465
703891
453628
120295
10440
13041
682696
14028
946
5671
1432278
551775
65703
1202025
317206
754606
250986
98346
830116
492528
18721
132355
46665
239086
982101
34980
1329265
870540
120
144453
232903
272691
434778
40470
327645
364231
101025
241860
180300
139128
18528
130816
6441
542361
813450
794430
158766
626640
55945
139128
296065
113526
1216020
453628
160461
534061
38781
483636
484620
353220
62481
372816
458403
66430
98790
134421
101025
400960
15400
9730
735078
336610
31125
6216
24310
13695
354061
263901
747253
5886
430128
3
34716
969528
675703
3
117855
101926
478731
494515
12403
274170
727821
1121253
159895
136
9180
384126
388521
374545
105111
1391946
201295
1953
239778
297606
5253
13530
1027461
594595
182710
1122751
271216
178503
57291
51681
49455
1236378
130816
181503
1178880
463203
986310
152076
114481
741
81003
752151
805815
292230
469965
127765
137026
1442451
173755
364231
180300
257403
406
48205
575128
306153
554931
1162050
1884711
14196
51040
564453
78606
6786
169071
41616
1535628
111156
990
219453
1760626
21115
1385280
451725
1237951
5356
650370
4278
139656
3828
141778
45150
266815
479710
45
283128
714610
259560
20706
14878
468028
462241
600060
279378
268278
567645
554931
40470
112575
115440
60378
71631
682696
25878
147696
226128
105
478731
242556
453628
1214461
475800
17955
86320
962578
359128
465
203203
46056
21945
504510
238395
24090
2211
134940
1200475
