5565
180901
2080
251695
20706
223446
417241
3570
32385
1423828
1214461
154290
36046
412686
141246
6903
773146
32640
93961
426426
197506
1004653
406
118828
1104841
136
1770
279378
580503
4278
10878
649230
1471470
50086
3321
442270
101926
425503
57970
52650
943251
40755
334153
110215
258121
1192740
21528
335790
444153
321201
28203
170236
127260
617716
574056
207046
1011753
280875
11781
36315
241860
152076
35511
84666
1666225
401856
32131
1497315
446040
182106
63546
142845
1284003
50721
1149886
96580
849556
11175
154846
1624503
651511
898470
138601
7503
2145
962578
49141
211575
175528
36585
32896
656085
177310
13366
10011
7503
4465
5460
1043290
621055
1030330
2145
994755
89676
499500
5356
154290
693253
198135
222778
451725
17391
291466
18915
1788886
1485226
105570
1103355
491536
6555
591328
713415
440391
190036
495510
198765
666435
754606
400960
386760
441330
201295
131841
45451
295296
114003
318003
78606
257403
40755
14706
207690
285390
276396
181503
213531
738720
446985
1142316
35778
106030
632250
110215
29646
241165
1846081
1163575
29646
703
10153
395605
6555
11026
5778
218791
1081
449826
95266
183921
66795
236328
253
10153
501501
241165
171405
165025
44551
74691
199396
30135
37950
163306
8256
63546
423660
814726
739936
293761
1003236
909226
144991
65703
68635
13530
4851
890445
862641
754606
24531
1629915
652653
223446
609960
77028
1131760
58653
9045
266085
43956
144453
39903
754606
972315
144453
625521
1830
618828
922761
14535
124251
718201
85905
175528
185745
17766
385003
21
103740
588070
479710
68635
147153
26106
25200
55611
152628
74305
68635
102378
133903
184528
9180
112101
1
185745
25878
378
18336
229503
288420
671061
705078
124750
820
3828
175528
303810
11325
230181
692076
622170
372816
16110
37128
115440
315615
340725
1212903
326028
39340
332520
209628
167910
650370
596778
324415
35778
9870
266085
293761
601156
4095
502503
33411
39060
244650
76245
616605
37675
5671
62835
52650
70876
6
25878
203841
789396
24310
1293636
418155
1197378
8001
648091
583740
537166
104196
1134771
127260
464166
378
263175
173166
905185
29646
161028
1271215
8911
429201
155403
3003
52003
491536
918690
465130
479710
4095
74305
35245
595686
38503
240471
119316
207690
176715
29161
322003
534061
3655
276396
261003
652653
98346
133386
102831
30135
428275
44551
66
946
11325
358281
366796
36315
271216
58653
19900
318801
473851
208335
616605
993345
142311
1142316
14706
16290
39060
390286
153735
3828
166753
19503
3403
1001820
3081
141778
7140
33670
1815465
78
29646
53301
1149886
57291
20100
654940
650370
1202025
844350
28441
30876
484620
267546
4753
508536
75078
808356
318801
47586
273430
741
224785
289180
887778
721801
1478340
258121
74691
511566
1405326
314028
1474903
16471
11781
128271
27730
123256
823686
48516
46971
208335
11026
667590
1830
338253
674541
257403
903
126756
31626
135981
1177345
1326
33411
259560
1067991
648091
19110
5460
695610
77421
2211
1590436
91
515620
25878
261726
1051975
492528
641278
38781
11628
321201
176121
263175
775635
8256
27261
1596
352380
468028
127260
15576
127260
885115
152628
290703
66430
1001820
771903
55
150975
365940
1540
378
27261
1300078
40470
44850
464166
12403
54615
66
1137786
107416
581581
1574425
51040
571915
1033203
3081
468028
1106328
64620
421821
97461
253828
692076
169653
56616
146611
121771
89253
597871
616605
45451
1203576
78606
820
11628
555985
193131
1006071
123256
243951
21945
564453
15
106030
49770
24531
689725
27966
334153
848253
577275
210
349030
7260
302253
121278
585903
245350
20301
679195
8256
98790
18528
4656
625521
893116
970921
229503
43956
166176
72010
456490
137026
30876
534061
679195
8778
126756
564453
187578
1326006
27261
32640
3
1567335
619941
49141
111628
10440
142845
19900
226801
203841
1736316
24310
188191
168490
1081
81003
212878
142311
232903
81003
173755
130305
247456
850860
739936
359128
124750
88831
4851
1830
819840
45
1116765
543403
33670
182710
4851
595686
1186570
202566
62481
21945
130816
28203
83845
187578
1087075
121771
673380
671061
24090
1596
183921
42195
79003
269011
182710
14028
5565
212878
195000
1016025
6105
344865
61075
436645
127260
671061
18336
17391
66
31626
150975
853471
6105
61075
955653
56616
489555
168490
621055
129795
131328
114003
112575
138075
1021735
1771903
285390
55945
9870
61425
4005
1471470
10153
102378
207046
70876
219453
1263255
114481
804546
799480
4950
184528
396495
86736
1081185
253
79003
200661
13530
516636
10011
180901
648091
1118260
378
180901
16290
1031766
24531
21
126253
3321
16290
642411
831405
388521
107880
455535
768180
593505
56953
182106
220780
5565
1326
76636
1675365
155403
700336
857395
626640
126756
1781328
2278
389403
83845
363378
171405
1532125
160461
56280
694431
1183491
363378
86320
87153
88831
43660
957036
146611
429201
634501
240471
40186
20100
12880
766941
36046
2016
891780
35511
313236
120
502503
769420
836571
207690
436645
1701090
125751
3741
568711
468996
1326
36856
147696
218791
43365
697971
3403
338253
308505
62128
79401
1350546
674541
33411
434778
24090
17205
127260
1770
810901
673380
64620
162165
32640
2145
2278
812175
38226
92235
491536
27966
85491
349030
103740
590241
771903
47895
614386
70125
566580
43071
205761
253828
3003
983503
73920
269745
384126
248865
1160526
109278
38503
181503
88410
24090
35245
117370
412686
23871
228150
534061
82621
9730
261003
18528
51360
1206681
94830
52003
496506
76636
660675
358281
246753
38226
362526
98346
439453
1711
19306
436645
446985
324415
89253
75466
22366
236328
56616
169071
746031
31375
575128
115440
137026
1549680
24753
176715
149878
34716
119316
1277601
409060
455535
4851
437580
117855
914628
4656
969528
1417086
186355
515620
268278
895791
125250
72010
1066530
171
2926
16290
1244253
31878
278631
200661
481671
56280
161596
201295
356590
861328
1212903
152076
679195
69006
87990
440391
125751
312445
861328
88410
210276
576201
12403
561
15051
1313010
543403
13861
47895
55278
231540
6670
245350
94830
418155
418155
1367031
731445
1308153
688551
650370
1034641
512578
162165
5151
676866
8646
505515
770661
23871
848253
36585
116403
28441
220116
428275
320400
47278
603351
596778
9870
504510
74691
337431
163306
1081
230181
44253
266815
4005
4560
578350
52326
47278
5886
500500
402753
292995
485605
167910
200028
656085
324415
29646
217470
438516
132870
237705
6216
21
22155
154846
91
54285
581581
961191
1107816
122760
182710
690900
1275
363378
72010
286146
148785
425503
263901
8911
2211
46971
936396
81003
69006
10878
1624503
266815
803278
90100
208981
3240
536130
571915
61425
162735
849556
94830
293761
4095
26796
365940
522753
4950
118341
380628
141778
208981
645816
21115
1326
429201
284635
1407003
929566
15753
227475
2701
246753
114003
335790
210925
34191
26106
564453
86736
2415
200661
12880
13695
396495
190653
921403
861328
13203
1200475
207690
446985
996166
492528
791911
124750
286903
68635
186966
4656
383250
5565
28203
7381
534061
303031
232221
93961
1008910
77028
393828
409965
709836
31626
312445
409965
1567335
21945
171
97461
113050
836571
253
1462905
17391
9453
548628
43660
839160
297606
226128
1546161
118341
913276
538203
106953
26335
175528
127260
46056
33670
24310
383250
385881
130816
37401
827541
3655
506521
40470
192510
72390
1094460
10440
628881
247456
83845
53628
502503
98346
693253
281625
35778
2278
839160
1567335
419070
789396
179700
190036
46971
4095
100576
958420
966745
476776
151525
89253
1248990
487578
216811
147153
9591
538203
1596
1953
91806
289941
99235
137026
78
110685
282376
339076
1136278
243253
165600
744810
2556
31626
2926
1357128
40470
116886
101025
17955
107416
3240
35778
1051975
273430
97461
117855
120
546535
1191196
111628
1037520
973710
1347261
4371
250278
25200
558096
46665
16290
15576
42486
641278
12403
451725
391170
177906
234270
124251
67528
179101
19503
9045
303810
108345
471906
68265
70500
973710
1418770
6786
10153
987715
51681
9316
831405
381501
250986
820
150975
421821
256686
22155
16110
308505
630
50403
395605
498501
1258491
344035
62835
120
528
271216
70125
473851
123753
158203
353220
325221
3403
199396
702705
346528
289941
49770
909226
33153
30876
6441
327645
27966
67528
21
1197378
499500
5671
67528
40470
661825
5778
94395
26335
354903
693253
55611
1007490
577275
1279200
210
11476
211575
67896
138601
1770
530965
427350
969528
87990
6670
16471
11935
903
120
1486950
1223830
10
9730
1362075
160461
479710
159330
434778
7875
1330896
44850
42195
163878
889111
27028
158203
543403
257403
558096
1452660
117855
349030
46056
320400
215496
581581
212226
173166
986310
326028
496506
133386
462241
253
41616
37675
106030
24310
527878
351
346528
54285
423660
33930
606651
1375311
550725
337431
231
349030
166176
533028
316410
766941
12880
1142316
207690
13695
24753
22155
159895
103285
5565
266085
28203
317206
303031
625521
401856
982101
66795
92235
589155
477753
947376
202566
4095
982101
260281
243253
736291
845650
9591
179101
45753
8778
567645
75078
158203
878475
14535
378015
560211
371091
310078
37128
143380
468028
271216
312445
186355
27028
61425
95266
501501
699153
13041
781875
319600
1450956
246753
477753
2701
38226
67896
656085
130816
23005
863955
282376
19503
366796
38226
512578
781875
144453
867903
396495
1143828
43956
901153
191271
186966
492528
1095940
475800
871860
26565
1225
4950
151525
382375
861
798216
703
230860
112575
284635
30876
103285
115440
101025
31375
120295
522753
201295
11325
112101
760761
285390
47895
721801
1113778
1304920
41616
155961
24753
53301
413595
933661
769420
1140805
1079715
407253
35511
3655
24310
203841
23005
97903
680361
221445
25425
135981
340725
1431
385881
731445
1205128
1176
249571
46665
61425
208981
70876
85078
520710
291466
280875
74691
643545
340725
512578
1383616
1091503
13530
201295
689725
613278
5050
579426
151525
580503
70876
86736
29646
316410
271953
19701
30628
110215
1770
385003
356590
2926
261726
3655
40186
91378
544446
1197378
400960
1481781
13861
36046
750925
19701
483636
42486
45753
959805
438516
228826
17578
408156
177310
137026
494515
1830
288420
152628
603351
218130
1891
277885
341551
351541
21
503506
609960
96141
836571
644680
736291
13041
111628
118828
277885
33411
377146
159330
891780
139656
77421
9870
83028
747253
269011
36
392055
86320
280126
266815
264628
15051
10
241860
1671706
57630
758296
143916
1115271
210276
30381
299151
135460
15
1217580
310078
246753
5253
3321
861
351
504510
1149886
1745646
404550
289941
169653
127765
210276
42778
727821
109746
17020
189420
174936
131328
1413721
318003
4371
755835
571915
384126
504510
151525
15753
14706
45150
2850
252405
5460
714610
657231
540280
809628
210925
990
1128
290703
1635336
1266436
6555
171
278631
100128
1072380
32896
10011
23653
29161
9180
156520
9180
572985
221445
1786995
4465
191271
151525
384126
159895
100576
63903
7381
5356
409060
266815
652653
33930
21115
12880
6
6786
1255320
118828
85078
371091
199396
58996
542361
75466
85491
21736
39060
286903
10
435
737505
1335795
799480
390286
4656
222778
33411
1091503
7381
1326
501501
11781
296065
69378
7503
20301
20301
229503
92235
659526
562330
196251
5253
190036
1378
89676
253116
34716
129795
10296
515620
154846
548628
901153
436645
269011
181503
326028
129286
267546
15
176121
34980
50721
46056
174936
14028
108811
1684530
115440
423660
2926
72390
39621
49141
55611
8256
102831
73153
413595
861
435
40755
35511
97461
1653
481671
1653
2775
288420
40470
149878
237016
37950
15
177906
500500
3486
17578
97020
8911
381501
114960
23653
298378
49455
522753
1830741
905185
435
142845
70876
322003
29161
422740
78
841753
64620
297606
24753
56280
140185
10153
60726
906531
658378
392941
34453
122265
1067991
24310
32385
186966
10153
299151
21321
703
150426
14028
846951
19306
6
814726
341551
40470
863955
6786
166176
341551
103285
158766
46971
1306536
299925
30135
72771
531996
1891
644680
551775
354903
936396
107416
882456
1288815
496
101926
99681
323610
933661
30381
552826
665281
163878
17955
659526
470935
21
147696
420903
5671
16471
153181
65703
229503
183315
129795
356590
129286
3160
2775
36046
166176
114481
74691
7626
30135
38226
4278
645816
69751
1638955
15
129795
3828
25651
1125750
17955
248865
7021
63190
1345620
763230
40755
106030
179101
159330
24976
366796
4095
256686
703
246051
48205
456490
446985
109278
165025
125751
630
703891
548628
77421
537166
483636
58653
1288815
990
210276
64261
39903
1485
4753
198135
462241
95266
780
29646
588070
487578
1433971
363378
281625
52975
1711
78
890445
780
271216
206403
1532125
673380
153735
313236
186355
926841
608856
164451
810901
269011
1771903
9180
13861
845650
163306
780625
69378
990
230181
1352190
982101
665281
110215
993345
891780
6105
1828828
766941
57630
54285
31878
449826
53301
97020
2701
89253
26106
283128
13530
820
51040
161596
170236
522753
31125
113526
9453
77815
1260078
415416
671061
1900275
580503
601156
10296
1714026
6105
182106
795691
812175
208981
517653
45150
427350
224785
329266
226801
365085
10585
45753
10
6105
174345
65703
227475
382375
39340
13366
135981
31626
399171
50403
444153
107416
371953
192510
386760
516636
20503
190653
1101870
20100
12246
802011
149331
15051
567645
914628
205761
606651
15051
6441
528
26796
56616
256686
8646
1266436
46056
833986
239778
219453
562330
58653
84666
913276
409060
491536
19503
450775
9730
218130
42778
739936
28441
27028
533028
399171
746031
135460
234955
601156
3321
127260
675703
755835
221445
285390
2016
406
946
12246
7875
12246
493521
461280
6441
254541
7750
110685
59685
450775
1329265
46665
893116
807085
144991
156520
850860
514605
37128
475800
1128
552826
2346
339900
33930
565516
243951
1073845
121278
100576
24976
86320
105570
1308153
994755
3570
915981
897130
882456
425503
1081
1101870
596778
729028
30381
1020306
5356
3741
254541
66430
9591
13203
7140
346528
207046
544446
914628
679195
124750
224115
24090
752151
946
428275
921403
580503
110685
51040
578350
400960
415416
13530
234270
37128
105
106953
127260
137550
349866
43660
37401
1435665
262450
2775
37675
727821
20100
338253
899811
427350
448878
1646205
31878
440391
302253
83436
799480
306153
131841
220780
33930
10878
276396
19503
113050
820
103740
2485
21945
20100
122760
126756
46665
28203
489555
494515
47278
224785
2556
1675365
69751
2415
34453
132870
11476
435711
798216
6328
47895
340725
46056
95703
234270
359976
86320
517653
159895
785631
300
31626
177310
23653
176715
214840
334971
45
1035
618828
132355
274170
1230096
462241
21945
833986
419986
49770
853471
488566
17020
149878
1151403
1732591
526851
4753
1558495
1248990
184528
14028
1003236
190
91
314821
168490
741
132870
358281
2850
139656
514605
140715
5356
507528
39903
258121
190653
882456
78210
34191
703
256686
29646
83028
9045
382375
996166
463203
111156
483636
9180
983503
150975
1371996
1653
20503
1686366
166753
74691
1020306
697971
1832655
39060
802011
8911
120786
1189653
250278
453628
1511191
221445
527878
1953
6441
39621
38503
10296
226128
411778
19701
21115
6216
29403
11026
879801
277885
85905
11781
17205
1485
116403
77421
121278
8128
510555
1070916
501501
523776
1898326
124251
431056
568711
475800
478731
382375
211575
178503
58653
22791
1073845
721801
453628
134940
157080
352380
274911
34191
266085
284635
1011753
205120
1021735
73920
850860
193131
262450
26796
465
55611
32640
162735
405450
643545
7381
133903
316410
211575
81003
36315
1020306
94830
16471
3
177906
52003
118828
18528
774390
171405
352380
69378
6903
498501
2080
38781
580503
400960
339076
122760
1026028
591328
258121
58311
11935
1440753
378
209628
33670
217470
70500
984906
303810
755835
720600
1403650
159330
1680861
53301
766941
82621
294528
310078
40470
431985
55945
231540
550725
468996
45
1326
519690
107416
575128
955653
58653
29890
89253
97903
576201
1457778
409965
8911
5995
31375
182710
10878
2016
33930
1017451
146611
196251
325
354903
1110795
21321
250278
739936
885115
1209790
128271
730236
61425
917335
533028
33153
17020
362526
2346
939135
970921
742371
623286
234270
874503
840456
14365
13695
3828
17020
422740
213531
456490
41616
309291
73920
47278
43956
199396
675703
1953
97020
712221
471906
100576
507528
371091
88410
661825
8128
29646
8778
7260
109746
7875
533028
123753
156520
264628
14365
241860
248160
769420
484620
271953
37950
968136
1172746
29403
137550
63190
6786
461280
1228528
2278
378015
264628
90525
831405
86736
212226
140715
3160
496506
3081
170820
741
372816
45753
944625
589155
373680
428275
11026
265356
290703
785631
687378
13530
58653
212226
215496
898470
1020306
12720
46056
228826
170236
10440
91378
15400
220116
1186570
31878
41041
31375
112575
513591
173166
640146
794430
523776
379756
17205
525825
147696
429201
74305
52975
39621
22366
82215
10731
3741
820
1024596
1131760
635628
595
91806
572985
824970
46056
255255
823686
535095
1431
66430
385003
565516
1308153
130816
302253
1084128
136
49455
293761
352380
127765
1063611
5460
11476
468996
626640
64620
54615
976503
575128
8256
474825
86320
632250
3570
61425
4753
14878
204480
805815
27495
143380
10153
586986
1371996
1104841
46665
2346
637885
50403
1875016
314028
580503
224785
87990
48205
318801
139128
544446
215496
260281
135981
241165
1194285
127260
928203
644680
59685
426426
203203
183921
518671
32131
62128
444153
91
318801
303031
3160
114960
205120
1770
70125
181503
1003236
54285
45
914628
336610
135981
1378
44253
450775
7503
255255
203203
163306
13530
602253
656085
42195
250278
1130256
575128
196878
33153
210
1348903
4753
15
69751
276
891780
195625
450775
463203
72010
65703
597871
35778
798216
6105
1140805
33930
205120
496
592416
153735
1565565
41041
457446
328455
990
206403
106030
198765
11026
569778
584821
903
81810
711028
1915903
25878
612171
922761
13695
91806
70125
563391
1043290
465
24310
61425
208981
31626
106953
111156
52975
47586
35778
105111
21945
500500
741
98346
783126
877150
101926
828828
547581
5886
505515
484620
84255
280875
29403
29403
1228528
1230096
678030
2775
117370
1059240
534061
990
5565
937765
14365
158766
411778
578350
1219141
21736
1028895
228826
952890
1690041
280126
12403
323610
444153
3570
511566
21321
12403
156520
49141
29646
11026
355746
140715
135981
5995
45150
8911
368511
499500
907878
368511
1266436
496
571915
564453
23871
351
393828
832695
14365
794430
71631
179700
1653
310866
180901
153735
412686
3081
258121
120
82215
106030
153735
1596
271216
607753
102831
621055
239086
604450
330891
5778
512578
93961
1345620
21321
117855
279378
702705
162735
935028
566580
83845
82621
561270
210925
531996
126253
64261
276396
70876
281625
176715
428275
849556
276
58996
820
414505
1107816
7503
78210
236328
1081
16110
528
932295
3655
295296
198765
932295
105
122265
36856
217470
1539135
198765
8778
1275
3403
1544403
2415
185136
976503
17955
94395
13203
95703
124750
45753
185745
530965
24531
1673535
277885
9870
496
75466
82215
435711
759528
5778
353220
201930
1119756
111156
499500
205761
46665
152076
937765
703
693253
11628
64980
314028
105111
225456
162165
206403
404550
27261
63546
418155
1728870
494515
644680
846951
56616
1684530
148240
230860
10731
46665
171
1148370
10731
686206
213531
34191
1214461
730236
283881
152628
253
39060
234270
110685
135460
1711
306153
157641
19306
45753
649230
514605
15753
15400
717003
210276
1027461
243253
1142316
220780
885115
141246
2775
72390
385881
675703
143916
12880
3570
878475
274911
58311
6328
221445
701520
79401
959805
424581
435
325
1014600
53956
65341
43365
721801
69378
77421
1728870
29890
391170
143380
120786
1572651
24753
34980
664128
1026028
12561
66430
444153
28680
1078246
346528
366796
1275
613278
463203
85905
2775
1152921
618828
6
158203
597871
231
102831
88410
608856
131328
56280
269745
598965
2211
1
568711
1431
5886
3916
379756
64980
218791
72771
39060
57630
40470
16471
3003
714610
79003
844350
52650
7140
24753
61776
1026028
165025
1693720
253116
5460
11628
258840
456490
76245
135460
155961
7140
1875016
3003
1133265
1234806
285390
1396956
652653
15400
755835
67896
222778
354903
2145
107416
14706
1211346
6105
125751
789396
256686
377146
195625
905185
560211
738720
78210
1287210
278631
184528
31878
169071
435
774390
887778
66795
140185
404550
274911
435711
1391946
630
17766
854778
776881
1695561
837865
28441
163878
1542646
10
20706
199396
64980
56616
557040
42486
984906
179700
1208235
55611
910575
227475
2775
1711
1070916
314821
1205128
13041
306936
315615
348195
775635
74305
49770
865270
71631
873181
1239525
1427205
42195
47278
1049076
247456
122760
1027461
343206
176121
339900
280875
1326
139128
3570
188805
19701
371091
136503
299151
3240
113526
179101
1734453
94830
441330
43071
774390
594595
504510
115440
1094460
3321
970921
90525
39621
648091
419070
292230
1611910
25878
4186
434778
371091
1830
502503
1062153
830116
3003
1530375
802011
488566
639015
74691
539241
741
861
22366
183315
624403
1163575
468028
62128
973710
707455
431056
24090
91378
496
254541
11175
57970
266815
454581
18915
152628
266085
206403
4656
1137786
3655
115440
201295
19110
545490
87990
159895
39621
9180
80200
426426
505515
169071
8778
5050
105570
707455
5460
1701090
145530
310078
929566
784378
424581
9180
39340
113050
38781
76245
135981
21
1395285
384126
28
400065
107416
1178880
392055
1091503
8385
234270
1452660
87153
711028
193131
35245
286903
1202025
286903
15051
15
51360
110215
15931
1035
241860
12090
19306
79401
205120
258840
9180
1109305
74305
26565
9180
14878
241860
181503
976503
20910
717003
1100386
1378
36
203841
940506
328455
108345
210276
395605
431056
1230096
3081
1044735
1540890
107416
391170
496
2346
10440
215496
210925
89676
97020
130305
346528
304590
386760
74691
264628
180300
1367031
48516
210276
789396
693253
482653
27261
500500
130816
795691
190
29161
35511
812175
836571
263901
60726
52975
818560
362526
120786
36046
81003
133386
309291
94395
282376
356590
93961
1031766
250278
40186
726615
250278
682696
72010
73153
565516
669903
45150
196878
258121
569778
81406
641278
287661
27028
21736
1355481
538203
116403
116886
1163575
196251
14365
87571
82621
12246
354903
361675
17578
708645
894453
131328
451725
371091
521731
1428895
120
5050
786885
223446
190
121278
79800
325221
548628
147153
1350546
437580
83845
903
46971
1798356
260281
1004653
49455
957036
531996
115921
1151403
325
5671
575128
180300
340725
4005
24310
1205128
129286
356590
60378
449826
127260
72010
99235
45753
241165
1953276
22791
77815
325221
14878
24310
155403
158766
769420
111156
69751
1499046
420903
75855
51681
88831
831405
251695
839160
656085
1373653
315615
1873080
156520
57970
105570
1664400
140715
1060696
168490
511566
17766
125250
473851
15225
44253
1157481
91
30628
216811
57630
325221
636756
1431
71631
1497315
721801
862641
180300
648091
23653
187578
3321
305371
444153
596778
494515
171991
508536
741153
425503
789396
171
348195
626640
182106
1512930
348195
58653
364231
593505
631126
18915
38226
808356
22155
92665
55945
959805
693253
6216
166753
170236
124750
139656
451725
1457778
784378
298378
201930
2775
295296
125250
332520
28920
72771
439453
752151
921403
780625
414505
144991
285390
340725
1430586
87153
2016
490545
70500
162735
1211346
287661
201295
171
20100
5778
91806
216153
40186
33411
276
1280800
9316
79003
170820
910575
615495
182106
861
1151403
231540
111156
339900
476776
839160
106491
1081
862641
231540
237705
10
21
310866
950131
24753
131328
38781
221445
26335
1276003
66
195625
1275
306936
922761
30381
250986
121771
6786
305371
1542646
222778
1556730
603351
249571
1176
11476
204480
6441
29403
1081185
64261
28203
634501
266085
802011
3003
119805
178503
338253
227475
21
205761
429201
446985
1122751
686206
47586
46665
27261
18336
379756
1334161
590241
171
1016025
239086
148240
303031
832695
367653
317206
2850
36856
55945
681528
97461
1553203
171991
85078
30628
52326
140715
1079715
865270
496506
1174278
299151
794430
46360
6
400960
114003
1413721
249571
53628
5778
591328
640146
199396
8911
54615
366796
6328
406351
21
55278
1033203
253
7750
45451
656085
103740
496506
97903
174936
301476
300700
216811
53301
328455
127260
156520
207690
369370
377146
796953
11781
203841
232903
27966
207690
131841
4005
431985
731445
82621
950131
269011
101025
15753
371953
344865
21945
143380
524800
14365
22578
598965
10011
458403
4278
574056
1175811
1142316
983503
148240
181503
7750
90951
1444150
160461
11781
86736
579426
142845
3741
75078
481671
715806
3570
16471
25878
12561
80601
486591
478731
20706
73536
1233235
20706
183921
154846
837865
43365
1830
42778
3741
1225
5778
1324378
500500
897130
15576
820
111156
16290
101926
190653
1326
31878
425503
43365
4005
741
630
388521
212226
26106
14028
1062153
61776
1110795
29646
108345
1157481
28441
54946
83436
79003
80601
1395285
143916
116403
9453
365085
52003
467061
487578
1326
121771
252405
719400
35511
478731
152628
403651
247456
1174278
21321
4560
61075
775635
561
14196
257403
191271
628881
69378
64261
11026
2145
364231
118828
153
190653
19503
11325
4005
281625
13530
5460
499500
241860
946
265356
120
253116
5460
369370
1770
561270
378
773146
965355
50403
461280
3240
511566
214840
364231
36856
272691
406
47895
127260
12403
62481
29403
18528
356590
48205
261003
24753
1049076
210925
1574425
833986
12090
1263255
23005
306936
113526
124750
225456
66795
316410
120
318003
186966
4278
279378
62835
5995
198135
571915
16653
1225
18721
8385
649230
46971
266085
25878
108811
77028
5565
125751
22366
764466
49455
669903
152628
137550
93528
9180
1287210
486591
1127251
2850
7626
61075
1140805
300
1208235
278631
128778
4005
1043290
99681
507528
19306
144991
113526
4851
253
32640
164451
742371
576201
191271
156520
198765
28203
269745
37950
378
8256
8515
83845
771903
309291
500500
261726
820
372816
8646
326836
59340
217470
824970
6903
36
7140
5565
361675
5565
55278
839160
49141
36315
70125
109746
5356
17955
1234806
60031
156520
583740
140715
311655
1176
151525
467061
1175811
9316
161596
329266
80601
821121
214185
109278
1031766
10
266085
848253
3403
501501
386760
143916
191890
311655
203841
1225
125250
84666
302253
1098903
1773786
37950
351
266085
662976
55611
34453
11325
804546
186355
1602945
588070
478731
623286
180300
153
386760
138075
1658931
603351
55
80200
5460
1891
567645
36046
27730
476776
244650
1095940
827541
105
299151
630003
298378
258121
1547920
1128753
780625
793170
479710
6216
26335
110685
1431
27495
1070916
1142316
272691
359976
879801
869221
308505
33930
192510
315615
1
687378
780
9591
275653
84255
190653
468028
1261666
5151
429201
10296
55
28920
1308153
1574425
577275
182106
204480
492528
9730
216811
958420
6903
8911
25651
23436
683865
748476
75466
82215
148785
61425
1452660
580503
70876
770661
17391
43956
1770
424581
131841
899811
201295
547581
81406
1322751
28441
216153
42778
66430
43071
383250
732655
820
78606
78606
5356
1122751
246753
142845
378
141778
113050
644680
518671
57630
58996
1070916
41328
10878
1038961
134421
41041
820
182710
33153
48205
966745
491536
4005
104653
62835
6105
1334161
222778
696790
208981
905185
935028
303031
3570
158766
1492128
417241
23871
780625
1269621
125751
1431
206403
424581
1711
313236
436645
15931
10731
67161
666
224115
18721
320400
173166
60031
41041
472878
10585
75855
36856
865270
53628
58996
385003
370230
7875
11781
241860
1059240
1680861
178503
253828
703
174936
116403
75466
435
444153
84255
226128
61776
205761
43071
1211346
66066
240471
108811
674541
172578
21
1447551
627760
103285
849556
61776
115440
1532125
17205
584821
59340
737505
589155
565516
7140
18915
91806
132870
14706
249571
820
144453
39621
39060
43071
138075
104653
37675
160461
665281
263175
53628
1673535
311655
1633528
673380
1128
322806
1139295
972315
819840
143916
378015
9045
456490
679195
55611
6670
238395
18915
486591
8128
3741
57630
1216020
68635
186966
143916
3
132355
4095
13861
11476
5460
14196
97903
58996
10153
1118260
251695
415416
198135
110215
858705
48516
101025
1222266
686206
48205
511566
89253
530965
472878
521731
474825
185136
401856
118828
409965
643545
180300
72010
597871
75078
344865
139128
24753
944625
1398628
293761
10440
45753
204480
653796
73153
131328
230860
37401
99681
645816
107416
222111
10296
210
385881
19110
356590
127260
7875
739936
53301
794430
195000
731445
606651
1343980
1263255
729028
47895
20301
464166
593505
2415
1282401
456490
105111
212878
42778
296835
2415
491536
1231665
88831
860016
210
551775
135460
4186
805815
1100386
3828
466095
23005
259560
57630
991936
1549680
576201
2701
1653
269011
648091
272691
1533876
70876
54615
35511
1011753
5151
8001
14706
1244253
165600
8256
277140
85078
2016
46360
23653
40470
37675
138601
174345
90951
633375
265356
34191
517653
335790
690900
636756
435
126756
21115
688551
132870
141778
358281
300
150426
153181
2278
162735
958420
231
582660
48828
36856
881128
374545
110215
835278
1046181
468028
11026
168490
283881
37950
286146
871860
308505
86320
1065070
941878
247456
351
5253
59685
53301
683865
10731
170820
419986
277885
206403
165600
116403
389403
123753
277140
498501
118341
526851
30628
700336
106953
115440
4560
93528
177906
1891
107880
10011
1314631
2701
983503
695610
15931
3486
979300
365940
381501
809628
699153
1891
310078
159895
179700
274911
212226
665281
190653
241165
154290
129286
52975
254541
261003
222111
37401
405450
31125
83845
182710
5356
357435
104653
998991
9730
523776
234270
300
709836
16653
732655
743590
1054878
103740
8001
633375
37675
759528
1234806
1057785
541320
213531
577275
6216
542361
766941
1119756
977901
1166628
499500
421821
951510
419070
449826
1206681
757065
440391
853471
424581
263175
208981
27028
143916
19306
126756
125751
43956
172578
108811
385881
510555
197506
433846
494515
924120
14535
44551
158766
810901
325
19900
1284003
66430
1079715
254541
396495
6
1512930
52003
311655
1049076
1532125
1447551
776881
848253
207690
16290
26335
1017451
97020
2016
11325
79800
636756
44551
4851
39903
6555
354061
153735
105111
271216
226801
34980
24090
405450
3916
59340
46056
928203
351541
63190
866586
134940
81003
52650
482653
406351
90951
408156
602253
522753
25651
46056
16471
229503
21321
340725
1512930
15
21321
139128
85905
97020
1236378
50403
210276
1060696
450775
1113778
107880
83436
324415
1526878
44253
421821
79401
632250
9870
516636
50403
3570
235641
85905
1059240
533028
1378
271216
427350
1376970
754606
143916
247456
8256
62835
21
301476
218791
52003
80601
21
614386
429201
250278
10296
195000
867903
496
343206
175528
274170
17766
134421
15400
1004653
803278
136
64261
39903
3003
371091
749700
9045
1137786
455535
697971
52003
261003
7875
171
501501
44253
823686
703
375411
413595
1590436
807085
1139295
47895
1452660
58653
297606
367653
203203
79401
10731
83028
13530
681528
288420
169653
26796
1586871
133386
1423828
191890
748476
237705
263901
1081
530965
31878
2145
725410
41905
867903
102378
78606
67161
27261
523776
94830
1519896
926841
185136
197506
80200
9045
1474903
600060
56616
39621
234270
946000
28
814726
802011
44850
7750
136503
441330
47895
703
51360
325221
228826
1033203
468028
107880
76245
1148370
150975
285390
21115
110685
203203
139128
285390
1242676
16653
28680
211575
39060
3570
544446
51040
97020
21115
242556
24976
216811
77028
17766
246753
15576
93096
32385
365085
334971
13041
925480
26335
467061
107880
93528
443211
944625
170236
5886
65341
171
1570878
631126
299925
180901
38503
30628
102378
73920
130305
32640
173755
780
16110
561
175528
152076
245350
508536
135981
570846
654940
738720
169653
249571
1231665
111156
177906
18145
67161
263175
25425
220116
50086
990
481671
374545
10731
645816
990
108811
99235
69006
1043290
388521
28680
401856
626640
1128753
196251
595
135981
111156
116886
1633528
3
18915
83028
1367031
1540890
3403
243951
141246
3003
696790
161596
50403
531996
271216
191271
544446
89676
357435
861
22155
177310
24976
100576
776881
315615
237705
958420
1177345
962578
569778
649230
337431
56616
2346
10153
52003
74691
201295
52650
27028
212226
1065070
37950
108811
10731
584821
45150
45
2346
158203
438516
435
135460
848253
1121253
624403
107416
30135
827541
177906
374545
44253
1261666
181503
60726
43660
660675
12880
40470
3486
503506
1001820
240471
13530
72010
487578
99235
552826
153181
147696
1507716
18528
346528
1011753
84255
384126
127765
9045
754606
86320
723003
5356
9453
812175
214185
867903
63903
37950
102378
49141
827541
272691
209628
351
354061
683865
26796
327645
841753
131328
30628
798216
69006
241860
18721
3081
23005
595
62481
380628
940506
1054878
152076
2850
430128
113050
37675
313236
324415
1021735
205761
10585
170236
639015
5460
1006071
107880
87571
1174278
105
527878
8515
32640
1768140
10
456490
2850
568711
28441
177906
276396
1081
234270
422740
12246
44850
69751
214840
70876
255255
49770
481671
898470
247456
541320
2926
990
300
81810
327645
10731
11175
509545
7140
90100
819840
941878
1732591
310866
163878
561
907878
109746
83845
214185
669903
375411
81003
6903
1023165
4753
87571
404550
42778
1154440
90100
29161
1062153
15753
42778
1051975
46665
15931
1514670
977901
136
63190
173166
21945
545490
1304920
31626
244650
216153
753378
435
755835
91806
730236
42778
56616
1154440
307720
428275
527878
16290
64980
135460
675703
66795
1087075
692076
15
657231
165025
432915
111628
136503
126253
21528
1459486
554931
13041
30135
1350546
440391
548628
374545
11175
812175
626640
220780
609960
13695
306153
1176
286146
10731
948753
77421
250986
89253
1343980
1252153
55611
446040
66
922761
15225
243951
339076
9045
627760
140185
434778
28441
232903
159330
137026
654940
1340703
515620
94830
106030
103740
630003
4186
171405
492528
276396
276396
13530
15576
36046
231540
144991
1873080
512578
9316
72771
57291
282376
113050
1343980
2775
108811
939135
385881
73153
1188111
128778
183921
197506
18528
362526
4753
605550
70876
632250
662976
74305
1542646
260281
307720
39060
44551
8515
863955
139656
190
8778
144991
194376
391170
188191
97020
1452660
66
358281
208335
510555
402753
1098903
1301691
1569106
256686
51040
363378
1953
168490
2850
212226
538203
744810
96141
564453
312445
1303305
17766
23653
354061
361675
44253
180901
496
77815
60378
5995
41328
197506
612171
60378
853471
17578
106491
353220
384126
449826
224115
1054878
789396
324415
503506
60378
990528
418155
253
91378
639015
103740
21
305371
741
425503
35778
989121
81003
429201
463203
8385
6328
649230
174936
97461
421821
17205
154846
697971
234955
673380
153181
95266
352380
51681
1326
10011
150426
263901
843051
123256
50721
646953
438516
761995
12246
14196
21
207690
501501
185136
77421
18915
295296
2211
31125
228150
24976
653796
87571
527878
123256
1006071
682696
210276
105
21945
284635
31878
3655
62128
1308153
4656
159895
408156
8256
644680
12880
633375
62835
363378
25651
298378
302253
130816
306936
1756875
579426
28441
19701
895791
1239525
10
337431
31375
6216
1014600
26335
261726
181503
248865
5460
110685
8515
109278
563391
52326
803278
32896
699153
30628
1252153
186966
205761
302253
53628
209628
715806
112575
14535
58311
304590
72390
780
126756
366796
99235
92235
285390
496
32131
1212903
17955
543403
4656
57291
280126
6441
1116765
39060
453628
29890
524800
149878
465
1526878
641278
21736
163878
503506
608856
179101
7381
507528
203203
180300
234955
377146
93961
958420
459361
27028
108811
192510
21321
1447551
1275
11175
63546
275653
1189653
7503
1439056
715806
105111
23436
357435
1145341
3828
222111
42778
1253736
339900
129795
33411
2926
87571
47586
2080
109746
213531
465130
875826
143916
951510
1480060
365940
493521
1464616
356590
258121
197506
10878
85905
429201
29646
979300
85491
17766
378015
640146
279378
791911
265356
29646
608856
135981
301476
106491
622170
160461
572985
57291
90951
142845
4950
5050
383250
81003
2556
1014600
1581531
143380
271216
4465
94395
754606
660675
8385
572985
100576
733866
136503
562330
29161
162165
572985
425503
24090
156520
33930
517653
1504245
946
7021
119805
56616
386760
334971
990
43071
399171
70125
622170
1169685
543403
28680
24090
332520
78210
1006071
70125
76245
1263255
572985
131841
741
1209790
22366
496
705078
89253
190
103740
2701
765703
286146
613278
378885
316410
47278
264628
44551
10440
58996
171405
16653
19701
1355481
1891
612171
517653
418155
731445
354061
819840
1430586
79003
84255
3741
3403
619941
142845
286903
12090
16836
403651
371091
4278
18915
65703
621055
507528
220780
87571
659526
377146
991936
1717731
4950
13861
1425516
1094460
258121
292995
338253
196878
21321
886446
19503
413595
998991
120
406351
129795
9453
123256
5671
170820
95703
33411
116403
54285
127765
270480
2850
1512930
903
210276
88410
264628
748476
198765
30876
641278
1260078
226801
464166
62835
10
41328
581581
93961
27495
618828
1521640
306153
635628
36046
58311
683865
27966
1422141
362526
1298466
799480
5050
50721
183921
205120
27028
604450
565516
490545
412686
39903
10153
454581
351541
19503
49141
633375
16653
550725
521731
1466328
114481
51040
1303305
403651
666
64261
81003
78
83845
109278
52650
50086
637885
37401
652653
197506
457446
27261
253828
286146
30381
1378
1087075
5778
324415
105
809628
189420
188805
101926
108811
15400
561
757065
1178880
102831
234955
70876
186966
232903
60031
152628
863955
703
5995
257403
113050
471906
1721440
8256
56616
243253
510555
312445
1540
449826
11175
351
20706
24090
62835
1121253
409965
65703
831405
318801
77028
183315
283128
30876
56616
228150
3160
46056
290703
70876
351
70125
59685
228150
426426
166176
25425
660675
496506
246051
241860
112101
227475
203203
276396
5356
639015
641278
18528
763230
1415403
226801
102378
116886
294528
6670
299151
1047628
926841
606651
608856
5253
218791
13366
657231
493521
2145
1275
124251
489555
886446
893116
33411
1053426
391170
36046
26106
3003
220116
48828
130305
422740
515620
6903
860016
727821
761995
8911
4656
565516
411778
273430
1223830
4465
25651
184528
271216
13203
700336
300700
861
116403
60378
33930
52975
60726
8128
796953
739936
195000
725410
26565
421821
774390
1057785
750925
595686
569778
78210
46056
128778
4005
256686
15225
145530
15
703
6670
1263255
54946
77421
92235
63190
17955
218791
253828
7503
25878
70500
203841
26796
263901
6555
33930
42486
1139295
875826
103285
1159003
55
1558495
197506
141246
33153
589155
763230
562330
189420
13695
173166
27966
1343980
1779441
590241
1431
15051
23005
103285
1367031
1084128
194376
791911
769420
56616
27966
9180
3
6903
1431
33670
269011
2485
22791
170236
97020
1069453
45150
654940
52650
2346
84666
3916
153
111628
289941
656085
23653
1264845
167331
225456
447931
672220
325
15051
100576
171991
1066530
31878
139656
162735
439453
35245
711028
43365
5356
317206
24090
104196
178503
579426
990
616605
45
5460
9453
45753
79003
150426
1047628
79800
346528
19900
508536
778128
146070
66795
898470
669903
58653
318003
1711
898470
593505
111156
272691
5356
1043290
76636
642411
18915
1485
764466
196251
77421
909226
91806
406351
10011
13530
41905
314028
11781
43660
2556
48205
4186
1176
101475
48516
875826
170820
382375
16836
841753
4371
26796
503506
1225
18336
268278
421821
179101
12403
63190
5565
16471
76636
314028
21115
1653
10731
21528
255970
102831
16653
17578
105
450775
1065070
505515
489555
62128
26565
1931595
412686
433846
1245831
74691
38781
903
435
1057785
827541
327645
783126
6903
209628
203203
331705
196878
120295
13366
50086
479710
85078
1036080
2080
121278
90951
153
628881
409060
351541
680361
1358776
7021
6
3081
977901
47895
338253
1225395
344035
57291
933661
174936
1231665
37128
77421
34980
136
92665
915981
816003
78606
299151
83436
2145
157080
1115271
90100
239086
283128
28920
474825
6441
4278
502503
550725
550725
8911
133903
15931
1143828
62481
89676
548628
19503
1378630
452676
440391
65703
44253
7140
1324378
146070
497503
24531
252405
16836
57291
1688203
492528
111156
27261
57291
1488675
1062153
190653
307720
656085
132870
94395
468028
188191
324415
413595
41041
42486
75855
58653
32640
2926
98346
512578
111156
1242676
217470
255255
10296
96580
603351
182106
266815
545490
253
19503
95266
468996
831405
34191
686206
13861
9730
20100
68265
217470
83028
1189653
22155
1497315
274170
3916
799480
631126
450775
66066
518671
270480
26106
16290
301476
392941
11935
32131
784378
110685
153735
63903
176715
75078
893116
9180
406
665281
646953
598965
616605
1373653
374545
72010
78210
203841
902496
171
278631
9180
626640
2211
55611
17020
545490
87153
380628
18528
214840
7260
4753
606651
19306
742371
993345
194376
180901
1250571
60378
720600
51040
2415
1383616
158203
6105
944625
65341
60378
32385
29890
27028
60726
1189653
3486
55278
15051
276396
83028
13366
26106
89253
147153
2628
378
153
473851
586986
435
820
190036
484620
92665
21115
10440
664128
312445
492528
1378
26106
1128
1530375
465
196251
5995
636756
23436
253
66066
735078
315615
426426
608856
47586
369370
511566
737505
453628
987715
325221
255255
595
79003
33670
396495
43071
222778
290703
398278
126756
3321
11175
29890
54615
639015
19900
20503
79003
269745
190
7140
5671
150975
6328
4186
1180416
390286
8128
299151
27730
542361
291466
1695561
491536
313236
176121
26335
890445
7875
276396
186966
25425
678030
76245
23005
771903
887778
132355
234955
2775
97020
77815
486591
1352190
533028
52975
80200
1540
405450
741
533028
1186570
26106
9591
93528
419070
221445
83436
378
102378
159895
159895
62835
143916
40470
1378
269745
255970
60378
110685
183921
807085
51040
475800
32640
39340
32385
327645
591328
394716
11325
1171215
34980
381501
344865
86320
510555
447931
114960
182106
153735
167331
179101
878475
39621
137026
3655
1439056
249571
1953
152628
935028
104196
7381
42778
35245
1355481
104196
43071
73920
529935
136
1485
79003
92235
202566
40755
110685
1828828
32896
687378
5995
875826
407253
193131
105570
686206
133903
340725
64620
287661
303031
1112286
22155
637885
451725
1178880
378015
69006
19900
1081
930930
41041
58996
265356
210276
1230096
467061
861328
118341
193753
83028
1087075
377146
29161
2346
566580
1072380
41905
153181
88831
120
922761
1802151
6903
635628
327645
659526
575128
910575
171991
1154440
644680
506521
7503
14706
278631
93961
10440
245350
29161
325
528
641278
989121
365085
947376
228826
191271
196251
10440
520710
903
78
299151
187578
253116
8385
274170
36856
17578
336610
525825
786885
104196
341551
57291
5671
97461
276396
191890
5995
104196
299925
484620
207690
2485
10
202566
184528
15051
174936
2850
147696
750925
350703
236328
736291
280875
60378
135981
120
311655
171405
38226
137550
338253
788140
755835
27730
5671
50086
1539135
1711
8256
242556
55
3321
45451
26796
1140805
6
55945
408156
541320
200661
63903
1540
19503
863955
662976
167910
232903
198135
636756
18915
176121
488566
94830
349866
170820
29161
21736
583740
82215
1830
179700
578350
640146
1100386
101025
1770
7503
82621
477753
232221
569778
693253
19110
1490401
46971
11325
43660
757065
915981
9045
101475
234270
120
206403
824970
157080
31375
189420
33411
2485
590241
281625
15051
66066
251695
1327635
20503
128271
46665
729028
118341
836571
355746
294528
316410
452676
19110
861328
22791
119316
946
858705
575128
70876
218791
266085
74305
85905
422740
496506
454581
1282401
12246
40470
158203
356590
7626
99235
534061
37950
146070
19701
143380
109278
1155960
377146
1001820
344035
523776
575128
5995
19701
6441
259560
1495585
1152921
405450
826255
114960
15931
910575
79800
1412040
80601
100576
46665
30135
727821
14535
21
177310
603351
1574425
873181
306153
247456
153181
111628
40186
337431
1292028
827541
1324378
510555
11026
234955
125250
116403
720600
997578
42486
120
92235
269011
99681
94395
303810
521731
436645
67161
441330
7626
372816
327645
7875
23653
802011
40755
217470
844350
564453
882456
386760
371091
937765
700336
6441
439453
81406
67896
7875
528
309291
28203
261003
56280
14535
2926
205120
186355
210
10153
947376
187578
346528
101025
174345
62835
314821
342378
125250
39060
110215
10
489555
155961
442270
630003
763230
96580
1175811
153735
60378
1133265
123256
111156
17578
45753
540280
6216
2346
535095
226128
101025
930930
247456
283881
500500
14706
244650
658378
243253
161028
443211
4753
1118260
37401
336610
51040
368511
13366
89253
3321
276
5253
446040
2485
201295
431056
13530
75078
1343980
651511
198765
292230
354903
195000
338253
210276
30876
979300
163878
933661
370230
190036
77815
482653
174936
130305
81003
129286
21736
109746
50403
596778
55278
295296
300
314821
96580
1177345
62835
342378
89676
19900
883785
447931
89253
617716
233586
630
1497315
72390
10440
420903
92665
78210
686206
113050
954271
177310
66795
5778
491536
643545
300700
485605
95266
45753
91806
18145
10
193131
674541
301476
139656
44253
200028
9730
318003
791911
101926
190036
406351
115921
873181
18915
42778
128778
534061
1264845
1067991
106491
611065
248160
542361
130816
266085
200661
1275
121278
172578
246753
105111
45
148240
561270
7021
410871
11476
403651
17391
107880
121771
27495
285390
3321
1169685
313236
645816
131841
20706
196878
400065
875826
256686
11781
780
353220
991936
300
375411
54615
104196
166753
565516
28680
119805
114003
82621
148240
274911
435
50403
9870
1109305
744810
417241
24753
276396
479710
371953
76245
653796
304590
227475
58653
12090
31125
154846
563391
423660
94395
13041
271953
171991
225456
107416
359976
94395
678030
8385
320400
1100386
2926
141778
8911
755835
213531
303810
45753
387640
272691
274170
595
32385
91378
501501
63190
706266
93961
30876
21321
1490401
4950
334971
34980
689725
94395
395605
8385
54615
1038961
701520
18721
607753
5886
1119756
1717731
9180
13041
595
397386
609960
155403
527878
654940
284635
193753
1702935
843051
195625
85491
37950
71631
17766
865270
1214461
836571
225456
60726
114481
440391
134940
334153
471906
7875
581581
1599366
641278
783126
1418770
314028
38503
149331
218130
91806
300
970921
3160
345696
3828
836571
104196
62128
61425
181503
350703
119316
606651
1287210
754606
274911
1107816
251695
259560
61425
111156
1629915
15400
807085
186355
696790
30876
725410
24976
297606
78210
284635
589155
224115
123753
1339066
224115
5050
417241
465
687378
98346
990
150975
278631
781875
31878
566580
1653
1385280
3003
1152921
749700
409965
88831
1906128
337431
138601
1770
1684530
7381
13695
80200
131328
1469755
666
111156
28920
780
1081
76636
460320
159330
3655
205761
15400
60031
11325
373680
130816
16836
124750
5886
108811
2556
59340
1020306
51360
446040
1103355
15
370230
54285
1376970
1485
830116
748476
1431
1131760
435
427350
1035
29890
127765
131328
1444150
871860
7875
816003
4560
136
72390
12720
55278
455535
1478340
29646
164451
861
23005
622170
28
415416
9870
616605
262450
51040
48516
392055
11026
548628
24531
849556
893116
1834570
290703
2080
1631721
902496
66795
475800
333336
85905
24976
1642578
15225
59685
836571
662976
312445
165025
308505
39340
204480
108811
1721440
21115
1468041
8778
1062153
98346
686206
49455
358281
148240
596778
239086
791911
802011
87571
227475
72771
1065070
195000
347361
81406
222111
2485
529935
23871
85905
75466
1306536
26565
278631
1079715
38503
33670
133386
5050
1888596
80200
780
568711
200661
97020
1239525
1118260
79800
98346
143916
100576
24976
154290
39621
351
9453
325
889111
36046
73153
342378
25651
18336
195625
25425
359128
261003
371953
29646
2016
102831
1044735
43071
176121
33670
58653
703
166176
131841
624403
618828
169653
24310
9045
81810
200661
601156
64261
997578
42195
451725
32640
706266
571915
28680
99681
246753
295296
10585
541320
3160
174936
1604736
153
33153
396495
24531
1292028
682696
229503
203841
179700
505515
322806
4950
216811
1504245
1381953
14028
285390
172578
36856
41905
13203
101025
723003
504510
129795
20100
10011
674541
435
12090
644680
225456
277140
1011753
593505
986310
325
432915
8001
330078
430128
472878
1100386
15400
1053426
360825
182710
121278
730236
14878
548628
700336
122265
21115
1128
240471
66795
6
179700
1296855
104196
184528
21
156520
324415
49770
1486950
390286
88831
1017451
42486
88831
526851
351
175528
883785
412686
369370
178503
4186
372816
42195
9453
1586871
4753
990
850860
48828
715806
53301
2278
97903
35778
11628
12403
760761
44253
973710
279378
79401
17391
754606
41616
714610
369370
4753
134421
391170
405450
159895
7875
438516
90525
72010
1802151
343206
53956
1327635
1326
1041846
591328
60031
24976
939135
181503
816003
105111
1095940
106030
191890
419986
157080
406
111156
58996
267546
1081185
325
428275
2278
22155
288420
91806
244650
23220
1162050
196878
833986
854778
123753
27028
108811
192510
123256
5886
5671
418155
31626
253
1264845
1128753
62128
29890
271216
48205
1148370
113050
836571
122760
1385280
1317876
134940
572985
717003
45753
7626
124750
67161
1160526
259560
899811
73536
274911
5460
1142316
334971
212878
347361
445096
117855
220116
5460
1830
79003
170820
82621
75078
97020
1157481
1010331
1176
18528
1425516
309291
564453
1830
224785
628881
382375
519690
96580
833986
319600
111156
219453
194376
133903
742371
977901
583740
15931
87153
369370
3570
84255
160461
839160
14028
32640
325221
296835
129286
263175
146070
322003
528906
1313010
10585
27495
134940
220116
64620
2556
107416
1050525
24976
115921
122760
150426
1000405
54615
190
558096
325221
47278
351541
69378
52650
268278
1937496
98346
549676
514605
247456
70876
5151
131841
1290421
436645
196251
800745
4095
427350
979300
718201
6216
12720
76245
272691
840456
96580
44253
93528
1253736
1420455
64620
1092981
1046181
1764381
966745
63546
28920
878475
192510
50086
16290
441330
5460
26796
26565
115440
592416
2016
70876
175528
535095
137550
26796
1751256
966745
24531
2701
5050
116886
123753
635628
240471
561
1162050
232903
60726
65341
3486
60726
32385
467061
223446
376278
553878
7875
452676
1236378
2415
271953
795691
158203
65703
2701
3321
239778
1352190
67528
232221
409965
174345
4278
21945
507528
3003
195000
305371
760761
643545
188805
828828
79800
533028
736291
277885
1319500
1046181
126756
524800
3240
42195
81003
35245
24531
2628
9730
19110
254541
42778
546535
13861
711028
766941
13366
11935
62128
77815
726615
936396
34191
826255
1953
387640
46971
686206
764466
741
538203
374545
100128
822403
398278
49770
27495
131328
64980
397386
35511
300
344865
180901
121278
15753
34453
744810
19110
23871
2346
287661
414505
49770
421821
150426
172578
241165
51360
437580
1040403
70125
239086
87990
17955
27028
60031
41616
739936
12720
90525
25200
418155
67896
1252153
294528
409965
92665
282376
46056
306936
477753
152076
503506
226128
22578
34453
436645
3486
24976
66066
310866
3321
107416
292995
282376
17205
104653
378885
259560
218791
54285
869221
29890
435711
174345
441330
38226
167331
17955
452676
61776
73153
642411
979300
558096
26106
1163575
217470
915981
690900
15753
31125
652653
4005
52003
147696
672220
3160
170236
13861
182710
1308153
38226
80200
78
528906
2775
4095
616605
496
29646
12403
137550
2926
409965
31125
1206681
60378
641278
893116
262450
218791
353220
37950
78606
435711
1383616
467061
62128
25651
2485
30381
578350
1518153
146070
721801
142311
441330
551775
3486
179101
994755
641278
170820
951510
280126
202566
14878
431985
43365
222778
627760
10
766941
117855
131328
197506
174936
248865
15
127260
1910035
37675
6786
87571
80601
9316
300700
365085
15051
899811
120786
24976
299925
284635
306936
630
82215
429201
152628
404550
79800
1466328
376278
15400
490545
120
28680
994755
30628
862641
158203
24090
390286
8911
19701
222111
548628
717003
210925
128271
1145341
681528
812175
19701
287661
1171215
111628
561270
550725
779376
275653
5565
11781
118828
1378630
163306
107416
600060
13366
43660
300
344865
712221
439453
100576
1118260
784378
509545
431056
45451
127765
7626
779376
689725
1743778
7260
435
72010
260281
78210
153
189420
831405
71631
5995
403651
140715
157080
30628
379756
937765
125751
525825
1106328
689725
503506
22791
637885
706266
153181
18528
608856
1122751
153181
23871
7875
89676
111628
39903
589155
6670
194376
47895
24531
231
669903
275653
861
99235
130816
1653
83028
290703
28441
6670
129795
431985
129286
78210
1059240
116403
60378
809628
101926
603351
1225
164451
170820
30876
34191
378
470935
9870
87153
284635
351
853471
97461
23220
48828
622170
1326006
1345620
1530375
542361
446985
310078
533028
118341
2415
84666
115440
108345
250986
9180
990
9045
20503
310078
984906
177906
14365
143380
55
52003
24310
686206
104196
21945
580503
210276
20706
88410
263901
167331
543403
152076
133903
32896
120
161596
318003
2850
1250571
1927666
1412040
694431
92235
5995
13366
95266
937765
303810
549676
60031
174345
277140
489555
209628
3486
41041
466095
111156
1148370
550725
18145
41328
968136
70125
1013176
117370
1189653
970921
1540
574056
447931
1067991
1033203
77421
45753
1177345
2080
176121
26796
322806
1116765
138075
2080
1016025
70500
397386
608856
40755
226128
33411
140715
33411
598965
28203
87990
506521
353220
607753
218130
583740
383250
66795
321201
416328
146611
11476
327645
996166
775635
175528
805815
4095
3
112575
1378630
44850
25200
479710
875826
579426
1217580
297606
1953
349030
15753
539241
36
6903
3003
63546
190
55611
173166
966745
47278
246051
1223830
809628
17955
841753
153
1172746
70500
10
30381
643545
45
94830
377146
113526
105111
551775
230181
81406
296835
137550
105
37675
881128
16836
173755
648091
16653
17578
1261666
8646
6216
741153
1468041
3655
4095
731445
80200
1413721
275653
190
324415
440391
1400301
45150
17205
1018878
120786
1396956
137550
282376
478731
188805
426426
137026
319600
503506
168490
179101
423660
86736
62835
206403
53628
643545
61075
826255
354903
2080
67896
154290
210
29161
1001820
6670
785631
85078
144453
135981
495510
39060
300
818560
827541
203841
9730
744810
1133265
114960
215496
161596
7140
34191
401856
112575
192510
36315
258121
36046
188805
434778
465
11325
805815
85905
454581
29161
48828
284635
303810
117370
111628
15
46665
721801
631126
434778
630003
97461
1457778
513591
16653
51040
1535628
4465
56280
176121
881128
878475
1664400
218130
44551
1770
1363726
357435
84255
660675
381501
2080
29403
9870
183315
117370
497503
1653
189420
330078
889111
922761
141778
1241100
550725
106491
162165
558096
91378
158766
1345620
471906
1431
310866
11935
1245831
14706
17020
9453
224115
14878
198765
731445
27495
211575
44850
1183491
550725
161596
35511
28920
85905
15931
1287210
713415
15051
140715
522753
561
955653
430128
55
788140
2701
1459486
3240
344865
73153
990
2850
243951
138601
65341
431985
735078
578350
982101
17766
990
123256
152628
22366
25200
49141
199396
612171
1450956
276396
378015
452676
110215
70876
1544403
375411
378
55
23436
228150
16290
49770
191890
984906
80200
832695
3081
1244253
107880
92665
11325
1081
881128
1183491
682696
1770
17955
109746
108811
289180
484620
1274406
378885
1352190
8001
481671
3321
79800
5778
714610
365085
1891
85491
401856
187578
31626
1343980
62481
231
346528
105111
88410
20706
822403
290703
24090
809628
23436
901153
101025
37950
375411
1033203
1205128
346528
258840
11175
1669878
483636
891780
417241
74691
27730
468028
561
49770
650370
700336
1128
38503
2701
27261
622170
495510
64980
673380
1485
533028
243253
397386
178503
119316
51360
298378
53301
25200
1082656
40470
101025
1478340
3321
667590
485605
817281
1770
153735
954271
478731
757065
38503
42486
52003
457446
706266
373680
871860
448878
708645
1248990
210925
1488675
8128
435
32896
56953
359976
462241
21945
35245
126756
1119756
1252153
1381953
216153
1462905
169653
3916
20706
352380
221445
990528
20706
207690
72771
162735
468028
243253
152076
214840
2926
19306
107880
303031
820
188805
286903
316410
83028
10731
1474903
879801
289180
26796
194376
253
58653
306153
1462905
1082656
2145
524800
602253
37950
603351
808356
13041
862641
795691
12561
381501
417241
523776
546535
43660
88831
80601
4753
725410
330891
1306536
30381
947376
218130
191890
35778
498501
1122751
9591
295296
2701
82215
58996
67528
52650
470935
486591
534061
335790
6
134421
13695
151525
159895
7750
424581
166176
176121
14028
3081
131841
7140
713415
362526
7503
990
9870
436645
401856
7750
9180
4851
8778
60031
145530
361675
303810
102831
8128
312445
21321
80601
1053426
1855701
8911
944625
66430
396495
15
283128
119805
163306
568711
365085
759528
25651
857395
22155
486591
5671
130816
114481
505515
3741
159895
143380
162165
15225
20706
46056
405450
113526
111628
693253
527878
61776
332520
68635
113050
721801
289180
674541
95703
237016
435711
76636
1495585
1185030
368511
877150
120
84255
120295
66430
22791
1770
735078
676866
706266
4186
19900
502503
54615
44253
257403
973710
40755
8001
174345
685035
28203
23871
85078
41041
23220
24090
235641
120786
1567335
612171
68265
79401
627760
163878
55278
1152921
820
84255
17020
497503
2556
429201
167910
1714026
700336
45451
58996
703891
298378
1677196
5995
605550
8515
167910
83436
496506
775635
87990
69751
75855
952890
622170
1319500
90100
1225
659526
19701
314821
492528
403651
6555
30876
447931
652653
750925
482653
2278
24310
86736
419070
274911
700336
905185
105
56616
990
12880
409060
11325
58653
231
572985
37675
23005
641278
130305
1558495
149878
891780
490545
177310
302253
611065
506521
12561
903
35778
35511
208981
9453
631126
10153
45150
1081
334153
432915
341551
1202025
39903
400065
707455
526851
4656
148240
52650
413595
18721
373680
8128
1049076
78
11026
94395
318801
518671
210
1367031
67528
47586
366796
44850
7503
146611
987715
1363726
1046181
277140
652653
34716
1415403
62128
4278
209628
633375
873181
1445850
40470
35778
5886
4656
114960
29890
653796
83436
359976
211575
439453
29161
16290
543403
56616
635628
1062153
881128
699153
542361
63190
3486
263175
693253
2628
504510
165600
127260
182106
287661
14028
489555
33670
837865
115440
350703
14535
517653
91806
982101
21
183921
20910
46360
72390
246051
559153
25651
82215
850860
8515
244650
570846
3741
994755
675703
23653
171
1180416
183921
14028
64980
6
153
6441
36046
1034641
544446
237016
666435
54615
9591
9730
576201
186966
8778
406
741
5356
905185
23871
19701
989121
15931
293761
975106
202566
901153
201930
21321
170820
824970
87153
913276
222111
793170
903840
91378
16290
789396
2080
469965
51040
715806
909226
200028
578350
12090
2211
4560
1570878
977901
89676
120786
605550
344865
933661
860016
273430
77421
385003
371091
85078
13530
1069453
202566
48516
1393615
604450
470935
178503
454581
39340
658378
125751
619941
451725
330891
498501
18528
168490
1456071
1133265
840456
997578
83436
1027461
24531
346528
786885
3828
546535
640146
181503
154846
89676
225456
1770
59340
148240
214840
319600
83028
17205
194376
1038961
106030
112575
264628
23436
575128
41041
70125
6216
804546
1143828
959805
1087075
46971
190
628881
13695
1838403
886446
17020
1711
147153
91
163306
65703
218791
57630
973710
137550
94395
66430
9591
207046
24090
167331
27495
30876
83436
46360
640146
169071
149878
713415
23871
107416
36046
482653
984906
81810
66
917335
328455
6
637885
399171
570846
112575
1026028
937765
179101
221445
22155
446985
10
19701
11935
31375
727821
7381
462241
442270
1342341
106491
313236
91378
318003
1478340
8128
22791
539241
8515
486591
1081185
60726
781875
83028
68265
12246
33670
3240
866586
450775
120295
1391946
316410
395605
753378
29403
260281
333336
498501
662976
219453
11935
288420
24976
15051
996166
32385
910575
609960
17955
1028895
427350
566580
67896
640146
955653
425503
123256
73153
376278
600060
99235
1452660
84666
47895
821121
1596
50086
780
1666225
1450956
1151403
596778
2850
36856
126253
939135
23436
316410
47586
1595791
2346
324415
188191
238395
294528
396495
19306
765703
418155
335790
1717731
182710
253828
216153
1471470
430128
5460
357435
44850
490545
135460
28203
256686
351541
125751
205761
316410
185136
277140
143916
582660
33670
156520
131841
8515
200028
168490
930930
72010
584821
724206
14028
727821
122760
930930
90951
205120
103740
572985
29646
1130256
43071
31626
1128
823686
106491
754606
125751
26796
1007490
442270
950131
116886
318801
564453
155403
444153
97461
771903
14878
126253
45
91
19503
141246
1653
137550
253828
67896
69378
12090
293761
171
261726
21945
27261
1244253
171991
849556
1006071
293761
82215
405450
46056
659526
21945
1134771
419986
667590
804546
122265
1378
35778
1469755
427350
196878
129286
505515
119805
570846
435
231540
80200
432915
317206
8256
376278
317206
63903
570846
206403
514605
2926
121771
30135
4753
983503
227475
204480
447931
264628
226128
274911
20301
71253
1290421
522753
80601
66430
55278
232221
11476
311655
575128
9316
683865
3240
343206
79401
309291
55611
129286
173166
156520
30876
94395
1433971
568711
417241
598965
528
105111
31878
152076
400065
101475
105570
73920
430128
2016
331705
31375
502503
937765
233586
120
10
682696
1493856
593505
564453
391170
832695
41041
97903
830116
205761
1304920
839160
254541
31125
381501
846951
127765
25425
437580
294528
151525
1188111
148240
1817371
1556730
386760
909226
1282401
483636
16110
396495
561270
780625
21945
1006071
35245
195000
21945
31125
29403
965355
581581
770661
465
569778
196251
471906
19900
243951
1050525
177310
576201
1109305
240471
276396
24531
594595
41041
28
178503
701520
1569106
948753
136
505515
293761
929566
1585090
689725
8385
74305
261726
69751
15931
653796
160461
928203
32385
52975
10440
51040
646953
180300
1211346
821121
113050
63190
8515
63546
596778
210276
37401
314821
141246
32896
198135
957036
251695
632250
74691
94395
903
248160
147153
3003
37401
1583310
385003
1431
862641
391170
682696
52003
612171
1653
19503
174345
816003
1330896
334153
118828
9316
1
596778
1152921
1608321
214840
41041
646953
358281
244650
73536
759528
1604736
1091503
437580
92665
42778
9453
144453
737505
336610
306936
965355
918690
485605
1186570
58996
457446
1410360
384126
157080
32131
136
1275
139128
1408681
14535
6328
15
371953
4278
882456
505515
196251
2415
843051
1128
34191
4186
135981
3240
465
414505
1358776
3741
541320
99681
299151
280875
592416
6555
11781
153735
18336
833986
267546
343206
237705
405450
300
30628
11781
153181
217470
493521
10296
11026
1445850
572985
401856
682696
186355
936396
561
1802151
7260
484620
10011
172578
898470
37401
95266
160461
486591
918690
4950
1118260
1208235
173166
1613706
123753
1176
241165
595
206403
155961
12090
1275
2415
23436
4753
319600
338253
835278
5778
4950
679195
5050
236328
406
118828
53301
959805
171991
1495585
705078
1711
563391
406
26335
382375
33153
150426
333336
499500
255255
49455
314821
44551
674541
29890
5253
37675
498501
151525
6670
143380
2415
120786
26106
284635
472878
128778
30135
354061
60031
32896
44850
419986
284635
119805
363378
36315
554931
10296
1512930
43365
64620
325
171991
49770
476776
332520
89253
142311
310078
471906
566580
91
820
2415
95266
154846
36
138601
111628
128271
1332528
854778
428275
36856
42195
930930
98790
131841
278631
882456
943251
27261
1110795
20301
468028
79401
79401
874503
62835
451725
354903
523776
263901
33153
409060
909226
133386
637885
870540
3003
433846
2628
1050525
17391
276
135981
142845
12561
479710
358281
47895
91806
22155
378015
3321
93528
166753
121771
459361
56953
678030
7140
879801
97903
461280
1211346
67528
5356
79401
117855
401856
150426
222778
906531
70500
752151
688551
37128
237016
128271
27730
429201
584821
35245
513591
31878
277885
175528
633375
212226
502503
310866
2701
549676
394716
86736
1317876
496
207690
1040403
136
23871
1085601
350703
66795
1261666
1585090
167331
1040403
542361
323610
1202025
289180
85491
209628
102378
234955
1194285
44253
1092981
136503
87153
114960
477753
930930
40755
111156
54946
13695
82621
29161
124251
154290
406351
28203
676866
274170
473851
169653
695610
5778
531996
19503
2926
4005
19503
14535
1770
222111
181503
23005
883785
682696
276396
79800
468028
969528
347361
48828
990
195000
1521640
359976
36856
105
90100
35245
258121
42195
219453
518671
320400
190653
548628
90100
386760
557040
894453
98346
950131
1067991
334153
401856
685035
117370
555985
1188111
330891
65341
1342341
1422141
349030
397386
947376
21115
26796
17766
190
173166
75855
378
205761
1431
112101
536130
194376
589155
73920
222111
260281
491536
37950
515620
973710
993345
1395285
832695
17205
381501
678030
346528
140185
785631
18528
7260
200028
1172746
31375
18145
436645
49141
171
438516
494515
650370
198135
820
1109305
518671
1749385
661825
292230
98790
25425
12561
269011
179101
730236
390286
12403
70876
102831
4005
1202025
30876
31878
10440
80200
510555
435711
703
479710
133903
804546
143380
7503
39903
715806
1168156
104653
95266
625521
19110
241860
1115271
914628
326028
15051
69378
391170
106030
1128
674541
18145
3916
685035
72771
568711
223446
288420
177906
185745
115921
1110795
171
785631
20706
215496
67161
452676
718201
77421
36856
642411
32896
1049076
453628
608856
64261
30628
10296
9453
24976
64980
269745
12090
13530
112101
120
798216
158766
447931
36
324415
288420
36585
1035
9045
316410
32640
10731
1118260
586986
613278
55945
285390
503506
368511
486591
80200
494515
961191
243951
584821
190
463203
154846
5995
97461
97461
861
149331
360825
5778
67161
640146
73153
50721
468028
16836
1549680
1711
73536
333336
65341
673380
3003
1157481
430128
73536
2211
887778
32640
3
203203
909226
220780
42195
374545
504510
699153
213531
746031
119316
42778
499500
365085
148785
70500
1001820
798216
193753
2628
480690
1367031
447931
664128
672220
676866
66066
269745
63903
46971
36585
237016
536130
2850
130305
102378
15931
122265
214840
1003236
182710
137026
15
570846
340725
13695
310078
42778
468028
267546
183315
1830
210
946
1514670
123256
465
652653
311655
71631
238395
91806
190
1375311
413595
1212903
1248990
61075
715806
820
883785
1412040
108345
84666
128778
798216
220116
55611
87153
193753
165600
1830
85491
79401
46971
29161
3
500500
78
776881
21321
1371996
849556
395605
62128
162165
26796
553878
5460
87571
285390
469965
209628
41905
152076
366796
149331
323610
664128
311655
1343980
170236
41905
943251
228826
320400
303031
304590
1717731
1107816
544446
536130
122760
91378
790653
668746
87153
20100
433846
252405
144991
2628
604450
148785
26106
6328
39060
959805
30876
8778
535095
5356
169071
85905
7021
1693720
21321
33411
1133265
110685
10440
421821
198765
331705
55611
58996
54615
627760
25878
27028
768180
3081
10296
247456
741
392941
271216
69006
116403
20910
654940
307720
210
296065
1046181
89676
105111
35245
51040
21945
72771
170236
