4176
4831
268
4885
569
15
626
2471
1604
1408
2536
4037
3881
1584
1037
4866
2304
1317
5494
3002
1494
6182
1163
4631
2344
958
5000
70
2584
617
8862
1865
1041
701
30
5514
13
844
2052
4322
2987
4666
1592
3437
6619
1097
22
1273
8099
3039
2837
3793
404
1303
2848
925
5771
4109
976
3191
1690
60
3971
6497
2187
4769
5272
672
2045
938
777
1148
671
1614
270
4144
1128
2177
3721
2492
3681
861
3898
551
4808
5800
2445
4242
1271
943
2638
2988
232
1116
8194
6387
1437
2991
23
3599
3362
6009
870
8085
5806
1789
734
607
1051
6346
450
20
101
2093
186
4891
2323
5425
2522
2304
954
4431
4641
662
7337
4486
3177
213
195
6272
5474
6641
893
1056
5458
355
2325
215
5738
368
1215
3096
1014
3758
410
5089
5862
1129
1557
814
215
4028
2234
5130
3045
1770
7889
3679
1884
8096
927
841
2644
5380
4405
2837
2637
2556
8686
5374
123
2999
1739
5000
3954
3191
2605
7891
1816
927
5568
1782
1193
652
411
657
3202
342
5646
5163
7205
9622
458
4877
774
8127
344
149
712
2225
3406
232
3532
1122
4492
677
166
2138
5508
6248
1339
62
7135
1405
1248
1873
1
3315
2162
1487
2526
4758
1966
695
682
4337
1361
3761
316
2053
1474
6105
863
1216
2511
4117
3697
385
2142
6006
433
413
2967
6358
2956
5141
1334
2384
373
2217
1665
988
3546
6312
2909
1463
941
3714
4181
379
3439
5607
4876
4334
99
2315
3877
3923
402
2210
916
659
2402
61
5276
3748
648
470
4588
1632
1117
6143
7496
981
2495
2826
4237
6074
2268
5212
3028
5348
1340
521
9014
1531
7989
3205
3408
626
1932
6552
2002
3069
2962
5850
4480
980
3598
2962
1198
3544
195
8436
5852
746
5696
8794
3273
7203
5479
2625
6540
2125
894
3713
1767
6189
1488
5922
1524
4449
3207
5349
358
6362
1660
2663
329
2151
2025
5813
322
3191
976
1897
2281
8592
8555
3648
5202
7529
701
606
3385
549
5122
3135
2336
432
2065
1354
6753
389
7300
3030
3568
6391
2913
2365
881
6930
1443
120
3088
30
8348
4244
4053
1169
1428
454
3161
2092
7577
3761
1942
4473
7673
559
4110
3119
5732
80
2950
3808
1001
965
5288
1927
4753
3808
2399
7378
5034
2112
3325
2264
4619
7834
3222
5573
3142
12
10
303
2290
1005
5937
91
1169
4346
727
45
5743
2777
8654
6337
5509
7404
1145
4356
360
295
3454
4786
7012
277
3418
3670
4623
3359
3113
581
2095
5278
4943
1522
2924
400
6962
57
4438
2272
2735
2897
9115
2530
719
6772
3021
4820
5104
719
2300
1233
2656
1275
4388
6778
2275
2474
164
8328
5149
4530
45
261
3205
1084
1810
165
1991
748
61
5687
4702
4869
4520
7848
457
3062
2853
5442
3170
1529
3212
8564
5200
2842
5115
5026
7310
1476
7582
3462
243
1824
2228
3286
1085
1702
5795
3056
2500
2051
5560
47
2631
5073
4214
87
1253
824
1313
5958
6646
1033
189
1365
864
199
1219
1412
4510
6216
2441
3365
2825
604
1935
4581
3667
1792
4902
514
5190
4687
12
5156
1120
349
1820
2830
1661
608
1015
370
2332
5768
741
2640
4271
1587
4875
3500
2001
9057
947
876
4979
1221
1402
2869
3711
1775
4706
3633
184
4822
7249
867
7086
3550
1472
6488
2588
639
1504
50
1557
447
2976
3091
4200
1259
6240
2957
435
2434
316
2186
4600
4184
37
403
5263
4449
1090
4687
87
1664
3880
5325
841
5899
4465
2500
6706
22
5045
728
315
152
4189
2476
1013
924
1740
2769
4229
125
4944
255
241
176
3469
6666
1096
205
273
577
1866
1220
2546
4029
1288
2140
1596
229
5075
1613
668
5332
143
391
990
3925
2223
662
1136
2290
2090
1945
2247
539
194
5734
7961
2549
1104
1957
646
2470
2305
483
3862
1062
2114
2680
2990
303
2416
1512
716
3237
941
3022
6473
1464
8043
2282
1735
2918
5791
8026
1022
645
5218
535
3450
108
4648
1052
2
3700
3895
2528
1472
6630
2881
268
5405
4737
2714
2251
2853
332
2990
2685
895
4506
528
2081
7181
241
207
1342
237
453
335
4413
2152
1905
117
17
2843
2927
2860
1856
4392
7360
3759
48
1543
1418
3789
5508
2579
3615
97
5634
4865
83
3635
319
5391
25
2535
184
5087
5732
3614
4458
3780
4802
6420
3836
4197
2869
3039
6620
1991
4402
630
3764
5518
252
247
7108
1967
1756
3053
1059
2429
3966
2241
544
2549
5813
294
747
495
6326
2927
2506
563
4103
1626
429
4006
2248
6596
7948
1805
1764
677
4337
1923
668
415
5170
2622
2007
780
7233
1228
583
900
140
39
631
392
782
330
4050
1671
17
1765
70
4823
141
3841
2837
175
5305
8755
5979
1889
3856
1932
1657
1940
876
3775
1810
5657
8181
86
1787
1667
339
1255
291
2031
6972
3036
6983
1700
148
44
17
4127
793
113
1112
6160
896
4532
5207
131
3003
2868
7422
2841
655
3586
2634
348
4541
650
627
693
2501
1494
1512
631
4111
285
5532
2142
3129
3635
1924
140
4161
2806
733
6764
2093
2711
20
800
668
4405
1295
1797
4942
339
913
5634
4663
3501
889
1092
3045
1548
5064
6405
441
2080
279
1035
3617
2896
1340
165
877
2320
4244
2034
938
1473
214
737
2822
2937
1782
2297
7056
1341
28
37
3324
2271
2179
698
3671
415
1935
1302
100
7831
5444
3010
9017
368
189
1808
6850
2020
1277
3136
1845
53
1197
3730
3770
714
4203
9089
72
1095
298
322
952
7585
6750
1378
909
303
1497
1721
5373
116
4057
2520
6091
4667
5268
156
6709
6601
2416
214
2635
7212
603
2841
2617
10
3005
5677
310
1028
9508
209
40
1906
1066
575
908
547
1363
4233
3505
2387
437
1825
3708
7206
4591
5619
4109
1254
1287
5906
600
4
4266
300
8530
169
6213
5112
400
3226
1081
80
355
618
161
1149
4312
2118
82
1104
3077
2275
2145
4149
7569
1182
3256
3351
240
4172
1905
1690
920
1868
5978
3723
5474
323
5031
5374
3654
2599
2500
2828
2312
3705
2175
2667
2963
3880
3532
3228
912
704
1910
232
5062
264
2725
5751
269
7204
2876
3169
3561
202
1596
5213
3848
3612
1886
6627
3498
3402
953
87
2935
3747
1032
2773
1206
6225
1139
2550
3049
6586
4996
1303
3725
3249
190
2210
288
7782
779
3673
1247
2854
3786
3553
1017
3501
6888
69
843
809
8262
3318
4129
1780
6716
928
2417
764
4832
327
3862
3177
130
2317
5303
5334
2422
124
1717
132
1580
5031
68
6273
5242
1507
5376
5312
4149
2755
203
1364
4797
5848
5467
2671
565
374
1657
553
53
948
8870
5773
4689
2052
4820
3091
884
889
3308
2384
5998
3981
995
4290
3763
6988
2615
1550
372
2750
2177
1360
106
4329
4167
4939
168
3086
634
1112
716
3684
5482
7738
577
5881
1109
3811
1920
212
2109
1003
2683
9057
5528
390
3428
807
6273
196
5141
3326
2075
6909
5457
1422
3526
6255
1265
6880
3579
4834
1623
1166
2495
2936
1054
2639
2312
8220
2026
136
2081
1711
646
2460
7492
1265
444
780
1350
4336
7755
2911
6627
232
3048
1598
1775
646
2520
4177
3082
572
7057
2575
543
3126
6068
2791
3530
60
1763
909
3806
4883
5495
1821
3054
42
1943
3859
991
720
7354
7200
591
2384
1765
876
211
4521
2527
1188
931
1535
1094
4563
5041
1732
3346
3320
6654
1814
8137
4547
1544
1532
3232
5433
1005
8035
2211
119
4797
4621
6227
1426
3785
1092
4318
6652
45
2889
6484
281
614
100
3098
2064
1997
3026
4417
1068
232
4035
8854
3472
982
5229
737
1417
1729
5084
3410
4041
3673
489
1123
60
4583
2180
92
3095
4529
2844
2864
3045
3906
1833
6890
195
5694
6977
6207
2747
889
5405
5462
159
6068
861
4257
355
1868
2730
2803
2398
1664
1060
1468
2357
3660
7267
6609
2736
4849
324
4903
4379
1232
2260
4483
1420
469
1285
17
1517
877
5859
970
4414
9205
632
319
1804
7484
2817
3059
7339
5237
99
286
1992
1175
10
3154
4727
6071
5258
3270
474
1067
2674
1881
5368
4803
2967
5693
8449
5055
1751
1984
242
67
3677
6492
5055
3601
244
1171
689
7776
5485
1035
698
7763
1595
954
246
6377
4700
2651
2079
2682
7320
238
738
2990
4787
1465
522
3754
6206
860
490
3324
5341
804
5380
5086
5906
1383
804
1024
3372
668
381
110
8184
565
4262
809
4535
965
110
1849
763
3238
509
285
7916
1606
1455
6900
4287
1757
7687
3261
4691
5008
1604
2536
4505
8651
1198
2497
2430
3412
630
2123
167
3033
2046
1235
1249
8301
1811
2805
1182
4667
547
568
4626
2915
4545
3994
2516
954
2193
4706
708
832
2908
1869
188
8260
286
501
3913
2296
723
4261
4025
1257
1189
6734
3582
915
344
1275
1806
918
1667
5147
565
5232
551
3772
898
949
6600
991
3022
1294
1156
156
199
3346
5884
1779
1892
698
7054
1769
2757
7141
74
4375
5583
820
3300
321
2267
4160
4422
633
3022
770
2903
3971
23
2459
4960
2678
978
1091
2934
1845
8280
8321
1020
2075
6994
5631
1265
2157
4664
1548
3142
300
2623
3003
748
2110
2148
5767
2700
7716
348
1075
2993
3248
6101
5288
2526
395
600
5124
1496
6825
1365
839
2662
8674
981
1498
510
4744
6889
171
6396
1975
635
1923
1878
1919
77
920
2891
8629
5044
980
6098
1395
5912
5248
6007
8558
1150
293
2287
4167
2666
7422
1045
1689
5315
525
1
3970
16
3480
1498
3723
6599
1045
2241
7654
123
3287
2114
2774
5909
3022
2161
6247
960
498
1220
3194
1729
5891
953
2875
6649
1868
3990
3774
739
8206
2591
3294
7998
4393
6044
8466
7463
7978
8059
225
1272
1461
5206
259
395
6410
17
351
1272
1957
3428
3633
2830
823
227
4550
1698
3913
6393
3447
402
2108
1631
1290
1089
491
997
2684
994
141
3096
3772
3415
685
143
783
2
6609
482
3893
4903
2278
2489
527
5542
5554
382
4774
2066
382
990
2343
3155
4376
493
2061
2245
968
7734
3468
173
1209
7040
2162
3415
2290
1986
5795
556
927
3976
6526
2767
448
96
456
4479
3144
2037
6353
7962
568
4456
4
4790
2346
4571
258
1856
168
1535
2390
44
2419
2724
6211
150
1117
3906
840
2727
2968
3028
5
3663
3893
2198
1331
1488
1625
3532
2037
6398
3833
3681
4254
344
928
1226
4380
1202
958
2581
167
5988
162
502
7284
57
4429
878
970
8303
391
2275
8116
3103
1304
799
43
143
17
4734
1531
114
4878
2722
3742
35
50
1814
15
3949
62
2108
3449
116
340
5312
666
7622
3864
3600
4805
1880
6451
3586
4953
2254
1933
806
5522
111
3959
1077
2476
1396
264
306
3204
4973
349
1707
1564
210
330
1148
1298
1260
6433
4127
543
8042
5819
4343
5230
2335
5
5867
1443
7991
5629
6143
4074
259
1914
5801
653
6040
3453
1589
2018
4182
309
446
3857
1219
3644
715
2321
4937
2497
2217
1785
7272
1631
1675
4410
4814
663
3425
988
3371
1089
2544
6996
7802
1292
8901
823
6185
7978
3309
402
980
4276
4576
1789
5474
485
7381
3708
644
2418
2673
5174
4859
1959
5772
8122
1812
6280
524
4211
45
3309
1047
2
3759
2985
466
8509
2346
5
4609
2564
3729
738
4501
173
7391
981
3566
5129
225
1689
3210
2944
67
1776
7323
7074
4241
1063
182
869
167
4222
7316
1819
2581
513
640
938
3827
37
6681
299
23
1129
2124
1130
2862
2409
1402
2311
2686
3101
1881
702
1658
1183
1673
2520
2638
6729
880
1676
4246
3529
3441
1323
1952
6139
3238
5849
2138
9322
112
2565
995
8365
4090
1372
3577
1517
3457
512
4716
1714
1865
214
6324
4528
3425
202
1364
6741
5223
1699
8040
6190
5139
6047
1628
8168
1940
3380
1075
2198
406
8003
1723
1930
752
4824
474
90
2480
1268
5305
2600
4853
5316
7441
1935
4544
7204
5078
1003
4185
667
2811
154
1572
3095
4864
2263
2756
4674
732
1834
659
1116
548
3735
3998
610
3954
1347
1444
25
1610
1127
962
1849
703
6968
3860
2561
5975
5919
2436
4292
1668
499
753
4698
2797
25
1009
3918
2565
1200
4903
727
2
891
3009
68
2285
2704
1186
909
4123
2329
195
6686
2157
3900
6211
831
3345
2771
1862
735
7008
875
5711
1923
5244
3519
5861
1814
2651
3229
7586
5144
4526
5480
651
3857
967
233
4914
4983
1349
6277
2586
3448
6153
717
3144
3796
6190
115
5738
2845
840
4632
3540
3931
1789
6646
1477
1447
6753
2069
1169
5300
1338
3946
4354
3822
5803
1792
8025
952
434
4012
2903
750
12
7105
5915
7
933
249
1671
41
242
4539
3109
2586
364
1328
4992
2419
944
6313
879
1867
3420
988
6765
2040
423
95
2590
4489
2807
575
2692
381
2757
1547
346
2891
4306
32
6819
4272
3508
4628
3180
411
237
4729
4663
1371
6209
2861
4080
1297
4387
1269
2743
722
1182
7880
6951
6120
264
164
667
1593
2978
4721
1587
4923
2056
7602
5959
2669
1192
2461
225
664
4194
314
729
9
2584
5172
3779
1591
3949
3329
563
4578
5729
919
4359
2297
4226
7120
1940
3309
2145
2592
3234
5593
4736
4997
1917
889
3974
709
2843
2692
1241
9654
3444
281
4692
2530
2218
4634
7371
3716
4773
794
9017
3124
7645
838
1192
810
1867
135
655
4679
2505
1269
2838
1971
472
4323
23
1205
4843
7986
5413
92
4222
4079
226
3541
665
329
209
3495
1520
2012
4512
5694
1769
1213
3861
2083
7122
3460
8290
175
5596
83
940
7150
5376
881
707
5149
1148
2219
6508
4817
154
1519
4453
1866
4386
1419
5890
8346
27
2355
6864
5369
2573
901
2266
747
6645
562
3502
1369
397
2463
3228
2664
1721
8660
895
1806
3017
5857
4353
6997
15
4219
2022
6264
2926
4429
1158
299
3472
70
1256
1964
610
3394
400
5710
1999
2874
4994
1633
7232
791
410
580
2929
38
847
777
5005
1694
1142
4024
103
2814
1284
248
6846
635
2246
6690
2023
5018
4980
558
1010
918
3330
2482
2960
1161
298
444
1677
3553
6195
147
4674
2580
5848
3680
2220
616
2189
451
2924
659
407
1452
2555
6955
45
1276
2127
4056
2164
7436
844
1536
421
6081
755
1343
1721
7942
1491
7827
6966
6544
4549
2610
3537
2198
7557
4724
1764
6565
972
3072
1080
16
3872
4581
1251
8
3874
541
36
1864
5355
7779
2410
1109
2013
4042
5922
2553
7194
5443
4795
291
2684
306
5719
4156
5
3977
9430
2488
749
5999
1634
341
3594
1678
974
3440
5332
6355
6775
6173
4097
1910
2836
7204
5469
1538
1515
3249
2434
4279
2202
3973
9266
4597
2832
5444
3101
769
4258
4229
2760
3092
1359
1414
4784
1080
1479
1397
834
1820
483
4822
5588
285
3362
554
1204
828
1162
711
108
209
1866
3
2773
3574
1275
3930
7544
8
3025
1786
4698
6833
1359
306
3400
2835
6486
1845
2547
696
3502
5830
458
1406
3036
1181
4253
3849
3371
7777
6306
3448
6336
291
3236
2277
3626
7033
444
103
1809
2379
485
576
591
2397
4464
133
904
5377
3368
17
5449
259
3904
3536
3932
1361
31
2588
3763
441
876
1142
5954
3437
5598
4741
4125
2929
5207
115
2448
4067
6698
1760
186
2376
2474
7306
5080
4069
3630
7229
7882
383
4174
865
6667
592
2101
4606
3753
4025
3526
2380
1629
2866
4646
5033
2103
3641
508
2792
787
835
349
1659
8070
1084
1308
875
6866
262
5387
5379
4584
3723
313
1038
1251
5077
2034
8
4753
2263
3821
226
4794
984
762
3260
840
1439
910
5932
3650
1349
25
1732
2808
1532
1365
2459
1802
1048
392
872
201
7966
3161
1807
1136
85
2213
1932
7253
2148
5457
6016
2213
1737
4427
3218
1660
1750
1524
6114
2800
4890
4456
8004
1877
3126
2599
2533
1610
2127
107
1084
3696
2113
7787
969
25
1043
215
1619
801
692
5114
1019
3084
4305
6133
363
7536
119
271
7544
3499
224
522
4173
3378
4805
3400
4979
5242
4154
3712
4697
6418
3337
6727
1701
8419
5639
6276
1192
6866
8643
73
1007
765
1649
67
4558
164
5390
5405
197
211
4713
2458
3013
3179
3449
1364
2537
402
1481
17
880
818
6575
3149
3881
800
46
8
4521
1315
2506
4043
1910
6357
453
3289
2421
812
7290
958
1351
3023
1743
7003
2397
5575
2246
187
1493
87
5801
463
724
1528
775
8090
5201
707
4585
127
2094
5553
5499
7919
23
2819
6740
5305
1311
6613
4002
446
513
5090
804
3783
6854
2402
1097
475
224
4350
3319
1147
2141
2019
3924
815
1086
4920
1153
7444
6273
414
2395
29
4721
359
1855
1950
217
8012
3916
5965
421
1860
18
115
1091
1515
1845
35
6286
2289
3284
6609
1907
3392
972
1898
250
1206
4287
5826
217
503
5454
1742
3490
4654
3605
1101
614
6345
4821
6494
85
4795
5033
1439
4289
4452
3286
1328
2682
2043
472
6877
3607
1864
5509
4051
208
864
21
3162
1944
65
1491
1415
1325
240
1030
6194
3117
1783
4002
1866
5510
6590
6104
737
575
4812
6977
124
780
3375
6928
3139
770
5440
7799
7231
5102
5573
46
1199
1561
3333
244
760
4811
719
504
1493
17
2547
2758
307
4690
654
1140
137
678
2037
7267
2685
83
6008
563
5934
158
3111
899
8208
2315
1521
3503
5105
37
213
3747
3202
2114
1110
1221
3700
1196
362
3256
5308
4303
4424
7181
1340
661
1395
7559
2835
987
7612
2978
8126
2304
5301
2455
6098
760
6938
1949
5069
283
2107
4021
2380
1829
7116
2970
22
6629
383
1156
3372
3574
2670
2509
5425
2769
3773
60
2448
218
1995
1345
2707
5763
6633
465
5232
5576
4322
4888
20
346
3475
140
500
180
2457
416
3566
1226
2156
486
1994
2623
120
7985
9
1082
5149
2465
3928
1626
1370
3654
688
35
1621
3612
2089
1709
634
5416
502
852
897
5643
889
2125
4472
1488
5311
183
3151
2564
1325
7317
4352
128
992
4200
4025
3705
1630
5658
6997
963
5400
396
5930
449
8660
3599
1265
3044
3845
6332
2893
1948
1603
2235
2537
918
4302
1747
520
6154
743
1899
507
2272
5081
2960
5007
9005
3217
2320
358
7330
2445
3
2170
1070
1043
6458
2791
5250
3927
7525
4949
2265
5356
112
1458
1574
3289
4034
6924
5764
555
1320
4254
4486
5056
519
3342
691
294
4187
3961
882
2292
4784
2959
2324
413
705
3022
247
457
7054
590
4224
5398
7545
1522
2882
207
904
6904
328
1381
2395
250
2640
9186
5453
6978
4987
7517
7560
2897
2797
1947
2551
7556
1455
6493
6465
1758
1358
2750
1992
2592
5669
2499
2420
800
2920
1516
17
4761
2188
2055
2093
2174
2107
4652
5854
605
2167
1650
7883
4054
7567
1835
2339
89
3408
4965
6789
2493
2833
4221
1072
2499
52
403
7537
3376
1651
5302
5526
2294
1945
38
624
3413
259
2529
2372
5884
954
2610
1916
353
2895
1254
1834
2985
4232
4073
5587
5342
4739
20
791
8749
2913
290
639
1996
3095
4948
3902
3934
5413
8475
4057
3798
3376
7734
2019
117
6361
5594
1371
378
3883
4053
4359
1495
1578
4450
7862
884
2620
1680
1873
7184
2358
804
367
229
301
5551
1312
3109
6790
4451
342
3207
760
2798
3288
5923
5
2458
3233
2762
2334
1207
721
1761
311
1540
607
4342
6306
4120
2124
5104
1172
5422
4342
2188
3699
2179
98
261
3253
1042
3189
873
3356
1742
5137
8574
2
2527
2148
2284
218
104
81
9205
4585
2326
1631
6032
5139
1069
264
6954
3207
3925
4308
6836
2844
1268
818
695
1731
2530
151
1208
8177
2614
8114
309
4773
2328
105
1718
2205
5404
4468
1023
6381
674
1480
1837
567
106
828
81
259
9281
4413
752
6979
4179
1809
1831
4541
7292
5496
1894
161
2397
2819
4314
2092
4266
5853
3437
2817
5303
1882
687
1094
6172
5749
3285
3978
7469
2753
2222
3167
4369
3728
6666
6748
2702
2142
347
6632
5536
838
1491
519
820
2266
625
459
399
1281
488
1720
1215
1430
1599
2493
3595
1323
3352
4914
6269
7177
4734
1546
4539
8787
42
380
40
1940
130
1320
4941
4864
9336
6389
282
1335
2585
162
7295
6949
592
4087
1644
2694
993
2156
5179
969
3496
1491
2899
3742
8431
1202
1463
6451
6452
3665
5
8430
64
7598
2530
1102
2026
702
3674
3174
3591
3516
1593
2673
8846
5454
1696
298
4543
7436
440
360
702
801
3829
5786
374
1229
980
2937
1202
161
4670
1972
2869
1200
1596
1827
7872
44
1627
3132
3796
5979
3669
8060
2970
1008
5631
956
5920
4509
4631
154
2774
3114
3581
5973
6674
3045
3835
1841
8800
1744
2664
127
7439
1857
648
6061
4986
4095
1772
3194
524
1038
1112
2464
7156
3239
85
8218
459
638
3996
7395
5643
578
243
50
3561
3817
794
1780
3096
3793
598
1629
6696
2908
1059
4680
5980
1250
83
2261
2706
2459
487
75
7301
44
40
152
550
1643
2318
1624
2619
1462
1069
978
706
1273
3133
33
1525
6065
5514
4778
3607
525
1253
5775
4653
4681
2350
1611
687
1097
4433
4110
1352
716
7681
2215
1345
418
2674
5003
7353
5614
3430
5859
2804
6
4919
3852
5458
724
1809
2321
2854
2846
1703
3186
3709
8828
681
506
5576
818
1641
337
859
1193
4296
1022
2789
935
6942
2606
3624
553
7298
2171
1309
4482
418
1939
983
2816
3030
1405
3616
1850
5414
7219
6559
6570
5020
1995
3991
448
1989
629
372
898
9259
4709
185
3037
3013
2064
4727
9201
2613
3716
6322
778
467
2353
910
2804
3114
2182
8183
5832
6860
574
1490
3149
12
1794
4817
4045
4309
2314
1580
2466
1079
261
4578
1413
4266
785
2342
7780
3374
3929
7972
4530
6133
833
2670
3685
1187
3733
171
1109
319
1175
5135
3392
2813
2625
2834
522
919
1208
1242
902
3545
383
3885
230
3303
1492
1242
3949
9408
2790
2376
2348
3246
6331
1587
1378
4349
1861
1637
3693
31
390
1842
2727
9334
63
2430
83
540
2081
872
8759
192
1287
6434
2438
4795
4795
616
5908
2285
2372
4917
5938
7191
4402
3546
4955
5204
2752
5784
61
2031
2533
37
146
30
1918
1304
495
3626
4528
4016
1892
2502
3504
7710
1078
2672
5060
7636
3902
2829
564
4004
3356
547
243
6158
3782
1739
55
1935
5438
1580
3089
7065
1594
266
716
3601
5034
3762
326
3299
344
2425
3417
2392
1007
17
5878
725
773
162
4
2745
1474
740
3814
421
4111
538
3496
1606
1816
272
7549
8554
3517
2501
5608
343
3005
9576
1272
5364
5624
6258
1289
3024
4174
531
384
106
4404
7241
2372
2507
7947
57
892
4077
4860
2734
1175
3352
5780
2383
2953
6090
4861
726
1809
632
2494
2641
3863
508
2164
1726
815
718
4607
4446
5022
2633
202
425
115
7768
60
326
3331
7202
6600
5198
5674
561
858
5820
6489
1207
2263
4995
1319
1491
979
1113
5980
8363
712
2192
7026
208
2762
4078
4845
7047
2570
666
2757
2304
2644
1558
1724
359
5722
3031
439
5358
220
72
1651
3672
6510
84
5280
4068
1923
1847
662
4072
5664
492
1438
454
7281
3788
402
595
366
5894
1176
3717
920
6566
5432
4802
975
5957
172
1583
1164
1760
531
2203
143
2032
1238
655
5803
5318
2339
1316
7593
3067
273
3858
1668
747
8970
2195
5636
6845
3432
1669
5229
2071
1333
441
991
79
6160
2192
1966
182
5884
2303
6029
1269
3268
5916
1378
1161
3367
5225
2480
1583
546
2110
4276
80
2078
3461
3079
4028
1720
509
4343
3199
556
120
3984
3833
5899
7310
6339
2281
3310
953
3422
2502
2608
4660
5252
3148
2226
782
1445
1599
4778
2176
6754
480
370
1342
3480
38
3903
1734
1679
4029
4490
2439
649
2763
2994
4223
2007
4695
1927
2173
1817
307
8030
1121
1104
219
5623
2071
8
610
3250
476
1688
357
2633
3565
1284
3788
456
664
1430
2167
354
3215
3927
2230
610
6291
5246
985
7690
5025
1092
3247
1594
1190
1422
1499
1541
6324
3837
1227
1715
1113
4660
3186
774
351
7598
466
1006
101
64
2716
2538
371
5683
467
3964
4603
628
1789
5749
3750
6866
6039
4655
1493
1608
4711
2543
4544
3411
1700
4428
2027
801
4022
6737
1740
1142
2145
4572
3582
2813
3766
388
5434
5202
176
921
2297
6286
826
3916
617
2877
1777
1461
4564
3519
1114
1763
5943
923
931
5858
5705
95
612
12
2453
3040
5326
3924
2902
3628
767
2498
3435
1533
4166
5545
7443
6489
448
2448
2181
2805
3580
2405
3084
4007
2241
4958
28
4253
1591
2145
954
2815
340
159
2348
709
7893
3360
6629
6374
3688
1735
1452
2041
1352
1673
3239
7963
1307
5564
5272
1897
6516
3526
5873
4273
4864
415
67
745
3430
1468
1389
2082
548
2320
4015
6081
855
2300
422
122
4144
852
25
656
609
1131
331
854
2288
7165
2405
678
4924
1279
2027
758
2356
2136
1787
592
1043
4450
4819
3064
2
3617
3561
6128
2834
512
5773
3579
3848
1717
128
1364
5085
3225
414
1259
4576
1309
91
6492
355
4816
389
658
977
1556
1958
6388
2249
1197
538
1
2155
4789
382
1375
1790
8924
965
204
319
1122
1434
5570
31
3599
1990
2474
3081
7056
2221
3973
2848
5810
6228
5705
8816
3400
1669
7770
1579
576
263
5237
1526
3726
2137
137
4054
1813
2603
1026
3916
187
2831
3420
2899
85
2430
6320
3466
3581
2127
2336
1408
3024
6308
726
1952
2738
4659
7235
2126
5066
5582
122
4339
4035
2043
3484
2009
1660
387
8958
5518
851
1400
3758
2725
285
1103
873
5133
4610
2621
2950
553
719
1303
5286
1182
90
3609
337
5782
28
6973
4948
1154
454
1208
1004
9682
3095
5741
472
2971
1000
5005
2337
2941
23
1363
341
3669
265
1126
99
3363
1826
6515
3133
4259
5673
299
1988
1511
2273
2630
52
4152
2604
5810
1805
2006
492
3623
983
739
8133
6179
254
3050
1339
681
338
1835
5651
2788
2526
3063
5079
7403
924
1407
1020
2311
226
4521
2321
3523
3458
2770
732
3333
546
1700
548
2844
8497
4073
3510
134
814
5840
4425
6034
663
899
5784
1441
14
4145
3883
267
54
3404
6586
7496
930
1742
8612
4457
1908
3813
8346
29
4419
240
287
4195
524
1565
4000
7161
4295
5615
2403
4094
931
4536
1239
876
152
5828
1127
810
273
1517
8849
1667
4220
574
4357
3878
6917
115
13
33
8126
697
2141
3955
450
4387
5731
438
6133
7113
5263
1578
1641
6999
4688
5034
8370
3325
4608
2229
2069
929
4183
551
336
3059
3919
5637
3448
3446
727
1077
2181
17
3916
1239
2798
4589
4406
5110
4504
1920
3026
639
1793
3704
2334
2802
4800
6266
1755
1448
4204
3082
3814
1152
3735
1423
5701
3263
7108
2581
230
953
2416
5184
5424
7734
3354
1813
2561
1777
8843
5771
2910
312
1899
4268
3902
6613
510
8742
5765
1724
3306
5605
4324
3923
5293
2990
1296
2261
876
1133
968
2261
1950
3428
2557
4590
5589
741
731
4550
76
1875
4149
963
5283
4002
1894
5470
131
2453
4960
4530
2668
2045
6841
2235
1067
4615
6351
5372
6936
89
3435
120
198
2644
2427
8129
5661
1215
4993
1670
4773
3532
2085
1098
1725
4865
8360
281
508
2873
594
199
2819
319
5131
2521
743
1753
472
6028
4572
6673
4329
1258
783
126
1592
2683
6296
4360
79
4459
851
2733
4249
4680
2691
3737
152
4392
4831
5905
3596
5884
3111
272
2481
601
6599
156
974
2525
1969
2445
113
4229
781
45
2534
5187
1204
495
1602
3924
1450
3800
1317
1151
3269
60
485
4260
1463
4245
8849
3058
2521
2665
3460
1566
2648
8518
3941
2620
851
2838
1367
7201
2470
45
5937
2505
67
3788
1803
1426
103
5628
4385
2341
3250
1199
5257
4094
2078
1981
730
132
4433
2362
5095
1591
9312
3423
2923
1239
1143
3249
7
3305
1771
2003
5505
3543
1250
1278
2582
153
178
4940
3063
1094
2258
5482
4714
121
579
1738
6780
221
1860
792
512
42
6402
6082
8450
4243
153
2256
213
1124
2361
4136
6592
5946
5687
4617
1144
2167
4969
1183
967
2516
129
3868
2444
203
2265
3735
6899
561
51
4893
6065
3798
2324
3886
260
1039
1699
384
276
4228
3222
608
6420
1948
3410
3099
8915
1910
2473
1643
2368
3992
3028
23
6022
3584
5164
4442
2588
3108
417
1737
930
768
4605
3982
3150
3041
5472
5834
4846
124
260
4363
1007
3400
1758
1257
8855
2440
210
7714
1443
4077
4360
5602
1097
3242
3950
1243
6873
795
422
420
702
708
1340
5552
826
4368
5579
801
2160
2980
355
355
2460
6651
2943
2624
2830
4926
447
5313
711
3582
321
3612
1799
2876
242
5126
7081
522
146
6746
1314
4012
312
1595
6396
4308
4366
2595
3182
12
5721
1296
4439
877
6211
1978
4244
4108
3729
4328
4100
1362
3072
623
6844
2053
6280
5057
3667
323
208
4433
105
427
1
194
8823
4950
1149
7468
3258
6959
6528
4105
8154
3034
234
603
1350
1507
679
688
2075
5227
926
85
3435
3391
351
5250
122
5834
2186
210
5593
630
1359
6384
1142
1066
33
2111
4582
631
5858
2171
2453
289
1088
3160
1708
5948
2878
4337
5493
3548
1922
3809
2498
1745
3637
5292
160
37
4067
531
1309
1451
2428
2304
2806
4535
1633
2176
1419
5293
47
1749
854
2596
2048
1497
4842
3767
290
4352
964
5267
8020
2019
6802
2756
3283
3040
718
2268
2088
1395
1261
4965
3022
3862
2720
919
7436
1091
1327
1979
4305
5440
57
1795
1179
1384
455
930
475
1859
91
1676
967
2190
7110
1371
5041
697
1187
141
2040
77
1839
708
6390
2551
4010
1113
191
4257
367
549
1394
2088
2324
345
2066
5280
781
2044
3409
5017
65
3240
1301
2047
4608
1319
602
3362
3002
4065
680
3230
6960
1373
1656
3779
167
1975
3859
193
1599
2506
1566
666
1885
6670
370
1046
5147
5209
5334
5191
1171
3128
1227
4215
919
6149
757
2188
191
4780
984
5654
1581
2227
1707
3098
3188
8490
4927
4503
7153
226
5698
144
5673
5860
7573
1341
1450
1645
4300
2383
2605
3877
3585
8381
6673
7745
1985
3910
1896
6002
7910
172
2188
3004
2041
7798
4765
1735
1230
167
8655
373
2223
1740
6082
442
252
1736
1456
558
1540
53
1551
1129
2124
15
3978
4936
1990
96
881
2384
949
8607
7399
4314
634
569
715
471
1874
802
5269
1566
7495
1572
2391
3250
4014
3218
301
5472
429
3113
115
4350
807
856
1324
1265
6113
4615
4562
3296
213
1643
5133
1863
2396
1774
3335
748
4556
2252
1010
800
5434
8270
549
4620
2324
6205
715
4504
1327
4660
5171
1211
1280
1918
1111
3706
3937
1947
8931
2307
2881
5239
1929
1936
4908
1603
679
1347
45
2713
3792
2690
5057
1704
421
368
4078
2590
2081
4240
1062
2500
2353
1733
1815
1079
2076
1694
6409
5867
4231
714
206
246
6735
232
2883
368
1758
3221
304
3970
3188
4656
2612
898
6922
156
3309
4750
3798
2964
660
3120
3689
1049
8796
2363
8251
2046
2145
3335
711
1804
8661
1137
4268
289
4138
784
7
91
3436
7359
268
2730
1119
5429
2721
4923
2057
383
912
429
2771
684
3314
1951
6207
2003
5416
4763
2346
3322
2161
5255
4389
912
736
1539
171
4139
5212
489
85
6227
876
2928
1465
2081
5230
1508
5190
8714
787
2877
1666
1673
2928
2719
5474
289
3453
9033
4056
850
951
4190
1706
4329
489
5166
5549
3393
4213
2307
388
1120
976
679
3738
1843
892
762
1464
5097
1548
1054
5613
445
2561
813
1053
215
917
584
287
1368
2920
1484
504
5873
2379
8256
1319
4808
3935
955
685
4
5240
345
5566
1154
1730
6433
433
3982
2193
2576
9
5683
4850
6233
7266
4729
1717
7612
979
5
2887
5380
6913
4569
492
526
7236
3162
1894
4905
2069
3547
2
1463
4910
1348
8207
5200
1058
1604
2864
48
3825
1812
3248
4433
653
6714
870
3977
76
944
4219
6388
1576
2528
7240
4
3400
2688
2540
1917
6491
4157
418
2409
5284
376
2845
3930
3694
4114
4194
3674
1343
1259
1194
1128
1377
2551
5481
2562
2142
367
871
2156
649
1154
7402
2081
2957
5153
1190
5814
5453
2808
193
167
519
1420
1105
768
6487
7149
3034
329
5003
388
2214
362
303
6780
350
3203
6755
642
2052
905
3073
2362
1369
976
7474
4303
220
684
4792
2490
195
588
1140
47
1943
6381
8867
147
2345
6344
1277
212
3336
4109
3524
461
3670
6908
389
3785
6803
899
9037
6605
631
1212
1956
659
1294
257
1930
4941
1390
2499
3806
1840
1745
40
719
9557
1060
4763
2058
3996
1495
7551
3730
3556
3616
2071
3334
5524
735
4405
2217
1374
3168
4299
2335
2502
7137
2439
2989
1569
1764
9228
694
107
6075
1306
17
4339
135
770
2958
2738
2258
2582
4553
93
6913
4705
6569
976
6061
5397
3429
351
793
1716
1164
3097
4506
2110
202
2478
6070
5086
5011
3076
21
1777
1961
2172
3334
816
1131
3736
682
5553
6345
2477
1702
2743
4933
2111
1830
4966
5889
5940
2511
6117
5542
400
3048
4388
81
427
432
4506
1237
4120
8448
4549
5090
1797
329
624
5191
616
2830
3275
2366
4289
1568
242
3735
4421
5921
535
630
614
145
1586
169
4997
1589
6656
704
3368
1110
4724
2283
7787
3271
8100
4877
4415
3514
2427
38
81
1579
1159
423
1707
26
8839
7020
1454
3397
489
4315
2844
7860
1073
311
5827
3376
7034
8261
824
3029
5452
2475
1880
4441
4042
33
3943
6044
2759
6444
4024
5114
5654
2320
426
7977
2850
5630
3578
1035
5
5103
3811
5513
619
1276
3264
1329
4776
1543
225
232
1238
5236
16
8787
1109
1740
2554
2401
2776
4653
5078
3510
480
427
4942
2836
3030
1478
2165
197
1574
4265
1203
613
255
48
3672
7657
72
4560
2169
4821
3094
10
296
2504
2377
348
4804
293
1011
188
3268
2152
529
787
1322
40
3488
3479
2719
532
1992
467
4405
4552
4740
3363
5980
7819
7580
1661
411
3824
1281
1524
3449
5136
1444
2050
82
660
2190
257
2415
8212
739
3336
1362
3389
2408
4492
1970
3479
1199
2421
2131
5134
2427
436
3781
2131
1547
1560
53
3057
5371
5038
1836
270
3813
8931
2960
1228
6200
3166
3884
2289
2260
6056
5758
2280
1448
1907
463
4810
1216
1674
6942
855
358
3414
3515
3661
3028
8631
1728
1307
4579
1334
2065
5448
770
1556
1884
3058
2810
319
1353
84
531
4478
4182
280
3220
124
944
2254
5216
1254
4944
3137
738
3103
2900
1335
745
3298
5870
284
1028
1750
2394
60
3513
248
19
1221
516
1151
6639
4359
2986
3428
4076
4306
688
3208
5253
2987
240
1941
4695
355
548
2901
997
4891
775
1394
1958
1493
1086
4396
162
2213
1362
2372
991
1900
1107
3236
6607
1259
7845
9509
2986
5961
5956
774
3536
1074
5721
2869
554
4608
2980
786
2409
607
5095
451
6057
777
5574
4926
1166
3407
326
463
799
8178
3042
972
1445
2926
4441
6243
3643
1493
1826
1388
1367
3569
75
3301
3549
755
5665
2320
353
5120
769
1730
4144
4444
161
1238
3632
761
1107
534
4589
2134
1972
4505
7977
931
537
3198
6836
5129
2819
2000
2476
4444
403
3630
3530
1137
7142
978
5581
1561
318
6104
1809
544
2386
484
6841
1684
3380
4894
393
4276
5767
2048
139
6140
5429
6655
1222
3258
819
4148
90
522
491
7366
1148
860
1373
4347
7653
3334
1576
1807
3077
1257
240
2547
4672
5387
4211
22
2969
1077
1030
2268
259
7239
5220
142
1027
3451
1429
6442
1170
4016
6244
926
3011
5149
2181
4357
322
505
1170
1037
2482
3636
1679
406
3224
1729
4904
2352
341
4707
1725
20
7096
215
1875
1506
1685
4971
6486
5061
5579
2073
3427
2956
1773
1009
5440
873
471
4125
3949
7959
2827
1394
243
816
2599
6896
5978
4317
949
3079
28
7084
1304
3021
7106
2385
8821
185
1175
1182
3865
1820
5906
3352
268
1896
2711
3142
2872
3962
1761
4507
1527
5748
1124
5446
338
17
2400
1586
1878
1985
3480
2125
1799
897
7131
2291
1085
1345
1218
896
3324
1629
6869
5738
3719
8785
2245
4345
1910
5725
1801
3960
2929
5965
1957
312
2239
2859
2059
1816
3768
5336
4067
4289
6505
2758
573
2708
54
198
2100
2098
7047
3022
3353
2550
5008
3516
41
3581
5414
204
3706
4780
1235
300
1254
1351
3432
5431
5724
463
91
2805
3387
435
6000
9238
1809
7608
3053
1462
4948
6191
1153
1373
1266
4456
3067
1662
1906
1525
2937
792
3419
323
3662
2284
4149
2729
1422
201
5205
1166
4101
3019
4391
5036
6139
287
5865
1515
4335
929
2935
422
6289
3805
4351
8408
2965
2774
2083
935
6721
2848
608
564
3628
5177
4769
762
6019
2989
4709
5858
362
438
3573
5761
845
2974
7932
2020
1645
20
60
3984
2225
3326
753
5732
3736
2005
4461
1750
6482
108
1914
1799
4346
140
547
6972
5315
171
6817
4147
2503
6829
4805
45
3102
10
894
3081
7635
417
4867
575
1909
5000
6599
685
408
7832
138
2762
1439
7325
8865
4807
4776
4143
3189
5018
6121
4552
2211
8016
5810
1242
3909
1189
4257
1692
2666
1021
7851
1352
5661
1543
791
7153
874
6341
217
70
2594
2024
8809
7769
88
6142
4756
2910
1737
1537
5220
8634
140
5681
958
3418
7404
7727
153
5948
596
1267
658
5270
1242
281
3774
1802
1204
3891
4431
3071
7739
7054
309
588
5352
3704
9242
7744
3434
4872
3278
6183
1069
5226
5610
3032
799
805
1344
4447
1369
6483
507
267
1849
1496
531
5077
6603
4585
4805
638
4058
1432
5486
181
2005
3484
3715
4220
2159
1872
1437
5818
1138
2441
5674
2252
1494
527
1847
1520
5821
5
4261
4906
3972
511
2844
1539
6905
4947
530
377
1788
456
1140
1229
2364
2943
2984
1238
278
1956
5890
4013
2937
4600
778
41
6364
471
277
395
7056
4787
3245
3740
2685
7488
3039
5480
804
1884
2630
4024
2101
7401
5090
1028
7284
6360
5271
3965
4172
8989
915
2406
3427
1500
2207
444
1459
2457
247
1884
4556
5590
1450
449
873
5447
1687
52
68
5152
3907
2264
5259
2992
184
2034
128
1762
5740
8206
3157
2118
980
3798
429
683
3781
3789
2684
277
6626
3123
182
2847
115
3022
1012
1153
1122
982
8547
8308
1622
2855
738
3506
5399
80
1092
195
579
175
284
1097
8996
2622
2612
4596
2419
1585
1211
1653
514
3700
877
3723
809
5309
707
7910
5224
3194
1160
5854
6583
2441
6977
5866
2175
1066
529
172
7012
972
1020
4725
2893
2261
6654
8226
2382
6511
6596
783
7249
6826
1709
981
4803
5300
1122
1810
2990
2621
5474
8879
5877
2596
1590
1506
23
929
1752
4219
2982
3430
4930
2922
6033
3370
1342
5033
1782
1119
4348
5264
2034
4258
3987
8468
3212
1031
3174
2210
1705
53
4292
8647
72
761
1705
3355
896
4186
6348
6476
671
1221
3340
7909
8148
20
104
6963
4949
4585
2583
1226
103
5
3211
4965
2212
964
4373
1449
1134
6343
4521
6934
2926
1234
2062
37
2873
871
2517
275
2724
1740
3064
4168
5311
8633
3946
28
929
1315
1271
1607
1117
1589
25
1123
2014
4299
3153
1281
4555
239
2682
6025
140
1736
3304
3000
2634
5119
124
90
4690
3703
1356
2134
1473
3436
2500
2848
838
5032
675
5922
2467
2779
3341
4579
3506
3570
1320
1923
2188
2068
3046
1115
2509
3587
3153
1596
2938
1672
3740
3742
202
1956
3851
2398
5468
3470
4363
3794
219
5252
219
9072
4200
1412
1508
2369
1556
6248
3958
7449
4464
2553
1554
1552
1167
1208
1922
1272
7993
3747
2313
7221
4551
741
4450
3558
2858
95
4394
2703
3192
1077
528
1409
5573
1388
3080
4905
202
2908
4689
3786
5226
3216
3570
5134
7020
2343
483
2471
172
2430
98
1145
1289
69
8797
3883
4562
2332
3235
741
3655
1964
52
892
5340
2114
5074
371
3318
3669
3560
728
365
1392
2714
738
5763
3028
4567
2430
6227
6176
1823
1550
7330
364
1108
507
5852
4196
2380
3633
318
86
5280
746
578
1620
5138
8305
8222
2513
2912
657
9591
3813
3629
461
5192
1496
392
7914
4244
5743
939
6094
6294
4779
2915
2695
1957
3697
1668
3302
865
2900
4487
2749
251
21
7607
3135
18
763
6960
2529
3830
1363
7659
4190
2074
2090
2497
6604
1060
2132
3609
7160
5437
6280
2331
949
4501
3640
3304
1998
3333
164
3816
7085
3502
8835
3620
1246
1696
259
639
4044
6749
4456
765
871
2282
4254
1957
2830
1712
332
1065
50
513
5241
188
1839
4789
3715
2001
475
1841
5293
4547
2332
2804
649
3430
1428
144
37
1645
3091
1951
885
123
3135
1516
8207
3489
3404
3023
3127
3417
1124
2616
8537
5264
3487
7993
4167
1814
607
5390
2425
730
294
371
4839
2024
4379
270
1248
1140
692
3820
246
764
159
3574
5971
637
6018
584
5526
3585
3154
912
769
6129
1585
1226
606
131
4993
1052
1139
6234
703
3441
608
1325
851
12
493
3658
4289
2377
3188
2341
3521
1495
675
5105
7002
2216
5494
422
4258
2445
131
4932
669
6277
4654
2890
2404
374
6014
5949
1708
3996
768
4752
343
5113
2286
60
1279
9204
1123
7169
1707
4051
700
6987
5221
4625
2753
6459
1661
1517
7963
8081
648
2628
102
4969
1277
1371
391
323
1875
1351
1377
1735
2899
6045
3873
1495
1622
2874
560
3770
2366
2356
1980
3515
2635
1015
2061
1248
970
4056
36
760
4149
2060
4386
4749
4129
929
8175
5884
3238
3274
53
1082
3042
2539
2379
1289
1524
5035
2291
521
3908
813
1543
3621
373
8407
1551
4476
124
4347
1303
2698
6320
2423
2274
14
674
2316
1397
470
5273
1171
7344
7189
709
1228
380
275
1865
1692
1133
838
2657
3952
15
3401
1426
3787
3770
6265
4339
549
6371
3864
2598
2225
267
2490
1348
2206
5008
5639
259
1377
6041
3358
5821
3573
6804
112
2358
626
5532
4243
2875
6811
3547
6269
2015
786
6747
1257
369
6307
7126
4031
749
1904
1527
173
4557
3972
532
861
4633
1145
3561
28
2036
3677
2323
5989
664
1123
647
1373
2991
2396
2680
1261
235
5045
7000
2109
205
6650
3613
14
3004
7766
1045
422
789
4246
5075
1993
6582
1263
3060
692
1637
4250
1367
730
1600
5268
2673
766
5769
4481
3228
236
5173
1804
2926
622
2571
4220
5324
2873
375
2692
5664
6425
1371
2760
2762
990
1987
284
4100
2273
2740
2830
5206
3483
5270
3454
850
784
4763
2282
6457
273
6876
1405
6903
5288
2125
1531
7423
73
4302
3853
5233
301
8827
5595
708
467
5925
4349
2927
1013
1
915
4828
7256
4014
5155
3606
3395
6521
6160
308
288
824
3435
2084
1171
1125
7348
23
7740
395
3202
1079
7552
8567
3991
4505
2964
3470
2749
1205
782
3681
4638
922
879
232
1629
235
3612
882
2347
133
6229
5437
725
7116
2845
4600
1507
1059
427
6396
1024
4828
2844
1888
3873
771
721
4417
5788
1592
3873
4353
3012
2492
3064
1354
2172
3676
5131
3597
459
5114
121
945
3382
6289
341
6347
2105
2732
3219
904
524
140
460
1502
5049
3103
8193
5434
3830
707
1141
6551
258
6195
1406
3618
7799
7329
1015
964
7615
3128
2559
1020
4505
84
36
7636
306
2773
1553
2304
4390
2081
2372
1665
2916
7106
5738
7514
2413
1682
947
162
1833
8011
5292
5956
195
6839
639
434
5023
4773
3341
1390
740
1860
33
969
854
7115
517
3954
590
6287
6574
54
2693
2111
1562
2937
3832
4700
803
3543
3485
4896
449
4107
5708
6029
196
4075
4212
5373
3568
8183
5730
3045
6561
585
1524
17
28
7465
305
172
4817
743
4952
40
3188
6819
1866
1620
6
57
7076
1254
4557
3134
3568
1254
1209
1775
1307
1172
2669
1129
5735
4963
6174
433
473
1610
2148
594
2829
4905
580
812
500
3683
3851
5750
4448
6750
7015
1891
1571
1987
5444
4007
2322
883
2777
2781
5339
749
7030
3328
1907
4168
2374
1461
391
2311
4930
2832
1
5682
1203
1300
47
1339
4305
5910
1063
3012
8
2242
4984
6669
2283
2389
4653
4037
1462
2257
7227
3486
268
444
5710
5759
2421
270
1355
1662
1178
3116
188
2495
1466
1453
1294
895
2955
448
3036
5573
4784
2244
1573
1930
4928
1953
1501
1043
1384
5719
2938
815
2719
3056
2827
1191
918
3578
3752
748
2952
7144
278
4421
6551
1202
3
2846
2574
8121
4035
2915
1463
4592
94
357
2819
3732
4633
1615
1380
2555
5594
4689
4642
79
352
5222
4952
4413
8238
2021
5838
5030
2106
1650
3405
29
2440
4426
1402
1389
351
144
1592
261
5866
957
4780
8030
1591
1317
3134
25
8103
3489
2451
4110
727
1133
3151
3295
973
4131
607
2755
390
4315
1079
236
6729
1714
2811
4180
699
8992
1484
3368
84
3171
3414
2047
3715
7946
959
1442
2204
2500
2719
7622
88
4820
6296
675
4532
984
721
2354
4711
7420
5197
854
318
4783
7523
771
3109
5294
2863
2104
822
431
1201
704
4260
4864
2891
480
6335
920
2036
6330
4017
1636
6089
703
7818
6630
2063
2082
2621
3851
2496
7239
2371
6675
192
4229
6545
795
7016
4685
3195
2991
2169
1532
3101
3809
3157
2125
4932
6073
558
4515
7891
2948
3140
1172
2800
8301
1933
815
298
3869
4530
7054
6044
1081
76
3666
725
4370
1364
1493
940
7415
2198
6974
5153
6692
985
2694
4499
691
4780
4234
1824
2487
4604
903
1382
77
5442
6550
5912
3937
5798
1308
3195
1861
1571
3062
1426
257
2382
2097
46
1454
1362
3512
428
3584
1519
1307
303
1399
5223
1740
4019
2216
2151
7112
2267
466
4558
851
4878
2820
774
2645
5067
1466
3125
177
5261
1949
6092
423
966
2
3217
3289
7566
6179
1694
177
4733
1730
3279
1157
3508
42
1135
5650
7612
466
7146
3223
2342
582
5493
8761
4274
764
3956
6931
7606
5507
1352
1838
2227
7917
2409
1750
3306
749
524
5088
864
1446
5251
7125
3237
2880
4306
1617
8791
396
148
1501
73
2483
435
780
369
7903
1736
549
2540
836
264
6166
1696
1121
5934
404
1115
1280
7313
2124
4107
497
3736
1156
3311
5080
3498
1118
3038
1903
4885
5599
1353
3623
1547
366
4598
86
5743
2879
213
4722
4414
57
3096
4693
47
4450
26
239
1230
1691
510
422
13
1348
5745
3012
5802
609
1608
3768
1613
177
3409
76
1799
1266
5188
2581
3247
3923
4996
71
4191
3009
2689
1203
787
6692
4863
1668
4859
1486
7477
2668
6235
6778
6026
7568
1727
3738
6373
5138
991
4121
2490
3431
7323
105
749
5456
3929
832
337
2841
12
3010
1120
721
3242
250
65
3055
5474
1948
5092
634
2556
4435
3987
26
6629
976
1130
6514
4109
695
1874
3122
55
2658
7902
218
5743
1930
2551
5821
7845
3627
3607
5868
3835
353
4663
1687
176
65
2525
5473
3843
4556
6136
3996
4744
4682
2396
3827
6790
372
768
1506
3094
1690
1422
1795
2010
5581
1612
1821
4100
1679
1864
1109
8812
9602
2028
673
3033
3992
746
4898
3262
2547
764
1080
275
7241
3136
5894
4396
3856
4226
7518
80
5104
2535
4945
536
3180
4033
1962
2153
1209
5132
5077
4475
1444
7957
806
2759
8827
6536
5366
3944
5884
944
3941
2852
2064
2385
8811
5436
1892
590
6633
3954
484
181
3938
3211
4173
3922
3348
4929
162
2831
8402
4923
1990
1353
4959
3264
5796
2404
8568
451
4073
5315
6382
4851
1482
2195
1662
1631
1147
3689
2287
2986
7737
2341
6997
1211
543
6120
4368
2547
6386
3138
2391
4985
2965
120
2374
1208
5321
38
6141
7864
8751
3608
3014
934
604
7040
1305
2969
5983
4817
3200
774
155
7264
372
5589
1519
1841
6861
5338
2202
975
953
307
4011
969
680
886
2260
1033
2224
698
3557
1915
1556
3812
7575
4759
1511
5071
173
2730
7613
2157
1900
20
3119
7383
1525
71
3832
6133
700
528
2925
7021
648
3704
768
5504
1737
1188
858
971
1016
4879
5033
303
37
3560
1683
118
1618
3306
620
85
3856
123
2688
53
6933
910
7224
2211
2603
4452
5259
4267
830
571
2704
8156
5598
3585
1827
2406
8146
5088
3319
2532
4081
18
5724
4472
4508
1077
257
2817
5402
4308
1936
4115
6738
2407
1077
2811
1990
1060
1159
2401
5668
5080
1055
735
663
3240
6480
4489
1824
5419
1455
3056
3324
2165
1426
3900
3838
2420
365
6541
5162
8197
4935
1211
3447
3357
1968
7862
1225
1470
382
2660
4297
515
58
4126
4399
931
4433
1804
7858
2433
1731
6651
1665
4544
2151
2025
1561
1442
5807
1531
679
7734
4781
5574
2465
196
5387
971
755
4835
4033
3056
4302
5853
1433
7618
2
945
4826
2914
3241
1240
311
3
4754
164
6421
5124
6427
1791
293
1916
125
848
1467
1639
3703
3281
2393
1389
2656
2046
3782
389
371
3623
1386
3133
3833
179
3080
135
3360
2987
7470
6556
2175
6328
1800
3992
5329
7006
4409
608
1292
1472
3340
1838
57
2649
588
6419
812
51
29
2178
1167
6934
258
3677
386
2221
1269
1428
4048
62
2141
1409
5104
6958
5678
4642
1138
1252
4058
877
42
6389
7091
426
1085
1751
1792
1119
4665
2768
1627
703
832
306
4316
1381
260
2721
957
4874
453
6021
2727
710
1739
729
1651
298
4874
1667
4342
3498
2215
1304
2761
2257
380
35
6605
5184
4367
4238
841
1385
797
2125
157
1920
6718
2515
6671
3760
1084
1148
1947
680
1380
4024
306
304
4
2170
3112
656
4659
4309
2528
7181
1147
1088
4937
943
800
4969
3004
2234
2792
2920
266
1873
8045
3877
1706
3140
5867
316
242
4919
1127
5239
791
1894
3349
863
3937
5915
5189
1717
3319
4489
1569
5111
1133
5423
5545
798
3447
4132
2634
1477
5135
3476
1764
3433
1627
6316
655
3924
1978
1968
8469
8424
1485
377
3048
6795
1255
451
709
1538
7319
4551
7200
906
2212
626
2868
2719
638
3332
20
1
573
4039
5923
610
4946
40
3619
879
2204
1496
262
3800
4518
145
3848
5623
587
2654
4148
3750
5616
4284
546
1819
2882
2622
879
5653
990
5128
1760
412
3387
9265
7986
3375
6542
698
4950
8222
4179
381
2180
1881
3512
283
899
217
1851
1508
271
3972
834
5815
4993
4906
1910
2343
116
1502
5766
5824
1259
497
4742
875
6261
2682
6570
2816
858
2246
3074
351
3104
1097
5790
3632
3373
7063
1306
4410
32
1196
4969
3444
2333
9600
1391
363
4290
563
979
5358
3410
1578
5530
30
739
4848
3093
693
25
4051
828
3474
1805
1440
3590
565
819
2716
5101
6246
2180
2513
307
7477
6981
1165
152
12
7908
7962
423
2521
8604
3437
506
1979
3925
1291
4816
3842
4188
2169
1180
1638
2932
1409
3173
2086
4463
3345
3404
857
1541
102
411
227
549
8826
2258
3347
755
4906
1251
1316
4340
3686
5989
2024
1542
7429
7158
1953
3224
513
1479
4990
5192
5602
724
1748
713
1452
992
1067
457
5393
5344
5556
3603
8
3876
2753
365
5049
4586
2607
344
125
7600
1565
4469
6054
4878
1344
2080
7347
1864
4305
4503
7340
2967
5341
2997
1029
83
1586
1051
224
4066
82
20
4130
2019
3156
6580
7182
4334
5975
3278
1472
843
629
1104
3468
1995
6485
360
114
491
928
323
745
3775
5273
2323
3054
6690
4796
7471
93
279
923
239
773
4798
978
7119
4283
219
768
2206
4817
594
430
2612
3276
2792
421
4156
4480
1119
4862
333
245
34
711
2678
1160
83
3714
2858
6
3964
2986
1965
334
697
5857
50
7769
332
5636
2844
4470
941
184
2
3362
2310
3190
176
6071
1799
6049
661
5769
4654
648
5894
4320
2787
9093
1364
1276
2806
1360
6390
1476
7927
2167
3040
7010
7231
283
1300
7363
475
3407
532
8328
2148
2223
4705
8011
3843
2707
2169
1998
2060
2176
6833
1302
3434
4024
1108
949
810
3203
5311
818
297
4959
3606
7798
3258
319
1313
613
1790
719
811
3337
2632
378
8
280
3592
1985
2836
5245
5705
1321
1071
2230
3753
5413
6074
4584
5783
4070
6741
574
2757
234
993
1628
1416
1585
4645
783
1825
3167
857
1746
6209
275
4466
4850
994
6473
270
6615
508
955
4979
3777
4905
427
367
2876
3140
1042
6227
6238
3609
4706
6455
435
6964
583
4662
2765
1517
6491
116
3361
163
1821
1628
1164
2692
5700
2085
5610
5390
479
3938
5741
6705
3141
971
2298
3092
8796
2152
2225
2710
1425
3493
4815
2020
6335
4405
685
6395
3080
3306
1425
1436
3090
3737
1129
1456
4717
4957
7186
856
2422
8168
1941
1089
1538
6156
4564
2290
5085
4936
1722
2766
1440
3116
2432
211
4593
3487
1747
1641
6801
42
2862
2673
4179
2075
5465
4865
7706
2088
2573
481
955
1673
4029
4450
705
589
1303
3027
284
3142
4702
1209
2154
5415
1911
3329
7953
5093
1716
1620
1259
7012
603
3164
6063
43
3745
1553
3930
2017
4292
5756
4128
524
935
1477
1489
2973
2786
505
1012
2100
397
738
208
1195
5148
2358
45
2573
1072
2604
4220
5025
666
4434
2388
600
7390
431
4518
2539
8432
4637
203
1394
2790
2324
1422
2184
6609
4449
762
969
6834
807
4759
4761
4235
2445
4552
6009
3400
355
433
1081
3084
131
2415
6121
48
4720
4398
293
2959
7545
1178
2687
1097
6229
440
106
2316
1123
151
3225
6756
741
222
2601
8572
1343
97
1915
3699
3419
3602
5047
559
1757
2128
67
12
7173
3841
2300
122
657
8457
3780
4294
4060
458
3739
329
7432
3252
2564
383
3638
4816
2030
6539
670
8157
570
4204
3268
167
3010
98
6162
3312
1472
7940
1380
7065
2574
2287
393
4442
2726
7084
6875
841
15
4967
1128
1441
2981
407
3717
2529
1389
218
5702
3327
899
3058
1316
3098
1479
1411
960
2807
723
986
2422
2895
481
4482
8468
3303
2087
5352
1636
1544
808
3226
3127
1008
5906
832
9330
2092
7373
1630
4801
3909
876
8133
770
6148
2904
5600
512
463
4641
2604
3488
3082
8905
721
2628
4364
3728
831
158
2651
1773
2364
7720
9524
346
1051
2568
3374
951
3538
114
7291
1176
2261
1009
273
5742
3412
1554
4610
943
2523
5961
5445
5041
7522
645
3568
2385
1680
1259
1492
1458
2393
7432
3512
3677
2261
7242
5499
4166
6731
1403
4581
3627
1514
1015
2560
222
2429
5645
1371
7706
3834
9156
2869
1040
6010
3092
5378
4736
21
7781
4568
717
731
3178
198
3612
5621
988
1306
7685
1656
273
934
1360
797
5073
877
4762
5101
7003
3175
1575
4241
4421
5251
5226
1111
5498
755
4377
3965
1169
2162
5325
841
5085
960
446
357
5274
862
6100
2264
738
2066
267
1964
2149
7432
5263
6245
3445
620
8314
220
250
28
3079
5340
284
161
4057
8347
2581
90
1612
1767
602
4912
738
212
5412
3773
1125
1460
7593
607
865
41
2165
1447
2021
5124
6395
2094
2111
8666
2614
1688
5485
4702
3533
2826
1634
984
224
2616
2573
5481
5783
7511
8271
2111
296
918
2016
2
2224
5703
2925
489
522
2397
1784
3522
5850
1243
4046
685
9071
35
1544
146
2596
2603
4130
378
4437
4214
3166
507
2800
3913
141
5043
2316
3605
350
2809
605
99
6866
4092
7554
1312
4242
2792
968
2448
2032
91
1143
647
2033
3971
3953
606
2752
1312
7113
4708
3564
7674
5312
3601
5271
1978
3998
642
288
854
2957
5122
1580
5362
431
3360
5676
1457
5301
7237
3173
2744
7318
3573
413
502
805
241
655
3022
3013
1849
421
2409
7941
2283
87
3610
35
5646
559
1740
1268
6754
5987
2440
3
278
4109
6532
1783
2111
360
7611
1138
8165
1810
1443
2058
127
889
184
3270
2960
1063
5277
5
160
6550
2280
18
2922
1444
117
6206
2890
2756
7815
3804
4511
1553
730
2141
4461
5213
262
8027
1303
4831
223
1065
3425
2619
5725
5478
2232
106
7063
1455
1801
6216
6478
2718
1419
3766
6211
407
1932
2666
2069
478
3104
423
2709
6459
60
2000
4064
38
6851
4229
1393
920
782
30
3356
3204
4812
2872
2507
5579
275
4099
1063
647
371
2693
733
5886
2030
4976
4492
3353
95
7443
1889
6131
1620
72
1265
1362
2558
5026
2600
5577
940
1420
2346
6844
2554
597
757
4181
2182
5021
1166
5755
7700
3014
7705
3795
695
3869
5360
7493
2203
5316
5782
3122
982
428
3991
1005
6729
794
3984
5624
2346
587
2308
4979
1243
2007
7657
3020
1160
130
1209
5799
714
4992
2065
8379
3280
6629
1112
147
369
1119
4371
3705
1178
3084
4605
5496
321
1591
874
4565
380
4542
4965
371
3590
1821
57
4555
1074
8835
8800
3562
6119
3817
741
2258
1885
1015
1932
3902
1823
2306
2158
292
3518
5254
625
7546
5227
2588
1908
862
