393129
169744
774400
441560
351056
267289
787656
532170
93330
633616
344569
315844
61256
243049
161604
13110
372710
1849
22350
450241
24492
69169
171810
92720
46225
106602
22052
88209
204756
306916
62750
21170
7396
552
187489
617796
73984
196692
337561
900
65025
156420
510510
216225
235710
3600
279841
160400
35721
2352
81
22650
42025
737022
239610
670761
343396
1225
7482
98282
427062
403225
502681
398161
93330
117649
3660
351649
160400
4900
25281
104976
18496
10506
75900
49284
62750
14520
34225
648830
74256
992
257556
270400
210681
38809
42436
528529
121452
306362
20
13340
62500
285690
57600
8281
61009
346332
2500
135792
48841
299756
5625
52670
5256
385641
431649
110889
323761
729
187922
145924
432306
546121
191406
385641
456976
138012
281430
342
279312
24336
380072
140250
404496
157609
4900
99225
180200
157212
287832
58564
35532
430992
58081
105950
100806
37636
124609
120062
6642
406406
94864
14161
94249
190096
145924
9801
65792
131769
355812
58806
284089
174724
28730
2025
694722
57360
506232
393756
193160
191844
27390
380
9604
72630
16129
19460
12769
209764
123201
91506
64516
22201
48620
613089
237169
103684
319790
158802
25440
50625
145542
14762
6241
3600
6162
47524
326612
19321
504810
85556
298662
532900
14762
328329
628849
72092
12
6724
870
427062
31506
157609
72630
841
64770
620156
800130
167690
519841
251502
636804
806404
24336
11990
56
484
339306
150156
24964
104006
9801
79242
112225
50176
1332
65280
1482
408960
92720
456976
6642
479556
573049
640800
12210
18496
349872
97032
16129
1296
270400
26406
148996
7056
210
586756
176400
57121
4290
146306
29412
733592
3906
101124
288369
368449
110556
382542
752556
88804
199809
441
215760
41209
91204
85849
286760
12321
13340
87320
445556
103041
25440
140250
23870
60762
8930
136161
222312
8464
119716
20164
132132
225625
5852
47961
36
188356
13806
34410
49284
38612
446224
1560
10920
226100
851929
16512
92416
51756
198916
672400
74802
18225
101442
37830
156
728462
71824
1156
756
294849
145924
830832
26244
97344
23409
342810
5041
332929
439569
859329
596756
270920
23104
547600
12544
110556
224202
167690
53130
103362
15376
651249
511225
248502
110
398792
3249
28730
148225
601400
151710
109892
38220
110556
432964
65536
151710
264710
88804
15500
62500
4830
61009
388752
29584
222312
188356
61504
144780
351056
9120
484
187489
38220
79242
100
467856
9
18496
176820
41209
33489
125316
185761
33306
86730
219492
342
324
10201
7569
41209
156
1640
23104
7832
685584
289
287832
56406
405132
2
139129
930
27390
83521
4
24964
20306
891136
112560
42025
94249
644006
241572
529984
196
156
201152
601400
17822
93025
313600
221841
549822
323192
260610
57121
16
110224
8281
233772
16641
95481
318096
4032
42
27390
28224
34782
28392
95790
91809
113906
186192
1156
57360
158006
459684
2304
132860
142129
98596
576
55932
2500
6400
7656
63756
21462
321489
87320
625
41006
570780
66564
1156
243049
32580
116281
40602
210
4556
437582
249500
56
113906
577600
26896
870
12100
2304
5929
187922
225
464442
1444
396270
548340
101761
19881
29584
393756
394384
178084
493506
98910
80372
13572
82369
349281
83810
66564
55460
378225
73441
327184
454276
449570
107584
821742
14641
16384
145161
64516
8372
106929
127449
730170
152881
257556
898704
20022
528529
1156
47306
461720
28900
173889
668306
93636
99225
259590
86730
71556
709806
47524
201601
56406
590592
114244
67860
46010
684756
282492
40804
16512
59780
139502
7140
2256
446224
520562
442225
248502
27889
42
19740
23870
704760
444889
7396
164836
5852
13689
12544
360000
59536
25600
499142
89102
31684
615440
9120
11664
42436
150544
3540
142129
40000
747360
9506
9025
40200
6724
158404
203852
227052
441
659344
292140
73712
226100
29241
162409
104652
115600
64770
55696
480249
219961
3969
5700
3721
15625
55225
3481
533630
169332
125316
15500
8372
197136
4160
47089
2
47961
85849
231361
121801
315844
10404
22952
7744
177241
294306
222312
169
220900
851006
4
209764
18225
235225
3080
650
552
82369
169744
278784
32942
48180
83521
390000
93942
752556
51302
96721
116281
130682
51756
442225
63504
29241
30
27722
595984
531441
14884
253512
3600
3906
286225
177241
13110
107912
77006
146689
45796
281961
547600
184900
812
230400
114921
4624
5625
199809
14641
429025
8836
29756
242556
80656
12656
10609
12432
159600
36672
367236
145924
34969
168510
152490
86730
88209
290521
41616
812
23256
7482
256542
207936
14042
90
70490
11236
211600
251001
45582
9409
654481
79242
228962
305256
13225
708122
187489
215760
80656
167281
589824
136161
38809
380689
4900
105950
187489
119716
784
102720
282492
63504
5776
199809
31329
63001
226576
4692
105950
61752
352836
156025
658532
43056
36672
232324
167690
21904
294306
228006
399424
501972
648830
100806
14400
56882
32400
763876
4160
328902
812
2704
645612
494209
628056
11025
31684
178506
169744
2450
650
7569
1122
71556
780572
1024
55932
58806
48400
20
114582
303050
246016
136530
147840
196249
206116
147456
110224
8010
107256
6642
10000
685584
74529
89102
72900
150156
294306
625
289
669124
44521
8281
576
116622
2070
497025
8100
4290
88209
132860
2756
8464
122850
400689
121452
5184
29756
75900
106276
84681
33856
23562
87320
170982
173056
291600
137641
807302
3364
5112
124256
1089
280900
17161
225
107912
339889
41209
89102
20306
29241
121104
97032
56406
228962
464442
82944
95790
401956
81225
18632
327756
131044
179352
175142
660969
108241
503390
173472
10712
9506
70756
286760
20306
664225
2352
10100
443556
10404
105950
114244
162006
254520
397530
66822
714870
75625
176400
20880
1
177662
6889
127449
542432
23870
217156
328902
114582
214369
29070
182
169
42025
693056
201152
466489
44310
243542
21756
36864
96100
248004
311364
643204
204304
12210
288906
743906
306362
720801
930
6241
314160
123904
107584
87320
250000
208392
131406
23716
417962
66564
57840
50400
72
67600
42025
10100
152100
53361
170569
67600
19321
20306
224676
24649
115260
54990
208849
481636
129600
365420
64262
13924
353430
41209
198470
5256
19600
5776
258064
140250
432306
2550
17161
181476
119370
3481
609961
60516
182756
673220
152881
310249
140250
1122
51529
256
201601
276676
35344
246016
677329
6084
29241
21170
379456
64516
71824
493506
49506
119370
95790
10712
180625
489300
292140
311364
163620
342225
236682
220430
3025
513372
332352
478864
12882
22801
318660
3306
110224
53824
15252
6972
75350
459006
576081
38220
15006
352242
139876
376382
244036
295392
34040
11342
273529
676
6642
132860
155630
767376
282492
7921
43472
408960
1560
5402
676
227529
5776
3782
290521
558756
5402
257556
737022
79806
56169
106276
812
961
325470
509796
2025
36672
258064
13572
66306
27225
170982
459684
70225
153664
729
335820
568516
66564
15129
5041
12544
149382
512656
60762
215296
21025
9216
591361
148996
39204
517680
68382
28392
398792
648025
46656
17161
7656
316969
112560
346921
59536
132496
230880
400
160000
489300
293764
28730
164025
2304
25921
303050
784
7832
394384
112560
41616
393756
56
1764
151710
5184
361802
310806
57360
397530
438244
28392
712336
602952
51529
18225
221370
19321
340472
75900
784
9409
283024
169332
109561
45796
58806
90300
636804
184041
273529
81225
25
271962
38025
49506
30
414092
93636
210
9
20880
172640
109561
7656
762129
248004
159600
328902
6084
191406
36
316406
1332
16129
79806
156
398161
961
14520
158802
263682
58806
162409
25281
39800
221370
16900
144020
35344
611524
41820
14762
257556
19740
18906
921600
76729
86436
9506
23716
212521
27556
149382
686412
380689
11881
73712
676506
102400
17822
426409
6972
32041
506
261121
180625
217156
14400
371490
47524
570780
702244
14520
907256
44732
68906
651249
346921
12996
164836
78400
50176
9025
14520
395012
422500
43056
103041
134689
36290
394384
150544
334662
351056
81796
37056
264710
17161
45156
3721
11772
79806
224202
527802
2209
341056
4096
652056
2916
256
17956
54522
473344
5256
4970
5550
18360
116622
576
497730
5625
311364
5700
143641
91809
395641
143641
228962
961
209764
160000
13225
6320
959420
455625
6162
268842
12210
149769
461720
475410
57600
426409
356409
12432
141000
366025
2500
448900
325470
276676
350464
83521
116281
42
55932
114244
366630
190532
20
10816
34410
132496
57840
184470
38416
21462
289
13924
44521
294849
115600
152490
72630
468540
285156
10100
84100
2304
91506
1369
292681
69696
146306
6561
254016
75900
106276
11342
4970
1156
104006
119370
1296
21316
1260
691392
8372
90000
35344
36100
29070
703921
34969
7056
72
64009
77841
47089
102080
175561
2916
9409
225
380072
48620
33124
1406
393129
56644
440896
55696
177241
235225
82369
502681
35344
509796
64009
90
154056
626472
68644
34969
2162
6480
107584
16512
12769
196249
223729
14520
17030
74802
319790
342
5041
30450
44100
156
45582
132496
9801
86142
351056
6
13689
494209
1764
54522
68906
105950
274576
529
650
72
59292
530712
151321
446892
1560
104652
42025
478172
403860
2162
324
625681
11556
165649
56406
3364
18090
236682
484
2704
28056
247506
606062
47306
629642
53824
48620
20164
29412
361
116281
10609
24025
389376
205209
225625
6320
24964
883600
36
53592
110224
29584
3660
992
192721
82369
24180
24806
328329
31329
54990
17956
5476
29070
624890
87320
157609
64
48180
618582
355216
1681
127092
343396
36100
31506
97969
313040
247009
81
48620
332352
62001
221370
287832
393756
5041
335820
992
405132
335820
13225
1260
841
154449
111890
20880
35156
248502
67600
109892
30625
1681
704760
315282
339306
18632
555770
42436
185330
18360
592900
662596
237169
46656
78400
73712
13225
104329
145542
2401
49284
157609
148996
344569
134689
7056
24806
70756
3306
82656
112225
194481
87320
13225
1089
232806
259590
73170
100489
92112
79524
125316
83232
5852
107256
267806
46872
193160
6724
162409
2
217156
107256
132496
63504
186624
258064
475410
207025
759512
992
300304
587522
72630
3136
16512
320356
378840
6320
47306
36864
20736
318096
210681
154842
36481
52670
7656
182
22052
1024
9702
38612
73170
369056
324900
91204
232806
198470
11556
279312
532170
40602
57121
671580
679800
59536
27722
163620
14641
5550
49
60516
9801
159600
42230
218556
11990
423150
2401
69432
11342
293222
175980
83521
64516
4556
87912
7396
2652
42642
228962
186624
33672
19600
91506
298116
93636
56644
1764
176400
176820
471282
39204
8010
168510
116622
42436
870489
295392
138012
7225
13806
184041
518400
19881
177241
600
22052
45369
178506
114921
5256
26406
522006
112560
364816
94249
625
7140
350464
386262
143262
205209
275100
168921
218556
303601
50176
104652
23562
32400
181476
22350
684756
403225
225
53130
55696
6084
786769
7310
190532
805506
576
6
561750
103362
73984
41820
10506
96410
322056
20592
281961
210681
342225
78680
29070
121801
403860
50850
107912
86730
774400
509082
6084
577600
26569
156
841
113906
144
579882
9
123552
810000
269361
16129
18360
88209
25600
169
78120
448900
99225
769129
17956
127806
900
674862
75625
15252
20022
529
67600
217622
217156
423801
153664
289
247009
224676
155630
42230
349872
31684
355216
110556
149769
95172
23716
4970
156025
42436
492102
144400
768252
26732
211600
642402
5550
27225
421201
62250
127092
148225
105625
8556
665856
157609
708964
5625
75350
470596
38220
606841
547600
150156
146306
252506
9120
251001
120062
27390
140250
7569
173472
34969
10100
107584
57121
292140
56644
46010
123904
81
361
85849
174724
72630
188790
324
23716
1482
6806
28224
2
20022
210681
65280
52441
110889
334084
23716
59536
132860
676
735306
20880
72361
305256
376382
508369
23870
2025
81225
417962
263169
7225
8556
301950
25440
644006
59292
55225
30976
83232
661782
7396
33672
5256
57600
5550
390625
48180
715716
7225
5256
20880
25
21756
28900
170569
22052
274576
282492
39402
24336
163216
9900
56
101442
187056
342
175142
1849
25440
178929
99856
60270
3192
361802
8100
338724
144020
246016
5402
304152
4356
828100
270920
2756
29070
295392
7225
254520
165649
689730
20449
275625
4624
149382
56
232806
128164
364816
300304
131044
7225
11664
652056
552
90601
288906
307470
394384
22500
158006
19321
5256
239610
250500
54289
75900
23870
22201
11342
34782
800130
405769
68121
305809
5112
1024
17292
16900
47524
74256
438906
106276
1936
2704
311922
992
19321
224202
205662
104976
256
156
289444
52900
198025
65792
383161
1521
10609
1089
15129
1681
198916
63756
283024
15500
182329
135792
2550
16900
131406
31862
36672
1
23409
42025
1190
78120
414736
48841
9900
185761
267806
171396
6006
29584
4692
18090
289
367236
535092
16
10816
7656
19881
312481
33672
583696
4489
524900
316969
420
313600
159600
82944
267806
114921
141376
60270
50850
51756
739600
137641
516961
6006
26406
28561
670761
30276
76729
361802
21316
24649
299756
30800
117649
13110
657721
92720
903450
227529
3249
9604
176820
23562
210222
110556
307470
1190
3192
78120
148610
152490
414092
268842
291060
13924
95481
63252
4489
35532
2025
17689
40602
84681
12321
8281
327756
23104
370881
4
238144
63001
19321
84972
55225
84100
343396
61009
465124
4032
203852
114582
240
624100
417316
19600
5929
20022
599850
299209
333506
35721
167690
1444
305809
30450
332929
8010
386262
48400
103362
71824
96721
992
9506
709806
336400
470596
221370
197136
150156
16900
18090
142884
702244
158404
561001
314721
77841
57360
30276
3364
15129
8372
190532
45582
231361
5929
1936
16129
812
318660
116622
2352
60270
695556
212521
23409
16641
174724
403860
128164
79524
168921
383780
124962
4422
846400
2862
3906
178084
136900
513372
46872
177241
178929
529256
132
281961
64009
1482
408321
582932
7482
210222
2025
391876
7656
469225
49506
5184
48841
82082
484
139876
625
25440
132496
422500
332929
17424
714870
961
3025
126380
81
5776
24492
330050
119370
3025
83232
3782
1089
9409
121
72
675684
133956
176820
116281
100489
3080
9409
32400
172225
579882
53130
221841
23562
80089
275100
576
320356
299209
9312
14762
456976
327756
900
47524
319225
181050
210
3844
176400
443556
25760
207480
30276
15625
21609
23562
170569
219961
33856
74802
26896
82082
118336
21316
51076
30800
288369
13456
289982
21316
65280
8100
178084
519120
62500
127806
19044
4160
99540
342225
702
87616
362404
369056
187056
241572
220900
20449
20592
246016
332929
410240
861184
41616
217622
96410
324
441
76176
407044
143641
188790
14400
338724
12
334084
2862
576
38809
430336
15500
455625
429680
189225
605284
240100
437582
15500
225150
71824
764750
3782
285156
12544
330625
258572
14042
403860
76176
25
320922
54056
200256
3600
5476
117306
256
2256
259590
91204
106602
100489
193160
185761
464442
12996
4692
122150
16770
120062
68644
100806
9120
154449
138756
262144
258572
694722
260100
416025
1056
68382
234740
151321
113906
380
123201
98282
29929
692224
184470
6561
118336
30450
26082
98910
110556
25440
105625
4830
189225
70225
44732
2116
58564
107584
194481
599850
422500
187056
23409
224202
290521
488601
296480
200256
479556
590592
29241
152100
19182
335820
1122
25281
210
521284
82656
1764
456976
135056
233772
137641
281961
20164
15625
72630
64009
320356
2500
27889
24649
30976
58081
80372
367236
112225
9506
251001
117306
40804
115940
3249
6972
659344
845480
683929
327756
69960
463080
4422
390625
332352
40804
83521
71556
369056
540225
254016
4290
43264
217622
286760
93025
192282
263169
240590
36100
493506
26732
177662
452256
37442
556516
5402
132496
768252
30450
20
209306
7140
117992
2070
700569
8190
241572
3080
278256
319225
30102
4900
393129
821742
85849
238144
138384
91809
236682
443556
567762
961
168100
4761
12996
11342
1156
86142
16002
356409
272484
5256
441560
1764
277202
395012
148225
98910
388752
1190
420
60516
269361
174724
349872
90601
72361
6889
177662
177662
110224
15129
117992
36481
272
135424
276150
436921
29241
80940
9312
448230
51302
37830
80372
495616
79242
687241
71289
3249
336980
4970
12100
2116
25
43264
3721
291600
400056
33672
106929
158802
414736
147840
15876
83521
205209
32580
579882
9702
22350
21756
650
335241
561001
144
58081
34782
229441
322056
431649
414736
7140
552
2916
193600
10404
84681
363006
611524
3080
346921
43056
119716
121801
1980
439569
122850
36481
53361
442225
507656
115940
76729
81796
40401
135424
51529
42
222312
35910
43890
9604
4032
457652
281961
7140
305809
194922
133956
105300
7744
195364
420
887364
6724
6084
5112
31329
138756
181476
992
529
8372
268842
142129
193600
290521
35156
157212
2970
102400
195806
1296
514089
167281
32041
431649
9216
115260
403860
11990
447561
39402
2401
871422
263169
840889
447561
51076
603729
128164
324
189225
4489
34040
542432
154449
47961
2970
53361
53824
93330
1056
2809
4900
11130
255025
150544
256036
193600
43890
31329
297570
401956
11236
208849
3660
2070
112560
52900
42230
25760
82944
254016
23104
7832
122500
247009
156
364816
107912
23562
207025
58322
86730
199809
161202
2652
380689
132496
57600
130321
22801
23409
25600
20022
30625
571536
426409
167690
222312
16002
478172
46656
2304
605284
552
6724
28392
11025
24806
33124
109230
235225
338724
372100
380689
1722
162812
50850
351056
9409
22952
450241
48180
35532
545382
269880
1980
177662
626472
259081
173056
244530
231842
2652
72900
281430
372710
40200
59049
43890
269880
8372
156816
400
462
19182
40200
4356
58806
404496
335820
471969
61009
812
9506
251001
1056
9506
65025
86436
211140
81225
5776
46872
462
34596
15750
6561
154842
45369
657721
264196
1260
12656
480942
72630
146689
32400
335820
225150
3192
80940
624890
51529
132
235225
56
27060
170569
253009
579882
72361
28224
208392
83521
222784
50625
401956
1332
137270
17556
16384
19321
342
256036
29584
179776
59292
121452
242064
402590
31862
540960
14042
50625
242064
12544
681450
7310
175142
212521
107584
253009
266772
47961
108570
1122
78400
247506
561750
63504
6561
131044
435600
13225
740460
26244
5402
2352
227052
86730
561750
28056
142506
131044
877969
133590
93025
9120
90
12321
27390
808201
49729
1980
35910
22650
110556
545382
22052
249001
159201
190969
160400
235225
261632
126380
85264
6806
160400
47306
284089
90902
62750
8742
33124
238144
75900
16129
287296
266772
1849
239610
106929
22201
507656
679800
18496
22052
1225
233772
25
131044
53130
90
352836
42230
160400
47961
3192
108570
18769
2352
122150
13340
109230
68906
41209
147072
18769
41412
6972
22052
139129
46010
518400
3481
77562
62500
24964
46656
25
27060
238144
38220
529984
240590
28224
26732
71022
403860
352836
1892
96410
210
538756
17556
239610
96410
110
44732
1640
43056
6241
842724
101761
12100
34225
184041
605284
351649
26732
22052
702
32761
179352
271962
178929
29929
70490
97656
95481
95481
178084
170982
525625
187489
67860
553536
29929
40000
49729
151710
379456
87025
529
220430
1156
291600
245025
16900
513372
278784
166056
797449
21462
242064
756
42
140625
476100
8010
185330
606062
508369
69696
616225
290521
559504
271441
393129
423150
72
128164
450912
18769
63756
420
24025
23409
6806
304152
40200
16900
13689
312481
305256
13806
11130
204756
50176
354620
790321
22650
3782
6642
308025
187056
185330
72630
483025
87025
443556
570025
172640
2809
278784
11025
52212
326612
154842
35532
1225
276150
82082
31862
427716
79524
33856
887364
22052
281430
121801
20880
527802
2256
2401
6084
29929
49062
58081
489300
320356
50176
258064
36290
77006
157212
33489
7656
214832
27556
42642
220900
45156
22052
14161
5476
2
192282
182329
108900
82944
111890
24806
56169
13110
31684
21316
16002
538756
40401
15876
4692
15500
40602
650
22952
149382
181476
162409
386262
69432
3306
203401
657721
142506
36290
250000
1332
54522
229441
82656
24806
80656
547600
62001
33489
708964
745632
3422
259590
141376
167690
15376
30976
142506
218089
51076
331200
522729
177241
81225
256542
12996
20022
49284
210
266256
126736
4225
280370
25600
320356
224202
29241
33306
456976
239121
549822
42230
3782
88506
12100
152881
735306
10609
947702
308025
38220
180200
580644
519841
7482
562500
283024
205662
50176
538756
42849
558009
12321
44521
13340
249001
39204
111890
480942
12656
141752
528529
313600
147072
148996
25440
90300
239610
195364
677329
26732
494912
555770
26082
423801
361802
221370
3249
268324
284622
625
514806
1156
272
45369
992
42
6084
14042
396900
930
318660
323192
89401
9
50176
149382
336400
357006
121
779689
88804
40401
212060
495616
46440
28392
169
144020
683929
57121
188356
13340
2352
15376
18496
9801
124962
209764
293222
15252
24180
17556
2756
109561
47524
12
129600
5041
397530
281961
71022
30976
88506
698060
1225
158006
59780
28900
42849
935089
10816
43264
22052
440232
11449
308580
284089
3025
135792
193600
339889
21316
236196
289
650
14641
14520
84972
43056
756
8556
68382
24336
812
56
19321
492804
59049
324
45796
61009
64
30276
432306
566256
265225
615440
1369
2256
626472
177662
402590
435600
272484
19881
54289
654481
164430
43264
279841
88506
44732
57840
37056
175561
115600
126025
191406
19881
77006
53824
595212
38025
127449
62500
390625
9409
870
25
139876
712336
9409
47961
10609
66049
225625
538022
119370
100489
349281
163620
23716
148610
261632
297025
275625
3540
5625
150544
273006
194040
3192
870
2704
36
441
117992
62001
176400
2401
353430
23409
56
52212
319790
123201
6889
2916
170156
254016
293222
29241
306362
143262
101442
177662
20
181050
1849
213444
166056
120756
33672
784996
187056
122850
6084
12
11236
50176
18496
429025
217622
210
9312
719104
521284
225150
596756
52212
123552
69432
323192
614656
702
1640
19600
7656
46872
27225
225150
26896
18360
43890
3782
31506
425104
101761
1225
94864
37442
905352
533630
205209
2256
181050
656100
12432
515524
36290
7482
640000
165242
42025
444889
398792
11990
543169
219961
135056
25
51529
261632
114921
279841
324
85264
2401
8100
120062
4830
55460
166872
77841
43681
92112
345156
1056
123552
30800
16
113569
164025
156
407044
8464
115600
200256
31329
135424
269880
165649
136161
29584
17292
306916
87320
173472
442890
194040
777042
293222
19182
135424
237656
14641
67860
602176
524900
108900
9506
22650
3306
303601
9
128881
475410
319225
3721
159600
68382
54522
319790
339306
208392
24336
397530
12432
502681
35344
190096
31506
7656
99540
421201
38416
40804
75076
153272
4489
315844
47089
474032
265225
83232
2550
246512
77284
104976
50176
2304
11881
717409
420
952576
405132
219961
225150
15750
57360
103684
31684
15876
824464
51076
181902
308025
128522
233772
17556
284089
1764
137270
4356
259081
166872
221370
243049
451584
10920
206116
714025
96410
450241
178929
456976
586756
30625
14641
50400
541696
3844
3721
193600
39402
36290
6241
150156
61256
3481
112560
75625
66822
168100
132132
23104
525625
268842
481636
14520
688070
148610
235225
24964
423801
162006
185761
308580
1156
395012
119370
56406
50625
547600
13572
396270
30450
392502
93025
51076
173472
246016
95481
35532
1849
4356
18496
284089
3906
889249
5329
674862
8649
67600
5550
12656
570780
444889
692224
424452
123552
184470
576
182
10920
961
7832
178506
256
57840
305809
65025
122850
524176
2862
222784
3906
2500
21609
13806
124609
870
307470
11772
830832
114244
98596
531441
116622
420
45582
52900
484416
2601
474721
2704
550564
55225
711492
48620
599850
210222
81796
41412
38612
298662
1806
442890
41006
169332
76729
361201
14280
44732
6162
114582
2916
2
97032
14762
167690
255025
81510
2162
508369
729
186624
66306
9
1936
287832
211140
30800
9120
66822
414736
519120
40804
485112
9025
271962
144780
7569
50176
12210
30800
18225
422500
4225
9312
244036
18360
78400
154056
148225
1369
197136
2
31506
11664
256036
430992
142129
170156
199809
446892
179352
27060
5184
4
194481
3906
361
131044
26406
10201
187056
78680
54056
297570
373321
12
670761
905352
53592
67340
24964
2025
18632
2209
617796
2304
8649
143641
69169
188356
640000
386262
157609
196249
287296
174306
196
295936
476100
50850
9702
104652
761256
102720
21609
15876
506944
812702
58564
97032
137641
97656
529256
13689
599850
196692
205209
106276
245520
637602
215760
158802
113569
30102
426409
1260
1190
148996
391876
69960
292140
110556
109230
26896
127806
32220
37636
230880
2401
191844
301950
322056
880782
609180
590592
285690
352836
658532
81510
189225
11990
70490
103041
3481
48400
7832
384400
467172
311922
220430
289
190096
9702
23716
99540
13456
490000
16900
293222
132
82944
118680
48620
832656
164025
26732
237656
25122
49729
332352
82082
331200
573049
43056
46010
390625
268842
22052
2704
56406
105950
147456
16
1980
203401
361201
100172
30800
9506
8100
62250
575322
324
156
483025
1560
576
454276
16900
1980
117306
260100
26732
3080
217622
535824
307470
259590
4096
220430
7744
2704
708964
494912
257556
632025
54990
122500
756
651249
81796
82082
3906
377610
18496
777042
15376
251502
210222
23104
1600
114921
341640
71289
333506
67340
23409
299756
113569
1190
613089
462
346921
14520
93636
731025
147456
22650
20736
281430
37830
527802
286760
75900
61009
7310
104006
200256
45582
24649
3422
311364
90902
286760
95790
100
530712
53824
9801
361
558756
369056
43681
992
442225
820836
41412
3969
623310
85264
361802
47961
36
307470
227052
11664
455625
422500
112896
771762
84681
793881
433622
34969
363609
5402
369664
111556
13572
737022
41209
455625
217156
130682
442225
95790
47306
2450
26406
96721
17030
195806
2970
258064
254016
55460
116622
5112
3721
83232
388129
163216
1122
96410
471282
272484
316406
358801
36672
429680
307470
552
257049
161604
1332
40602
35532
106929
3782
332929
97344
347510
35344
357604
1640
221841
24025
351649
167690
54056
319225
33124
178929
28224
22201
200704
128522
43890
8281
292681
109892
49729
120756
417962
187922
27225
558009
34040
400056
139876
792100
35156
17822
673220
1806
36290
181476
301401
31152
216225
420
756030
24492
9025
7832
16641
11236
124609
17030
62750
290521
498436
345744
16384
26406
257556
183184
202050
543169
7140
181476
651249
129240
34596
32400
112560
1806
274052
133590
40200
7310
34225
527802
378225
18906
9
176400
311922
506
532170
238144
1600
480942
27722
91204
164025
71289
42436
419256
373932
3080
937024
40200
486506
114244
112560
251001
12996
12321
180200
333506
1332
132496
49284
58081
38612
30
83521
173889
88506
169744
329476
676506
82944
103041
122150
70490
7744
103362
124256
65792
529984
13806
9801
30450
3540
12
467856
20592
54756
221370
59292
320356
394384
497025
106929
91204
51302
327756
2025
239121
129240
340472
245025
19321
142506
374544
104652
34225
183612
49952
420552
124609
46872
56
107912
40602
114582
7056
586756
2756
16
79524
468540
79524
46656
502681
92112
97656
28056
132
239610
207025
2
95172
5550
6724
870
162812
387506
27722
5329
229920
200256
703921
156
52900
863970
395641
54056
992
90902
3481
225150
2256
97969
120409
343982
23716
19321
124609
96721
444889
408321
241572
67600
324900
234256
213906
65792
4160
388129
1892
309692
171810
11881
98910
97969
504100
78680
132132
686412
3969
6
599850
32400
110556
551306
441
69960
697225
29412
406406
1764
193600
191844
178084
56644
542432
6320
246512
79242
4900
139129
110224
130682
1806
91809
33489
636006
244530
164025
144
169744
898704
21462
56882
297570
26896
6320
137270
242064
420
9216
10506
615440
12100
118680
179776
152100
315844
725904
56882
101761
331776
66822
467856
632820
17161
243049
166464
242556
451584
405769
2862
596756
163620
790321
416025
13806
28730
30976
479556
19881
691392
32041
32220
8836
90300
64770
5329
88506
76452
20022
28392
571536
123201
31862
273006
581406
187489
10201
620944
78680
8281
756
256
122850
318096
787656
124609
147072
128522
118336
359400
167281
220900
198025
1024
123201
10302
481636
384400
474032
272
31862
109561
31506
16384
328902
10609
10712
30976
64516
13225
19740
669124
441560
590592
725904
210
9216
2450
633616
398161
9025
5625
96100
331776
154842
29241
7225
702
37249
11990
196692
115600
169332
5929
194040
198916
494912
323192
51756
442225
475410
176820
114921
93330
160400
18632
10404
366025
4624
754292
7921
63504
28392
210
223256
3080
429680
3969
5550
707281
161202
318660
154449
93636
166056
62250
247506
14641
33856
303050
462
292140
6084
27390
729
138012
199809
14161
870489
348690
193600
56
454276
370272
168100
2916
148225
1482
40200
49506
224676
762129
283556
812
110556
556516
131044
140625
127092
17822
43681
454276
456976
38612
188356
47089
115260
3844
95172
275625
84100
7140
38416
30976
150156
8836
1406
267806
147840
407044
9409
10816
446892
97032
551306
299209
256036
222312
30
222312
175142
324900
306
702
170982
372100
40602
2070
14042
36
2862
867692
29584
16256
292140
164025
5776
169744
54522
665856
27722
17161
210
10404
549081
454276
640000
17424
91506
677329
62001
39601
44732
297570
26896
9025
401956
19182
56169
106602
30102
26406
47524
2256
151710
79242
671580
119716
133956
16
9801
650
461720
407682
36290
212060
723350
243542
241081
44944
188356
15252
542432
84681
132496
102720
605284
39800
362404
64009
565504
699732
446224
324330
80940
323761
18090
180625
19600
7140
24336
21904
172225
5852
198470
423150
37830
620156
405769
930
192282
150544
969240
505521
348690
66822
992
113232
26569
6642
313600
483025
16129
384400
85264
12544
12321
155630
161202
72
75076
618582
223729
60025
15376
841
10920
78120
278256
1980
78961
26406
43681
44732
7569
66564
408321
110889
31862
165242
7656
23104
119370
61504
437582
36
49952
194481
198916
14042
203401
71556
367236
134322
275625
8100
72
57600
259081
90
3249
538756
25921
74802
38416
253009
17822
808201
44732
94864
2209
414736
19881
23256
386262
381924
106929
104329
342810
400689
6889
95172
228006
2116
264196
184041
69696
321489
875160
242064
8649
40200
29756
12882
77006
205662
1849
272
19600
16641
377610
90
426409
36
34410
825372
390000
118336
447561
360000
1980
38612
240
122500
441
556516
1681
125670
284622
2550
19600
91809
236196
57600
112225
331200
175142
215760
30976
278784
132132
460362
660969
44732
39204
159201
3844
145161
112896
6972
67860
2916
315844
188790
132132
3540
213444
18090
9409
133590
182
124609
538756
784
419904
12100
304704
61009
461720
7656
4692
168100
299756
121452
42436
25122
21609
379456
241572
90
232806
8836
2070
742182
98596
2025
20449
467172
27060
90902
400
178084
29584
388129
133590
26732
113569
56
56882
8930
729
209306
321489
83810
180625
219492
101124
100489
4225
477481
156816
224676
12321
360600
385641
74529
45796
281430
626472
8190
123552
6006
74802
32942
30800
48620
59049
218556
306
87320
8556
500556
13806
2500
266772
2256
58081
86436
327756
75076
232806
112560
961
2550
1806
97969
1936
37249
277202
155630
25281
6724
142884
316406
272
185761
677329
499849
83232
342225
48180
18090
8010
62250
277202
110889
42
53592
43056
244530
436921
249500
34969
15625
37830
12882
147840
346332
236682
25281
234740
17556
182329
342
992
36481
182756
529
264196
157212
91809
8742
218089
670761
97032
40000
104006
33124
87025
105300
126025
729316
620156
784
739600
391876
117649
38809
96100
11025
499142
110
1
64262
248004
141376
342810
269880
404496
421201
18090
612306
121452
124609
127092
41006
117992
537289
221370
44521
79806
679800
72900
536556
19044
23409
3721
168921
61256
369664
231361
106602
24649
42230
16384
358202
102080
11449
69432
19740
55696
324
155236
156025
26082
61504
32041
11990
20306
39006
261632
192282
28056
93636
423801
363006
1332
9312
263169
27390
247506
264196
246016
31862
244036
429680
203401
2401
319790
521284
463761
576
395641
39006
50625
777924
495616
72092
1444
359400
11881
193160
1225
32761
15750
80656
702
133590
325470
310249
317532
22500
91204
712336
107256
14042
49284
253009
44521
2450
165242
473344
207025
182
57121
90
3249
188790
9409
89700
90000
266772
529
115600
83810
71289
23870
58806
14762
226576
148225
2070
240
930
53824
255025
718256
50625
1296
161604
14400
13456
114921
192721
327184
30450
117649
203852
122850
168100
20592
511940
8836
89102
105625
756030
698060
53130
158006
358801
29756
9409
18225
434281
123904
54522
109892
615440
164836
367236
43472
373321
945756
784
835396
194481
47742
6806
15006
107584
28224
18090
7396
181050
144
11664
7056
352242
46010
131406
49729
3844
178929
14762
12882
34225
97656
13689
6480
7482
16641
11449
415380
228962
3364
28056
5184
52670
39800
135424
31862
642402
500556
43056
6
2025
93330
250000
167281
1681
121
101124
54522
543906
108900
2862
111890
1600
375769
446224
48400
106276
223256
64770
457652
147456
28224
589824
8010
68382
289444
324330
262144
113232
36290
63756
398792
186192
10201
543906
32041
529984
29070
573049
198470
246512
202500
89401
52900
36864
771762
361802
31152
261632
124609
424452
123904
27060
1406
10404
62250
94556
104006
600
78120
163620
461041
14280
241081
322056
184041
552
21904
640000
190532
213444
239610
51302
95481
394384
169
673220
2256
113906
8372
85556
144020
15376
110889
80940
444889
750822
245520
917764
517680
54756
292140
293222
55460
400
104652
673220
43472
3844
10000
158006
770884
176820
2352
330050
1260
229920
79806
52212
173889
23716
311364
505521
214369
784
150156
590592
4032
1722
119025
14161
1681
39601
3906
5625
235710
597529
77841
343396
10816
372710
4624
4
264196
3306
430992
44310
19460
35532
236682
161604
76452
9506
18632
20592
60270
289982
187056
30276
64262
63252
49284
35344
624890
157609
27225
177241
165649
12321
271441
6006
139129
46225
109230
529
7744
101761
227052
27722
192721
13924
219492
593670
282492
30625
19740
248004
75350
496320
567009
930
61504
99540
400689
111222
170569
6806
240
589824
228484
342810
246512
784
128881
767376
4624
57360
47306
2450
17030
777042
178929
120062
672400
6400
80656
518400
352836
22650
25760
218556
3600
314721
323761
17161
237169
7140
31684
123552
378840
23562
47306
96100
284622
202500
446224
14520
42642
56
86730
99856
90
600
19182
46010
34969
115260
258572
729
12769
176820
423150
82656
370881
97032
162812
280900
17424
189660
1024
357006
914892
311922
366630
162006
25921
46656
12996
236682
1521
41820
295936
20736
60025
27225
11556
136530
625
92416
230400
16256
132132
242064
132
41412
64
93636
21462
53361
144400
153664
214369
16641
5184
36672
729316
72092
674862
115940
4761
18225
187489
43264
245520
18360
171810
25122
78400
24964
513372
144020
262656
1806
341640
432964
12544
3249
90601
52212
1225
97032
3249
30
17689
204304
16770
149382
232806
521284
85264
6400
88506
440232
30625
125670
9506
21170
272
490000
97032
26244
90
11449
117992
138384
10712
751689
273006
312481
399424
43264
338724
432306
252004
332352
402590
66306
268324
28900
230400
6972
255025
225
101124
3192
90000
446224
378840
497025
2916
10404
208849
195806
105950
230400
226100
9506
201601
10302
73984
252004
144400
142129
552
80940
2352
27390
552049
51302
773520
178929
254016
253512
627264
160801
98910
385020
6806
4489
56644
720801
538756
313600
136900
9312
181050
1444
14641
870
39402
16512
113232
613089
110556
640800
41616
53361
53130
168100
16512
90601
18225
226100
11025
334662
593670
529
45582
41616
378840
208849
149382
8190
73170
87616
29412
341640
18906
313600
156025
31862
21904
14280
570025
144020
12769
129960
20449
116964
1089
194481
369056
367236
64262
248004
714025
22500
257556
66049
59292
411522
192282
20592
86730
12
217156
315844
19321
315844
664225
756
202500
110
152490
52441
192282
29070
1936
285690
40000
158404
669942
273529
30976
90
70490
131406
286225
21609
298662
105950
169332
196692
24964
218089
395641
146306
5329
176820
494912
363006
2809
212982
243049
624100
22350
98910
22052
20592
1482
69432
53592
2352
870
80940
44944
196
500556
230880
169332
62001
334084
1444
315282
1296
953552
29241
116964
265225
245520
546121
51302
202050
8010
275625
219024
12882
32220
203852
242064
210
2450
286760
13924
51984
1560
4096
58806
17822
102400
29070
358202
16002
186624
193160
484
156025
170982
148996
132
267289
26732
19460
3540
538756
20736
364816
870
96721
934122
151710
117306
14280
3660
217622
181476
14280
117306
108241
285690
66049
132
652056
682276
125670
1600
167690
870
240
68382
30
187056
59292
175561
10201
108241
27225
100
103041
585990
209306
126380
18360
412806
96100
91506
66306
175980
5329
310806
75076
148225
364816
165242
179776
586756
28561
306916
236682
13806
525625
16512
11772
106276
368449
711492
81510
24336
392502
154842
2970
36864
248502
21904
187489
27722
46872
223729
34040
5256
163620
276676
110
13225
45369
24964
65792
75076
22201
364816
498436
8372
5852
146689
576
6
705600
147840
3782
38416
47961
22201
490700
5184
23562
188790
2116
412164
11664
84390
269880
255025
119370
39800
153272
158006
7832
5550
675684
135056
236682
36
327756
29241
68644
497730
167281
225
524900
42436
65025
13110
53592
73712
1444
69169
930
21609
10506
169
121801
470596
68906
266772
124962
1406
394384
13689
265225
56
11025
3600
399424
61009
33124
537289
93636
85556
84681
3481
44521
65536
16900
664225
47524
1521
86436
142884
51529
6006
45156
11025
61009
8100
2304
529
23409
26082
34225
141000
42849
267289
128164
6
34969
25122
174724
497730
249500
1764
29070
38220
243049
659344
30450
231842
3906
283024
30800
81
145542
112560
532170
18769
28900
96410
1089
104652
58322
622521
53361
600625
33306
369664
23870
77284
188790
246016
271441
352836
69960
36481
600
17292
34782
276150
18225
202050
206570
696390
246512
191406
294849
11342
210681
685584
55460
15006
756900
1764
484
127449
299756
567009
497025
94556
23870
21756
23409
178506
56169
1156
13110
71022
95172
2500
342
56644
2070
10201
325470
16129
43264
812
12321
2970
14280
357006
870
324
11556
320922
12996
21170
1296
11025
400689
729
44521
9312
84100
51529
680625
446892
454276
59536
254520
152490
381306
9
26406
945756
29241
4160
617796
265740
33124
330625
285690
302500
380689
1332
116281
77841
54756
202950
292681
57121
129240
67081
3025
448900
298662
325470
459006
98910
49952
341056
28392
220430
20592
89401
5329
74256
6972
25440
525625
2450
6806
108241
47961
10201
436921
100
151321
5112
3660
203852
568516
187489
67340
421201
68644
686412
114244
8281
235710
234256
215296
29756
38220
609180
319790
20
309692
17956
17161
21756
47742
128881
230400
263169
156420
43056
282492
32942
101442
1640
17956
483025
160801
76176
467172
161202
210
89700
165242
283556
64
6889
1681
14641
4556
27556
2116
372100
136161
152881
361
147072
696390
446224
247506
334662
2704
13225
54522
654481
462400
1225
73170
231842
483720
47089
107256
2304
503390
3660
56882
207936
19321
378225
72900
288906
108570
347510
480249
432306
813604
13924
25
313600
263682
54289
180200
42849
39006
871422
2862
9312
32220
80089
398161
652864
50176
50176
141000
47306
200256
124256
477481
516961
308025
412806
278784
28730
348100
17424
54756
5041
223256
22500
135424
624890
32761
279312
292681
283556
600
202950
256
4761
440232
27556
72
756
41820
65792
119025
306
118336
354620
454276
712336
30276
9900
546860
1681
175561
266772
77562
5329
49062
24492
357604
810900
668306
16
72630
23256
22952
8742
196692
243049
100
16900
109230
563250
342
14762
60516
159600
299756
185761
203852
6400
870
22500
4422
78961
407682
127092
147456
21904
576
5852
35910
113569
76452
516961
387506
29584
2401
672400
133956
18632
495616
167281
78120
43890
578360
181050
1640
448230
423150
640000
31329
15625
25760
31329
423150
338142
230400
212060
547600
52212
624890
6972
502681
438244
17161
411522
52212
189225
346921
141752
55225
900
2025
29584
105950
87320
132496
82944
210681
306916
81
529
52212
297570
36864
9409
2116
278256
341640
506944
69960
85264
79806
84972
42025
425104
572292
336400
44310
124256
18906
23104
125316
73984
6320
361
26732
702
72900
320356
27556
1056
513372
7310
65280
429680
75076
4096
77284
22952
25921
93942
115260
371490
755161
30
1089
1260
407044
47961
363006
69960
3080
1521
246512
393129
7056
251001
206570
106276
27889
42025
217156
34410
2652
194481
38612
90601
169
36672
369056
144
286760
74529
91506
7225
147072
10201
288369
231842
238144
241572
89401
22952
96100
31684
9120
110224
119716
15006
75900
45156
110556
235225
38809
134322
156
400
24025
356409
273006
950625
549822
172225
328902
8190
62500
235710
818120
14884
3136
135792
275100
242556
548340
94864
415380
160000
4225
138384
12544
256036
244530
193600
961
450912
46656
496320
7056
777042
14400
1806
264196
25
114921
375769
25440
576
2025
372100
380
454276
397530
49506
355216
791210
481636
233289
139129
14400
796556
16
292681
6806
54756
30800
41209
62500
356409
306
6642
79806
187056
72
461041
239121
376382
13572
471969
5402
11449
57121
13924
1936
1521
36481
425104
181050
74256
104006
103684
340472
94556
48841
10100
26569
62750
265225
588289
12769
143641
54756
182
173889
4489
2809
195364
222784
5256
101442
24649
54990
568516
44310
22201
21756
182756
796556
170569
25760
69169
81225
464442
98910
295392
640800
261632
79524
43681
4692
20736
16641
1190
18360
838140
676
57600
4
33306
48400
471969
67340
4032
9025
703921
394384
18632
88804
11449
617796
992
23716
35344
54756
25281
440232
269880
85264
164836
53824
169332
330625
132132
78120
41006
111556
522729
600
737022
30
1482
257049
57840
3364
29241
185761
710649
17956
484
144
39800
86142
243542
9702
540225
506944
66822
16770
110
484
271441
64262
70490
95790
70756
484
141376
184041
60516
289
56882
71289
333506
40401
551306
792990
702
272
268324
212521
45156
121104
15129
88804
62250
505521
3540
476790
2601
284089
13924
6642
5041
39800
543169
64
290521
207480
190969
2500
705600
284622
75350
86730
15750
136161
241081
29412
3721
42
5184
41616
135424
126736
306
28056
544644
185761
56882
19881
236682
16641
130682
72900
73984
342
501264
14520
13689
483025
77284
396270
110889
54522
393756
405769
8649
538756
8836
69696
14762
129240
441560
66306
1806
8372
31862
462
513372
354025
105950
36672
49
96721
367842
551306
529
351649
9216
828100
293764
183612
619369
11556
17556
189660
73712
1681
619369
647220
5256
93636
233772
270920
44100
30102
311364
47961
2970
19182
518400
212982
85264
10000
5184
102400
367842
900
432964
3660
9
609180
79524
7482
44100
93636
55932
360600
175561
309136
64
42642
108241
541696
286760
514806
98596
738740
66564
1190
14762
56882
529
3721
84972
903450
385020
560252
432964
47306
84390
182329
40401
379456
156025
5256
441560
589824
110
745632
43472
174724
168921
41820
29929
198025
2352
585225
522006
201152
1681
47089
295392
54756
89102
187489
145542
253009
704760
47524
19881
3906
268842
60516
65792
329476
5776
102720
207480
432964
514089
66564
2352
8100
275100
34969
395012
57121
30
190532
17689
373321
154056
522006
947702
3481
25921
229920
39601
67860
514806
53130
2756
28900
6
89102
219024
36864
61752
1444
56406
467172
3481
588289
1681
116964
524176
1122
1849
137270
64516
4900
410240
162812
538022
26732
187922
4032
605284
14400
32220
216225
62001
49284
324900
27889
324
91809
48180
198470
395641
95481
352836
78680
42230
274576
487204
26244
69696
102720
55225
24025
63001
846400
2352
147840
32942
259590
490700
1980
29241
12882
22201
31329
31329
824464
41820
95790
8836
236682
225
135792
44944
294849
2756
121
306
53130
142129
146306
10201
66822
81796
5625
14042
719104
202050
9
157609
186192
621732
300304
114582
26082
848241
160801
31862
243049
364212
483720
9
229920
16770
224202
49506
1444
35344
383161
30
449570
106929
1936
327184
358202
1332
228962
234256
412806
79242
29241
178929
43264
135424
16641
299209
91809
381924
15006
15625
449570
85264
11556
585990
841
6162
522729
6806
64516
157212
22952
26406
442225
14641
506
961380
29584
12656
3306
22500
9216
81
13924
317532
17689
100489
146306
274052
68906
232324
11664
203401
602176
1190
491401
18360
240100
36
54289
95790
11664
1936
786769
27225
46440
373932
33306
110
289
40602
335241
104329
267806
268842
154842
34410
289444
189225
276676
3660
345744
41820
506944
152100
72361
148610
471969
374544
1681
440232
180200
227529
170982
55225
153272
8649
9216
79806
27889
26732
18496
138012
9604
55225
249001
12100
145924
73441
343982
176820
66822
1296
37636
651249
72
16900
1190
326612
27060
185330
315282
9312
121
64770
388129
174724
42
13340
51302
151321
69169
2809
13225
4096
91204
198916
501264
34782
1892
24649
14042
51302
14400
261121
656910
65025
579121
231842
12544
286225
14641
511225
84681
22350
33672
25760
769129
343396
430336
34410
619369
418609
823556
287296
292140
519841
7921
22350
421850
286225
476790
28056
154056
35721
110889
96100
34040
22650
1296
7396
470596
26569
8190
128164
97344
37442
196692
117649
10712
73170
65280
37056
47089
50176
929296
54056
14400
701406
58806
103041
731880
313600
192721
400
22952
71556
204304
605284
184041
787656
61009
118680
37442
59049
215296
363006
1980
90601
298116
22052
198916
434281
642402
58564
26244
19460
66306
386262
83810
353430
383780
47306
624890
22500
162409
22952
21609
709806
43681
11236
133956
15252
399424
57600
295392
127092
363006
63756
372710
460362
211140
126380
103362
2601
4830
67340
212982
49952
4160
231842
11772
19740
431649
2652
397530
36672
187056
315282
26244
8836
54056
116964
19881
3540
1024
506
32041
272
366630
520562
53592
38809
559504
10920
139876
56
22201
209306
9506
39006
323192
158802
114921
343396
47089
57121
609180
193600
404496
79242
364816
240590
200256
158802
93636
372100
4096
213906
10609
50625
6480
4692
82656
3660
566256
374544
145161
154056
876096
173889
51984
6642
2025
77284
56644
282492
237656
746496
590592
369664
72361
234256
12432
2209
140250
286225
526350
363006
2
59049
594441
192282
46010
7056
55696
6162
95481
365420
380
59780
2070
689730
332352
146306
26082
423150
222312
536556
9216
207025
234256
4
67860
381306
543169
156
68906
583696
537289
320922
6480
18906
188356
318660
173889
23716
155630
18769
298662
801025
141000
7921
5776
452929
7569
5402
280900
83810
19460
6642
650
44732
51756
812
47961
863970
26244
55460
80089
330050
407044
45369
58322
3306
51302
10506
4356
14280
17556
3782
7921
228006
32580
236196
127092
95790
321489
16900
841
37249
805506
108570
120756
127806
187056
91809
19740
332929
65280
10000
17556
117649
69960
452929
16129
32580
106276
28056
159201
11556
30976
86730
462
7656
11025
144
39006
10506
961
92112
123904
34225
189225
419256
240590
155630
67600
87320
370272
130321
42849
2209
464442
247009
688900
250500
8190
205662
292140
74802
262656
743044
147072
240
34969
602176
484416
168510
139502
1482
15252
3660
144
241572
249001
72900
440896
387506
25600
674862
750822
459684
224676
2209
25440
51984
306
269880
72630
109892
359400
351056
682276
2209
108241
215296
30625
4422
277729
23104
42025
870
242556
7482
187056
390000
946729
870
593670
226100
56644
280900
51076
2704
501264
100
66049
303050
168100
27225
792990
306916
667489
73441
205209
145924
3025
16770
8010
506
3364
84100
676
7396
68382
8836
211600
501972
121
6480
599076
706440
100
309136
90
17424
97344
131044
10712
259081
36100
222784
1936
56644
28561
319790
88506
25
62500
42230
179352
146689
429680
30800
65536
199809
3481
196
11664
32942
145924
504100
95790
646416
289
255530
652864
369056
10609
702
95790
126025
33306
158802
320922
3249
28224
94556
464442
139502
38416
33856
65280
269880
174724
152881
6642
92720
361
197136
503390
431649
143641
587522
311922
102400
22500
54990
485809
157212
63504
152881
645612
524176
144020
114921
190532
1332
107584
103684
44732
30102
115260
583696
6
37830
401322
327756
80372
155630
223729
829921
337561
47742
567762
261121
85556
33856
4692
74802
618582
34969
161604
297025
21609
123552
171810
399424
234256
5184
757770
33306
73441
39006
174724
18632
85264
400689
4160
296480
4096
60025
112560
464442
37830
200256
115600
465806
71022
34040
188790
96721
312481
327184
499142
292140
16641
444222
5402
992
52441
62250
464442
75900
340472
96100
424452
175561
164836
216690
34782
5402
89102
72361
73984
627264
116281
24025
380
17424
334662
14280
51756
27225
141000
561750
194922
15500
3969
6889
133590
63756
574564
41006
201152
131044
480942
10712
342
191844
802816
170982
101442
22650
9312
135792
2756
484
84681
48620
5402
151321
863970
92720
400
98910
71556
30800
129960
94864
77006
483720
31329
380689
91809
396900
68121
21316
21756
7310
4556
506232
212982
1849
142884
8190
16256
152490
282492
68121
96100
45582
564001
76452
1406
53361
575322
1600
44310
12882
648830
132496
817216
530712
1482
77562
520562
25600
470596
144400
463080
92112
84972
91809
115260
239610
28224
684756
23256
33124
194481
6480
2209
574564
15876
1936
6806
320356
155630
84681
5476
66306
64009
413449
238632
8100
202950
107912
8100
517680
361201
23716
116622
403225
25122
1980
75076
32220
366630
7056
207025
4970
427062
156
235225
54289
98596
10506
36100
309692
7396
608400
45156
213444
4970
50176
1936
12100
329476
322056
36100
448900
36290
47089
28392
930260
476100
4290
64770
188790
8464
22052
34410
120756
49284
228962
77006
24649
12769
558009
78680
90601
4761
14280
16512
105300
46225
22801
34969
64009
2256
52900
143641
68121
693056
30976
71824
173056
131044
148610
8556
921600
7569
248004
567009
355216
21756
3481
2916
41820
109561
113569
173056
35721
205662
21170
543906
21316
370881
69169
313600
7482
4
190532
293222
72900
21756
31329
31152
143641
42
144
15500
343396
39006
49506
114921
294849
111890
14884
46656
8464
59536
251001
16002
33489
2116
80372
21756
259590
39204
23104
14641
100489
45369
8930
84390
249500
10100
387506
77006
25122
118336
6724
26896
77562
693056
73170
40401
9025
36864
53824
44944
219024
10920
505521
39204
29241
8281
16384
100172
15376
336400
74529
538022
152100
23256
328329
68121
283024
539490
266256
2756
268842
65792
16641
250500
73712
11130
749090
427062
76176
703921
74802
350464
41209
6642
71824
674041
585990
9900
241081
300304
22500
373321
6006
16384
50850
68906
56882
56882
121
234740
16641
683102
546860
212060
750822
648025
480942
516961
5852
538756
667489
121801
116622
544644
2304
8836
12321
5550
255530
43056
18632
9801
41820
29412
401956
17030
64262
101124
166056
516242
15625
218556
17689
784
459684
561750
175142
175142
51984
367842
114582
289444
25921
109892
12
18769
32580
216690
1560
170569
142884
288906
232324
240
1225
433622
69960
10302
4096
27889
14042
37056
870
106602
4032
328329
57600
352242
6320
400
42025
121801
39204
10712
529
4900
326612
362404
46656
98910
26732
13572
820836
39204
17030
613089
3906
295392
650
3080
29584
2500
11881
783225
235225
503390
268324
575322
13225
10000
243542
441560
16
348100
425104
9025
278256
179352
168100
474721
12321
10712
104329
103362
132
462400
248004
49729
225150
230400
484416
42
307470
121104
551306
345744
339306
2025
142129
225
246512
650
372710
116622
9900
98596
576081
488601
560252
3721
20022
932190
625
492102
180625
4556
56
5041
1849
334084
67081
93942
2970
295392
5476
91809
4692
2601
82656
242556
79524
9409
49284
13689
529984
43264
38612
35156
1849
3192
1260
2401
133590
1056
21462
46872
43681
178506
2209
76729
5852
7656
696390
282492
171396
231842
2652
198470
217156
251001
12321
207936
107256
61504
443556
121
233289
211600
19600
716562
249500
12432
900
900
702
118336
361
15750
306
98282
664225
184900
167281
96721
256
84390
430992
15376
1560
19881
98282
15625
138756
34410
210222
7656
169
93636
56406
442890
606062
295392
676
17030
185330
7225
110556
6480
289982
4290
54756
311922
411522
23256
260610
119370
39204
1406
382542
19321
101442
403225
186192
309692
306
417962
243542
439569
7310
84100
129600
16
20592
23104
632820
117992
416025
242064
675684
233289
753424
4970
616225
5625
51984
723350
275625
86730
13225
144400
67860
364816
241572
504100
533630
674041
366025
232806
92416
11449
14280
74529
56406
2116
116281
182329
139129
90
16384
140625
2500
75900
255025
46440
47961
256036
178929
54289
250500
27556
56406
6400
172225
117306
421201
167281
73170
144020
254016
2304
832656
2704
2304
94556
136161
297025
154842
349872
191406
10100
242556
656910
197136
133590
105625
56406
190096
4556
218089
125670
114244
38612
282492
294849
187489
218556
251001
30450
152490
10201
451584
254520
104329
573049
75625
6889
380
34410
54056
648830
45156
33856
158802
56644
400056
477481
521284
132
299209
48180
17956
519841
20306
159201
17956
112560
223256
616225
93636
79242
169332
9604
188790
210681
1
4032
10816
7569
259590
46656
6006
206570
38612
139129
1806
509796
31506
239121
9702
249001
411522
53592
234256
492804
928332
139129
51529
161202
5776
55225
17292
162409
362404
671580
1482
182329
2756
96100
462
184900
13572
28730
95790
363006
418609
65280
64262
323761
179352
441
178084
219492
4900
643204
148610
25281
79806
227052
333506
62250
251502
144
444889
158802
108900
155236
44732
16002
725904
585225
28730
333506
143641
7482
53361
414736
30
270920
2916
52670
4830
641601
579121
540960
552049
90
39204
21316
731025
88506
49952
118336
65025
144780
99540
99856
51756
251502
445556
4160
42436
423150
89700
324
369056
261632
341056
27889
12321
205209
144
181476
44521
154449
479556
37636
235225
7310
101442
334662
174724
234256
77562
245520
393129
388752
8281
1849
71556
27556
3364
564001
40602
202950
3422
110
148225
274052
134322
27722
34969
39402
29241
47306
13689
28224
900
64770
56406
11772
175980
51076
179352
95172
372710
43681
121452
255530
12100
9702
3025
315282
416670
1332
157609
32942
110889
110556
398161
13572
2025
26896
10816
112560
192282
311364
414092
127092
403860
117306
49
68644
266772
342225
9216
158404
306
107584
356409
18769
346332
249500
8836
261121
6084
46010
47961
67340
19460
298116
221841
4624
7569
207480
4032
257556
172640
355216
266772
1260
51984
99540
992
94556
327756
45796
50625
458329
416025
120409
52212
4830
249500
19321
60762
45369
24649
437582
11449
1056
71022
291060
131769
1936
52212
494209
4556
261632
411522
62001
15625
55696
28900
20736
188790
293764
175980
127092
220430
111890
57121
6480
124256
83232
124962
46225
26082
160000
283024
363006
6889
106276
416670
15376
33489
4422
64262
39601
201601
4761
91204
146306
73984
18632
75625
3600
271441
33306
230400
284089
318096
152490
338142
291060
112225
15876
388129
72361
57360
295392
31862
194922
23716
170156
132132
81
148996
58806
100
3481
154449
21609
55932
44100
244036
516242
38809
146689
21025
418609
171396
310806
6320
72092
217156
352242
123552
195364
20
4489
127806
124256
4356
54289
388752
78400
11025
65280
36
149382
10201
679800
188790
24964
254016
12321
8010
535092
1560
471969
80656
215760
11236
100172
98910
214369
95790
217156
187922
121104
3080
3136
5929
139876
416025
286225
519120
951600
19600
459006
446224
151710
160801
786769
36
15625
18906
133956
63001
7921
93025
162006
410881
35532
460362
196249
294849
18090
407682
246512
182756
494209
479556
57840
9702
454950
75076
56406
12210
23256
87025
38809
419904
78961
268324
274052
708122
57840
8372
31329
220900
40401
149769
289982
420552
497730
620156
309692
5700
1089
46440
47306
385020
361201
11025
496320
5402
103684
34225
41006
63252
870
240590
462
43056
26244
320356
361802
9
585990
327184
99856
598302
787656
16900
164430
24492
16
4761
9604
30976
1056
195806
249001
69696
303050
65025
14400
162812
211600
17956
579882
379456
78120
328329
222312
97656
2070
366025
177241
702
158404
133225
467172
2704
772641
439569
214832
267806
447561
930
205662
420
44732
87320
141376
109892
711492
284089
133956
866761
73170
220900
2601
6241
4290
60762
82656
53824
232324
488601
40401
751689
3600
390000
2862
13924
8010
2116
240590
23716
813604
828100
38809
462
110
364816
14520
186192
2304
280900
7310
13924
17822
79242
12544
20449
599850
23256
295936
17556
107256
1482
46872
257049
462
276150
21316
147840
30276
372710
41006
93330
162812
313040
725904
215296
95172
41412
217622
2256
106602
104976
523452
262144
11664
401956
187489
205209
670761
483025
198025
206570
322624
199362
36672
256542
256
24180
348100
148996
103684
29929
175142
57360
266772
2209
209306
4290
26406
386262
100
16129
23562
97032
241081
19321
148610
180625
148610
76176
43264
34225
30450
552
158404
429025
323192
133590
6642
80656
36864
4290
12
145161
841
1406
607620
22052
94864
37249
184041
100806
62001
190096
177241
336980
49
552
79806
44732
105950
33124
514806
170156
729
10404
23104
745632
806404
3721
207936
7569
452929
401322
453602
46010
61752
644809
321489
26406
155630
62500
44310
49952
178084
90
462400
256036
1722
101124
11236
4692
4970
517680
9025
441
961
156
150156
502681
212060
218556
367236
173056
119025
22500
72092
147072
8556
13110
325470
2450
351056
483720
168100
154056
2450
72
30976
498436
25760
5550
5929
14042
88804
266256
293222
33672
361201
32942
16900
16256
158006
1122
192721
67340
190532
97656
114582
23562
74256
465806
4830
2070
343396
299209
502681
1482
122850
178929
650
5184
16512
8372
693056
239610
90601
55696
77841
53824
93636
756
28730
78680
59536
467172
4290
219492
33306
217622
112225
38612
18906
497025
762129
27722
622521
48841
33489
69960
76176
78400
318660
192282
97032
364816
17292
504810
34782
18632
133225
168100
50176
2550
62001
33306
10816
992
22801
175980
143262
784
74529
64516
64262
552
468540
22801
544644
11449
263169
36672
36672
83521
93636
664225
538756
25122
75076
9702
478172
17689
320922
17161
379456
26244
181902
35721
170569
1521
652056
361
261632
4032
166464
413449
459684
497025
5852
80940
18769
784
269880
657721
729316
26896
16129
756
38612
165242
11881
54990
665856
98910
22350
263682
8649
369664
7310
213444
77284
23562
414736
120756
1444
42849
125316
167690
304152
54289
6561
51984
205209
174306
266256
231361
447561
7656
190096
26406
21025
208392
324
298116
6320
600625
218556
109892
44944
403225
909162
47961
101124
141000
621732
4692
67081
462
309136
9604
122850
102080
78120
17689
55696
420552
5550
729
31152
670761
354025
179776
333506
3906
289
47961
16256
168921
7921
69169
107256
54289
383780
625
54756
20306
21756
440896
31506
165242
367236
75625
16256
33306
172225
87320
636804
446892
516961
144020
367236
32761
5184
529256
552049
212982
106929
187489
25921
27722
1024
110889
266772
12996
272
786769
342
11772
1089
2756
5700
21756
210222
16770
27556
361802
7140
68906
366025
4
32942
120756
76176
21170
18769
568516
201601
1764
235225
44100
376996
200704
437582
206116
16002
36100
121104
64770
375769
9506
316406
10920
57360
5476
203852
319225
65792
34040
1722
409600
4422
930
6084
852852
44732
94864
34969
136530
183184
37249
93942
600
48841
261632
129960
70756
51529
20880
8556
130321
9409
10816
156
4556
59536
64516
948676
213906
152490
293222
135056
360000
11449
90
49284
18225
328902
191406
194922
15252
192282
68121
273006
9702
103684
2970
8742
444222
977132
45796
295936
147072
381306
163620
688070
179776
177662
4692
341056
21170
13689
158404
121452
166464
585225
170982
784
63001
2025
16129
158404
317532
225
43890
1444
119716
367842
131044
11772
226576
156025
13924
38220
77006
462
783225
148610
221841
131769
4
5112
196692
17556
39006
472656
23104
116622
85264
937024
95790
89700
298662
128881
34969
650
16002
2
10506
575322
24492
948676
288906
70225
67860
121
53130
52212
1681
195364
20736
67860
12210
112560
365420
71022
1764
508369
2162
67340
613872
14884
141376
212060
47742
36864
148996
85556
15376
442890
496320
725904
424452
443556
96410
214369
428370
108570
50850
90000
22500
228962
117649
38809
11449
120062
39402
35344
254016
211600
343982
255025
122500
96100
494209
511225
77562
420
649636
64
1980
92416
206570
680625
30276
566256
310806
29756
61504
39601
7656
31329
305256
132
380
9025
254520
495616
88209
68644
542432
225150
333506
71824
422500
136900
167690
130682
25760
118680
140625
20
88209
809100
6400
81796
18496
699732
104976
85264
116281
85556
355216
7832
77841
68644
118680
18225
16002
37442
101761
16770
145924
217622
21609
6642
410240
65536
135792
105300
168100
218089
23716
543906
744769
238144
330625
131044
54990
420
87320
85264
130321
361
86436
144400
530712
33124
484
88506
3364
52900
302500
266772
121104
49
579882
12882
698896
27556
160801
20880
156420
15625
583696
181902
361
91809
176820
127092
24964
30625
573049
110
1156
2704
17956
321489
547600
266772
294306
465124
72092
17822
35532
286225
21316
130682
50850
121
106929
477481
17161
224676
294849
196
61009
75076
30800
136530
121452
363006
80372
741321
265225
859329
1936
93025
522729
44310
106929
73441
302500
549822
22201
8649
87320
210222
37636
8100
117306
153272
36290
16129
220900
930
94864
286760
615440
180200
65025
480249
24492
86436
553536
170156
163620
10816
454950
7482
148996
59049
16002
52900
62250
79524
30625
11342
46225
3249
326612
218556
46440
127449
4096
109561
24649
20592
145542
39204
8742
702
198025
10302
601400
792990
40000
50625
49506
2162
163620
457652
139876
99856
10302
198470
278784
55225
361201
21904
552
61752
29929
163620
24492
152881
691392
82656
74529
17292
469910
26896
2450
5700
91506
3969
273006
256
111890
4900
102080
3025
1296
41209
22650
345156
380
12
18496
418609
291600
108570
519841
157212
292681
199362
32761
52900
2704
20022
133590
3969
24649
154056
110224
35532
703082
76176
16
48620
538756
5476
4032
18360
20164
289
29241
10302
400
419904
6006
462
3249
2256
31152
59049
50850
30
25600
2401
348100
843642
2256
65536
26569
261121
281961
22052
442890
9702
27556
58081
115940
49729
13340
1892
91809
84972
893970
152881
143641
402590
239610
216690
2550
36
8742
3192
124962
48620
75350
280370
44944
692224
95790
21904
11664
58564
532900
379456
2304
252004
30976
343396
147456
335820
467856
396270
35721
45156
19740
12544
13689
64262
16900
576081
20164
99856
123201
655290
59049
33489
79242
6806
51529
890192
38220
357006
67081
20306
202500
43890
79806
229920
549822
360000
315282
205662
5329
3721
110224
28900
53361
434940
2304
25122
484
36290
331200
49506
628849
100489
107584
49952
258572
624100
206116
1640
70756
243542
69696
122150
149769
325470
62250
633616
171810
376382
144020
28730
15500
20880
5402
10920
75625
119716
50850
967272
56882
16770
381924
602176
180200
512656
234740
698896
169332
47089
105300
2
162409
119716
14042
92416
11236
198470
6400
13806
197580
463761
372710
57360
256
219961
756
404496
81796
10404
52900
198025
609961
429025
51756
266256
50400
31684
78120
784
561001
289
571536
86436
6084
4761
37442
420552
209764
24806
7225
134322
357604
506
264710
30800
358801
40401
3025
623310
106276
85264
456976
249500
8190
135056
487902
39204
152490
48620
46010
26896
76729
109892
72092
60270
103684
170982
678152
178929
64516
8649
24492
3422
421850
143262
25921
2809
32761
31152
826281
992
385020
1936
288369
396270
271962
239610
168510
4356
100806
29241
20164
190096
52212
2500
1444
291060
216690
1369
12100
126025
88209
8836
769129
3969
24025
6400
2970
782340
18360
168100
6006
329476
80372
24492
32400
33306
2401
246512
315282
54056
1892
184900
620156
380689
88209
124256
68644
81225
4
63504
162409
595984
42849
650442
14520
5776
166464
20736
69432
20592
279841
143641
314160
590592
106276
176820
299209
73170
403860
90300
193600
76729
65536
24806
216225
320922
15376
20022
65792
26406
466489
72
143641
170569
177241
49952
2550
10712
35156
636006
230880
611524
193160
1640
313040
64516
385020
231842
37830
30102
112896
5041
117649
426409
1936
73984
651249
40804
24806
189225
306916
484
370881
400056
225150
230400
4225
559504
356409
12210
326612
27889
1089
105625
150156
194481
83810
80940
43890
101442
145161
163216
44944
108241
187489
47742
259590
4356
165242
193600
23562
338724
63252
119025
389376
399424
215760
143641
39006
295392
64
346921
11130
12
13225
21462
75625
101761
94249
71022
109230
72630
60025
39006
104006
14280
360000
400056
38612
22052
39402
73441
156420
154842
1722
29241
86142
440896
28056
154056
4422
95481
175980
445556
172640
57121
268842
961
32220
24180
5700
59780
363006
184900
49952
376996
5476
1849
403860
14042
312481
27722
63252
26732
289444
656910
413449
54289
116281
481636
55460
24025
208392
252506
5476
187489
432964
303050
54756
663410
582169
198025
353430
248004
61504
203852
120756
123904
10201
44310
149769
586756
240100
1444
15500
