20492
4079
10953
8545
315
5494
15776
6035
19671
3105
455
3698
17186
13917
15
10537
5137
105
736
4664
556
5711
6173
23847
8662
4981
14766
9926
1074
9955
13955
25042
1293
32
10239
17459
7085
794
25394
14494
24920
7664
19964
11165
13817
10751
13953
18589
10211
24282
11003
10305
17552
5231
2027
4803
7678
1600
3873
1928
4708
7550
3404
20052
25033
505
621
14118
11392
26264
21528
4097
13973
23167
18298
222
9744
14534
7879
11100
8313
10857
13220
12749
193
2193
16057
2602
3718
9566
13573
14932
14795
26830
355
6336
2798
13474
25272
20791
1813
814
13987
15370
9550
20174
1439
5637
3216
6991
2270
2343
24214
345
25645
2832
15177
20238
5720
15829
2379
7168
25531
14523
5156
20540
702
6740
8781
1297
3412
145
2598
25349
2410
6799
4457
9897
10391
1440
4785
3619
530
13423
20694
9346
15327
9749
18976
2183
23017
5604
1059
9118
23310
8993
76
7041
3195
1289
9545
7004
13111
1649
3008
5627
9408
221
16840
3820
7419
3551
15164
6560
7986
10517
4446
17792
4023
6234
10324
6563
4020
13083
9394
24760
8792
16962
3829
10702
5825
465
2400
14045
6648
913
4528
20520
13554
4669
8670
121
8711
26001
801
21214
3851
7794
21720
25101
6369
309
20521
3389
2692
23068
7239
823
16807
25232
8626
19493
861
4114
10668
2178
2374
3233
9900
1845
12916
22239
1634
15698
19918
9560
12019
4372
15332
4071
3213
5328
2745
24923
16382
881
18623
24968
9383
3647
7860
13468
9546
24264
17038
5489
8510
9411
13522
2550
1583
842
25050
6047
6982
1998
81
16990
3564
4328
133
4160
95
593
13372
8464
443
2719
19129
6068
3890
25158
18120
9016
625
9554
4407
13121
6743
15536
15541
26568
5495
6610
13623
10551
64
25329
4569
7172
4748
17671
6224
4369
14122
4878
6578
16280
2823
17697
18328
3462
1892
3844
18830
6
16921
3121
15960
10016
106
5789
9850
13582
3663
1437
21480
16318
19312
5269
8873
12322
13214
14209
1930
179
55
13468
3969
17971
2471
9140
9255
10263
13901
3951
6439
9923
2334
24847
11142
326
10866
15982
1927
12163
1929
18493
2379
5736
7035
81
20495
13662
6178
11926
390
562
7366
8883
23361
463
14794
21474
16358
19467
8982
4852
6363
17658
25362
5489
14345
28897
21556
986
16941
9279
13257
8527
5738
12256
2167
6041
15094
20893
12321
1722
679
598
8869
11569
3923
8387
20045
8355
4902
12830
15632
2710
11973
1817
11935
250
25336
23748
1443
17267
14299
126
13280
2458
172
7002
507
9998
385
9793
4666
10838
16856
306
4473
127
5297
10942
6603
3808
9853
609
17751
29076
12105
9823
15486
578
4496
4531
13914
56
7453
16385
1410
6789
1079
5715
11590
4409
3546
10100
16735
9767
22558
13938
1224
19400
3091
19256
6840
18846
13283
16463
15738
15819
7623
6906
5555
8744
15485
5838
4379
4243
6474
1977
28753
283
15158
20275
35
14867
7527
5606
22
24289
1643
8619
1518
2270
12522
318
6585
4517
11822
10523
64
240
4358
16534
465
972
8830
1475
6290
10525
14513
468
15509
13847
260
7936
1936
12973
10133
15507
20585
786
10270
3991
6499
15685
16479
9965
8089
293
8367
25073
305
6098
2395
23029
3082
16130
4810
9652
8446
1600
20179
3812
1673
8547
13507
5254
229
1387
1024
8975
11717
17075
220
2297
18768
7772
3215
12108
8864
2952
6596
4694
2375
4349
16334
28822
22914
3616
2519
14967
5781
12301
1406
8677
1749
256
2070
21289
278
6474
9
12028
11273
17998
3892
1266
13345
7291
8105
3986
15332
15404
4232
15729
12297
20410
12459
9099
20414
5797
25401
3926
12066
6828
6413
2373
802
247
6666
4939
12311
204
19869
8355
19695
21425
3157
240
3593
1881
26188
1042
3853
4586
15368
288
66
3935
9337
25418
16131
4263
15091
14906
5883
15896
26397
14465
9847
16299
15086
1769
11813
14073
15667
25812
18062
10292
6192
17683
19514
25835
16895
21093
1658
7327
15442
9295
10610
8897
1518
25065
12279
9931
4952
236
8957
10263
8385
19459
14659
5952
23
1727
5235
1156
3408
6009
859
4269
1623
2086
1524
2209
25688
3178
22461
16258
14427
20495
6041
21084
21617
3708
202
8613
25267
14108
16599
4631
5861
162
5634
77
8481
14262
5064
16594
3458
3643
15943
20197
298
8905
19528
147
9167
9677
8024
8614
26470
11948
18834
3082
11904
4076
13111
24877
20320
359
1941
7278
4818
349
3930
7637
1764
5480
15963
8506
161
8845
18456
11171
9882
18112
17253
2006
2673
23560
17653
18754
8890
18357
15599
873
6343
12977
5763
2980
12874
4489
21
30
16780
5168
7942
20868
16034
14967
15041
9413
15528
9024
16073
3617
6143
73
11154
2630
17430
290
7290
2244
811
23942
4692
18898
3515
9213
15927
13078
82
29478
14257
7561
6645
10497
455
5061
5469
3703
2077
5924
9231
4191
12776
2096
7251
6055
165
12819
3541
5322
19431
5917
4189
25761
21370
25858
1786
78
24039
23778
15483
20678
19609
6449
2597
133
18
10854
13035
6557
11371
15435
15606
696
3832
1086
9975
12035
1974
18091
76
19438
27255
2238
4234
9545
2521
2054
16221
16718
108
13748
12175
25965
568
20515
2400
3757
9392
7145
25215
1328
2501
13774
6994
11035
436
672
15151
10117
23385
5028
7124
9545
87
10318
6144
14792
18476
2019
24762
11281
5564
20908
7179
123
4005
299
11761
6805
168
16122
15234
16311
401
7875
439
6179
15065
2141
8657
2239
3179
4892
5578
472
15692
16231
9503
3223
15906
25645
8782
21923
289
8057
16059
10474
5489
15147
1764
10666
2405
5766
2598
3805
10700
98
10200
10577
19438
12118
2887
1202
27362
2416
10930
9998
754
1888
10158
7363
8279
27989
18974
22806
7069
10373
8106
12499
7069
7085
1647
3944
11080
19680
19642
4448
20854
10510
2759
1632
19381
11668
902
3766
17336
4135
6999
5672
8654
3669
9985
4921
6851
14820
4621
738
9357
9619
16681
23251
10081
15831
41
17995
6877
21387
6227
14367
10773
4772
798
13872
7370
21437
97
429
4
12486
17952
20312
472
10841
6734
25969
8786
14114
375
14725
25421
3887
173
103
14693
103
1537
10852
18907
176
14685
16986
4714
11613
74
932
3425
14217
22791
325
2989
10655
15269
5599
25591
19744
1291
7066
3480
19556
15074
351
4495
3709
13500
11375
3188
5802
493
24595
7405
20127
4731
2994
756
18832
13450
3513
7683
8905
1791
8318
18478
146
20254
4696
6803
792
4943
10072
14274
15971
16906
312
1807
12686
16501
22637
10351
16563
4202
18648
4634
2627
9027
6621
10458
7461
13688
8829
1548
16628
15422
13788
12564
6397
12615
5790
2977
8645
6
3234
14568
5118
870
358
38
16949
24569
10491
1436
3740
15812
57
3825
13337
10612
18108
681
33
1071
585
28761
15932
9657
45
25856
2118
16695
4309
14074
21819
19775
16018
2368
7449
8732
5920
1302
12690
15014
3946
11647
150
3266
16304
1886
16329
16228
4787
14257
10628
4568
1475
21542
6852
6497
15203
23795
10034
14344
18547
6264
4720
11750
4372
238
5584
9685
16882
15564
12731
1027
10294
19814
17520
1874
772
16109
2253
20282
10736
6391
18437
18745
4945
21998
11254
7493
9189
17263
6008
7874
19572
12244
14624
25819
18836
23269
8628
110
17720
7326
13147
9242
13510
420
841
18111
6932
17642
87
19084
2580
15706
14949
10059
4183
306
14256
21557
25526
17391
6283
19955
15721
25146
14626
26510
258
5843
2206
18464
3720
1372
1391
2260
9195
329
3230
16213
1570
3743
11892
7629
1776
5636
3390
6916
8925
6430
6615
780
8250
8682
3323
946
257
6080
1600
7444
17035
1056
16057
19407
5911
4182
900
6300
2916
16818
62
15877
20038
2669
10037
20748
231
19051
12541
8306
24973
12622
3558
4244
127
7329
18228
20519
809
20107
304
6798
11273
11849
5699
14805
5495
11907
1431
870
11010
202
3572
3326
11302
11668
3766
16758
24657
11149
6701
13881
9006
248
3947
11228
3810
3676
8449
25710
440
3887
10938
113
21647
21414
8810
5919
3074
3287
3988
6991
14083
1282
8277
5363
25478
8392
24435
10053
9224
8444
1918
1938
1356
27952
21780
98
14074
4650
4661
14436
14956
9036
6481
19058
10370
13734
12218
18512
6065
15376
18521
449
17804
361
8409
2734
169
19370
20450
8510
10618
9880
3363
10379
9879
7034
7063
6342
2634
19817
25811
6279
14927
861
24435
13990
28262
16041
37
15559
774
4507
585
4739
13476
4160
3050
12327
26347
8969
15289
13216
20679
14811
610
11192
14109
20
8965
543
10489
53
10388
4
6143
14044
3420
3429
7334
6903
17675
9270
5436
13430
20315
18311
19724
8556
3970
4008
9584
21355
20666
9287
21738
6578
2558
8722
1955
9917
27325
1979
5401
5155
7109
1644
16
576
3600
13328
7103
625
6684
10617
9336
6034
21689
3848
1505
3040
1581
3930
2878
101
9215
3370
2809
11652
21741
15855
17
10056
4288
18194
110
8560
23255
14065
1009
6885
1392
630
616
16755
14987
5435
6394
20651
5338
17577
9417
13522
4854
8686
9870
17947
22399
14022
601
12036
4159
3757
1560
11395
8394
442
23736
13667
4077
1144
16967
15967
16025
4135
26173
6291
136
4457
14644
2212
4510
21498
13573
6460
9019
3546
7096
11003
10557
29912
2153
16555
16009
2669
15168
1728
844
9628
435
9348
21120
2228
13231
3570
4372
11815
19032
24301
7145
24198
13886
20746
6523
4516
15720
13765
22559
6266
5846
16744
2220
591
2692
4543
923
26417
7261
18487
7947
19866
8645
15554
1658
4362
4732
2056
25947
57
24264
6837
6688
25306
10600
16618
9497
18222
16414
9221
3600
9890
13159
20878
9423
13083
14148
6426
2778
15370
6045
6818
7843
7725
369
10723
10312
9129
15304
20935
229
4351
21032
1856
23765
736
16937
11559
3562
5848
1296
14590
10082
16154
15703
9298
2232
6701
28788
24620
22134
15608
307
3428
16934
12498
6228
1026
21625
5373
24546
16734
3171
2841
60
12499
3729
14564
7521
22204
10433
13308
5640
12384
6131
25
16725
9341
11603
1913
12679
747
18994
3263
6144
11714
21850
10549
15080
12294
17841
24199
2883
3870
20837
22229
21305
4737
1237
2230
6504
15895
8299
1806
8306
9269
4737
23662
13445
7595
16075
19673
6523
12393
19764
406
4978
15646
16219
4438
3322
12074
8429
8353
24163
25041
1558
3706
17181
6919
4950
3666
19359
25100
4431
5813
12725
4755
16359
5641
89
11992
1701
107
11176
6111
9315
5600
684
13234
15608
11243
3261
3002
18292
28
16474
15
10518
9564
1406
14510
608
15363
11009
15472
12149
21196
16317
10508
14456
26132
8736
408
1491
14343
15830
9951
11499
7024
6935
10356
3470
8699
742
16063
20676
3592
5682
24826
13382
25852
8903
15803
15224
14112
18049
9716
7803
256
4834
19125
3782
18203
20742
7960
3695
4782
15799
3811
11178
8263
10433
7970
18276
4210
11615
2973
20776
10294
25109
6631
6948
5273
5793
9688
10027
3091
8487
4295
10297
15698
11878
7237
16
3804
5564
16710
15377
14801
18574
29161
13414
10115
12333
16072
12196
9890
18923
28
530
15797
3990
12199
9649
10646
2281
1404
6648
4187
4063
7956
9347
17698
3667
4879
17237
17266
13098
4623
25
15722
5763
12585
14744
4792
23945
24181
11334
8007
3291
14818
7340
2737
1790
6672
19806
20016
1210
9539
5740
1970
6358
19766
16658
11994
13161
8609
26021
7927
2413
3444
6821
11300
15860
2923
18949
20814
9338
11779
3680
16569
9595
10257
1194
9443
13197
42
18397
4864
153
5332
4449
292
13561
13620
18775
441
19770
4440
12649
15773
962
177
4852
14301
5009
4314
20226
3580
15343
5837
14851
2256
14043
9992
361
10512
6287
10801
25079
25116
5030
5792
9116
8573
8970
15384
16807
16999
17165
640
21
4534
7731
18916
19957
3345
686
13432
7884
5142
21813
13589
2642
654
29309
12552
8025
15820
11406
8171
322
2155
23712
2536
20364
12628
4514
10370
49
15888
4324
8315
3462
11533
10154
15993
2367
20145
849
3671
3235
25547
23139
17623
10983
10482
18009
11847
20204
15435
13145
17823
15857
908
14706
4520
11240
10
3867
4364
17990
15697
7658
2393
25427
114
12565
660
19610
24614
587
10381
9624
1968
3379
4881
24972
19356
7573
6155
5527
7423
10711
17484
22020
15704
25621
4970
23634
24692
6426
14026
5192
20327
17550
16665
9433
4968
110
25772
6939
13966
4887
11860
5761
757
4873
600
10742
20391
5222
2407
17941
14886
2438
25105
4352
16621
11693
320
3441
13132
2794
25674
5764
112
2005
13955
10401
21729
13612
8420
9527
3522
25869
17208
15836
102
18657
3574
17043
24348
3945
8963
225
2739
5683
6055
13652
1225
471
2271
10400
5007
217
6478
5429
6811
9006
10842
6590
4892
15465
7746
20952
750
16971
4062
4024
1018
22779
9045
4802
2656
27809
306
15721
12064
5647
648
12850
7224
6996
1783
6066
15781
13995
9861
8732
17454
21206
8688
15731
2640
266
2804
884
2123
19441
16720
14990
6966
49
4472
11642
20358
650
7285
12253
28951
11912
5734
9121
13649
12301
4909
5991
21133
5445
10780
8376
14163
415
324
7606
5851
20066
9086
5345
3905
11991
538
8643
6046
5651
15674
13622
17341
6505
25888
5674
207
13922
5416
149
2984
2577
21582
20856
5100
11936
5136
9025
14269
215
12738
579
10917
10890
1351
5397
7370
790
9439
21765
8404
18604
8333
8534
18623
7886
24621
25103
19464
1372
23132
14944
19133
685
4748
2472
15726
17424
6651
15836
7379
12047
5994
11429
15869
11038
19970
20736
24362
546
9784
4547
85
7971
25519
2821
13826
15632
21151
15715
4107
179
6154
6857
14185
16529
5783
5268
18337
17705
211
14395
12088
1646
247
9811
8775
5161
1572
22369
7226
10259
9189
483
3701
5834
11470
3217
619
7122
4335
9085
9554
28052
10333
1077
20586
543
12971
666
14865
4492
510
5212
13922
23502
455
18640
15130
8588
9551
4964
5599
3096
107
27879
11114
25265
4523
13116
3525
10
814
575
22439
18761
377
6250
11571
88
16280
8831
10146
22965
950
18700
11911
20011
11872
8979
23340
6507
1088
15858
19820
510
5386
20114
13843
9442
23261
26553
9320
43
24624
26385
11531
16229
5539
13061
13501
977
3340
7567
1225
12024
16254
7481
9114
25446
8407
6662
130
1562
16863
18946
15706
5250
4346
6009
33
3246
678
4386
9724
10935
14462
9875
4523
7807
4274
6526
5771
2080
7004
389
6074
5666
4174
17669
19725
380
17649
11064
2317
12393
16832
11520
26234
15243
10131
15744
6150
4391
271
15594
16748
7560
2343
15436
15908
17716
40
25034
3428
20218
5960
15360
9334
8237
8720
557
6611
17831
15973
2234
6199
9606
836
20439
17710
6000
11509
20087
9500
9496
3542
9980
4135
10547
8546
9753
30142
1171
30554
1304
597
15734
10083
9493
18604
4243
3835
11928
4708
3370
24368
6606
4677
4540
8475
561
15813
5286
17955
18622
19057
8308
9296
9066
17764
6157
4924
35
6653
20072
3718
14591
12288
2879
625
19497
11706
1758
2329
7290
15655
8648
4122
25578
25268
16192
10100
80
9823
16148
7471
2288
335
16896
242
14650
5627
9787
2753
986
8309
14611
18324
4945
4210
10406
12718
2997
9039
18500
117
3025
15044
9102
12265
8946
18139
9253
3
6439
16143
5164
15989
16381
6320
11503
17389
8454
26364
5863
371
7916
5598
8682
17054
20562
336
20459
30
15555
17011
13617
10731
16508
844
6510
1802
19594
2001
6458
1710
11255
1940
4329
20550
30
16006
14687
15765
3994
5272
8655
9362
7915
25483
738
11695
8789
18327
24182
13596
6023
90
2308
15342
5339
28723
30
14015
19917
9297
6848
5654
11987
15197
333
10355
28207
3556
808
4506
1425
16822
15731
12034
14660
8525
9667
3607
14832
7858
2166
22747
15604
19927
7281
4463
9875
3763
7981
16230
2293
13153
7116
5275
17713
9061
10972
208
18450
10615
316
25490
5898
6258
9056
25900
9297
10302
330
10209
10985
14830
4594
9421
2139
16354
14576
5207
15057
15607
3546
6884
4963
1095
2185
9101
2173
15505
15730
6043
1555
13087
2934
8480
5726
4938
8370
1793
8399
27845
4348
5263
8268
10234
14720
21396
2046
4122
9350
6426
21016
676
2888
19028
3175
9051
1648
12403
46
768
8702
4908
6995
25
23386
122
5126
9546
6815
4995
1038
11064
16560
8173
335
2954
2188
9950
14269
945
26339
848
1082
15709
8979
21342
11934
10081
11148
25076
2641
7703
1263
1673
5836
2039
22860
7431
16643
7152
4803
11636
12287
1922
19164
1585
4039
10303
7345
8735
19899
5256
11104
1615
8162
8399
346
13375
15106
109
18080
17681
5628
5898
22997
16202
11995
5656
20386
12665
2169
29054
6591
2984
136
3102
2601
14693
18315
921
12555
9126
12787
11228
6192
2673
10771
9543
16621
3922
15428
990
15311
13089
2828
25440
4977
4042
20018
20984
6959
6610
4503
5760
545
2889
16705
4032
91
295
7757
15547
8645
24547
440
16372
3467
5596
5285
6552
12700
10063
210
20877
24431
5357
25555
10829
3037
260
7642
26170
130
3328
15720
187
17636
458
1840
16221
7789
16066
9321
8179
61
9226
17670
16391
3739
15659
183
14913
1545
1495
133
3852
15139
9376
4918
467
5118
15473
15851
840
9850
12330
27089
24948
25522
16105
14691
19511
4848
11231
181
10473
590
13408
4456
5422
10184
3525
9108
9616
17193
5225
15326
963
13919
24518
18558
15824
24026
4803
13880
18389
8314
4018
5016
6188
6791
99
7538
22185
5687
14963
2469
4849
1808
17016
6755
14255
17503
12085
9108
3709
16893
8166
16888
15135
13534
28661
21
1947
18510
14992
16908
6775
19599
8827
11316
24424
9215
15902
784
12018
3950
3
21977
2906
21997
3711
24857
9502
26190
10782
6528
10812
894
12246
3348
16563
8923
2481
13495
9150
7007
12163
5030
1236
20950
8373
12657
18716
2510
15309
14492
3534
5013
5051
29486
3399
15377
15806
484
1989
12569
12135
10
21696
8556
13048
8
764
9281
2818
162
1808
1853
19404
7933
19634
4503
2168
7311
243
13191
2776
3047
8803
9204
14977
2278
7885
4263
10499
10766
17880
38
9535
13805
11101
6855
7362
4924
14547
5696
15795
19754
432
17964
8497
24399
6446
20899
9696
17344
10349
38
673
17660
3160
25155
5939
4825
3711
7100
4210
210
25228
4815
4355
8258
11932
22152
382
6453
6902
8596
15993
15234
16750
5816
10632
8462
5487
12684
13025
1739
3815
13118
5194
184
21378
16427
3125
5622
2876
9272
9791
12255
3206
66
15318
306
2578
16534
2074
18498
9186
23233
3024
7823
6362
7745
2913
16067
16728
18923
3524
17527
1030
8606
16566
12896
16040
10833
18454
10051
13830
21429
21453
3735
3130
21747
13707
8729
25672
15702
18545
15778
8616
385
6449
5900
7328
797
8760
13364
1051
25794
11076
370
15896
25383
19209
5604
9624
16456
4607
2764
9903
151
4628
21805
4616
14550
901
9193
2401
14497
17494
4793
2507
20162
7659
2205
15786
10200
16416
18478
1272
18994
4990
8729
24957
10182
15283
25196
8905
8851
3811
25637
16432
5177
6205
2648
6376
17747
12265
24673
6820
3584
9876
373
5007
11905
14460
7371
3853
15233
24658
15873
10635
13025
17433
12053
15491
15186
5964
2329
8792
15986
10765
15479
841
28873
6096
2379
14047
9540
1591
772
5056
17743
8691
12992
15893
9326
14142
810
12038
4393
8673
7390
332
15845
689
19707
16292
4167
1916
15650
20
20704
12172
26034
1853
9686
5659
9546
13788
29016
13357
13572
6249
16604
21230
16926
15400
26173
1701
22397
17068
5324
19840
14298
5777
6806
25326
25481
2516
6102
10738
15991
14304
4776
22843
23007
25509
15149
9948
4933
3005
11709
2030
16006
19473
686
10473
8006
1600
15462
3097
10016
130
11337
154
3795
19610
14031
5867
11107
6073
20991
6543
10343
10318
14867
21091
5609
19890
3772
180
15611
6429
3526
453
632
1310
2815
16865
12658
12126
2938
12437
17122
1868
14704
2519
15934
2668
22104
2501
19272
28861
9139
11669
1592
15736
22132
10335
861
66
19175
5580
5609
24320
7668
12759
9702
3696
21166
11001
5327
15968
4535
15767
6063
363
12604
14890
16377
11475
23940
3910
6370
17291
751
13666
9491
10006
24208
21783
10083
21744
24440
763
16367
279
14866
9472
14771
7115
15339
23065
5884
1283
2317
8372
19641
21103
8951
7625
4672
4868
2215
15607
4337
20080
6602
25512
18681
2612
17777
4141
3197
841
12636
2294
12190
9279
1064
19190
14981
142
19881
14314
16596
825
22573
9746
600
5703
4638
16634
20362
22483
19749
1202
2071
8364
926
9416
22661
11631
5925
19577
15310
16168
3614
12700
13739
19862
20691
9984
11272
25646
5946
3499
20045
1349
16120
15852
16590
2728
660
413
8391
1966
25516
12508
2994
8662
948
11915
9846
450
11894
29189
15304
5989
16769
3204
983
1943
20606
3977
15793
4874
283
6922
10473
21549
17284
17817
15926
25270
4148
225
2842
1765
6916
3944
4210
14155
499
16600
9912
5472
14492
17085
15446
342
2656
4271
6141
24885
448
6197
19392
7682
217
29352
5008
22
19759
12847
25103
15830
16404
2952
78
459
15550
8403
9932
2769
7828
9957
5760
361
26064
8785
204
14166
24911
3940
25014
22292
4838
11532
4278
1945
1826
4030
3367
9545
6435
10746
5856
16492
22173
11292
3614
4665
9822
13524
21918
2715
5035
17629
7830
23021
12905
182
17360
467
19472
6603
4327
15662
702
6592
20797
17596
10478
5385
3668
2099
3843
3293
12672
5515
6739
1616
21680
5854
11805
1188
8190
8465
9756
15823
26773
392
14796
1366
18767
689
16445
11768
12839
4958
4048
344
10259
7530
11750
27840
5054
9530
8689
19578
12788
780
11404
21411
20585
23819
7688
3146
18792
18190
9128
5565
14686
23495
12082
23665
4726
3256
10794
8305
17093
9320
5683
21372
8435
6694
10841
10048
22512
16279
18583
8375
25436
10298
8133
8620
30764
3420
16578
14859
21312
11206
24917
22633
30718
21114
5107
18900
11410
3505
8654
19015
6051
23811
13566
4284
15852
18932
3910
25391
17972
26007
16552
10388
10390
10986
820
4980
481
1872
24812
15506
2210
1737
9393
9887
8640
7529
24234
10201
13376
20
7913
316
9591
6497
6979
16572
1110
14333
8731
19045
3053
25832
7643
1300
16352
302
14444
5118
20259
7525
18012
8612
11585
10643
2199
9865
15374
18691
2774
10166
14744
7978
900
9244
22375
16673
4872
2389
15
4256
1426
2474
6921
3007
15455
104
13257
2579
110
4868
10719
25527
6374
21241
5576
2217
26084
5809
529
2217
9882
14192
370
565
9508
1070
2538
682
845
272
2285
11500
10749
16230
679
23398
5669
2585
19925
3372
10523
6859
764
87
25924
29368
3740
9552
18781
24405
4407
14224
6728
221
25767
14470
17291
10050
11289
14479
9038
1256
274
19528
19456
20051
27215
1884
12237
6485
3411
12509
8253
12668
3204
19220
14444
15144
2130
11136
827
18395
10392
14459
12543
27249
11943
9930
5710
7627
14972
9062
15031
12094
18170
2892
16019
19617
4680
6873
265
1376
65
17109
325
21332
3539
9619
10885
10921
1349
194
10319
5980
836
4770
5878
5003
526
5668
10554
24364
15343
9548
13710
18921
940
7395
16883
1142
3308
26312
12143
1085
25132
4788
22626
14935
592
13715
11084
285
9269
1546
4594
19565
15761
15860
19573
67
1303
1004
16080
3915
6242
25871
8980
16575
3822
7926
5998
14599
6096
8050
11151
5055
8745
5507
25
2075
7227
4689
1988
3891
4125
11541
10225
19371
24992
3978
5689
1633
9781
7956
5499
6579
24196
220
671
10093
7962
24963
9449
25452
4619
12726
256
12471
594
9100
1089
12891
6240
8803
18279
7628
12
15623
12917
6051
8366
964
21542
1195
15781
15065
6055
751
13938
21426
11924
4121
25746
1592
21461
3758
7552
642
1849
849
22472
9796
4488
5235
20057
24703
7403
4146
3980
2975
2775
6052
8943
8051
9272
16988
5121
18055
4975
2579
14039
6325
3959
4640
4213
5431
9139
2899
9616
21315
4048
641
14241
15537
10166
9075
8487
2116
5250
14134
1240
5233
19301
3257
20172
765
1463
121
8795
961
4229
22385
13817
25326
5731
8842
19776
3137
5706
19487
23510
3754
6773
10091
6953
9353
22672
4595
25309
3478
3491
547
14844
48
2919
8092
9009
23354
3686
16171
642
19190
9625
352
18691
15814
224
252
14114
4839
8839
336
2278
3054
4117
16104
5794
9211
14056
16240
9333
210
15832
21592
2287
13773
10239
9630
19422
11602
700
22433
1218
21544
534
4475
7755
10624
4099
15693
13125
4429
18315
10840
8376
8575
4015
24533
1178
19835
1573
3782
22032
12282
963
8797
10964
21455
73
9213
5631
8587
9175
15498
10953
9805
2451
6280
13294
16581
2531
24670
23386
489
2310
5486
3467
4362
1429
17458
7204
15
5962
21926
1354
676
18686
2376
2380
121
6370
10326
9366
18792
15783
1774
2313
437
1479
3914
1396
8283
7670
2023
15047
1000
18947
422
818
5448
13344
11487
4115
6766
4005
25972
17954
6427
12061
16031
5368
20560
6199
17432
20340
11052
15730
5946
8528
6190
4520
22447
3175
9225
21189
1722
21329
3378
4187
14803
247
5301
12844
5084
8463
14033
20119
4018
72
15738
15767
4567
167
9525
2505
27273
12363
8984
2936
20494
26068
2315
2057
20502
288
283
41
5890
1017
8661
11209
6847
14121
9320
14313
3588
2106
19931
13161
24684
486
2206
522
6872
1741
5410
15368
22341
9874
11144
4103
12820
14367
720
3607
1656
18847
12133
16466
15930
3043
20843
18380
12760
306
7611
15692
25223
21913
22457
17672
466
24821
9977
5111
13594
3821
9123
4755
10027
21603
6863
8206
7347
3812
20532
19618
16723
15695
9302
9236
18281
24472
8934
16364
4159
29463
3994
3768
3824
4010
6
5734
4544
2320
14529
15240
6611
4339
6247
4832
9265
19439
257
9557
10775
25647
15410
5971
18724
9732
3480
20743
10229
7331
1187
653
12053
3967
20952
10126
2535
4144
11087
8641
2204
12574
4124
8331
19908
24959
11844
9968
8232
23842
6064
9333
920
15932
277
2978
4031
21727
21
15949
15935
9924
16154
3873
10721
15698
628
20018
5836
10168
7328
2822
402
15775
23467
26203
21845
365
18444
19891
245
4315
13673
563
2564
20585
6442
12104
117
1030
346
3354
3536
6227
1392
24370
7244
7210
17953
81
2100
3245
9434
4263
6882
2066
14471
20156
8795
9715
3987
6419
484
7173
892
5897
4042
529
24414
2499
724
336
23419
25659
8835
3272
8516
23541
10914
7244
3038
19859
16392
17982
3243
21728
10943
24344
16443
20998
19756
3136
29864
4019
4679
25169
1810
15612
19422
11622
6508
1788
14857
105
2362
18581
428
4959
5082
11971
16949
13559
1921
412
61
10541
4295
15556
15760
6262
18569
9930
11293
7003
5839
5235
21801
2218
22231
4851
6756
23164
2162
1885
1529
8477
4511
146
13228
14979
1088
9264
11345
19495
13629
9927
6457
20224
16354
16881
6579
20
19813
12413
8789
1799
15096
15651
15048
2
5731
599
1916
6042
5095
15623
24952
7660
7243
6208
9940
11551
4203
7369
361
15815
18956
21838
15947
19577
1128
131
16441
24962
5087
7865
17098
852
15607
21982
8967
5328
10138
19125
7808
498
2191
18189
13223
24988
11944
11950
4354
22340
11623
6882
5812
12266
13973
16080
1261
10917
1617
25790
8943
4182
9896
13141
19525
6403
20871
19210
4018
17635
9693
5573
8992
80
3712
19564
9028
47
3906
15133
21479
1269
13342
10128
3498
10886
9278
19651
4990
19445
8949
6089
12586
121
20169
5951
16200
23628
23924
9037
3643
19195
18171
5627
5101
1336
22562
24545
6770
4032
9966
5361
21441
5330
14284
5266
9716
9517
25106
19414
11310
191
12390
1962
20161
400
10155
2649
6135
175
11209
20281
9304
6560
8120
8482
963
15905
733
2359
28381
80
5755
2069
24323
2567
955
415
11016
26571
2544
7819
19539
143
997
9020
12564
22285
3267
14990
10335
16835
14602
18048
6778
8132
5031
10104
11175
15070
24709
9710
1940
19694
1017
11533
29156
1324
4008
441
2441
2498
16926
26890
23067
10047
6322
14337
6802
9728
15783
513
26886
40
15544
15642
76
17544
493
19917
3948
13892
21461
4408
5587
497
11711
9131
4141
1263
28723
157
22358
15408
9455
42
28
15511
15606
3601
24231
15868
6306
1049
1723
18926
10947
2358
3448
11531
4800
13589
36
4683
6205
14919
2711
5814
3807
12722
8004
7042
3806
11189
457
6189
5228
20169
21244
17376
1892
9632
25441
15963
3633
15631
15362
3961
3837
17121
6066
13141
332
10133
4700
16916
1821
7011
15992
19819
20274
16201
15369
21383
8578
171
7301
1395
3143
17938
15002
5664
11521
17958
14778
25092
14112
19381
16127
24128
21626
401
3586
26597
4143
7988
2441
5823
15788
28
5244
9819
18281
6206
23660
16357
10187
5684
16366
20515
17076
19149
6468
4660
4680
11897
3735
12268
21031
956
8717
16589
5550
10456
251
15635
2402
1352
3425
17532
10934
2481
20430
6841
25797
5863
15586
7120
2932
4760
13154
15762
157
18305
3975
22765
676
8324
10640
12517
9385
5679
15406
15787
14788
15120
17121
2994
4596
9966
7751
15807
136
4928
804
16385
13135
11648
14829
10323
11615
11102
872
9013
20021
22178
15804
410
272
17924
16526
14247
448
3639
5672
15915
5820
8739
1235
225
13623
4792
172
10883
1172
273
18933
906
5128
4072
6528
10171
3677
18166
19293
342
12073
10836
17052
3444
3227
10782
1342
1867
9882
13116
6400
1090
21
11938
25745
8297
8525
22455
3499
66
25024
213
2950
987
5838
20476
11298
14786
2143
21253
18900
21925
6492
19532
9492
15327
6935
9188
10714
10986
7862
4467
12293
3982
17026
78
4419
9774
8748
27454
7442
3364
1263
5397
4803
6896
19660
215
10473
9485
13829
10
17415
12284
5520
2247
12572
4815
3081
4613
15172
541
7436
1383
7911
16878
11759
10366
9296
25647
9284
7451
3766
7046
9485
7490
4255
4546
9139
5080
1008
24133
695
141
8411
20580
10953
10963
5802
12836
12904
8970
11088
22298
169
6726
3419
3913
4535
7162
5634
9661
8480
3396
629
25136
8377
1664
26714
16245
8674
24813
23149
18720
26213
890
7107
1119
9543
25180
324
22641
6504
90
10000
3794
6594
1528
12011
20485
13256
5834
10278
15254
3627
5257
8982
9991
6541
22024
5856
14698
24612
401
8687
9524
12410
8166
5378
1562
1179
12500
743
25717
8026
21469
1568
15348
2839
146
11903
196
15931
20
20
2720
14944
7163
9619
9624
15174
7210
2458
17090
21204
14746
7058
22039
4067
885
2255
2163
5876
1865
7741
15723
516
16811
18377
5615
15910
10317
17554
19028
9612
9199
20482
1450
11907
8849
13229
15759
1293
15651
21589
12851
1669
6524
8279
6783
5806
5270
3555
21463
7551
4005
1056
8361
17826
10009
6393
20249
6992
8773
8340
3680
207
9325
8420
3537
9790
8189
12591
9894
4720
26485
25696
15649
5482
7425
62
10324
10077
9565
2416
3446
3695
8429
14590
18701
64
18048
5002
6738
6334
16155
5743
2418
7653
18597
5346
23640
24150
15732
2931
69
15722
9352
12157
1523
6876
145
8750
132
8662
19248
13816
17476
13007
5506
3999
8440
14763
19733
7050
3615
15805
16003
16906
3825
2152
14314
696
917
7043
1561
19792
2663
3848
12632
17450
3290
1699
2654
4520
8441
7742
15861
3519
24895
17031
10190
17777
15753
8164
4717
25195
9135
36
72
507
11007
10716
24438
5228
19127
1185
19461
5348
7067
2890
8144
4853
15478
15320
4035
5436
3041
21997
21299
8150
24793
15603
906
10550
20711
7689
7090
14032
18509
1732
5297
7171
6368
5242
3890
15389
19491
1117
2915
10006
169
1929
18373
1685
15696
24248
10138
9904
24075
2118
19783
15512
16764
19935
3927
1012
10094
8128
3526
21772
395
8857
15292
25009
13768
8964
20032
15741
14769
11816
4745
8472
14420
15984
872
21972
9430
13285
6005
9969
3005
8875
7263
411
10164
8795
3958
21614
10721
11184
25329
12564
10170
11160
1145
15541
23544
5635
15771
8878
6016
25288
3587
819
2072
4956
10183
15974
2675
26178
10267
3362
25878
4986
10090
519
10001
9618
2178
6262
5751
7483
5057
14861
18156
3
4538
40
17845
4198
9087
11381
5172
11055
18
8942
6738
2340
17341
10523
22860
243
10890
425
19149
6201
9753
310
10418
2510
4871
9719
12624
15382
156
5508
19703
25271
12332
16188
13483
2035
14955
300
13306
3006
1770
3123
4433
11442
16564
2529
25427
15778
10461
1619
146
9664
106
10926
20143
24398
23363
8819
18088
3138
18446
7172
2887
17696
7051
624
14953
6874
4281
8380
7448
2595
9682
18714
2570
11641
703
947
965
3876
9950
4206
6327
583
5177
2053
3114
4776
8863
1751
4934
342
9773
22227
950
24663
8641
16461
286
19195
193
16164
2085
10711
137
19866
16498
15044
20037
178
3927
11763
3881
6678
14243
5932
9160
7874
15291
7803
1330
6355
3580
26148
665
1203
14595
7815
10414
3893
8597
7858
9247
1114
8411
24956
6807
3907
5745
969
11003
21174
25677
2091
14353
14648
7479
9195
15670
91
202
91
9349
19495
872
22564
3659
496
1209
4162
26342
10043
7764
13712
19147
2837
113
24963
1403
25347
25036
24644
16467
5017
15207
7791
108
20558
166
9234
26380
3896
6931
21709
2
10000
5512
8905
15378
26459
18008
15546
843
3480
15499
19098
18255
7211
473
748
13425
7170
4384
9983
891
9587
6814
1826
3714
3599
5938
3054
1062
425
15700
24070
4348
17054
21326
2589
19496
24067
2022
21507
15608
19978
8894
4929
7420
4085
829
833
4296
20665
20550
15975
11036
14392
1770
475
289
682
7083
13815
25727
4132
14420
255
10066
20565
23268
275
10629
17289
21041
5615
1716
13141
25552
3420
28826
13159
7087
20585
22
2785
21114
663
26
7521
428
4236
1743
6439
21140
3761
569
2181
7328
5147
13535
3252
7331
78
19988
5432
6732
3638
16208
14953
10143
22923
15319
11968
24605
39
15574
5761
22131
299
7744
11424
4536
9998
2047
16143
81
15126
12199
6275
16628
22047
15974
2882
5856
15397
16019
12208
25702
12119
6521
9969
740
14912
4520
9429
5609
10
16572
5086
8843
9483
16027
17729
26372
6242
12931
9093
494
6447
10454
4717
2672
15159
2557
12210
11427
4458
296
11893
6584
27475
15771
3741
160
4854
155
14769
942
5199
13656
7981
7633
20314
15691
4837
12244
1498
11381
20932
21635
2098
3407
12675
2740
16041
11253
18711
9412
6809
16358
550
4696
29303
3510
5197
9913
6046
24499
77
7936
9227
3217
11300
1276
21843
107
9066
15431
9653
465
25713
48
19834
13729
11916
5010
10706
1880
12762
13514
15985
2743
20582
66
26383
2658
20074
1678
11133
702
2347
16990
17059
14994
12087
7153
19779
10705
13510
22959
6531
28369
6968
17598
7615
2850
10783
3568
7048
8645
6776
1
15287
5255
13743
14813
3470
10775
6375
15372
23658
15097
5147
592
932
682
10320
7547
4183
19711
17368
9487
4466
16586
2535
20
8259
2145
744
4962
10613
6261
14955
6807
19634
5841
16827
380
1544
15309
6774
9658
3306
18408
15788
15007
699
1849
12134
1092
1805
10083
15869
10100
4076
21447
13079
18622
5586
6427
4105
6562
6436
9460
10597
11008
1292
8618
9194
13045
1240
7462
20702
12189
13553
3767
25805
1161
16588
16006
7
9328
26318
272
14183
18381
14059
2087
25874
5899
8040
15674
1824
19997
459
457
18608
5228
463
22219
20161
23940
10683
21092
2813
5164
11624
8535
24921
3826
13482
27625
15744
12392
6416
447
2167
6232
5099
12063
809
21500
8352
10042
576
2145
18611
6242
11268
13158
15469
11271
21125
15436
4733
829
873
786
14550
13041
13854
88
15903
4392
19932
18533
517
15586
17557
4445
6996
2666
8609
13835
4250
10971
8905
20133
6780
9837
9472
3885
9672
7362
6628
9292
5669
11346
24573
25373
992
16001
10120
29187
11120
16689
23697
23834
15303
8222
17189
290
9876
3103
9767
8446
4711
25620
5135
1024
2895
14109
12606
9720
7282
18571
9626
7109
1544
15775
1457
7404
8515
20731
23892
1060
10417
15587
1581
15725
11994
6384
9860
15717
7381
9059
11285
3711
2660
12574
2060
16587
374
435
6372
13027
15797
11060
17867
1231
422
5531
16193
6609
9876
18320
358
20448
25269
4196
3334
160
7175
8474
23968
15082
3943
16130
9616
3330
10964
4455
18853
14477
10156
2712
15623
4155
8860
17772
9488
16212
18004
20069
12020
10041
6209
13973
25511
21415
6071
21399
9544
24351
16412
2698
3263
1129
16429
14187
9711
67
9114
6365
8738
237
1282
1934
16176
5347
8866
2060
19484
3048
56
503
400
16743
11368
5811
11837
19733
939
263
4096
7541
3759
16252
13799
6277
13081
18569
21861
8070
5018
9506
12035
5602
9752
12395
169
9438
16365
566
1610
884
20198
592
15607
25166
5034
25807
14963
26025
319
17528
1858
11220
14795
3649
9914
26551
5168
11194
16159
9931
8459
15623
9986
263
17022
3836
7696
1853
5303
7451
3154
8080
4789
24970
20612
22431
5564
19736
15220
26371
22553
17243
8627
45
15557
20520
13003
19662
6218
8569
6486
732
11153
4639
11454
3732
100
15130
1049
3867
3181
169
19707
9123
1704
310
10261
7413
15804
1388
7572
24124
18627
13044
4307
24235
22786
11896
17944
16127
7507
16002
9589
19215
6903
17544
21679
2243
12626
220
16766
26779
18373
19742
26518
22122
6196
4050
1674
3077
1523
12695
6170
1831
16844
4539
9554
8814
20124
21788
26313
17764
10933
458
2629
20437
3599
6555
4941
4207
277
10027
17621
7553
15490
2969
5910
12055
3881
25213
4267
19049
1926
13136
7562
4856
6377
16
1128
20468
4525
2309
7928
5904
2730
6838
7146
20587
10073
26482
11007
10438
10713
2477
15215
9818
15900
10178
7145
7257
810
1908
10178
15500
13413
15692
13141
4068
11649
5790
3573
10252
15303
835
6229
12037
734
15422
17480
6645
18394
16266
14635
18534
9472
29086
11436
24435
25845
15812
23155
23221
6435
24934
10884
3336
8088
11783
4085
535
15597
2981
5984
16217
8084
7973
14412
5536
19198
10377
5516
1541
12904
2730
11231
23311
18657
14449
15364
183
24305
501
467
18534
17730
17539
7543
12184
8007
28229
29770
275
8310
4234
9301
9651
12149
14653
6626
648
15975
3130
10206
7410
8485
8815
20501
2059
22158
16377
1554
4503
9674
1773
19230
274
19291
1128
2837
12787
22828
22893
17977
859
17893
12942
16646
10735
1691
19665
349
16288
20682
167
1871
9737
14942
16583
12613
2557
354
17836
343
2814
5034
21757
1590
61
10735
17702
9044
3829
19855
7313
684
11552
5784
14074
1950
7458
6144
3565
4199
310
13506
14395
1956
8576
20034
7462
62
2022
4981
5857
1849
9266
875
5590
304
4594
9925
8486
8357
16798
5068
5026
58
77
99
6766
8487
9032
4576
4707
20065
18317
5692
7645
15548
2362
5629
2736
12111
3615
12304
3362
3879
225
20187
16419
6121
419
16021
24758
5178
10210
10966
14087
12152
3604
15576
13368
280
5707
12040
10027
636
63
5698
12295
12470
17392
539
10631
16356
19398
2267
10166
5445
8027
15401
10543
25228
20035
11342
344
13298
9427
10941
18859
310
1295
5614
47
8119
344
10872
2808
7937
28105
15433
13894
6226
9599
12316
13504
3832
10773
24572
4009
4188
3484
12107
3315
8762
9625
4091
965
774
18932
125
4945
16690
15340
9136
20722
26852
4269
27065
3789
6186
16690
3637
1775
2879
7450
2955
10012
10872
1036
3151
17046
5057
10047
10596
20287
2407
3375
10634
7386
99
7047
3462
5210
12732
19632
25477
9177
13695
2644
225
4635
3848
5043
1015
4186
21455
207
8009
11828
11465
8774
15022
24561
11801
195
5874
13337
25887
6
156
22908
8814
10590
83
15889
15750
15559
7196
3284
5565
496
6151
8931
434
18761
17379
25477
23122
10958
7000
1
11485
11446
18223
428
14215
15651
12207
566
120
17033
9673
15282
18535
4396
10653
12327
3593
10282
9264
25250
17355
2895
9704
20312
380
6123
555
1101
12860
19325
16433
45
891
10417
4027
2983
1273
18283
9705
6094
10867
21689
1151
6406
19064
5059
1759
13945
19459
9145
16396
10187
1448
6535
21536
1512
3253
10121
9910
9723
4697
5773
1684
6459
4386
25040
11133
10465
9922
2170
2811
10508
7719
3514
13173
47
29438
2438
14807
18404
9658
14063
3632
424
15752
662
27108
4253
6749
4072
25886
18748
11557
9405
8374
1493
10645
20548
25304
17896
12628
12286
17471
11408
15102
16080
28071
12067
3709
20803
6858
1086
18569
25468
28
14905
959
12460
4501
912
1666
16256
9315
13523
5755
1661
564
538
6030
9341
741
21188
7515
4989
19786
20161
13367
2457
5304
18831
6358
7546
15756
20641
15385
5519
167
33
11603
8441
11808
19351
1530
4364
6264
15393
10623
25132
20
11955
50
14987
10170
20444
9452
10325
339
3779
16142
11924
4813
4121
399
8582
6792
10428
362
2222
22619
12146
12517
15659
18292
10002
19359
114
2933
476
15156
98
11967
4018
6513
100
4537
17116
4624
70
1910
298
12094
4373
24335
6416
11509
11966
3809
17079
15448
9685
891
1572
25514
10170
13935
4223
18680
10065
20551
15623
21028
8485
3467
3606
18138
4093
7554
9638
6687
9477
28591
19073
3056
11047
5030
125
141
5400
16500
11782
191
9444
1807
1303
5030
8627
8605
6402
9698
25009
38
19276
10090
6440
8506
28212
7697
20658
5345
19527
24283
14208
21189
4903
17469
95
5282
18888
10377
428
623
17636
336
5769
3475
5665
14279
2873
4879
9378
529
10816
4249
15760
4945
21189
16341
10101
15763
18518
11357
10561
5549
9231
187
16649
7389
6855
26872
9969
16599
5992
14570
18227
16712
4321
9565
11609
12584
625
6
5345
12819
2622
15629
7180
20089
2295
12311
3967
12306
25401
21571
1507
5880
19052
20541
172
137
1157
26019
8878
14876
5548
14259
56
11405
9938
736
11256
2463
11633
11867
25450
2734
1013
14052
19972
10642
7885
1061
5581
21809
10212
3802
9227
4033
15724
6553
4318
18612
2588
2266
16354
1733
6569
8982
19473
9335
16229
10378
22091
10026
2231
9689
7334
14308
17996
20910
16633
9993
9828
10150
12024
15523
14815
9608
2612
17304
24944
20230
6386
11177
23338
250
12104
171
14590
11865
8632
19118
13772
19880
316
9124
5752
13493
7155
3370
4436
8967
16877
1676
9519
15227
1976
15595
2058
1840
89
4213
17796
13549
23003
7201
17377
3886
2601
24964
16114
22342
4745
12347
8734
1499
16070
191
189
4467
1960
21837
2497
1652
19079
9936
292
17
6772
5434
5327
2208
16396
25519
16735
6634
21328
14926
18789
21876
25563
11341
4574
24174
16109
17603
2477
9311
17271
3209
15290
15808
23101
3795
15690
978
5815
2089
16497
138
2255
25153
147
13132
8019
19504
6118
291
16681
3142
6615
15925
582
21329
24872
4282
10578
7922
9292
3281
4347
4632
5611
4730
11124
3654
15042
18640
7443
18432
20
4064
10329
15242
37
10165
2792
4686
761
249
4518
4767
14045
14613
20831
219
11807
15168
15868
13013
10740
6218
15744
6845
11015
3592
23568
25349
688
12078
20887
13327
3199
8602
6943
18151
15802
812
20090
9877
15955
7112
17621
8705
3072
358
6335
22815
1387
9138
19893
12
1954
28856
10380
3018
15095
4866
15928
50
3878
131
11727
8447
6842
20101
10808
27299
14025
26325
18804
18020
16357
3739
3200
22832
7028
11109
16543
5784
15456
24611
1992
17350
9859
19270
21561
443
4337
25951
1
5732
11884
10144
25726
3711
7518
24910
5803
12458
5836
16311
14233
13078
17788
7792
9636
11502
3481
8627
9284
9269
169
16102
2
490
10898
14368
110
30691
9229
7905
9672
15412
19593
23401
1693
30
379
13735
9141
966
621
20527
17345
24235
11075
7996
878
322
4953
2319
18136
13034
22438
13757
5406
10102
2553
20039
18575
26560
9006
18615
45
5877
15005
20111
2
6990
23811
177
5524
2233
15348
136
1788
13877
1731
4759
19267
3272
2264
8964
2381
9485
22126
22774
7417
857
8970
26885
9811
15725
4074
8563
947
4653
15197
6373
24415
21791
5836
9028
3618
5939
16647
1525
380
736
11898
8100
10017
9129
3737
8598
4345
15755
16296
10688
3482
5434
95
9657
10748
20103
5860
8861
28016
9453
20620
1027
5471
4750
36
967
15653
14074
1734
8802
3688
25344
272
8634
57
3164
3476
17520
11149
1382
10499
16176
247
22592
3021
9533
9914
3588
11931
23662
13653
4807
9318
15552
14254
2429
12470
13233
13383
9430
15855
14952
1072
2507
4134
5462
24012
4048
37
4820
11371
14866
19769
14434
11328
16104
2424
1863
15744
11589
10237
10329
19474
11808
17404
17696
1424
827
10463
13520
7798
15141
3312
11409
23893
25587
13069
5854
15649
5366
20194
3325
8090
5697
12820
607
13929
8879
455
5586
16222
1895
4954
12001
209
4247
13894
10763
5620
19396
87
2923
5676
2224
19308
13620
10002
1007
5188
17460
7894
5591
1827
691
24251
6155
5504
7563
6068
14048
8016
25144
23847
9289
6452
6701
10923
10510
7796
2380
10116
14843
20657
9666
8984
11139
1034
5443
7459
2104
156
6718
14656
10755
24746
10358
21486
16187
8488
90
20649
14303
22568
15969
13122
683
17693
11175
10255
855
5500
5622
10658
2513
19704
17786
15852
7235
2507
7332
16457
7562
23929
4319
1316
15578
1483
13565
4370
16444
20684
10567
8541
15747
161
24687
2399
10379
2978
343
24224
20279
5551
4180
15312
18693
5811
16071
16897
14516
27903
6688
3693
8265
10205
19848
24929
5660
15526
1504
2885
12346
786
8438
1085
3229
12389
21036
1005
791
9961
10190
10
17893
3738
6551
5826
1825
1776
1992
9924
2046
12569
4111
8517
256
8266
10287
2832
74
12870
12092
7414
472
2007
1088
26194
21105
89
276
420
7463
16929
25246
15780
1168
8417
2068
6582
24814
5736
10461
6952
15605
2482
29547
4120
12666
10888
17109
798
5635
6730
8643
6424
8431
17366
11904
20023
5260
2507
15523
22989
1669
4668
11454
5653
15162
15456
7033
525
1234
4452
102
5313
6755
11300
4896
11387
407
15635
8139
9370
7
6273
5406
26034
2960
12647
16742
17684
11784
19528
15700
1714
8310
48
6477
1623
5997
23797
4802
1802
6981
11706
3040
12489
4489
9245
13916
329
12436
7225
13690
16959
6652
18491
4722
809
7646
7285
10737
20292
2551
768
20162
23480
3797
240
3361
5848
374
92
25986
2754
12511
4701
1652
11028
19218
4749
3978
25996
2821
8382
8987
1380
8602
4194
52
9895
24864
17695
9121
9559
20
23477
5278
3341
2894
5344
4582
946
17264
4216
16245
2108
4685
10129
2
26
8597
3993
6642
186
173
11558
14401
14211
9776
15505
22253
3881
9188
361
2284
24417
18424
7989
15287
418
8323
16141
1011
5088
6376
10275
19369
6393
15207
2579
3724
3490
20002
8057
10567
11427
482
15636
1397
281
13878
873
4697
6485
12559
4418
5110
11295
10749
12261
9888
9666
10964
610
12061
18455
20367
29455
2458
10165
10502
10280
5920
11608
6298
13015
21952
10142
9628
8600
10195
4250
19212
5952
13169
8393
2198
5969
23255
5625
7932
8452
12229
3403
6026
20831
11516
4688
4435
13834
15460
4978
1095
19247
6912
24157
2992
1068
819
203
5461
614
4566
5938
6847
20069
281
5672
6105
10473
10115
24159
11181
6760
744
10204
3767
386
95
25145
5775
9588
16911
14561
5802
19182
8780
12059
15768
839
1018
4299
10154
15281
20289
9371
7089
963
8308
21505
2959
10543
7945
7592
4576
15182
813
531
242
16047
29009
13031
5971
9738
6900
1688
4406
29103
2713
18289
1315
20876
9998
2
18995
10090
406
4892
11312
10541
3273
4917
9654
15359
11758
3014
12089
2726
17832
15689
19114
22917
793
14815
136
2307
15067
2722
9408
23026
8275
10105
10451
112
15227
895
6160
10124
4481
1080
10525
179
3823
5373
13499
20515
15755
15255
1136
15967
10972
15762
11045
24226
11427
5785
4013
3518
40
1231
16050
5284
4738
24542
8874
12168
20285
235
7482
2421
11779
6966
9061
500
948
5894
5193
17154
500
35
15690
6444
25001
13988
143
21400
2949
25174
17776
20963
16806
3376
2769
21910
15587
539
5785
674
16211
9153
25541
72
5266
2158
33
847
21546
8365
4979
132
8613
11810
3905
5324
3580
1005
6307
2987
397
6416
21368
14952
4023
1291
3404
15722
3172
10118
16287
689
18864
26819
9839
16946
11575
9474
2097
15446
12306
677
24906
9123
4077
13778
8
25775
15180
25307
18050
15741
9231
5214
15978
351
21143
7818
3290
17617
637
9236
11673
15640
4920
2853
11675
9074
25111
467
4640
4188
8734
24406
14211
3977
277
15147
14899
12737
5995
9215
8300
388
5788
21468
3280
8463
233
8388
15305
24714
5016
3681
2687
5779
771
16046
9357
6204
13067
8109
6737
2479
3863
10899
16671
24842
4
23388
16869
9602
18968
24160
15040
480
784
3977
26783
14840
20110
68
558
17052
2305
10784
6654
18512
13973
13121
12372
20874
6322
10677
6280
323
8905
5849
1930
10808
4130
4146
12771
14676
4171
19898
9811
6849
679
1030
4957
5264
326
20537
7029
25624
136
18920
144
15018
13
1369
1445
4961
13174
3466
15739
2596
777
2845
6479
3584
8076
16239
130
1441
2831
11224
714
20622
23
6901
11687
126
9290
19428
10727
3010
13962
5126
5849
3081
7438
5504
223
844
11435
6763
3939
22048
195
666
503
10991
26375
13769
6272
10037
6441
14864
1473
996
13837
1473
15218
16799
4884
9695
234
19410
235
11556
121
131
3619
17742
4689
31
16552
629
22116
4443
14402
7922
10333
2391
2760
15169
4865
1723
24887
12786
4518
9512
15672
8634
14077
5639
15836
96
28824
12153
8880
6764
26178
9018
5862
28604
13716
9391
13911
9117
3575
19910
7124
9120
8878
21
1544
3982
14885
13599
15829
25474
6319
19653
4626
8259
7725
14868
7
9999
10543
19101
8622
21960
11408
7303
11061
75
7128
7769
21383
4334
12
13680
6155
4936
193
7144
11936
2929
1122
435
4675
2929
2065
16007
6802
685
20076
6020
10473
542
764
12734
15918
25090
1855
39
4712
3447
11461
15606
1315
1351
823
17706
15648
14495
2214
18528
9323
1271
10441
26243
382
6484
5349
9713
25442
13660
8238
5781
13925
6121
1388
11675
702
24654
17153
21271
8258
25824
18509
67
10065
12044
14800
12266
14411
2912
12225
406
1497
24718
16534
5235
42
10646
16687
8126
15843
7517
15829
10309
11184
10791
807
6349
14842
3243
20824
10486
2140
3892
82
2212
3223
10345
19692
14063
11881
10925
965
17079
1884
12797
23437
14322
4737
6865
23252
8912
19314
9746
19845
1530
9640
926
26963
8641
5514
7404
13527
179
4470
7465
15476
9330
2534
547
7339
43
17476
14938
14859
15535
10071
10918
10947
19568
9001
6760
11325
22329
18282
89
24462
25947
5594
28572
9532
9436
13750
4630
8535
5809
7715
19312
25518
7737
25578
2606
23968
5067
10087
8767
7250
8575
6098
11371
13803
801
6265
25863
6877
277
15144
10221
163
15776
25507
13689
9139
8526
4078
868
5335
6292
22471
1212
19222
13276
11472
358
9236
1134
19190
4430
855
24541
6334
133
6651
3905
16398
14251
25579
51
26894
4214
9481
2329
16571
26028
7460
20454
20471
577
21159
668
15020
706
4342
6024
3676
7989
96
27994
7414
4548
9995
13484
11387
8858
804
15464
20090
4652
6531
24574
9768
3648
2155
510
8882
7428
4039
21919
10325
7763
467
3881
25404
644
19450
20531
8771
28
11605
10417
28731
10838
561
4954
10439
10435
743
101
11504
14669
6387
11866
13147
4895
12041
7741
13967
60
23468
20460
2489
14633
541
7100
16661
15478
6346
7377
20476
6341
8908
1620
245
9476
5114
232
8666
12131
342
15861
894
15984
8080
4487
8501
18517
2918
2900
3
4368
9367
18731
10077
7417
16216
6963
19466
1499
6655
12460
2162
12387
74
361
12
24613
11332
6277
2188
3541
4377
9785
839
19438
4198
5853
537
28501
287
9976
6
12037
629
38
10559
18438
980
1663
15988
8673
8236
19361
97
7774
9782
1107
490
12826
18900
628
17412
2592
25907
11365
15979
3387
904
8023
17930
200
6957
6959
9043
17141
15263
15779
11282
4210
10577
9130
17868
12122
16522
16239
15702
18709
5320
33
15148
9759
11224
4839
5943
24238
17579
4872
13669
2271
1047
25327
6453
5194
1237
563
902
15703
1712
23
2511
2843
1000
6923
1987
15871
20898
4697
9617
5844
9761
25845
21464
14976
1710
16472
3813
13366
4586
7991
14996
13827
5974
9324
25
15776
26
18127
7889
10684
13630
50
6877
23209
7799
13370
9454
342
804
6835
195
20448
16099
5137
4386
9944
1197
96
20312
16477
2854
2659
3628
191
6635
8910
1482
6849
3159
919
5040
18431
16752
15886
18677
5770
6329
15945
17937
16176
25400
5350
4190
10502
7321
138
16721
17400
12255
947
17656
25963
9573
2543
23343
11717
6360
16021
25599
22070
13067
4522
1064
4611
15974
14427
245
8168
11434
7519
9795
4939
4771
5957
13563
12056
20125
6912
19018
11705
15758
16381
15450
2061
138
8624
1
8575
5639
29601
12319
21607
18435
3417
6393
15472
4497
16471
14906
25040
2945
27255
5615
15343
5034
10507
441
15657
9489
20408
24246
17565
7610
25620
14557
18074
21
9611
2463
13330
9447
7106
49
4819
26303
8831
3345
16397
18401
5449
1136
5261
14384
2288
8645
12848
1776
9455
10991
2408
210
7973
1982
25788
6319
5671
9815
1597
6111
6071
210
20078
15394
13182
17452
10286
263
10083
10100
5676
10057
2434
3451
8655
15761
3698
15299
12382
600
8666
6407
6466
16235
11676
15540
26166
749
14982
3563
9911
3918
15
23322
7515
12671
5371
15692
8145
15555
25744
21895
6048
7044
2047
30177
1485
9565
4243
8276
299
9412
24213
17269
8352
339
5525
11344
14375
21420
19019
11118
21082
13915
52
3581
4243
15724
11236
7837
5163
8804
24731
9904
4362
4391
3194
6535
13986
17463
24451
11307
4335
603
1357
6981
15834
24046
7710
12906
7985
641
251
5355
2493
934
13602
4842
4091
7232
8477
2252
18447
8775
2500
14075
5282
12000
11327
10431
20843
7479
9130
24314
15969
4068
4319
6732
3313
18131
10717
11180
4373
789
163
7334
4940
13674
25084
11292
6477
8162
5405
669
14987
5554
6638
339
16886
20531
18352
3892
7723
20417
4046
12574
9310
25032
676
1073
20353
552
26664
91
1261
5731
19208
16872
855
5988
9701
6238
25489
5632
7179
16868
993
304
13224
91
14180
21165
2123
5168
11323
630
207
19484
14874
3830
1241
15779
5360
20933
9817
6540
9423
1523
6594
15384
10824
6
3916
933
16591
6382
6616
11958
7286
12245
3717
3126
10327
20699
10829
20816
9655
4640
11895
4361
2581
16944
11235
13475
6162
10603
10169
13646
13894
19530
20913
15040
1736
4479
50
18617
15198
6728
2716
13055
14354
9796
16546
4307
157
4453
26079
10664
10
15546
8638
1971
16758
948
13377
10499
14056
135
15727
16245
16117
643
2900
20099
511
2682
21877
8346
13951
45
12161
2011
646
3948
3379
10143
2359
28473
17200
9423
669
18678
3150
6890
8544
204
818
14101
26513
7161
16602
9960
7444
7573
5413
14872
15443
2055
578
13800
10163
11746
11688
17192
17395
294
15272
21720
4683
16645
21476
15970
7104
18838
5163
11282
14527
65
13597
4967
6063
4018
7542
1334
18785
24750
9079
10851
6657
2333
8817
9722
15707
10145
11324
3718
9032
15172
17969
310
20837
742
350
9626
8266
12648
14714
12792
3649
992
5780
15424
16243
1759
12282
11389
16546
5423
4992
14483
22773
5615
16223
8904
13827
224
5109
1040
875
15613
2952
11724
8768
5707
13780
6196
16555
15914
25263
11653
12550
20616
4275
1081
5429
143
1811
9748
6904
5397
19228
16276
14945
4988
12286
11089
4824
24723
9177
16600
21278
10371
271
18260
217
12337
12245
8424
22945
21870
15018
7580
25636
6072
1116
16065
641
5823
2715
1225
8589
9661
16718
448
9262
7016
1216
5926
6044
7943
5851
2401
6550
932
747
13091
4627
6645
2259
15300
3887
8
11556
5
17755
5666
1444
7364
2114
14169
18362
8607
17365
10078
20533
23277
5779
5970
812
7958
2033
6202
11004
9329
9229
9830
2781
1495
5429
2492
8525
11130
9453
18153
201
3084
16200
25105
7254
25531
9587
2543
6102
11716
12952
14291
18346
4291
3399
28185
8693
883
9349
2880
12248
1041
2990
3433
4707
609
15284
3405
8714
15289
999
10763
5303
28772
26478
4301
3759
9522
4764
7636
11669
311
5639
11971
20169
13384
11121
6387
11455
4121
6163
26739
12146
21419
3993
10455
3138
15936
8624
4481
3875
12082
16044
10613
3837
12678
1106
14772
18609
16295
2909
764
29497
3986
9179
26422
5286
19495
21497
13362
3953
14114
5673
9348
13011
5435
29027
3279
18317
4647
7560
68
14664
9401
887
12334
2729
21480
708
5701
26273
1460
206
4432
6664
22776
8919
6
8697
14479
1013
5067
53
2670
17753
13030
6468
64
15064
11919
10671
20330
2058
9317
3954
11634
1828
20
2871
15
3735
15993
389
9530
15746
24818
617
17624
10946
11738
9115
7195
5903
8301
1318
17043
6394
100
13661
14067
1814
9110
6076
998
703
4008
3628
15696
8855
9591
5409
12911
15946
6891
10418
2532
9772
17413
7375
2628
15202
10075
1527
11250
11515
323
21808
188
10694
3423
940
7159
19465
2082
15972
1842
239
9983
532
15144
15763
15067
14872
8701
13226
25674
16560
1687
3696
23352
20883
9499
13035
16268
4422
24569
15895
11594
6957
22276
24329
19411
10510
667
3
19196
15806
19238
11332
13255
5666
76
19440
8331
6773
4045
21121
15680
9157
25787
5457
18391
3443
4382
6504
25735
6139
24298
8785
15776
5923
11748
210
9684
18603
15382
4865
15824
983
18501
10368
16343
6306
5924
26884
11512
9948
5582
7903
24421
2742
3967
13703
3201
9264
4197
7871
3476
25528
1646
23315
342
6129
14072
17770
182
14057
13047
24768
10518
8705
7923
15645
998
15628
3559
15725
25556
10507
20325
19312
13808
3782
1764
13922
760
17395
16421
16140
12274
22822
421
5337
2621
8866
15818
8541
11609
153
9018
6759
3496
9405
3409
20644
25802
15098
6521
4406
6174
14725
5846
414
4950
9009
30097
865
146
1015
159
3742
8485
19645
21476
1048
17054
14864
19538
9933
10026
16280
1054
4831
6135
896
3346
22461
20
16348
14553
23216
5440
1492
5641
9459
8026
524
8851
1526
10721
2171
15563
179
11164
4133
25162
9135
23838
5849
3118
29757
17942
10455
19318
26432
506
9182
5728
3905
11283
265
5001
16335
9498
12569
5890
3261
15134
15722
10062
4480
11835
1511
1792
11060
15122
16030
7572
16244
16075
2751
7950
19110
813
1344
6308
2586
14812
3244
7551
1849
5886
18735
18881
15096
10877
20248
21446
1287
156
16631
16419
484
2253
21202
3309
2106
9845
3276
15730
25684
11292
9145
8782
7158
20462
4811
141
18068
30
1752
25491
298
15791
13127
9834
22164
257
6864
11543
9141
25079
4920
16875
10866
19218
13881
740
5874
67
16580
19340
555
37
4888
42
24313
2497
9948
15728
331
8628
15509
173
16657
19989
685
3953
10867
12345
12758
8524
125
2758
11960
8840
5493
2354
128
21372
12435
3923
7475
9431
9617
20624
2862
3653
3723
15200
15861
322
3589
12503
25591
15288
9339
9544
15862
14151
5154
15884
379
19865
10912
7556
15550
7724
3708
8418
4895
16181
26750
4272
11313
1627
6360
948
1737
2927
1219
4324
11703
2987
15522
21486
4187
27785
1312
3633
1699
6904
20013
6037
19585
16449
4016
5687
14084
2980
22479
7865
10093
6537
15666
401
2577
6564
17412
10350
6486
14261
26271
12073
4843
18440
20583
14984
5153
9708
2680
1813
3
1286
7208
20451
16183
25095
11883
556
25030
13545
15787
16526
3591
1494
13692
8709
2042
8405
3403
620
15884
20137
12921
15169
13207
4563
7891
2843
5729
6026
2983
14245
207
3856
1080
180
9564
11696
11912
4657
2216
7209
1127
4863
9702
1
17462
284
7795
12371
11319
25570
3073
13939
9691
35
1940
595
14767
4814
15111
19681
4701
25835
19458
19741
9614
2017
8113
6363
21740
14645
16385
33
4856
5723
10968
4579
7239
17519
913
624
3129
15014
11006
18479
2309
7770
16129
11963
14922
18350
9367
10527
6346
13432
15463
658
595
2068
20853
5301
289
2075
5247
17717
4253
2233
10075
2035
15770
5034
15334
7203
359
