792
17
92
699
1277
168
299
416
600
921
1561
1123
199
617
912
1038
485
1092
1169
1178
93
667
18
1431
643
827
883
499
762
748
277
1292
567
1452
194
1069
680
1293
775
834
1414
414
523
1218
1188
800
754
80
220
862
250
260
106
613
402
235
1145
280
100
661
913
495
503
20
59
167
1490
1010
1474
275
1230
626
154
524
33
740
399
1107
308
878
54
119
279
1481
692
1062
67
1615
254
392
310
1042
1389
977
1123
26
421
1776
830
1474
1525
1549
186
721
1241
228
1530
691
1332
1635
88
950
354
1019
557
825
709
622
1028
607
228
398
3
779
1361
598
272
286
38
353
1066
1634
784
225
710
37
677
272
643
765
848
1237
765
504
1686
760
65
403
243
600
885
1019
57
91
1804
577
981
531
1549
1650
357
847
398
1281
382
5
210
1668
1826
1085
1702
85
862
739
665
174
1739
1472
258
1374
161
260
346
654
635
1256
1219
1536
355
59
458
3
429
1554
173
482
1124
459
368
101
1383
1103
258
99
1043
928
267
499
540
1836
1398
462
1953
957
42
1590
178
562
109
412
448
386
99
407
1050
1422
670
546
143
290
1729
647
250
177
470
489
327
209
914
682
805
46
352
133
47
210
123
1522
1858
1572
115
735
930
458
272
1541
411
756
188
903
1366
523
72
876
1441
1244
752
1552
86
869
1103
238
269
301
366
600
1466
907
68
626
966
642
307
894
89
769
1060
271
560
358
115
724
972
1423
383
513
571
818
1041
73
235
288
875
555
473
508
417
1214
55
727
4
1688
163
816
184
145
155
365
80
13
367
768
1977
319
1807
659
132
913
459
583
337
1007
1644
1168
965
371
509
125
61
13
855
670
1316
430
1059
2038
708
586
341
463
849
276
348
93
119
724
728
1587
716
710
952
1023
1639
49
1402
302
1238
1636
1180
154
1553
181
203
1426
698
1921
90
324
466
1458
695
195
194
1363
737
21
368
596
1173
47
636
545
1620
67
997
1530
830
355
645
1605
89
822
398
753
1565
215
420
1665
947
206
17
74
1335
704
749
1286
1896
570
957
529
1171
1628
415
1942
434
1150
431
362
1435
567
559
91
1090
1399
1676
833
123
232
197
1654
18
1088
419
513
1078
461
492
1774
925
443
182
1103
1508
373
1288
594
1698
979
925
1038
1349
488
86
796
1315
502
747
1061
1367
825
1262
1296
723
430
530
225
795
1495
561
394
870
1313
1708
21
1709
275
1062
365
1712
659
1426
249
359
793
194
97
591
1125
416
496
183
128
110
514
266
757
1299
1247
840
1026
265
130
566
993
99
713
111
601
532
113
986
1267
1005
876
295
1273
597
1422
410
212
389
690
890
22
952
176
643
181
1523
1546
438
1919
1051
1099
245
1867
801
1136
675
118
1063
32
1018
896
557
48
1081
39
310
719
288
1269
330
692
1020
70
656
426
56
1494
1527
1498
916
380
241
62
303
1213
887
143
250
231
214
596
138
155
1288
108
1189
245
1223
983
817
1023
294
269
785
759
1179
298
949
1519
61
1457
812
136
144
1170
1155
1162
947
1420
477
149
1562
1812
976
28
555
1731
1028
310
1577
102
808
794
181
365
1429
1504
318
1671
749
22
249
631
903
511
94
1326
387
650
106
327
932
1186
486
406
190
635
64
341
58
1227
1387
656
30
270
261
1007
286
153
954
1655
563
475
1404
1579
553
623
284
1385
430
419
1164
18
993
221
77
1301
125
1274
344
1659
587
490
833
1029
999
292
721
892
479
69
1225
163
1481
251
1038
259
108
425
44
916
928
1190
643
1202
1324
470
35
394
188
346
493
796
1966
542
505
1259
515
846
424
281
956
86
619
376
655
888
1003
347
1523
747
293
433
636
1544
1008
682
575
1345
202
1636
119
566
909
1772
269
1613
2012
837
21
1852
319
928
975
752
88
721
525
1021
54
751
1237
82
61
10
132
1242
87
76
837
72
37
1562
1903
329
977
306
543
521
451
648
889
315
52
176
511
621
943
885
366
574
967
994
33
242
30
1192
1543
1744
553
601
1252
692
1246
455
832
691
604
8
1091
274
1139
168
4
368
1240
1610
787
1891
1110
191
754
1577
29
51
838
3
734
670
1413
95
1694
115
127
125
103
1049
462
2005
54
1630
144
605
683
1166
205
1331
89
323
1300
1523
383
105
1000
806
355
159
1754
16
473
431
461
299
28
13
973
582
63
133
1287
1970
162
435
647
190
448
580
275
215
749
1078
819
1675
207
52
1194
220
327
486
750
117
335
233
593
299
649
1031
293
122
203
1568
198
298
1501
795
479
528
715
191
82
403
1763
71
801
1011
266
566
73
1227
682
244
1542
48
1048
1230
701
140
1245
285
121
224
360
772
1287
883
244
192
116
839
368
33
118
1383
95
1806
2053
435
166
543
1317
923
155
431
1645
724
871
842
828
192
1269
1377
1408
738
276
309
1311
1545
276
982
60
278
404
329
1431
272
1849
995
513
391
1930
1375
390
643
809
1733
1069
465
616
1686
1371
1167
607
46
341
174
1063
54
748
31
95
1423
531
314
527
397
949
313
561
1730
173
438
3
326
1216
784
765
229
205
287
760
1541
113
1050
199
581
64
632
1686
764
995
186
529
995
30
434
66
277
658
255
200
159
882
316
418
1071
142
1541
955
830
1146
131
810
1304
675
456
292
1190
1467
1148
1105
337
924
293
105
665
723
2042
639
542
314
9
1595
66
454
1896
1069
625
225
1826
1278
819
1050
1207
188
1467
312
1131
264
1575
191
1795
275
939
518
901
1058
505
898
759
699
662
671
657
816
519
1467
137
430
605
16
1459
303
1207
783
641
175
825
910
1088
480
603
290
995
57
1179
1381
951
1862
1588
83
1382
245
947
514
676
675
151
234
1421
379
422
71
599
369
453
1079
369
998
1807
1051
441
41
455
1023
1406
1323
1035
522
1360
1846
20
873
649
469
685
401
1002
740
808
483
167
537
181
440
824
1038
902
838
444
574
660
71
263
857
407
468
395
386
75
1252
1217
404
37
118
368
1349
1611
454
1497
883
408
341
120
1119
768
946
242
662
690
191
1143
135
1378
499
1637
576
409
1344
960
1664
1896
716
1244
1265
232
692
931
102
1096
973
1596
449
1644
291
1054
1755
429
203
462
1299
862
15
567
819
1867
153
1508
416
1661
1420
764
799
1340
1502
1197
1957
289
710
316
362
809
312
132
730
827
70
1139
929
1479
1065
520
873
1490
544
1122
291
825
1016
740
2
402
1551
1021
1333
643
770
1129
276
1009
144
891
170
36
187
854
129
137
1046
37
1063
366
572
757
1138
481
347
1095
1211
376
341
1332
1252
610
649
501
122
176
1958
1445
80
9
1122
762
4
1030
848
559
307
683
288
254
116
518
44
856
360
52
162
1312
875
500
120
588
53
46
204
1843
645
91
68
1670
533
346
802
866
929
360
260
1492
643
179
419
352
85
1414
1023
581
319
123
1104
727
114
768
676
1268
7
246
1306
278
1227
687
1771
1871
120
249
742
1581
1220
722
635
536
957
1031
723
648
835
7
881
240
606
158
4
1151
287
375
1732
1093
1227
730
637
1812
1078
1424
806
1354
873
785
439
275
89
1858
53
286
1361
1018
1054
261
279
170
1350
196
1589
398
1529
497
149
1271
116
634
408
754
1208
468
563
1118
9
978
77
1438
748
1252
752
350
494
256
1672
569
638
64
483
1278
10
196
775
697
947
202
398
600
1037
108
365
941
446
1073
50
921
226
44
304
191
1703
911
267
61
547
301
1323
240
1915
368
1531
224
586
782
1594
176
180
962
1031
769
1061
246
341
252
746
1549
336
1608
1017
938
889
453
1564
1067
281
865
746
917
1099
573
878
1166
951
841
845
1878
848
745
566
788
752
1071
886
1092
586
278
1519
243
737
756
512
309
1406
1562
88
101
1319
663
1006
67
1211
1333
591
1141
1074
210
1663
914
85
811
1327
843
2082
47
1094
298
193
801
454
250
386
45
393
901
306
639
395
1030
1207
1248
1150
37
597
1128
633
656
1433
527
253
423
139
478
330
575
412
403
1301
3
787
294
364
92
968
703
223
175
1192
9
2064
787
1821
140
130
778
1159
1340
719
1149
125
994
582
348
329
618
117
352
363
68
180
168
344
282
1709
102
685
1751
183
640
956
1390
503
717
117
443
622
1097
706
515
1757
44
858
259
1191
517
1
1324
582
739
1658
801
41
1247
548
1137
327
1068
546
140
4
1269
44
1570
137
841
511
492
303
374
412
321
130
234
134
21
283
33
1220
1948
26
1319
1369
1238
749
902
748
324
1174
514
176
1173
869
1622
1623
1307
1059
1165
241
572
1579
746
92
941
1244
42
293
1244
130
1098
300
1102
58
270
28
1276
255
207
635
1327
270
1162
1830
978
693
262
280
408
742
639
696
402
288
1207
878
179
1753
948
890
208
100
507
799
639
960
177
1208
788
753
873
1833
810
148
254
524
2087
198
132
593
2076
558
627
751
1705
103
757
590
164
1823
1169
131
710
175
1768
985
402
577
1245
67
1559
969
198
173
73
459
731
334
95
142
598
1363
794
1389
443
1646
562
1265
315
862
329
1632
167
255
144
404
1037
1535
395
295
1394
291
209
107
740
591
912
539
30
1408
991
352
196
29
35
575
980
11
283
1186
1486
621
603
998
187
437
1166
594
607
1928
921
1217
392
1226
945
905
856
1284
1256
53
271
649
1248
252
497
74
792
784
326
944
609
1
55
1213
754
1440
1185
1050
732
123
292
1556
846
108
164
1058
526
277
266
250
218
886
257
1244
593
1987
1073
92
570
195
815
458
245
1933
1212
68
62
474
776
1044
327
29
210
1097
44
1059
481
200
359
967
1340
321
52
1280
12
35
1019
376
17
1242
67
624
1667
1036
80
124
1334
575
1234
58
30
1679
97
1770
150
86
474
269
961
459
1069
325
1215
525
778
877
439
1853
125
312
1709
1658
605
278
1008
557
823
246
315
157
820
1113
12
1698
1247
393
14
441
1007
36
583
156
706
210
42
647
872
19
1236
1271
689
1780
83
58
230
1048
1504
7
576
1081
350
1314
741
163
819
283
63
540
62
966
622
45
961
39
243
87
1387
319
460
124
245
1419
480
41
1880
763
1297
242
1406
496
1497
448
832
140
986
1657
834
827
1428
500
143
654
1187
969
46
648
107
516
572
60
117
584
487
1738
43
72
1518
1182
1204
25
1448
622
837
425
334
1552
455
241
840
147
1185
1350
539
946
87
261
598
459
497
595
1086
227
1220
185
134
618
35
574
1336
250
864
457
1791
945
428
1151
501
1338
716
715
1044
535
1301
609
913
437
1318
1080
946
106
836
907
1585
1307
575
1513
465
663
1081
185
1288
645
139
1403
650
726
610
353
947
1130
164
1379
344
246
1943
905
187
1511
1032
865
34
1146
644
507
972
255
976
479
1553
569
197
343
169
426
302
1242
758
891
1637
750
982
557
601
1117
885
1237
1172
695
872
743
1155
218
735
52
1138
1414
442
230
1211
75
308
1212
1416
1210
29
1462
1021
1033
1992
87
470
938
759
734
484
324
1415
664
1273
811
1793
260
86
953
107
726
462
984
308
48
421
456
179
446
921
83
1625
1532
452
862
613
521
1626
1856
1438
1641
205
630
1978
869
1155
51
787
128
147
681
1285
849
546
349
762
581
1029
812
379
556
559
118
127
1340
1569
712
583
789
1539
1005
507
1119
786
158
611
567
1227
171
917
1110
30
1113
1450
1524
96
325
1245
98
1124
1195
179
370
134
12
818
1401
1220
1970
1534
15
248
68
1494
791
194
1355
1673
1081
802
1443
94
738
231
1173
553
1307
1150
130
879
1204
582
1231
904
1303
1242
47
1413
121
377
211
149
903
698
576
293
1254
33
1346
30
967
1098
266
366
166
577
1533
586
366
840
148
153
1317
1543
1041
1701
231
1287
937
415
233
832
870
405
461
716
343
1201
1687
526
63
520
441
143
280
866
40
1060
403
1422
690
979
719
1324
1341
1621
335
1160
787
275
1041
1395
1163
325
1827
7
894
1463
1412
920
1268
1269
696
77
959
1071
731
764
628
1114
527
757
234
454
897
449
741
1230
166
56
1038
799
725
646
225
234
1243
38
99
557
290
689
1614
418
300
406
1690
1553
91
810
342
995
238
1708
619
1207
376
542
950
506
1789
1468
1822
1193
240
1324
1515
548
714
373
1932
93
1242
1612
645
1553
272
286
271
1588
291
416
1167
1336
902
1440
980
352
909
212
210
50
1425
277
1644
8
562
521
1194
209
486
1148
855
1190
84
1927
1986
1603
411
1261
1536
813
580
871
1312
551
415
1092
446
1275
1030
1744
392
731
396
71
995
1512
1191
1127
1232
125
1235
774
1023
304
143
1064
1107
1556
582
973
1475
1402
404
842
951
1123
1696
392
691
542
1659
88
844
950
975
876
1868
1168
819
247
300
647
1087
1750
499
64
352
1713
509
42
798
2047
574
304
666
210
868
1356
961
610
7
1619
1663
179
212
1527
882
490
345
1191
771
1203
57
1326
1187
703
1995
855
113
914
987
423
528
994
686
344
546
1213
758
1846
1316
978
1468
1402
1338
626
283
195
980
911
894
903
1354
130
160
163
117
92
585
530
170
1019
1057
1151
258
178
1069
528
1038
387
47
288
1036
969
841
795
1515
1513
1091
588
49
361
1413
681
1360
416
168
919
41
1898
263
599
805
330
162
1103
434
1148
1971
59
71
1356
503
545
59
2069
315
982
218
247
754
404
661
858
1336
331
652
424
902
1586
368
1574
914
184
61
539
1583
180
1524
930
571
38
116
146
797
1790
1257
299
300
1281
261
492
296
328
1180
369
297
425
15
748
136
278
693
1741
693
170
530
1621
959
1417
825
199
106
184
1270
1328
843
1506
152
253
966
1408
1001
205
1
180
1234
1345
651
686
300
1258
877
1372
62
1577
112
1345
702
1095
1121
462
1288
599
179
1268
1104
159
115
1291
1461
732
597
422
659
1162
1413
501
806
601
681
341
1106
540
1531
1501
416
158
1315
20
90
1298
611
791
1000
17
717
778
832
572
926
1218
357
911
477
70
202
523
116
431
463
856
113
834
1154
1242
387
813
782
242
456
6
824
1690
387
474
293
1330
673
395
824
1914
1170
308
684
97
1273
1196
461
654
449
1932
1021
1060
588
711
430
238
170
1114
1029
684
943
277
29
1444
1217
1152
1173
1938
1242
815
194
1048
28
140
945
596
26
937
1440
1654
139
160
455
179
1279
739
580
801
326
1386
321
1097
41
285
691
255
317
10
255
406
980
557
28
127
67
507
1080
768
760
613
850
225
156
217
27
117
252
415
357
19
1546
269
1959
569
89
258
413
306
598
1177
454
524
863
799
262
725
881
109
150
310
239
516
240
721
330
785
388
1390
805
551
1241
614
122
1283
345
200
415
1971
528
1497
441
689
426
450
66
898
63
967
542
213
315
927
345
761
54
791
554
827
86
791
549
1047
361
1204
316
446
878
745
415
173
793
17
1067
1317
881
1175
1078
27
50
1981
48
343
278
621
393
1462
493
712
1566
424
1012
1336
769
479
1809
469
690
848
1442
647
5
142
184
72
33
70
361
1402
460
271
430
964
1638
670
1031
113
446
456
491
486
257
1444
793
1772
712
183
1798
894
1344
1312
1080
1515
644
166
357
557
964
1544
1231
776
402
1213
552
1629
202
1117
115
839
1460
419
44
179
254
532
933
947
251
160
1806
2
22
1819
563
1481
1142
632
1438
109
419
327
347
375
1426
757
1207
1606
286
954
371
44
21
1698
1206
359
133
1508
1327
1089
162
1680
410
1658
1212
825
746
748
286
568
1851
779
1200
1661
277
1440
139
1800
1762
556
412
650
1043
228
381
1574
276
84
624
1439
2
71
231
768
35
108
1079
1466
296
1223
1705
323
914
19
1263
355
735
668
309
127
788
32
486
392
657
270
379
137
840
668
985
469
182
62
1029
770
92
689
1311
665
438
1695
1367
1013
162
384
112
303
936
1442
217
158
46
451
29
153
176
510
1130
912
201
448
1133
34
124
1806
58
362
897
701
1188
855
1565
131
982
1516
59
699
51
1243
1460
314
1537
529
532
213
13
501
898
236
822
1013
1184
103
417
907
493
1336
219
1559
405
254
1142
1801
707
1649
1552
1096
1323
1209
104
417
1211
348
323
861
844
1033
861
153
84
379
148
473
316
918
1538
690
1737
557
251
620
749
914
961
463
434
113
81
866
366
684
979
659
1801
65
835
812
47
1380
725
449
257
20
612
1857
484
757
443
1453
491
1160
314
857
357
553
1150
660
224
894
175
1085
267
118
1040
799
720
714
1943
132
587
204
809
1691
1157
65
381
1648
1528
872
224
1210
1476
1166
727
1466
424
901
1050
979
466
1120
1927
565
2070
69
883
273
1038
595
146
1022
607
184
1127
544
8
467
37
182
694
506
1520
577
1106
693
2
1134
96
102
245
1474
145
59
1030
98
278
1632
1472
31
986
383
329
569
183
993
1083
1750
744
815
477
537
1439
407
23
466
1026
82
1408
1682
878
1432
1181
1126
1555
1412
1636
712
302
403
1508
1404
961
212
1532
212
107
1404
11
407
773
636
520
689
1036
106
275
882
711
1731
177
756
521
477
1778
1044
466
601
1700
869
1103
1874
430
540
1460
304
410
306
1061
1538
460
412
959
1076
77
648
847
299
981
336
1050
397
472
735
734
1857
702
1192
44
582
5
732
379
55
480
1478
940
69
377
986
290
152
905
322
595
652
1243
247
1824
641
429
98
1107
306
704
1676
795
974
94
1264
34
776
773
744
1100
283
814
1366
411
311
1181
627
1273
192
583
31
383
250
326
551
306
147
1214
689
831
492
845
307
208
1211
479
1150
294
1051
1318
17
243
77
1091
1220
1703
396
690
1889
1297
971
598
702
749
475
266
844
727
624
216
165
342
1811
1056
1617
580
945
1810
982
644
906
34
358
423
1706
42
880
699
1248
616
51
1007
225
928
261
425
88
666
887
170
358
230
7
220
180
192
516
683
297
217
628
374
1099
104
676
432
367
181
122
1287
448
354
441
1703
70
393
940
931
240
300
975
601
1433
320
466
782
199
949
1318
797
142
431
557
579
709
1580
428
1285
457
86
134
929
1022
1351
1615
1555
56
981
701
1445
23
1140
822
522
827
47
85
1253
952
1341
1508
29
284
302
835
148
1872
929
688
233
110
426
897
1289
1487
387
1171
699
1253
187
484
325
1518
208
2058
688
302
395
356
644
689
392
146
144
1210
258
275
386
202
298
209
15
1576
8
159
1470
1242
377
1381
709
569
68
57
831
1578
154
1237
1385
269
40
642
1407
1652
879
1550
82
204
1884
446
1874
607
264
556
666
1811
279
150
877
72
299
1911
1600
1708
1967
815
86
982
530
779
135
168
132
903
1613
1131
701
1120
1329
219
473
758
814
43
310
1841
39
391
44
1099
26
823
1500
879
291
258
878
388
203
965
820
1211
1650
1388
384
117
208
367
490
126
1914
1558
19
873
292
796
1420
766
918
536
58
479
44
1231
63
941
324
823
215
556
361
176
1301
101
412
951
1185
1243
357
1449
1324
11
82
670
1591
569
1011
1169
1172
612
638
220
1347
1598
577
228
279
667
608
227
595
962
744
1519
1370
1040
918
952
1410
596
1385
505
1137
47
1605
1593
174
831
197
487
972
147
2062
344
479
1427
299
712
1073
790
1584
800
1214
594
337
146
742
1103
576
1213
305
234
1030
1409
434
386
658
884
216
1123
274
207
1634
1038
607
1034
13
822
169
901
639
59
820
162
1128
576
1909
1255
37
1289
247
596
639
825
446
655
1279
1183
72
655
3
175
1424
35
1375
1255
663
312
806
1571
1370
739
1281
866
1565
18
131
438
1110
1535
371
364
851
77
345
302
1806
42
113
1387
964
1055
1174
2125
289
1819
152
472
708
670
829
1247
1428
724
44
971
52
330
1482
1196
137
534
737
615
1331
257
1587
1284
1587
1210
788
396
50
360
287
1592
133
239
39
103
574
671
286
836
562
1196
76
894
405
444
862
996
871
898
870
551
1450
1881
588
641
898
1005
797
1608
416
89
958
1186
169
500
734
191
67
884
1099
406
956
510
619
1264
136
653
538
768
116
8
847
876
104
755
1605
1229
1413
1145
399
108
1541
610
369
612
723
517
813
208
758
70
178
972
178
653
139
1040
133
658
755
917
580
705
1168
335
1133
182
717
649
1125
510
1616
610
1191
173
97
171
1497
172
1125
316
290
1061
1555
736
318
544
1417
964
18
1897
10
345
731
120
262
277
605
104
1149
448
109
34
2038
308
21
260
225
606
242
629
599
1106
1117
11
10
1216
369
1192
238
157
920
190
27
9
649
729
902
44
871
323
327
1073
172
1287
1071
1805
1240
1010
928
1130
449
1527
779
319
792
881
798
255
1768
763
79
775
1468
1881
1270
934
269
1351
346
412
579
1426
1790
943
50
681
577
1217
1255
1636
730
902
730
1194
458
687
989
802
844
726
241
1417
1484
323
191
673
509
1067
345
588
1270
1064
148
814
499
732
1429
608
1680
744
378
807
1023
82
274
702
586
1049
1485
1068
1017
710
342
1908
751
310
309
597
957
1469
169
552
353
864
228
39
622
1769
1226
828
554
1786
610
975
1384
5
1831
279
5
988
953
478
190
531
1003
918
263
254
1823
359
934
686
14
1298
30
1775
637
901
1043
76
645
1547
1544
489
230
496
856
113
95
798
669
1259
610
99
723
1554
899
1757
76
309
1221
560
171
1524
1618
103
1847
366
804
203
104
1525
135
245
950
64
730
131
1093
983
145
775
296
143
927
207
1012
145
363
1375
1432
692
193
992
1243
762
1251
568
340
700
97
1540
498
17
577
112
568
1206
1169
896
413
985
1195
447
86
1266
1014
963
104
144
1712
296
175
1379
1104
1577
1146
1205
247
1042
1093
519
1243
1482
1298
535
21
152
86
453
134
1623
439
955
575
233
1900
527
401
2
596
399
1277
113
170
49
553
701
278
76
345
115
911
968
305
418
1421
870
1070
428
1980
1548
771
756
1358
699
1022
432
63
1102
54
1015
3
146
468
2086
1286
1367
409
13
1408
1242
798
1463
437
630
1849
99
704
965
743
424
1413
1195
383
914
293
8
1339
198
1791
121
70
876
132
1258
974
242
743
1055
461
731
252
1216
1610
1092
1095
373
781
447
974
461
906
60
1308
604
826
140
4
1201
345
912
1133
353
738
554
448
127
46
860
908
957
1449
150
349
85
753
687
813
184
407
1310
1605
766
1158
303
601
680
777
912
799
1040
183
321
18
481
690
354
1343
518
1053
603
158
1413
323
189
406
1177
1739
484
1708
786
209
858
175
265
33
733
606
1033
509
20
467
656
388
1814
234
112
199
635
44
589
1527
6
169
8
285
717
1112
630
106
1386
1243
366
1470
1500
262
1339
1009
1508
321
157
746
455
595
403
755
71
340
626
1212
417
953
858
1134
811
2
531
594
426
28
489
164
248
282
1356
1307
200
790
330
437
1001
40
992
1611
547
364
65
595
312
1096
50
554
498
753
120
275
192
582
315
880
453
1233
806
731
667
716
374
1212
1041
569
143
117
1172
686
346
2067
626
838
1054
310
421
205
61
516
1152
90
67
961
883
90
1592
253
1325
1412
1461
2027
511
353
1054
495
50
980
120
1067
70
1222
988
660
1540
527
247
1115
464
1404
1890
571
577
186
192
1219
32
996
923
796
1163
1431
39
165
453
108
293
71
340
736
1222
117
836
296
620
638
1284
108
1045
316
697
281
1196
557
158
365
297
648
546
958
341
491
1347
730
345
872
11
762
781
586
455
931
191
874
1880
1780
782
28
1009
276
819
1040
142
45
83
973
825
481
1139
989
169
32
21
658
1006
1695
6
1444
282
405
1296
425
123
532
402
1379
545
833
822
401
275
295
1633
421
461
991
481
1344
50
113
613
1473
924
1779
951
416
741
537
503
53
99
124
214
1069
215
1367
1445
422
1229
1616
493
1186
511
407
1836
1298
506
708
1856
1091
426
116
966
453
816
320
1141
823
986
404
393
619
4
359
1690
894
403
112
680
603
1005
567
366
1636
536
229
76
1319
1384
291
891
1082
2040
1120
1030
154
316
134
135
50
773
557
1126
1224
1400
1173
642
604
1197
267
1207
37
1116
212
567
1299
2003
997
560
639
478
887
542
603
1188
792
20
1128
1233
239
366
756
1361
1194
394
1090
1477
149
788
1561
1179
145
1112
182
641
250
826
44
1498
234
1147
459
1615
1155
537
160
1553
658
495
544
989
329
1455
1282
877
448
365
43
1922
86
549
324
628
293
1179
201
1130
532
1261
926
370
128
493
547
1132
1744
1277
673
1765
693
1697
1184
2050
129
752
1305
1621
227
1004
580
951
1640
259
1171
1572
737
48
380
1071
1180
1351
1275
725
144
1100
144
326
381
472
629
892
68
1230
692
548
403
23
448
952
1596
824
51
72
236
376
785
390
1287
547
559
446
19
1508
853
1143
112
212
920
475
365
832
1616
967
1544
1746
600
39
1312
2039
472
91
1233
209
361
1150
293
415
746
1643
334
762
661
809
671
111
11
72
594
664
87
1701
1352
1027
721
854
252
1274
355
827
1230
436
923
119
105
1525
169
1831
231
596
1103
462
1066
1923
410
943
236
1432
399
651
905
262
1382
873
1768
1051
1360
753
1084
1643
194
1260
846
644
26
172
523
487
133
794
1431
378
1679
126
706
790
311
996
1132
987
1297
171
1091
1034
244
956
581
876
954
1352
774
320
398
477
58
329
1569
26
500
288
1412
685
168
126
488
296
794
229
52
473
205
1386
862
213
324
95
144
861
1958
678
646
104
623
1265
1419
1835
457
437
352
468
1884
1728
419
232
41
1488
709
547
754
1720
1772
1147
1200
21
333
95
813
1360
1882
389
489
834
1071
280
562
402
278
652
271
878
239
643
350
985
2013
847
888
439
1251
1619
231
501
184
169
237
50
1503
667
382
152
84
289
621
1379
222
746
608
956
1079
684
661
1398
1110
474
690
402
438
282
708
558
1375
140
371
194
1503
683
746
444
248
1181
739
529
93
451
305
772
22
489
735
229
772
439
302
963
765
1247
1328
343
432
64
700
1054
755
962
13
711
830
46
312
578
773
499
366
1268
706
1007
556
31
474
1503
1858
1175
173
413
226
1652
585
319
1171
391
1373
852
1676
334
249
1424
190
1670
473
403
1429
622
2001
226
406
753
1617
274
358
200
553
429
447
79
867
1150
1495
852
1646
115
1154
67
183
473
745
1512
555
179
256
293
1672
567
265
1006
352
377
1703
797
302
346
518
1530
1201
56
428
247
1707
1518
81
1593
1366
218
787
1433
308
1261
89
158
114
241
551
1135
1320
1527
1287
73
1280
990
286
370
710
1385
1439
591
396
923
235
271
570
983
315
727
1615
754
2056
894
874
1054
1596
39
195
784
1427
68
779
956
416
534
906
946
1344
1250
258
598
621
1755
246
1167
1326
965
1831
533
564
1541
658
47
62
83
899
1042
1315
433
1033
67
444
1472
993
520
1241
783
1437
723
134
1053
682
841
725
1605
1436
437
1619
772
904
1303
286
992
391
278
360
1382
812
298
818
909
677
1086
387
848
1022
180
444
333
364
273
1258
418
1709
1141
481
820
908
343
11
1035
879
254
1661
380
662
525
134
1022
400
683
59
12
850
672
542
318
1918
1856
629
382
1338
593
974
734
661
1054
1299
178
1544
1327
111
525
453
35
380
217
119
23
282
216
68
993
343
836
691
726
495
669
80
45
1175
648
982
129
140
790
499
1208
1435
404
270
131
441
1861
1420
197
91
1530
643
8
352
812
1725
1146
686
1761
873
1687
842
311
1092
1019
655
352
204
586
279
853
998
392
400
634
604
280
596
618
321
1367
127
580
569
868
1494
1552
434
1496
890
1077
149
357
1300
36
352
685
357
1260
204
387
194
205
260
1872
458
823
6
649
1008
138
1270
1835
671
12
281
474
1292
412
710
1487
15
699
1435
1408
461
530
1097
444
177
716
843
1871
1463
1232
756
1072
493
785
221
50
1465
1852
1301
682
789
787
1004
35
481
386
924
29
346
1569
737
776
924
510
172
1466
1137
1070
370
469
140
709
134
1496
43
139
359
1002
375
1188
532
562
1191
490
1618
1030
369
827
444
337
75
559
154
524
1232
755
917
979
1420
1107
472
129
400
199
875
367
1091
770
485
1150
559
280
52
1211
886
1045
2043
787
530
321
628
1203
10
1391
872
19
139
846
448
963
78
374
683
100
9
411
322
162
115
100
527
276
1728
282
1135
405
430
1207
1018
783
675
526
849
56
545
287
246
1555
936
665
1081
1329
1014
584
992
962
602
31
159
344
183
270
129
1107
1193
612
755
602
735
424
307
143
1072
294
238
128
789
475
875
613
793
348
520
431
279
1228
292
1500
916
150
1701
1424
694
194
1358
203
783
137
385
329
1388
401
1895
937
593
906
698
1064
1100
134
20
271
626
247
1211
1188
647
95
1114
884
137
370
185
852
120
1505
903
624
101
717
522
748
555
1622
10
1084
661
1101
764
135
1402
1035
1074
217
139
241
1378
1888
1410
1311
478
1541
459
245
122
794
1061
273
1232
910
1058
1487
1169
1056
1392
1674
372
935
1423
386
380
246
154
1320
481
239
258
265
840
1773
1057
343
311
701
207
767
1353
653
5
91
1048
90
126
659
1432
415
387
1225
1284
408
209
1083
458
610
1115
958
1955
923
785
879
37
1053
385
517
591
501
62
111
62
1251
823
1029
739
411
147
824
411
457
153
442
359
918
599
851
166
394
600
443
830
640
1246
666
2013
1271
925
234
439
1920
593
738
326
672
1166
241
122
270
694
2029
890
1124
696
606
1569
348
313
728
1331
194
597
330
849
1051
868
1382
56
354
1693
934
174
1101
197
46
1165
531
1563
102
778
1737
114
1758
170
1322
1799
408
964
1501
1012
551
462
1994
776
236
1006
1464
376
1524
433
91
180
525
498
1940
355
454
341
80
1326
1899
963
1652
895
246
1019
728
1771
246
114
562
1940
129
543
237
281
102
889
531
1521
803
138
739
722
220
35
685
617
35
613
770
175
47
570
681
859
809
947
1321
29
269
80
163
734
548
1905
743
1260
184
1374
783
378
1074
982
758
1858
1175
167
833
758
1226
1477
4
529
530
1145
187
120
1555
666
151
1823
805
1641
636
477
756
229
1119
1026
566
1024
1532
1376
379
640
853
312
224
252
54
453
177
490
684
1539
552
587
1019
92
1455
227
923
464
323
33
1636
792
650
963
1307
1139
813
202
1354
551
746
708
760
913
757
33
804
640
112
38
966
1205
442
1580
992
734
1412
581
1138
545
963
1259
1265
294
1441
1895
1325
848
493
1219
694
503
167
1141
1994
474
162
350
1620
117
226
358
1773
984
470
455
238
681
1207
452
1018
468
156
288
77
262
401
365
299
157
1480
37
810
848
194
1338
91
182
383
139
1517
232
1116
1061
230
906
1238
1910
1686
652
330
933
590
753
1948
1340
136
776
169
520
1486
1320
737
180
77
1573
1567
681
61
791
89
274
758
686
1945
1235
535
613
589
1517
444
1212
575
238
905
825
539
1206
1129
1059
65
48
633
487
537
1601
286
817
893
1461
1036
465
1473
702
637
1171
159
756
384
607
849
99
687
83
864
243
644
246
681
428
650
2118
472
1097
1067
1767
1615
1095
234
30
160
474
72
475
1757
6
244
840
821
1664
1407
55
787
1104
6
289
836
1809
821
69
1617
773
41
423
876
605
1041
759
595
936
845
1402
1038
202
313
229
136
507
383
867
168
17
221
863
608
672
777
1276
1660
49
1195
307
960
1338
1264
1051
618
2042
340
1541
401
527
1202
1311
755
1530
597
448
1587
9
1191
371
127
386
1878
206
558
378
475
710
1251
768
257
971
1837
470
69
1175
480
455
1050
563
691
1046
728
1019
403
459
767
256
244
437
794
231
709
211
734
860
1060
433
213
606
921
1062
344
1447
14
1408
1734
1120
483
730
62
1583
67
759
1222
669
914
405
1118
414
1280
1812
818
491
36
446
1099
845
985
1041
156
110
1136
1904
80
1043
225
734
676
196
298
603
574
400
1515
476
94
40
1481
1412
771
553
1228
190
451
456
570
16
244
589
1921
1067
1405
508
1253
498
1041
1277
1339
71
1437
1786
792
732
660
832
842
188
1254
18
47
127
368
1241
703
1483
1480
790
840
51
410
425
553
800
1294
1367
1786
149
81
970
318
1380
439
1907
1306
497
495
1416
442
260
855
1324
799
1028
1859
24
1510
180
99
683
712
687
831
814
789
756
1505
521
479
89
642
1295
562
648
349
453
948
672
240
876
926
48
1054
934
21
162
746
364
1382
100
1178
776
551
520
1125
1382
252
192
947
1969
273
689
1705
474
183
1496
938
563
730
1714
473
1841
1153
1002
913
1459
1507
1128
1270
1392
201
1397
1505
77
5
125
118
582
469
920
612
1012
470
1113
431
121
251
1063
923
307
693
1613
1368
458
1609
1269
826
121
181
1149
713
930
236
758
1252
378
732
17
52
754
433
523
73
1488
759
1368
1597
224
602
1092
103
1874
1363
1373
692
711
761
1572
223
448
684
1475
24
518
543
1809
1293
1768
1265
1540
535
305
363
835
626
1547
1291
851
323
561
782
1317
1570
374
222
1260
1249
519
1287
555
467
295
656
795
228
218
1475
52
31
562
836
1152
118
1450
1192
1073
1047
878
1325
616
870
604
474
1433
1157
744
669
246
1107
678
54
426
366
639
769
1531
243
418
562
1204
638
426
612
1394
1506
1584
481
385
1176
1656
589
1641
203
1544
485
331
1760
70
1019
201
813
316
991
737
94
654
351
1321
816
202
1287
1682
971
775
345
1743
365
394
244
1048
485
542
1522
758
232
584
141
1094
700
975
99
146
561
438
196
188
961
1028
69
1429
282
239
115
1436
1044
419
1340
786
75
553
540
61
1340
777
720
1183
1260
911
476
1391
706
415
510
1507
362
1223
362
166
238
176
1089
1479
118
629
1141
126
1318
1149
461
234
1793
804
1607
259
59
216
656
871
332
225
1346
1828
499
789
1051
19
392
23
275
518
1521
704
597
1855
832
331
45
31
594
747
229
1155
662
1104
1374
916
283
90
1288
261
357
1725
27
505
798
334
224
1392
148
448
923
1072
1418
79
970
1155
1860
496
251
512
90
91
78
829
335
1151
990
1713
895
882
791
1356
1080
754
120
228
131
66
1434
1931
842
541
792
667
657
1518
952
1375
1601
1130
1420
865
838
309
258
1229
864
1302
300
1095
869
29
1052
437
282
200
198
617
7
1016
237
718
1268
139
403
689
455
872
570
1113
959
1408
135
267
200
483
639
378
97
751
312
830
43
1941
382
806
328
42
48
605
534
608
763
1320
293
807
1283
939
96
704
248
319
169
1115
1475
369
1483
1191
964
39
187
1084
731
624
1139
921
920
302
542
835
218
159
510
175
433
541
1240
1115
1381
231
1307
720
385
891
308
812
57
1353
1440
49
1124
165
65
710
543
764
1141
858
290
237
418
696
451
877
1177
809
749
51
137
1737
1171
195
386
652
1208
595
630
410
1089
1175
1359
157
1420
198
572
4
137
377
1089
342
786
862
813
74
1318
281
945
1025
72
105
1305
190
111
717
25
1032
529
971
1046
3
83
822
412
1604
891
931
746
1138
1288
106
47
1612
874
103
598
375
1766
350
1252
1031
1330
308
941
208
900
621
964
918
611
1761
708
1481
207
480
507
1725
1507
754
863
101
1137
1257
1250
409
748
1518
592
1681
345
3
1682
1495
1528
269
844
1440
1060
1683
574
1183
642
631
852
224
691
1489
638
970
1783
509
569
361
348
290
1237
179
1942
794
1007
656
449
694
117
801
642
171
1739
532
305
1291
54
1046
133
832
505
679
754
672
792
805
475
630
1412
92
1422
1042
183
523
11
799
790
802
1262
924
744
1420
941
1120
623
250
272
36
1132
753
210
1401
2084
526
1695
1150
525
830
1148
593
832
1235
758
443
788
1184
265
502
960
943
1680
928
333
1558
416
740
1624
558
302
65
782
599
1468
491
22
1871
1380
600
924
134
100
933
476
371
1421
1855
1438
139
1080
949
2074
544
1951
280
1076
1231
823
353
288
13
330
45
1358
1685
1417
873
446
115
746
870
224
930
36
179
687
248
184
645
399
422
698
310
1790
1293
347
1285
51
901
297
193
457
151
447
66
474
104
200
867
911
309
521
678
1962
592
858
1474
541
114
259
1404
742
411
241
122
1387
219
374
421
769
1192
1630
1498
481
116
1220
696
1369
143
1073
932
202
153
29
535
564
546
206
985
185
636
726
285
1518
112
348
834
36
491
584
1509
528
21
151
1435
416
1435
628
400
730
1547
671
277
288
1437
648
1337
234
1806
144
338
465
743
22
990
61
1026
1095
1429
172
1115
981
691
522
1869
42
757
1188
1590
431
326
205
1198
328
378
464
548
964
894
982
37
832
350
708
1115
1830
198
1687
1153
369
1194
1378
408
1279
527
902
964
215
192
69
944
121
511
384
926
62
202
1462
722
332
1356
1752
617
1162
723
59
1538
697
336
580
213
637
833
157
1502
111
1781
1888
701
338
191
211
195
743
720
149
292
1209
118
821
918
1760
299
124
151
386
418
862
100
1027
1287
426
183
476
534
401
1175
383
1453
1279
311
725
182
732
429
336
779
1153
343
1685
701
293
403
886
197
364
5
1306
1841
383
1256
384
138
579
957
100
154
1185
376
573
475
495
502
572
223
1523
1245
830
492
673
386
34
15
330
1147
1688
927
200
409
695
822
1126
187
1080
865
139
96
343
1168
163
511
1509
596
1853
462
1015
73
1251
207
862
1559
604
994
203
389
23
832
568
1469
178
282
1126
797
44
412
70
349
843
953
1261
263
436
290
187
272
1045
868
777
302
1617
247
450
305
1532
130
361
195
428
356
667
156
1051
279
139
1776
1404
1101
400
1171
1664
396
988
570
393
516
419
160
1167
808
509
353
225
1699
711
149
1564
1414
258
913
737
19
47
797
1433
3
1607
1097
330
672
1140
585
1462
1019
368
1496
5
537
1313
1168
29
1437
887
897
39
1219
1454
245
682
1901
868
737
1157
1332
962
831
643
538
1540
1549
1489
695
312
690
814
763
923
481
1170
320
1210
1172
966
1157
706
279
724
906
863
1384
227
417
181
1177
1430
1116
400
1618
960
840
309
47
960
898
1084
369
1594
1862
15
353
142
700
469
5
437
563
1307
1455
150
284
1033
6
594
78
1552
1990
416
1210
223
1679
1697
1745
718
969
465
742
99
186
1692
1153
157
333
131
614
71
144
247
1693
876
632
32
1258
130
441
367
751
352
453
225
1235
377
168
890
487
358
122
146
270
662
377
156
183
1403
990
485
320
989
622
116
1581
961
855
1112
1238
215
17
1303
1624
834
256
1796
1311
974
1600
545
522
206
476
1551
538
1053
1187
1393
173
811
770
656
522
1522
557
1990
525
545
1361
468
1190
416
1629
216
133
433
49
639
309
551
269
367
1726
425
688
536
1539
244
441
321
753
205
18
59
125
34
885
867
1158
1217
382
773
274
1383
1297
1223
979
94
338
617
358
398
1319
488
918
634
1325
1226
261
248
1046
53
83
1192
276
635
18
849
553
1616
1100
420
538
1334
1576
1208
707
1579
1293
1553
1979
468
1143
531
1400
814
1214
110
1117
237
1398
978
358
73
1003
453
1483
660
272
151
95
1430
894
342
231
302
1324
172
588
665
658
839
230
1220
940
1085
204
94
268
943
459
576
302
383
376
479
1334
218
502
1425
62
336
673
1314
1577
1792
887
1972
700
405
1228
212
41
263
939
158
768
1096
316
321
272
223
458
1023
150
1027
89
356
900
515
425
1262
1793
259
14
511
1429
234
1442
1115
189
182
1092
387
622
93
1737
442
1501
1535
635
1104
281
794
447
1365
69
101
1527
1285
270
1540
217
1155
1630
522
763
902
1271
902
711
671
1735
159
992
227
437
868
1515
1519
12
1285
1448
1264
1296
1387
140
193
660
1331
1323
1016
1062
153
1692
232
448
1000
1439
1849
286
1528
648
128
156
394
1629
586
1120
104
177
117
1166
427
851
1926
192
65
666
448
1143
235
28
1038
583
395
1077
198
1309
90
765
67
80
1222
64
563
109
659
609
956
718
1697
292
272
758
665
1390
60
1489
66
9
381
939
2004
202
1387
873
154
1798
1359
568
145
107
219
672
901
201
675
1284
127
909
904
949
27
1202
905
11
685
1155
449
171
205
231
350
1318
158
783
789
440
1170
709
145
1449
838
1142
267
772
576
640
715
838
130
407
1211
470
1601
320
357
1101
68
870
1053
475
41
411
27
937
200
1134
1311
1042
1709
128
919
669
1003
738
1123
472
1725
1818
1661
516
443
1460
15
769
1250
1447
461
1298
1414
1250
161
708
359
911
140
1642
704
288
92
202
1020
1303
395
726
412
136
613
991
484
1323
918
1812
1641
1645
124
766
294
1760
982
428
925
168
80
1429
902
726
345
224
234
1739
1157
828
182
75
766
321
841
141
1219
1073
217
45
39
49
65
460
89
161
700
1416
1706
1761
197
184
1403
907
619
1482
584
455
262
619
454
12
375
999
1232
971
67
500
274
816
890
1234
372
220
1657
793
1310
1029
648
819
807
146
1399
384
28
841
1368
936
1100
292
1570
1672
1204
566
1283
1106
1321
477
1341
527
1033
2021
820
723
295
362
939
108
106
540
97
110
439
1054
1474
986
660
783
222
1392
386
221
438
1230
471
49
1301
1445
1306
1259
157
986
1049
166
339
305
828
115
34
258
816
883
637
633
548
1395
780
1326
8
886
269
1044
421
313
19
2050
960
683
1096
1316
738
138
1278
994
1533
1686
485
1665
563
833
700
131
317
311
856
272
41
1032
912
272
61
697
465
630
237
1293
250
690
78
1410
474
445
1056
1607
1448
108
1447
77
356
890
95
601
630
260
1092
468
245
76
233
1438
619
1149
142
992
156
950
85
269
619
1143
545
1117
370
24
1818
222
677
1289
79
125
288
224
297
255
762
36
342
823
19
1303
146
1270
506
773
328
587
17
967
1499
189
564
1996
1315
472
1463
1540
1109
402
631
6
1058
460
866
1205
114
237
1278
829
183
482
1393
936
542
51
1336
398
447
1026
1316
536
1291
608
1158
349
506
776
1345
698
688
445
898
701
1381
698
146
327
145
801
133
171
1251
707
795
1975
1417
576
971
243
956
652
278
103
579
674
111
431
524
425
1149
824
593
1015
1040
1578
530
1416
620
822
275
601
410
1118
20
77
1734
495
1105
201
1685
105
339
1056
819
1078
1050
827
461
16
1695
503
1266
611
562
187
661
1204
787
212
337
947
800
442
602
317
412
1330
328
337
110
894
161
608
57
527
151
375
1075
230
687
332
668
1605
363
1479
42
1892
546
426
1000
96
273
1587
217
331
703
681
1006
297
60
271
480
260
191
1512
1125
348
944
675
1648
1369
342
1543
1612
847
1887
448
47
107
454
744
751
901
533
1445
1835
876
529
646
1689
1583
1288
328
247
768
442
27
350
205
263
832
748
115
1
274
464
756
487
1028
1226
361
1163
969
741
67
21
609
615
22
569
2048
1981
401
207
822
964
337
116
1226
6
959
37
1359
464
964
947
120
124
117
273
707
1085
1050
1232
577
739
849
336
45
1370
882
15
431
316
1712
75
393
742
60
1298
1215
77
1575
1741
753
1538
1305
1281
708
241
1697
788
1440
120
165
1228
1293
726
583
249
1111
1289
875
1129
690
390
479
1539
1245
274
7
1975
135
1115
1130
291
1055
428
723
901
1386
588
1292
990
212
895
596
1010
264
275
991
1577
375
426
765
471
501
211
101
1022
848
501
399
77
1681
885
1411
401
1634
815
980
1853
728
445
1373
616
261
1523
624
703
1722
1674
1329
1287
96
517
150
141
1330
1674
16
722
150
777
519
212
905
559
354
36
167
443
767
987
1154
507
638
1125
903
412
1385
215
524
37
375
273
642
951
759
68
661
963
421
27
74
583
979
1670
1560
290
610
492
1939
163
743
364
639
1045
988
1106
656
368
323
65
625
1845
780
1085
513
465
770
631
1011
71
718
993
481
872
1340
536
1043
432
428
814
695
632
689
231
1218
66
1010
970
336
129
483
238
984
739
351
1228
727
253
1047
1271
45
603
65
1857
31
273
972
22
250
813
1538
1846
190
1403
665
1073
1064
259
771
1104
1069
1370
1376
27
1472
1602
1676
727
308
973
94
477
1691
87
1382
89
135
1847
386
981
552
1125
7
941
320
873
257
1233
25
559
311
467
547
194
95
158
967
595
579
879
776
77
1204
846
575
226
106
822
382
1588
1758
758
249
530
713
984
1072
459
489
1214
634
208
1325
49
186
142
1225
265
1360
154
408
901
415
636
414
180
488
671
1241
208
209
719
696
232
1321
741
912
567
759
402
418
66
62
746
916
393
1043
589
1426
1074
1319
924
1143
3
537
928
1507
198
1672
1433
732
45
776
1
674
562
493
338
724
1561
658
1369
743
265
1012
1031
48
1226
350
340
325
1210
64
183
1538
111
640
813
502
573
30
1143
1703
1167
927
255
1123
1381
182
171
310
683
991
83
439
942
49
453
370
891
707
360
468
861
989
718
502
159
1659
1321
169
1821
1418
1655
11
79
629
371
53
558
60
1718
163
323
1231
802
36
658
220
335
536
1251
616
344
442
484
7
648
452
1319
727
87
149
61
739
1854
645
1005
428
327
804
1162
1128
717
38
811
394
690
768
242
412
1185
404
1583
1659
1199
278
50
393
1406
1609
1803
237
1013
1230
586
271
1307
196
485
1388
158
438
1319
534
1854
958
234
545
1275
54
894
1469
714
1853
578
907
1558
862
432
1100
1406
1390
1508
1293
939
636
1139
622
153
1381
325
1073
5
1783
279
1010
1440
1255
1163
1134
839
79
1040
725
1630
672
1725
384
342
93
837
265
895
693
511
1994
74
40
709
108
625
1501
88
588
326
1166
607
247
702
94
19
538
236
1030
101
588
573
1791
414
735
647
1753
894
1045
211
437
1182
426
766
1226
1752
14
434
633
749
574
1038
389
301
772
394
1381
1029
760
485
572
111
730
971
1079
1478
998
275
121
840
1184
461
595
1095
1510
1083
175
352
1201
885
447
566
835
857
1391
494
1471
232
382
1591
665
417
1696
1831
1334
457
160
1501
1149
1721
852
669
913
1486
114
1119
1423
357
622
1568
113
1478
1750
710
1376
597
175
506
1178
328
739
207
98
1153
906
321
2054
849
1194
609
53
199
1221
669
75
931
1128
1312
57
614
5
224
1374
194
873
297
452
509
103
1231
648
1278
628
359
1299
321
639
738
2
38
355
476
668
191
1045
1276
810
1036
538
669
925
5
213
973
1584
749
751
680
131
765
34
289
499
859
1431
699
144
1610
23
1799
291
751
1670
1131
1552
221
1281
103
147
930
905
1604
422
818
396
933
777
434
390
201
1150
415
1101
1241
1485
527
9
381
1111
1338
401
38
974
1733
389
208
1035
1415
1430
1134
627
825
522
1092
840
840
878
923
561
1003
115
425
1090
764
173
185
666
1460
1009
494
96
279
146
761
1690
1669
1121
328
291
369
1000
1459
102
945
278
869
617
1376
197
679
857
855
923
209
1508
452
1043
350
999
2049
568
611
249
103
1295
328
32
1898
447
1509
1208
595
947
907
1039
1142
499
651
848
1360
1743
372
73
667
169
1476
177
1137
164
564
588
323
157
663
1515
326
1814
722
339
63
747
948
697
1932
411
758
35
258
1516
559
1766
1048
1313
428
1005
240
980
1732
1009
64
395
1292
1028
298
625
298
393
986
1594
848
267
35
223
242
970
156
1772
222
427
448
846
939
945
969
1554
1076
844
2019
579
301
349
58
763
804
296
1618
766
1068
343
365
437
965
386
1560
952
413
54
1325
77
1112
857
319
1199
1350
1235
987
1071
1280
632
784
638
889
85
847
48
68
371
356
569
224
1358
1631
1096
481
642
1320
543
588
54
862
147
1149
1190
492
921
1153
1043
332
859
369
1223
742
833
66
1079
1377
1404
341
547
711
1077
507
255
121
1378
301
1350
1013
236
355
493
4
813
1299
1154
905
519
139
352
785
2036
1379
575
431
1631
123
221
1129
1935
295
125
785
1090
901
1043
1564
97
87
1229
780
1032
1467
957
754
1724
313
1721
426
833
941
849
1405
1412
378
492
1206
16
633
1554
166
367
923
97
57
432
1395
362
7
1981
1556
724
39
369
442
166
992
216
833
1016
911
106
594
913
825
1198
26
853
326
573
1083
221
439
319
297
159
3
1285
389
1358
269
579
390
357
492
12
550
652
154
172
187
1665
1763
577
798
257
1916
1327
404
131
600
493
288
31
113
311
481
175
89
704
59
273
1409
61
1451
324
207
1010
919
1222
1335
1192
26
339
1199
779
710
1388
576
447
766
120
211
686
137
409
578
946
1266
1536
1235
1040
562
1161
1724
180
1569
166
810
1055
508
13
1243
396
171
573
184
849
649
635
479
801
1146
696
120
585
1092
365
508
523
419
1483
1515
730
32
305
169
580
938
949
870
295
61
397
847
1185
218
178
470
425
444
1137
604
405
746
1378
93
745
329
1492
180
488
232
218
1388
761
1467
194
64
877
324
147
579
116
419
912
27
813
124
213
138
1180
574
1649
1001
140
128
1705
313
1349
1181
706
624
973
55
105
97
279
498
1130
222
978
633
648
16
1393
971
197
685
98
184
275
587
287
1666
674
111
823
659
560
1373
115
238
437
1362
703
137
326
1868
898
1953
674
1357
545
384
156
263
265
21
650
1040
1383
456
81
160
1512
150
211
1187
140
426
1170
153
1258
191
1545
746
32
635
373
527
696
477
2
1658
72
169
604
88
1559
246
1311
254
1260
535
690
1273
270
827
1147
232
674
45
1329
1238
35
594
1415
1537
623
778
1137
229
207
616
227
406
2033
50
499
277
34
832
670
604
695
287
346
360
181
258
918
874
594
184
481
1615
249
324
659
1101
664
1678
493
1560
1234
882
633
934
728
1031
1218
191
888
235
1104
1513
379
558
34
1291
1338
975
1834
732
1431
768
96
104
734
183
751
51
608
488
1667
561
1208
1613
450
583
1355
1836
1052
181
350
1299
1613
771
1007
285
469
678
350
184
1032
193
420
806
269
101
1183
130
1296
794
1812
31
332
519
889
688
1212
11
1328
1173
364
55
1575
380
368
886
555
252
649
413
1270
1
919
585
789
1684
1585
737
41
346
840
517
72
670
506
478
535
232
474
487
328
267
