212
1469
649
923
787
372
40
163
778
173
1432
538
116
404
1045
101
956
388
1119
984
277
1719
1765
158
363
609
267
598
85
259
65
136
335
1335
198
434
659
474
674
717
184
752
400
835
38
473
638
1128
355
101
1788
387
1220
537
322
157
1748
226
752
1300
239
784
225
1282
654
599
1044
1320
905
640
1227
360
284
74
355
901
98
612
470
5
1046
10
580
86
1143
1437
559
1069
415
1346
147
1092
106
261
825
467
337
295
1803
97
524
1705
447
480
529
532
848
725
24
716
997
648
501
1150
235
199
611
629
208
341
1097
1245
408
1508
475
1461
1009
300
295
210
1638
887
33
24
24
157
902
1392
472
35
627
426
1526
358
82
185
252
1754
1200
1774
1288
88
1416
1735
123
90
1099
298
1018
115
1538
1688
1759
340
718
190
300
131
672
491
788
290
27
945
486
158
896
502
875
502
229
729
881
2013
1702
587
1041
249
864
160
87
1345
9
114
63
307
850
1221
1198
323
350
650
1114
300
617
132
704
363
918
1591
1102
1426
1560
359
861
1482
419
530
431
558
881
426
95
535
1277
353
309
378
181
565
1323
90
712
1235
632
104
232
1608
887
1661
965
1564
452
1818
1619
576
797
363
302
406
326
320
104
886
364
693
314
1253
965
1490
73
872
216
15
778
324
898
116
1365
171
1477
1131
525
506
1047
1398
881
637
1371
1169
179
426
1319
360
1384
100
101
375
1107
71
188
786
1656
3
1749
302
240
207
1641
5
771
340
1243
445
814
4
997
447
1030
1229
732
113
937
1066
77
661
994
602
895
1898
1847
1618
1061
567
336
550
736
969
972
608
1176
354
65
82
1024
913
1553
602
170
647
1181
37
644
1526
656
317
350
437
620
1112
1294
1031
214
1175
831
981
1744
798
262
338
419
41
1341
1044
1072
955
67
794
166
539
717
307
1614
47
251
519
1207
1147
1035
766
118
241
624
119
830
1039
48
948
867
935
1060
1294
140
109
40
1024
420
253
50
490
1951
1186
889
403
1204
1452
943
212
1529
281
764
518
249
1008
31
574
1203
181
581
1445
148
1261
493
1787
1125
455
175
1001
315
276
1600
1778
1938
83
931
16
809
404
1824
251
1437
1137
52
840
237
546
1038
22
1503
86
1503
396
876
599
791
944
1421
1410
417
782
17
236
99
422
1807
87
349
1773
382
959
1153
1599
1953
1825
478
965
279
442
446
194
313
386
1498
138
291
1531
938
1092
248
559
1875
1444
15
936
253
540
476
943
922
757
521
495
65
768
849
144
1653
364
772
982
1324
499
1872
1434
3
347
157
98
265
149
150
182
386
1177
307
15
1329
1074
2004
666
390
589
400
1574
1555
1181
263
219
1184
537
577
669
1163
979
47
773
689
1357
592
150
307
514
134
505
46
1919
470
270
1659
138
1226
809
915
33
1224
258
934
577
671
329
1119
919
772
889
986
203
306
40
476
930
179
123
213
694
1531
563
661
993
128
483
1015
841
1711
770
972
1517
735
616
316
423
80
617
1862
157
566
1224
927
1010
1303
1356
1609
1617
612
1044
875
304
290
695
150
687
845
253
259
1089
871
277
30
493
675
1475
143
284
681
1504
1170
1613
970
797
875
530
374
194
1591
1130
1829
898
564
1908
688
10
2064
1264
941
336
737
402
442
736
379
520
563
1436
1481
825
356
496
766
952
1408
155
907
931
1236
1122
495
15
985
1054
562
377
464
1069
826
1861
513
108
1669
506
1102
1007
1388
579
548
505
901
137
1311
742
1401
405
1103
521
308
1043
162
938
869
1355
1177
616
751
1887
1439
1042
22
858
200
479
606
341
679
296
51
1640
736
1014
657
635
442
55
1290
748
1139
342
588
224
80
18
352
889
537
913
322
56
1305
457
787
775
1437
306
458
233
242
335
1669
1371
1272
1165
169
1085
1010
1576
927
701
951
148
153
293
2035
19
1281
1489
1843
1476
813
1316
1023
175
1337
75
1066
1616
41
1156
1370
191
398
661
160
82
1883
856
194
1085
265
427
880
162
256
1239
5
125
947
568
1506
182
262
165
182
89
331
303
1490
775
1223
576
889
450
773
765
774
1255
367
43
240
339
386
75
193
1398
546
1687
503
367
401
295
1098
490
382
506
657
332
793
1601
1045
813
1685
1327
677
247
806
1269
162
1299
211
451
118
1193
227
1280
922
865
1263
1375
996
128
95
537
905
131
529
271
352
1164
18
1231
683
176
58
449
1426
749
902
293
1096
761
566
222
1147
1131
1089
30
2032
635
594
1233
1578
1288
180
1229
577
640
1942
1167
709
72
150
222
81
381
154
1964
66
157
154
693
968
836
447
1498
126
20
768
134
1128
1041
35
1924
1603
2094
1285
719
726
254
37
1623
1108
236
798
362
400
751
569
179
994
1667
565
693
1104
595
765
1245
546
764
1589
962
1157
823
866
272
450
500
1450
132
796
704
525
468
238
793
1633
1965
103
764
504
669
809
863
853
1130
444
112
763
146
1505
472
611
1507
1413
374
383
195
868
457
196
1864
809
82
367
161
1258
497
1443
140
1502
359
532
813
552
959
1462
508
1599
486
395
670
1014
825
340
444
99
695
810
55
859
120
602
346
1039
1918
1548
657
1069
868
10
1026
48
815
1710
232
588
1526
890
934
938
876
112
1306
817
475
1291
619
334
112
1295
371
520
1167
248
992
862
1009
160
1623
1339
1472
271
1369
1811
157
515
1500
1136
840
1542
682
622
988
147
122
1683
1089
970
1294
479
1866
1353
992
225
1126
748
602
765
6
842
429
926
397
441
1282
47
344
1277
1721
230
297
1042
270
175
174
1924
708
469
1834
51
257
308
1481
52
152
532
252
70
1935
459
1120
225
16
519
552
637
1702
1491
867
278
998
1298
1942
939
1007
481
25
1634
1411
108
1715
44
1302
68
1260
1026
1007
934
668
867
1192
608
2060
995
841
8
1516
45
1588
203
1794
235
469
660
503
646
608
574
989
1481
471
1285
622
39
1117
1287
505
848
642
60
1215
706
543
199
546
1027
1070
165
741
1437
111
1155
79
1274
1121
714
365
2001
615
546
365
80
212
1038
216
1599
957
484
1273
710
892
310
826
604
182
565
536
1691
578
547
265
882
1507
667
1053
835
792
206
864
600
1044
1032
591
162
942
684
1704
776
1309
503
1506
571
767
8
538
1926
392
1170
1657
1088
1415
27
1335
1251
84
492
1083
614
744
1233
2
707
499
1295
677
704
449
527
630
738
597
108
903
1286
925
1129
241
618
713
160
800
856
1677
456
651
409
1639
1396
926
534
417
606
263
426
546
1596
1452
742
554
250
483
295
1485
623
1026
10
1557
543
1913
512
383
128
686
1447
1183
1089
642
302
168
1082
1031
475
376
522
452
410
804
476
497
462
716
1385
650
689
60
153
596
535
85
494
1998
431
120
51
580
309
1859
586
526
999
470
306
827
1074
275
1051
433
122
204
88
242
655
79
197
940
1120
133
590
22
635
116
861
1944
1015
1604
861
587
738
589
138
50
905
278
520
1015
37
1878
564
621
216
619
745
342
373
2003
1496
1128
479
524
633
155
626
689
449
736
892
1657
399
1305
1407
212
837
1288
107
404
845
842
1523
1116
586
492
969
396
999
685
1500
1134
25
120
203
1342
628
885
700
103
1550
423
1380
1811
492
700
240
391
1602
2
1938
700
797
1665
124
557
1389
45
1970
298
642
128
661
964
1120
173
318
946
160
102
329
611
871
355
1200
843
349
1437
111
589
574
105
843
1754
410
1127
1255
528
146
1102
458
899
411
401
1016
398
506
455
1635
199
788
118
809
419
1477
1890
862
130
644
2002
265
734
657
1521
497
72
793
165
310
394
62
548
1105
1370
1857
847
1452
373
138
78
1453
335
273
401
1091
259
118
3
1295
470
510
857
133
170
830
1089
1893
772
266
333
384
337
303
345
455
333
527
148
507
1012
1744
1874
1248
1055
639
284
104
246
865
194
1003
462
1322
121
79
1017
968
1030
284
1119
1386
614
2030
1584
553
1021
628
929
74
658
161
427
1359
770
1283
737
571
536
1922
53
1798
14
622
428
269
471
1906
1960
933
1549
780
686
245
34
790
699
1093
1385
1741
72
584
1294
1496
775
57
908
278
18
158
435
6
1457
1101
1484
425
143
868
922
184
1320
10
1547
720
813
615
252
1176
1719
967
1360
293
1788
681
632
1379
1173
26
1673
257
281
594
506
1398
310
90
1330
1238
1716
1015
1771
785
244
397
434
414
1513
1328
622
59
773
883
523
10
340
1153
1606
812
1635
546
300
702
1279
138
1824
437
161
1533
313
1402
615
781
115
911
641
1653
242
1628
35
462
291
755
558
558
598
1606
1004
81
355
862
957
698
541
409
233
818
981
1427
121
237
850
704
190
496
700
266
724
121
518
383
1010
323
588
825
1231
1519
990
478
605
533
355
1759
623
9
484
821
56
638
120
808
202
1073
685
192
626
1065
990
638
372
1492
274
413
785
968
1903
1660
1210
1216
42
667
33
1232
1200
493
525
1143
1151
965
349
1774
337
770
456
676
1955
251
942
802
774
797
204
165
277
935
1117
784
1299
513
1069
91
281
531
904
1113
367
549
1491
1957
819
483
22
1607
652
955
1206
975
1189
1871
1372
1026
1068
265
86
12
350
684
492
1596
1475
344
645
1364
1004
120
334
1197
550
373
233
441
1461
804
209
276
1367
33
1526
316
301
166
854
818
416
67
683
304
1502
148
735
849
443
226
579
639
1339
926
571
433
687
59
643
66
605
483
676
1273
105
48
597
607
1154
202
98
343
504
1659
169
1130
525
1776
774
70
150
93
880
138
108
461
82
388
1088
435
739
818
1157
897
323
2047
822
112
1627
71
38
853
1188
1530
518
916
712
530
967
85
665
86
145
646
4
840
790
96
396
264
836
1890
661
915
355
157
861
245
96
1768
889
42
855
682
703
878
388
1062
119
527
636
771
586
414
832
687
855
842
668
1198
1679
503
509
591
1455
16
627
744
770
724
486
287
117
100
677
514
1070
1853
415
82
1309
457
1446
732
643
16
698
701
660
943
1684
1086
505
1153
953
534
1218
877
1025
557
985
147
820
189
1091
160
1180
962
2002
159
737
987
951
1072
857
1617
92
256
217
1201
811
769
200
585
627
1333
432
368
737
1213
820
1369
65
450
392
1536
525
339
380
203
895
899
194
1716
458
40
430
15
1208
337
4
989
828
677
176
50
334
127
128
1398
89
553
110
922
1019
848
28
489
1475
242
1102
930
767
534
731
974
878
388
113
729
464
243
736
142
151
1691
111
329
483
878
64
982
611
670
932
1393
893
204
1404
121
412
555
120
1207
519
200
267
239
8
705
326
145
1855
1524
479
478
1179
1284
1440
580
165
379
1164
677
497
91
510
656
86
354
105
701
204
51
585
1024
1266
806
1467
1198
607
33
1234
234
162
1805
825
1361
469
286
424
950
549
295
820
265
54
902
326
1822
1898
105
1090
133
612
658
353
594
1738
52
27
605
599
1151
1060
2051
690
248
1690
853
293
161
944
52
530
1246
198
531
1221
1178
1067
1246
758
727
631
1184
1010
692
98
486
754
1183
757
145
1315
113
63
481
1557
143
713
780
272
484
41
364
853
727
1093
285
249
487
415
965
102
171
1692
372
4
1013
294
1237
1181
1000
593
1926
1840
173
460
1444
721
1706
1162
46
1628
961
623
809
156
1615
1341
789
592
196
348
227
988
96
1186
1065
1138
396
230
1217
1198
67
434
683
252
1161
1236
1065
1081
347
772
1411
1250
736
283
1428
1140
400
512
1809
596
1488
205
87
529
898
1867
962
462
97
808
35
821
807
652
76
1178
1077
131
1681
559
292
1889
111
1081
998
1695
585
538
488
244
437
37
344
457
671
1667
1039
1140
430
1090
227
1547
1112
123
976
73
1354
907
7
358
1081
1130
529
972
154
504
604
969
196
29
1110
370
204
1998
388
1715
1221
651
484
1492
568
486
191
648
384
1651
1390
1048
89
974
1315
225
1326
882
421
28
1640
194
249
60
1599
682
743
1067
585
267
1216
77
1453
334
206
444
182
565
518
164
956
1114
65
437
343
291
1206
1312
1138
197
1550
1159
1043
825
2103
730
466
1017
518
331
4
7
827
1694
208
1017
601
454
391
79
1259
772
507
127
558
1049
899
727
191
1507
14
1134
230
95
1212
1401
877
485
230
964
897
792
1348
796
189
933
1084
1729
882
420
457
1791
418
452
864
1832
1077
337
532
559
1750
1917
179
279
952
199
265
1340
859
1360
1219
28
753
492
1515
1794
300
1255
776
230
72
37
338
103
909
519
234
533
329
577
937
945
499
533
500
167
977
90
592
1080
1388
2006
244
1183
462
701
483
527
393
527
1831
746
975
206
759
1542
479
476
226
1113
855
154
845
519
1258
67
343
305
732
1149
968
87
154
9
59
143
718
915
70
783
323
188
670
618
1946
1459
1020
1612
27
493
565
753
131
1056
554
1540
313
244
642
320
2010
46
352
517
1074
249
414
1569
745
1503
921
548
1595
962
1569
12
552
1216
638
1992
685
231
1336
445
51
862
268
1577
1707
649
1029
1590
1542
361
425
363
1214
123
679
56
190
434
156
145
400
252
914
169
46
206
730
1405
1708
1718
1051
573
757
980
1021
1079
616
1476
1014
446
805
676
396
1022
2079
343
194
139
165
1637
112
30
365
320
931
1624
919
586
505
90
909
382
1431
147
998
206
172
1379
545
376
300
335
146
327
362
946
755
3
504
1204
64
790
829
2001
513
1078
127
1425
1900
88
90
86
381
596
488
361
1426
535
149
863
587
564
523
984
1806
456
141
923
204
109
1168
630
31
948
1449
174
307
580
116
386
302
1425
1636
228
945
1549
1367
1843
1006
933
1260
15
107
731
28
789
880
259
1218
465
908
332
1155
209
335
141
99
411
695
323
1272
768
382
424
1690
1111
1032
112
160
96
759
509
165
1407
1492
723
492
1495
925
36
1043
1197
183
212
899
392
356
270
1043
670
435
1196
18
282
1600
1984
1321
729
24
546
1338
380
1355
453
225
138
1185
497
667
24
1111
1661
945
385
1003
84
395
307
1198
184
363
316
1420
492
490
1157
626
1277
727
875
427
110
1328
528
973
736
946
636
304
210
390
348
1301
177
515
497
596
1198
1220
887
36
881
30
1178
1023
149
685
1355
533
477
1251
186
536
598
108
1532
1130
955
315
669
715
676
40
816
770
643
883
1472
53
1261
1477
111
429
727
1047
11
567
294
389
989
1820
335
303
562
1141
297
513
891
1203
827
298
323
718
622
2
634
1079
605
271
515
743
210
31
1262
1220
903
325
160
415
1522
227
11
14
1719
1529
383
201
554
91
855
168
115
1355
66
1525
520
265
12
62
658
557
94
327
123
113
896
841
55
1011
797
1353
352
344
258
811
418
584
523
1294
116
586
1089
45
1003
1145
631
3
160
1254
540
16
882
118
1344
279
368
121
208
226
1225
1018
622
665
674
1359
423
69
1358
1615
1211
1122
1488
682
671
17
74
326
206
668
750
693
98
895
580
615
367
43
1435
239
624
518
631
984
412
1181
1195
575
50
1640
229
94
435
435
592
261
1178
669
457
2002
194
1631
585
149
363
900
198
1614
678
338
480
1235
880
439
889
370
500
608
1032
1626
471
717
1257
448
789
1123
1479
557
775
706
396
1883
561
197
1080
738
68
1828
1069
960
695
975
53
297
513
129
744
801
173
1437
1124
1775
674
8
723
53
1549
19
305
971
720
956
257
600
459
985
1534
530
714
382
246
705
703
750
1030
1558
224
1032
1583
656
1271
622
930
686
1729
1257
207
748
650
1349
1546
53
1073
170
659
364
581
1345
354
173
193
190
859
1684
569
586
544
667
343
62
418
1866
40
105
641
319
1510
469
609
448
1382
195
776
785
772
1322
461
939
1189
812
1114
181
1264
971
358
1284
593
800
426
447
828
215
938
467
31
1278
1403
539
701
120
1962
705
186
581
13
1525
548
58
1439
40
349
333
164
1556
527
1113
513
437
347
486
212
1707
1663
58
1952
890
1256
589
681
795
507
585
1571
251
222
867
663
273
437
300
350
1113
1829
1220
538
1583
673
1043
1157
52
41
350
17
780
260
1065
185
2029
1592
204
1509
75
793
958
105
1244
521
1572
1342
1081
1876
1605
24
1749
1510
420
1481
1382
767
31
999
609
55
151
806
394
1000
49
1282
559
990
768
754
501
254
153
1594
528
1778
151
338
542
1110
295
1200
856
1914
1985
86
183
1189
674
1670
215
198
172
1762
366
859
1911
863
76
775
385
1321
452
694
151
157
2064
1856
1665
1167
149
148
250
676
802
1591
108
409
1075
698
615
1005
1666
899
55
1133
121
71
36
364
48
217
191
194
266
328
1041
1584
1
372
35
35
626
116
941
184
1276
744
749
740
433
1795
306
18
635
1722
385
1084
299
1262
1210
633
833
383
1029
338
741
1119
895
144
787
202
1367
933
326
462
751
1303
1274
1086
894
449
511
2
496
764
165
700
89
112
1968
655
722
156
622
21
763
261
1939
932
126
104
796
920
358
953
679
818
1136
1030
141
591
1599
1178
240
520
170
72
32
219
284
1674
529
1698
204
824
558
1005
337
886
261
62
220
765
712
1828
80
1340
34
150
1225
422
302
481
682
227
526
773
425
295
452
628
1038
883
455
994
146
868
1007
1857
1708
640
284
782
1777
602
784
511
1472
662
58
568
993
431
1646
334
752
1150
76
435
439
487
1250
786
1417
488
1027
1391
1412
46
297
1003
2007
1429
15
385
1440
411
1309
1185
425
1861
280
1526
128
63
1104
201
693
866
919
55
138
1102
175
1559
861
4
257
362
837
302
595
725
848
290
864
282
1847
95
657
973
832
1197
631
1028
265
919
1613
21
671
1236
535
1102
701
289
724
1817
490
299
424
341
792
704
680
1166
381
836
499
365
793
255
1492
856
258
947
1048
748
791
176
1438
1322
760
950
1462
1053
607
246
26
338
669
951
276
773
501
629
46
157
1340
185
379
209
587
2100
1478
191
330
1252
298
658
1443
832
420
38
518
1353
1355
180
61
245
57
60
319
447
1090
1653
49
345
221
465
1719
779
464
588
1379
352
187
424
1219
1323
1125
566
1713
526
162
508
78
243
169
935
683
731
129
717
413
851
659
549
148
725
870
1251
443
257
1523
2
893
544
1035
316
830
1237
714
531
661
253
550
70
431
421
362
169
916
1287
351
1759
186
281
1995
998
46
106
1493
612
1755
887
327
1502
1183
1792
766
1146
258
1105
1111
1005
893
758
1260
1285
36
367
408
1871
7
95
713
804
31
121
242
38
54
780
1302
1251
211
1119
765
465
151
622
1196
848
1039
109
307
717
941
1059
33
390
262
12
165
372
809
990
252
1017
483
13
971
177
729
1691
774
1501
666
96
227
283
709
1727
1023
751
242
576
28
766
232
655
1237
122
683
421
1473
317
113
563
1576
258
1127
1176
975
1822
1264
342
990
110
167
683
914
927
1463
622
645
615
679
524
129
150
1699
1003
330
757
1041
1377
747
594
89
667
483
106
592
641
1196
591
1572
902
1314
186
13
51
1645
110
1549
806
913
1141
1113
112
288
887
203
1237
168
1297
150
895
89
1238
295
1505
274
204
141
616
942
1131
1921
34
1627
164
1632
285
103
975
706
59
713
293
378
721
153
378
40
175
1220
1050
1050
1919
362
469
289
52
379
1081
20
759
682
36
61
699
30
222
1128
226
1553
386
684
1609
691
974
80
405
48
851
334
1238
1280
1492
1024
1554
1478
451
29
275
482
735
1350
1008
47
865
1383
607
765
576
609
819
1808
1741
645
475
137
545
679
1534
713
518
120
1180
21
686
545
454
496
1226
755
711
1065
792
1284
415
1166
1329
831
98
651
768
560
160
1068
295
425
297
316
455
170
1524
371
548
835
802
1324
1734
1637
305
1349
252
1466
1767
57
786
840
520
1336
1065
574
679
813
542
117
848
863
313
521
290
113
320
244
1276
1348
1582
423
418
1327
571
1791
266
1208
287
324
147
4
1232
1100
1826
340
100
166
1898
989
284
1528
1207
555
1351
336
916
1149
3
152
1779
909
1088
1993
77
70
275
300
97
318
1387
1380
353
488
9
767
1039
1391
1230
937
56
1297
444
621
1263
5
405
504
1518
1190
624
1012
361
451
1415
563
235
910
168
1036
100
860
246
1261
71
1040
159
194
396
473
1653
1126
644
1939
160
12
411
1805
200
575
262
1370
647
1944
719
1388
79
483
131
635
13
342
732
653
529
1029
1654
808
636
1265
765
506
1703
38
783
885
839
1254
1044
261
1361
181
1311
1094
250
676
25
1199
967
1169
322
362
1134
569
969
624
230
1063
460
42
190
629
272
332
827
829
1036
1605
1612
114
295
1494
1076
191
381
602
1315
50
209
673
1607
1030
529
1605
556
1411
199
1899
554
155
53
1142
1759
513
795
83
1645
771
546
58
1755
891
889
1078
1325
130
888
192
285
140
270
312
1328
868
494
807
91
212
934
80
459
588
504
422
486
1436
1391
475
698
271
1373
972
551
1587
319
1068
286
210
172
1068
974
1293
110
352
1300
472
84
367
382
217
696
784
1678
398
531
423
186
289
481
744
780
837
1177
391
1001
13
1897
766
282
993
1068
243
724
1325
20
1786
179
1566
339
289
405
618
1650
624
1748
583
149
1819
782
3
882
570
492
1999
1282
896
498
1427
727
162
725
872
916
218
655
752
1492
951
900
116
1068
988
126
505
1019
1167
326
152
321
876
268
2061
357
1037
225
702
1706
118
63
1552
1110
1719
513
1705
626
1812
37
596
1600
412
800
96
1333
574
193
110
1363
544
1227
356
504
342
618
1224
500
819
1489
310
816
237
629
167
18
627
1717
219
813
596
973
143
102
1563
287
126
1611
539
713
1234
248
186
595
320
367
644
1810
9
454
837
1404
707
347
1356
385
1095
132
435
503
117
482
823
978
788
937
645
167
102
225
149
555
1858
313
204
852
321
681
1713
389
521
214
937
1009
301
63
956
586
1135
170
475
1411
770
394
1031
890
65
1691
855
1885
118
1606
1113
250
742
869
938
1725
893
1017
652
826
1103
622
936
948
747
251
760
158
587
256
408
257
226
1090
760
1010
9
233
512
1846
1647
92
1148
783
1096
1555
855
1530
72
1114
125
250
371
1095
1157
255
115
640
201
1468
981
1928
1285
1575
492
269
1628
249
90
133
585
198
393
1424
777
395
39
1792
670
384
450
198
10
83
382
1412
265
1572
292
633
102
104
311
1349
1444
542
313
189
194
471
491
64
1018
535
391
1244
417
306
571
483
851
862
1350
1564
395
824
1842
663
1205
154
1094
284
201
1602
406
101
931
356
451
1105
191
57
313
2056
159
1303
725
563
1305
246
4
974
909
964
1264
321
349
477
544
1489
1617
848
1139
282
668
90
571
270
149
1449
945
329
779
567
855
541
254
1046
1524
812
248
1468
257
26
1280
165
223
577
1282
262
1040
1875
492
216
637
117
406
1462
1162
1007
146
86
976
1250
1815
279
1118
199
110
606
1143
1169
152
161
123
789
184
2033
700
496
551
373
1813
936
366
765
101
648
950
1732
516
682
54
104
1336
266
903
813
578
1855
408
257
52
28
1559
430
1545
177
1280
1514
1281
1324
1258
169
158
1546
29
562
312
1050
1385
47
1302
422
508
447
1232
1070
512
220
1745
1758
895
418
524
41
1249
439
228
471
633
46
1731
577
241
1515
1683
1416
985
409
1725
1103
445
752
199
602
1534
139
376
1001
1321
1683
636
1015
2030
263
1880
138
221
1952
1174
921
1204
693
1045
278
108
240
1255
20
37
200
530
88
938
911
195
781
357
1639
572
565
366
986
54
1322
1473
174
398
22
231
1064
1487
599
232
269
711
1362
1025
1183
600
1185
687
344
674
170
618
65
1500
156
509
775
130
597
863
299
344
1146
430
742
398
616
1469
1936
152
400
1264
382
594
311
1657
627
19
516
331
1638
1374
244
1915
144
464
1695
442
407
1364
117
1413
598
356
199
1768
662
295
789
1015
1531
1979
986
79
566
42
112
1514
1436
575
1862
198
4
806
635
1446
757
563
183
626
389
745
788
89
212
118
1449
161
138
655
1405
232
166
235
711
1078
974
483
1314
1335
1290
410
987
550
800
814
1568
690
166
1061
847
187
278
255
1060
199
724
152
467
217
602
365
535
127
649
517
1069
237
793
521
95
38
1741
82
733
289
121
359
1219
1280
855
598
21
1709
302
507
1467
833
505
1001
948
410
882
653
1154
339
1303
305
872
64
179
1294
1114
442
1284
543
76
1120
459
886
1176
611
81
1677
765
374
20
971
1185
421
771
289
265
365
1385
83
234
709
623
867
284
1350
1329
1356
591
162
22
1115
1864
871
879
8
424
886
1389
1245
1867
272
264
313
63
30
1154
157
261
1061
176
2144
556
861
975
789
70
963
71
97
334
305
889
1213
890
52
748
1114
1283
502
2007
200
362
653
350
471
966
605
837
993
104
1216
1034
1036
74
641
930
1762
796
614
188
1156
1535
1218
744
934
1240
459
550
46
137
359
1126
114
1276
899
1515
1786
682
1358
1478
29
800
128
241
289
763
730
106
57
1125
12
655
371
365
883
79
638
879
23
250
683
154
239
135
954
556
428
943
989
497
111
660
386
911
1411
138
1077
590
149
565
893
1564
67
412
692
1030
492
615
1493
246
80
1596
277
151
288
1413
807
1177
771
586
847
1447
894
1457
740
680
1324
275
37
442
186
278
551
1565
759
667
657
728
777
273
217
692
1016
1178
10
1339
768
933
298
571
1392
1300
778
1275
1223
578
429
1615
306
1660
85
515
825
76
309
1567
309
516
1273
478
983
1413
539
1058
830
908
791
820
961
576
402
507
1489
1087
654
27
951
885
30
525
158
730
1382
1255
288
1156
367
1465
516
12
1782
756
1477
596
269
1484
1421
1249
1192
324
7
297
328
42
20
147
79
1556
655
599
69
953
692
864
466
1577
347
30
700
833
128
943
779
970
1308
806
906
425
383
1096
1606
1782
189
201
491
1138
1723
155
166
912
978
628
949
678
1457
838
69
685
446
170
1704
411
1131
1024
1997
1472
644
1546
293
673
276
115
1394
134
1152
1093
832
482
10
561
547
1523
710
557
1025
594
26
659
41
250
674
377
513
873
1700
324
1797
831
21
1332
1185
233
470
367
1133
681
379
1405
325
1449
385
1017
151
445
1145
660
1426
1048
468
445
156
400
824
323
258
550
726
1597
749
937
117
307
414
1743
735
294
185
43
166
1420
200
569
1404
667
163
915
1035
1825
484
1737
943
370
526
162
693
1401
1288
1102
1039
892
1078
595
1006
490
1318
603
576
860
168
304
960
1348
563
705
642
232
253
588
415
385
137
1739
1223
628
1045
1887
1703
9
886
1707
1648
604
600
1165
1043
536
279
828
1635
473
133
676
1918
403
132
708
1082
822
263
387
882
203
1196
1175
256
950
52
473
47
358
1824
643
221
848
788
309
1467
24
564
1466
262
358
966
196
371
1255
542
123
1219
66
890
557
272
537
1500
1025
721
71
251
1001
729
822
1458
1938
1512
312
1832
438
674
1348
1243
506
345
360
1231
209
737
1765
268
1107
972
211
155
263
132
312
1421
908
698
1060
974
349
351
1054
1466
1424
852
1578
721
1211
2007
564
13
652
1190
559
312
324
336
218
933
1395
601
320
123
614
279
470
1592
1080
363
610
459
178
54
1253
394
411
1040
97
100
1035
1425
669
659
622
1037
254
1246
459
233
179
1056
54
1139
1098
1714
552
594
267
390
693
901
167
366
902
1662
349
1492
484
549
547
689
1099
1006
203
85
724
930
1043
761
280
865
1360
1603
1005
1625
869
639
1440
1077
1072
921
58
296
979
928
859
869
921
1090
459
315
1369
213
214
532
193
617
1143
813
379
757
804
793
1279
585
1226
1324
511
1799
1513
1177
102
1064
358
1203
707
828
1417
1095
1146
691
124
564
876
686
434
625
1404
1251
251
1655
340
200
409
865
1259
870
760
1170
117
315
1562
560
485
315
302
773
2038
1036
720
462
775
328
523
997
1066
499
325
1291
295
1116
835
470
327
1091
404
63
636
266
1668
1889
1342
1158
243
2047
590
1126
595
125
755
525
605
710
1665
164
1066
1684
18
1199
492
1366
469
905
1167
1211
181
23
165
221
1096
1749
163
209
465
1966
734
1116
574
996
1265
1156
294
303
333
1630
573
786
98
711
335
1311
485
27
127
385
803
61
1693
1026
799
889
402
244
594
568
1184
162
18
488
803
1050
68
1612
621
764
47
723
1164
747
401
537
1035
1152
244
1126
31
584
1074
1347
660
1637
1069
844
1054
335
1216
1456
571
1203
885
222
184
887
667
907
738
865
393
482
71
560
1814
828
1427
430
1635
1617
278
1983
497
785
1238
1252
110
506
271
972
178
1074
735
465
21
280
678
953
177
1018
1920
262
318
402
240
431
1958
932
1012
1704
329
997
883
1097
49
87
145
564
1055
678
1858
800
1545
715
960
281
1678
45
416
1458
991
486
1802
1234
250
544
1527
248
180
1625
1214
175
193
1036
1185
1579
289
657
50
101
961
151
105
851
1134
1568
141
906
465
108
200
326
527
833
580
868
920
702
763
863
541
650
200
247
1422
352
616
1438
1668
479
48
214
214
100
762
1664
349
277
290
404
31
505
628
833
473
1867
1076
527
1247
71
1625
1336
206
1127
540
554
585
860
1327
1426
148
1649
352
96
1468
709
270
48
23
1195
1808
953
548
558
48
443
431
674
1139
1108
418
997
804
1077
122
143
304
75
1317
1640
305
527
71
1357
475
1327
44
547
624
1550
484
1338
1451
441
932
190
174
202
341
1015
220
1378
1441
1034
611
408
152
790
177
125
349
80
1474
664
420
285
45
818
848
957
98
1121
687
514
8
411
447
955
381
1581
811
562
1949
98
60
1118
728
10
179
143
1280
267
1223
400
777
325
1140
790
70
51
110
85
825
134
496
984
831
559
316
1491
599
1202
583
702
775
686
1919
1194
874
173
879
1330
234
156
90
448
1085
241
692
161
472
1497
458
1700
762
876
298
567
647
1598
335
223
636
913
774
840
251
300
1207
389
1394
894
453
1126
294
516
352
44
971
562
2030
1428
1421
1077
329
490
890
657
684
569
859
143
1396
1064
888
303
1263
373
861
643
69
899
1802
1262
1625
1606
729
1460
717
790
955
292
822
403
48
67
64
791
1123
1419
756
1070
155
813
930
181
375
225
1135
1520
1141
1113
1497
796
260
42
675
2068
542
1172
825
98
339
663
126
275
246
70
979
1798
148
729
1550
828
113
774
1772
997
981
66
887
5
532
179
851
574
1205
354
30
817
772
721
101
279
140
62
37
776
17
86
662
387
369
1438
233
399
1594
564
845
613
1176
324
496
294
19
1201
23
301
81
1422
1744
220
92
1283
980
336
131
1421
900
1378
1503
1601
646
346
606
1034
632
143
994
307
256
308
138
584
696
1774
880
123
1054
654
172
526
437
913
734
277
467
953
400
1097
1082
510
82
52
402
721
1921
196
545
123
832
14
300
124
927
318
486
34
1546
372
551
444
1589
704
2081
155
1159
1138
521
163
263
257
1165
1402
240
165
1471
507
912
1931
114
1832
812
31
149
1467
36
953
890
753
848
131
30
657
503
199
1362
195
651
292
188
538
303
991
645
236
166
884
77
1056
176
974
1041
1631
693
28
666
372
188
912
860
80
231
1002
1923
350
1011
212
461
291
1092
501
312
40
1240
800
619
958
236
156
63
517
214
1191
355
846
651
1833
1388
1265
569
220
863
446
691
552
1155
250
803
1113
187
503
1198
455
122
346
559
320
163
1306
1445
556
309
382
162
435
353
1105
246
572
1066
580
346
912
850
586
1104
465
682
1155
1343
1135
1458
496
532
1006
208
1135
469
226
504
1279
395
25
157
1117
231
239
121
738
177
129
93
16
1021
631
30
844
407
309
131
918
1433
61
1323
1059
382
987
368
188
745
153
177
882
661
484
687
1243
174
745
237
1772
1589
632
308
1297
529
344
678
1409
196
32
488
1238
1908
1275
1573
176
1262
280
1625
182
1861
578
1399
163
821
1843
1248
28
1288
637
721
1481
434
752
144
991
1400
1519
775
329
352
376
699
1838
464
792
1562
198
845
272
1398
81
46
720
879
695
309
747
168
195
734
34
1454
751
251
665
1119
525
1472
518
614
23
498
708
971
1456
1027
779
873
389
1715
1058
1801
649
1507
556
1179
346
30
156
685
561
877
175
711
625
811
565
1068
152
303
1635
791
388
230
206
780
1676
1697
2056
613
256
58
802
141
552
37
1457
769
480
1329
383
410
73
1188
64
244
460
1115
1322
1086
1080
263
292
728
510
1451
78
486
1411
1747
338
1049
64
126
935
1098
2
225
408
1073
404
988
244
81
966
1638
595
1408
547
697
1575
1338
222
1876
967
90
1147
156
769
135
583
116
215
333
745
90
546
242
724
496
647
87
956
1235
408
867
1499
4
217
1734
1356
1871
1073
420
482
1320
855
767
507
1274
679
804
1910
60
387
1411
718
710
74
94
135
1605
480
540
180
224
145
418
867
1838
722
1628
625
1168
867
1174
33
275
1348
416
12
1128
767
45
269
748
629
261
1864
222
79
1474
516
665
607
1236
1261
529
332
1845
959
224
971
1406
347
1150
674
40
1662
1265
396
375
174
740
821
1331
1525
441
547
1003
850
1065
359
1019
591
998
368
196
949
346
889
448
156
581
322
803
1399
812
790
472
496
1382
1988
878
431
726
326
1463
266
9
527
1150
1526
1518
580
541
498
237
131
369
215
111
1439
670
1793
1234
581
88
1616
673
1767
31
450
1295
518
1107
1289
503
562
336
305
781
959
1343
647
628
633
1408
452
1580
445
1273
534
1412
1378
977
186
406
377
1643
562
950
362
203
208
967
169
17
398
417
338
861
20
989
1308
95
1567
528
940
238
1739
71
1192
156
1520
894
296
64
253
642
555
144
304
861
1208
197
402
20
40
1934
310
905
1287
193
227
1226
512
229
603
60
1809
69
266
94
3
1181
443
305
693
309
712
233
156
780
982
70
620
77
47
59
1826
170
733
1333
686
272
299
217
407
1219
1323
480
875
307
411
876
565
1436
140
1601
533
355
123
871
702
1742
443
281
446
19
393
565
425
528
528
740
324
843
945
228
495
382
61
1262
545
1330
112
400
851
593
268
1659
168
449
1330
1003
1748
377
195
89
893
1584
247
617
688
1059
946
1506
806
792
1327
461
1608
149
1763
320
1006
145
1097
1625
1289
184
19
258
210
625
322
1555
1487
612
989
307
1706
1301
961
1115
803
606
18
606
1285
1273
174
162
181
1667
893
1006
248
711
30
1370
1050
598
506
1272
1180
670
1129
1680
644
326
984
1687
389
607
104
996
757
95
1536
1192
1738
1337
2028
707
1433
257
432
1483
1572
379
162
339
52
394
1047
421
22
954
655
311
608
1030
767
1079
368
514
923
631
74
187
1246
349
763
1012
1288
646
129
374
1519
1084
85
1032
393
377
71
750
431
508
890
1751
874
1009
146
75
675
275
359
334
542
328
410
1226
749
506
767
334
1564
221
110
539
1007
1016
42
1483
1041
1051
678
38
1154
12
693
675
325
1434
228
779
624
198
502
3
580
1425
1172
22
1240
342
1837
359
699
213
877
754
577
83
1040
1712
1053
464
189
159
418
746
1424
79
712
251
987
412
512
1323
489
900
414
1605
311
1066
14
107
152
90
461
1476
903
1311
571
880
1285
787
1300
249
429
1102
1209
111
772
41
144
927
319
2
376
1193
1126
1288
843
1345
276
198
1404
210
2140
224
823
1451
1846
481
650
1812
956
42
285
39
1592
282
319
709
568
340
976
287
927
632
37
759
950
554
596
191
189
846
1116
433
346
843
473
877
1959
917
121
1096
222
87
5
1775
667
123
785
1083
934
1578
313
920
369
70
996
429
1513
1019
405
1338
1650
187
239
1583
652
1547
696
1096
31
1467
262
455
1729
526
35
379
1100
123
1158
344
704
378
194
300
103
952
729
1008
1185
1198
1141
524
568
1301
212
69
801
64
413
1460
56
571
102
1768
276
164
122
904
1215
176
127
9
416
452
1731
409
428
1076
364
649
589
139
1727
734
652
913
458
1793
1168
130
742
252
741
1779
1531
425
324
478
1408
1848
822
109
732
758
1178
380
10
1238
2042
1203
587
431
1836
540
652
422
651
628
264
187
228
658
1166
1634
140
773
2021
1066
1940
879
417
255
15
60
116
827
27
334
1178
272
561
210
95
604
303
198
132
24
908
198
333
919
54
1452
1023
388
1653
415
1041
114
430
942
675
1726
834
1127
777
185
1039
516
911
365
1080
406
923
857
12
118
559
538
462
364
1873
196
717
829
560
1446
952
398
835
208
100
717
73
119
1402
463
1591
127
1366
53
457
1332
1701
1858
715
106
751
784
830
1859
1301
393
817
346
182
726
958
223
178
1351
941
1351
145
291
252
105
872
1259
1014
975
629
1202
1177
733
1702
1449
784
182
866
260
1083
413
1819
1394
513
35
167
1177
59
236
241
133
223
213
713
53
25
251
51
308
307
289
877
373
1307
1362
1357
55
1077
52
1775
836
436
770
654
1143
98
213
612
172
292
912
433
624
1404
90
1477
6
258
240
1016
1433
15
2023
586
563
1243
366
284
1130
515
846
477
427
173
335
1055
58
827
293
156
301
413
929
438
606
1241
857
320
1973
67
570
41
18
1436
211
115
132
897
653
1133
194
636
158
775
727
385
469
242
1722
1285
1383
903
1435
489
1111
816
1228
1939
763
729
1175
1341
619
54
669
360
424
238
1271
1147
91
1120
65
351
695
754
676
1065
570
278
1753
1730
914
79
437
74
778
1479
131
125
709
1817
2033
1340
87
319
608
1246
316
161
71
474
1433
492
1710
392
1000
1110
1372
254
384
1219
1704
1471
878
355
1860
55
1380
96
1168
830
532
1117
1786
127
277
1011
1141
503
166
760
306
1588
805
1427
1345
185
46
1037
78
407
254
181
231
1171
1263
865
578
896
559
221
168
552
380
302
1492
158
102
21
23
1641
1161
59
652
635
1224
856
7
951
1288
591
1963
1532
183
221
319
765
102
280
479
210
1400
598
1034
1146
548
52
175
248
1390
430
727
316
1081
42
559
1075
1510
84
1181
820
1539
119
1642
1071
64
232
921
1375
752
455
841
1885
156
1303
992
674
1001
352
512
920
1323
89
475
82
366
675
270
275
287
603
539
437
1710
1309
139
542
1135
1259
163
918
526
96
1934
952
325
200
688
396
1426
62
492
1780
938
1267
67
718
98
820
1434
824
827
342
106
491
321
926
338
266
256
555
938
1336
1010
815
230
856
553
501
564
994
999
1509
1068
662
86
1696
1114
107
284
178
1302
600
1102
55
714
169
779
535
506
1182
729
463
981
218
225
1684
284
1658
890
1182
377
1234
14
919
605
906
471
105
231
546
623
363
1057
879
568
764
1657
158
82
1086
528
316
1200
278
740
347
797
385
335
433
1056
1665
719
2147
197
1076
1323
1706
1738
1323
646
497
94
861
172
1316
232
627
251
1514
412
1004
1839
1038
527
533
1085
616
155
1604
1430
1155
1578
358
317
19
230
1339
285
1022
110
591
426
5
204
196
105
1032
1190
993
1372
794
200
741
276
150
1066
605
492
408
34
1997
1057
429
631
749
227
714
1603
290
1111
84
1424
1444
1294
145
1426
788
1321
246
559
1882
459
986
284
489
1493
789
1004
1224
471
716
1008
18
548
42
907
189
1314
550
85
855
1511
1226
814
573
1354
617
525
366
423
1132
96
304
1658
654
793
1518
1581
1000
68
496
668
1706
1707
161
247
1206
71
1290
1156
1135
865
1168
594
516
1628
1180
223
819
1729
1361
726
1151
851
1716
1388
585
1050
383
509
10
1728
6
676
1339
590
1723
415
55
571
134
282
22
39
1527
1002
650
412
244
680
1665
987
427
855
1192
762
936
1296
748
1559
780
133
795
81
1976
420
1953
366
1524
503
400
202
506
654
750
483
1475
795
96
664
210
26
1004
208
1611
1089
528
1543
690
119
161
725
1128
658
149
750
248
700
917
1790
531
692
565
77
107
355
719
1030
342
637
397
848
152
258
288
7
173
1869
601
527
252
967
1349
162
646
429
102
472
111
1747
1270
993
202
680
1756
663
875
1623
228
864
751
790
855
306
81
913
1021
125
426
227
491
904
1675
894
102
762
61
1243
869
634
27
151
72
30
374
935
1053
764
1131
192
368
250
550
368
460
212
159
508
39
43
231
211
1425
285
1484
1536
505
1479
202
1859
614
1148
1415
218
148
1220
929
1413
112
1494
1052
469
837
525
51
27
653
1011
442
1281
1403
1885
1425
203
741
981
526
214
525
1126
943
1039
79
1427
1046
1607
965
833
353
1778
562
1464
42
274
1557
1292
66
1357
1707
1820
701
1022
433
259
1614
1228
28
1062
1861
394
472
204
841
610
990
1208
391
869
584
977
378
1087
572
488
1306
553
24
235
485
1197
532
321
290
1830
477
985
678
1262
23
557
555
1267
302
904
353
91
271
271
328
962
129
1150
388
2062
212
426
406
785
645
584
256
285
632
522
1064
465
149
1953
1502
686
1060
527
647
1940
1941
1264
1312
923
164
381
994
151
778
1002
468
67
1942
65
249
515
71
281
1143
156
1604
189
309
318
280
273
1080
627
936
1362
1184
867
778
162
268
813
313
213
732
1524
246
554
23
382
1404
15
599
660
2088
282
823
1019
543
591
311
446
586
456
43
610
1043
298
718
1726
398
511
1293
690
336
1140
1834
1042
431
982
604
1912
309
88
1496
1113
694
1446
1049
277
607
2012
372
1564
617
613
579
447
167
685
10
513
903
174
457
501
768
1082
310
1087
694
141
91
621
1127
1919
474
278
49
1083
383
449
80
1515
1924
73
798
440
890
1022
996
1261
1073
1392
794
443
1451
795
710
781
488
580
403
17
2
258
106
1608
82
102
973
1131
328
243
87
99
428
1607
1503
517
623
424
1837
596
230
873
833
434
482
1953
455
350
597
1163
1446
993
203
229
498
290
752
18
833
752
1024
314
519
288
683
175
806
1593
515
880
573
427
310
98
895
1585
690
562
697
161
1062
1539
1086
1409
1541
1635
324
1227
344
1223
15
961
247
675
223
238
815
1008
574
1323
525
1847
298
281
11
285
103
589
602
190
12
852
353
461
326
1505
608
1136
1346
544
672
832
180
1857
514
915
1708
994
1694
500
1340
521
1516
255
130
305
1113
1145
298
21
337
1010
663
926
282
419
1818
458
428
308
1745
662
1120
712
931
13
421
793
854
707
982
83
943
1228
921
586
756
966
150
1100
67
715
56
628
290
115
1867
62
499
361
35
1015
24
1639
633
1506
480
843
187
1854
1043
504
163
1753
1306
73
1522
1629
1083
1623
665
32
1139
317
1178
1145
289
704
85
1034
573
485
159
206
1115
381
722
275
1462
509
590
523
200
153
558
650
127
257
945
545
298
571
739
90
1515
1273
44
145
1031
452
1192
912
356
645
1035
486
117
918
1246
184
1929
208
987
618
424
346
786
158
1640
1015
95
216
750
1572
637
50
1031
30
505
102
596
154
117
534
1043
108
885
1059
589
458
55
353
1725
1330
120
814
197
361
1210
258
1720
1196
346
657
473
1787
466
363
359
87
1756
880
461
110
1070
833
307
992
2126
319
774
1136
87
460
342
677
104
115
551
316
237
976
970
1190
24
1681
639
979
740
274
110
993
285
266
982
282
1289
199
1830
684
413
392
437
859
1106
182
724
1084
174
661
1297
185
327
231
1106
417
619
1252
1563
1167
643
1622
368
1855
197
564
171
969
1435
229
821
1062
119
471
678
1993
1689
749
4
875
521
1254
67
591
833
295
1532
654
1682
115
424
242
919
412
564
880
470
729
1638
1068
589
317
602
1742
72
402
825
737
367
586
267
66
1987
1048
1017
308
940
878
975
303
81
737
833
575
1627
547
1301
1456
403
436
196
1760
44
1160
1741
70
800
1501
197
243
1096
1451
1089
887
1095
646
326
531
1216
1342
103
1876
226
78
1131
1021
1306
118
1002
645
858
1427
161
158
1324
405
512
251
821
1147
334
348
552
1141
996
374
388
141
839
424
881
857
199
44
890
404
938
1447
344
1089
774
255
327
379
768
603
733
1410
807
834
313
179
1620
1274
143
419
677
375
394
1307
1550
965
1207
826
344
534
1648
1498
1281
43
207
473
1792
1023
483
1070
1300
891
558
190
156
1911
786
435
277
526
90
722
236
356
380
267
462
909
689
1955
1003
1517
122
797
616
559
820
1268
143
129
682
392
401
129
747
322
799
116
111
1970
963
814
121
351
1510
781
453
147
1175
1034
1459
674
266
108
100
494
18
1076
62
444
510
880
451
6
531
1095
419
302
454
993
29
394
647
29
52
558
610
1551
1025
251
504
755
484
1594
184
678
1417
338
474
26
47
1083
114
1358
75
1717
1276
814
1307
532
965
919
1303
727
295
139
939
48
669
407
1028
399
357
69
347
2074
226
1354
761
773
620
40
43
1061
409
1366
1373
373
715
865
155
205
45
1088
1476
806
678
307
592
991
144
296
33
1164
613
329
729
1635
731
500
1395
773
11
376
993
1411
247
1498
1711
493
559
414
38
1024
355
31
1386
769
1120
991
526
720
43
89
470
778
1591
853
1073
165
786
387
468
677
647
449
103
326
954
355
744
541
561
147
1019
225
498
357
133
522
625
461
38
790
1965
778
855
1975
472
803
271
194
833
796
1108
1135
211
303
354
1441
555
578
884
587
1728
867
195
1473
1361
901
649
38
168
269
726
1062
950
1083
2
98
1182
1145
1743
1347
1601
10
929
607
240
171
290
1863
1369
248
972
1318
923
500
585
796
1781
1095
815
253
418
1088
1198
882
597
1360
1357
1184
95
618
629
249
41
1267
1054
1271
748
1606
1049
391
1451
941
293
765
433
1011
473
850
1648
1292
229
880
661
746
553
7
1384
393
1166
620
211
507
1274
977
158
723
620
1047
332
737
59
57
307
85
1519
293
250
235
538
288
596
1700
451
1297
441
330
509
1503
752
934
630
421
242
755
1247
1482
110
756
867
543
339
1894
1181
469
1588
214
1062
493
1443
14
125
1162
888
366
358
981
1617
520
54
397
608
350
451
315
92
753
1054
159
167
1438
1262
892
1132
736
523
563
161
461
245
372
240
21
37
1176
661
91
1560
463
234
655
522
296
1347
880
641
498
1286
1356
614
1050
116
1033
229
68
854
206
1345
25
1169
1522
14
146
1712
383
210
722
236
672
1721
97
1469
1571
1463
2026
503
1524
1649
805
1161
888
463
624
776
704
791
1111
599
134
31
195
156
936
750
1418
1153
385
1756
64
955
1426
1565
73
888
107
409
1360
1004
1639
262
1589
171
171
731
409
1074
316
1300
395
206
1032
372
1379
360
1538
1000
263
139
1829
1405
114
284
93
352
1705
858
985
795
441
893
380
335
984
1169
876
5
630
1456
287
53
213
184
217
893
390
63
1506
1407
595
1070
187
203
1270
979
1432
242
223
171
676
1936
174
475
686
68
145
578
263
25
303
165
1938
1883
134
531
1500
1191
956
442
991
1322
878
432
48
46
711
889
2023
845
1119
884
273
1622
626
702
818
292
717
675
1067
427
847
454
1833
908
1698
1072
108
114
435
41
40
81
980
725
694
386
1050
1027
883
649
102
12
1171
1663
1601
1143
802
1287
216
373
364
753
31
666
180
103
956
2
11
1568
962
976
1346
1391
969
398
1117
724
775
95
542
607
39
789
1019
712
925
1672
53
99
75
2067
622
118
46
1331
58
79
220
35
91
1457
399
1483
878
1389
470
6
222
1137
23
1488
1237
183
271
337
1738
618
1495
1188
739
829
103
221
1201
115
1353
1389
1468
1260
1800
850
1113
545
670
767
935
544
1270
1096
253
1544
18
856
168
1669
260
1168
1521
726
976
638
104
776
749
1487
608
470
541
1413
842
483
334
129
149
1219
1267
780
1597
2000
813
349
257
420
18
742
684
324
614
533
1332
1426
1268
744
1000
902
1098
194
266
1046
75
900
1088
1050
545
81
986
1120
87
37
196
976
739
32
1313
1001
1204
17
646
658
496
1671
1555
1065
930
648
261
559
670
241
370
1046
1346
300
28
492
1183
229
439
2027
18
940
549
1113
51
940
459
6
1082
329
67
1609
1239
339
270
976
1410
1772
797
267
211
1439
982
207
1150
1037
210
297
135
962
158
243
141
1727
32
473
1030
66
1923
70
99
346
719
405
506
897
537
691
26
634
78
129
1114
1005
210
481
259
703
1295
154
1322
10
773
574
932
694
891
142
717
679
2
852
1531
1328
52
1569
251
27
68
1679
595
242
1218
1268
642
333
2135
901
852
423
1336
106
1376
149
239
289
420
1836
248
67
807
1042
260
27
34
264
224
377
500
882
1180
526
1219
961
853
705
759
639
209
52
276
462
1574
619
174
812
632
571
87
428
477
985
1380
92
330
159
70
1424
1193
417
1177
539
732
940
382
210
1750
71
630
387
253
614
564
390
692
162
1079
247
598
1868
15
550
1235
477
1668
656
1074
1233
258
1002
389
218
622
254
1836
559
884
709
412
342
721
1328
451
175
46
362
1828
260
238
576
1137
399
155
186
828
259
219
892
87
1230
607
468
822
571
384
1197
191
1469
457
5
665
83
320
681
480
535
665
56
1039
1038
420
1380
1502
61
973
758
306
242
1872
155
383
896
477
1282
345
1476
78
1263
607
1041
886
375
218
413
1452
110
827
628
1645
564
805
1480
1518
536
1005
627
41
448
640
190
735
403
408
605
563
286
342
1052
180
853
1138
939
225
914
80
1677
437
139
154
1348
159
157
931
904
672
2037
648
908
59
1416
1773
1438
641
498
641
899
766
613
76
1447
519
480
42
550
1288
74
696
160
591
262
1748
138
562
210
91
264
1354
670
297
1494
1077
323
1966
1220
954
1617
834
891
209
281
1060
1154
1206
468
461
1572
430
1845
774
231
136
197
1547
199
1765
195
636
981
317
1588
340
1595
1230
711
69
595
266
1048
685
869
1317
1075
503
972
1362
320
643
462
1230
506
126
1153
395
1034
792
663
596
1389
250
179
1211
936
73
834
1681
1956
416
468
866
1737
650
509
191
120
67
22
476
180
183
525
1341
975
79
1861
914
839
591
