782
5646
2221
8601
5889
771
1
7182
3180
882
4931
5245
6186
3542
4
408
1194
2352
829
3535
638
4683
1029
1352
4298
1548
5172
143
1066
5414
6398
2565
2873
2434
5876
348
147
131
3386
6160
7547
492
4453
205
6360
5607
99
7676
2291
5599
1351
866
248
562
6425
3528
2729
2868
210
4268
4441
2450
6568
3579
3316
4108
2349
1795
572
6846
2035
4708
6342
2032
2113
3226
1622
3221
5016
42
444
3187
2953
5704
5015
3792
3932
4809
4547
1114
4087
2773
1034
8382
1238
2468
4976
5614
2588
2452
3746
4657
2368
474
8523
905
2948
64
4904
3247
10
2101
1077
422
3718
365
272
2278
903
114
3850
6441
4196
2241
1666
334
4152
3067
8342
6340
6117
2165
875
6385
4749
1684
112
1570
1483
1698
2762
5076
6702
2886
1819
320
3985
3134
1711
1947
83
5739
3797
535
5752
7802
6700
682
2560
1084
753
3810
4088
1044
647
3981
699
6142
2109
42
400
7458
5816
8190
201
122
5785
4006
855
1291
4188
2183
6506
215
2971
2889
1446
1822
3306
7564
5234
4752
6174
3228
6340
3774
6760
3520
5659
344
2664
4961
4433
8036
271
6761
3200
2341
20
3100
1847
656
1198
4967
1
3335
222
4692
1372
3192
3340
4170
4356
318
2966
1482
148
5340
3336
3354
2013
378
2536
1749
1294
483
126
6423
3013
925
5804
668
3538
1076
393
1401
2695
4666
6290
1837
1866
3320
2419
1778
9016
2246
7418
3368
6292
3792
5724
3809
394
210
4036
5046
4237
34
1062
4946
2096
3802
8563
898
3880
2042
2906
114
788
850
1200
1603
5075
962
5426
4526
3556
2672
3560
4116
2662
1281
3040
6097
2209
512
4510
2079
6400
6078
1553
6916
466
3637
2537
7230
4969
2960
2567
1724
1445
2334
4726
2416
2140
3689
145
2733
5035
305
4654
5742
3226
2829
173
453
2917
1647
2100
5092
4486
2042
4058
1201
6658
3491
180
5729
294
2598
848
6662
4088
5284
5349
4408
2138
617
2281
2478
2757
848
1158
1783
4089
592
2690
498
6958
3910
546
2792
361
1786
3108
1966
336
2891
3759
771
1669
3504
1582
3926
7793
4886
157
1942
3270
135
1666
36
4713
2046
4001
2479
4852
3977
1714
924
679
1382
2470
1346
2456
726
421
5604
5229
5376
8722
382
29
2986
3144
3993
3943
134
70
1063
4686
5509
438
1539
1548
3923
4346
4093
4176
779
376
7752
5218
887
211
4650
375
943
3998
4368
3528
1084
239
3451
4844
3190
57
1082
2341
1318
1135
1161
4952
1966
846
6553
3249
186
1175
1452
612
7480
8586
4074
1178
1611
6770
2319
3961
2907
396
5119
3165
7216
137
3333
1432
1312
1042
3157
250
1607
6088
695
1343
2702
3125
2152
4208
1708
4420
2266
1003
1773
2069
61
1544
3922
874
1547
634
2723
1700
195
601
174
488
364
3743
330
3878
1025
3925
6886
1705
4354
2192
2747
6848
3918
5663
781
162
1571
8184
1688
583
124
4096
3829
3052
166
798
4434
5686
2868
1456
204
1431
3038
5898
2903
1576
5813
153
5857
2058
1719
1250
2370
2609
1898
7082
2382
8178
1703
1471
799
4543
6270
4129
7364
4889
2798
2061
479
5128
481
4233
1465
2649
6580
5170
1402
4356
2268
2498
1303
5751
4046
3322
953
5417
315
178
4058
1734
5000
6722
1738
2744
6149
1393
4364
6045
209
2383
3379
4449
95
4360
208
745
2552
184
6414
2805
4049
4003
1932
1347
1807
197
34
1895
76
6219
1127
3002
2100
6320
512
1033
2089
2715
395
1377
1906
4612
865
5029
1553
344
593
3251
5708
917
5876
1315
2437
420
2321
1641
5198
558
4142
1816
7859
448
2105
4825
580
2248
4062
2956
4999
1588
3284
5480
660
4101
1127
1098
6166
6106
2130
4056
2631
545
251
782
5907
7457
6571
5868
803
6736
298
4559
4543
5255
2394
364
3388
504
344
844
2336
2287
4238
3836
8
855
2104
1722
4058
3137
1156
607
7407
4025
330
2220
2026
711
3714
2234
5251
3520
951
3838
6838
3294
876
2819
3265
5517
4277
1084
1359
5962
6210
320
2481
344
3399
2374
2296
4
2490
2618
12
4138
2402
4816
4470
4408
206
2441
137
4904
1727
64
4819
6121
6022
5516
6000
1329
4112
558
2188
3560
341
663
2588
3978
772
1860
4240
2270
5379
1439
1742
908
5188
418
6344
2032
4382
1215
4115
669
3290
1936
5267
1802
6866
1014
1118
1084
1142
3305
1348
4692
1931
12
4998
2718
3834
159
7740
29
382
5911
1162
3275
204
2975
3450
1825
709
2344
938
4927
1955
2276
2962
2796
3530
5857
1127
7239
2098
3455
2610
7914
116
3173
402
1058
4110
2017
966
1931
434
128
2319
5990
522
3005
6396
4340
1283
2427
3071
1094
1066
3486
10
1294
7214
643
537
5821
4436
3756
2922
19
1668
6180
2204
1807
7512
1025
1640
402
1447
4802
6394
6600
1390
1982
2248
5747
404
1536
699
1586
2
2377
876
1854
2984
1308
6920
3772
5578
244
6623
4673
7141
470
2510
9238
2301
6686
3871
158
2440
5300
564
3536
2208
4005
2452
2716
2410
258
4713
921
2386
1097
49
2109
3073
7014
3097
2382
357
4847
2657
583
5780
98
114
2320
1048
6468
2049
6165
5445
1397
3610
8264
3207
1898
747
705
783
2946
70
2548
4118
559
4196
2835
6689
6084
5052
1740
4659
6986
1212
9062
1276
6041
4785
1852
79
4576
6190
5728
3305
3976
1787
393
3046
3220
6160
3564
287
256
916
2800
5288
3458
1199
2594
1922
2574
5388
3419
1511
2175
3420
8826
975
2357
2069
4124
1012
2845
232
2977
4732
3659
1681
94
1595
4430
826
4519
3407
4551
671
912
275
1598
924
3481
3390
1465
536
1542
3878
1976
3937
3810
1809
4998
632
1459
151
7056
8441
1429
414
269
4450
1651
2598
2615
6
1872
1034
1416
1972
5341
626
567
5818
2943
3285
928
4556
742
2855
2865
2087
2495
3842
1840
1996
41
6791
1197
4331
5687
6210
3636
3873
4673
2442
2388
3267
2805
2357
811
2538
2826
3116
1072
3527
1495
1862
3627
284
3100
23
1739
4504
508
1881
6284
1264
1930
113
3583
3679
4540
6713
4446
940
252
292
2847
6138
1784
5491
1514
4532
4036
4654
585
2381
3274
4562
78
6386
3500
168
953
5660
415
2554
107
2749
4204
6917
234
179
807
26
101
722
1705
2882
598
4559
5158
3535
3500
574
1255
6550
2221
341
799
234
6045
3169
294
1847
98
4737
349
1225
1012
3097
2302
4570
912
4770
3497
4503
2945
966
644
9152
8436
2928
5695
5503
153
396
3556
3158
251
5099
904
1060
9178
2258
67
2
3597
484
3182
3772
1636
3983
1830
1357
5662
382
1266
5369
3243
182
18
5293
7166
2326
6272
345
4268
4358
5134
1407
4593
1638
1644
1254
2704
2201
769
4718
2240
2466
860
4203
1732
184
3862
301
1651
2589
278
72
3779
2577
8306
5165
1961
558
1798
3294
3548
130
4413
211
599
4237
2308
7900
668
1550
926
1192
617
585
4714
1192
1842
583
6806
8613
1007
878
372
1148
665
5035
1386
6648
3064
4844
230
4
8208
98
290
6339
2820
436
4261
2541
6134
3758
126
2440
1381
5240
5233
1054
2958
3410
6829
3923
464
5738
4147
1333
5529
6424
5466
409
2013
1162
334
2268
3625
1236
3201
3381
7720
3616
2148
945
1069
7439
3253
440
2321
1213
3316
4446
1602
1432
1167
1234
1306
1506
908
1991
2978
5289
1266
8
5043
2903
7134
765
3567
5171
1376
1866
966
5163
3314
2737
2186
6296
5153
7536
1669
1488
3207
5199
2782
1513
3620
82
6473
5367
548
222
1094
3682
746
5009
1991
2916
2948
2382
459
985
1767
193
3060
3827
3548
3456
2587
2783
850
831
1737
553
1923
3888
1118
4198
4477
1414
10
514
929
7434
4230
5948
2608
6115
4483
2180
4931
2090
5347
1018
466
4268
3418
1182
1886
107
3689
1168
3356
1490
2568
8003
5144
762
5188
1549
7380
3950
388
429
3501
7616
1995
86
4630
6778
2664
6208
5266
3208
260
2150
4138
1354
1420
2880
114
757
4220
7934
2754
451
3498
1744
3355
226
7182
4488
7340
4768
1772
2517
7394
2002
2834
678
8359
7824
3904
4874
5877
6752
1296
6585
536
4974
2849
2743
789
3999
1011
291
630
6861
4614
1532
5792
1729
1267
1435
1087
6334
3784
7068
1073
1334
6241
511
459
5492
842
5713
1340
1720
5638
1863
106
5249
4718
1565
98
3196
1806
5758
2231
5530
1022
1328
1617
4376
3734
3391
1193
1050
4932
208
2807
7760
1052
337
671
4357
3260
4792
5684
1110
575
1839
3762
784
512
3461
2746
1305
188
2893
5041
785
6500
5329
5640
3480
378
561
844
4397
701
2375
2439
5123
1270
3610
133
3491
8066
712
7102
5421
2661
5864
5774
255
39
4272
1762
3361
1045
4835
4371
1621
1708
4320
4980
1509
4566
7950
5000
477
556
2355
4428
2772
1213
793
95
448
1483
2025
2112
1191
2445
7122
2442
8299
4291
752
4032
422
3598
6416
1680
59
4660
1588
6162
7971
4917
1025
2310
919
3097
836
5566
1598
546
1318
4195
2676
3783
858
302
4045
3842
3799
1319
1904
2034
3966
2051
183
208
4891
1608
2264
7846
1755
3344
2534
1127
4896
1538
1245
188
986
6516
3040
2476
1254
4074
1908
214
30
2252
8721
1802
28
398
99
1131
479
1707
6756
5601
3186
3929
543
5616
5715
3526
3423
52
322
4436
556
7023
4366
5090
4425
5555
2322
4281
1808
2031
1414
3587
1548
2176
2635
531
1382
5254
2270
493
6005
3239
1467
1145
1298
6433
1906
789
4051
5237
6537
3266
460
5156
1033
715
176
6189
3228
6491
1177
1051
835
2827
1148
1629
3104
1830
1190
6300
285
8111
5994
3052
1449
2264
2007
1996
926
4228
68
1146
2825
92
4946
1120
4419
6038
2337
1632
640
325
3015
5719
99
140
1362
2940
677
1341
2112
1680
306
1613
2104
4191
799
2947
2853
2467
526
3934
2506
2153
5407
403
2681
3954
415
4652
5869
1452
3235
7096
991
6018
1807
3072
4068
568
5952
4326
83
2102
1208
398
6716
2359
213
2481
1004
258
3180
8084
604
80
3040
6585
3606
615
712
2150
5980
1798
4994
932
1943
510
3415
3122
6768
1867
172
449
55
56
5093
6932
1173
12
1596
5458
4103
4333
1380
3838
4977
204
1532
1846
5872
973
2734
3169
5666
5164
631
822
590
3628
4236
4590
5270
4132
2450
1714
1196
3841
1476
1258
1534
2781
4951
1520
3789
2014
4311
477
12
1101
3117
2291
6782
4096
4318
1267
5365
1845
4494
3347
1565
1010
5460
1582
2691
4283
4299
2235
4006
1465
3375
4161
3962
6978
7434
1862
3565
733
6896
8016
3529
4300
5117
4428
6494
110
1198
451
4025
4189
2001
574
1651
3832
2200
807
1360
592
5412
1784
4039
6657
7709
1860
693
5040
2264
146
2
3865
6852
494
1402
1031
605
4379
6781
1480
89
5430
5643
2288
1668
981
3204
6856
3885
4313
6
875
7204
2344
5112
4701
2779
978
1869
3228
3867
1405
1289
3767
4834
604
5538
3251
5954
2157
2448
1288
2436
292
7415
2258
763
808
964
4293
4482
622
6957
661
2032
7405
6165
184
4068
2718
2618
2366
861
1997
5300
1938
1478
2369
1886
1167
1143
123
3236
3954
558
2491
3760
2114
2621
1598
3774
6100
2132
1491
6102
1323
2352
2378
1186
280
2553
3669
1035
2538
126
414
4195
3474
2165
3332
737
1906
6286
633
217
2346
1088
2140
5753
718
2865
52
4479
6588
341
3671
6295
226
3469
607
6748
52
1176
1631
7228
963
6832
5545
6768
185
6606
1780
6713
6423
3982
3988
1778
6692
4926
3837
3399
2814
7574
160
136
3281
1360
5123
452
2441
475
3750
1310
4648
1998
382
92
1963
976
5350
1356
5279
86
1925
4468
2563
730
208
3418
7157
4268
2977
4491
2452
7741
460
2870
2815
590
3371
7805
1290
5209
3341
3439
4107
1210
1860
5167
926
6958
6094
1816
250
270
2054
180
4107
612
5028
5315
2011
4398
3608
69
5776
6923
2010
2478
7186
2007
3981
6628
3938
105
6061
3699
5605
173
7328
8106
348
25
3861
5289
2911
2149
578
3070
5866
3925
827
3741
2910
8907
6465
5561
224
2936
2203
40
83
2142
456
519
3470
577
3792
2908
3920
3411
2489
5735
3221
1058
3320
610
1192
4405
6586
2708
2425
4606
4606
6016
2239
138
1107
718
1150
63
1343
2080
4214
507
2892
3232
4230
2858
3332
2723
916
4759
2907
1466
5372
4047
749
3691
3115
595
796
943
400
1592
3993
3786
5043
468
3145
1845
2385
4618
315
5498
538
1271
4004
3847
1799
5513
5306
5303
194
652
4033
1002
7686
1424
853
396
2752
2676
6548
4048
3326
2490
4046
3135
1441
6220
5841
2227
2918
274
6172
1322
190
1883
1807
3144
3901
248
18
3248
372
606
6868
5646
3573
493
3378
1468
4858
3661
2003
923
5431
2058
502
6500
364
1474
4465
1766
749
2732
842
3737
694
1315
242
388
2390
224
1998
98
1222
4684
1933
5979
1519
7914
1004
3060
7646
2723
5080
6266
1294
452
3418
2062
108
4724
225
3804
178
4725
3183
3112
6855
4256
4582
1973
2614
3898
4250
3016
6006
5565
976
107
210
2854
2648
716
3843
2645
7334
2605
2005
4324
5702
4447
359
1348
205
330
1845
4394
958
273
146
5204
5288
7128
1266
3572
6610
1392
905
453
2351
125
4
3465
909
4384
1344
1631
46
8076
6278
6074
6484
6694
1676
1545
6054
648
162
2470
255
6318
260
517
1152
7016
855
1038
6749
3412
2384
760
2434
5994
1241
4499
6755
3721
1078
5846
949
3210
224
1758
2148
4341
2684
4480
3963
286
5774
8116
135
54
1215
1685
2099
3640
2359
472
8402
2352
1203
7944
2280
1111
489
262
3405
1180
5664
3478
2926
611
6387
6950
2181
1225
1480
258
2874
125
7604
6083
2453
780
1689
4413
253
3146
3796
5788
3384
4705
2402
64
481
2741
5590
2906
1944
5296
6346
1357
2192
8679
1286
1865
3445
2118
3277
3980
4144
240
6184
4057
712
5191
4726
4513
871
3885
51
75
4728
7311
906
2009
5626
3233
2738
1669
6939
3294
4515
1320
2523
634
4498
3150
4644
3817
5464
6722
709
1850
361
7453
1622
322
646
3981
577
2414
6319
981
282
5240
7628
10
5919
2772
7513
17
2427
527
2254
7376
576
592
1837
7651
6396
3607
248
1227
1230
1413
4316
6063
274
2716
512
3132
1944
5123
4987
1490
4267
444
340
294
8781
5658
1046
4174
2651
1739
1089
4030
2312
2428
714
8603
578
1115
4044
2776
356
7446
2044
2196
882
1346
3056
125
2091
7342
5452
2956
182
8013
683
3028
2834
4577
1329
2631
163
6354
1719
4594
4701
5080
220
4811
1919
1523
2797
3961
2518
3659
1961
1120
340
7402
5000
3896
3963
923
6751
3634
5091
3297
3320
5508
708
2212
117
3992
8425
864
4775
5612
1490
8232
5025
412
861
650
1021
284
358
2934
2181
1843
7995
447
3201
1099
6572
4876
529
383
986
6339
474
923
4650
5540
530
355
991
125
3312
898
3314
372
484
508
7084
347
4356
148
1754
4118
489
418
4047
2477
190
1808
39
2661
1495
138
2128
2296
7086
839
3473
204
144
4055
5780
2937
510
2096
2927
66
4869
594
2915
2354
3080
6434
6692
805
192
1806
2290
2978
2452
5086
1358
751
802
2299
7357
208
5064
311
706
1039
3262
1326
431
2010
3080
8206
3457
2015
3387
2399
603
2017
146
318
2338
2102
425
3550
296
2846
2846
4714
5806
3993
2526
4800
1730
3278
857
382
6024
446
4324
3968
4884
1401
1797
6317
4559
222
2628
384
1260
2089
3187
1719
4876
4367
1899
4851
2680
3049
2899
1813
6030
4519
5737
460
109
5736
3405
873
6178
416
2346
3515
5844
182
4554
3048
2299
1558
1744
2997
1531
3585
282
846
1422
3749
3485
3422
4113
6984
3259
2324
1975
1734
3743
1262
2266
3850
5728
282
3970
5501
1928
2315
7458
980
1031
6814
3127
20
1401
1766
2167
4626
496
4877
1092
3800
3580
780
1133
5620
775
1442
407
879
4359
200
2341
3977
482
1363
6946
8283
2269
1432
2206
3218
4312
6670
3869
2985
1937
4266
491
3531
40
3318
4472
6047
4807
5696
209
388
5036
399
2934
2233
4426
1261
2360
4900
3090
1806
4030
494
1237
2023
4944
3506
702
8
6402
1606
1317
5172
6348
5359
978
303
1621
3714
5012
2825
174
152
2497
4054
3052
3936
4532
6107
51
6616
1465
4908
513
594
5168
2156
1632
3227
1108
658
390
5319
7462
923
985
1169
5710
4797
111
1329
589
4373
1168
232
1446
812
820
5393
2477
4457
4931
5688
4233
657
5304
3868
7894
1946
215
5165
3578
1251
1780
1718
4399
6845
432
3613
1127
266
280
2154
7378
4380
2036
3954
3363
4379
1442
968
6459
2552
1344
2708
1316
6359
272
5203
2908
3109
1152
4940
4032
913
2756
6082
6850
154
2599
2050
6009
6304
3143
3550
1645
5842
653
2703
4806
1773
3328
1142
2432
1014
5234
4467
4360
467
3642
7098
220
1240
8710
4537
2053
5782
5159
3651
1903
1671
3689
4043
129
1004
3394
6150
1762
5197
2506
498
3095
3701
3749
1157
3032
4315
158
1278
3422
4618
7120
688
2878
942
6922
868
1026
296
2495
12
4860
3792
4190
3497
234
2338
1073
2677
922
326
4390
3733
2865
4349
1298
6137
1300
2107
1070
5246
4597
1090
622
6733
5675
4886
1084
2035
2593
42
2244
2909
5707
2307
3982
1768
1884
1462
1264
1490
5567
1787
2236
6145
150
2554
24
4531
668
332
3490
5039
4600
5363
264
1653
2822
156
1026
4320
2746
4
3384
989
1598
5293
6917
3822
3742
3685
3917
1110
1739
292
1791
150
7614
4100
4404
547
1952
7690
973
640
4002
331
2530
446
1060
3703
962
52
4648
314
3372
99
1510
144
1715
2558
3537
5769
6898
162
1420
1542
37
1927
566
3573
6854
884
1679
3423
4637
1288
1212
3256
2292
6082
2178
645
8626
86
4210
1018
1080
1570
2484
386
3862
142
603
387
3352
1744
1236
524
1671
8920
2916
244
4098
128
5522
1849
5166
398
1788
4256
4847
1478
5612
1304
951
5377
843
597
6136
2821
2040
2087
752
4484
4270
1927
4510
2269
575
301
3076
3294
1343
228
5329
3422
3618
2386
1377
5230
3202
3267
2801
9004
506
67
2049
560
3032
4093
4513
4613
2913
3234
3882
4465
1374
2482
4713
5630
3673
8859
6912
384
170
674
3759
4823
4435
7004
2829
10
10
54
1542
196
2020
3841
43
389
2158
5450
3434
490
3699
411
1578
803
6877
73
6704
774
150
830
3885
7658
2518
5016
563
5123
751
2743
721
5935
4048
113
2452
658
4581
3456
2340
6377
857
3882
2528
3024
1233
692
684
3799
3257
3951
3428
2360
1136
6296
3582
6772
810
4232
745
3255
900
220
1972
4136
5058
36
2908
6463
240
618
3445
736
810
4311
5007
2397
3151
1078
1046
770
4422
2468
1466
4007
5246
2637
326
402
1135
825
5600
1441
5914
6306
3053
4402
6071
2297
496
5724
8007
1597
414
2560
4947
8354
1849
573
8112
886
1617
1729
2645
1183
7387
1629
7866
1034
1292
5024
1830
2990
1680
4106
4445
1345
3802
3525
135
912
294
3500
2793
3932
6002
1967
6144
1220
16
1764
863
4020
594
616
6086
6952
5660
6736
976
1454
4347
1864
3479
4394
396
664
3884
909
4770
4723
8638
2646
4944
2272
406
119
179
323
5396
1652
2112
3402
5256
4526
3709
2924
2
696
5753
1511
896
40
3338
2882
3282
1314
1450
4553
1344
152
1875
650
7694
146
3512
5724
6108
6962
4818
2366
4366
6506
52
4647
3558
2032
2102
417
5668
4458
1591
3406
2452
1986
1593
5280
5652
2969
3144
4500
4786
3186
324
8036
2324
2750
2854
680
520
4165
2379
2989
1654
3296
3313
2320
3490
1313
391
136
244
5774
280
3050
1850
3210
690
250
26
1022
5110
1330
3179
1851
5397
4632
920
6854
6809
385
4518
1787
8645
2787
872
2793
1589
2203
4246
676
2908
1440
2
1449
3570
482
5728
1417
5491
4856
766
3390
2604
367
1892
1705
5174
2054
6296
1386
2996
684
3226
3266
194
4612
1626
5190
6380
364
2185
8400
2926
603
6844
3992
1357
2850
8640
3112
527
1958
6260
104
2622
2014
4351
5192
4485
2293
6808
3130
835
6559
6076
796
4573
956
1005
6056
461
1840
2364
4587
1174
2232
4055
1060
12
2277
7050
6434
3244
7606
145
2028
1654
4437
6319
2762
887
3378
2265
3993
1337
2082
685
1734
862
2724
2532
1334
1734
1628
2722
301
218
6384
3652
2851
6620
103
5610
3223
3570
2462
4304
96
3558
32
4852
2967
932
402
5702
2230
1126
589
1543
2553
1102
3180
2165
7322
4982
1922
1329
8898
1726
182
796
3272
2357
919
2593
4718
208
8743
8174
706
4718
99
4177
568
2710
2569
3426
314
2935
126
7324
2029
42
1304
658
2386
5193
4677
3890
5044
4384
270
1323
6904
580
7168
2006
2882
7242
2587
3179
1692
4734
1508
2044
1214
1581
2791
145
7470
10
1994
1398
2586
748
270
5846
505
6068
7668
263
3004
5089
2823
2359
1978
6112
1744
2094
183
6685
3572
2186
4220
6778
4173
879
933
3114
1465
2706
760
530
377
6
3026
6015
64
6002
1280
2116
1742
1460
1898
127
266
6440
2340
1064
2746
2014
3506
105
3041
274
152
5694
3991
1474
4642
487
4819
3985
1968
982
20
5611
6066
1216
3970
3358
5745
3701
238
39
3520
1476
1704
2205
1412
6014
5656
532
7039
1125
220
5233
4471
270
6457
430
4724
2006
2110
2453
3430
1938
7110
2867
1830
1638
1415
4560
4495
691
3295
71
3560
3741
1278
6724
390
6984
780
3684
4169
3048
3064
5324
6929
782
2688
657
2056
6714
5168
1225
1651
786
1611
6877
7262
3080
5254
1647
7862
5728
1224
1688
549
1183
297
700
3715
5083
125
3243
4913
205
160
1278
2600
5481
2160
583
1657
1630
2406
2168
789
2271
1015
4009
2301
4864
2263
2382
6213
3225
391
330
933
4318
3
2252
2251
3359
2467
3656
1709
6660
943
2331
3235
3129
4062
190
2636
244
1808
3584
2638
5486
2841
1211
1188
1459
6046
1613
6343
2873
2824
189
992
4404
5556
7748
4484
2094
3824
5469
4137
3928
6580
2138
1092
1315
5016
6874
2078
837
5999
3418
223
164
3541
2193
5182
4034
4831
2067
5752
4202
766
5960
2501
1500
923
5519
638
2147
5346
2016
1568
1208
1041
235
33
26
1994
1150
8105
1810
494
150
4143
4514
2414
4432
4290
272
2145
1810
1951
205
2302
492
4466
73
2742
4840
2872
282
1744
881
483
1190
1340
3875
4945
8216
5805
348
105
3523
1413
234
184
2544
5700
3916
1117
7059
299
6814
4434
2347
540
670
39
183
6080
1165
623
4556
3336
666
363
380
2380
4252
1193
1319
6118
1628
518
4214
1346
710
2724
773
1708
1441
4685
3535
4303
5570
3641
2340
250
86
2592
3665
5218
1218
2285
5407
1148
1216
800
6652
1526
6819
219
4798
1301
1612
2541
4870
2568
92
3404
659
1516
1
3039
2716
499
928
821
485
1322
2183
286
1505
6484
1090
129
3238
4674
2137
7976
1324
5898
948
2574
513
330
1878
2512
1397
4753
6264
84
4488
2700
2700
3232
1012
3674
2920
1469
7059
4222
2794
5239
7924
894
2708
295
1679
4485
2152
3575
2200
2203
966
1076
5932
7616
4441
1223
2629
815
3794
1280
2729
3866
1370
410
2338
6073
1724
124
937
2485
536
1729
746
2200
1005
1246
1938
2013
161
7955
6071
1938
793
3520
151
1044
2270
6090
1670
711
1122
2115
429
1132
4323
8198
526
7163
2263
3245
3943
6124
4438
3096
3458
5166
5969
1446
2869
550
325
1371
3412
1459
90
6190
1934
4274
4004
334
1322
2367
5454
4886
1054
3934
4065
2318
892
7190
7496
3511
2505
1522
24
2778
2627
4388
1993
1457
3986
2565
1040
7948
278
2959
3575
1631
528
5540
314
544
3230
4190
5766
2939
5425
1910
2442
1870
977
3157
490
24
395
385
4854
4458
4658
3436
1273
6480
2927
6937
282
1486
5874
7018
2694
893
3776
2132
683
148
2581
2594
1654
228
631
1726
2233
1849
3994
6040
5902
939
2676
1540
2691
114
1974
2195
240
7424
4762
3561
5233
1226
4896
7676
860
5228
47
5014
3784
4532
1495
7958
363
2904
4867
2375
5354
5052
4641
61
395
3094
3291
1997
6688
1777
1236
126
4605
4304
592
1431
6372
5383
1811
1258
3346
5692
2755
5442
1578
2879
5444
827
4293
814
1213
715
1115
267
2884
4770
2231
4300
1538
4084
174
1792
1363
1533
386
90
924
643
1709
831
5936
2610
933
951
375
874
501
529
3194
334
4414
1694
94
3918
26
786
330
3518
1200
3276
7994
4712
7181
3154
423
7968
2441
348
102
6253
326
4358
3524
2094
6850
224
862
6688
28
2780
2696
1459
2137
3865
5314
2354
447
5539
902
4065
6264
814
360
264
6291
1452
3202
414
4356
198
2427
2995
651
373
1286
6556
2473
4372
5060
3396
4607
6196
3768
1563
4988
1740
166
821
2223
2686
626
2796
2673
4716
4183
2121
1896
397
70
818
3213
5337
496
7071
996
1320
5746
30
1172
801
390
3165
2450
3174
6222
1302
1841
3126
100
4719
791
4877
4427
761
3709
6588
1747
161
2300
8738
21
773
1382
2205
4782
44
7145
2477
8600
527
5769
1232
6508
483
3714
4295
2316
1358
2636
1868
1489
2220
2478
8360
511
8278
1632
6196
3120
1466
375
6593
3850
186
2809
1291
4130
620
1458
1407
52
6992
5408
4625
2514
7618
2692
4580
1602
2301
3580
7812
2691
2566
3366
3152
1904
3355
8855
5295
6597
632
4000
7578
5347
3701
4976
6327
6181
4873
6489
550
698
4804
3233
2675
4918
5716
2938
887
2257
3533
3148
913
5864
2878
1484
22
1810
1890
4478
3065
226
2259
7840
1321
7076
2687
80
354
3898
2975
531
366
2184
967
64
111
2397
3691
6421
8052
4196
5634
1355
7292
134
1990
4740
3652
620
4111
1104
646
5300
7823
2322
424
1564
4876
1420
7546
2832
1018
2212
7713
1006
5062
3632
258
1235
1157
8002
989
819
849
1109
2362
1253
4766
6667
2296
927
7518
181
3571
460
49
743
3981
1478
1978
3018
1961
8567
2580
668
2468
3699
3290
3304
1277
8687
6286
7788
2686
4229
1390
641
708
2232
1125
2746
2747
1762
1979
1545
4049
3749
1848
3482
4817
973
2996
3772
3692
4410
6810
5096
2050
758
5123
6910
1947
4198
5107
3812
51
2644
410
573
2676
858
456
2442
1300
4364
6151
1163
4178
4963
5239
2012
5470
3965
4412
4613
4008
3648
1069
6418
2113
2252
3196
4272
4870
1460
2490
5029
5462
5266
5972
542
933
2825
6268
2932
4422
2565
910
2104
748
7340
4646
4548
3316
114
7013
5961
4153
2551
3103
3278
766
908
1412
550
1622
656
6533
2127
4256
1098
2698
143
3754
2886
774
4148
4967
5407
18
3160
118
2822
174
236
1306
5116
5820
1860
1822
6449
2437
2431
3366
7113
1480
5520
1341
6944
860
3262
7340
636
1297
5791
8750
24
996
3684
7184
2616
1291
3100
3546
274
213
4481
2618
4202
508
3395
2349
5075
4037
3573
1959
818
7700
604
642
610
4242
1100
444
3201
1873
40
840
1538
3218
252
2326
2402
4067
3783
3546
3207
2080
1270
9025
1623
4770
1969
7160
1117
4842
5116
810
1375
793
6694
5808
3351
1262
624
3292
2529
2843
5471
1835
2692
895
548
316
367
1110
4422
585
3648
222
6387
5465
686
922
979
2438
517
4760
5729
1806
4745
1918
5964
3380
3678
1731
801
3775
5024
4888
5300
45
2070
2736
8178
2331
823
3938
4678
1196
278
95
13
3956
7152
1543
74
5714
2144
706
2180
6330
5492
1525
6542
2240
1036
4471
530
721
8120
1123
449
654
2889
944
3860
2831
1510
2441
580
5846
3928
1769
2506
6059
149
3137
894
2966
4783
2867
607
1066
5120
4086
2440
5070
2393
4104
546
1642
1745
686
3804
4300
422
2182
3709
2342
912
3762
6586
839
232
480
27
1334
1055
1248
4921
4120
3438
4184
606
448
761
2398
3030
2444
3785
5722
1354
3250
6478
6072
5066
4051
1543
430
5246
482
4849
4445
226
2704
4691
853
7632
2926
6420
6760
2160
8523
4144
5628
582
4365
263
2832
79
3920
1328
4204
1347
338
495
1684
2206
5202
598
836
3364
4220
196
2709
2782
5350
6630
2714
20
152
1396
259
2470
1587
1750
3094
6628
1339
5214
3928
182
461
55
2972
3654
6589
7398
163
282
2613
2435
1231
3362
7116
6
385
6533
200
36
1884
6520
1643
2110
84
3139
7084
21
4488
2079
1787
2006
971
1034
5721
6470
5578
6670
481
384
6493
3848
5180
4869
7404
4350
7216
8036
7748
466
164
7169
912
6190
14
6543
2720
5104
2133
3082
5064
5336
116
5371
4218
196
1592
250
3215
333
3274
4689
6426
4270
6025
3542
1580
4101
6016
2
130
3720
4302
4178
4745
1695
2578
1931
1132
5178
4208
422
6586
4114
3419
740
1631
7210
1692
3736
6942
1918
2029
1650
456
2525
1092
1698
2589
302
7652
3698
3558
3689
2735
219
886
5965
2730
1724
2784
6320
2329
2882
64
2069
4622
2844
2158
3119
3991
1225
1460
2889
1775
719
1825
2093
4488
4884
2162
865
3202
7159
1700
1505
3313
7067
28
5398
1220
865
2542
10
723
3542
1233
2228
4351
7780
170
682
5564
8300
1377
212
1309
551
7660
1951
7271
1646
5520
759
445
2037
3566
3108
3572
1152
991
5160
161
3474
5622
5722
1145
1
2655
837
5500
5404
852
193
3802
4307
6246
7162
1578
590
4073
779
7292
4756
190
4196
1884
1217
2667
414
420
8268
4461
5704
6946
3916
3022
7650
1422
4099
897
446
1170
4608
4578
2153
2497
5136
2834
382
319
1176
1760
971
4346
6498
5432
1502
7566
111
7110
1044
2901
1205
39
1732
5440
2365
6361
1345
2973
4402
1174
1864
406
42
399
2758
5822
232
2078
3975
6252
3947
1041
3709
4714
3690
2317
1084
739
5712
456
1012
1934
1257
2255
1296
12
1857
2146
5525
5461
283
6576
123
171
4826
737
6432
6349
1391
3787
1015
3115
3890
1178
3754
1688
5531
5562
3975
1564
986
3912
332
4624
4460
2677
6475
1129
1061
1226
15
605
906
1955
2887
6567
777
50
4221
8970
1278
5931
479
3999
650
3162
1700
2346
1182
3358
2090
3656
6154
2643
910
3880
6071
3100
628
1314
3995
508
4156
177
5177
3680
342
5473
5438
586
24
3115
1344
5381
3285
635
4831
1812
4062
1058
994
5258
2607
4480
388
4386
2119
5306
2408
80
1423
3548
3788
3542
478
2319
2290
790
631
408
974
2652
5314
2822
1430
5049
1055
1460
94
1504
5529
78
1586
4035
2712
2064
2152
2867
5942
1569
972
923
644
5300
4610
1898
1286
2722
1245
2618
590
943
3984
1033
4566
260
508
5021
2288
3970
2331
428
8698
3340
1004
3522
692
5098
1479
1586
933
3345
30
5027
2367
166
5101
1621
1486
3363
2188
7581
2090
5406
54
1509
548
5882
154
4683
1606
387
2924
2543
6946
3443
537
4354
1179
3912
4400
3933
6709
1346
3714
2159
6716
4790
5055
1054
5649
2306
6278
496
192
2842
782
742
5364
1608
6152
4966
3440
2998
3243
4855
1802
4502
1628
4389
8728
1489
3870
2112
3988
6287
8738
800
1470
640
3897
5765
2675
1218
3384
1050
1183
3729
986
2444
4258
4996
180
5148
3353
1752
1034
1758
5468
8030
1781
5709
2026
67
3641
2014
2850
2697
1448
606
3054
3995
2713
2615
3787
1105
2392
4577
3797
4691
1372
694
6572
3482
2437
4240
29
2969
3672
4879
446
2126
414
4435
402
6894
2767
560
2524
1439
433
4108
5144
3842
4496
1054
3034
3568
5994
4416
549
3407
3188
1659
2713
470
408
3779
3478
69
615
4176
4152
1378
5992
1802
2306
3151
4243
1811
821
2125
3617
88
3316
2389
1434
1666
1225
2238
160
3728
5043
8
4478
605
83
1764
180
5088
2246
2646
1108
5972
668
5706
7370
6908
8101
352
1554
124
4557
5304
2977
451
4783
2291
2814
7982
1392
7866
7844
164
1132
5090
1421
2627
2588
1924
2589
2380
1870
538
5256
3311
1445
2240
316
5665
673
5474
6212
5093
3436
6767
1380
8189
328
247
1362
4644
5266
5968
6170
2832
2131
2954
4873
4613
3570
3466
2478
4195
4120
1428
6243
5193
102
802
6727
3883
326
3366
4242
290
3696
6
991
3480
3681
1484
3808
5094
1743
3489
2646
6106
2140
1548
180
1190
374
5615
4200
1959
645
2198
496
1985
1692
8448
985
2422
2479
8242
2609
652
3774
6907
5322
2495
1558
7622
7394
1412
866
5456
2457
1777
5718
767
5397
3117
2521
2563
8114
1714
996
1587
6383
156
6211
1969
5740
2973
997
3454
3840
23
4730
4934
8172
2346
3320
7567
1239
4600
1344
3323
6831
8294
3768
5049
3869
64
1706
6361
2893
3490
1275
697
7744
142
1260
1322
5455
2262
3894
358
2087
1908
2431
344
3664
418
3373
1698
3701
5326
239
5929
1472
6844
5342
5875
2893
737
2536
717
1686
1150
318
153
5449
8586
3378
424
6265
2144
4372
6057
7670
378
4300
1785
308
2023
458
6645
6758
3431
3723
4082
4498
5528
4546
306
1070
1205
578
664
3694
452
3849
1766
120
1134
2321
118
7144
1906
656
7337
7122
5559
6016
162
3746
5514
2148
404
643
5266
56
1072
591
645
3450
883
6129
3742
3718
281
5494
2844
535
2717
3190
94
933
1275
8950
3749
9183
1768
215
1265
7055
2863
3231
7412
1962
93
2
4513
43
4215
3370
2518
5028
5125
5152
274
3442
3004
4222
3241
1022
3270
659
166
3914
1126
3154
266
1835
3868
248
1406
7556
2650
7972
3192
4044
5297
7830
1192
1269
4273
2629
2377
1430
4939
1437
173
1027
310
332
4568
4996
2
4437
3462
2840
2491
3293
140
1004
1569
1175
5141
775
67
312
2780
3018
3264
1138
3273
1075
3098
4820
5233
4909
1554
18
2042
1729
1235
744
1012
384
108
4479
2110
6709
5292
5069
3096
6937
1856
2793
1060
8288
4255
6170
835
1032
1366
2027
1752
5753
2344
1523
230
159
3088
570
4896
1917
3348
2928
1822
3174
3558
1754
862
2420
7334
5124
4291
6518
4108
1961
1349
937
7443
3753
6250
586
33
1938
4198
4729
1840
2478
1026
2475
1821
1605
1430
830
3739
1752
2329
360
24
2094
2574
1937
7020
2269
5909
4912
1607
3700
2986
210
1933
190
6119
198
1107
7168
3376
33
4593
5739
5130
3490
2486
6
5218
337
2756
7722
1807
1919
4581
5126
352
3428
2629
6160
2328
6156
1753
3191
5644
1067
3434
3674
1039
1026
4193
2323
7043
752
2114
2110
1074
4294
4681
2467
1956
653
5933
1422
6282
600
6032
1254
1690
703
3131
4900
387
2019
621
4899
1659
7506
1880
1197
939
716
5026
3651
2366
3773
4233
2415
5479
39
5938
1633
3359
937
7812
3164
6732
1185
4584
2589
4867
1890
5103
7163
7103
2090
2432
344
166
1873
218
2767
515
6680
1969
484
234
731
6568
1872
4576
1105
3850
2436
909
5035
306
6159
8400
3836
6301
1018
4104
1638
4398
53
751
5849
1141
5567
126
3944
2390
248
492
6010
938
7037
1193
7106
155
374
744
860
496
5910
7271
1325
224
2741
1742
2958
5428
1406
24
2935
4061
4303
3797
1126
8294
2049
6271
6675
322
188
5063
3344
674
7334
3474
695
2704
5234
146
1876
218
1024
2118
3486
971
490
2544
3807
352
2650
2532
818
3114
216
1062
4733
1491
275
6206
2156
1525
4233
149
889
1601
2602
3390
896
478
1463
2372
1400
783
280
2636
13
1714
7357
3385
1676
4938
318
3587
2102
8360
5151
4709
4659
2470
2840
1174
726
1513
5210
3865
1559
359
234
6756
170
3627
4768
1425
3278
3847
3851
763
1839
1527
2846
5007
2277
3935
836
474
1318
1354
2052
5358
3387
1705
4833
5354
1590
5009
4811
4273
3490
208
1202
1814
626
3740
530
1432
4071
3069
252
1519
1893
178
1057
5140
4524
952
473
5980
4268
2985
2026
2156
5875
4088
664
3308
3445
3096
7040
2148
2538
2208
286
380
348
340
564
911
7404
859
628
368
192
1432
8010
395
1669
1541
7896
282
2161
40
5512
5428
2064
4219
1972
1774
1735
656
1070
1288
6756
4099
2834
406
4300
873
620
5053
3798
2656
5980
1752
534
5379
7416
1398
4127
1398
789
2251
2466
2014
777
4571
7388
487
497
1103
866
550
827
8578
602
4883
54
33
986
2544
904
2948
777
6752
4718
2655
2190
1086
2834
188
2627
2012
6504
3752
3007
928
3691
4555
6547
3011
13
3138
5429
3138
111
4169
34
138
237
3440
1938
2610
1401
1473
5701
8578
5629
4887
4746
807
2898
950
407
2314
3738
1588
2866
4503
114
3598
314
2054
6741
1354
8791
5744
4293
1184
5006
2738
92
933
3606
2861
766
1569
1654
1666
2112
1497
3218
6078
3098
6140
3206
3736
7498
382
1098
61
813
291
3364
917
6350
1592
6167
3930
6306
2770
2863
4856
1449
711
452
68
6733
4308
978
468
757
1288
1373
4264
2228
750
7162
740
5187
3874
994
5780
5072
1324
308
1592
5394
4416
8043
170
4345
2355
5516
518
248
2535
526
315
694
2719
3805
807
4999
1972
6976
3652
5690
3533
37
6696
7936
1641
2704
190
2619
3894
2029
923
1689
344
3418
546
6172
6092
980
756
405
1112
4362
148
509
2393
2373
1422
2553
298
4182
52
1778
424
330
5840
6831
3712
2694
4961
459
1920
2482
4080
23
2748
5753
2739
3300
3886
2472
1316
3343
3278
928
95
1956
5329
3800
3865
3961
306
1948
3490
3412
1870
1279
2214
2553
2880
412
37
934
655
4857
5392
86
19
3132
2575
310
668
3312
2433
1991
588
7983
384
709
828
4568
4397
307
420
6592
1630
995
1486
3493
4344
744
216
959
4582
4999
2098
476
2191
683
2472
1218
5620
1079
5943
2547
1810
5678
4763
4202
3807
3127
2682
476
1661
1976
4644
3621
70
137
661
5540
4977
7240
4250
1437
7588
826
2445
3968
2019
1725
1613
7912
2558
761
4632
2671
2253
901
5377
4191
2804
1826
1306
6596
3755
156
2250
178
1293
1796
2967
6764
2074
3132
3090
892
2936
216
756
6743
6118
162
604
302
8302
611
1329
937
2936
1815
169
705
350
4032
3407
3923
1377
645
5336
2802
5213
2374
606
2875
5956
5191
13
356
4873
1480
76
7875
2298
624
2142
3930
6060
2200
2564
4326
31
1
7116
8859
1686
606
813
1445
6456
183
88
4930
1491
5609
329
1086
1880
241
1564
8368
3798
172
3432
1619
8816
2431
893
2026
836
134
2696
1653
580
6885
3111
5225
3140
582
2165
6647
3322
221
6669
1084
1404
6366
936
464
1520
5322
1792
1958
1733
954
3849
1021
2899
2105
288
2331
2814
5790
5512
4401
8
1533
895
6190
1493
2119
4321
3950
3875
714
890
3258
304
308
1748
3156
3090
3396
2339
1854
756
631
7940
2139
275
662
2151
6011
3066
301
2330
1664
64
5031
2844
4265
2570
4658
814
5061
8681
254
138
4408
6439
486
102
2276
4640
2328
988
335
5435
3199
5292
2316
2823
2361
240
4614
3051
2694
5930
6057
3007
1626
1845
3291
2090
722
6954
5002
2696
1871
4224
95
2416
7858
2999
1962
4286
1777
1093
1238
1694
5236
527
4170
3734
910
1743
967
62
4558
4216
1787
871
4145
5184
3191
6412
414
3652
424
2860
202
4440
40
808
16
1716
3018
5836
3877
2374
2505
3050
1328
1594
263
534
5632
586
2068
541
3525
143
5652
33
949
3296
4692
31
2189
73
2309
2572
7369
7236
1850
6136
1157
4188
729
6139
3663
1689
3865
3200
12
730
7316
4808
4536
5016
803
105
1465
5017
1631
629
3423
5591
5857
5204
6102
2455
796
4411
3626
695
169
3575
4038
3751
3276
835
7418
194
882
4574
5252
593
4210
2098
2684
2046
539
5558
3015
178
7268
5564
6948
5870
1153
995
1322
2444
3130
4020
987
1482
3699
6432
4194
6429
795
1278
3329
1810
32
2494
2475
2645
1107
462
2460
4397
228
6008
1210
1861
5578
6078
631
2302
4547
6821
6237
3572
603
4284
2032
1921
2955
8139
3168
3782
2078
253
4726
4885
6288
6250
4221
5010
3426
3972
7668
1082
3689
6488
4436
1403
986
4462
1403
2860
6455
3957
5062
1980
6165
986
4547
2076
2625
1885
744
302
4322
3806
4109
4328
4125
3438
529
30
3881
9022
4767
24
5832
1607
1442
2167
7556
2618
2952
4130
4595
6368
28
193
5067
1822
7322
7726
5626
4737
7208
1883
4180
411
2674
3835
3539
4170
984
2746
3324
4059
362
4004
5781
15
1067
1962
3414
971
3351
235
2389
10
1516
2041
5265
1656
1107
2321
4809
7677
274
1059
767
5884
114
2688
798
2921
4657
895
2650
6015
7477
1676
7012
4534
439
2402
4374
1002
4659
7580
3353
6029
6514
2264
3550
3634
499
4503
1445
2304
2933
131
2763
732
3154
3884
2311
2912
194
3267
1959
1427
2779
996
1672
3261
2503
2940
2507
7130
8426
2868
2185
4
4373
616
1470
663
2057
2786
786
1319
3104
95
118
438
1051
8238
325
5489
6481
1771
4197
125
642
504
934
5772
1894
4389
2
3148
691
39
3772
2652
42
4102
1236
4
2530
8965
4052
2538
3826
1303
575
2325
4016
2572
575
494
5739
3983
840
5949
8276
5047
1824
1655
2558
1935
2257
408
204
4961
2138
5288
6
4276
2696
5837
746
3674
819
69
4636
2226
508
4365
774
1971
5748
338
1117
4847
436
2646
5182
5223
1097
1165
3439
5926
8428
3951
831
1471
1385
1752
1016
6653
286
1172
1966
4903
5194
3054
3354
1037
4242
4518
166
8278
2751
3398
633
3802
1551
5509
1563
2598
4704
3172
331
1262
848
776
2336
3238
4810
1356
102
4800
2317
1586
2221
2868
705
3858
2183
2678
3330
3938
7760
5064
8682
1421
3243
4326
5730
7412
5053
4172
8722
3143
3993
2615
136
740
833
1722
4333
2319
2534
1022
2174
1277
1445
2904
3351
949
2795
8184
2068
960
1453
2971
5707
4694
1734
7972
88
6054
1295
1772
5194
259
434
329
3728
4367
4280
3439
4510
972
8606
2793
3676
1830
779
4599
3961
1425
757
3156
245
3542
1519
1787
1477
1276
4285
1124
1120
206
1296
260
2470
123
4116
4833
3401
7035
1850
2616
458
270
3097
3893
2256
4833
646
467
1006
3550
30
684
3982
7370
2679
627
3923
344
4056
5516
7726
6484
4132
5982
6896
5278
3616
1507
178
4935
5923
5791
9244
730
162
2576
2251
110
106
4872
2276
4325
3869
84
230
2674
6554
508
8889
4874
3025
7216
2054
4912
63
4162
188
2417
2635
7658
200
3622
136
3840
5480
2575
709
2704
1046
3674
2608
2226
1035
1839
6540
3178
6266
3238
2095
2688
7004
80
390
4201
429
4099
3194
2844
5320
3187
6638
1297
1772
2515
8634
8503
3428
2535
5082
5394
408
1154
4536
3518
13
678
1831
5702
70
5211
3278
6626
2208
2256
5756
3090
15
1607
3426
4691
3787
1184
8070
1080
80
5896
586
4626
6591
289
4834
5662
2463
2388
1260
2802
4021
1115
2890
414
3683
2012
797
97
5105
5388
3724
4167
6194
1539
5417
55
1119
3936
1314
4177
3376
5464
2214
2521
3775
2108
4969
1910
1134
7612
42
5224
2929
2403
6550
6917
326
2616
2970
835
4610
1765
486
3410
628
2321
2567
8645
908
1148
120
3934
3654
1625
5478
2212
1304
262
266
772
3279
976
1296
1859
322
2806
457
287
504
4252
3724
31
1077
1266
8036
1166
2316
1714
4528
2348
1413
4668
2755
5508
2121
2147
3468
7232
2391
1689
328
77
3732
1962
76
5918
952
2198
2089
1870
180
2439
742
5247
6300
804
7057
4598
4547
1431
542
3596
6446
1418
2069
5734
3538
3595
4349
4761
4044
55
2202
3369
478
2865
1024
5910
1041
907
2185
4309
4309
3535
4814
7942
6863
5414
4486
6298
5929
6129
4990
3247
3850
8314
329
5038
2704
3460
3885
628
2747
3719
4784
6268
8420
1690
3870
515
1636
4468
7258
5848
3389
1739
378
8368
1803
1812
3859
862
4330
5629
1772
6235
2835
5037
1260
3200
2882
948
8113
5065
2444
1255
668
751
182
4805
490
2160
2274
574
302
5506
5684
2468
5015
1666
3879
3082
1496
1026
640
1566
674
4185
596
2697
2205
4705
312
7156
4224
2575
4974
5805
2863
188
356
2016
695
2075
3212
1162
448
1237
694
4964
5489
5577
4494
3619
16
1042
3672
51
94
122
7263
1022
1274
2411
5592
4193
3561
1824
6976
1496
786
562
5862
6272
4026
1279
4831
7653
2616
1941
2712
4088
3675
1074
1347
841
4190
6102
622
1166
631
1268
2906
2595
1894
2932
2808
1457
2482
1069
61
4546
21
6678
3541
5848
864
688
20
414
729
2988
13
339
6
501
1637
2904
2261
292
2641
5291
2866
1884
2394
1988
6145
5413
5141
92
1313
6891
7484
2069
5752
1266
3
1346
2050
8137
4791
5010
4941
2214
16
5403
3388
826
1662
524
1562
414
52
1305
89
3160
5947
5312
5642
1796
1676
3268
2009
4636
3240
2954
399
16
1657
1362
3218
1908
3087
2629
2856
3790
189
2426
3804
5915
6277
3050
5341
1892
1104
1583
2748
1157
5783
4014
79
526
966
1354
314
4379
1195
862
5554
4630
3480
2293
2372
3618
448
7040
1475
2
562
2472
1545
6031
3458
4030
1817
5719
7326
5364
6742
6516
3186
7534
332
7134
5774
9190
1041
5077
575
3012
1573
355
1498
4276
2
1462
95
2034
3146
1238
3856
1975
1723
89
4646
3372
7001
4213
8074
3032
1912
5015
1381
2044
3622
6957
845
3024
2315
3268
410
8026
5562
2652
2412
896
5010
23
4879
744
5561
1208
1612
1082
3142
2263
3743
4069
975
1505
4925
3218
920
2544
1676
5077
2479
7110
704
1502
6869
7870
2136
2786
1915
2214
3046
894
140
1548
4777
591
1593
6372
4321
5038
3282
3887
1614
3128
435
1635
4850
2048
7594
189
2902
5649
1240
2733
2011
5292
2983
643
6768
19
4033
2441
6290
6562
7180
6277
5310
4612
1255
1790
2091
980
3226
4239
2791
821
1016
813
3504
2468
6476
1274
3026
2058
1001
3928
8238
1270
5479
3666
1369
291
1052
146
7446
3646
2186
1817
4168
2850
2827
3564
4126
1460
6276
1122
1970
2054
8188
364
2267
1153
2142
6928
1263
1765
5045
3355
3696
1237
1142
1300
3630
1949
2502
5026
5373
4503
812
5254
3581
329
758
402
118
636
3732
2372
1406
7342
3083
2938
4650
1168
1570
6706
7652
4812
1931
5669
3666
8842
1311
2490
7940
4572
1468
252
6752
1772
1253
2668
1017
144
322
186
3321
826
3300
1654
2498
1273
3655
5467
5437
4815
3504
452
3705
585
64
535
237
2064
117
705
997
567
1651
436
456
6083
4372
333
1366
6751
10
612
871
2878
5644
5728
2597
1058
6852
5944
1669
4358
2486
1475
5972
1325
3518
1358
6880
3127
4996
825
4863
5500
5834
349
6368
4917
1528
5814
1
592
3342
2356
645
1986
3631
36
8173
482
1704
388
1438
779
2972
6774
492
944
3758
7492
1309
509
6462
212
650
1461
2631
3784
1128
1067
8570
3457
3011
1560
3936
4061
989
4728
3469
3736
1994
1150
152
1515
1703
388
4212
4724
4777
2914
2307
2232
4200
6594
54
4908
1245
1357
3902
5823
1369
772
2810
3341
1168
1205
6609
4943
3497
2309
3868
1629
2122
8048
933
1476
2486
496
1495
4122
5282
4442
880
2311
628
2265
1138
2586
226
3528
5385
497
3028
1537
4528
5419
410
5188
94
1799
872
2284
6702
5184
5294
6776
6825
5764
4082
3530
3860
477
5257
1223
3692
2500
3640
4529
2838
718
4548
3913
5632
3285
4427
1844
794
5330
6782
5132
5826
5604
5091
7175
1802
4254
1856
414
2780
3210
3286
6405
4288
1593
264
3293
3794
1639
968
5597
2816
194
620
4978
2747
2468
119
1198
726
1674
4471
4280
1794
1988
324
8557
4581
5210
192
5290
4613
2030
734
150
4174
2064
1296
363
4587
3348
647
2309
6951
552
45
2865
1458
1160
1191
458
5722
4644
994
3958
3070
378
3453
475
368
39
4794
3481
2200
7508
3918
5516
2350
2593
3988
1085
2771
7584
906
428
1652
1720
677
706
1027
665
1494
861
1792
762
5413
2723
130
6368
2213
4056
1104
3695
805
6570
3038
2044
4544
200
1160
2426
235
3394
2450
5550
2446
1643
1276
1090
2625
6856
2504
1820
4813
6296
109
4120
1561
1978
2789
6008
2488
3629
2488
696
1774
6205
3651
2342
5455
3094
267
984
865
4786
10
348
733
2112
5304
2935
3497
4013
2907
6520
909
2284
290
342
5275
4270
4553
4467
1112
5451
762
1371
1289
8829
7346
8502
420
3975
6345
6601
2654
3073
5905
970
4241
2124
5046
164
4112
4808
298
6984
1683
6307
1940
1285
5892
4480
6816
3096
291
6
7634
4956
421
400
5042
626
4066
2614
6290
3584
6396
36
4470
4668
2178
7820
4265
2418
3070
4937
8793
150
736
3196
683
7275
5971
3307
2356
3696
4028
6785
1270
4576
1777
2477
7074
4289
2584
4388
4
80
797
4256
2070
3625
4190
138
5471
4442
7930
43
201
7516
1986
5768
1092
6955
689
1474
3282
913
3316
2619
1402
2276
3529
76
3460
5535
1480
636
2043
5057
5692
1148
3252
6437
8
4712
5225
5798
5829
1347
3062
2148
856
52
3925
3085
1848
1031
2157
3368
4996
519
3092
344
6700
3423
8498
446
10
3546
1642
3183
1757
1002
3464
4480
1169
2804
247
1296
2064
676
5234
3429
1763
971
5925
3772
1922
3122
4822
1724
4301
3211
1218
2930
6144
758
2193
1072
3669
933
4983
451
3999
2960
3326
829
2168
639
948
263
6036
736
266
2208
243
3484
2388
966
1874
1423
1779
3309
2171
3531
3456
852
5328
6463
992
2124
4076
2050
3138
4975
1097
4001
6029
5529
2048
6104
784
4984
1210
748
1685
3336
1582
2441
7549
5920
6285
457
1240
1880
1093
641
2378
298
485
4358
8584
181
1143
3222
2593
412
1984
2132
2639
4349
8
886
2546
2200
437
871
2071
443
2328
299
1281
960
1298
5760
5254
3164
1844
999
4468
6594
524
2498
4013
2001
4521
1460
228
270
1444
1085
197
1312
1180
639
52
1865
476
144
2266
2163
4513
166
1723
3349
1983
7808
901
5245
1359
1030
1752
290
1130
3395
4376
280
2222
1335
352
1123
4956
5490
2804
1483
1073
3178
279
7000
8836
5239
7234
1744
1075
6756
4137
1256
5609
2320
5672
3685
4153
3888
211
5000
5779
4226
1256
386
217
6120
2493
3567
153
6311
774
591
3350
1717
6436
6360
4540
3473
3006
870
1177
1913
2939
621
1595
649
737
2741
6250
990
4495
5923
1303
4846
296
3332
7435
901
6439
1367
6761
4074
7004
2951
10
344
2257
5719
129
1865
5920
5086
3641
1757
3329
971
4023
3563
3796
1667
1180
7165
3853
3642
364
426
1060
1352
3617
4610
2030
3186
5954
1038
4295
5548
5400
3263
908
7896
1588
1322
657
172
6344
1585
1899
2678
3056
5914
1623
2746
2735
110
2646
4514
130
176
1394
298
3348
5574
43
3510
1682
64
5562
7158
304
458
4413
98
2334
1591
761
1812
2920
5687
1679
1202
2502
2096
6256
1620
1334
754
5725
7671
2376
2395
3368
1006
152
434
2512
3606
4020
376
4691
1510
6728
7521
7918
2443
2498
3166
3396
6478
562
413
2899
1379
5189
1391
2011
3550
3877
619
493
2282
1758
630
4274
2012
5194
1830
2038
114
4667
2131
1490
5196
5172
6033
4059
327
6034
786
5798
3661
1804
1268
6436
4515
6417
6912
4861
5666
6301
4429
1772
2357
2751
4038
4348
3302
111
3406
661
2460
3174
3031
320
766
41
2995
689
6726
1679
5367
6036
3772
3201
3247
1195
716
9061
5919
862
3287
1482
6035
8874
2750
4867
152
2485
8456
3676
2819
5249
1340
4163
3726
1786
2401
741
536
637
1752
6023
1071
238
648
6012
16
5976
7615
1482
3440
1386
3350
3016
1671
360
718
1883
2338
2226
906
168
3020
2000
1409
3154
1532
1933
7270
444
1895
2069
2783
1314
3608
148
1450
5758
3749
2054
1285
2880
4680
314
2152
10
320
2633
546
1643
340
4
2332
2882
253
2880
3835
3621
3516
2603
3913
1436
4896
2541
266
8235
6405
2632
3585
1662
7233
1484
1068
5956
2146
868
307
2025
918
1092
2325
631
3347
5418
2818
6430
2694
1347
2022
3267
1542
1958
5184
4150
3931
3427
1296
2220
918
1011
201
5392
5223
3038
4864
1562
6947
136
566
991
33
3221
1822
250
2766
2369
1481
2079
626
802
4864
1019
8319
7086
6539
1388
368
924
348
1782
4361
2418
6653
5555
4260
4289
286
6126
1747
1422
1963
2031
3331
6600
204
55
6686
5196
33
2810
3129
4995
15
5286
36
942
1641
2582
2859
4886
256
4827
380
1696
1585
4996
2791
126
2399
4889
2198
3164
420
2040
4248
6414
3044
3066
570
2263
6460
1115
4330
235
5586
712
292
250
4790
5156
6258
2212
6955
1712
6300
7960
2064
5172
3199
3946
521
871
570
336
1962
3770
2408
6
2068
2817
7216
5423
806
252
576
340
410
1204
326
5839
3879
792
2399
4578
200
597
2861
1273
1998
1583
5030
1654
214
2020
2451
2316
5767
2955
6946
3007
6612
4262
5062
2807
3524
4577
2805
3497
568
5552
2196
762
4
810
857
2977
456
815
6051
2615
7736
3883
200
3352
2815
2284
1190
3196
333
2174
1064
3034
829
5242
494
779
4382
657
3474
4370
4764
1503
1608
2178
12
1850
3562
1199
4895
2611
4415
4774
360
3793
1291
1992
3281
2626
3864
2086
595
3224
7479
6
3210
70
794
1203
1002
4768
3557
1205
137
1279
3732
1342
3252
4323
3370
2295
105
1778
330
1442
1215
6147
3256
4442
4693
7306
6762
923
7771
368
2538
4692
1570
4457
641
5098
1865
1596
688
5438
1299
2864
974
5839
2311
76
2181
192
174
8136
996
3146
416
2068
3858
4938
400
4645
1970
3894
7760
615
1305
811
2814
104
8399
1460
4052
2596
529
3317
4118
2586
2412
2441
5276
2747
2860
756
1344
1304
5158
3641
242
56
5171
5674
7641
545
7128
2256
4805
3028
81
3590
1288
4083
2622
4386
1487
2570
2083
1607
4826
3794
5537
1337
755
3237
1933
2260
3702
1807
3435
1850
1942
4685
486
6662
3014
43
6620
2910
5636
657
1172
674
666
610
1226
342
926
2084
139
2264
2570
7760
3087
545
2533
535
3699
3559
1089
940
4976
1974
2109
1182
147
6874
981
7755
3930
6025
262
4189
1943
54
6458
3236
914
8882
645
3424
3446
2880
2537
25
1002
7517
4776
5543
2705
1391
4100
6157
7842
4477
3655
849
5630
4318
1450
6804
3051
339
1787
2578
2095
4612
52
3853
743
1708
8114
2496
145
1150
6108
4958
6256
6258
2370
266
802
7810
6372
890
3490
2340
3713
1445
3415
200
1903
7872
1968
5787
3692
5045
662
3033
5846
3021
1396
5079
3329
5448
391
2044
1433
6431
3880
24
1013
5068
299
1218
1108
146
4718
80
644
250
3622
1642
4820
6158
529
46
668
2089
1792
4510
276
2298
2
5040
2086
875
4746
3897
890
5496
1078
1868
462
3364
5511
1495
2830
332
2409
3393
904
7429
6038
659
2879
4131
1445
3636
21
4764
1509
3178
5692
3258
928
536
3607
574
8791
1845
3032
3558
5399
1654
2865
5356
5297
1734
422
1194
1465
5393
4722
3704
1145
1093
4367
503
2255
2531
3488
5162
3148
4128
1595
5238
1140
1314
782
1143
4425
345
200
6185
457
1183
494
311
533
962
55
4467
2404
5235
5367
1353
281
2110
177
126
7052
4077
7120
4600
369
147
1283
797
1137
1158
6603
4109
3027
6573
178
5517
6543
114
2859
450
2955
4370
1696
5259
705
621
2528
7152
1587
4600
4762
1464
2513
8225
68
4756
6558
2432
2533
2355
4382
8831
7022
717
761
3491
2972
2296
2336
632
1198
2165
502
1291
3561
1874
3060
585
1011
2357
621
3957
78
189
268
4736
324
524
4523
6106
812
3676
2941
5647
1300
1004
6
5998
3868
908
2830
2791
206
5986
1582
798
3443
1138
6126
4025
2250
6667
1753
624
349
5622
4812
7115
4006
4309
5360
1982
3992
5177
6702
2228
7014
39
912
2600
282
2707
6684
1558
6702
5182
476
551
5322
707
2530
3970
2328
4727
3987
791
4449
728
6549
2654
54
1152
1958
348
3074
1475
3329
5087
902
946
3218
892
3751
3445
2097
1048
8
4452
728
726
4716
1716
2894
226
2029
4150
7534
51
3132
5451
4099
1959
3084
1549
5154
2894
327
2552
1463
5981
383
582
3797
1552
5600
3548
2343
4548
5398
392
4390
2
1835
3892
3382
687
2654
946
8350
5926
774
3093
1664
3028
5066
4726
648
7427
3162
1319
5346
3452
2372
3346
119
389
1202
762
325
500
3676
1842
242
3386
2622
6109
200
2198
1652
4253
314
4140
5313
3340
6875
2504
1347
3137
2247
3716
1462
3173
6063
1288
2540
2186
4448
5712
288
8442
4956
1078
6492
2865
1582
3656
10
5732
200
2036
3068
3398
911
2541
2097
616
5364
4167
1466
5925
3238
3690
2580
430
1170
5925
3184
4676
1101
5394
2548
6676
3608
3636
2464
1103
2832
6188
4799
4177
1356
306
690
