1132
880
1663
825
1236
1138
184
554
1493
1057
2091
776
1265
1549
2028
1756
1402
1342
1148
1553
649
1785
685
471
1014
132
351
549
738
429
2359
963
503
422
99
334
313
1793
787
264
197
2032
942
2631
1476
1051
338
2655
2507
177
47
107
58
825
872
2018
1036
1479
276
696
346
2570
606
227
615
118
300
341
2283
1205
1020
1896
827
1111
261
1612
181
245
47
987
1020
609
684
1267
2071
979
1759
1788
1088
565
928
1591
1351
85
312
7
378
2522
340
328
969
564
1466
76
326
211
1189
1564
1904
377
948
92
905
3
980
120
2011
219
1685
1118
345
1259
933
718
1153
1226
2300
147
618
1731
2344
2434
279
499
634
944
1442
2050
366
2170
18
575
8
1436
160
1743
1614
2405
87
683
199
101
1982
468
1159
1120
1179
188
1015
958
2999
745
2094
1853
88
1967
1667
65
1969
1266
840
1248
2100
22
688
931
905
1693
448
1164
697
629
2773
253
775
1483
1164
1091
155
1117
1992
447
420
750
624
46
1928
1275
740
63
801
1018
266
2467
1494
1169
1317
653
902
2118
663
646
31
109
1833
6
2279
1478
2399
1190
1657
808
1437
1038
1659
1957
248
133
1528
852
784
2477
952
712
688
1697
399
1428
1034
1081
1494
1395
277
1096
194
1935
1739
2491
2439
343
194
921
225
934
1095
1611
195
2124
993
3040
364
416
46
1118
18
1246
137
1605
459
2573
1105
653
246
889
454
1586
902
621
1618
1843
272
181
2257
2219
2255
563
913
2031
6
2741
32
1100
889
1516
2204
1088
824
1516
1014
1328
1314
1940
235
464
1862
1657
376
2089
353
2064
1077
158
951
297
2150
738
290
404
28
1414
896
1935
937
1226
3097
54
718
384
2382
1498
253
519
1368
1651
535
272
2342
1785
15
937
143
1598
1940
363
1639
1971
985
314
1083
1499
205
1533
613
1800
389
114
1285
74
2727
2090
980
2016
1086
380
1860
67
1726
1793
138
467
3
724
1317
673
1224
1570
415
1314
1056
287
885
152
15
231
109
1661
118
8
701
1103
2203
2417
430
413
1456
111
1948
1378
53
850
859
894
1123
644
39
1000
1905
1097
42
2271
523
1090
532
2497
999
421
950
1726
354
1533
2022
978
496
2138
1688
1559
1706
245
183
1183
712
1153
777
1965
957
1273
99
1424
1244
370
78
2317
832
1282
1678
1090
1448
124
428
313
1890
710
829
683
2331
749
719
1250
692
473
361
174
347
1398
1369
27
2319
192
200
749
169
2785
1280
2753
245
298
2427
406
765
2312
717
931
1111
2417
582
760
1188
134
1111
2293
1449
868
319
1760
825
635
1276
790
1734
1226
373
260
1397
1210
335
280
265
308
88
352
334
1174
1680
1977
258
317
258
439
789
11
1427
998
682
1017
1018
1676
710
26
426
1443
903
633
2939
1224
385
694
1238
858
1551
404
912
670
1048
2158
1352
193
242
388
803
132
864
1768
750
1109
2050
1907
1215
2094
1829
411
1021
498
1420
1431
498
1451
880
621
963
863
2670
739
984
801
1232
293
1320
413
458
2038
2888
2449
747
1613
32
42
1863
118
2009
1040
1718
1186
70
1379
2
1004
1031
558
574
756
104
544
953
1464
1042
2595
1497
1565
770
986
646
616
2124
810
1391
157
2351
233
240
1664
1316
1389
1176
220
1016
1665
754
2
738
702
1336
1722
1552
1950
205
1198
532
120
1023
109
1261
340
1315
2075
876
2685
2582
483
235
744
36
544
990
441
1920
193
2278
2708
857
99
610
2322
582
341
1271
241
984
589
235
2080
86
369
1743
336
1071
887
1412
1935
266
1183
2
752
2585
68
2002
1104
407
1089
1067
643
112
1580
1761
1407
2270
1977
2891
745
1646
1470
310
685
1516
1286
1698
573
27
2467
1086
564
634
572
25
993
1087
1138
1286
119
2221
1295
1415
535
1314
808
32
6
899
773
40
421
606
347
1110
951
448
102
6
1020
1454
187
941
731
495
2234
382
176
485
1739
1886
758
495
1558
324
2376
2629
639
1637
2014
561
2255
2084
1122
2313
1837
345
586
290
2522
1078
1235
211
915
1247
616
1761
519
753
873
59
779
1859
1867
1950
1811
771
2216
1066
703
508
141
1150
780
2028
1275
540
1105
1098
686
1370
161
380
94
307
1047
587
360
1058
280
1721
652
1983
2159
1576
804
553
1574
546
1876
281
131
1212
1711
158
1251
688
39
1680
955
1092
2245
1279
1193
941
582
1080
718
239
467
1606
757
1172
154
424
723
499
684
16
300
2158
2405
1970
191
878
1287
873
2862
1506
299
1434
366
2143
608
1858
1223
432
1083
1278
1978
1897
412
1988
2801
164
1510
1788
329
58
1145
802
1086
520
66
1043
796
2392
655
341
634
29
1180
1449
1814
39
1068
141
134
1846
734
444
2571
89
28
1779
2134
435
2511
530
1331
451
1978
442
410
1741
60
1431
49
273
635
2297
1031
517
1203
534
993
1673
426
345
2883
230
1439
1384
396
1151
546
109
1094
593
450
1340
840
251
1293
840
199
1080
1296
942
1115
15
557
670
850
2851
662
373
1585
1775
51
2874
2036
251
1774
1285
443
1413
206
1020
1977
1538
2566
1136
18
1063
875
1993
2626
2810
2472
914
361
1579
1045
285
563
529
747
28
258
437
482
520
1323
205
293
2143
990
734
1617
46
2307
643
873
694
1130
53
1451
1796
2052
93
1218
823
1636
676
1121
326
1080
961
2367
308
75
1177
2383
1913
177
6
476
1582
390
774
546
2567
1359
1594
282
742
1169
473
736
2742
148
522
1586
886
2671
1837
2253
1309
801
695
628
889
2230
543
1554
1285
2571
1858
322
1729
445
110
1212
314
2118
2031
2767
1347
141
676
37
1804
1845
1436
27
266
420
47
278
176
1397
20
2036
1079
163
678
681
822
430
949
2239
130
2535
1425
2061
758
2656
2245
57
1837
1907
1554
1822
925
511
1346
1230
97
1925
524
158
758
1361
77
893
877
568
87
1092
2231
1459
575
1065
435
588
2280
1872
1561
368
352
300
813
1576
1177
777
1850
252
1205
795
699
2974
745
1006
1760
1690
539
704
2399
308
1710
135
581
1046
323
860
2405
854
1104
522
958
1748
1199
2087
501
765
1877
45
118
1725
1291
2
334
175
77
346
417
802
1120
435
722
2763
2651
244
311
1099
631
1288
430
1249
1526
453
981
133
360
2083
2643
594
1433
439
1567
402
2345
1398
62
781
605
24
1031
2403
402
176
2130
1395
863
1372
1153
1379
520
155
16
247
585
1177
1702
777
1594
1148
862
1960
529
1370
194
2341
1590
294
931
23
1483
848
211
1828
190
525
387
1982
1297
978
349
203
60
192
2252
199
599
2070
1149
2003
1163
2459
618
138
208
71
278
756
2433
707
290
127
541
1052
331
233
459
872
232
1382
386
731
355
732
119
1384
1002
1561
926
810
1011
296
2279
1142
1719
1822
426
2005
1031
2400
320
2217
908
735
1782
1035
362
2355
1682
945
813
2038
183
2828
488
324
2153
805
400
11
311
2200
639
1579
729
477
45
2382
1291
738
1115
485
1776
1064
784
22
1941
447
108
1078
156
281
2149
1964
314
1648
369
463
354
287
650
306
1367
1477
461
1466
1678
1409
1617
2030
1924
1532
406
88
1301
841
1347
1142
201
57
685
2422
1257
1346
318
796
864
290
293
2715
513
341
1823
915
1387
764
346
1917
824
441
1044
1380
2208
1411
2539
2150
601
354
1299
1332
704
1231
214
247
1223
1188
682
1668
966
45
511
389
39
831
243
920
1582
1876
740
2277
874
1576
695
2690
469
357
337
1264
1432
369
1544
2123
482
2883
1448
2272
189
456
2196
238
1564
1198
351
1567
2190
2712
1763
404
978
121
1109
1818
1143
2805
686
2064
1937
1371
177
935
1192
486
153
1365
510
737
633
174
108
2286
2039
493
1620
129
1491
1860
1360
2152
271
632
1908
1012
1185
1075
788
604
883
262
165
1890
145
366
1088
2181
1615
1366
1375
685
283
50
1773
1982
625
2028
498
2727
719
325
286
617
1893
606
1338
2541
1487
70
902
42
2280
2724
13
281
1447
1848
2587
758
10
1106
496
60
49
136
860
407
913
2226
803
791
1553
1931
859
599
447
1064
617
605
848
1958
88
444
4
930
468
2147
1507
1556
1816
1097
222
1985
836
2169
1070
533
719
1505
2545
353
742
1795
1140
1447
1983
1560
2009
512
349
2061
649
2208
10
1961
276
2765
1244
793
242
31
2368
27
364
237
1605
1256
1236
1630
658
2093
2118
2697
989
897
982
152
207
2822
1081
728
357
628
1872
2477
528
1137
715
140
741
567
1863
806
8
411
2041
1311
493
310
137
335
292
2231
1850
1116
404
1688
49
756
2066
2629
1478
2066
1291
2904
991
1133
864
1680
2645
618
882
227
739
2193
751
577
133
1948
29
196
2664
83
480
118
756
302
48
1109
472
986
268
430
2265
513
1138
1833
858
139
578
904
537
1148
503
1871
827
1058
2107
260
2399
1139
1917
1505
702
475
1905
516
589
26
400
182
1460
1152
1018
313
2164
592
575
2260
1220
2274
1241
41
2711
216
802
539
2121
410
209
822
762
449
2408
2082
2032
510
966
1853
736
647
2496
1285
2188
2558
623
1259
2263
2120
378
891
1861
1767
1802
1177
522
2580
1093
2032
239
1691
2431
1080
1002
1085
869
95
1289
2600
1028
1474
1898
434
249
1965
502
1069
1435
716
1245
306
864
514
165
904
2170
1364
85
1538
1749
2959
1352
923
734
73
47
2266
782
2251
1985
1734
78
1050
1457
801
578
2875
917
2
973
685
21
2356
711
2938
890
130
974
282
1645
1718
902
630
532
138
772
1908
327
207
437
900
1885
230
889
2495
717
315
2339
1256
1131
136
517
241
399
875
1507
65
824
1255
1389
435
712
1704
82
52
270
1371
1010
256
2135
158
1739
1739
458
924
1177
1951
1146
1176
257
1586
2035
1200
1585
86
781
1764
718
562
1617
614
560
451
622
736
214
2140
694
1207
335
184
1653
1173
1118
1786
1123
702
127
864
579
256
2284
19
2053
322
2638
2456
2360
1302
131
727
1925
569
523
2172
1293
244
1724
1764
1985
2011
64
2044
513
1762
706
213
599
329
428
589
2810
1313
2737
2512
1332
389
1616
2918
1464
303
181
1153
515
244
1494
2301
1606
1953
403
2002
125
465
2177
1984
3003
938
1396
4
256
49
409
1808
2561
1672
2307
16
1397
195
2072
425
373
679
2151
546
2243
232
219
1068
1178
697
1561
1110
1303
1005
31
1972
1990
653
869
1916
658
509
1587
751
1997
2363
13
1067
1810
905
591
686
1684
2367
2308
2055
47
1167
1146
803
886
2180
4
231
741
973
2422
1394
610
860
63
591
1189
1256
428
924
613
733
946
32
742
318
273
1333
1467
250
176
1455
1631
162
2608
2383
1290
245
1471
1946
1584
1294
43
553
2116
1207
312
2138
229
23
647
146
1625
1665
1187
1135
80
1205
1095
20
287
1857
300
680
1842
611
642
164
727
2257
23
1044
2379
603
501
2328
1283
103
180
521
1253
179
97
373
873
1562
662
2054
2077
4
892
774
1394
1034
6
1172
148
253
1311
521
2937
675
2334
655
684
513
2167
32
1443
1517
1077
73
424
1709
710
131
1029
690
2048
2881
634
1351
1348
1648
48
1177
277
2423
669
991
737
356
125
1308
901
2308
1852
790
582
31
680
996
2106
853
730
597
1488
677
1674
1117
592
784
32
1448
320
10
1850
1709
249
3056
1843
1901
153
2164
1112
1697
1003
419
492
713
524
1303
1371
322
153
517
2573
14
1382
2011
1203
1133
533
22
1354
1160
2567
1997
559
426
998
1057
125
1410
1369
1751
103
1889
1709
437
1004
1448
2192
1204
200
475
584
848
1087
86
576
675
274
722
539
294
204
1916
1470
326
100
1450
692
1910
775
1819
2661
132
1126
1660
526
2324
416
275
1608
1060
1415
895
854
1356
366
2359
1552
1437
840
117
779
165
1977
102
894
467
1645
509
380
37
1149
2514
1663
1637
1181
1719
1937
290
68
945
624
268
603
247
1688
984
619
1151
725
1212
116
999
268
183
1674
1249
1110
741
2243
1989
569
1908
325
2542
735
379
2138
312
865
1542
178
359
914
394
937
1390
2234
180
923
99
1411
874
1220
69
1039
145
1790
1082
95
724
2745
1004
818
1048
187
674
2884
816
882
563
264
219
1031
649
1930
1328
2483
212
1948
39
1161
677
849
370
2481
165
1296
2106
2077
75
1001
1309
257
2219
246
35
535
1929
1135
2322
993
728
499
743
1682
315
1171
1332
31
1065
1921
1987
923
1875
1375
1529
2482
802
1499
113
1555
256
342
199
604
411
891
1581
478
1403
448
470
1303
1654
1185
1774
2085
16
2762
590
35
1985
1213
1694
635
1321
705
814
352
1385
1627
296
278
485
2079
2684
348
199
1034
1981
36
1365
916
2681
230
646
1333
425
1281
2543
520
579
1321
2537
2190
571
1869
251
2461
209
1447
393
1820
2257
598
79
1148
93
1288
127
306
552
2688
251
1171
845
363
1958
170
547
1699
466
251
1408
1700
1040
1526
668
1013
75
2737
1089
965
210
2178
261
816
1469
1434
1549
2723
567
2996
1858
1755
1338
250
184
1310
912
1440
1039
934
1047
2174
1164
1239
1961
1581
1539
1572
2315
168
2372
40
2036
275
1569
206
1490
1347
444
748
998
1668
1173
1572
465
1037
534
108
781
1344
580
1407
61
2523
115
1551
1158
448
1715
55
59
1867
151
1896
195
986
467
496
186
1633
683
823
1036
256
1412
2808
11
770
1162
925
47
1581
2270
1275
797
687
1134
97
2383
832
189
1092
1887
1240
1009
1227
38
470
147
1186
1193
1009
390
1244
299
1144
1367
1746
789
387
1286
1346
705
989
901
319
1894
1734
323
357
155
873
2317
1840
1222
1027
1381
1394
219
544
54
691
464
2131
1311
1048
519
1344
269
937
1328
417
2267
2014
489
960
1549
284
2057
224
1322
1431
1666
2521
2006
86
928
1739
311
211
415
1678
1168
27
85
1710
2180
1426
1308
849
34
613
2113
4
1443
306
1429
750
898
988
370
2230
270
967
2340
913
2
1757
234
1966
163
212
1382
293
952
2865
543
1321
587
900
567
1009
293
465
566
1526
351
673
2457
723
265
2650
1617
766
2223
393
1328
350
299
114
2214
827
953
816
2499
1674
175
603
1080
876
549
124
1224
607
109
998
888
2479
769
923
910
2935
1018
1502
911
484
294
2654
832
1440
1686
1007
468
1089
2395
370
576
722
2322
1837
422
1556
1183
279
305
996
781
1099
964
837
1197
64
499
509
1133
1070
198
826
2243
3006
352
1463
879
1651
2224
982
839
2313
628
2613
395
1605
263
1060
974
547
2312
312
418
687
1770
1553
1103
283
1560
1290
115
941
1307
795
2198
893
2256
1924
171
628
537
200
501
2164
464
897
263
30
1399
688
2508
445
473
563
284
796
158
627
348
1096
1759
249
282
1174
46
1030
338
1986
1692
368
211
1005
133
1939
213
131
1165
2003
2547
2435
1378
19
983
138
2209
577
542
2245
1237
1788
1086
741
2470
1292
1071
2481
1614
567
399
291
1268
2606
354
787
2642
635
2485
373
748
399
717
1303
1152
1996
1821
905
948
257
1039
2135
1916
1775
277
2276
699
315
560
367
1718
1610
1370
332
1039
135
135
1315
611
13
201
73
1355
2552
108
60
107
1587
1322
610
99
2629
2360
147
376
1205
830
926
929
1387
2676
1873
768
1069
802
2242
305
1375
2123
846
1573
1393
135
314
2141
236
814
1966
866
337
2411
427
128
403
1304
1602
411
821
1083
30
2888
140
75
880
2255
113
376
2487
1398
1441
2045
860
1884
375
2249
115
409
115
1257
1370
1453
1697
1376
347
812
1467
494
129
120
363
1260
1338
770
1052
1656
486
548
280
778
884
310
2398
302
1368
2286
1291
414
691
424
604
1492
1224
2209
727
1112
2499
2979
1975
995
710
2748
1759
1280
59
1212
588
583
1049
18
2388
1390
546
34
1750
2505
1318
34
535
1668
547
328
2103
546
422
997
1280
39
1003
196
215
208
25
1384
98
687
1967
1574
64
345
1587
522
153
1420
120
1325
102
514
2166
1287
243
247
555
377
1002
1623
618
13
2195
161
2740
544
591
1011
2220
1337
92
471
741
908
886
347
1476
979
2684
37
27
1231
1029
300
1146
1511
449
405
524
992
241
1889
2799
1513
1626
2903
74
560
1027
2838
860
1469
1383
1210
1402
1014
1026
698
341
360
1381
1339
1409
1508
843
1792
2071
908
533
855
157
805
1982
2089
659
1857
243
361
1073
573
1756
359
923
1927
1895
1438
117
148
674
1164
489
1704
1857
559
2452
157
1586
639
479
270
356
345
542
573
316
207
2106
253
16
1044
575
2547
1571
171
1304
1977
990
868
2097
295
467
1443
2088
1543
580
26
910
1554
1470
883
436
2043
249
2288
497
222
642
48
50
232
1781
204
111
51
2761
295
66
197
1957
1455
1048
47
221
647
448
1214
665
1304
590
272
1561
1115
22
2755
206
1135
471
2379
413
376
168
1155
188
1473
903
1625
1097
1527
2607
1455
264
1308
173
321
1074
531
923
1157
523
1918
1729
721
1835
618
1434
114
1363
1038
257
892
651
1534
2103
2477
1054
487
373
1943
1122
1634
367
1734
1938
1868
1310
2099
2466
1136
1840
9
1508
365
411
295
149
518
998
144
350
142
2880
59
564
726
1697
1307
15
361
1763
2379
1110
2527
1121
1096
885
1276
1613
421
1008
664
477
1190
1190
1985
422
97
1789
981
539
61
2634
313
179
1464
245
826
1528
919
883
1467
420
317
717
1218
388
1033
363
499
27
383
50
1495
2430
122
1449
2079
325
333
615
1647
532
670
806
51
968
2622
1195
1015
140
543
1991
738
611
200
1197
1094
367
1872
1724
2634
39
1253
725
1341
818
1258
113
154
1447
433
266
433
1536
274
132
1674
1050
651
1999
750
890
1635
603
140
37
4
906
527
1646
258
893
1001
1136
1143
1481
126
869
473
1166
643
1229
118
151
1758
1535
64
1041
2432
502
2092
517
1679
524
2666
51
566
762
2684
84
2455
1099
1542
1987
822
2355
119
1128
2369
885
799
1510
320
111
231
155
596
1752
1104
1995
728
2292
1517
1546
1284
249
439
2745
1734
1102
976
73
690
1186
503
508
813
1104
1767
264
847
382
95
632
1316
1038
488
58
1302
2
217
940
173
1717
2524
1041
2622
1464
2509
573
1198
2556
1216
1241
659
302
402
2334
1765
2622
50
426
902
1000
1249
3075
2271
592
1200
726
486
410
2083
954
424
995
408
86
153
2326
2516
2187
439
2
391
523
2159
229
722
1286
93
1382
320
343
2825
1826
1412
779
1024
325
15
2400
1924
1391
549
111
2681
122
1501
1470
105
259
171
1514
2494
209
251
1378
1232
1874
551
146
304
2163
387
1627
418
445
436
2394
1319
1700
55
382
1685
1128
2351
2126
1286
419
147
485
155
2260
974
1303
1754
1265
2086
1352
384
991
1786
655
69
2789
1470
1339
2088
1710
441
1359
1642
222
224
18
107
162
879
964
247
394
1798
1455
2159
2020
1228
188
1790
169
591
783
1739
42
1100
1553
517
1437
1006
1001
2554
1115
49
179
525
2357
1525
549
147
566
1988
466
318
883
132
575
1948
3
2241
1690
821
1017
816
291
496
2102
950
448
600
594
800
2507
3
1285
658
1523
244
710
2964
44
2426
306
92
1041
2390
1593
1356
855
66
637
716
2291
1151
1840
726
682
20
2043
1140
782
791
1287
1478
2394
188
103
525
1588
2698
82
239
164
2304
249
1616
653
494
478
1986
928
1645
1854
2421
1941
1565
982
720
2829
1033
2278
1626
2714
1954
1888
544
2306
529
923
2776
2216
446
2595
161
94
1297
908
220
1392
769
65
2426
2164
657
1048
1408
7
928
2069
1129
1244
677
497
1875
1804
2536
1214
1252
495
385
1328
79
1353
540
1727
1818
2384
661
1636
1617
18
279
1784
2937
1497
402
435
639
2242
35
1594
2681
523
1087
2241
1789
1603
107
2075
1003
842
1871
2325
447
118
214
1239
269
26
730
823
1902
2337
408
2119
786
150
1076
1892
2161
838
226
555
2634
895
926
471
880
176
803
758
898
1053
1214
1075
508
2740
583
711
190
2497
1128
1101
1137
1331
1457
183
382
284
624
325
1253
2404
924
1249
180
1127
1967
629
867
935
1337
306
128
51
1709
1476
466
1606
729
611
511
866
1306
859
774
1903
2917
415
847
938
514
629
448
847
245
1440
155
1868
843
1669
430
2586
834
42
1554
195
1537
1368
904
1590
2116
2583
2423
2652
1923
1290
407
230
690
407
1540
1420
1579
1416
511
962
1620
577
343
2975
137
2481
653
2230
2189
530
48
715
2777
342
1911
800
1092
1500
471
2173
145
1344
462
1973
1241
1020
769
1040
121
623
370
1040
2146
764
65
1033
1016
541
1813
2
703
643
3032
159
1792
2417
1400
236
1692
360
1137
1104
1971
845
378
552
483
1665
470
289
4
412
1430
903
569
2535
1468
580
154
559
363
247
448
1203
506
485
1551
1660
1948
255
168
687
87
2362
578
440
526
511
56
411
2326
1334
281
130
279
349
1313
1056
324
2664
451
150
1151
1440
910
744
1990
305
608
627
244
1308
171
55
202
709
269
1004
169
2592
2323
3011
151
1049
1504
2060
1908
148
1680
1603
156
482
927
1949
30
405
2712
384
50
1662
2008
1103
1199
2066
33
1344
991
1940
1071
1212
1239
923
946
495
2980
260
41
562
1163
2001
653
253
316
2672
866
833
1752
1132
1505
788
610
67
2096
104
1678
967
493
55
2056
1112
951
1745
43
42
1415
795
670
1156
136
107
490
1893
1677
535
1699
140
777
1027
1602
1480
6
123
907
1607
929
1355
2083
1049
212
7
191
1181
365
1193
77
383
270
982
988
43
2079
982
1040
371
280
578
861
46
1343
228
1888
462
115
1979
1789
560
453
1972
1724
1024
2068
1281
333
1575
150
1746
439
508
509
239
1515
1113
257
1349
1027
1578
513
1095
1130
2658
809
1887
1468
38
918
655
415
1512
1779
1114
1587
523
1579
279
2321
2014
14
188
808
945
185
756
113
961
1871
919
1702
566
698
121
2805
1025
181
2108
1099
1798
1335
1656
536
65
1123
285
89
85
888
2728
1771
1628
3052
54
1673
471
266
1966
196
1967
755
1078
959
987
853
966
110
1311
2245
685
1995
159
228
1905
1639
507
1329
386
2294
746
816
1929
134
1195
1525
851
1368
244
808
2013
311
2006
1099
2090
115
1035
2413
154
2279
1102
279
854
1069
527
150
1712
683
341
1518
964
2214
1341
157
1225
295
1958
1555
712
791
1116
1816
54
70
1844
1910
739
717
1748
1235
71
6
2165
349
1725
2597
1380
400
1407
862
477
574
607
812
696
2259
985
2187
317
1336
682
866
1626
2201
150
83
399
1237
1248
64
1608
385
300
2294
488
2164
49
508
1342
1807
1775
351
2819
331
293
1125
101
372
420
674
1094
2089
1374
366
2350
802
273
1704
2338
1979
2430
1480
1602
549
488
2201
814
226
1624
154
1685
170
1225
1267
564
1881
1529
305
1202
195
1351
958
372
798
596
957
1289
643
722
1066
219
611
851
1917
218
403
1649
1335
2069
472
1302
1147
433
1376
197
2245
713
819
614
236
2088
286
349
2577
1632
523
1118
1819
413
457
1363
530
2053
1784
17
1958
131
807
385
192
909
1664
296
2265
1319
328
1595
1686
942
1151
1349
1000
756
1016
634
2830
868
1809
366
524
1515
664
1592
996
112
1996
447
813
1328
2029
1150
1295
82
448
2387
440
961
702
1422
2026
812
471
293
1383
449
759
678
1230
1829
207
168
962
72
1348
454
687
615
2815
212
632
855
837
1052
188
1827
303
1028
684
711
14
2725
1517
656
813
640
2423
599
1451
2965
26
51
2507
530
806
669
942
505
2495
723
1014
742
1190
600
1663
1275
373
403
1243
206
2032
1198
2966
2155
849
308
834
19
43
236
2285
1826
413
1290
1062
32
36
1383
1551
800
992
1433
374
1680
215
1456
91
1864
1480
1389
1465
1262
1907
887
1240
2070
1639
1034
1758
255
886
844
1699
1497
166
271
2165
2189
535
113
614
975
710
1910
127
1196
862
145
2351
589
77
1541
1975
2651
42
16
2296
1053
239
636
155
1176
1888
1694
69
324
3
49
975
1430
974
23
190
1618
339
690
547
443
22
751
