24180
77284
4356
51984
10201
462
2652
37056
65536
1849
110556
195364
39601
23562
16129
42
70225
15876
8010
14280
28561
118336
1560
484
4830
3422
3080
7310
76729
306
14641
2070
51756
30800
529
17292
186192
30450
62500
19460
17030
90000
35721
32041
4032
8281
42849
306
225
1122
217622
5041
118336
10302
66306
1225
38220
6162
2601
1640
7832
7396
98596
196
36864
49952
2809
70490
52670
1056
113232
140250
10201
132496
6642
4032
7140
166872
17556
39204
90
58081
30800
420
61504
112896
1482
97969
26896
5402
12
16256
5329
462
81510
1681
3600
62500
64009
32220
59049
16129
306
66564
18496
49729
8281
46010
6642
12
16512
1806
39204
111556
3969
3306
3600
15876
1406
9702
12100
24025
1936
103684
42230
175561
107256
3422
27889
21316
153272
40401
5625
56
44100
30625
1260
506
6480
26244
28730
2
1892
110224
31862
53824
9312
506
58081
289
8100
43264
31862
552
90902
106602
70225
256
53824
34040
1260
600
150544
6889
182
1369
50400
2756
151710
26244
119025
59292
90
51984
21609
27556
106929
115260
19600
104652
169
118336
4225
13340
5700
34596
12544
11990
52212
10000
43472
9409
17956
43056
86730
25122
190096
9025
15252
2116
26406
128881
961
11881
170156
17956
59780
28561
2970
28392
90000
7832
10100
3364
114244
5256
12882
140625
101442
19321
41209
89102
50625
105300
38416
2304
16770
2401
127092
60270
3906
137270
31329
33306
52670
2401
46010
14762
103041
12321
9900
138756
4225
12
16002
156
1892
122500
126025
13924
34782
306
32400
14641
19740
506
2970
51529
46872
18496
1122
4356
324
87025
20449
20
3481
73170
1980
67600
10000
9604
22650
36100
21462
7140
2756
81796
117992
22650
6241
7744
16002
139876
5625
5476
16256
47524
4422
22801
26896
58322
60762
65536
506
89401
6642
37442
126025
6972
33306
18496
5476
6241
13924
7832
23409
39402
33124
39601
3782
47089
44100
51756
529
30
9120
59536
49
225
77284
1482
143641
34782
53361
1521
6006
35721
16770
39601
3782
149769
2970
31684
506
20592
116281
5700
1482
6806
1406
10201
100806
8742
30
6
240
68382
2704
9900
107912
7744
1406
12210
144
52900
92720
3136
32041
52670
44521
108241
1156
21316
961
17161
38612
90
176820
89102
45369
11130
25440
60516
15006
3782
41412
361
420
47961
44100
29584
206570
98596
34040
61009
10609
70225
342
19460
812
210
136161
217622
24025
114244
74802
1722
7140
380
93636
1482
8649
62500
21170
44310
8100
149769
46225
108900
54990
126025
65025
20592
1122
39402
148996
56169
10609
50176
131044
89401
62750
8372
2450
15625
7569
65536
36
19460
1089
30102
6241
97032
126736
3540
24180
6889
12656
16900
930
78120
306
1980
96410
1225
756
60762
110
4624
98596
129240
5550
86142
702
84972
131406
14400
625
3540
29756
125670
27225
39006
90300
6480
22650
34782
1406
136161
1024
9900
187489
61752
9604
38416
16384
7310
67600
43681
141376
24180
22201
1936
1406
63252
30976
69696
46010
506
85264
14884
9120
47306
22350
27390
3192
44944
1722
122150
90
156420
3136
45369
80940
14884
9120
47524
39601
42436
19182
28056
14280
6806
14520
13225
4970
1122
9900
27390
190096
1600
14161
68644
94556
27556
34410
870
7056
146306
676
21904
46872
4900
136161
25440
32942
29241
18769
145924
35156
13806
58081
31684
2756
44732
361
4692
224676
2500
16641
100172
17292
4970
20880
9409
151710
80940
111556
1406
576
60025
42
34040
6642
21609
5476
441
39204
18360
68906
100806
400
89102
4290
19044
115600
8010
46225
117992
96721
179776
2809
42025
34410
90300
26406
2500
48400
4
33672
109892
4900
1056
46440
1806
5402
50176
44944
16002
102400
77841
43264
3136
31152
41209
6561
26569
110
756
41820
71824
34225
66306
625
42642
43681
6972
193600
3192
70490
576
342
2116
35910
106276
32580
17161
31862
39402
73712
7744
85556
10609
94864
70490
156
56406
14042
702
21170
114921
210
159600
129960
134689
87912
11990
111890
120062
8281
9506
14762
7396
6084
55460
43056
1122
59536
9409
4900
37830
93942
108900
3025
3025
9801
24180
113569
4356
40200
12882
112560
35532
33124
34040
784
6084
32942
50850
4830
40000
30276
20880
55696
1225
49506
1444
85556
103362
188790
102080
79242
13340
81225
56882
32041
2550
3422
49
17956
63252
18360
21904
9604
6
96721
60762
400
4489
29412
400
184470
4356
4160
67081
6972
35532
89700
441
81225
160400
41412
3080
5184
182
132
930
1722
17689
11449
39402
161604
195364
110
9900
400
73170
167281
240
2916
3969
9801
76176
186192
41412
85264
104329
42
35344
6806
96410
11990
40000
60270
3540
6241
8010
25
14280
136530
56406
106602
52212
9702
54756
72
66306
27225
116622
10712
34969
60762
26244
94864
93330
48841
32761
625
120062
2550
45796
185761
206116
4
4225
16900
30625
90300
25122
961
3136
1122
98910
21025
1806
34410
1521
29584
30450
5112
756
34969
4356
64516
756
195364
784
33672
289
2652
3249
67081
21462
131769
1444
19182
2070
36481
676
12769
28561
30102
13110
12432
8100
21025
3906
3844
5184
48620
50176
6400
8372
63756
9312
240
132
18225
22052
51076
17822
223256
31506
9604
46010
1936
42230
68906
132
9702
13225
36290
58806
529
930
8281
17161
58806
189660
12882
31329
77562
169
30800
6806
10816
20736
25122
16770
8372
1056
26406
60025
13456
6561
16384
4624
4692
16
12769
289
2809
137270
11881
81796
127449
14400
8556
441
23409
756
20
74529
31152
23256
34410
30
24806
57360
11881
22801
78400
95481
39006
12656
22952
24180
3364
61504
150156
8649
5852
86142
42
16900
156
98596
8742
87912
65792
7310
2209
163620
26569
3136
8649
40804
15876
16384
2550
100172
400
85849
12
3422
7921
139502
13924
380
841
102400
1369
74529
324
84390
20164
650
22801
961
75625
12321
16900
4225
12
9604
841
1600
462
3192
106929
600
49
2704
102400
43264
2401
40602
9025
72900
53130
13806
80940
3422
54990
90601
38416
10506
16256
3364
30276
82944
15376
3721
81510
36481
1444
21904
1369
16129
61256
9604
61256
98910
6084
101761
2401
2916
3249
12432
66306
30800
15500
20306
185330
20449
49952
57840
34040
24025
35156
165242
6724
8930
19182
8556
2304
26082
164430
111890
94556
62750
66049
6889
42
35910
2209
1892
12882
55460
25281
133956
87320
73170
8100
18906
6889
1024
3969
2450
462
24180
441
119370
289
21904
8372
82369
81796
2500
16770
40200
119370
8190
48841
4356
69432
30102
16384
1936
101761
600
13225
66306
45582
3422
64
2970
35532
67600
125670
71556
11236
71556
2025
30276
64009
75076
144400
49284
62500
4160
31506
4900
8930
16256
9312
97344
38416
160801
4830
1190
75350
4
18496
25600
1722
16770
2162
7056
22650
6642
9702
4489
3025
3080
17030
27060
10920
40401
24492
205662
1980
4032
98282
100806
4096
4900
16384
7396
90000
16384
96721
140250
39800
5776
34969
5184
7225
50850
3422
154056
1056
103684
9604
84681
18906
17689
90000
18496
112896
3364
19881
217156
80089
81225
16002
12
32580
36290
3969
81510
55696
21904
65280
18906
8010
73441
31684
123552
420
56644
22952
26082
8100
11881
43681
96410
18225
4160
4900
72361
11236
4422
40200
87616
650
5402
72900
1849
462
144
12432
14884
67600
9216
33489
182
9702
87025
169
4032
7482
8190
6084
1936
13110
8556
112225
88506
97344
81796
114244
17424
59780
37830
81510
55932
128164
13689
27722
1156
400
100
35156
4830
1056
64516
272
51076
49506
5476
144
16129
256
80089
190096
87320
66306
71022
1332
129240
178084
20592
78120
56882
1936
5112
1
60762
124609
162409
21609
4
210
163216
3660
168100
462
39601
4900
32761
73170
27722
64262
81796
15376
4160
22801
2352
29929
100806
3422
625
34969
19881
69432
42
812
77284
12996
5184
42230
8836
198025
420
9506
35532
41412
94249
272
484
72900
73712
18090
6400
12432
49284
175561
2500
208849
75625
163620
86142
65536
42436
6320
8372
25281
153664
33856
14884
13225
89401
73441
2401
33124
2500
17822
16256
36864
4356
38612
14400
121104
27060
7569
17292
20736
20306
15006
21025
3025
112225
40000
7225
147072
56644
7310
6006
11881
9506
104976
8190
164430
25600
145924
5184
6561
20449
83521
28224
1
82369
650
4032
183184
4356
1681
131769
37442
187922
22350
15750
25
12100
13689
1156
1332
12656
2601
197136
32761
3364
50625
110556
7225
96410
1369
212982
113569
16002
2970
11025
3782
3844
49506
51984
100489
7140
28730
18090
35344
210
25600
69432
484
3782
3844
7225
1369
151710
24806
2500
29412
29756
13572
2916
63252
186192
132
36100
12544
36
110889
81796
50400
99856
49062
77284
6
29241
41412
6320
1406
48841
78120
13924
32041
2070
3364
233772
9702
90
116964
18090
78400
1600
6320
21316
8190
2162
10609
49284
75900
16002
155630
5700
4556
167690
15500
63756
4761
23409
18496
8649
15625
24180
91809
66564
28056
53361
702
162812
8190
201152
31506
25122
7225
38416
42849
3249
31684
420
34410
120409
41006
7310
37830
35156
3364
9
1332
18090
14762
184470
64516
108570
39402
66564
138756
92416
33856
306
14884
15006
9900
400
76176
3364
2704
125670
32580
177662
132496
32041
3540
32580
28392
1444
1681
100
60025
6724
20022
15006
100172
1892
1560
13225
25
154449
64
361
2550
100
4970
5256
169
112560
2256
78961
91506
8649
6241
32041
6
75625
81510
94249
47306
5700
99856
85264
196
78120
103684
49729
67340
23104
85849
3600
19044
49952
29584
600
12882
120409
9025
12544
380
216225
12321
5329
1406
84681
3025
156
99540
188790
24025
52670
1444
650
8742
140250
506
53592
930
552
188790
44100
14161
1332
5929
25600
35721
119370
8010
28561
80372
86142
13456
576
306
198916
95481
43264
1521
72361
24492
25
19321
89102
48841
8556
132
22650
870
53824
64262
3844
2401
1024
237169
625
37442
5256
108900
36
23562
272
576
3481
23409
650
1722
27060
34596
3422
6889
49062
702
27556
112560
34040
54056
37056
69169
24649
1369
45156
2209
12210
1089
17956
161202
20022
5852
32761
231842
107912
17689
5929
36481
2304
82656
24492
18632
2500
2162
90902
12
71556
11342
77841
17161
201152
961
39800
3025
169
1260
256
45796
53130
64009
272
54289
86142
167281
1406
4096
38809
900
35532
43472
22650
90
75076
35721
85556
156
101761
42
36481
74802
7310
29929
47524
78120
420
6889
10506
86436
5550
1
1722
34040
44310
210
69432
43264
930
29070
3192
133590
10302
17956
37056
12
2450
17822
100
144
25
32580
58806
35532
17424
15500
150156
100172
75076
17424
26406
71289
7656
114921
100489
11130
84681
380
41209
38025
188356
146689
6480
104006
4970
25760
3906
38809
40602
14884
900
25921
36672
27225
23716
1332
992
46225
81
21025
67081
240
91506
65280
1
4032
25122
54522
56406
5476
17030
7310
67860
150932
73712
133225
193160
36672
1156
82369
56882
484
43472
18632
67081
930
49
5184
11342
420
342
19182
69432
111556
75625
68644
39204
136530
23256
11772
108241
1681
30276
289
86142
23562
145924
12432
175980
5184
52441
28224
240
7310
52441
14042
96721
116281
2209
169
125316
3540
20
20880
29584
6162
625
7921
59292
39006
18090
20
21904
88506
41006
121104
14520
86436
34410
2256
4356
1024
109230
3600
85849
168510
16384
141752
115260
112560
86436
3600
8464
2601
1936
812
14884
5329
79242
235710
56
61752
143641
11130
85556
32942
206570
30976
164430
64
73170
13225
30102
92416
137641
324
18090
104006
162006
37249
2652
150156
13340
81
196
70490
8100
11990
13924
23562
65536
2756
137270
9409
144
5776
930
146689
80372
60516
10000
2
3721
2550
10816
213906
78400
6889
10609
1260
1806
121
13110
19044
108241
5476
8010
1521
50176
18090
8649
18225
89401
11025
11556
21170
2
784
89102
3136
625
49506
8649
68382
84390
156816
15129
64770
16900
116622
100
1482
6724
4356
96721
90
841
8649
4422
10920
47306
676
100489
29929
32041
15876
63001
91809
600
64009
6724
108900
169332
4489
85556
961
6
193600
111556
2304
64009
25921
48620
28730
144
6241
148225
15376
30450
7656
9120
1482
9
70756
29412
38025
3136
5550
18632
17292
870
6084
38612
37056
10816
9120
72
43890
53130
59049
82656
60025
900
100806
74529
111556
18360
31329
8930
4556
1681
155630
89401
182
44732
185330
16384
72361
37056
46225
98282
71824
5256
32580
992
67340
78680
14042
115600
2450
400
4356
5929
105300
1600
1806
52670
76176
60516
48180
26896
12769
164430
130321
80372
198025
95790
121
2256
122150
49
22350
4
6320
12
484
14520
100
205662
11772
57600
30102
4422
289
231361
11449
105950
57600
25
113569
25122
8649
51529
18360
870
96721
87616
68382
676
61752
99856
4692
55460
2500
7569
42436
97969
31329
3782
9120
9216
1806
2025
26569
6724
4225
54056
6889
14641
110556
160801
62750
44521
9
39402
420
1980
75076
105950
4624
39006
44944
8010
1406
17689
729
20
33489
14884
80656
1980
149382
82082
81
74529
10000
14042
4356
4422
3906
67860
26569
47089
7056
88804
69432
1296
46010
46656
18632
41209
196
55225
9120
21756
37636
240
8100
41820
58322
27722
22952
24964
116964
45796
1600
136530
6724
2809
27556
84390
2209
46656
10609
128522
125316
53130
10506
361
17030
8930
23562
4356
230400
2500
33489
1225
11236
6241
71022
169
729
27722
124609
15625
118336
5700
21756
53361
79806
93025
25122
3969
13924
221370
38416
7396
75625
4422
32761
3906
57121
115260
69696
25
23716
4761
11990
51984
576
36481
100172
3600
841
225
91809
132
20880
164430
20449
7569
17956
43472
169
79524
31152
72900
63001
37249
131406
2025
68121
28224
75350
18225
10404
27225
32761
78680
441
19600
30
162812
1681
3540
146689
2704
6480
9604
1849
106602
1156
6889
64770
100172
5700
16
17956
42025
6
6972
107584
5776
529
9506
42642
41209
11881
47742
79524
3306
3080
16384
15876
45582
400
42025
1332
342
58322
6320
95790
9900
65280
47961
10506
60025
35910
27722
42230
19321
110
7225
12996
20880
10609
12432
19460
15876
992
11990
112896
32400
1056
78400
21170
10506
21756
89700
8556
102720
11556
56169
6642
10100
96721
59536
16256
18090
36100
72361
11236
961
3540
13456
5625
4032
20
1122
15006
35910
9801
26406
49952
32220
46440
39402
41209
56882
529
53592
166872
10404
198470
3422
154056
3025
4290
80372
104006
150544
139502
29929
529
15006
1260
77562
154056
72092
3080
26732
146306
8281
4830
17030
26406
2
8464
61256
2070
224676
51529
576
34040
30
1936
19600
24025
139502
46440
70490
177241
42642
2704
48841
43264
12882
11990
11342
182329
72
39402
10506
56169
1806
625
63001
166056
97032
16129
49
10920
75076
41209
66564
2550
10506
157212
54522
51984
1296
15876
34596
109230
79806
79806
62250
56644
6241
3136
12656
7656
7310
64770
162006
992
70490
26406
28056
60516
27556
33124
6006
380
3540
90
47524
37056
36481
75350
203401
9
1521
58806
2070
23870
1190
16384
841
68121
1332
576
22801
50625
11664
650
10920
38612
20164
149769
16
119716
729
2304
4970
600
306
46872
6889
3192
6724
43472
90
87025
3906
28056
9025
3782
51984
240
74256
172640
272
23870
15500
104652
11664
20449
29412
156
24025
59292
71824
33306
28561
23870
18769
72900
125316
111556
342
20880
4356
52212
34040
1056
6241
102400
1892
25122
29070
196
70756
1764
10302
9801
13225
81796
900
7225
39601
59049
22500
15376
702
124256
1560
1521
9506
147072
15876
79242
54990
1681
3906
1089
67340
16002
74802
3969
1482
42
108241
25760
1849
5625
64009
31329
87912
71289
14042
68382
225
61009
22500
3481
3481
25
2550
14400
11772
201152
3025
17556
6084
101124
16900
5476
84681
1332
108900
4970
124256
5700
15252
15500
120756
25760
2550
6006
56169
31684
41006
2652
59536
46440
6400
23562
20306
178506
25122
67340
91204
625
54289
400
101761
26732
49729
240
9702
6
729
3249
40401
4556
2162
16770
24180
4761
2070
158006
5184
87025
142506
68644
4
12882
23256
38220
13689
17292
39006
3025
18225
24025
84100
3136
506
24492
202050
111890
101442
506
25
21316
77284
50625
16
342
3481
54056
5184
43890
2401
12210
66049
8372
45156
58806
506
10920
102080
22952
11664
2
116281
40804
420
67600
16256
224202
27390
6642
18906
49729
40602
138012
38220
361
54289
11556
83521
117992
16384
1936
45796
130682
1892
9216
67340
141000
34596
104329
73712
50400
20164
14042
17556
1936
187922
225
125670
17424
44100
17822
103684
2916
100
12432
161604
23409
121801
10920
5402
1806
4556
35156
109892
20164
126025
23409
1024
4356
12
49506
10920
9312
1260
29241
48400
36
1122
3422
900
210
20306
10201
37830
183612
20164
2862
9506
90601
41412
10100
4
20
80372
10816
10609
2970
342
95481
14884
18496
132496
37830
28056
576
7482
61009
35344
234256
73712
17292
33856
43681
9702
42
26244
1406
86436
26896
23562
28730
36290
30625
27889
3540
1640
4556
47306
122850
30800
43472
289
105950
17161
72630
18632
39601
125670
9604
1122
1681
1980
31506
91506
132
16002
98596
4970
115940
1640
19182
100
1600
62250
148225
45156
69696
16384
14884
194040
5329
4830
27225
15625
114921
82082
19740
34596
25600
2116
23409
12100
12
25
10609
87912
45156
34040
100
40401
124256
37249
14161
105300
51076
139502
8930
24336
78120
1122
8010
4422
195364
32220
12996
69696
86436
51302
37056
7832
62250
1024
72361
21170
26406
11556
2304
72361
9120
108241
29756
5329
112560
5852
111890
34410
50850
12656
1089
1156
4422
58806
64262
171396
240
2500
6806
36
17424
462
184900
29929
102400
23562
1764
6
23562
1936
133225
102720
31506
76729
120756
47306
121801
38612
196692
91506
23870
8742
12321
44732
61504
3969
29070
49
30102
35156
702
1764
157212
16002
35156
97032
30450
1406
1332
34782
7310
30276
2704
784
177662
81796
11130
506
11236
60270
144
164430
2652
29412
15129
111222
49952
14884
11342
1640
2704
1332
23716
9312
17822
169
92720
167281
38220
9801
45582
133225
41006
44732
9120
141000
14042
146689
45796
5184
225
126736
22052
11449
62001
15500
41616
19600
9025
64770
104006
74256
4830
45156
127806
31329
8836
9120
16256
20306
62250
7921
4290
10000
462
145161
64516
80940
48180
21462
19600
1560
11990
47961
58322
5184
16384
1406
1225
35721
3844
28900
103362
78961
121104
256
42642
48841
56
9702
90601
39601
22952
14762
7921
39402
18906
17292
60762
82082
7832
8190
27556
11881
43681
2450
139876
484
576
61752
5625
2809
101124
6724
18632
30276
130321
529
1225
51302
141376
15129
930
20592
2
169
3481
812
63504
8649
1560
4692
69696
1156
7310
15376
2500
61504
10201
8556
47089
256
256
12432
6642
1406
3540
20306
22650
25921
3422
11025
105300
5041
41820
112560
79524
63756
16129
11025
15500
44310
178506
26406
123904
43056
47524
14884
84100
137641
11342
9900
30625
210
112560
2401
11236
272
36481
90902
35344
7569
12769
40804
10201
144
4830
132
21609
2025
10609
160400
2652
69169
150156
100172
2450
86730
5184
4096
4830
38220
3660
144400
57840
870
9604
4970
98910
81
5550
34969
51984
132860
34040
72630
44521
12100
95790
69696
38612
4900
23870
161202
181902
10816
70225
107256
11130
77284
113906
208849
729
20592
87616
9312
20306
23870
15625
3481
49
117992
14280
141752
2916
196
87912
361
812
14042
1056
135424
20449
66564
6320
1296
145542
16384
105300
37830
9216
73712
16002
81510
142506
29929
21316
141752
2550
650
15750
33306
28561
16641
38612
16770
30102
49952
120062
2809
96100
10100
24025
6972
5184
133590
4
19881
8100
40602
7056
146306
29756
38809
39204
870
16384
106602
650
182756
2500
1482
6806
60025
134689
16
870
63504
16002
32400
39006
14520
59536
123552
39204
112896
9702
64770
25921
38220
49
25281
70490
55460
15252
62001
15252
21316
113232
40000
17161
89401
15625
600
1332
108241
18769
36
24180
36672
24336
61256
4970
25122
51529
10000
21170
650
3306
51529
26896
2401
94556
38612
24806
1640
10920
165649
101761
28392
11990
1296
111222
70225
213444
8010
3481
93942
48620
529
4489
62500
24025
120409
8836
4489
7921
61009
120062
132496
3249
31684
2550
8649
240
42849
9506
12
67340
75350
870
18632
4489
34410
18360
58806
156
22500
6561
43472
11025
4290
16512
87616
61009
650
56882
65536
1936
31862
39204
46872
168510
73712
46225
34225
35721
552
324
75350
13456
6480
1681
5329
38612
8100
14762
29412
23716
31684
2256
29412
16256
165649
6480
8556
506
7656
66049
289
57840
529
506
21609
31329
5700
20592
1764
62500
16002
107912
27722
72900
105950
650
7744
2862
1406
91506
62750
4489
66049
54056
3844
45582
120062
18496
5041
10404
14884
31684
61752
20164
156
130682
32942
529
16129
170569
37442
15750
145161
42436
15876
11556
812
81225
108570
182
55460
100172
11025
16900
16641
6642
46656
2500
1190
200704
57360
3306
40200
4225
109561
132
129600
6889
99225
92112
29584
63001
167281
33306
20164
12100
21316
2916
552
1260
529
992
39800
23256
256
40401
14520
10506
37636
2862
17030
63001
56644
32761
28730
24025
39601
5625
58564
240
5550
3249
110556
24492
2256
56
12769
10302
9702
23104
112225
68906
2401
3249
66822
7832
60516
35910
14042
75076
18632
6724
4830
10000
157212
9312
3306
83232
1936
66822
27225
225
19321
2162
69696
21025
2070
35721
2704
57360
4
10302
28561
21025
37830
31152
181476
12432
174724
54056
42642
1892
78961
31152
441
89401
462
179776
95172
74529
141752
7310
650
8464
17424
139502
96721
18225
19740
68906
27889
20022
38025
6480
93636
1482
28730
2970
3249
132132
20736
2
4900
39006
163620
44310
4830
67340
1980
2550
11236
30800
62500
12769
72092
72630
30450
63756
9216
7656
24180
14161
17822
9604
441
73441
6400
102080
17822
9120
35910
48841
3192
21904
13806
145161
91809
2070
32942
3080
20022
82082
97656
54056
21756
50400
123904
40000
992
21316
8649
14641
92416
4556
5256
34782
52212
17292
9
101442
1806
3136
2256
36481
81
54990
3721
5041
441
151710
22350
552
90
26082
182
20306
324
8649
94864
123904
21170
141376
3422
32761
28730
225
81510
100806
150156
39800
31329
9702
36864
15376
625
38612
4032
16002
6724
5329
324
11772
3969
3969
133590
103684
10506
38220
78961
106276
65025
34040
226576
31329
85264
2652
36864
1406
121104
1369
5112
420
7056
30450
5625
25
8281
124609
45796
111222
48400
74529
39601
208849
91204
107256
10712
91809
3906
47524
16512
214832
167690
132
175142
93330
16641
17822
59536
14400
64262
33124
3136
8281
84100
63756
22801
20
29412
7310
22052
62750
13806
8281
160801
8649
102400
1482
23409
22201
1260
4225
31862
10712
10100
159600
16512
36864
54522
11449
17161
34040
57600
87616
48620
21170
144400
19321
4556
17424
67600
15750
6889
30102
1806
11664
86142
6480
506
6642
32220
16
71022
90000
141752
12882
4096
4290
240
6320
342
3906
19600
147840
324
162409
94864
6400
25
91506
81
121
1056
14641
21904
171810
961
77284
25122
35721
5329
2916
179776
49284
841
272
72900
30
11990
32761
13924
28392
12882
12
144020
2916
200704
1936
8649
18496
19182
15500
13110
187922
182
156420
91506
44732
132
35156
676
39204
17956
213444
576
8190
61504
306
15129
100
59780
5112
136900
702
12210
97032
27060
35532
44732
34225
20164
25440
78680
576
7569
324
19460
97344
2970
119716
131769
52212
650
63252
154842
1600
83810
5700
46656
22500
1444
64516
30
3192
18496
6320
105625
48841
72900
26732
29756
90000
15129
4970
1190
600
96721
102080
65536
42642
7225
6642
18632
8372
51302
58564
1936
102080
207936
3080
5112
120409
48841
4290
36864
9702
3306
121104
462
3481
93636
20880
90902
52900
81796
127806
75900
140250
306
240
6480
20880
28730
109230
34040
4422
812
184900
9
7921
3080
1722
32400
88506
34225
3136
36
45156
1260
35344
96100
169
46225
7656
126380
16
164025
151710
28900
78961
6642
48620
2970
6241
11130
484
19044
68382
729
43890
600
64009
59536
225
18090
8190
506
2352
20880
114921
194922
1936
17030
25281
120062
20164
1681
11342
756
33124
7225
114921
56644
18496
87025
18496
125316
168921
45369
203401
1260
6889
14400
16770
95172
6320
33856
142884
44100
35344
53130
3969
15750
22201
71289
59292
12882
14042
240
94249
38220
2352
12210
11130
93025
37636
147072
25281
96410
12882
25
22201
1936
158006
225
60270
47306
39800
2704
83232
68644
82944
14762
55460
42642
34782
82369
22350
3906
32761
19182
30800
33489
124256
219492
147840
930
12
89700
19321
75900
109561
13924
57121
11772
10201
21170
27722
132
4
7225
73170
131044
4356
1681
16641
225
55460
76176
176820
6084
1406
8836
8190
49729
175142
196
47742
1444
156
97969
37249
157212
50176
2
39204
7569
40602
3906
8100
4032
1056
420
192721
9409
702
2756
91809
87025
1806
702
8100
22201
11130
3364
1024
23870
3192
109561
121452
8930
18225
16129
30450
82944
65792
43472
121801
41616
992
184900
12544
6642
157609
14884
11449
46225
3080
19881
27722
78961
22952
103684
8190
94249
135056
193160
10100
8190
11664
2256
3721
870
151710
76452
4
42
1260
2162
125316
76452
103362
52900
77006
33672
45156
28730
15750
68644
45369
5041
992
8930
132496
52900
41209
64770
91809
90000
38612
62001
143641
101442
10404
380
4556
152881
111556
113232
7225
63001
23562
1764
961
6084
18360
5700
83232
380
18225
65280
16256
961
8556
47306
138384
19182
225
342
462
174724
94249
16900
16641
784
75076
1190
27390
125316
52441
33672
1681
7744
1600
130321
2450
133956
160400
64
2500
576
43681
930
729
2704
156816
38025
289
110
1482
9
124962
134689
506
1332
115600
4489
7921
7832
35532
2450
24806
484
45796
122150
10302
57600
784
42642
156
125316
1024
1640
3364
63252
139502
46656
36672
87320
43472
54522
16
3249
13110
930
19600
185330
13110
111556
462
97344
1640
147072
19740
109230
324
90902
6241
6320
625
19182
1156
97656
1764
130682
156025
28561
72630
104652
24336
40401
57600
98282
83232
38809
7569
462
9409
133590
53130
1156
130321
3844
14641
33124
1722
61504
5625
19460
90300
3782
22052
3660
28224
89401
12882
52441
91204
11449
105300
66049
29070
289
10302
53130
31862
83232
8010
4970
91809
23716
26406
132496
46440
19044
47524
31152
7310
3249
23256
1849
38809
97032
4225
22350
83521
22801
36864
51756
3080
552
16770
144
119370
24806
16770
32220
72
18496
16384
20306
127092
20
289
11772
32400
8649
552
87912
9801
529
19600
39800
37056
52441
178084
11881
162409
3540
27722
110
41006
4225
86730
210
6400
110
56169
11990
60516
2162
61256
75625
28056
5776
8190
240
30
4032
19740
5852
225
3906
11236
5256
121
36290
168510
6
39402
41209
159600
126736
12100
3306
183184
5112
10920
67340
91506
19600
14884
38220
1260
50176
35344
74256
16384
812
1089
210
702
26082
65792
1369
64262
2352
15876
10201
68382
1406
13340
49506
105625
400
86730
96410
6241
31506
7569
11130
12321
25760
206570
132860
38612
42849
4290
2970
74802
20449
14280
14042
19740
42025
100
39601
1444
110889
143262
62500
10100
13110
3600
125670
2916
93636
17161
45369
123904
9312
73984
702
12996
116622
50176
4692
203401
202950
224202
59536
3481
40000
44521
6561
17030
2862
122500
63001
27225
16
99225
2862
3540
101124
7396
462
9604
79524
134322
16641
54522
484
63001
2352
18769
13456
36290
78961
14280
47524
5256
12432
306
600
2209
144020
138756
9409
8010
27722
20
4
38416
4225
65280
3844
400
1332
6806
113906
78400
80940
6006
30625
159600
39601
6889
46872
3481
120756
10609
101761
112560
5929
22201
89401
29929
7225
71824
1406
192721
5112
11130
4761
4692
342
11342
63504
15876
50176
47089
1024
14161
81510
123904
49506
3422
3025
18496
62001
38612
42436
216690
65280
15876
18906
9216
23562
39601
4225
68121
1406
10506
53361
10201
9900
107912
10404
79242
18496
26732
74802
21609
812
163620
10920
80089
233772
26569
289
93025
25122
12769
5112
39800
110
10920
14641
44310
12769
109561
9801
10712
106276
20022
15129
40401
15006
41412
24025
7744
33306
103362
4422
961
41616
56169
36672
202950
57360
576
150544
26732
35344
88209
7310
12544
98282
108241
1296
85556
3721
118336
29241
25
12656
98282
41006
82369
189660
3540
32400
1980
223729
784
7396
43264
60270
729
37249
23256
1640
222312
19182
18906
44310
180625
82944
87616
34040
35721
19321
7656
12432
67600
6320
37830
95481
25
1156
3906
89401
165242
12
137641
63756
48400
40602
93330
17689
72900
10609
4356
135424
32942
25760
11130
8556
12210
16256
49
141000
53130
462
31329
14884
86142
2450
22052
25760
48841
2704
90300
15006
31152
4692
16641
24492
14280
47089
83232
140625
127092
31152
25281
111556
13689
206570
30976
18360
172225
29241
15252
131406
6642
128164
23256
18632
24964
198025
112896
25600
166056
52441
28730
1892
784
84390
33672
10000
114921
71022
1156
19182
44732
122850
75625
4
784
51302
80940
8281
32942
65792
1260
155630
7140
3844
43056
9900
47306
156
9604
57840
66306
111556
76176
14762
93636
2162
43264
81225
841
13806
4290
52441
1332
34410
63756
165242
506
4032
11664
64770
1406
175561
400
6084
1056
80940
8190
34225
34040
600
240
4624
6006
42436
157212
63252
47306
24649
7225
51529
13225
15129
13110
484
54522
1122
4225
91809
21170
22801
211140
75076
73984
64
2704
182329
15006
28392
33489
1560
3969
30800
8930
73984
2916
182
33672
36672
54289
33856
3481
102080
86436
12656
164025
38220
24649
41412
1806
31329
12321
11449
5625
83521
47306
18906
73441
24649
3192
18632
702
13456
35910
59780
136900
133956
3249
148225
219024
192282
7056
1190
72
14762
20880
650
119025
123201
2601
81
59536
2
12656
42230
3540
7140
101761
6724
77841
22650
21904
134322
47089
11449
25921
196
76176
2809
7921
400
19182
6889
147840
59780
18090
127806
1024
99540
272
2162
420
6642
1056
14400
122850
94556
1190
41820
2916
625
1892
11772
30976
69696
8010
600
107256
11664
96100
159201
121801
42642
79806
4032
19881
22500
42642
7482
43681
43890
182
8836
162812
60025
123201
18360
49952
21609
361
44732
112896
113232
9702
19460
87025
2704
1806
3422
38416
1980
28561
1024
462
28056
132496
76452
3136
16641
207025
1849
20022
6806
117649
9
1122
2162
5112
8836
29241
784
132
76452
15252
39006
14042
49
61752
26406
74529
201601
1806
1560
12432
1640
3782
20449
28730
2916
114244
1681
121
66049
210
95790
4761
174724
7140
6642
104006
22801
185761
52441
78120
4422
1225
40804
19740
75350
210
118680
9216
111890
49284
12656
45156
149769
9312
64770
342
2256
5476
1640
42849
94249
101124
15876
39204
207480
64516
4830
17030
12432
13225
14161
5852
1156
2209
6972
32220
25440
22201
9604
56
4356
114582
74529
1640
1892
93330
17292
17689
14520
24806
361
22052
56169
29412
85556
23562
18632
21316
4
114582
77841
42230
2209
272
11449
12656
2500
68644
306
176400
342
18090
702
380
145542
4970
1806
151710
37056
132
66564
24649
103041
2809
209306
10506
19182
33489
441
16002
71556
126380
32041
36100
17292
73984
32041
55460
19740
484
2
5550
2704
44100
75076
137270
784
37249
121
23562
158006
2550
37636
11449
12882
870
83810
62500
4225
110556
207480
143641
210
39006
92416
18906
35721
49062
4830
80656
7310
13572
74529
5329
18225
136900
68906
62001
55932
34410
15500
66049
992
55225
37830
256
19460
119370
1122
14762
5625
13225
361
2116
14641
42025
196
34040
3782
13924
6162
1260
5184
236196
140625
52212
7482
5776
43890
97969
96721
17556
441
71022
6806
59780
576
380
506
25281
16900
5700
16129
104006
142884
44732
93025
79806
83521
60270
164836
202050
44100
289
756
6972
12769
8010
38809
13572
8190
33306
3844
102080
420
32761
5550
10712
10000
197580
576
6972
75076
170982
51984
9
11236
66049
21170
37442
18906
8742
14161
42
28730
43890
380
930
60762
43264
11236
150544
5476
46225
1936
49506
1600
93025
32400
7225
12321
2116
49
2162
462
70756
8556
66049
74256
17822
143641
31329
702
20449
1024
210
3660
22350
11556
77284
1122
6561
1482
135792
35344
13689
20164
8649
87320
90
38809
141376
110
26732
64
80089
225
87912
154056
127092
1260
35344
50850
55932
11342
15625
94249
420
73170
159201
7310
33672
1225
462
2809
72
22350
441
63001
49
1560
39800
107256
240
31862
15625
289
529
29584
18496
6480
35910
4692
23409
81
132496
289
68906
2970
361
12432
31506
100
52441
58564
3080
72
11664
2304
21316
2862
625
132496
37442
4290
27722
11342
85849
12
87616
23562
17956
1936
69432
1640
10000
14641
109230
1260
3364
13225
162812
756
187056
168921
98282
4225
9604
462
11236
72630
23104
17424
27225
76176
80656
3136
12996
58322
4
1936
168921
36
28392
8372
56
462
17424
2209
10404
60270
22201
1156
17161
21170
47742
3025
42025
88804
7310
68644
28730
105950
4290
95172
100
169
625
30625
15376
106602
14161
161202
64262
6889
168921
24964
16256
9900
2862
11130
1892
33672
26244
80089
182329
18090
100172
21025
24180
57360
103362
4
35910
132
81
81510
29241
220900
82082
16641
121104
306
2
6
99856
10302
163216
16002
211140
756
1892
3660
47961
2
506
58564
15252
160801
4160
64
42025
342
61256
105300
89700
49284
225
13340
90
131406
47524
117306
136900
11772
21904
98596
49729
1521
625
79524
7310
1722
17956
75625
52441
84100
37056
1980
15006
212982
102080
26732
34040
42642
7396
15376
72
40000
8190
31152
5256
96100
19740
17556
29412
1936
47306
60516
103041
10506
10100
4489
98596
83232
35910
9506
155236
21904
40000
2809
14400
49506
676
1600
625
6889
14400
52441
256
39402
17556
84681
118680
87912
16641
75076
196249
121452
1332
5402
961
12882
90902
1936
9312
1681
147072
75076
11130
11342
137270
51984
22201
37442
5700
10506
87912
11130
3600
13456
930
2
132132
11449
63504
3080
8649
154056
44100
28730
4624
8190
9120
82656
145924
5402
9506
28056
67081
76452
36864
2209
98910
51984
4422
25440
17424
35532
289
1560
123552
78680
21025
4096
8556
136900
506
812
20880
9900
34596
176400
22801
21316
2116
78400
59536
158006
12996
55932
5776
200704
121
47089
23104
107256
59780
152881
33489
204304
484
3249
60762
18360
107912
5329
5476
6972
1849
930
2550
147840
11342
100
324
106276
91809
52212
87320
33489
13225
156
7921
1849
2
506
110
13456
33672
6320
8372
8190
63756
91204
81
28392
9120
97656
552
11130
1156
210
80089
2704
49952
8649
25
24180
6561
64262
134689
19321
1056
1056
870
24964
91506
11990
90000
2809
5476
196692
45796
52212
8010
3782
784
870
162409
160400
8930
144020
5329
64770
2256
24180
2500
9216
5256
10920
5625
25440
143641
162409
151710
3660
78961
2116
22952
7396
11449
107912
8010
64516
30276
20592
3600
1560
154842
7569
3192
14641
119716
95481
1260
2652
625
28900
12882
8190
103041
40401
1444
31329
20022
46225
11025
84972
1600
157212
40602
1560
106929
41006
8464
14762
7310
105625
3844
182
17689
61504
4096
215296
4489
219024
22801
19740
56406
24649
170569
66822
17956
14520
16002
17161
32220
1260
27556
156
109892
306
2401
20306
9
5625
961
136530
54056
30976
15129
36864
110556
8742
59292
306
15876
46872
92112
28561
2401
4422
3600
14762
5700
20449
25281
1024
3844
90300
85849
47306
80656
17030
1089
18225
1806
5550
9312
153272
202950
4830
139876
90601
1482
25
12996
6320
11772
121104
2352
166464
2916
53130
129600
189660
16770
21170
54056
3660
8010
20022
96410
97969
5256
16256
112225
676
44310
5550
15252
13806
72900
7482
240
53824
238632
6320
8649
600
20880
1980
21462
14520
49952
9120
17424
19182
2209
131769
62500
27225
1056
1722
2550
14641
30625
1806
32041
58806
2070
4830
34225
199809
85556
13924
8836
49284
43890
272
82369
5550
61009
47089
1444
23716
26569
2
12996
702
114921
17424
3192
114582
21609
5776
97969
191406
50625
6
38220
30625
25600
125670
26406
103041
600
63756
103684
24492
2209
107912
25600
1225
1444
45156
36481
12210
104006
15252
170982
25440
121801
97032
173472
552
116281
31684
14161
4290
82656
68121
21025
83232
20736
16512
30450
8464
68121
930
97656
33124
9506
119025
61009
33856
56406
235710
73441
12210
81510
784
54990
16384
10506
30450
84390
18360
19600
46440
22350
1521
32041
53361
91506
2352
18906
39800
9604
2809
272
27889
208849
37636
8372
625
6480
7656
144780
111556
676
1024
131406
3136
42
53130
49952
106929
1056
168921
1
57840
39402
6724
41006
39204
89102
44521
42230
5329
23409
94864
25760
3906
1722
11664
111222
25921
42436
53592
26569
106276
30102
66306
94249
41209
12
32942
2162
60270
4624
1332
57360
67081
75900
2652
5625
91506
21756
46225
102080
122500
13806
702
75350
43472
5550
4422
289
12321
49062
117306
140625
12
30
119716
52900
128164
1296
8281
41616
552
144
65025
155236
53592
216225
6806
121104
132
39204
47306
51302
6561
676
5256
95172
20164
6
23562
400
4489
51302
46010
10100
3136
12
188356
17424
210
9216
15006
22052
1122
8836
59292
36
9506
42230
3540
39204
28224
36481
6561
7056
7744
36
49
3025
39006
8930
67600
84681
6806
48841
19460
4225
82656
8464
34410
6241
98282
90902
38416
61009
1369
195364
225
14641
32580
92112
7056
27722
3249
39402
159201
9702
178084
37636
31152
117306
42642
31152
420
34040
24492
420
35156
4970
48620
90300
5184
42436
13806
94249
676
11449
4160
2450
40401
41820
48841
37830
17030
175980
1089
44100
6972
5476
12882
45156
179776
20449
191406
33672
32220
69696
23104
23256
12996
992
54056
35344
13456
20736
121104
7569
12656
30450
22801
53130
4160
12769
10920
4830
26896
92416
144400
66564
1849
9
43056
115260
90
36
30450
29584
26082
39006
81
4556
30450
1156
21609
26244
12769
2450
12656
36100
9025
78400
12321
6806
55460
123552
39402
28392
380
27722
2401
72630
24180
184041
28392
94249
7310
183184
14400
4160
11236
78961
90000
5776
2352
306
18496
289
4489
86142
37249
16
32580
4624
9604
55225
2401
12321
90300
85849
9120
94556
162409
3844
65025
10712
39402
31152
1892
47742
125670
146689
17822
84390
48400
650
21756
51076
24180
150156
20449
40602
9409
702
15252
16256
21462
30450
30
32761
1482
1600
484
115260
729
2162
1560
462
51756
11664
124609
14280
201601
37830
441
31862
20306
156
5184
80656
78680
484
6084
11664
2116
1681
3844
4356
20880
145924
51529
77006
19881
100
2
784
15376
361
100
132
110
21316
73441
26732
32041
9
160801
1849
11990
22952
24336
29241
34782
137641
59049
40000
12100
89401
5625
64
14884
41820
29241
1640
59049
138012
44521
4900
92416
107912
26732
22650
46872
29929
183612
22801
13572
2304
3844
53592
14280
2
76729
117992
94249
127092
23870
8372
128164
15625
45156
9216
14280
95481
12210
14400
19600
131769
166872
103362
2025
19740
34596
80656
83521
16512
13924
161604
184900
484
182
2862
66564
163620
11130
165242
18360
31862
103362
9120
3025
1056
15500
10609
199362
7832
3136
36864
289
142129
41412
11881
169
39601
13689
24806
25281
11556
95172
91204
6241
65536
961
84100
93636
1892
28392
34225
6724
1190
25281
135792
55696
5776
420
17292
54289
175142
5329
117649
14884
41412
22650
164430
148610
136530
77284
54289
702
160400
78400
10712
8742
30976
4422
4830
5184
576
54990
21609
59780
14762
361
2025
144
8010
5041
92416
87025
29584
11664
1849
702
93330
33124
3306
10506
8556
5184
175980
77562
27722
115260
812
24964
126025
160000
4422
63504
66306
158404
19881
576
15625
29584
8372
93025
2025
10609
14400
73984
96410
61504
31862
676
552
162006
179352
21025
5184
107584
108900
272
32041
81510
149382
15625
96100
3364
6480
13456
22350
75350
10302
41006
24336
149769
14762
4
1806
13806
178084
1936
14042
101124
7656
4160
72
1764
8281
67340
25
1024
193600
129960
4290
18906
32041
2756
153272
27225
57840
4970
552
140250
22500
32942
182329
116964
6400
12100
5929
30450
6806
8649
6724
147072
57360
3192
30450
112225
154842
110
30
36100
60516
102720
841
1406
32580
114921
3249
49729
6162
342
1722
6400
56
59292
66306
289
784
81225
43472
87025
16770
12544
71556
76729
121801
63001
8836
27722
191406
121452
8372
25440
1332
100
97969
71824
40200
256
94864
124256
2704
36100
900
33489
78120
676
6
7310
8100
77562
51984
85849
17292
192721
784
104652
125670
3540
33306
55460
5852
12321
256
12
73441
95790
64262
676
6162
40200
43264
5700
90902
12544
34410
240
13572
26406
109230
3364
11025
21170
126380
420
5776
34969
30800
23870
272
1600
127806
1560
1806
94864
19600
240
120062
10609
32400
10000
47524
130321
25440
4356
40401
140625
116281
462
9409
59780
75350
462
184041
75900
42230
155630
69432
3025
37056
9604
34040
69432
96100
1
7396
76729
240
61009
8930
15625
41820
3600
196
22500
180200
5402
1560
20306
676
58806
119716
4970
76176
3025
96410
58806
8464
306
23716
58806
19044
2862
9801
133225
36672
70490
16129
3844
25122
53824
42230
272
11772
15625
39402
121
6084
182
756
34410
3136
41820
15500
702
6320
16
24336
6724
7396
4356
2500
14400
2352
1190
1024
56169
79242
702
74529
23104
64516
2550
10404
86730
2352
74529
105950
11990
3906
26569
160400
19321
187056
9
12996
230400
55696
215760
40200
14042
121
24180
94864
13225
3192
1444
240
13689
64770
13110
992
37830
240
114921
14520
13924
39204
56
10302
140625
12769
23870
3721
22650
121801
484
3481
600
140625
8372
19600
139502
40602
24806
2
1764
324
29241
24492
122150
157609
156
5476
41616
3906
194040
19321
14280
92416
9216
10100
95481
4225
12882
25440
812
11342
6320
3660
15500
49506
31152
82369
34782
104652
21170
7569
6642
11342
8100
6972
729
16129
30102
23256
10816
10201
23870
15376
49284
11990
2401
102720
13110
74802
961
119025
2070
306
6006
5700
702
6642
900
5184
120756
13924
7140
31329
37442
380
2304
34969
47306
83232
11664
702
14400
17030
35532
19881
15006
123552
2025
90000
35344
28224
1156
56406
68644
380
30
16900
23870
33672
194040
5112
3660
158404
130321
2070
57121
80656
4225
152100
930
2970
131044
10100
127449
47089
17956
21756
76452
130682
12321
18090
31506
112225
3721
27225
163216
13456
130321
64009
6400
7921
6006
16641
272
118680
19600
1260
20592
19740
9312
27722
41209
96100
42025
11881
56
52900
196
108900
86730
2756
12996
156816
21904
70756
199362
19600
324
45582
37636
56
9900
58806
41006
4900
56406
4624
19182
13225
4
142129
7225
9216
17556
148610
44732
83521
20736
14042
18360
45582
5256
74529
33124
2070
96721
16129
5112
1980
12432
1722
53130
8742
15252
58081
13110
8190
116622
16512
13924
3721
1936
17030
156
181050
4096
1482
59049
30276
930
11342
9702
16002
39800
9312
139876
50400
6006
930
6320
199809
13924
650
11990
74529
150156
3025
11025
58322
184041
18769
1225
9604
127806
136161
141752
176400
4225
50625
20449
33672
113906
53130
60516
44944
52900
73170
15252
56882
179776
17292
17822
87616
70490
23716
182329
29756
148225
174724
110
5929
107584
156025
46440
47089
6162
144
15876
48620
26569
210
53130
69960
10302
60516
9900
95790
28730
14884
25921
46225
10201
2704
10609
7225
173889
151321
35910
39402
14520
10100
71022
9025
7310
128881
25921
600
68382
7396
88804
38416
220900
18906
36864
2401
102720
42849
25122
552
10712
82656
26896
80372
44310
44310
28730
50400
61256
7140
83232
59292
16384
13572
576
600
3660
38809
36
96721
7056
42230
5256
202500
11449
7310
28561
44732
4900
13110
1225
8742
8464
20449
41006
122850
4160
6
1482
2162
50176
12996
169
53361
36864
35910
342
324
992
42230
6561
400
12996
6320
5476
142129
9702
36100
462
164836
13110
29241
6972
40200
3906
77562
13924
1296
58564
21609
1332
149769
36
82656
48841
77006
17161
1190
6561
50625
1122
41412
56169
168100
17292
48400
30102
11130
119025
10609
7569
83810
41006
47089
24649
10201
9120
62750
152490
30102
58564
52212
37830
7056
98596
41820
8372
36864
100489
37442
22500
9801
44310
5929
11556
26732
2601
92720
50850
50176
148225
76729
6162
8930
15129
17822
94249
600
6320
1560
25
5776
18090
29070
71556
52670
31684
7656
650
9409
6642
175142
23256
105625
156
5476
11342
930
812
192721
1260
31506
104652
10404
132132
25
174306
28056
12100
33489
3969
9312
6241
17424
256
9900
67340
17956
56882
4692
4692
12321
13924
3192
3844
182329
23104
43472
22500
27060
168100
27390
75350
222312
109892
26244
28392
13456
30800
8649
102720
32580
16
47524
71824
29929
21316
44310
84972
27390
49
3969
160400
182
120409
132
3600
240
160801
60270
119025
1369
148610
107912
121104
144
32220
37249
1764
148996
15876
110889
7482
36
114921
961
137641
13456
73984
35721
85849
676
22201
106276
138756
13689
4096
154842
41209
28056
19460
71556
5184
2025
132496
32041
4692
361
5852
73170
31329
26732
87320
9409
2970
2601
32220
162409
107912
36481
57360
76176
5329
70756
170982
36100
14161
27225
992
53130
256
552
10712
91809
8281
6724
59292
104652
118336
600
529
14762
57840
20
7744
74529
2162
15129
17556
6084
12
29756
19460
2352
8836
2209
35910
41820
64
19460
5476
12656
26732
25921
189660
26569
7656
65025
1296
25
20736
17956
79806
77284
73712
62500
74802
44521
22201
71556
2116
9801
4
2652
506
190532
1406
1849
27556
11990
1764
118336
20
82944
5476
36481
729
117992
49062
232324
60762
134689
33672
4970
206116
15376
16
32220
600
32041
324
43264
21025
1369
1024
78120
3844
5776
169
19740
18769
4096
53824
11342
20
111556
441
1332
17956
169744
29241
100806
40200
53592
161604
107912
18496
7569
75900
15252
2862
64516
46010
8372
3540
380
4422
32942
142884
7482
80940
2256
70756
29756
119716
74802
90902
48400
36290
18769
200704
31506
50625
67340
15376
240
102720
174724
93025
784
32580
9312
19460
16
11236
57600
44944
10506
4556
87912
110889
21170
138756
16641
104652
1980
67600
240
1089
120756
24649
72900
36481
7921
70756
58322
38809
45582
37442
31684
9506
105950
54522
552
100172
23104
4
80940
100
2809
58322
111890
13572
676
184041
32220
15252
20
24180
14762
961
103041
148610
14280
87616
158802
59536
992
31862
32942
117992
2070
9025
79806
3721
7921
18769
4
22500
15876
11130
1681
56
71556
178084
1600
34410
23409
112225
4900
49
87025
24492
25440
16384
3782
2809
26406
29929
66306
650
17161
18225
462
4692
59780
27889
36864
38025
171810
61256
5625
1444
12210
342
1722
9025
71289
186192
992
90902
69169
26732
3600
1521
90601
28056
18360
34410
6400
107256
132496
7921
212982
36290
28392
48400
14520
1849
19321
47524
16770
95172
1640
100
2070
1521
89401
6972
47524
80940
14884
20592
218556
131044
462
2401
29070
33489
24492
28900
870
6241
27722
2550
49506
122150
57600
3600
4356
6241
6006
20880
63001
69960
400
11342
3906
15500
72
4761
36481
137270
2025
89102
28224
24025
8649
121801
20592
42436
72
5929
89401
1260
98910
380
10100
81510
19600
8930
5041
21756
67081
1980
122150
729
506
54289
6006
5256
84390
9604
15252
81225
28900
23870
324
10920
142129
103684
10609
34410
23562
68121
33856
1056
132132
26406
182
43890
32041
46872
60025
13110
1296
22650
2025
96721
61009
5402
19321
104652
2352
29756
756
131406
41820
97969
5625
5329
169
1521
160801
122500
31506
33856
30
135792
111556
4032
14042
62750
149769
5929
24649
59536
8010
104329
110
21170
8281
1444
122850
16641
2862
24336
6084
172225
2601
15376
101761
34225
22650
484
380
54756
170156
24806
104006
2162
10712
64
272
87320
10000
6642
30102
17956
12769
162812
5184
42436
166464
9216
11881
44310
39800
462
37056
103041
70756
46010
24180
20
1936
2704
2116
51984
176400
144020
7056
54756
12769
16641
3782
3969
21756
50850
2
13340
9216
39204
6006
132860
88209
36290
7140
136900
19182
1722
125316
31506
136161
133225
55696
81510
74256
236682
116622
12882
9702
124609
74529
33306
5625
3364
14884
2862
97969
6084
16002
25440
100
44732
6
201601
110224
22801
756
48400
30450
53824
1056
64
81
43890
4556
1156
4489
12882
16
144
32400
225
35532
14161
17424
31684
900
145542
67340
1122
175561
9604
12882
81510
86142
45582
2209
8649
380
179776
10302
49952
1406
94864
84100
6889
8836
126736
34596
19182
87616
164836
1600
32400
84100
105950
7832
506
22500
65536
138012
35910
123552
29584
49062
34969
49506
1936
30276
6972
342
21170
1806
145924
8100
17292
2209
12882
149769
156
17556
67340
110556
1849
702
110
4900
22201
89700
41616
19321
83521
13225
144020
24336
101442
29070
3969
41412
43681
32942
51984
1892
56644
98282
1122
57600
961
25600
101124
67081
46440
55696
70756
2809
91809
26244
14641
5184
8742
37056
420
20592
552
25440
420
196
156
12656
58081
53361
35721
1369
9025
34782
7921
194481
52441
484
4761
7310
6561
54289
37442
174306
9216
8742
6084
113906
24492
64262
35156
1600
67600
43264
57600
49729
11990
2352
34410
82082
576
34969
90
54756
80656
51984
18225
4970
16900
127449
156
151710
12321
19881
134689
1332
23716
26896
60762
193600
17292
5112
20164
15129
6241
6889
10302
2401
50850
5402
3721
3306
21025
56882
5041
4489
37056
3481
11236
23716
25921
361
9900
11556
784
141752
47306
2209
78680
10404
6084
44310
87912
126736
17424
992
6724
43681
196
1332
206570
506
58564
60270
72092
12321
3080
116622
100
34040
84972
8649
3782
5041
5929
10000
99540
65025
10609
380
142129
552
2550
96100
10712
26569
185761
3782
306
66049
1296
27225
211140
142506
3660
154842
4556
84681
32041
4096
3192
92720
380
61009
82082
8281
113906
1089
42025
130321
54289
6162
61256
35721
5041
6972
361
152100
107912
16
33306
106276
6084
42
73441
37056
22952
84100
60516
10816
12321
84390
13110
16384
20022
17030
61504
13340
197136
39204
1296
40200
12100
3906
17556
29584
22052
21756
99856
108570
3721
172640
10712
9025
19881
24649
59049
48620
23409
61504
56
2
145542
80089
6
152881
111222
17556
40401
4290
82082
2116
156
14042
1296
125670
1024
19740
109230
207936
18906
74802
15006
165649
3192
3540
39601
48400
43472
552
36672
81225
71556
166464
83232
221370
93330
20736
12321
5112
39006
133225
99856
22201
98282
105300
7832
6162
21609
101124
79524
19460
1260
18360
380
48180
4422
104329
72361
20022
20449
112225
100489
870
1849
10404
31329
17822
324
20592
4556
31329
47089
43264
1521
841
42436
28392
67600
196
7310
3969
21316
756
54056
25760
1122
140625
53361
38220
56882
156
7056
167690
15252
4225
79806
55932
19182
8190
187056
67860
7744
30800
66306
900
30625
9025
66306
107912
82656
14884
9604
146306
26406
20022
99856
49729
1296
8100
18906
25921
15129
28730
24964
9312
49284
121
8010
163620
30450
68644
38612
57840
64
110
4970
2809
47524
41412
13225
118336
71556
92416
228006
45156
756
21462
1681
170982
1332
6889
73984
8836
3481
49
3080
4624
82369
35721
6561
12321
6320
28392
3600
90
2209
174724
61504
7656
900
43890
60025
124256
21904
94864
552
58806
13806
3660
2450
1190
42025
2162
84100
47961
51076
30102
27390
190096
68121
1560
62500
18906
100806
5852
3025
18090
5402
29584
123904
15376
32580
19740
28900
41006
36
28730
12
6724
117649
2500
1936
5112
9604
506
90
2162
8649
87616
47306
54289
123904
213444
28392
18360
16900
68121
17689
107912
53130
154842
2601
5329
148225
118336
1521
7225
20022
137270
1482
6
2756
92720
8372
7396
9900
462
61504
21904
14520
90601
93330
13572
9216
14520
100
36100
6806
51756
169744
62750
2601
89401
67081
137641
22952
20
22801
18496
18496
1849
7396
109230
75076
68382
6241
39402
104006
34782
43056
1640
36290
75900
88506
625
5852
192721
142884
80372
16129
6806
9702
54289
19460
9
576
42025
14762
82369
89102
22801
1806
3025
10100
9900
50850
35532
1600
85556
1406
2970
66049
35532
29929
34969
30102
6642
105625
6806
30800
101124
39204
79242
1521
67081
29412
342
157609
49506
98596
272
1640
66306
1849
83521
103362
110224
5776
1296
4225
5852
2
420
13689
90
49729
98596
10920
90
100
9409
63504
10816
158802
194040
4624
3422
5112
109230
32942
23409
43472
138756
51302
9
34410
1482
210
1190
27060
48841
179776
132
2116
2601
14400
28900
19881
3540
123552
103362
39402
22650
36290
961
33672
961
7569
10816
115260
99225
13225
108570
5184
3721
930
8190
27722
16384
80656
8372
70490
72
1764
4556
26732
47524
729
63252
289
420
37636
71022
132
42025
8100
15876
126736
4692
31329
129960
108570
50176
16002
86436
82944
22052
119025
39601
812
6806
39800
3540
6480
56
28392
12210
2970
68382
36100
30450
54056
1640
41412
5184
552
12544
79806
77006
41209
68382
18769
13806
64516
148225
12544
24025
5112
96721
5776
30
16384
28730
77006
9506
103684
1681
13689
1764
196
175142
9216
3422
36864
83232
3192
600
34969
141376
10000
7310
289
49284
120062
6006
6642
4692
7225
26082
7832
97032
1560
23409
156
19182
20
30976
90
2304
14641
82656
35156
18906
484
1156
136161
62001
24025
484
32220
36290
16900
96410
116964
40200
107912
1892
324
8190
4624
4032
41616
54056
47089
9025
31506
5329
89700
29412
9506
7396
3422
4556
64
139876
1
1444
63001
82656
2756
30976
16002
17689
25122
38809
1024
18496
17030
21904
8556
5929
27225
182756
70756
5929
3306
23104
99540
11881
324
3249
109230
2862
22052
4225
210
28730
200704
11449
702
1089
33489
60516
15252
24492
75076
15876
17689
40804
6724
46010
95481
89401
92720
196
650
122500
22500
111890
5550
64
1156
10816
41412
36672
600
21904
152490
15625
3249
120756
127092
105300
11449
11342
26244
37249
104006
19600
10404
52900
841
40401
34969
7569
24806
3481
11881
48841
181476
61504
3306
5041
100489
132860
14161
1980
26406
166872
9604
506
12432
51984
36290
4422
11025
14161
113569
2
15006
128164
14884
62750
65025
151321
37636
131406
9216
18632
34596
161202
107256
1640
55460
75625
3025
9702
1369
196
22500
87616
52670
169744
27722
219961
211600
20022
65025
16129
3906
23256
1332
7921
42230
154056
25
441
10609
121
3540
1980
841
51756
57360
31506
67860
15500
841
8556
4422
44100
10404
118336
6889
101761
64516
1332
75350
272
9312
93025
35344
54522
5776
13340
3306
17161
60025
9604
36481
22201
78120
93636
2916
12432
89700
2209
92720
11449
144780
7832
2256
15876
361
144780
32400
4830
45369
7310
19600
132
182756
11772
98910
4489
15876
420
23104
178506
166872
71022
2862
8010
3422
19600
29412
1521
27060
56406
19740
106276
12
6006
14641
88209
6724
26732
55696
154449
10000
48620
26244
44521
1406
92416
108570
73712
63756
10816
118336
144020
152490
462
10712
54990
182
8190
61752
676
132860
1560
26569
231842
12656
77562
380
13806
77562
2
20449
7056
28392
2209
156
30625
43056
5184
3660
9120
11772
1024
15006
12
112560
1482
36672
1482
60516
77284
1681
33124
110889
106929
93942
14280
15500
11990
3660
145161
10816
183612
39006
119716
4
41412
24336
7569
97344
13924
4556
33306
46440
23562
1156
1764
150544
4830
3969
13806
4160
34410
4692
28392
67340
18632
11342
1560
123201
118336
1406
20022
28056
4032
86436
209764
2401
2704
87912
50850
61504
24336
22350
83232
1260
68644
33124
121801
16900
7656
176820
11025
72630
8281
84390
10920
55460
32580
61752
13340
17956
31329
1892
87616
210222
2256
5184
22500
46440
199362
34225
5550
1681
38025
4290
20
21609
5929
64
11772
46440
7569
23562
55932
3306
16129
70225
14884
205662
163620
24649
2500
39204
2916
128881
63756
62500
102720
13340
35532
67081
7656
3136
29070
6
4970
342
109561
81
180200
83810
3364
289
306
21170
68644
3600
1056
44310
86730
77006
2601
87320
147456
51076
82944
223256
9409
76452
8742
27390
30450
184470
14520
8556
22952
10000
3540
48400
2
43264
552
106602
47961
25122
4290
53361
73712
34225
57360
100172
17424
168921
7569
17822
112225
111222
41820
190096
132132
32580
169744
166056
12769
15500
9025
552
16900
140625
3660
49284
4356
17956
552
171810
87025
70756
64
11881
157212
2352
6400
14042
138756
24180
34969
13806
113569
67860
170156
12769
44100
15500
2862
59536
30
27722
69696
61009
71022
6806
60025
13340
49506
2862
68382
38416
172640
15750
2809
7569
17030
3721
16641
86730
100
121104
13340
10712
114921
4624
9900
23256
1936
6724
11342
120756
137641
6889
11342
155630
60762
63504
61009
86142
132
97656
7225
20736
133956
49506
34782
132
2304
98282
144
109561
9120
5256
76176
68121
6972
24964
54990
81796
81
11130
72361
203852
27722
12210
11025
33306
441
7656
84972
1892
1482
1560
60270
4290
5256
13340
18225
6561
4160
2025
4970
8649
41616
70756
13924
1444
100
1806
9900
930
224202
210
37249
2601
4225
179352
102400
11025
17822
41820
32041
133590
2601
168100
79242
32400
69169
68121
12882
21316
13572
205662
3422
32400
10100
3481
95172
5550
134689
4830
79242
1444
2070
24336
676
214369
3660
37636
39601
52441
14161
1482
3906
8372
25440
6320
51076
702
123552
28730
95172
133956
55932
16770
13110
56882
156
1849
56406
12
13456
26732
39006
63504
20
64
111222
18090
187922
159600
35156
47961
40200
35344
1980
11664
156816
4
8556
20736
44732
29241
196249
78400
12321
1190
68121
99540
151321
5776
9506
19321
39204
34969
22801
5852
784
67600
2652
5041
40000
342
20592
342
14161
102720
462
2025
160400
64
75350
2162
34410
97969
45796
37830
19460
21756
13806
1406
1444
31329
99540
58322
99225
47306
78120
39402
30625
1681
3844
2256
2500
102720
104652
65025
81796
14884
11025
3136
12656
6561
9312
49284
1444
52441
8742
3025
2756
88209
51984
56406
289
162812
61256
72
73984
94864
2116
18225
61504
90
76452
24492
190532
12432
37249
70225
5929
38220
109892
76452
57360
13689
92720
61504
1406
154056
48841
1560
26406
1225
6400
42849
81
484
80372
13806
6006
94556
31152
223729
92112
210
10920
51984
7744
4761
3844
35344
36290
42436
44944
6084
3249
45582
3080
9120
63504
51302
15500
61009
55696
32041
162409
21316
9025
11772
145924
107584
5041
29241
2116
69696
12882
3025
2
2809
5402
137641
116281
5041
1936
101442
9506
18496
68382
2704
1024
6642
29070
57121
58081
784
21316
29070
30
146306
25122
210
22952
7396
7656
106276
1369
161202
32220
15625
4225
98282
17030
152490
207480
1482
37636
76729
11342
23409
1764
44732
34040
31152
56169
31329
81
64770
78680
43056
10920
4422
35721
134689
56
812
75900
15750
58564
73712
153272
28056
94864
49
105950
41412
15129
35532
95481
3481
72900
42025
30800
31684
77562
81
96721
1980
31329
21756
18360
50400
166056
90000
420
420
22801
27060
272
6162
6561
33124
57121
36100
77006
10100
74256
1190
115260
11664
54056
11990
71289
21609
9
16
53130
123552
8372
12544
7310
47961
16384
101124
7569
106276
7056
19600
1640
20306
36864
7225
2070
16384
529
2162
110
6480
306
7310
870
14161
5402
1444
62001
23870
59536
19182
105950
81225
1369
65025
4225
149769
49729
33856
152490
162812
120756
6006
870
16
1024
42
18090
140625
420
46440
54990
7482
3025
84390
27225
57121
3721
57360
11881
42849
31152
67860
506
441
34782
1406
88804
42
19881
1764
29756
142506
19600
32041
21462
65025
138384
40200
10404
95790
676
67860
9409
600
400
6889
129240
25
109892
64009
19740
46440
212521
172640
64516
5402
43056
6
160000
7569
1369
5184
27722
21170
19600
34040
9025
2304
16002
53361
961
10712
30976
107584
15252
11025
12882
94864
84390
56644
92720
7832
130682
1024
194040
3136
144020
8100
40200
961
90300
121
44310
2809
4
71556
45156
86730
110
22350
1806
47524
9506
15500
8281
15876
138012
6241
26406
1560
69696
992
172225
2652
2550
27060
38809
63756
961
2704
1296
90
84100
166872
9312
1296
129600
99540
103362
89102
18769
12
13456
64
24492
15750
162006
45796
156420
3136
11449
18360
306
151710
3080
84100
37056
162812
1122
152100
1024
22350
29756
240
17292
10302
201152
9506
154842
18225
10712
3721
82082
28561
1980
272
4692
113906
4900
72092
42849
3969
41820
46656
30625
72
33856
1122
12769
21025
27722
1225
56406
4422
24180
1089
5402
71824
35721
36481
114582
55932
54756
99540
57360
2862
7921
159600
54289
33489
69169
113232
99225
66564
289
3540
8281
121
1722
70225
70225
34782
15376
86730
19600
80940
10712
8836
35910
41616
73984
228962
4970
59780
21025
63252
29929
4356
55696
37056
812
77284
3481
1722
111222
2256
23104
61009
5929
62500
6
182
3782
1156
16129
17556
31329
46440
78961
324
2862
116622
108241
216225
10816
130321
46010
97656
103684
1056
228962
1764
5550
122850
812
49729
73170
122500
115260
52212
81
164025
9801
380
6
2
31329
2916
88506
676
39204
112560
35156
3025
1521
50176
52900
40401
3660
4160
75625
27060
10816
66049
27889
1332
196249
1764
729
145542
142506
342
114921
4160
9120
103684
11025
29929
342
729
20592
37249
28730
841
83810
148225
841
33856
2652
124609
82369
31152
142129
676
75900
9216
90
4624
109892
19460
42
17161
153664
3600
10506
10302
168921
81
