32400
76091
23203
83008
27001
1149
13736
23409
18709
7921
32451
3192
43510
44521
20306
6933
16820
71368
29070
102519
10000
17508
3721
32572
1225
2153
63102
30957
9
62964
1482
68812
729
61543
6
90361
17832
72
26896
1764
3364
28026
35532
28398
97038
1468
8507
48701
37619
55225
3844
70336
24806
8246
555
4564
272
10711
16
7569
37365
14400
2361
380
19857
19413
6
1264
84987
26896
11756
1190
17292
4933
2916
82078
6
41887
6241
5700
4032
7140
1936
9604
75498
4366
10647
14207
37095
12656
121
8235
39849
77398
10920
91997
7396
100
23562
12656
19321
44325
52847
23237
1722
36672
169
400
47355
132
3422
3025
2862
39204
702
50223
961
5329
16641
65831
529
23757
5573
26149
34040
33489
26578
306
70778
22716
1332
15500
30285
2398
3306
289
81
1369
85689
756
52998
49690
11028
77221
56
2916
49
7649
16129
25
7215
52670
14196
2652
14762
35888
44261
14485
39347
37680
11657
26406
289
19915
1369
53994
41488
37217
76648
12769
22960
31432
12269
5184
6639
23653
576
60545
6084
22449
156
30
78772
15589
676
5184
32483
26413
4122
9629
59049
1640
18436
36100
1056
81047
506
17799
30276
2044
3422
14488
15673
4830
81773
103341
3844
79329
54463
2809
45412
29702
18225
73225
36481
37485
729
37133
81
8742
16760
4837
38612
5674
42249
7035
69340
26192
22952
380
82892
1444
29933
41705
7479
23409
103245
53981
46656
56560
1681
80423
5888
10323
33478
14042
2847
18632
48466
5402
22052
9847
4290
9858
324
12210
1369
40255
28224
5476
380
67131
6598
3005
20506
7569
48400
6806
14400
28115
2602
2809
1936
13924
2209
1056
7482
11130
5722
69039
110
27225
70908
16384
88946
6885
14161
42449
17292
16661
400
2116
81
37758
81700
82169
89471
27146
289
19357
10201
44043
66080
8836
144
9900
196
1369
9312
5129
14113
5700
1056
25305
7396
76446
17292
16
59437
27497
61523
36901
90
66846
4692
67318
6972
25929
22952
17030
7033
6642
2070
59292
30
3249
18635
62510
7699
1406
4096
43783
69381
58780
11722
44638
81
38108
72
49499
2500
13521
42013
26793
41213
2970
43208
30892
88145
30102
6921
12882
10404
50988
45337
71863
4247
40858
9216
1265
32411
6006
10000
2401
36100
5041
14520
89084
132
4624
10201
2352
12123
78427
30467
14520
76352
240
9
3969
5476
380
19405
72937
1302
3969
700
9544
73174
4970
289
2970
32237
82908
182
2304
27060
28021
86637
27189
5899
17030
3422
10765
9506
3568
13110
36665
576
17299
1260
5112
2256
18466
31300
5329
32574
3969
20164
600
27893
1406
9506
53420
70566
2809
557
19455
47915
812
73248
256
733
9702
60988
32592
20736
5493
6480
49993
256
8074
64005
210
94905
70483
60848
625
420
12886
15802
38848
45306
1089
38344
41235
16295
54498
38220
1333
65703
10609
62672
10404
2809
5625
379
71489
552
72
29667
182
676
256
20
8372
729
33688
44295
44732
19565
24687
71327
10846
849
61710
42025
19724
15376
34225
79150
21043
992
27860
29419
12187
30244
60497
41031
462
11669
5041
18541
50149
17956
5852
23633
17030
69741
3192
10302
1190
42
26015
28056
3540
1806
6980
54365
144
638
1225
43698
64223
324
4317
6642
2704
36196
27776
5346
2
38777
25981
156
110
6598
65536
12277
31506
2450
74694
2550
69582
870
39965
22952
4184
6162
66358
17987
76319
16002
43845
1332
12
420
50807
38578
12321
13924
30741
1560
13340
32607
63620
30367
169
16384
29553
22582
380
11050
32220
8141
22052
14520
1024
4
34405
18831
22089
28528
4900
552
144
650
5147
43532
650
60093
15447
462
15376
28364
34083
14762
20736
21462
1225
42
35950
72
11130
44666
930
39204
2970
42563
32041
7744
72
21756
16129
30450
8477
12029
10653
13340
156
13572
3969
9025
16
32400
46225
4877
27315
6662
1482
3192
4489
552
4213
72346
12
17424
78695
90289
57696
28347
3331
68341
43896
2401
3906
8727
14851
3192
2070
17583
49
1296
361
26590
420
16641
75950
8464
5657
77803
43002
33020
47128
71107
3080
33295
4290
17822
60088
15811
32289
6162
961
24336
32580
19961
18172
18413
23012
43129
89095
81827
29409
39280
20022
210
38823
11850
33157
30042
21737
8529
1936
75123
16984
28900
2116
1770
27722
83608
59039
81089
36100
39632
196
20
3539
196
2030
51807
74866
43335
4225
17636
2717
5138
676
11164
1482
6724
1190
16656
25213
27207
156
101475
29255
43609
306
71651
3715
17292
76803
306
52921
4624
46515
84709
34772
97548
33911
79108
45805
14622
19740
19468
11664
9506
25695
15876
900
48366
6808
11556
6006
110
34782
43523
484
4096
210
23753
8919
2500
56
77999
54588
30799
1056
25760
100
83175
1892
4556
69960
69766
7525
45559
13496
10852
29343
12742
25694
68069
2352
12432
47367
58768
2704
37869
46183
11130
13793
1980
6006
5995
17655
67559
56323
13833
156
49127
900
11772
13456
6642
392
20592
42306
47476
88592
60281
53058
24388
2916
109924
21833
11990
40200
1980
17689
57651
12656
21609
36
4032
29190
11092
26051
29538
930
63699
4096
23908
34567
6480
2550
3025
49457
8727
100
22877
56962
44432
37178
23924
31419
71974
45037
89285
4624
3969
121
4556
10404
908
41149
2671
59325
28007
42542
31553
2616
25600
17107
60017
3157
1089
43689
65945
45413
7225
22676
20306
72
32578
729
15319
19600
16641
832
306
992
13571
380
303
82331
44675
20644
58557
33489
2970
98819
13678
42
4160
4422
45041
7832
68016
10459
58722
11025
8957
4830
3192
71865
74359
8504
42969
64587
6327
4556
4096
94792
15389
9017
70019
22500
18936
29049
11025
12258
756
25972
17956
79421
484
6440
3422
7140
24964
31329
8190
15063
2116
2500
15273
80669
8742
4369
7205
64771
900
26522
86821
34462
46509
69688
61009
2386
44325
2704
10712
9855
676
21733
42
53101
2500
12210
36
9801
31165
6480
28819
7547
30
132
18011
21808
58261
42990
86957
49468
78344
1806
21316
8190
2916
1560
110
44092
36566
10920
80565
72316
6889
42409
6642
42025
11664
29319
36100
44721
20022
23409
32400
19044
71824
25281
12769
32909
17556
55747
20077
18225
18455
7604
35395
15625
72658
1806
439
32509
54519
4422
2
100
15500
25925
5041
44310
29344
27102
43079
104409
68539
27889
23176
79168
7744
41095
506
36159
81517
56
23681
29669
27497
7573
12212
23870
2236
17556
6434
18769
144
48327
84827
6480
1406
31862
66209
38385
900
1024
2601
11449
4589
37925
306
7832
24608
25
14725
1560
19436
210
7140
6972
11580
7482
110
16813
62008
67320
21016
22863
3192
13589
43333
16659
725
2
9604
8100
33350
11553
650
4692
4290
729
25
29929
1685
83257
552
70097
62897
100553
43977
4218
13431
17104
1
8100
1190
33343
30521
7482
31531
5476
11990
20448
69277
3422
70963
45167
100
53163
37303
4624
6
55696
25760
2304
70918
10058
1190
7061
8836
71810
66843
49
19972
14884
64440
14136
39601
2756
30592
20468
6802
11772
11831
31862
11664
41652
28131
23716
6621
7925
529
24651
6480
4830
74889
64942
83269
12887
15625
1056
18360
596
49
1156
29329
5776
10712
552
10920
72
16256
77103
37249
35325
17218
48523
6561
3932
2145
99884
462
132
2899
30481
85457
4692
30
1849
34925
27189
99799
8556
961
17277
6269
25921
1849
91347
11910
87155
380
32740
10404
62196
2809
1521
702
8649
1764
2162
2652
31893
26039
14762
4290
25671
19607
107556
62523
35344
16770
12432
29584
50995
324
46872
10411
4290
65311
5929
27128
26406
24755
90143
2652
4761
22451
23870
16770
51787
29167
51679
11016
44439
31653
62522
16503
21316
9216
14541
71889
65427
78644
25799
44315
30102
35749
37527
24492
13172
782
10133
61275
81921
182
182
10783
4828
9
4492
64503
4970
13853
19439
23568
19143
11342
5329
26451
1024
4761
23256
8607
68201
14287
484
30276
2624
64585
36864
2609
41112
729
272
6343
483
3424
48372
86239
22881
21170
5929
4040
64881
9702
19600
1560
18632
2809
27317
68261
14042
4603
4634
100
65002
36672
11701
8591
17556
56745
64447
12996
23343
12027
7309
63268
1252
35289
54823
3303
53033
1332
30738
31506
37383
40827
17292
6071
83996
42
1722
58130
55431
2256
53821
50021
144
1056
95833
69432
10920
42939
23581
20164
8742
50400
784
961
3782
13924
35598
3997
61746
2209
34832
61003
38849
11449
7056
23104
2286
1511
2500
55028
3249
1767
52645
42
44310
17030
74112
17126
20208
47752
34409
10404
41877
4624
36816
39619
8190
20022
1980
66040
44100
22125
64548
24437
725
19825
34596
50532
3080
25281
36431
36188
55895
35862
64
15478
51593
36378
110
17298
4900
60900
34832
61791
34916
73322
28073
7684
31937
4160
2
25
7941
7310
15435
20295
56181
17556
81275
40935
1389
20865
52704
75437
31684
69270
5045
58235
67451
13340
13806
12751
15155
2401
29718
64262
10920
5852
100
210
1011
54731
52024
4692
2118
29173
27301
18360
1833
3844
25
86252
11437
324
9702
41283
13037
1729
19542
50368
886
20449
23684
36
30800
1892
7068
4160
46815
14280
1980
7569
19460
19997
182
930
30517
10712
17470
35938
1122
14321
8931
10609
17877
3600
639
352
3025
1681
650
900
34368
21061
47961
9216
16594
6006
36
23178
9900
66757
35489
9120
50382
13456
72
14280
98110
7260
272
900
31925
58492
55238
1150
30059
5476
12103
75939
22805
1640
20602
36
1608
2970
17683
13572
9216
16139
9604
256
1083
18082
46225
1640
15909
47643
23649
57189
686
18090
1482
6006
15129
7310
9604
40395
2862
20
597
10100
7703
37668
3422
68581
74553
51249
69960
12210
11
13806
83508
30949
81
156
29200
51076
9604
14604
42230
32041
420
74897
6561
94204
930
1225
692
57386
470
552
10266
42516
50509
16256
2217
25600
8190
16256
12210
2652
19544
576
23099
18808
121
7732
3083
12261
289
182
22461
12176
400
49323
51423
14008
61746
529
16900
45180
6724
38184
22650
68768
47718
12882
8281
41403
96521
380
12671
729
51042
51113
44100
2025
3192
1190
27722
16256
72846
54990
3080
20
576
1980
7753
2147
110
71913
14161
23593
930
78244
72452
256
462
24806
17822
28251
63095
5550
67098
27557
81
3136
2244
47287
37365
45596
1296
27722
17292
61239
576
12656
900
64683
5625
29083
506
841
39800
9054
32145
49729
6
17955
16319
6074
11539
37013
794
7140
18098
6397
74031
3102
77999
39327
7225
13232
16002
41031
132
24940
7768
70098
10449
61614
59049
52910
6480
32671
29818
10920
10816
8675
905
1722
1603
67044
35405
71938
15129
10404
784
196
8185
16
64092
15599
6162
2601
18350
289
68121
841
1296
625
7396
3422
812
3552
29875
42
26399
83754
13721
52608
1936
33307
3969
17637
26069
5388
32400
12770
9
7744
7569
18225
71364
6038
81
2352
40957
24492
29582
75366
12
14460
1369
12321
42334
45261
2899
7569
239
2
46531
4624
5776
23279
11772
10712
1764
23089
1444
4813
21904
3192
24964
8007
52912
40858
72099
8727
29584
39004
1722
74788
24652
50239
44923
1722
32580
21101
3883
9188
240
91139
7826
9679
100029
3721
484
58117
7656
7731
4761
77863
144
21739
75033
2162
40221
3844
64
63703
1332
6951
7660
27303
3364
12769
625
13110
900
10856
26340
53787
9
39689
34605
3540
2671
56531
6649
6465
60708
74322
1
38025
64889
1864
1936
361
756
106968
74225
89137
25288
240
361
2835
9312
210
50396
4624
58278
26441
86565
26586
4903
16512
29965
5329
18769
90
91522
82810
42891
27860
8100
42025
2704
3306
39970
39129
10816
2517
1096
756
34030
35095
4096
552
289
43207
97516
5041
23562
21170
50116
12321
400
18457
9429
3306
75964
1521
66640
2970
26569
5112
870
34040
59159
93672
11051
55879
42183
55803
6787
48989
169
3364
6006
37547
7569
2550
100
54
20085
3291
72086
36
182
4160
18769
27225
31303
22983
72399
74184
2365
25
26896
8556
694
24180
8281
74747
46229
784
18551
2274
18522
46303
38535
4096
3842
13257
2747
15876
1722
24180
36290
13689
1225
41900
38521
32942
841
22621
23104
240
870
16509
7242
58329
32709
8281
5256
5041
13342
41825
82828
6806
23410
11587
43943
702
688
43404
64
25381
6551
18632
33672
29215
39965
76023
70197
1521
22801
1732
8647
9312
50908
2070
12882
12432
19460
27722
8281
70649
66232
9702
6
62274
17562
144
3080
1722
7140
10100
16245
36850
42804
11025
21656
51943
65427
58258
1764
400
40677
33807
61788
9
23022
16594
38730
4290
5776
5184
9025
5128
29499
14912
35799
2500
18496
16084
4248
1089
75508
3195
1444
63023
19600
3481
12210
28189
9573
4472
12210
32761
1089
25088
40000
210
23562
9604
57411
24025
32942
31759
7293
29462
1444
82665
8836
5169
26306
18496
15839
54231
756
1638
27130
17161
53275
506
9
47089
35041
48867
8435
18360
28392
3208
6963
59844
67037
841
16512
60309
1024
20164
8100
7832
240
2916
22952
25
66453
144
4706
9506
7945
1024
1
529
46554
5329
1190
29756
6400
42768
81539
23730
14520
17292
4210
31684
6480
55523
22801
2401
2500
14147
15112
20449
4049
19813
1406
3540
10302
13225
34877
51870
33429
5929
21787
59292
1722
36864
51003
41616
21369
26896
57121
56
3969
169
3364
2162
26261
44871
3422
38469
18225
16713
2704
196
33424
1899
21936
19881
4225
6400
32221
6806
2809
4489
2070
32527
36718
1764
6889
97793
12841
71135
81028
25600
7832
10712
2342
57025
67807
11025
94866
3192
44105
5184
18906
33270
2550
2304
72
20649
14743
2550
1940
52233
2704
24253
25288
963
11130
56998
702
100
67359
34807
1156
19223
1980
2209
5776
4225
67861
50083
6642
36167
66431
81
35061
11505
5394
1482
1176
23256
15683
6642
55767
15876
2401
16308
46815
108114
72678
21153
1938
20247
30450
66824
52816
342
80771
1406
20233
2652
441
26627
21462
62574
32379
52223
43056
9506
1764
5476
8338
4622
1560
10302
13858
9415
40200
47961
33083
19044
39191
43852
10153
121
19589
5112
55736
54903
32007
1892
784
2070
52861
420
19600
8010
2352
19006
1
39527
20051
1696
256
72661
36233
2550
6084
1122
24117
2256
24336
32166
121
51274
13456
24720
16129
21756
18754
3077
40474
24493
9370
52685
19383
37224
11236
1024
10609
15750
29327
10302
18496
2704
29533
1936
15049
26597
85684
36963
33672
1892
342
2450
72939
11449
2432
22201
3249
30785
74416
702
1764
62325
22500
102113
10302
12544
18769
23553
27722
27460
1722
8670
83205
4158
10000
37976
19740
36163
39646
28561
9937
49
91269
900
89656
14399
22094
7427
47109
102161
26483
10201
76099
28224
3306
1223
43055
28391
64707
324
67196
121
380
93287
24346
81584
8007
52063
275
21928
17030
29261
26082
10442
16519
289
34255
67860
1936
10823
5184
23871
17424
26376
93141
992
28473
3499
42230
49062
40374
10518
26569
40357
28691
625
289
4692
88144
28177
28224
69758
1122
37691
6663
12
7415
361
1722
1109
99133
12231
926
13340
342
24798
19044
1150
86981
121
2232
6320
50823
96053
11649
3306
12935
15500
25122
650
12544
16208
33413
90245
38360
11607
1225
4970
625
60677
71917
46087
66864
49
18741
6400
29477
841
74730
1482
4396
1332
43270
342
42230
4038
10506
34555
8372
400
41820
4
18906
44944
132
3600
729
52536
9025
758
12100
50589
13689
5852
32149
2256
37442
66213
306
57545
90341
21756
33339
38560
9702
16007
32907
25005
14891
256
854
71296
3080
20334
16002
9900
25416
1
58702
10079
110
30058
19131
558
10712
3423
97287
4
6743
85207
16008
1156
3136
1521
32533
31862
45582
72
76911
58924
6972
48210
3279
8742
650
78029
37636
65176
361
44309
3422
1089
10920
78665
2450
47581
676
24879
29756
2209
19044
86485
4356
900
14161
15798
35533
1764
26351
9
4355
68895
9943
1560
400
50671
3600
2
53481
6241
8814
27390
40292
59712
36258
18535
18906
2352
45235
1056
75813
20022
47306
37462
13798
3025
36856
28392
28224
6162
39262
64741
92314
16129
75707
16269
469
25722
101848
25975
11664
21112
759
6806
17374
9216
15876
72
37957
21943
26572
73015
25921
11779
35143
96661
505
35339
1764
22052
12996
22801
54139
4096
41740
36658
51736
13228
51223
7921
37488
66379
72
49124
9312
20949
34083
40739
1272
22783
2884
9277
59769
42436
56987
81189
6806
27678
29584
756
7533
2
52932
41178
20880
5256
5184
99223
13840
1332
324
56685
9506
19600
49294
3427
6561
51108
39114
342
1225
9506
272
1024
61095
272
15625
19279
4230
63756
841
17689
19321
19600
39194
41317
15355
5700
182
36
3660
58806
8930
43276
36807
16256
23682
4489
6889
43436
7475
30811
39779
74778
2404
16129
69719
45271
196
27598
23409
7398
20767
46279
62343
15006
1924
9409
103172
100
2307
4489
196
46000
103618
33288
324
16296
60316
16347
53620
9409
29070
30607
44997
61847
4556
43270
19012
2970
30050
272
3080
49183
812
8372
34410
59021
20231
41383
56271
29283
4422
65536
26331
20925
10609
7921
6642
19045
55908
43989
13924
17822
566
75459
31862
12432
23523
48724
1063
7482
28643
16512
631
7744
11955
4160
576
12100
11881
40852
47391
22199
65694
42
5572
63504
1332
870
20164
75352
2916
12688
16823
5184
23829
48841
70829
6889
14884
2906
756
1521
59597
87608
3306
34593
14657
7225
20
23097
625
50092
5476
7921
784
5625
240
10816
1026
600
2970
506
45887
76828
42347
1849
39557
1936
33883
462
50543
29929
4098
8218
67950
4631
36701
9835
7703
47089
23315
2809
14779
49062
5476
8383
37988
56974
73815
784
5402
11881
25281
26719
29124
17161
71188
676
53224
196
86302
37713
217
1946
29477
77061
4333
61359
156
3364
2304
41006
16641
3316
1521
676
19182
78139
61652
2450
16012
3844
18929
73
2025
94719
22805
58147
11024
43472
48558
45625
4225
87408
2352
11449
3906
10723
70045
20
72742
28924
5256
26919
52441
23572
21170
42436
70858
15876
56
22801
12656
27390
1849
8147
31267
6006
13552
36807
13110
38817
2401
53849
14641
5700
42
3660
17424
15876
9338
17689
13689
47139
3364
18225
4624
53772
6561
3025
11130
73933
1056
272
676
24168
4147
441
64909
2025
54056
3867
441
2550
59827
81
3660
24025
2763
16
43463
55778
12291
1122
930
2070
91083
17292
58413
98684
144
40483
38489
18619
73589
966
6806
54313
30
1764
39739
15275
2070
11025
600
14835
86
6642
20164
17030
1190
26109
38220
11472
37830
61041
66539
35852
1980
25930
2652
4900
28164
28770
30873
1681
2025
67209
37543
2500
5637
4419
705
86220
37830
4356
6806
41313
18225
11772
12843
4307
24946
1521
19841
2652
5329
26344
760
14762
58873
900
3864
900
17458
2304
73377
27340
5625
16287
9411
441
11392
40013
12348
3844
552
131
9189
50849
95236
5256
702
94134
18228
34741
77464
8556
324
42105
39212
5852
9604
49747
2092
18965
1521
40960
30389
240
42765
20
1260
28347
600
8241
26233
90102
361
11342
16002
43253
1089
37449
58468
19428
841
14641
11881
3422
86373
21609
19321
870
2025
100917
676
27861
48745
71827
33423
16512
44100
22201
5973
3844
9838
306
3592
3332
28900
2352
22229
4225
38220
3481
36249
15376
6084
66657
11533
74087
88405
48647
7942
25832
21248
4422
73590
65181
23478
72
65589
4692
11664
30625
19182
52176
1980
11526
63847
2401
2722
3603
13572
3844
72202
90451
31329
441
7508
34225
69531
28326
58631
110983
20229
9
51408
16900
40953
23109
169
13283
13110
63382
6
3337
21609
73024
10712
53130
2500
25873
33052
11990
20629
50103
24492
9875
3025
42642
15633
61256
48808
15502
676
21316
7310
3007
16641
83912
625
25281
11881
2550
11619
38516
5934
12437
8649
72486
60539
73307
18052
5361
14733
6278
5724
21025
29819
52984
1482
37011
27060
12996
16883
4900
29225
4422
10518
8556
19155
64469
6480
50369
31862
3364
45113
56
19460
90
8930
58769
33783
55333
15750
3906
20
8930
49914
6505
11638
2162
86019
68820
17780
13781
930
15127
44310
32241
69907
24817
5402
32041
40101
5112
5256
12712
12147
1979
1122
6480
6084
22500
46440
27476
55225
4290
756
33672
29384
101919
20
16900
27005
9
19321
24421
30450
6972
50309
10828
429
22801
4290
38392
8525
29229
2162
961
4096
4900
1296
43264
10201
7569
61752
25281
67450
32635
1764
27225
13767
22063
70893
10461
25876
22864
23256
60237
6
9025
69555
103049
88945
342
17030
56487
13340
1764
8930
19841
1936
1332
9702
70773
32490
27390
9409
3025
132
32135
52243
2704
13683
52487
27216
36184
8281
16002
22350
85065
50683
15750
32233
3844
26205
17556
70563
4805
42573
11595
3984
7439
15876
42
90
441
729
43681
26441
6
10609
8556
46839
3080
14400
18981
10609
50289
39524
40041
19232
576
17030
9604
9
40907
99373
7832
51308
1849
55031
31506
29591
19433
11130
35837
62749
28499
9
47069
4692
9409
54860
342
8443
11849
72728
29929
14203
32145
69545
47981
20255
2766
22587
43056
11254
3839
2
48327
49947
4692
67539
21628
9506
80551
5852
29756
31208
74439
77760
58212
12598
3844
8017
62021
2704
21904
156
901
9597
240
73819
2116
7482
16002
18580
7225
26896
110
14042
21961
3306
11236
19078
324
22650
5550
56820
14884
45047
6724
12072
15006
18906
58877
30326
1187
27225
37293
9774
55859
29776
67618
1260
484
22304
4689
81623
6163
16004
1603
1
2256
3136
13340
17161
2550
70981
29412
14781
40638
94282
48965
7569
100
39789
10923
77301
2070
33564
28730
756
18388
841
47208
740
3969
34926
3080
1024
41901
11053
12769
12
14400
7074
18746
90
7744
12210
37568
121
132
12
2704
6649
20363
52841
358
961
1657
2970
55448
37845
6006
11135
7299
4556
53878
59039
930
30733
1764
46872
36874
16900
342
6724
400
28836
8190
22533
210
65395
1482
57600
70944
21797
5929
25562
9409
41347
1332
35912
7656
81
13689
24180
22489
36273
12459
25131
8742
63592
32788
1600
17039
1089
3481
38968
20077
47996
1849
3422
1260
1681
45369
49383
107027
2450
28541
3422
57765
12769
34880
85699
48879
56644
7660
16139
3906
1764
36032
64608
64005
4624
21784
19012
36
72
22527
16770
5550
6125
5184
8010
25760
49952
66260
5624
49
50400
110659
65758
382
37447
59549
34043
18356
741
46957
35324
60208
44944
47094
24806
76616
1980
79866
1892
13837
16017
2756
43163
34455
72
4624
19041
30868
3906
182
18360
156
29929
28335
41053
868
8190
10816
34342
650
35334
240
225
34040
34410
3600
5329
7921
2025
17911
24853
32289
37329
20592
47241
32908
35418
93269
3249
42589
5776
2652
21115
11025
1024
225
50164
5429
20592
676
4556
9811
3481
1251
22880
9
6
11130
13279
5852
4624
60029
50050
5476
64
68392
18532
20880
83789
361
20022
20403
306
1681
31559
73053
18906
30288
1225
48063
68282
961
256
3306
43056
42
380
4535
121
29023
9409
61393
36759
43681
2450
69542
3052
576
57986
36
14161
13110
49729
47461
169
687
600
25122
7572
2
4900
26508
451
71289
16259
98778
21626
3025
13110
18044
12996
36
8464
22350
6243
64613
3372
56965
36848
69527
23735
552
20449
529
43890
7225
5583
42
35020
37687
37051
2304
34410
15039
900
7396
39536
64997
54905
11881
4032
20736
52441
7396
42436
10000
25749
18183
20306
85696
5550
9900
66635
13943
42980
57600
17956
4624
2916
5256
63297
3253
18476
26569
11703
1482
27177
22524
1024
34753
1159
30117
2862
3906
35763
62272
48064
20143
210
23278
5257
32305
41856
9073
72760
6480
35601
33893
74956
23256
50685
34989
30939
44310
45796
10957
33189
62380
3340
18868
17956
58105
2756
552
4970
367
82538
3660
7278
11130
34174
20311
2086
11492
10816
19460
35776
24336
34257
4290
1444
361
46481
1521
26896
37636
3422
576
380
26228
57635
2893
61275
12996
75078
17872
27099
12068
36873
17292
45987
9978
29595
65207
1722
54541
18140
11130
5402
12827
10506
10045
5041
4770
11236
1521
50517
28900
63504
50175
3708
400
11772
1296
43332
2268
7832
51207
1072
1
6162
6162
3782
1332
650
784
47379
7657
2348
9218
68165
70952
25760
64839
16002
2070
52168
14884
53552
50400
40303
676
55696
43447
29192
12418
40784
12779
29300
745
6806
5547
33124
24025
25760
4356
11772
36295
19044
5402
24025
11342
4446
10100
42523
61440
38612
702
33489
1797
16
20795
13905
156
28320
63277
2070
44728
46661
420
2704
50850
42436
68627
19139
4133
85112
84489
4900
90007
1056
625
37506
9
51177
89160
47017
2809
18090
7625
24023
676
56370
2543
47572
3782
62865
38025
46356
40192
37747
4121
16641
88893
9343
6320
9312
13456
46898
25165
9025
9527
9539
16134
53592
756
25281
6241
66042
906
71034
400
31159
37252
9415
76944
28056
4032
2916
44313
3540
53889
40361
5983
76858
22432
3025
400
26053
25207
37747
5625
75309
38229
74592
32422
34225
59876
56051
70280
4761
19740
1764
26263
8556
18272
12432
98574
6480
25456
29356
870
11449
12210
48091
44521
50683
83757
5929
20
57307
8259
23768
9553
2756
52711
14143
31521
25281
16129
11253
13806
16136
576
103485
5402
33124
23402
22418
46015
7364
10506
841
900
260
85703
196
5041
19432
30059
1640
8839
32797
10404
2926
33790
2352
1681
39659
16129
841
16900
45451
70533
37204
21588
7496
10308
76999
53694
11764
552
625
6509
64387
1806
48843
7396
56638
196
1225
17292
9702
1271
3333
8672
110
12107
29927
45267
64
2450
31914
30892
45665
7187
650
992
90
3540
552
27032
75562
812
37056
8245
30040
5112
21235
8190
196
2704
15049
21170
3600
37268
6162
673
30263
110
25760
79719
23973
16
36167
11664
53441
36455
2352
24649
14520
24180
541
21462
73024
23416
1806
22843
11130
23443
11130
7225
4285
47194
70527
3192
44650
37953
9604
2809
16
2601
749
64833
91292
225
43767
64727
6269
342
23409
3600
37541
64768
16381
44799
47089
36902
552
1521
64228
100358
380
5184
2083
18498
9623
256
240
10170
24919
12843
11664
10201
74357
12996
45157
20574
28853
48400
22350
43905
57443
3969
25207
37249
3540
3232
19600
15129
66459
20
72673
4
891
63739
16002
50027
9
76860
14469
38416
72523
25252
39068
14796
20880
60675
1
650
380
29129
81773
8372
8836
48202
600
1521
27001
32580
61218
72346
22529
38148
66172
70756
9496
8464
17117
70659
3438
44347
1444
2256
56
25343
45883
773
19548
34432
625
28577
70304
8556
11342
13340
25815
9506
99081
8372
31152
6560
21268
13806
73599
21170
42301
10117
100862
4689
529
5929
13479
4746
2059
93385
4032
100
45997
1024
1429
64467
223
3123
10528
49
15046
28561
5402
552
324
67984
59565
8836
30
2256
121
49252
12544
91203
73943
7832
196
47385
11265
4225
16155
72303
47742
10609
47008
22013
53008
40428
7921
20592
17433
576
22500
26781
61348
4276
19
1847
50980
88228
33171
18827
2040
29818
18092
17822
16840
17758
2608
6078
64026
3306
570
1640
38064
32860
30
73674
20574
49729
59893
12996
90
17689
37547
4
225
32473
18023
39255
10302
420
77325
1764
25
66631
23961
71896
31041
10461
27964
5587
51076
17121
57700
86242
2809
89773
16900
46084
7225
400
20336
16900
12656
85371
19853
49
16
9927
52967
30625
30273
66763
6
1296
16292
1379
78579
75219
86724
30976
11708
1640
784
30517
13702
44713
1806
109869
72239
77293
1485
2209
15968
2466
17920
86009
9604
4488
54487
27998
66428
9120
3192
17556
78552
729
3025
49333
10569
5146
6862
7901
132
10920
12996
23256
1482
39646
59482
101044
7225
31693
1296
23256
400
1722
33513
6483
3600
4816
8702
2256
37128
90
74947
27053
10816
900
21493
182
16384
35733
50701
6889
2916
65447
961
6496
28056
441
3421
361
4761
69357
5852
30029
22201
7591
272
121
85371
16
42558
28069
43493
44116
8100
36672
39402
51387
1089
35988
79299
900
72422
89374
16770
110
49003
3844
420
29961
5852
8190
42747
5837
34872
22350
699
6400
24152
14629
870
13630
3192
9604
45028
77733
11990
42693
552
13140
19829
2025
46819
11556
81993
506
36928
6639
19807
54755
81623
51460
26906
4041
72435
23104
5550
19600
23870
12
27390
24124
8372
57748
7396
72668
1482
58029
11531
9004
7496
70879
4356
30803
33328
22533
8489
20306
55509
3481
51644
1444
36558
76723
42085
13031
2812
255
7934
66561
5998
39813
7744
34204
39745
6806
47027
11130
1600
25600
66049
31923
81271
20528
1913
16659
58688
22952
40573
26569
2070
723
2550
72189
91903
21943
6261
321
12366
1024
29443
12210
100333
4624
14600
13552
49261
2450
65483
729
9378
25774
5112
2916
1764
32373
30715
14884
11556
240
71422
2401
5491
2122
6241
28900
52292
15625
21002
5700
27637
272
21170
19135
23533
110
156
57136
1482
113
90487
1521
3080
3481
25000
6972
6320
25
55460
43556
79657
30632
58356
529
1981
14252
7513
59394
42849
14884
49013
240
45639
43743
20379
128
132
4160
42298
3136
57307
8482
22395
11449
324
105879
24020
3785
169
75320
1260
16135
16512
40519
6
23491
3969
51715
20449
3540
65213
20
104708
9604
870
38418
12656
930
702
1332
12888
17292
6
19881
9312
17088
2352
60605
81031
240
25661
15625
24532
23104
37089
35499
72787
8727
50658
1226
70897
2925
6400
1732
47943
26734
34528
31152
65125
31290
3249
23939
25122
529
39913
85605
24131
36
15625
19127
1907
39702
24336
51007
29591
43665
77761
65068
1936
930
63109
24634
61105
1831
33452
21201
20463
50983
77955
71199
11098
42211
1332
77283
3540
10712
25200
2209
5397
46656
34596
90
1260
46528
50555
1373
57958
100
697
78035
15612
2025
6724
2704
1296
2116
19432
16341
7396
49283
60964
1482
19044
9801
35260
8873
774
2601
14280
30496
71824
28252
78077
14884
31015
102418
2025
22201
2070
40804
23882
33189
1980
13976
56253
66969
32492
1722
20023
9120
240
930
2827
1332
46143
13238
4243
10021
2809
11990
32889
225
22500
58600
42230
1521
306
39386
2704
41729
42
31696
32089
16641
29687
19716
324
529
24834
70336
26414
31503
33390
11881
28421
88208
18705
16453
9945
22842
51641
15750
23716
43681
4290
4692
1190
240
20939
7832
1190
45403
3844
110
4900
92564
6852
69653
68597
51289
5852
32761
22892
18496
23109
9604
15750
38025
1640
16641
324
12619
20880
4830
2597
4032
18117
8556
6241
8836
57749
132
71655
1980
78773
2601
10797
24303
58389
12151
13924
870
11889
42869
1948
22825
72522
17424
930
2352
79008
31078
8556
75575
12691
6972
79851
9054
37051
18496
2977
6115
40602
1389
12321
484
121
67996
24025
2162
1141
19044
17599
72039
9801
54803
10201
3906
196
31172
12769
20880
1560
870
30426
196
441
144
7656
2550
7699
1806
144
11873
31158
58901
838
3306
441
32580
3306
5700
15901
20736
32041
48400
6241
812
4096
12996
90
1225
1806
1980
17161
52954
19348
18107
182
467
18769
1369
8281
1089
69738
33856
8649
66725
5112
576
1122
32337
62637
56
30
3844
21573
50688
64449
27225
144
15750
54199
14641
2256
24806
52867
45397
676
9406
23789
10506
21588
29756
8577
2999
16308
99547
64
2162
32942
1849
16002
19026
33856
91913
25305
361
3422
4032
756
32964
7874
104403
44715
57706
28223
78795
4900
25
38811
47407
32400
1560
420
841
43719
69579
484
552
52148
67094
10404
42230
10100
34411
14695
6642
20520
34692
1369
12437
2652
13110
79671
45197
36672
42
24378
13378
6320
21855
48095
51
5865
48745
2601
8930
22723
54008
73371
65992
2256
22801
1980
6724
66423
1806
1764
43681
50885
39835
32064
5533
11406
2256
872
11449
36551
8325
1936
62015
529
5256
16287
2116
25281
45748
22595
31323
44378
27210
27077
62691
46979
12882
870
73127
9506
463
2209
3422
51178
104992
1156
22728
89267
1980
24806
9312
3025
2607
2450
8190
61009
484
9409
33350
53437
68773
121
90
25
50176
17752
380
81197
3782
462
40401
17822
100667
42025
5437
1806
5869
11772
100
17627
42281
8440
49
16781
11236
3844
81
650
14361
44521
34833
29247
19078
338
1640
2256
1377
600
27557
18632
89891
3136
5889
17292
49729
6162
50409
5112
156
756
61419
33124
7056
25509
1885
24649
2907
95304
3540
1225
10712
5805
9312
72546
33501
484
63908
9900
53165
10635
18858
37878
21316
81
992
34357
650
7056
2401
57125
31862
13665
63129
132
89536
529
11342
6806
54928
9925
17556
49616
2652
76165
70756
34226
2
30333
3160
9506
5092
2450
81634
104444
9801
23932
82552
50583
45821
51330
25760
3025
52029
47888
2304
625
4356
41006
6162
2563
4830
21440
42555
33949
67565
33752
32826
44801
4900
34555
11976
3192
41488
73041
56
13624
21512
324
1849
49573
2001
8375
26508
55932
324
7483
64679
17692
34978
49904
6999
26569
29044
66564
20224
1600
14671
57485
3249
46543
400
67953
6269
9243
51759
2209
58728
45665
74747
12210
64
7656
2125
7482
54277
506
13572
930
9025
27203
24964
23562
2798
34257
24745
15500
4
12769
2652
6480
23562
20640
24223
76852
4614
904
31506
11990
462
30450
841
870
8383
2304
66699
35572
64648
702
31235
3181
2401
66808
11082
54056
31038
68396
1892
43312
6972
26558
14941
7813
1089
11772
4032
57427
70180
7803
20880
22755
41001
3789
78209
2500
1024
7941
23808
69787
8556
10609
46541
16
36312
39402
930
17918
1722
1936
70972
38211
25760
12210
10133
30738
30
2401
7315
6480
73044
8836
324
930
41103
15299
26579
83752
33489
4489
30
1806
600
26263
6318
1444
68205
2601
42
14049
23562
96408
30495
39397
37495
182
33139
50985
60119
89225
20272
2904
51076
12412
59478
95620
25122
29070
1156
87596
74805
6724
342
33261
14520
5886
70789
15376
8742
52663
23256
27722
29929
10920
17379
102388
47015
29919
1332
8149
25288
5112
34782
33297
1156
6889
9312
10885
9409
225
2809
4522
76616
7396
13528
4900
17752
67323
7744
15500
3364
17292
2025
70383
2899
441
39472
48237
4160
225
43834
36864
30892
27889
97412
34596
27225
961
10713
29929
9678
22519
27292
66648
484
6889
17127
35448
41616
21077
8100
66537
45660
12171
58343
12656
19935
46183
38520
14884
1465
3364
31084
8109
894
72287
46549
29467
2916
2070
39229
81147
11449
60274
6006
55686
600
10216
1369
42496
33933
1897
10302
3906
49
40273
841
3249
12432
619
16258
3136
13572
84120
12996
3306
1387
54733
51618
36672
4007
1521
14149
4692
3422
784
59867
33483
6
12100
7482
1892
210
42931
8190
11696
992
9120
51635
31803
85716
14152
52461
94918
6724
48145
19099
9283
90428
94457
5550
19044
4096
2500
423
65188
900
49
3069
35991
23120
327
19047
90070
17556
4556
58099
88309
15876
4225
28138
27885
25523
10156
44355
10627
69607
13225
4830
11220
6642
35432
13469
35752
32587
80933
576
34777
11990
14042
35101
8930
23870
25122
30657
8742
60762
24636
1936
729
20123
55405
2256
682
19857
272
9409
30102
48459
19773
52648
32477
37473
57940
8689
625
35008
65939
5779
45566
2025
5112
16591
87028
4356
48688
28369
52608
4032
10609
16533
1444
10000
65752
27312
756
28546
5256
3540
38799
11664
25910
1089
29325
4248
33686
79414
35156
4035
78580
17790
13889
19033
5929
5550
8947
91772
10720
25570
4290
11772
7224
64
11403
13971
2116
16129
17424
45548
7533
7396
36105
5625
153
38538
3364
12379
72673
441
20327
55211
23716
19842
21628
64
36864
92845
11881
28068
2445
600
3969
44139
28951
36
3600
14509
1936
20736
8372
506
5329
256
30976
64753
54756
1260
53303
32149
7788
11025
4163
56808
30212
17540
15670
30148
49589
30102
420
3025
9506
2601
3192
72
7140
16309
8010
25600
24649
23870
462
25
21904
1056
32957
3981
3639
16655
23095
6513
10712
30
62801
1296
12
10034
7466
23721
72
7310
64041
10107
46440
1190
29022
2115
9409
3969
7923
36
27541
5700
30276
58669
5041
10404
19044
29584
33795
23332
9312
10506
5205
10351
3422
55932
552
29579
6561
55816
7482
11130
1849
6084
640
19893
43056
30618
19460
1156
3306
2862
21462
42725
63829
50625
42858
10007
78279
1435
2785
65061
8742
3721
30117
59049
69917
24025
10609
35549
676
23256
18107
2389
324
3249
80289
7569
3364
2312
55063
90
3760
9095
67891
1089
16770
49620
12
4556
600
17689
76170
26896
6421
46010
1260
870
70378
24492
1056
6282
8492
6480
38416
87367
10395
6775
5700
23543
30120
14884
32044
6889
6
38344
86034
3136
30332
34728
60093
36309
22398
3782
10404
38177
36672
7461
812
20789
25288
1161
32761
1296
240
87557
16029
100
30976
50067
11031
46872
31861
42978
1260
14914
43266
16384
18496
6954
64
1764
73215
58203
7140
14132
18653
79379
11733
32403
60823
71327
16002
1442
82072
13806
41210
15376
38971
2304
3906
59681
3782
182
38601
45456
20204
12551
5402
45116
16033
68489
6400
50104
12422
83345
3237
69804
40979
15625
1063
576
841
39775
60533
870
272
61568
7921
65726
41493
68779
37487
21316
64223
69938
24806
28900
9025
43559
812
54990
9126
7921
5041
22013
4951
7832
961
3389
6602
43056
51984
75093
76415
60259
32723
2025
121
81783
529
16256
40602
90
78419
1190
2256
5776
23133
25
15876
62868
8649
156
18496
39697
23256
240
342
676
4422
27875
19044
4830
2704
21169
35674
1600
82269
3660
15787
65743
14612
15876
31044
12652
92987
97872
67081
3969
67389
182
36163
24451
82393
1093
24844
35344
24336
12813
7569
22749
23747
40769
69493
18789
306
1444
69108
7832
19881
20880
132
15129
15006
3579
25440
676
79955
3192
930
21462
74809
42796
72
12210
841
900
24806
26896
662
196
85903
2401
40883
8699
30769
37955
28597
47019
12
52901
24290
91687
52799
2482
1980
2443
7699
27720
1406
26896
3633
11881
21917
1024
15625
34635
4286
1332
1722
8372
10042
900
72
51255
71025
38655
43968
13085
21393
43088
6972
33763
20492
32211
42179
15252
7927
7656
9089
15129
6806
67303
11772
58806
52864
900
2652
9506
13225
37282
2352
4692
79927
25281
32013
38869
26664
74548
5776
38647
18360
24806
827
2595
34662
3540
2550
44497
72735
76992
23533
102016
73383
29849
1338
2209
25309
57600
69432
3599
34789
37266
77552
77353
6320
870
24964
8010
12690
26244
23517
10337
10000
49952
3306
10633
23104
4356
26406
3080
11556
5700
1640
71653
24025
2070
57261
47781
156
29958
7476
4648
22725
930
13572
29151
2601
5112
30345
13009
8930
38752
82529
55901
14520
784
41026
35787
44489
6006
37093
4225
1892
24068
52121
20412
4761
35051
72
24347
63620
67631
5402
68003
16
43321
1560
3249
64770
21963
5112
46842
2756
43509
3844
6972
16912
62477
272
14491
2000
17280
33611
69010
7921
14641
34596
67581
2304
5692
13340
146
8333
14553
12656
8860
71005
35519
29157
1613
22541
30
121
9900
26896
68192
53397
10652
101295
72853
19182
28564
3742
62842
361
342
35912
54995
57600
30395
99105
2304
21316
12882
90
63361
70235
13456
36159
8836
16641
1296
80912
420
2450
43056
27363
49
23363
4692
39759
84701
84397
35685
20725
53888
4556
19342
182
41527
12544
24806
10864
44119
25293
10712
59669
1764
18632
70869
62555
552
380
13689
13572
8464
2809
5439
7656
30
56436
34787
24225
10609
2256
17198
144
18317
64925
2652
5599
1225
7140
91237
15750
552
2500
23104
11025
3249
13479
25457
48184
29756
1521
8364
99117
48236
59682
32526
6724
961
3766
1936
25134
21579
400
25950
3531
8937
20
50400
23409
225
3249
169
64
33853
10920
17533
18632
34599
47284
19182
75156
73846
1262
66822
27320
17161
110
4032
12882
11881
906
72
196
24306
21969
3844
26803
52455
239
17030
52441
1
13303
42558
23562
92649
16917
42230
30405
2304
100
18225
54099
2304
12882
2352
2528
65838
66824
47742
30102
23989
38416
7140
20334
441
33785
5329
101709
22968
1406
94393
75933
100
2256
4101
16
6
10100
19881
24319
57857
40060
96451
11438
24099
21170
56362
43488
144
6084
58227
36664
42519
7143
27053
8742
361
13110
36101
17581
27889
39736
1296
1296
14400
16
58272
32041
56827
80329
64741
32761
23409
6236
11342
97459
36903
12996
33489
12543
11342
15196
3600
2162
4556
272
68030
15393
35358
48060
22201
10100
4692
6084
13225
48766
15376
92530
41928
80889
25797
4556
35379
29823
25440
37770
55203
12681
15252
9569
812
156
74484
11200
2601
3602
289
156
60027
37249
6929
39101
12321
49
14400
1089
1600
94374
756
2311
37249
1260
812
196
49781
40220
19884
5402
34239
10000
33856
64
49643
9616
95445
5184
42811
1177
26732
12769
32527
37249
38218
812
2916
8190
58322
28730
7924
5256
349
29706
62001
12769
6006
7832
1892
16900
23399
44479
34658
9898
7310
576
12187
15625
21325
16926
45004
15006
811
6972
82052
31092
57873
86274
16714
25
5852
31102
144
28077
19044
22843
23716
3093
49171
17515
9037
4989
10000
42
6889
33672
650
66107
10201
39063
55397
3540
4668
13340
13147
1482
20449
9312
46305
8556
6855
6162
5112
1021
9605
25839
4803
5041
2025
29607
34927
33872
2116
1332
992
14262
169
26244
275
4225
462
1444
20
8742
144
37469
872
35679
7140
13015
39800
1024
54424
52559
20592
21311
27390
7482
66992
69838
21682
1722
900
1225
930
14148
3270
71198
4970
5170
1122
15006
79253
65380
1980
48085
84989
33033
63544
841
841
411
11332
11636
324
10506
17300
49076
3306
51877
15621
144
2116
31684
16
4556
20336
4624
14042
1190
59995
1378
16256
33936
69271
380
32957
37968
20964
1225
13225
16782
4587
870
63680
17095
24589
34432
702
2177
73505
48453
74673
78673
16
22801
58249
196
62992
9506
9947
50400
1190
13672
6006
72900
2809
20
1089
7832
72472
55992
100
240
70065
17437
26082
30102
17424
18638
2
8237
90
81
25
7921
1122
30099
10609
10078
15567
1854
34745
1444
676
1309
61152
729
51556
30800
14042
5852
20736
47293
6006
9645
17603
85371
35808
18775
35862
25477
29412
48975
34705
36614
3782
49
13924
27539
27422
6556
42
43264
14428
3003
11830
506
58953
24635
87994
34596
23241
40673
169
7225
21609
361
53731
2573
25600
2070
3081
31717
55225
36290
600
25600
3306
22500
16277
10506
4761
126
17161
39882
5329
71587
13420
992
3782
6006
9604
18687
80327
43403
19252
1722
1190
12996
21025
4761
2988
23409
11025
420
10537
361
11215
17822
22789
42546
2209
342
10101
306
92175
66246
45017
9801
2832
3844
34728
506
61803
3192
1980
6806
3131
17092
14419
12
3103
67458
24533
78749
5423
32109
484
76832
51113
8709
2862
31098
20861
15006
25600
6453
14762
1722
23957
3249
4160
22089
226
27952
20880
17030
6889
2652
35910
8555
46918
75279
27186
10816
3238
1296
2862
400
37351
32400
88040
342
32873
992
73441
23509
7053
23084
380
506
16
82661
11428
5112
9207
3481
40779
18360
1024
86723
23249
25483
529
33036
64363
5402
47306
51877
30330
35532
12
76528
40200
41006
77139
11611
9604
13110
75796
3660
25760
71164
51168
68928
34384
463
1444
100
18723
32041
400
48044
43890
57423
22500
1833
39740
52586
23104
21462
13595
44102
74444
5184
5256
43249
2652
9
32779
8930
25600
19307
900
1816
6320
4761
9312
24963
729
23716
17746
13110
1764
1521
156
62637
34525
14520
15761
14850
25673
48333
17400
7218
3306
24806
70326
50835
71958
1031
5867
34047
3660
342
6753
16770
49076
19600
77365
2525
5577
22650
39843
86764
29756
5875
53639
8353
25
51988
2304
15129
5458
1806
1722
19594
56239
900
62319
16302
14762
28391
37469
11131
1260
13901
27556
76319
441
22689
29584
49283
83184
25497
24212
26372
576
10931
2070
2401
36970
6400
24336
89055
2601
4032
25211
897
38767
1296
8639
78880
4489
32221
12432
4970
20306
32768
8100
6162
2926
16256
15449
9
21799
56
40071
14905
64
18856
2209
5256
5195
12
40561
23409
9216
11556
65919
73443
3249
5476
7921
144
68733
41941
4368
13806
41935
8372
2116
30882
576
46395
13340
10920
11772
34888
9216
38612
6241
8836
8312
4698
60520
1722
2756
24180
5929
17556
2401
40166
240
5767
33223
7832
13335
1600
361
29188
73243
53838
22801
35787
10000
5053
7423
18034
69668
45055
11989
8010
50848
48952
70042
107470
65483
28549
12544
25715
27183
18147
59358
2209
22052
29842
27390
27729
14466
6603
23716
29072
23932
3969
5066
85699
900
33618
8742
60877
80450
20449
10432
51733
4356
32400
105489
64574
9216
66172
9
756
84599
35101
4
8241
36546
31301
29929
24033
14139
30806
65608
16512
12
73781
94951
552
43954
25027
1481
28829
15725
7056
8387
600
58668
3806
12
3969
30
272
9120
49
18009
69696
68134
2
8464
42496
8930
2916
10331
20022
8836
6982
48073
14572
86229
13968
7482
21861
600
8281
6796
62750
650
342
1131
38973
16002
32781
13340
51146
506
84783
22670
16945
34239
49693
32545
8836
54997
14281
34003
2862
72947
38416
1600
25787
14953
72
47077
59049
28900
6480
7413
2837
18496
39402
17030
676
19722
132
4556
7225
4046
23686
16002
24059
741
6972
11236
2916
37563
15129
7407
4407
14400
529
11759
73878
57797
31571
68408
3192
197
6561
484
21756
6408
2652
64473
1560
22672
1444
83333
552
4830
39557
39436
6259
42507
23870
4384
1190
34596
69169
11290
10359
29070
2702
3080
21904
5113
169
16103
47439
15932
23343
15876
1972
33397
11664
23491
26289
784
80559
88843
196
900
11664
17455
15252
59094
21756
3025
35597
45156
11236
4189
2304
36
73495
2970
40867
20449
5550
10783
6806
3540
1260
58325
73475
6481
1952
42126
39747
4055
46621
56
20143
4762
7140
91517
29929
8190
41702
7851
8372
2256
62331
1296
63484
169
40602
885
11449
5112
169
12
5550
18359
16323
81219
169
9216
36464
12
4692
17822
1156
88560
55432
5476
76487
18583
182
12091
66564
13572
380
19600
2704
24806
13183
113
4692
11703
35243
9212
22263
272
26024
2162
35808
47649
32069
4489
2809
5329
13340
31387
24649
31506
10588
39465
22801
42246
13924
17606
48104
29671
17027
15205
40200
506
62914
1482
41669
57232
35448
57255
6642
51984
600
3364
28797
47503
104233
78629
15972
36508
43472
506
6
55459
445
14092
16599
342
930
6972
13689
39754
7299
28924
13689
17030
35156
25471
32973
2304
52419
52137
2162
32041
27556
49866
39239
70045
10460
34757
25600
9120
361
43612
13798
3672
225
1640
4970
74832
30913
930
484
5112
3025
80018
35156
39402
29412
7308
23409
37568
3422
8281
24492
58567
103156
7056
66051
4349
35156
1925
131
51867
43023
169
64716
1521
2704
23870
5476
69597
8281
196
3080
32797
12321
15006
2916
8010
69117
89983
27688
31949
26423
2652
28900
14400
67479
70036
25
4489
29584
22905
12
39724
6480
90969
2
625
46774
6400
89479
5700
72783
85635
7482
841
9025
12297
29412
98924
1225
24333
4029
21519
31152
4499
24492
4422
1949
3080
54706
47306
66021
13689
40722
961
37187
17292
18769
24010
3249
32672
2663
63109
3025
6889
40101
2970
9019
16
35344
306
19321
29241
1406
961
5256
42
1122
50651
39867
2070
26732
2550
47501
47653
7396
1806
28369
1980
3721
31684
6651
47317
2256
210
20147
66306
107704
44728
12245
22201
65128
8282
4602
19178
21547
3540
88629
2500
23409
12333
1936
5250
9025
28022
10609
19668
930
14082
2916
10816
36119
11556
14698
9506
324
256
6758
6724
5700
4624
5776
68601
6427
1317
68883
2352
19603
80164
42273
13110
84658
21609
90
48251
43357
65536
5680
19182
22095
12421
17017
28900
1560
2550
6162
2970
22801
342
48527
41083
7832
24760
6320
38220
1024
18956
4073
240
3969
23484
95
12
49506
47961
26277
17292
4197
1406
506
29289
40253
3721
812
4624
380
2497
7061
5084
98103
25
17956
63655
650
75263
13924
9801
7961
37077
64
45239
4132
3025
62637
78097
4970
41517
2070
3831
400
13572
506
182
61046
56406
1269
44979
34040
7056
37035
8281
49589
4489
4863
72152
4096
1600
24708
1156
32768
38032
22539
20164
18653
29173
11990
3080
48219
4692
105836
17424
49480
14762
43531
6384
55053
44395
2916
10299
42
92022
49499
81
14161
32618
47306
8054
36
9025
10100
66629
17030
10629
1122
20229
26848
88684
7056
19182
12435
70098
75943
871
23392
14520
31566
43270
870
4032
25247
992
90929
17689
15750
12122
38220
76947
22117
11881
20552
41820
13456
17757
306
2829
74677
42436
4096
13968
46180
30276
75142
24025
13402
6806
29412
29812
1936
13225
36052
64262
7225
3782
2116
7569
49117
169
29344
37404
23139
64459
42642
30279
110
53928
4030
52338
3605
25921
78673
342
44411
13941
76663
64
2601
12432
16711
77109
102984
5852
22952
77827
2677
14227
7937
2162
25851
39595
870
28812
6
15129
18755
13456
7248
121
2284
784
20
13225
8440
89362
6561
16512
53213
7656
11449
22201
21488
6006
1122
34954
14762
28218
56
324
2162
10920
506
49729
17703
29033
420
20747
50958
43056
2916
225
25425
17315
64142
57933
8836
43304
12940
676
13845
102657
3113
81
31684
4719
12333
91673
72210
38946
52219
22052
182
1089
2304
2916
34269
9801
12773
3481
19933
12769
26082
3364
35331
6
24180
182
89342
729
4096
30632
7431
9801
81
4356
10920
33824
11261
88469
12210
2162
17778
38524
600
47017
5184
17956
484
110
15006
41788
870
16413
46010
1444
385
62252
5003
1681
298
306
10816
2183
13791
2162
51622
10189
21043
9120
67193
5653
40953
28579
64942
4412
225
59991
79173
13611
15750
51909
1122
19947
14042
15550
4096
2916
9576
1560
3306
4206
16993
586
2601
46788
74193
63579
35344
1254
4405
1482
22500
756
2125
6084
36672
1482
10848
870
56673
2401
35780
1521
7146
2070
45582
6360
6839
62332
240
306
26050
1849
773
784
14410
31552
76033
38936
32909
42
35369
28224
23621
7119
29373
5929
63159
15129
462
24920
10609
12656
21789
78863
26896
1406
1089
25981
15773
132
2550
89729
10201
41860
20592
68825
2450
342
28392
18600
38025
5158
31433
73329
36061
60532
13900
576
69074
16002
16512
21378
14812
32041
53583
2070
2209
29358
342
63868
4
11025
5402
5329
1413
27637
210
40407
37245
12769
39177
11025
6006
14399
8190
7471
12656
28533
74152
14405
344
10552
3136
6849
72
69083
29412
53298
39673
15973
12867
2862
20022
579
61788
28077
4833
24649
27889
32220
34072
741
361
25372
2450
59567
17432
40401
43681
1705
900
961
9801
62660
18496
52771
6006
59281
48277
19589
289
1406
3311
106804
3708
5672
25281
22558
24848
13861
2401
28819
28900
30541
91029
57509
63827
43079
18090
3080
22588
12212
14884
45797
6074
55292
39601
15929
90832
95219
97731
240
44399
28425
6139
1056
35917
76462
102381
75821
18496
65144
32580
42202
90704
76099
35409
69384
61252
1444
1936
74493
8659
5912
1406
6400
8649
361
39069
7788
61219
15500
88819
5476
47807
72458
72037
13217
1228
43158
3364
52841
5112
4422
70208
2970
60656
31302
71907
29229
72
3249
19321
79015
144
400
64821
31752
110
30551
729
5776
20989
8649
4830
19881
24951
28730
33979
196
20367
21033
52253
23575
33856
60561
79918
3221
625
35097
54603
8836
1492
38246
462
676
40734
600
69699
31329
6889
64740
18359
2970
289
71098
19765
2256
40528
11025
59091
12321
23870
156
38612
6400
40951
2373
25701
11933
4830
8190
12100
33989
33686
56
7551
9321
51529
14560
50417
9120
71315
576
6642
1980
992
19321
53144
3523
70599
1600
68458
1764
28801
5929
13011
2601
46872
36243
14994
66303
1722
240
5476
2025
55628
24883
4900
25640
44153
37818
2361
484
9265
86115
84965
39873
3080
29241
24848
71775
15963
60467
38416
289
1444
4830
7832
25281
22052
841
28056
32589
9702
812
5458
17424
240
4429
34939
14884
64081
75957
2450
28056
32041
48535
20387
930
576
2953
42690
8930
7744
4761
8649
93367
77488
36378
51420
20883
7569
30450
1640
8327
42532
10816
10000
42164
2
35046
74253
2500
12882
15699
30851
74502
7056
33921
992
812
8836
37827
2489
466
6084
17918
4624
56
225
2359
59536
81
19044
7241
1600
34040
57353
1444
7744
8716
20656
32302
37777
361
88745
756
1315
173
26244
57296
51075
51099
9837
29929
15625
29908
1406
32909
26923
1
15750
5476
2230
7658
25191
39402
4624
22726
8649
240
36
18496
28784
66358
27556
21728
15089
72
7552
40343
6084
100
756
77517
41660
36869
75319
23716
66491
13340
1089
1681
65105
28192
20103
4624
441
63173
57104
5112
6427
102
30333
98250
484
22655
9801
30784
28979
1521
8930
26244
12583
5356
33394
34040
89793
6889
64
93073
2550
8742
73697
12432
3721
4830
1156
69394
28885
17104
4692
2450
3025
19740
32761
992
9702
11990
5700
32041
5700
8281
1089
55594
39545
30738
33037
22148
46327
54294
196
18319
37492
6251
89697
192
729
53648
1482
44310
28224
342
37144
49809
28277
4692
306
34225
34969
51240
17238
8974
19859
23019
5476
25
9409
51891
14230
4423
24468
58275
74938
10404
14520
11556
13456
36433
2500
60464
6724
12882
53147
2916
1024
36159
8372
5287
27060
11342
2116
35081
37506
4556
5700
17292
4373
34040
8704
21462
41188
441
2970
12610
12605
240
407
70141
59545
2068
17033
7921
4422
3660
6
20411
132
32775
4422
41232
23562
5184
2209
31329
71166
28034
3792
18769
21316
1296
49263
12786
2352
46785
19745
29980
67167
5219
600
2056
50188
552
33389
56465
57419
1406
19600
2550
2025
15006
36486
22105
5184
9
71500
27604
2704
11520
10501
4263
8372
2025
113391
64188
18322
59149
15129
31104
182
39172
48581
55942
52441
2450
78589
22688
67213
18632
17447
16900
49062
13225
10302
729
8930
49607
25541
11795
23870
13576
25440
77880
8190
16
4225
39295
68328
4
22025
5700
37758
29188
5853
100
927
38263
6561
625
33292
342
53980
17556
66984
100
13456
38809
3481
33883
182
74021
3481
26370
11990
25793
24363
9120
406
617
49707
79825
2352
9025
6
11079
10619
3306
883
76865
84379
1681
793
40203
9506
18291
33318
10423
54227
33112
52785
28157
9918
6806
6084
18808
1892
9
81
74093
100551
324
4225
1369
22614
289
7832
10742
462
4531
13458
36664
5476
121
230
12302
8564
40804
34568
45796
65469
14884
7832
72027
8464
841
37784
39673
10799
62331
22650
6127
19179
44722
196
2116
10506
73755
6337
11236
729
15750
64
89538
11342
31235
1418
35283
53130
2162
19618
6400
62074
4315
43890
3601
54138
72
14280
1089
25
1225
9581
3306
4761
10169
73145
38998
2970
9493
3540
9312
3249
33600
46597
4225
42
10205
6480
3844
33299
132
7813
16117
6889
27849
21904
4160
94865
24136
4692
16681
34040
39441
64819
7921
1807
18132
32761
30915
46327
4422
10949
5625
1521
4640
1406
78689
17061
121
8464
10963
47536
64233
6724
79222
5852
11584
11025
17332
77109
7310
54056
24964
36
25440
2550
16641
36573
75250
5476
39845
1681
106039
36
54419
26429
22357
272
94717
11772
85887
5112
100621
16453
4422
72215
3423
12100
21904
63509
90
71797
75705
37167
24025
784
16
7965
13225
2807
7656
361
1657
4489
28878
20449
3844
7310
4383
34045
39919
57653
2649
43800
32220
13473
3766
6806
36420
43816
8742
34040
74028
36165
54057
5929
70390
6156
21862
13290
2450
484
11772
1764
20419
38739
1681
1980
9216
5184
20431
2192
16002
2209
1678
132
80889
75463
1764
812
11752
95914
16361
44259
25372
19648
9216
38449
2025
13924
72
18090
10597
37803
33757
80104
71623
3086
32041
22052
441
6
9527
19041
59098
6909
992
4429
90
40339
650
32761
2704
870
1122
24529
9
4
1806
36055
42256
24119
22801
10816
15058
72472
15509
72153
9397
1190
33327
1444
52900
25122
28561
47788
42
37899
4225
38743
69499
15229
50625
3186
961
812
78029
62803
3306
73134
36727
80579
2500
5852
12101
86677
7396
17270
38344
43441
24988
6062
27060
31321
5550
14762
55744
529
20043
11881
18906
40432
7893
26003
57666
7396
9216
53293
1700
81
3789
15058
77437
24496
7482
18133
5112
29399
7335
6724
1489
2027
52113
11728
29777
69465
7275
1892
45437
11743
30502
1600
50683
44333
28213
10404
13009
39937
26197
110
9741
2211
2209
58904
39995
576
9900
34103
65455
18090
33856
90
306
41931
28765
5781
8319
67349
44347
18517
66135
25281
76163
4422
71804
4900
5506
1444
28615
4624
2399
7921
19881
40659
3912
729
10920
60003
4183
2352
16512
82333
4459
8607
44180
46628
18360
1260
9033
38735
9801
13038
6006
5776
380
182
12882
62077
87089
53824
650
169
49
83273
15635
42587
64593
82067
1157
35525
36082
41640
31152
4290
38193
24023
5852
576
13743
37456
3600
25
10506
36601
54522
46010
45582
87366
1056
6
196
6162
9506
43496
506
57851
7056
870
35219
8883
20536
2500
1296
79723
39381
22472
45000
2661
67539
52212
775
6677
16256
30054
634
2652
9073
31848
992
4096
169
15500
900
2450
26406
46683
6798
16217
11821
10132
34410
16172
17424
992
49284
13340
28776
2875
3906
10156
441
85543
11883
7168
16
14762
9745
506
11413
13456
552
18718
21239
3148
101111
4290
10506
33306
88359
44027
7140
2960
11772
90
11025
58791
23104
7140
27501
28444
31354
20748
15705
12486
5651
196
9120
11772
23443
56038
21501
5402
2601
12388
60799
2455
9604
324
3540
11772
72955
14763
110893
16713
729
841
12656
16013
27202
39269
76397
33955
17737
24569
14161
21375
2450
16989
2601
20669
31093
32222
25755
3497
14520
24490
6344
9
20599
225
3988
12769
144
702
26244
13456
11130
75552
7656
4761
90
52670
18325
1024
111150
56211
8100
7929
7744
3782
25616
16925
144
14026
900
69761
48600
64466
35812
69655
121
5246
14884
38269
19321
649
22810
24964
5402
49427
7569
7137
5429
34653
6162
88491
28693
16637
70719
2304
53917
1936
56598
13689
64957
9
55025
73381
3197
13138
12167
5646
2652
70381
23256
18360
3660
44310
85031
39601
11556
12210
13456
61449
45582
100
10404
25244
13695
17689
106838
74675
72
812
22707
1156
3782
38384
9801
5476
900
24460
28900
12432
105772
113807
36481
5776
47575
6724
14477
9409
8988
23483
15839
30105
21904
11215
121
576
4290
1369
12440
40868
80325
19564
1025
27656
52132
16678
46111
26769
3721
5207
1406
900
50372
9604
1056
75498
41209
673
49062
52757
29312
3306
74548
2822
34645
39946
44323
43732
34295
841
35994
12689
144
26406
101180
37740
15189
75123
6452
6972
5929
1849
3465
48894
15252
14400
49952
90
27889
1089
812
31862
86713
39006
26314
1560
5747
89677
27722
12
16384
32298
77639
9506
1521
14488
36820
32344
110
1122
18813
870
10273
2652
8742
26083
1640
71625
47752
3306
1528
19445
21756
43264
60243
2304
35344
48172
43993
812
34151
17689
15027
12656
182
42025
44655
7569
97473
42
13228
11631
19600
11346
2652
11130
43681
78963
1260
12
62862
11556
27338
73381
10569
5625
34928
72749
72160
42620
11556
18775
24025
24336
8930
30868
3025
48176
5943
240
10302
413
529
24762
9312
11619
12948
420
12
1406
38902
2116
16900
25
13340
110
5889
7541
8190
62500
650
38992
43048
90
4900
36978
16381
1122
443
7482
478
45957
62631
44227
63288
1089
59996
930
2916
870
110
41616
85678
23673
14291
169
1806
47306
25037
4539
8167
76109
7278
9900
29241
49238
95644
12544
88541
4679
870
19981
19079
5329
222
240
46574
10404
27317
462
6177
2601
393
3592
5567
36929
21792
14752
16780
36674
15500
1444
32743
4323
81751
26569
66564
7225
27359
26896
7832
5700
40823
12100
10404
12040
41872
552
29823
156
25947
75892
21131
32254
7396
575
46960
4624
36007
13237
94497
85156
9469
71791
28384
41019
54319
3540
3192
25
30285
41851
210
21904
21863
11446
33461
30689
21069
25972
81
676
20180
17389
20449
26087
9239
46663
169
16256
17822
28219
1190
5550
3660
63197
69917
51109
26551
690
32862
18685
4253
210
37093
62077
9120
29429
15006
15386
27390
361
13537
3969
41777
12882
22507
49003
9506
46139
17128
1521
16384
76200
4032
25873
44732
41639
96239
21597
15639
42295
21043
11556
15500
33958
9
14093
9216
12100
1640
44058
2025
25589
23716
62508
33307
6084
79775
1089
2500
41961
3600
6889
20881
39612
67637
105855
3895
48833
20481
42
24806
16594
1849
49756
72632
22650
39245
3706
9216
64376
38220
49309
5340
10823
13897
25669
37020
67768
1062
13687
19745
12882
3364
32761
14983
2601
2025
225
1332
5483
27784
3388
25523
22714
73676
33453
7310
39402
19600
31683
1260
2025
2601
3136
4422
25881
6695
40804
6561
7832
83598
3080
26943
16067
63713
11235
