104653
29646
61075
62128
153
126756
46360
141778
7260
48828
4465
19110
4095
141246
100128
33411
12090
59685
67896
10731
25200
45150
67161
22366
5253
4095
23220
36
22578
258121
139128
96141
528
8646
1275
24090
94830
50721
91806
36315
18915
260281
41041
30135
339076
65341
101475
3003
1485
58653
34453
134421
3160
48828
1830
159330
3828
5778
24976
123753
6555
7260
55
15931
4753
39903
3321
820
85078
465
144991
5050
7381
20503
208981
13861
22155
148785
53956
65341
70876
304590
10
13695
120
171
28203
1128
363378
305371
3486
25425
55
26106
231
171
153735
18336
37128
16836
2278
2775
351
9316
17020
46971
9453
3655
214840
93528
55
78
178503
4753
24976
382375
98346
330891
300
59685
28441
90100
16653
31375
134421
140715
1035
14365
703
89253
21321
149878
81406
57630
861
106491
55945
363378
46056
61776
148785
124750
39621
446985
116403
62481
30135
97903
34453
144991
63903
5565
861
21321
165600
4656
193753
240471
11476
325
55611
105111
26565
110685
100576
61075
3741
80601
247456
30135
204480
51360
5995
12403
21115
52650
2775
157641
4753
90951
3486
304590
25878
232221
17205
39621
11175
36856
187578
9730
1378
48828
285390
595
96141
39060
22578
4005
158203
14365
134940
186966
1275
5886
30628
44850
132355
2628
9591
5253
217470
2628
292230
68265
160461
43956
161596
228826
19503
84666
228826
30628
381501
54285
19900
171405
334153
5886
63546
4371
29890
630
133903
192510
126756
69378
134940
6670
253828
178503
24531
150975
39903
16290
78210
91806
244650
112575
50403
9870
61075
208981
8515
274170
32131
110685
212878
68635
53301
21528
5460
156520
73920
55945
148785
115440
50403
54285
114003
2145
17020
32385
90100
16290
47278
75466
435
274911
528
6441
36315
23653
62835
1275
188805
345696
42486
224785
3570
115921
179101
365940
3081
354061
34453
8385
10011
335790
55278
149878
315615
10296
990
300
23436
51360
196878
74691
131328
33411
83845
148785
1128
35778
104196
4753
18721
208335
183921
300
77421
10153
116403
13041
22578
64980
406
14878
36585
72771
32131
13861
455535
69751
363378
15225
116886
47278
43365
193131
37401
8128
56953
1770
459361
95703
1596
160461
214840
120
317206
22791
241860
30135
144991
37128
9316
6216
46665
1128
183921
9316
23436
4753
226128
49455
107880
31626
22155
2850
73536
98790
82215
106491
75466
1653
7021
295296
224115
216811
77421
630
1431
21528
154290
296835
46971
7750
26796
88410
12246
257403
154290
9453
10011
230181
27495
14028
37950
243951
104196
153181
4753
96580
57970
185136
27730
142311
1431
289941
108345
72390
198765
1326
278631
269011
6903
62128
39621
110685
561
100128
820
5671
30135
246753
820
52975
43956
91378
3081
162735
131841
39621
91806
132355
77028
179700
11935
206403
182106
90525
10296
48516
30876
91
18528
21945
25200
3
190
12246
64980
19110
153
167331
13861
34453
19900
19110
104653
189420
34191
387640
107416
124251
468028
946
666
2016
2850
179700
666
34191
7503
74305
157080
153
1225
17020
630
241165
528
151525
281625
47586
61075
2080
16290
32385
76636
666
169653
239778
7140
342378
79800
11935
15400
257403
50403
81003
41616
93096
27495
294528
28920
103285
12720
7626
138075
163306
31375
3240
41041
2485
81003
214185
287661
8646
15931
8001
11026
39903
48828
41616
22366
58311
44551
28920
108811
83436
109746
91378
30628
780
15753
4186
76245
48828
141778
2415
240471
11175
5886
165025
15931
152628
271216
24531
448878
63903
89253
54946
5671
6216
15
191890
18145
104653
23436
351541
291466
5995
1953
29161
82621
27261
190036
37128
7021
9591
23436
321201
1176
2850
119316
45753
20100
125751
11026
30628
71631
231
73153
273430
67161
2628
78606
105
209628
248865
3
76636
19306
57630
11175
47278
12561
120786
11026
119316
5995
20503
27261
124750
3321
151525
295296
1830
36585
105
136
1653
20503
123753
303031
1225
81406
38503
3081
10011
313236
241165
360825
39621
28441
107416
1378
231
2415
46665
13861
252405
166753
175528
106030
1431
106953
89676
78606
93096
4753
210276
224785
180300
222111
286146
1770
820
55
108345
3403
5565
98790
3916
50721
98346
48828
2701
13861
170820
561
222778
171405
382375
6670
84666
31125
780
70876
666
305371
9453
127260
35778
7260
128778
95266
190
58996
74305
19306
17955
52975
3240
8515
630
58996
12720
4005
17205
53956
16653
206403
210925
59685
2628
1485
62481
42486
5565
101926
280875
33670
43071
5995
276
1485
399171
9453
55611
105
363378
98790
155403
15
55
4371
302253
90525
6105
36
496
280875
47586
1540
62835
354903
62835
25200
283881
214185
222111
903
19503
2556
24753
16110
97461
35778
69006
2016
76636
271953
16110
289180
43660
5050
64620
17205
1326
206403
232903
29161
406
33411
341551
10011
378
15753
6216
89676
269745
666
5778
16290
46360
21528
64261
6105
1128
119316
218130
26335
31878
142845
5995
338253
114481
10
246051
134421
25878
45
15051
140715
109278
234270
326836
7381
177310
63190
2926
5886
630
292230
1711
53628
45
283881
91
3570
70125
117370
25425
39903
66795
66430
174936
3741
90100
16471
780
29403
72390
2775
946
80200
3
210
4095
68635
228826
630
142845
220780
155961
150426
20100
268278
861
1485
92235
19306
11026
21945
57970
3828
75855
15400
287661
7260
103740
190036
903
149331
3240
24310
273430
129795
70500
4950
50403
11175
46971
26106
207046
226801
370230
12246
340725
16653
325221
561
13041
60031
12880
7875
82215
70125
47895
246051
89253
86736
22366
666
97020
45150
55278
9316
263901
19110
60031
203841
62128
45
72771
1711
12090
182106
72390
57291
41041
26796
50721
50403
111156
133386
37675
108345
207690
34453
69378
112101
158203
263901
3240
203841
246051
50721
666
28441
216153
228826
330891
153
335790
50403
25878
17766
19503
435
15400
110685
49141
4095
215496
28
147696
73536
17955
243253
12090
72390
3160
9870
465
77028
14028
52975
167331
8778
73920
22366
48828
2628
296835
48516
65341
11026
134940
45
73153
120295
46971
65703
118341
101926
8646
820
4371
3486
133386
79003
111628
4753
153181
2775
435
336610
41041
23653
18336
408156
208981
210
276
148785
128271
163878
118341
18721
76636
22366
302253
19306
163306
125751
3240
16110
129795
58996
1770
134421
173166
105111
140715
220780
3003
39060
72010
7750
6670
1176
378
180901
349866
120
2926
309291
101475
173166
2080
24090
3741
296065
108811
59340
133386
13530
2556
1770
2016
49770
26796
38781
93096
10153
105
173166
288420
300700
2850
41328
64620
4278
6903
12880
103285
131841
166176
55945
10878
38503
40755
212226
145530
57630
6
316410
2556
91378
137550
49455
1891
20706
94395
4005
26796
2145
1485
57291
28920
229503
37128
7503
65341
378
9180
3321
10011
14535
27028
8128
36585
118341
15225
188191
31375
61075
105
47278
190
198135
39621
161596
201930
8256
145530
195000
222111
1485
23005
423660
990
24976
58996
35511
10440
35245
69378
56953
44850
200028
13203
36046
15051
51681
28203
8385
1378
5995
270480
109746
289941
17205
162165
352380
351541
35778
127260
1275
199396
2080
26565
306153
50721
95703
36046
134421
292230
218791
53628
3003
62128
119805
126253
14535
250986
323610
3570
114481
207690
171
2701
165025
120
32896
4278
77421
68635
5886
49455
101025
13366
232903
79800
52003
20503
351
150975
221445
131328
19306
45
159895
41328
27730
178503
153
226128
257403
1326
102831
5151
139128
10731
314028
102378
18528
22791
86320
55
5356
39621
85491
26335
155961
77028
2926
361675
17578
29403
83436
21115
64980
233586
2278
146611
3003
71631
8001
237016
23653
233586
69751
224785
1830
36585
36856
94830
286903
62481
39903
1225
2016
27730
2211
30628
143380
92235
266815
48516
178503
253
1485
126253
75466
341551
32896
51681
228826
123256
28203
5995
46971
61075
428275
43071
144991
76245
234270
330078
33930
741
42778
1540
176121
299925
176121
5050
88831
465
375411
471906
176121
6328
47586
61075
57970
48205
16653
47895
46360
78
33411
741
77421
58996
4278
220780
27495
34453
44551
18336
71631
53628
81406
68635
40186
73153
117855
70876
6670
371953
109278
393828
19900
30876
13203
39340
51040
25651
29403
210925
46360
206403
11935
1830
26335
241860
301476
47278
57970
5253
181503
77815
158203
64620
49770
28680
7626
58311
6786
2850
70125
7875
207690
36856
107416
1830
18915
13366
37675
343206
150426
58311
156520
66
3403
6903
365085
77815
13695
152628
33411
118828
451725
3403
77421
820
276
168490
21321
595
5460
33411
75855
462241
50086
11935
3403
300
482653
4465
21736
3
300
329266
14706
271953
297606
16471
37675
13695
171991
13530
21528
166176
115921
11781
21321
3486
92665
1176
165600
99681
131328
266815
15753
263175
22578
92665
300
87571
41905
18528
6555
7875
13203
45451
16110
171
173755
21115
74305
140185
9870
93096
630
24531
112575
11175
245350
49455
68265
152076
30628
310078
283881
339900
5565
26106
236328
30876
21
1128
74691
72010
4560
180300
47278
27028
8515
186966
9870
296835
310866
21945
278631
72010
43956
271953
158766
423660
154290
216153
5671
202566
190
80601
50403
3321
9180
21115
465
180300
36585
1485
496
41328
75855
75078
83436
30628
36856
112101
36
210276
630
23220
12561
37128
117855
133903
3828
22578
18721
62128
88831
64620
25200
63190
100128
159895
34191
83436
190
2415
46360
288420
113050
141246
14365
226801
88831
13695
9316
3403
25651
1485
6
4656
267546
244650
46056
208981
26565
13203
9180
27966
103740
359976
138075
39340
216811
33930
318801
203203
72771
137026
314821
435
8001
206403
72390
378
28
6328
173166
1596
38503
37675
25425
18528
45451
28920
390286
133386
4005
36315
59340
23436
2145
57970
2145
87571
18915
36315
267546
86320
73153
11026
45451
35778
180300
383250
253
2701
24753
118341
224115
83436
122265
255970
64261
7503
62835
135981
48828
6555
26796
78
4465
7875
703
120786
270480
16471
90525
52003
186355
4186
64980
29403
194376
6786
3486
73153
21736
15931
90525
14878
22791
232903
118341
1770
54615
1953
145530
272691
162165
162735
29646
78606
11935
161596
33930
17020
15931
17205
209628
107416
20100
11476
5151
1596
275653
7750
174936
4186
4278
112101
444153
15576
208335
57630
64261
105570
31626
155961
259560
11175
171
780
22366
90951
66
66
155961
14535
180901
20503
1081
117370
36315
6555
59340
28
238395
39621
13041
29403
4950
50403
15753
97461
50721
73536
3240
7260
10296
97461
328455
30876
142311
10
78210
276
32131
18145
6441
1596
127765
93528
21
10731
155403
2211
36585
16836
2278
15400
21736
1128
54285
108345
206403
51360
86320
41616
24090
5151
96141
3160
24090
67161
3
238395
34191
55611
465
32385
232903
31125
15753
3486
104196
196251
261726
40755
268278
8646
41041
244650
116403
9316
93096
5460
148240
115440
105570
18145
64980
528
21528
201930
84666
6
41616
20706
354061
248160
27495
57291
32385
27966
219453
58996
91
155961
4005
119805
87571
90525
28920
149878
111156
28203
246753
190036
10296
31375
990
5778
666
666
195625
20301
76636
10731
198765
323610
187578
18915
5886
122265
378
1953
60378
1176
1953
18145
197506
101926
349030
77028
35778
93528
292995
204480
231
371091
80200
86320
200028
1830
103740
8646
66066
84666
71253
56280
16110
32896
77028
15576
272691
149878
1891
83436
20706
442270
41041
3240
7875
11781
8256
3081
32385
21
37401
29161
21
8256
281625
243951
278631
3160
49455
174345
1176
4186
27028
280126
5050
378015
36
17205
72771
1035
561
3570
67528
36046
177906
410871
41905
388521
95266
21
14365
204480
37128
196251
9453
29161
28203
5356
6903
33153
192510
4005
90951
630
216811
27495
5671
22366
112575
1711
25425
24976
40470
7140
2080
103740
125250
28441
2485
47278
46056
153181
20503
171991
61075
7021
106030
97020
97461
55
14706
46971
78
81406
741
23436
23653
29403
53301
2211
27966
30876
345696
179700
117855
22366
274911
321201
10153
3655
48828
27966
21736
46056
391170
314028
42195
226128
43365
42778
3655
40470
331705
68265
46971
162735
230860
130305
276
40470
18721
190
14365
302253
2775
12403
163306
376278
77028
9870
1176
110215
34453
378
464166
52975
167910
258121
34191
180300
215496
229503
198765
152628
48516
5995
179101
28680
98790
52326
4753
5253
1081
207690
50086
205761
120786
8385
195000
3240
6670
88831
183921
7750
327645
232903
106953
17205
28680
83845
4560
55
19306
741
3321
203203
4005
12246
174345
4851
66430
6328
347361
6105
213531
196251
2346
80601
272691
45150
141246
190
5995
7626
1540
4851
75466
48516
30628
272691
125751
4656
171
23436
154290
193131
16290
249571
43660
11325
15
226128
130305
1953
820
10153
1770
406
12246
62835
107880
20910
63190
23220
238395
393828
486591
272691
104196
106491
7503
630
3570
22578
27966
97461
218130
35245
10153
94395
313236
703
226128
47586
2145
71631
4005
112101
56616
230860
147696
5356
17020
36315
95266
12403
2346
13203
71631
237016
136
8128
198765
39621
528
4371
167910
24753
81406
372816
5253
385881
3486
8646
129286
14365
71253
2628
76245
6
77028
28
137550
37401
123256
194376
14196
293761
28203
266815
157641
190
13695
28680
58653
19110
2701
55
16836
257403
102378
9180
11026
4186
231
222778
39340
361675
156520
7021
152628
201930
35245
6903
54946
4186
133903
780
60726
314028
61776
127260
6105
32640
6216
21528
55
367653
14028
44551
171991
195000
187578
136503
18528
5778
36315
160461
174345
1081
15576
780
16110
2628
8778
117370
74305
3240
39903
630
15051
210
4753
12090
5356
1711
53956
33411
8001
43956
18336
321201
128778
17955
1596
2701
359976
155961
5356
41905
207046
4186
10585
528
142311
46056
3655
31125
343206
160461
96141
6441
128271
77028
78210
207046
231
55
3403
22366
67528
21
191890
11476
51360
24753
14196
43071
24310
703
90951
60378
159895
190
44551
43956
117855
20910
29890
224785
475800
154290
7021
87571
10011
265356
310078
280126
16110
89676
21115
17205
74305
21736
15
63190
6903
5151
15400
5995
7503
158766
303810
6441
1275
8001
23653
1830
24531
3916
3081
288420
90525
86320
3321
192510
4851
4186
29161
136503
42195
13366
27495
97020
119316
104196
561
15
34191
359128
1770
4753
113526
561
13861
946
6105
820
58653
89253
26335
20910
129286
780
195625
56953
124750
17955
1485
312445
49141
59685
376278
146611
191271
17205
2556
270480
176715
153
780
159330
17205
58653
62481
253
7503
64261
25878
268278
243951
28441
2016
100576
266815
7750
3160
9591
18915
190036
56616
66
304590
34191
17205
189420
20706
8256
408156
3240
26335
16471
289180
27730
30876
253
990
166753
79800
1378
66
4095
35511
104653
28203
264628
15753
23220
263901
11781
10585
5565
316410
1711
24531
174936
157641
820
7381
2278
190
16290
58311
1540
34716
52650
1378
21321
144453
10011
130816
109746
85078
4950
4095
6441
34980
214185
595
365940
45150
8001
8778
28
7260
60378
9180
95703
147696
561
15225
135460
11325
204480
269745
1176
3486
17391
107416
1830
1653
327645
98346
4005
666
73536
820
166176
27028
2556
2485
16110
69378
17578
303031
389403
92665
30876
2145
243253
861
861
289180
56280
224785
36
107880
126253
29646
44850
42778
69006
61425
27261
1
17391
103740
903
2080
39060
220780
7626
54615
85078
74691
71253
99681
106953
13861
18145
36
5050
15931
12720
11935
1711
33930
2278
48516
52650
666
31125
133903
36856
81810
329266
75855
4851
190
4950
63903
57630
412686
21115
21115
53628
16836
168490
255255
1431
11325
228150
370230
19306
5253
5886
54285
4465
40186
13861
16290
8646
2415
2016
28920
131328
9045
361675
27495
1830
203841
185745
176121
2775
24753
78
121278
51681
6216
69751
37950
2701
150975
81406
94395
820
202566
132355
210276
36315
191890
4095
40470
49770
60726
3240
243951
326836
81810
14196
54285
67161
135981
164451
325
10
282376
117855
125751
116886
33930
140715
121278
5886
35778
406
630
239086
1431
163306
162735
114960
32640
210276
87571
4656
1225
66430
193131
110215
4656
128778
1225
37401
26106
3240
63190
13041
25425
60378
351
378885
26565
19900
111156
861
130816
50086
86736
142311
42195
220780
5460
32896
139128
70125
30381
138601
10
75855
70500
11175
351
71253
284635
3741
14028
48828
561
246753
32896
25425
15400
116886
176121
112101
6328
8911
52326
63546
8646
7503
85905
7381
287661
183921
11628
34980
106491
465
73153
234270
42195
88410
5565
6105
57291
47895
16836
114960
465
1081
108811
79800
38226
28920
83436
71631
271953
69751
861
455535
41328
55611
24090
330078
26796
55
13695
81003
24976
155403
322806
138601
98790
7750
78606
703
1485
197506
82215
166176
44551
6328
150975
4851
180300
3403
205120
130305
1275
214185
253116
60726
1275
79800
39340
23220
232221
33670
255970
19110
193131
28203
40470
59685
192510
6
98790
112101
2278
239778
3486
226128
70500
36315
8778
60726
20503
351
25425
66066
229503
300
29161
184528
149331
344035
23005
2016
161596
32385
223446
120
8001
26106
141778
1596
337431
392941
69378
82621
67161
73153
246753
143916
50403
95266
111156
52975
157641
153181
10440
903
143380
115921
60726
15400
49455
48205
8128
69751
173166
212878
330078
102831
303031
3
131841
48516
465
1035
231540
48828
310866
8256
142311
87571
185136
28203
26565
226801
57291
9870
66795
5253
17578
16836
9870
66
31125
2278
5886
382375
150975
169071
426426
36
2485
270480
133386
296065
143380
234955
80601
15225
49455
11026
28441
9316
226801
4186
31878
820
703
109746
3916
5460
528
135460
29161
136503
28680
282376
205761
236328
73153
4095
125250
561
93961
4005
19900
125751
210
106953
10585
54946
1225
189420
18721
25651
5253
362526
45
2211
147153
36
23436
1176
112101
465
63546
1540
343206
50086
9591
17020
52326
13203
45150
34191
7260
741
25651
111156
223446
31626
351
235641
231
61075
14535
15051
105
142311
111156
2346
2016
20910
17766
239778
78
14196
30628
6328
299151
20301
23220
312445
13203
232221
389403
21736
198765
163306
255970
225456
43071
6105
47586
25651
234270
325
212878
8385
9730
171991
366796
45
231
46360
183315
97020
703
16471
55945
210276
105
3403
32385
4371
121771
3321
31626
428275
112575
28
165600
185136
25200
58311
435
4465
14028
178503
379756
253
15400
25200
11026
3570
52975
176121
68635
204480
27261
33153
277140
138601
78
56280
208981
24753
2926
109278
115921
595
47586
25200
290703
15931
12720
1081
142845
186355
84255
4465
66795
7875
61425
170236
127765
2145
6328
36046
11325
178503
184528
300
595
234955
4371
125751
39340
307720
1830
1953
10153
274911
42195
212226
1953
162735
20100
236328
9591
1485
84255
1035
196878
320400
169071
29161
3403
115440
148240
90951
19503
39340
284635
14706
299925
186966
7260
51360
43660
93961
58996
378885
59685
23220
23436
255970
42195
320400
327645
96580
416328
15051
134421
36585
6441
108345
1830
229503
1326
182106
226801
128778
54285
23653
261003
124251
1275
163306
31375
124251
4186
28920
46360
50403
180300
292995
1176
27966
36856
132355
190
416328
3916
80601
45
278631
62128
392941
10878
21321
10296
127260
26565
23005
143916
174345
144991
71631
161028
56616
106030
169653
10731
40186
16836
1953
105111
946
82621
208981
1128
127260
54615
33411
23436
104196
102831
21
70125
6328
25651
167331
37128
3240
1891
191271
80601
9180
103285
197506
106030
58653
81406
174936
1275
13203
8001
35245
1081
2775
24753
95266
19503
4186
63190
124251
12090
179700
15753
1596
47278
1596
142845
1326
6
124251
703
82215
27966
51681
11026
16836
7381
1540
105
123256
58311
31375
216811
65703
425503
60031
2556
20706
354061
5565
2080
13366
10011
8385
55
18528
181503
24976
33670
46665
54615
80200
180901
248865
233586
2211
4950
2556
97903
67161
4753
240471
27730
903
1596
1431
26335
296835
27261
595
210
57630
5356
207690
8385
20301
53301
244650
68635
81406
107880
595
6786
83028
88410
32385
39340
40755
266085
69006
313236
180300
10731
2556
29646
91378
23005
75855
14028
55
74691
78
81003
36585
29403
269011
91
1485
91
12090
144991
17020
1128
23871
365085
34980
129795
4560
242556
30628
780
32385
4278
8646
36
169071
311655
8778
5995
2145
4371
210
88410
3240
40755
1485
11175
211575
180300
22578
12561
196251
48516
48828
5886
12880
2850
298378
31375
187578
106491
10440
144991
11325
210276
223446
418155
15400
2080
89676
3655
198135
38503
43365
18721
121278
30135
169071
91806
259560
255970
140185
55
67528
63190
25651
3655
298378
204480
24310
92235
7140
93528
103740
218791
6105
306153
234955
23436
34716
16471
207046
241165
253828
7021
55278
23871
106491
105111
157080
1378
83028
47586
32896
67896
73536
26106
63903
6555
32896
158203
3741
741
97903
72390
23871
101025
136503
40470
126253
112101
351
9045
78
26335
20100
199396
9316
63190
30876
110215
148240
196878
16836
98790
57970
22155
190653
12246
258840
5565
239086
27966
169653
47895
8256
370230
16290
248865
103740
412686
59340
6555
180901
231540
278631
65341
102831
23653
276
11175
366796
49141
49141
630
124750
218791
210925
21528
35778
63190
49770
53956
191271
19503
171991
143916
820
115440
48516
7381
87153
385881
4465
50721
36
84255
13861
9045
465
20706
180901
13861
18528
36
78210
11935
211575
4095
11325
92665
45451
277885
3160
19306
120
125751
468028
23653
8646
7021
55945
1711
46360
128271
388521
77028
28203
91806
21528
319600
106953
10585
136503
171
2926
1128
11325
14706
107880
8256
140715
3741
70500
3486
136503
168490
171
326836
41328
18528
38226
26796
2211
5050
77815
60031
117370
3828
496
31375
1711
49770
130816
38781
51360
9591
13530
79401
11781
29403
43956
75855
2556
6441
245350
269745
18145
15225
153735
27028
29161
84666
38226
11781
129795
67161
102831
325221
39340
308505
156520
253116
24531
3828
56953
102831
234955
29403
7626
3570
112575
22791
20910
53956
13203
1891
41328
237016
58996
2628
4186
237016
141246
946
1596
2080
36046
5050
780
15576
561
79401
23220
76636
41041
159330
2926
196251
10585
116403
11476
1275
131328
222111
90525
4560
136503
3
120
112101
2145
209628
269011
595
61776
67528
157641
10296
159895
2485
28203
28680
85905
198135
10585
100576
9730
60726
6786
46971
120
561
595
61776
85905
250278
158766
10153
23653
280126
8385
3741
163878
58653
63190
357435
60726
91
52326
257403
73153
188805
25651
100576
134940
2016
1081
15931
6670
217470
30135
327645
12720
4465
9316
7626
15225
12561
33411
40470
293761
1540
2775
240471
16471
216153
14196
171
118828
40186
150975
179700
3916
314821
142311
1431
42195
478731
28441
280126
12090
2278
8128
6903
149331
21528
61075
12561
95703
161596
2926
1225
128271
93096
36
11476
38226
374545
528
903
820
165025
112575
162735
185136
216811
192510
32131
24753
14878
3486
46360
87990
29161
2628
595
10296
7140
35778
210
141778
8001
14706
1596
19900
39340
110685
231
47586
21
19701
163878
124750
55
72010
89253
49141
240471
2926
161596
84666
28920
21945
6555
24090
30628
12403
109278
120786
19701
109278
252405
347361
5778
12403
45
48205
351
26335
630
21321
65341
18336
61776
40755
136
76636
233586
33411
62128
820
9316
4560
63546
351
150426
143380
51681
169653
6670
155403
27028
67896
75466
129795
37401
7750
7503
406
105570
20706
8515
124251
59340
7503
72010
52326
354061
104196
50403
2080
22578
234955
38781
528
343206
61776
73920
17205
2556
903
8515
7750
406
1653
230181
222111
349866
3916
5151
134940
123753
287661
232903
189420
268278
3321
424581
4465
194376
218130
3486
114481
47586
136503
29161
230860
349030
2926
27966
234270
35245
5253
61776
14878
27028
15
83028
36
16653
9453
142311
283881
90951
56280
27730
443211
1081
12561
8646
52326
32131
130816
92665
278631
1225
6105
16290
15051
408156
4371
666
66066
3916
528
37128
206403
74691
265356
188805
22366
361675
120
861
369370
167331
3486
5253
49770
325
17205
260281
36046
703
2145
300
157641
49141
27495
28920
247456
35511
5671
4851
55611
6
104196
349030
78210
170820
69006
3160
48828
121771
135981
105
14706
87571
166176
124251
328455
37401
98346
445096
62128
258121
49141
93961
703
3160
163306
45753
308505
465
27730
77815
64620
16110
25651
207690
211575
70125
8515
175528
10
51040
251695
49770
218130
7021
165025
191890
15931
10440
10440
3081
254541
20301
233586
55
13041
703
11781
8256
46665
253116
285390
379756
2628
6786
13530
64261
155961
343206
297606
33670
8515
17578
62835
25878
199396
108345
18721
51040
206403
31878
76245
496
78
17955
353220
197506
666
465
73920
15753
9316
179700
78
16290
200028
8911
51040
18721
3403
213531
15051
100128
169653
81406
125751
176121
6
208335
41328
97020
30876
74305
118828
1035
946
253116
38781
63546
67528
39903
97020
125751
241165
93961
528
7503
19701
60726
3570
46056
77815
15225
94395
325
350703
6328
1540
123256
30628
12403
243951
301476
283128
351
153
69006
378015
368511
72010
101926
50403
132355
1378
4753
2016
210
41905
300
57970
2346
262450
5050
85078
5778
21528
100128
58311
69751
31878
36
109746
295296
36315
3655
138601
134940
88410
5671
166753
12403
55
44253
58311
180300
20706
24753
200661
24976
118828
437580
386760
131841
318801
17020
1378
197506
39621
2556
70125
11476
38781
22791
9870
17766
21115
47586
28203
52326
455535
23653
80200
9870
57291
16290
193131
289180
114960
161028
199396
1275
595
58653
77028
2485
34980
48516
946
298378
44253
22366
34716
461280
186355
13695
4465
10
2628
59685
10296
149331
80601
36
95703
30135
19701
92235
73153
359976
1891
61425
4560
8646
31878
82621
820
264628
11935
209628
32131
171
274911
5356
9453
5460
29646
6555
70876
123753
31878
29890
103285
41328
304590
52975
465
9316
65341
13530
128778
210925
478731
43365
23653
163878
116403
53956
17955
9316
32131
24753
27495
437580
82621
4371
128271
1035
4851
2016
9045
9870
1891
63903
3240
8128
1275
24976
248160
384126
43071
76636
172578
113050
66
159895
19110
116886
14878
8128
55278
87571
15931
1
2775
182710
193753
36
88410
164451
36
49141
46360
220116
55
388521
270480
71253
13366
14535
32385
110215
136
4095
2415
820
129286
378
16653
2701
245350
1596
24976
185136
18336
435
21
40755
4753
188805
6216
25651
99681
72390
13366
63190
378
78210
12720
33153
23005
253828
5886
135981
14365
67528
222778
27495
12561
2485
12720
8911
14196
104196
235641
102831
13530
6786
29890
68635
108345
29161
224785
276
183315
79800
110685
132870
34191
88410
60726
150426
97020
210925
1891
5253
232221
236328
91806
69751
41905
115440
133386
430128
4656
8128
210276
70125
5778
148240
422740
28203
5151
187578
6786
96580
269011
296835
21
116886
39903
30135
350703
169653
9316
6328
81406
216153
52975
496
41328
35511
364231
221445
8128
149331
21321
3828
174345
105
271953
21
111628
206403
34980
2415
118341
5356
37401
19900
595
10296
235641
1770
75855
24310
3160
119805
6
113050
31375
741
69378
2926
63190
213531
61425
81810
362526
1540
121278
595
252405
53301
60726
98346
154846
86320
131328
106953
50403
32640
120
25425
7260
114003
5356
39621
3081
114960
104653
200028
83436
13530
49141
95266
22578
44253
45451
187578
51681
5995
3916
69378
24753
126756
423660
9453
15576
31375
3003
5565
10585
65341
118828
359128
344865
14878
23653
2278
58653
26565
240471
17391
6328
374545
5151
37675
154846
119316
77028
51681
2556
34716
17955
10011
67528
153
16653
11628
7021
57630
49455
15400
32131
142845
61075
91806
14028
253
392941
6670
2278
28441
268278
34191
325
12246
22791
79401
2775
410871
10585
55611
351
56280
212878
93528
102378
33153
30135
595
72771
130305
7260
152628
177906
52326
238395
37675
277885
11325
130816
153
265356
231540
27966
34980
330891
861
64980
20503
12561
300
903
31375
595
52650
13041
1225
52975
196878
93096
18915
186966
144991
1596
946
131841
7750
1128
2850
10
141778
98346
1485
38503
154846
12880
298378
8385
666
37675
72771
408156
95266
183315
179700
349030
25878
42195
1485
496
14365
64261
7750
1081
15931
78
120
106953
152076
36
27028
57630
105
74691
17578
23220
41041
43956
69378
44253
114960
15576
69006
11628
116403
8911
3
122760
18145
3160
44253
1128
26335
561
38781
212226
54285
140185
73536
134940
13366
207690
198765
69006
1176
19503
163306
14196
72010
15931
354903
52003
37401
379756
6555
3003
3
58311
39903
26106
103740
34453
21321
15051
226801
49770
140715
4095
213531
28203
183921
16290
630
28203
129795
134940
56280
19306
189420
93096
406
281625
183921
65341
1830
169071
4186
265356
7260
59340
465
154290
161028
4753
26106
419070
37675
64261
5253
203841
410871
80200
60031
7626
1035
2080
1081
58653
142845
20910
666
820
384126
95266
5886
29890
8515
27730
15051
6441
239086
42195
292230
595
130816
48205
528
240471
407253
56953
17020
97903
281625
36585
173166
3486
6670
11026
355746
99681
9730
94830
378
44850
118341
388521
8778
111156
25200
147153
1035
9045
223446
273430
170236
41616
1830
6216
56616
207046
2701
60031
2628
65703
107416
94395
205761
6328
4465
208335
741
91
157641
1711
2278
81810
154846
105
20706
138601
14365
15051
312445
157080
22155
17578
21528
322806
1431
206403
154290
6555
16110
34453
24976
15400
5356
3486
1830
17766
10
6555
15400
10878
56953
7750
130816
6903
86736
11628
75855
18915
53956
78210
10011
24976
87571
8646
18915
70125
630
143380
1035
27730
465
384126
231
50086
198765
73536
118828
93528
41041
263901
5253
96580
199396
8128
70876
9453
56280
2556
3486
2850
15931
741
1953
159330
269011
50403
64620
170820
232903
1326
7875
196878
4851
23005
19503
23220
33153
151525
92235
322003
31878
171405
77421
56953
27730
63546
45753
51681
51040
277140
179101
5460
9453
183315
310866
91
145530
43660
81003
28
190
138075
5151
45753
1128
57970
23871
17205
25878
195625
174936
230181
147696
13041
15225
205761
145530
13861
1176
159895
251695
27966
15
23005
21945
6
45753
43071
4950
59685
14878
26565
328455
197506
81003
223446
88410
105
52326
161596
820
5995
97461
57291
66066
169653
41905
237705
2211
13041
63190
12880
85491
19900
213531
16290
2211
161596
17955
39340
5253
110215
23436
6328
188805
138075
50721
132870
14365
190036
7626
23220
320400
595
133903
147153
79003
93096
11628
25651
40755
39060
216811
1128
41041
99235
3321
861
86320
62128
77421
299151
34716
1378
278631
61776
69006
202566
125751
2850
97461
66066
31626
135981
31626
179101
64620
3570
62481
36046
34980
158203
80200
219453
5565
4465
32640
3403
3
96580
28
57630
331705
87990
221445
10011
292995
23436
72390
41328
333336
75466
117370
222111
250278
34980
18528
65341
39340
30381
105
8256
703
1770
7021
12720
63190
1326
313236
52975
193131
11175
205761
81810
12090
63546
28
125250
79003
107880
5778
21945
14365
137026
3828
80200
4278
60378
29403
93528
159330
216811
741
28441
121771
41041
149331
128271
19503
102831
214840
465
300
1485
231540
77421
52650
229503
20503
44253
117855
43660
44551
136503
184528
99681
406
342378
11175
1596
126756
1653
2701
56280
1326
15753
22791
59340
242556
97903
12880
7750
10011
10153
1485
349866
10011
182710
36856
111628
162165
201295
18721
12090
2278
465
34716
299925
35511
78606
6555
8001
154290
144453
19306
17391
138601
52650
91378
77421
210925
15753
226128
50086
8911
33153
36585
36585
14028
54946
39060
408156
12403
630
79401
2926
359976
349866
210
145530
595
14878
248160
1891
15225
148785
4560
163878
85905
75855
394716
130305
40470
64980
8911
294528
351
222111
2415
15
306936
3486
18721
157641
496
434778
66066
52650
93961
1326
127260
219453
172578
70125
76245
7503
178503
205120
77421
20503
8385
24753
1176
204480
23220
16290
37128
177310
33153
861
11175
16653
58996
360825
29161
201930
146611
79003
30628
12403
1485
4851
2926
17020
9316
15051
100576
107880
5565
115921
67161
30876
19110
37128
232221
9870
24310
139128
8385
395605
30381
23653
170820
820
25878
25200
155403
36046
5778
137026
403651
165600
7140
18145
2775
97903
9870
207690
6903
88831
108345
280875
390286
12403
39621
86736
13203
946
780
14365
25651
9730
36046
138075
4095
450775
28441
40186
946
6328
6903
116886
34453
9180
180300
703
4005
78
54615
58311
169653
74691
3741
25425
155403
1770
67161
69378
2278
2701
12720
178503
28
42195
10585
23005
220780
23653
44551
29403
5253
406
63903
6105
3403
9045
431056
42778
2701
141246
1485
3
58996
246753
161028
595
211575
41041
188805
162165
3570
12561
145530
2211
64620
1326
217470
378015
36585
37401
34453
4851
48828
3240
98346
24310
21115
49770
253
20503
212878
435
5050
176121
47586
50403
21945
134940
13366
24090
47586
87153
354903
45451
11026
77815
8001
395605
51360
87153
167331
98790
36585
69751
307720
70125
85078
33411
6786
45753
104196
185136
5671
190036
190
25878
49141
118341
10440
13861
32640
7021
24976
39903
51360
47278
39060
63903
20301
13861
105570
135981
255970
53628
385881
305371
11026
351
108345
43365
6328
57630
253116
7021
159895
8385
5565
183921
71631
103740
7140
346528
300700
79003
13530
19701
5778
24090
1711
133903
12880
30381
21
202566
8646
11325
27730
98790
13203
97903
1653
1540
125751
24976
14365
449826
8515
174936
2926
28680
105570
46665
6670
11935
91378
130305
27966
385003
13530
1128
78210
401856
1431
5356
3160
2701
25878
26565
210
73153
29890
195625
47586
123256
62128
141246
87571
128778
456490
106030
28203
92235
191890
7503
820
432915
8778
131841
46665
8646
225456
21321
14878
222111
7021
16653
16653
20910
32896
80200
58653
253
6555
374545
51360
10585
47895
13203
2016
46665
276396
13366
2415
126253
214840
33670
103740
12880
329266
108811
98346
24531
435
7750
161596
1176
46665
27966
44253
176121
9730
131328
8646
159330
703
11175
91378
75466
31125
52326
153181
380628
561
7750
7626
97461
5151
14028
274911
15225
190
298378
161028
7503
212226
126253
330078
11628
27730
63903
38503
78210
22155
14706
131841
94830
19306
14878
125250
10440
903
31125
35511
74305
42778
5460
396495
170820
258840
1225
86736
119316
67896
51040
1225
1953
4095
105570
362526
21736
1081
2278
1830
138601
41041
206403
26106
424581
78
107416
8128
380628
62128
34453
69751
5050
183921
1275
17205
163878
1081
19701
20301
208335
152076
341551
119805
120
16110
16110
54615
7381
221445
339076
140715
19503
5151
22791
54946
131328
28203
240471
1128
161028
171
6
56280
33411
42486
44253
333336
124750
6670
23653
1830
5460
327645
253
134940
3240
141778
703
990
325
37128
51040
105
15
5356
163306
37675
280875
205120
40755
9870
72390
61075
67896
42195
127260
13366
62128
9730
45753
232903
55
53301
333336
861
48205
6903
66
42486
85078
3081
85905
780
66066
55278
22578
17766
140715
153735
5565
159895
10
7381
114960
92235
23005
469965
595
630
780
52003
161596
194376
37401
9453
297606
22155
255255
24976
103740
47278
2278
156520
101475
122265
990
86320
17205
23005
95703
1596
81003
276
29646
141246
34716
40470
78606
21528
216153
108345
8128
10011
22155
78
2628
200661
6105
84666
3321
1275
990
225456
10585
44850
20100
4656
158203
203203
86736
87571
101025
861
157641
78
99681
28680
15753
286146
4005
104196
55945
95703
1953
1
136503
72390
351
130816
4465
338253
87990
253
11476
11781
161028
61776
12561
107416
2016
48205
58311
58311
55278
3003
47895
69751
171405
4950
238395
323610
6903
6441
42778
134421
83028
40186
44253
130305
52326
21736
73920
119805
2346
195625
109278
227475
98346
76636
3570
317206
6555
28920
247456
70500
396495
10440
1891
28680
24310
5886
233586
81810
208335
1540
3570
303810
43071
23653
105
60726
15051
14878
5050
21736
127765
8128
222778
10011
41905
2556
147153
27966
187578
218791
118828
242556
125250
21
5671
33153
3321
98346
6786
102831
100576
76245
48516
94830
135460
43956
105
154290
134421
9453
87990
630
37675
30628
2016
21321
10585
170236
46360
11935
431056
10
24090
103740
6216
360825
31375
31878
6670
9316
132355
105111
24310
239778
15051
111156
49141
3160
84666
63546
528
26335
253
703
300
17955
31878
66066
200028
128778
108345
28
53301
258121
43365
780
125751
247456
397386
58996
105
64980
318003
36585
36
222778
142311
11935
89253
47278
14196
63903
2346
18336
1378
184528
3655
1225
83845
3240
25425
2485
31626
133903
455535
10731
3828
312445
96580
5995
14706
99235
4186
146070
72771
39340
561
248160
130816
266815
162735
17955
419070
224785
86736
120
40470
13041
77815
35778
99235
191890
5565
33670
148240
112101
20706
41328
39903
82621
14535
128271
91
89676
1378
12561
75855
378015
55
25200
57630
280875
169071
29403
2415
23653
2346
30135
10296
158203
15576
89253
375411
178503
9316
21528
102831
23436
170236
55
53301
261003
2145
20910
18145
15225
1431
53628
396495
238395
63903
79800
11175
278631
91
141246
231
81406
54615
101475
7503
276
23871
219453
10585
245350
31375
96580
96141
83436
73920
3916
2415
1770
9180
6
28441
14028
10731
157080
195625
95266
98346
20100
199396
63903
47586
354061
56616
5886
79003
84255
236328
4186
34191
14196
41328
107416
35511
13203
23220
73153
78
5151
286903
295296
50403
123753
276
210
21736
9870
138601
10878
28203
21115
285390
378
1891
221445
221445
14028
40186
126253
465
29890
118341
59685
13530
14196
137550
46056
10011
1128
2701
99235
133903
39340
126756
19306
46665
21945
71253
47278
69751
2211
159330
180901
89253
159895
15753
123753
2346
11476
58996
142845
95703
23653
190
2415
157080
112101
10296
26796
234270
239086
161596
55611
197506
89253
14878
86736
13366
154290
27261
39060
117370
65341
12561
561
29646
115921
2485
99235
43956
144991
180901
34453
2485
2701
24531
81003
12561
222111
25425
12403
250278
38781
26335
1830
173755
4465
152076
17205
60726
8778
74691
1596
201295
10296
109746
258840
162735
7381
259560
82215
25425
189420
152628
18528
39340
169071
126756
21945
87571
106030
421821
326836
44253
185745
6105
154290
34453
310866
46971
32640
137550
435
246753
11781
469965
43365
1128
96580
153735
10153
465
97020
8646
24753
26106
106953
248160
50721
30876
31626
188191
454581
139128
25425
15
113050
1225
49770
214840
100576
22155
38226
385881
405450
118828
7503
47278
190
15
3160
163878
19900
4095
4950
7875
28
27261
1953
28920
152076
120786
1275
13041
16653
146070
257403
3741
56280
10011
309291
3916
81406
38226
5671
16471
9453
54285
200028
23871
150975
2775
119316
27028
355746
1830
1326
124750
93096
163306
173166
18721
20100
131328
48205
63190
83028
60726
7750
122760
6903
351
31626
191271
31375
1953
39903
131328
60726
435
265356
34716
56280
18721
6441
30381
423660
77421
46665
45
30135
156520
10731
76636
43660
11325
253
60378
19306
31878
91
3741
36
3321
35778
174936
163306
123256
117855
105
140185
60031
325
291466
434778
3240
129286
33670
9316
174345
58311
11935
103740
861
108345
126253
3655
104196
71631
5671
36046
561
60726
33930
30381
7503
86320
28
3081
201295
64620
143916
42486
152076
3486
143380
13041
54946
10296
1081
23871
95266
91378
72010
11026
1081
11175
60031
57970
6105
87153
234955
160461
6
120
1225
112101
33411
2775
105111
61425
149878
9591
28680
331705
119805
26796
201930
101475
263901
528
46665
33930
26335
84255
115440
561
780
36315
20301
81003
76636
234955
70876
52326
21
7875
422740
60031
60378
13695
43365
2346
3321
276
22155
446985
70125
41328
19701
338253
741
1225
223446
5778
248865
103740
561
32385
105111
248865
279378
250986
9180
8515
73536
17955
5151
75855
32385
49141
7260
990
119316
5460
392055
13695
278631
315615
8515
103285
212878
179700
60378
23653
1225
56616
134940
51360
38226
371091
16471
280126
11628
337431
108811
19503
7381
54946
23653
79800
44850
24976
378
178503
703
371953
34980
164451
163878
1596
73920
22366
36585
113050
9316
397386
58653
143380
61776
22366
90951
191890
78
1378
38781
6328
276396
75855
19306
89253
190036
25425
163878
35245
45753
187578
2701
130305
253
137550
24976
18528
231
10
395605
38503
15753
3
820
77815
50721
9730
314028
40470
12090
46360
6670
27028
3003
163878
4186
28680
4560
4560
39340
50721
3570
72010
3741
4278
47895
24753
250986
24753
50403
435
285390
271953
21
14878
1770
7021
14196
7626
12720
17020
1
163878
183315
121771
135981
13041
52650
5671
28441
18145
27495
36585
209628
666
41905
7503
6
87990
16110
53628
80601
143380
74305
990
70500
199396
306936
5460
158766
28203
96141
21736
89253
183921
106953
3081
19701
85078
6105
129795
34980
4371
38503
32640
3240
220116
184528
129795
14706
176121
15576
12090
282376
73153
2556
93961
138075
29161
4371
9730
105
40186
33411
12246
4560
193753
16290
47895
1431
7626
322806
79401
53628
136503
9045
22366
323610
2145
238395
106030
32640
124251
54285
19110
1596
11476
8385
31626
17391
60726
385003
218791
94395
36
193131
131841
226128
193753
1128
42486
63546
780
293761
151525
1830
121278
741
12720
31125
22791
4465
120
33930
3081
62481
1
93528
23220
339900
69378
27495
990
190
33930
1035
5151
27495
240471
122265
288420
221445
3160
1540
134421
35511
136
110215
149878
373680
232221
164451
10011
226801
10
73536
780
32385
354903
17578
84255
58996
63903
9045
20100
528
4560
271953
91806
2485
57630
6903
75078
36856
55278
6
194376
3570
55
57970
23005
2415
78606
97461
36046
230860
45753
29161
114481
10878
118341
25200
85905
5886
44551
334153
17020
83436
87990
103285
24531
27028
112101
25878
253
4851
12090
69006
289180
406
3081
313236
50721
1953
1275
6328
138075
173755
221445
1485
1830
3828
10296
57291
12246
5151
165600
177906
54946
33411
2701
161028
19701
101025
43956
222778
15
34191
313236
115921
666
24310
69751
231
61776
106953
183921
266815
780
4851
62835
4005
27495
2415
150975
57630
132870
1596
11781
67528
1830
97020
78
16110
239778
77815
132870
13203
284635
329266
155403
109746
118828
2346
5671
201930
6903
78210
96141
180901
13366
15400
3081
117855
23653
158203
114481
333336
4851
15225
50403
15225
7021
11325
23653
50403
54285
337431
8515
1326
29890
7381
14878
4278
143916
741
197506
107416
116403
35511
2080
94395
31878
54615
140185
6
9045
40470
13530
3655
19110
203203
21528
55945
28
28203
7260
19503
561
277885
35511
98790
208981
406
5356
157080
179700
7140
175528
54946
134940
55278
11175
127765
78606
153181
299925
127765
38226
4950
31878
52650
217470
30135
283881
2701
214185
81406
22791
9870
129795
12246
109746
106953
216811
91806
15225
28441
1035
903
3160
445096
28
286146
3081
276
67528
5050
183315
351
1326
703
12090
133386
269745
903
243253
245350
31878
52975
36856
328455
383250
11628
363378
164451
152076
19701
118828
41616
1225
7626
133903
7021
32896
49455
254541
3240
313236
358281
780
4005
132355
8911
455535
19110
6328
222778
8256
218791
108811
67528
2346
52650
149331
97020
24753
359976
106030
21528
2775
179101
1891
703
83436
225456
19306
76636
34191
28680
7260
210276
18915
1830
26796
151525
125250
31375
171991
128271
7140
166753
45
20301
115440
173166
7021
37950
131328
528
263901
60031
222778
55
227475
48516
150426
5671
3160
3321
49141
2211
4656
8778
231
3321
73153
12090
3655
173755
223446
182710
78
26106
13695
8646
114481
4560
312445
12403
9591
45753
496
459361
21115
137026
283881
51681
105
2926
3570
11476
112575
561
163306
9316
9453
49455
87571
28
88410
52326
152628
230860
18336
86320
7021
37950
32385
117370
69006
140185
1596
74691
57291
62835
10296
166753
75466
30876
2628
237016
1176
14196
6903
98790
36585
153
133903
333336
136
89253
90100
465
102378
295296
1431
253116
8515
54946
5886
45
496
3003
83845
38226
2016
19306
3003
246753
28
385881
431056
3003
194376
153181
81810
54285
100128
1326
204480
1770
1035
17955
65703
58996
153
147696
43956
119805
30876
124750
15400
283881
10011
32896
15931
116403
15753
75855
12720
303810
87571
117370
78606
187578
266815
123753
125751
139128
79800
89253
4656
63903
90525
64980
161596
4278
7503
308505
14028
89676
127260
325
77421
90525
55611
93528
31125
32131
236328
1953
49141
85491
170820
142845
176715
8646
18528
387640
99235
102378
11781
171
53628
26796
8385
166753
33930
10878
595
82621
162735
58996
9180
23871
12246
9180
389403
7626
90951
55278
63903
173166
120
114003
171
28203
206403
60726
903
11628
10153
300
52003
78606
126756
337431
3916
946
11026
241860
50403
406
119805
48205
26565
112575
3403
69006
64620
87153
74691
260281
83028
90525
6670
13530
37950
76636
105570
390286
365940
258121
10878
144991
10585
84666
21
2016
55
990
344865
49455
666
224115
36
16836
61425
12090
70500
45451
8515
38781
166753
15931
1326
116886
228826
136
108345
21321
24090
46665
11026
220780
105111
32640
45150
1653
10153
4005
7260
2701
34191
120786
269011
158203
47586
166176
53956
188191
61776
40470
41905
152628
15
1035
91
161028
15225
12090
193753
69006
6670
4186
174936
3741
186355
36
132870
15576
741
89253
97461
4950
2211
1275
91378
131841
130816
401856
261726
36046
61425
22366
64980
107880
14878
37950
8001
149878
22791
190653
1485
239086
381501
6216
21945
118341
19110
351
6216
59685
11781
6903
7021
595
17391
6786
30135
60031
183921
36315
136503
227475
32131
25651
173166
318003
561
83845
190
85905
4371
56280
56616
1176
418155
3741
117370
27730
232221
30135
57970
94395
78
2145
171405
27028
161028
89253
30876
126253
55
15931
92665
11476
210276
160461
22155
64980
406
261726
115440
7140
3003
106030
10
42486
10878
110215
58996
5356
3240
43365
29646
7021
365940
58311
231540
289180
2415
45753
15931
43071
27966
52650
316410
88410
144453
32640
3160
30628
630
11781
15753
240471
183315
30628
23653
7021
208335
310078
306936
88410
114481
74305
67896
180300
25651
73153
1596
9730
11628
24531
96141
16653
5886
193753
69006
78
18915
47586
108345
121278
63190
2775
450775
2556
16471
8001
74305
3003
54285
14365
214840
55
28680
369370
25425
112101
41041
22791
231
561
90951
16471
741
48516
1128
2080
153
13695
133386
23871
75466
130816
30135
4371
28
20100
2415
26796
28441
55945
106030
130305
102378
6555
46360
17578
197506
10296
63903
182106
22578
45
71631
237705
28203
1431
64261
6441
4278
1953
7260
9453
338253
5886
38781
5886
3003
27028
5151
820
1711
141246
24753
4950
169653
179101
13203
86320
141246
152076
472878
27730
143916
123256
242556
1596
140185
100128
5460
5356
107880
76636
946
14535
52975
15051
254541
3240
200028
6786
327645
362526
47278
30876
14196
273430
3081
10440
5671
47278
3321
61075
392055
35245
3
295296
317206
49770
119316
120295
122265
190036
205120
246753
1081
109746
47278
10296
239778
2346
56280
58996
30876
79401
261726
1596
293761
67161
92665
17766
107880
33670
71631
703
12246
306153
9180
122265
157080
388521
67528
191890
12403
112575
261726
58653
73153
7140
114960
55611
6555
104196
154290
16653
9453
1225
47278
14535
24531
84666
666
21115
13695
54285
10
1653
58311
142845
46665
66
14196
22366
29646
1128
10878
176715
22366
51360
138601
81003
306936
10585
186966
228150
33411
206403
8515
41328
127260
14028
28
300
11175
19503
99235
19900
54285
54285
155403
367653
48828
289941
57630
17766
78
300
6555
291466
58653
255255
25878
153735
17955
35778
25200
861
6903
46971
38781
246753
105570
2628
37950
1653
16290
132355
4656
260281
16471
1431
25200
50403
22155
21115
6786
9180
425503
67896
17020
17391
324415
15225
119805
18915
101025
4656
62128
392055
63546
91
56953
55945
53628
5050
230860
10153
130816
378
104653
238395
47895
8778
64261
169071
54285
1128
141778
119316
10296
40470
53956
173166
183921
198135
25425
496
2556
136503
58653
24753
26335
220780
318003
120786
23220
178503
120295
9453
73536
351541
105
561
148240
190
58653
30628
2016
19306
47586
228826
1378
225456
250278
203203
49455
264628
43071
67896
3403
271953
55611
2628
6903
26565
15225
11476
153
64620
82621
15576
3003
36585
178503
1540
5886
54946
395605
39903
14878
136
68635
30135
105570
220116
52975
6555
18528
29890
13366
3570
74691
39621
7260
1953
1431
15400
5460
87153
253
185136
990
16836
7381
325
87990
6670
114481
10153
73153
173755
630
365940
6
10731
49770
175528
138075
68635
111156
44253
39340
30876
55
98346
141778
15400
100128
22155
7503
300
6216
5671
19503
1891
8646
101926
19306
265356
176715
177310
210
11935
227475
91806
39903
138075
293761
85905
5778
253116
67528
4851
67896
78
19701
48516
28
22578
212226
301476
130305
321201
12403
252405
666
153
326028
96580
21
205120
206403
169071
13041
111628
385003
18915
38503
209628
25651
420903
25200
32896
427350
21528
3160
376278
21736
166176
49141
4465
135460
131328
52326
172578
40755
50086
34980
465
328455
200028
136503
228826
449826
119805
14706
30135
55278
12403
72390
240471
172578
33411
42778
18145
69378
55
5050
143916
158766
50721
91806
114960
51040
56616
167910
181503
173166
21321
3916
20706
18915
206403
1176
266085
1891
25425
196878
143916
378
83028
2556
297606
14365
191271
101025
84255
146070
861
190653
88410
16653
135981
60378
218130
249571
30135
232903
17205
4560
161596
358281
25651
95703
39903
33153
75855
7750
284635
630
72771
248160
26106
8128
40755
144991
4095
215496
239086
64261
1770
42778
1378
289180
5778
5565
7503
52650
15753
11026
5778
4465
25200
115440
97020
5151
120786
75466
1378
1953
1653
7021
159895
333336
7381
2775
21115
20503
15400
225456
195000
92665
373680
83845
496
69751
66430
318003
1953
17955
19900
83436
92235
77815
43365
274170
1275
49770
27028
41328
87153
7875
208981
45753
171
861
351
13041
93096
216153
1596
47895
93096
193753
21945
245350
320400
133903
18721
85078
141778
17020
103740
237016
5356
30628
17955
117855
49455
50721
24531
234955
93096
19306
212226
276
189420
141246
227475
456490
38226
1035
65703
100576
171405
351
2016
1540
7381
57630
201930
1035
94830
104653
64620
57291
10731
152628
120
16836
147153
40755
222778
120
330078
156520
2211
3240
122265
188191
741
2080
30381
74305
41905
87571
15753
1081
131328
198765
67528
32131
741
2415
4278
77421
67528
231
45150
6328
185136
6441
230181
17955
58311
109278
23005
66066
5565
20301
13530
5886
78606
103285
105570
41041
84666
87571
190
595
62481
130816
354061
134940
77028
38226
49455
93096
30381
1081
171991
99681
65703
239086
20100
136
153735
6903
71253
63546
19900
29890
46056
595
21528
279378
188191
98790
24531
51040
66430
465
222778
107880
345696
3570
31626
9730
302253
7626
19110
15225
2016
23653
16836
135460
17205
52003
190
152076
280875
401856
861
14365
7750
39060
73153
58996
16836
127260
103740
16653
215496
283881
3655
94395
12880
75078
99235
10440
70876
184528
92235
297606
41328
186966
128271
91
361675
160461
358281
214185
177906
4753
70500
170820
57970
24090
378
245350
115440
24310
7140
13530
220780
39060
9730
329266
19110
125751
68265
215496
13530
7140
3916
15576
8646
25200
280126
114481
7021
35511
72771
23436
5460
190653
317206
2701
198135
257403
23005
19701
172578
2556
18528
30135
3570
146070
666
21115
75466
325
51040
333336
28680
426426
114003
1711
241165
14878
52975
171
86736
3
57970
190653
46971
3916
176715
246753
131328
101025
20910
5356
35511
15931
152076
344865
1225
169653
16653
7021
12880
46056
107416
22366
68635
173755
14706
47895
6328
233586
496
197506
60031
29890
2485
136
76245
153
43365
266085
97461
378015
324415
171991
21945
89253
23653
4560
32131
160461
46056
226801
78606
21945
5050
76636
40755
346528
81810
23653
108811
16290
59685
12403
496
3486
33930
198765
172578
15576
4753
14878
16836
38781
3403
97903
89676
90525
15931
202566
51681
253116
138601
99235
49455
80200
16653
1
107880
10296
6903
1770
157641
47278
378
1540
1225
43660
460320
174345
150975
120
2145
1225
359128
28
6105
127260
45
67896
115440
353220
105
8778
153
182106
9180
134421
164451
62835
126253
28920
1891
123753
6105
5356
120786
231
61075
137550
4656
11781
41041
171
10011
105111
4560
496
3403
703
153181
24531
71631
23871
15400
6555
161028
1596
41328
216811
179101
1378
56280
240471
77815
13041
208335
222778
780
153
142311
17205
14878
56953
38781
34191
6441
15576
61776
138075
325
57970
194376
41328
147696
124750
10296
80601
3160
3741
41328
44551
24753
12720
19110
3916
67896
6441
94395
253
54615
215496
21115
23653
163306
7140
23220
32640
243951
214840
18336
2080
66795
75078
90525
42778
2346
127260
21
335790
12246
22578
5356
86736
96580
7503
9730
8515
95703
340725
5565
184528
66430
33411
15400
101475
117855
45451
25651
45
159330
50086
37675
8001
820
474825
292995
28441
239778
179101
42486
322003
63190
10153
195625
200661
351
173755
8128
47586
188191
432915
3828
24310
219453
8646
435
70500
330891
4465
405450
90951
15931
52650
81810
1540
238395
18145
1035
24753
496
201295
128271
36046
234955
1081
54946
203841
30876
2701
69006
98346
435
189420
946
125250
81003
8646
85491
150426
237705
13530
41328
182710
23005
75855
82621
63546
235641
78210
60031
20301
496
214840
21528
55611
131841
123753
30135
17578
200661
25425
2775
170236
105570
251695
117855
66795
157080
4278
72390
128271
10440
170236
400960
169653
310866
1
154846
71631
26565
8256
12880
101926
20706
118828
12720
152628
24310
82621
51360
40755
7750
222778
3081
46665
120786
48516
50403
11175
59685
5253
2775
116403
203203
13041
9180
271216
198765
1953
300
133386
147696
7140
303810
250986
7626
70500
39903
119316
252405
4186
26335
106030
41041
18336
32640
1225
141778
133386
6555
69006
345696
313236
369370
29890
322003
84255
49141
55278
120295
51360
30381
27730
33153
140185
127765
73536
190036
101475
253116
703
8256
5050
29890
148240
61425
630
27028
176715
120
73536
39621
10585
331705
49455
42195
31375
21321
8001
303810
17020
142311
14535
42778
133903
57291
79401
7503
76636
105111
165600
29403
21
300
202566
93961
2415
33930
64261
87990
6903
39340
30876
15753
43365
432915
15
18915
136
393828
17766
140185
99235
10
45753
167910
123256
206403
274170
193753
113526
4950
2850
106491
119805
43956
323610
333336
39621
24090
26565
24976
10
140715
6786
300700
79401
256686
26106
57970
232903
57970
11781
248865
118341
28203
178503
110215
861
215496
66
277885
165025
9730
25651
74691
1891
23436
19503
561
703
227475
24090
105
46665
172578
113526
2850
17955
15576
9730
1653
130305
5886
496
182710
12561
276396
45
105111
11935
75466
56616
11628
72390
132355
55611
269745
17766
12403
29403
13041
4005
67896
171991
80601
372816
108811
31626
39060
27730
83436
435
17766
28680
91
5356
58653
10731
41905
191890
13695
7750
232221
77815
284635
186966
741
316410
84255
36856
136503
299925
75466
111156
228826
22578
11175
17391
42778
41041
17766
185745
8778
114003
17391
5253
14028
6328
40755
92665
66
31626
30628
341551
37675
87571
159330
120295
162165
12403
182710
228826
70876
52326
61075
72010
14878
3240
2016
186355
10011
43956
38503
3321
31125
5151
270480
193753
66795
114003
32640
293761
28680
21115
58311
75078
59340
14028
48516
65341
43956
17955
188805
319600
108345
25651
49141
58311
4753
37128
9730
46360
231
26335
255970
2701
74305
3486
248865
22366
2145
12880
55
43365
35511
45753
150975
224785
31375
1653
148240
189420
124750
113526
212878
71253
127765
4560
33411
61776
27966
11175
4753
209628
63903
401856
184528
6903
528
7626
3403
179700
91
5151
134940
313236
4851
106030
87990
2346
45753
85491
6105
201295
215496
73536
1711
292995
39621
100576
3741
99681
16471
34191
105
11476
38503
28920
22155
9180
175528
97461
32640
41328
4465
303810
180300
1275
153
1081
326028
33930
2346
85905
364231
3240
406
263901
60031
21945
3003
25651
214185
4753
203841
185136
17766
321201
220780
3916
122760
102378
3003
46665
326028
131841
99681
1540
27966
34716
820
230860
95266
33670
46665
8911
8646
7381
124251
5356
33153
34716
45753
19900
123753
66430
396495
28203
21115
9045
84666
4753
147153
25878
3916
129286
49141
379756
116886
125250
23005
152076
26335
4095
220780
271953
119805
63903
29890
358281
34191
13041
12403
87153
73920
70500
1431
66430
171
112101
330078
124750
28680
396495
298378
220780
4005
14878
95266
6903
126756
9591
435
13695
231540
23436
82215
22578
8646
10011
125751
72771
139128
185745
194376
1225
25425
159330
861
946
201930
561
351
4465
39060
102378
42778
18915
119316
5565
8778
36
23871
188191
246051
20301
4186
355746
14196
66
14706
6105
39903
6105
6216
379756
330891
81003
54285
6903
66066
10731
4753
312445
85491
820
9730
106491
105
58996
162735
218791
4465
29646
365940
990
161028
7021
36046
230181
42486
37128
209628
35511
51360
158203
2415
37401
41328
69378
106030
19306
202566
124251
77421
231
5356
1830
40755
190
8646
67896
27028
52326
25878
87571
300
437580
10585
34453
528
41905
496
329266
95703
6
353220
11175
22366
190
1711
2926
193753
208335
2701
780
7260
28441
115921
5565
215496
43365
129795
21945
110215
2775
200028
193131
66795
29890
8128
85078
32385
78606
8001
3160
17955
31626
83845
43071
2775
47278
66066
255255
87153
34453
171
1035
5356
130305
88410
139656
1830
2278
946
199396
1485
990
9316
64620
129286
61425
19503
25878
35511
62835
13041
28441
15400
4095
630
153735
630
1
62835
178503
91
88831
68635
13695
365085
703
7503
138075
155403
36585
30381
58996
19701
4186
114960
79003
12561
281625
6555
16290
22366
57291
251695
39340
3003
199396
17766
72771
50721
23653
78606
120295
41616
26335
1176
92235
2346
39903
83028
2485
23220
143380
107880
274170
146070
8128
24753
4656
208335
50403
180901
146070
59340
109278
630
149331
861
21528
22366
61425
41041
6903
14535
153735
496
11175
20706
39621
8256
43956
10585
37401
114481
179700
125250
43660
78606
11628
181503
246753
39621
1770
1485
30381
561
1326
154290
36
63903
561
120
9453
24310
14535
57630
183315
9180
29403
98346
365085
80200
18721
43956
18336
3
36585
325
67528
110685
29161
129286
43660
435
17391
47895
1596
2346
180901
60031
5460
46056
9870
92235
243253
165600
342378
210925
3655
10
11175
110215
98346
11781
11175
28203
4656
311655
7626
26335
80200
49141
4560
28680
120
134421
153181
33411
14028
77421
2926
282376
1
70500
190
39340
216811
76636
138601
106030
8646
246753
180901
19306
41041
158203
135981
110685
10878
9180
27495
96580
73153
63546
87990
25200
231
60726
6670
13861
95266
48205
117855
10878
15
79003
178503
402753
6903
47895
127260
11175
12880
10878
8515
5253
133386
118341
265356
47895
167910
37675
105570
91
121278
37401
17205
136503
24976
184528
20706
15931
2080
59340
43956
113526
5995
946
3081
367653
12090
10440
76636
177310
1176
133903
273430
2145
52650
6786
303031
97903
55611
7140
34980
398278
102378
203841
4560
148785
261726
90525
11935
3741
15400
50721
78210
195000
14535
324415
30381
147696
188191
266085
170236
3570
56280
4851
2926
43660
17955
1540
131328
63546
820
8911
85905
24531
8646
26796
24090
91806
18915
246051
146611
14196
74691
4095
159330
47895
176715
36046
202566
274911
210
277140
41041
3486
37675
32385
98346
298378
465
820
17020
1830
32385
45
3403
22155
43365
230860
43071
111156
33670
244650
9045
235641
98790
177310
11325
82215
100128
42778
51681
197506
328455
20706
4656
1275
118341
64261
60031
24310
103285
1431
110685
151525
292995
24753
109278
65341
438516
65703
8515
26335
29161
351
15051
946
1770
5671
703
303031
44850
48205
43660
63546
1378
248865
170236
38781
14878
174936
27261
259560
295296
63190
39903
118828
253
23871
142311
52650
78
57970
3321
204480
66066
9045
124251
990
140715
25200
394716
131328
1830
25425
32385
35245
14028
8515
3828
79800
741
17205
201295
19900
52650
10153
73536
46056
182710
20503
30876
6670
75078
38781
24090
90100
187578
376278
382375
83845
41616
10585
13366
19503
50721
7021
110685
20301
21115
157080
15931
79003
25200
52650
289941
33411
90100
93096
29646
165025
153
7750
112101
59685
325
12246
55611
124750
149331
94395
34980
48516
54946
18336
325
31125
104653
32385
46665
19503
257403
22578
1891
2016
276
77028
151525
4656
55611
8911
1326
67161
283128
159330
118828
1596
101475
13530
89676
6903
126253
5995
22155
122760
37675
246753
55
1431
16471
105
5460
114960
56616
66795
49141
41041
703
8911
82215
7750
22791
18721
165025
171
130305
3003
7626
48205
50086
465
112575
155403
43071
231
7021
30135
113526
152076
496
120786
258840
56616
10011
18336
10296
3570
109278
61425
1711
8646
215496
40186
91806
125751
3003
286146
69378
77421
388521
32896
21528
205761
8778
59685
27495
10153
11175
339900
666
132870
144453
13530
85905
60378
59685
147696
46056
108811
79401
315615
253828
85491
3741
169653
35245
4186
210925
308505
2211
257403
99681
297606
22791
31626
1326
4560
134940
45451
50721
93096
37128
48516
100576
12403
101475
19110
129286
17020
17205
33930
222111
20910
58311
59685
107880
29161
116403
58996
62481
212226
4186
26565
32896
5886
70876
12880
4753
277885
119316
8128
195625
48828
46360
85491
12880
23871
419986
112101
20503
109278
8385
53956
294528
29890
138601
21736
250986
92665
190
5995
277885
30628
288420
59685
45150
1128
23436
123753
8911
50403
6903
2628
23005
15225
11781
210
1485
20100
126756
83436
1035
111156
183315
71253
3
160461
15225
3403
11026
28203
20910
85078
406
2415
88831
1653
21528
132870
190036
101926
3160
131328
14365
345696
43365
109278
96141
110685
412686
22155
115921
136
162165
38503
5886
155961
13530
384126
36
105
21
21
9591
4560
63546
52326
266815
45753
4278
120
70125
36046
15051
218130
21945
54285
14028
214185
208981
20100
5356
1953
106030
28
1830
142845
69006
374545
8001
38503
1326
133903
128271
365085
1128
67161
2415
90100
22578
45451
15576
44253
52975
34453
8385
123256
45451
13041
465
56280
31878
154846
408156
2415
41328
276
21321
35511
2628
266085
12403
105
17955
42778
45
2485
5460
89676
78606
32896
153
8385
36585
140185
45753
122265
128778
9730
406
141246
303810
50086
449826
6105
4371
52003
79401
10731
71631
36
12403
371091
23871
182106
384126
16471
14196
28441
8256
144991
20301
861
4005
35511
24531
18721
36
86736
184528
27261
49455
69006
84255
496
23220
30876
314028
28203
17020
28
15
109746
133386
21528
60726
11026
130305
325221
8128
820
176715
300
37950
8646
129286
9730
128271
266815
22791
4095
70125
6
276
292995
64261
42195
41616
7021
27261
99681
248865
66
66066
90100
5356
83845
282376
9453
22578
169071
82215
7875
83028
5671
20301
5671
10153
127765
4095
93961
311655
330891
190653
238395
2850
101025
10440
16290
205761
262450
114003
24310
278631
38226
67528
357435
177906
325221
203203
61776
149878
139128
196251
29161
15
54946
18915
31878
15400
13861
69006
3403
129286
346528
