12990
1936
10732
17200
12707
14374
702
14540
3850
7370
6584
3172
2916
7257
12710
9870
14175
6
2250
2494
12458
13900
6048
9214
15269
12
13332
7263
14150
3969
8026
867
2618
5622
12475
1631
879
11040
3541
19466
74
13999
733
2083
1430
905
1079
3003
225
2477
265
11508
2867
11295
14962
100
8149
441
16794
14608
2233
2942
5426
25282
12932
5158
7371
6862
10280
407
2304
8171
13660
5
15241
9759
12872
8774
8580
19584
10084
6177
11055
3456
6317
4107
795
10637
8332
11007
12967
3728
758
5362
3964
6599
2230
9586
719
9881
100
20355
1588
22976
5920
741
535
12636
11019
10552
7735
9320
2305
24513
21302
3404
1041
1642
14700
2609
4978
1286
23477
3567
4570
5520
9132
7824
8797
13773
3918
3762
10617
1884
6663
16418
6995
1976
995
20847
20
2233
22595
23188
16367
15616
10935
12809
515
21106
90
9857
3675
13047
10805
9604
1122
23496
3636
3380
429
1533
17689
4234
837
6716
14922
4587
100
3652
8579
4641
5196
10299
5581
3684
8244
2461
4828
10191
5838
289
4883
16
12178
5574
1189
17530
1013
4166
8520
145
886
4292
20626
3556
6
1208
5146
5816
14304
1194
12362
782
4078
17517
13022
10944
4922
13433
2022
2878
3697
15255
13548
15469
6480
22749
4023
788
8547
16680
4977
7498
11565
355
10275
7497
9925
21406
19941
6293
9181
13458
4454
2364
2550
2459
17243
8056
9200
13142
4328
13121
1137
22279
9975
9038
7784
11459
7615
2866
859
8464
4912
144
11251
4714
14073
13190
9671
5324
23990
962
18710
2048
3839
13268
13036
2025
10196
3170
5788
7790
11047
8464
4124
60
571
12204
16858
10594
472
5441
561
3633
15959
16773
5776
1521
10888
1600
18830
1550
9448
358
17244
5178
7989
6464
14472
25670
13189
13761
5062
989
4274
10800
16959
361
8027
12721
6618
4074
169
6728
11441
544
21393
2678
5371
5476
17
961
23607
992
535
2314
11335
12632
13442
3213
12934
7541
773
3572
7815
1127
3357
289
17272
1371
30
3586
3790
7186
13542
756
12300
3575
81
19222
6100
284
1954
2027
6624
5015
15408
15005
10538
10808
1406
6217
8872
802
11442
1749
9124
15672
2922
450
9541
156
11729
3724
351
13129
12626
4771
3633
4432
17845
12650
19766
18174
506
15918
2864
21042
1884
14311
16874
14530
1023
10626
12074
15138
15229
15806
16418
12738
1721
9823
16913
792
10710
2436
1852
5357
11577
4637
6409
5954
1496
1888
4786
2147
3820
3244
11474
23
4634
3814
11052
7338
6413
13521
8591
4905
17922
14003
1006
5148
3960
8538
7158
22368
5112
1512
113
12402
15433
5962
12773
16352
19370
14461
13026
2207
12644
4399
9072
14716
18963
2556
12192
1511
2070
14309
11571
4770
10562
1787
17463
16603
958
17482
19235
6200
6557
4185
11
8490
9133
313
11278
23610
1294
16
24216
196
420
7494
6439
1164
9041
3243
14838
12281
10148
7376
6205
25
9316
6359
12290
796
2222
11214
3135
11555
9514
132
2015
8339
10859
7610
10918
675
3692
592
6627
5015
16138
767
20
3193
12
15560
762
12100
3586
2995
18051
6585
11068
6093
13005
11510
10012
14893
14211
787
4913
5575
9720
11324
4912
4036
15482
5199
8027
14796
4065
461
1746
14439
3573
18732
3895
2482
14926
161
15489
10531
552
2467
2771
380
3575
4032
2460
14992
844
5271
2744
15221
2704
712
941
13488
21883
5337
16281
3611
16096
6615
1673
9216
14733
6096
3565
3061
3149
9642
8569
7592
5525
222
6682
15532
9558
7056
2153
72
7372
21542
5139
1
388
16312
10083
10250
14730
20423
18011
15575
20310
3381
3916
11920
6916
14181
14541
5471
1764
14464
12247
64
306
3660
11979
3099
359
4737
2885
12770
2962
363
10385
15896
1466
10932
10170
3350
10706
6454
14043
4284
6371
435
4825
1500
11787
9987
2992
14121
10339
3669
14128
6372
3188
11888
1371
6387
12552
2266
5396
2450
1
183
3963
5835
16253
11610
5047
1556
12522
9871
9584
132
1576
4094
13341
7861
16
6673
8833
1196
7392
6044
1772
2824
8193
1748
930
4970
20239
13595
13053
89
42
3906
406
18103
14961
5184
3389
13892
3306
90
20938
1156
3578
7652
9377
1771
9330
361
2226
1560
4004
1603
1319
6410
12952
7584
8947
74
19629
14731
5052
814
1429
14825
3116
4973
14172
2286
316
10135
8549
5780
4605
1081
2819
3474
3877
14161
11305
1905
17980
1453
13278
848
90
16790
9677
8022
11741
5371
7108
11515
2563
5869
8877
292
11619
14291
6165
6036
3004
8983
16746
8397
7223
4657
12570
1417
1722
5287
498
6567
9064
6016
13543
6322
12412
4279
3295
5760
819
18200
8672
13457
15206
182
4613
1847
121
3264
5174
7746
5652
8951
2200
9851
3966
12479
36
10209
13214
4444
3432
9139
653
5996
13405
805
9668
4633
8169
5161
3560
8814
14859
121
5778
11454
10912
4
6510
1061
15326
84
5124
5878
3131
9720
2426
6546
308
11086
3725
5285
308
5132
1596
1759
16580
10034
7421
9958
12111
9372
20516
1332
24003
1359
8770
702
17782
12495
14901
36
11945
29
4791
5045
527
15269
17955
13628
3781
13347
1523
12808
12562
1892
13483
4018
11044
11182
18180
4852
173
15556
1275
10878
1429
926
4891
12828
9790
14272
400
3870
1831
3057
1403
13691
23858
15411
3194
5015
487
15535
8894
724
9904
1764
570
26925
16619
7588
1386
1929
1176
289
19792
2153
5527
15764
1378
10674
81
13757
10732
2559
9216
4188
5793
19887
22437
2117
4741
6801
10917
11119
3519
462
5834
10803
48
2202
36
10831
1980
8305
306
156
10596
4662
12648
11506
272
6234
24462
9237
9363
4116
18767
5549
10036
22877
1379
25511
326
6729
13813
10000
16272
4021
1445
5971
11462
11402
13704
9015
9704
11254
6
1681
10870
3663
12389
16550
13892
10209
1681
1690
10848
8097
81
289
1
5677
1406
2009
5193
11248
241
11924
10084
4880
9807
15230
7758
4149
3661
3976
12718
841
9389
324
710
7079
766
4075
5929
14738
851
9904
5033
12394
9949
5234
3655
9783
19394
4412
7342
8775
4122
20478
11975
4646
7611
12065
2825
552
15080
1024
6249
1042
4472
5636
25600
13315
19846
7816
12661
13450
3834
1764
30
21975
5056
16132
9161
5632
81
14299
623
515
1909
14533
6200
2966
5584
3039
4835
8404
81
121
18152
1369
8542
5591
5498
1722
20781
15317
15686
3171
11290
10302
7483
433
484
17259
6801
1650
3460
16400
14669
17195
19586
12932
386
8143
729
10700
514
13216
5270
10857
9
9500
2909
19043
10209
15991
4982
2468
3364
15723
5423
2955
20518
11578
9832
2704
4421
13231
1303
13260
2386
5223
3308
3259
7372
22607
25
1579
8770
529
353
11038
2088
8589
7254
11554
3067
4162
14704
15550
3730
7268
20639
3314
5313
18465
1260
2056
23882
7864
8848
16304
13402
782
19040
1292
19554
14411
7741
11677
13253
8055
4008
11354
1464
3896
11876
11201
16681
17760
2530
8110
2660
6087
150
9885
16
1712
5331
4626
14635
9350
13661
1730
2042
12974
5657
8432
756
23231
12006
10085
4
20345
240
2710
10184
1660
10800
64
245
144
4531
11262
12106
2652
10789
13570
3374
18083
13052
5625
100
16213
12586
18478
8655
1865
9477
20528
5604
6850
409
19920
12221
411
20514
5163
489
22416
4724
210
2513
1640
9
13983
6133
13339
9570
12974
9812
24055
121
7107
1508
8184
2077
25252
9159
10670
26794
12432
17568
19174
420
14265
5020
224
418
13025
13858
9515
1156
2329
13935
14142
7748
2310
342
342
2367
13259
11508
7521
12411
4237
79
2845
11680
3060
3021
23341
5121
36
9621
4761
2734
3389
2729
5901
19446
4083
8344
62
9179
5914
8844
3481
9853
13319
13344
12880
3080
2766
14040
2036
1460
3196
992
403
12504
11152
905
865
4012
8898
5741
12362
12722
156
5705
7246
3218
12797
4297
15686
7917
7254
7097
2168
223
7658
17477
10317
14284
8192
13108
4732
4487
10408
13671
1022
13621
2636
600
5489
8266
2700
6867
24541
2
8362
324
26994
15048
11877
820
15222
6098
4825
110
1343
4590
705
2051
3074
7667
16
1855
3406
22190
9991
9775
9709
549
913
13102
240
13517
2
14874
1601
5295
11471
24057
9360
9616
4367
671
3259
9221
11290
1912
13935
5656
17320
2297
21406
2304
2091
361
1190
6668
2506
1431
2811
723
14619
1797
2565
14491
7938
2332
98
1102
2093
526
13942
4925
256
9285
1028
396
6218
7429
1194
4722
8368
23872
1089
12112
5484
8805
16562
18687
9602
2049
10409
1936
2482
11617
2425
4012
11246
9645
14781
17112
9106
5784
13680
9789
3545
13600
13840
2888
4714
1235
3224
8775
1924
1991
2839
342
1627
6158
2438
12810
9084
1173
2980
2127
2832
8639
10183
3163
3399
1535
2092
3280
11389
23380
14117
7857
13249
6675
7636
2549
2109
6081
16329
20429
5881
3158
17590
6162
1529
14280
784
14054
10016
156
13519
1513
1885
1510
1056
877
13166
329
158
500
1024
8797
1081
9830
2241
1958
11238
21760
1268
3898
9454
4063
3367
2554
3801
2561
16750
3974
12194
16767
2850
5262
2996
4414
8502
5695
9793
14768
5091
10942
6164
8940
12356
4261
2726
5661
10742
289
5891
1847
9354
1837
5084
2396
22001
7673
9934
4639
7175
2028
19590
1909
13472
14658
13305
8180
12395
8451
22778
20158
6850
16158
8269
664
14345
64
17706
13251
11233
5371
3481
9
24186
5973
13053
10552
7292
5755
12583
1122
2185
972
5437
62
12
10861
13727
12829
506
1467
3773
11957
15296
13875
3138
15190
6138
5655
5630
7625
2767
9739
6229
56
12507
8556
1930
4248
4521
9314
14605
20477
2139
12998
2076
11152
12602
3306
4149
25372
6941
17529
15931
2013
4616
3132
784
15560
6283
961
11643
12180
1878
5678
2115
649
18114
6162
6
2601
6610
72
19118
3644
10880
13054
240
2265
2792
3888
4037
13267
16704
10159
6627
8261
3511
1340
7709
1515
5595
6892
9802
10
3242
22189
2452
2139
6728
3481
10847
533
7097
10742
753
1177
541
13918
8446
13322
4892
12286
10060
17988
7987
14301
1263
1406
9648
3249
1764
7475
10229
23314
1478
2000
6938
2690
2
9456
14373
40
788
14416
3356
392
724
8186
4398
6645
210
1786
3813
3784
7139
7463
3833
19255
7767
964
3364
4051
10099
12240
13208
14980
14912
701
6069
1301
14926
9127
8855
8356
10294
5757
4425
10256
1216
3479
2456
6494
8403
12718
14247
8055
9357
8613
5534
307
14539
12929
3463
17454
7179
5675
10536
7505
8392
1089
12962
23163
12899
5492
9854
9996
6
9367
12581
8627
5017
5945
6485
1754
6861
11541
5440
8598
2866
1806
361
5390
24886
3516
3491
16082
19440
11733
441
2621
8376
56
65
6911
570
2288
7337
12951
484
8890
6865
8892
3540
9618
100
6601
857
7942
1470
11390
5314
3496
4568
6707
958
6003
14268
7014
2409
1640
9427
5681
344
6663
731
3059
225
7467
838
15474
7699
1169
2948
15818
1255
24686
12497
121
10494
1764
1555
6385
13318
64
5563
90
22390
8683
6
713
1225
3745
592
3403
841
3373
14737
4677
10493
2873
8292
12935
9116
20098
6
8049
11978
13458
4106
12525
576
3153
12547
16181
3092
3125
9965
2299
15911
15288
121
8978
578
7520
19829
11717
14669
21827
11391
1318
22366
132
1203
12614
6675
1049
15210
13421
125
699
11503
6075
2123
4225
10092
7329
5469
1
14907
36
12597
25670
14778
2
14504
11645
9368
4147
462
11274
5693
11300
3599
1042
20627
7949
19895
1034
4709
5077
5114
246
3237
7618
11900
3386
6721
4284
9690
6954
664
56
10998
4
7832
9492
484
16352
7643
1001
2670
1841
9708
3624
6607
4073
169
20547
11000
12422
3056
1813
10057
10398
6575
13282
2315
12919
15566
1128
10382
7932
13334
12922
16905
18333
2087
1312
1260
12361
4709
1263
2413
12171
4
13498
2153
345
9677
13897
256
12201
11447
16736
15447
9666
6641
11654
19063
10011
13090
7425
12613
12334
15102
16476
5114
14906
9469
8010
256
5674
4299
4943
420
1388
361
9778
2798
7277
895
350
11880
18085
1420
22399
1833
11855
1177
2313
20893
2635
15320
8737
3364
13088
8056
15275
352
13638
11926
930
10828
5735
1359
7644
1737
12147
3659
6217
4240
8984
10356
2864
7196
3310
7016
13490
170
9706
5252
16755
7482
9415
18509
9587
5233
14688
1407
8775
9964
3463
1183
255
462
4349
10783
16327
6584
8268
110
2206
20379
6430
189
6883
3481
6980
7711
4481
1366
848
1685
5699
870
3136
7226
13828
4834
4898
12110
2731
3646
1522
11811
15063
4604
8321
21831
3222
4331
5143
7673
2813
5981
12062
4858
10842
11605
9744
9752
11586
121
346
15026
11582
13132
888
15736
1817
10991
7183
3306
5169
1680
14226
3513
1122
484
10610
3132
7611
2598
7299
7898
8726
6498
13060
238
712
2925
11338
16810
15842
4927
2652
3523
649
7482
14045
11267
5298
801
9258
531
3423
14801
11143
5799
4556
9068
12638
7140
9916
7610
8011
2664
18573
2352
5692
2598
1179
1137
9676
12697
10752
16950
21926
15146
8135
342
15147
2568
13220
10480
7300
4617
2470
549
4694
10574
9448
462
6930
2123
7719
225
1680
13857
14660
12259
13759
10753
2282
2318
7103
21231
1721
92
9934
610
331
3547
1760
3411
262
606
10922
100
2458
19348
19624
5756
1444
4332
16864
18205
1077
11174
17703
2116
8039
9209
11348
5929
9124
16240
9767
5007
7870
794
9229
2162
8323
6193
5417
1652
2353
2075
552
1473
5255
27064
4825
3559
1501
9770
25
12251
6278
5134
3786
601
8229
7245
3621
552
5661
6384
16073
2492
5135
1056
120
6371
10326
576
8794
585
3375
7461
11038
1089
4873
786
13461
30
144
103
8116
1293
3408
1089
9230
4318
15628
3461
3555
16920
102
8697
6122
4933
5048
6332
9163
15054
10979
8518
8375
56
3909
10119
4357
754
625
24120
10598
11628
18367
3834
10388
4499
6420
11189
1190
15139
9608
12030
9474
10736
10158
5585
3543
3654
5571
14476
698
121
5461
653
750
14978
325
4210
4
13429
2540
7290
7746
2
13059
11209
548
1747
2602
7470
9464
10742
13517
3758
9244
15701
2392
7708
182
2480
1089
2597
16763
11071
16868
784
4727
12495
1646
8986
1939
1470
8078
23294
15014
5631
19160
1190
9925
7696
10536
11596
7988
6471
240
316
5247
2900
10796
10450
726
729
1796
3211
2205
6891
7208
121
9527
2640
781
13009
8206
3842
11975
2386
449
2900
12329
110
6806
3718
11025
2049
4367
10048
4201
5568
8863
4510
1699
18862
196
14047
15556
6350
15059
306
2521
10624
16741
1122
3565
49
756
592
10996
17872
3776
1565
9207
1877
9725
13808
100
3356
9477
13201
16208
1501
13674
10480
9596
8651
4338
8147
6047
650
8776
9450
1444
17086
4604
6297
1122
6348
4832
12546
4855
9327
14067
100
3192
9664
3426
3963
1561
576
18036
2317
5711
5128
12639
576
9325
1663
14881
6572
183
4556
4491
12820
8611
42
511
5900
9140
2837
14080
13286
20760
9756
9106
5853
18962
3137
11458
4941
1332
18076
10470
638
18229
2325
11587
3508
516
7693
16507
6343
14173
2005
9668
8930
12229
447
6813
11031
10724
6471
49
17770
342
3391
5265
9696
2218
5671
6206
12722
9346
8504
9973
8703
406
25
18728
6404
14622
18635
212
2027
132
6871
1853
49
3707
503
3900
5522
16758
13103
12516
3078
1280
14737
8077
12001
10662
108
14512
267
4348
15191
9862
4556
12729
11581
12063
1420
3350
2
6074
6249
3550
6659
2506
4177
6605
121
6777
926
8053
11022
9564
13226
11595
15754
5699
1306
2087
12216
19003
17969
3897
12069
7507
2913
4752
12387
9663
1046
11113
7775
1024
947
10566
11903
9464
1566
6459
26055
144
926
6
3007
11926
6757
11617
404
1493
6318
934
12754
14871
2388
441
14446
12385
3370
150
1766
13231
13494
3908
12107
4986
3923
8888
12359
2465
9470
6104
380
13955
3792
127
21334
14576
5185
9656
9672
13546
3517
4942
14961
19602
8707
11916
10417
6833
11350
5715
13127
675
8076
9164
2129
1564
21810
25701
7323
8745
12798
6229
4607
3081
22120
2704
600
6460
4856
1736
1225
895
4487
4926
285
4743
1855
4119
3201
975
6579
13788
4345
3412
5034
14254
3011
4895
2675
24166
225
9929
783
12794
2153
5217
1169
9564
5195
3583
549
5603
10912
3337
12084
14312
4048
299
5184
11134
13991
12249
30
15197
10918
11567
7532
812
6983
9542
10602
4122
14063
6860
15212
3277
25
11851
2850
756
19347
8543
5424
16422
21723
14705
6197
12745
3990
9441
289
8245
4901
3531
6597
423
2067
16630
774
1551
5180
1676
24381
6897
10051
30
4615
10856
1869
121
4175
1853
11203
13033
13159
529
459
554
6773
3143
15678
1815
5441
4936
11765
1
6263
6840
4891
1651
11067
1558
9202
14179
12625
90
5075
5631
547
7778
14497
14195
3316
9422
61
9213
23985
4465
1104
19215
676
76
1819
3237
8150
12086
12086
3434
1774
16681
4418
13518
13871
4925
12311
132
10169
1873
11268
14420
7168
13613
7977
12848
13251
19988
3405
577
14628
23445
4407
441
7799
4328
6262
6352
36
301
19504
7945
19545
4960
24138
22013
8619
33
8878
1341
2524
14482
4868
8370
4282
2241
6871
272
462
8505
64
11695
1
12474
10046
5190
12730
6498
9023
1482
13336
6223
361
12609
7783
2386
12712
10900
14849
31
11480
1024
11250
6465
3660
3642
17786
2970
12633
6576
12497
7717
3346
10525
7330
110
5543
13710
4788
18046
2633
6120
293
9604
12044
11945
952
2855
18536
4884
12198
13396
15565
15811
8650
10687
5372
4686
2029
3887
3511
4960
7642
4913
1893
3360
2603
10938
13639
2916
6470
3206
1866
20209
6340
10377
5907
17558
3492
926
9687
7427
684
14328
975
15882
8197
4885
5262
10043
5924
1111
3237
7017
3046
3729
2256
1340
2916
12505
17334
1406
4972
4292
4404
5489
11004
21020
7024
10022
9452
16427
4637
5187
22116
16994
11431
16373
9478
4919
11224
620
8494
6151
9510
6059
8068
10850
1472
13257
9854
12871
121
6000
12589
5145
20727
3494
10926
6309
4522
90
5460
124
31
4422
2721
5338
478
17160
506
10019
3572
20627
1225
22234
6553
430
734
4386
9190
11232
1915
579
484
13281
56
8382
16558
5686
16631
8087
4997
10421
549
14061
3594
4255
16825
6
2149
10196
10808
12996
7779
6276
69
8941
16093
17600
14836
5826
42
352
6611
14986
12373
9039
9994
10936
1750
2549
342
8074
5239
5694
5379
5047
15712
7312
1227
1080
1800
4890
927
7297
2606
2
7227
6248
16
6263
10557
25
14437
12658
14938
1546
3981
4198
3074
4460
3124
3853
6383
543
576
10023
8033
12120
9038
12182
9501
318
14374
5118
7015
25860
12627
1181
8609
1834
1320
3794
324
1062
13565
5875
4987
7892
8263
18838
7343
7685
16546
2759
10064
11512
11916
12172
13551
13475
787
10442
11654
2753
188
10273
17895
6550
4061
13651
2632
9580
177
1225
6409
22986
3428
12004
7259
9646
613
8328
9658
3080
6487
12836
12225
10046
3769
25
4704
17138
9782
2321
14114
12151
6581
56
7619
5528
17628
8688
13147
1024
5167
870
7619
10777
3195
14256
6913
9739
6
21187
7799
1846
8956
6807
975
1607
132
12202
2446
1491
2337
15945
8947
3923
3351
7693
17525
7214
6015
42
3306
15128
1836
4199
1225
156
8484
9803
22123
825
1820
3766
3660
400
14193
9422
6839
5022
13174
15136
5271
8331
5128
4874
9599
10696
8031
5925
15705
272
2070
11418
7090
3907
1190
9554
4795
11742
9371
11457
7384
12715
15463
56
4117
5778
16494
7797
3185
14455
10254
4914
1451
11330
6
2576
11097
356
8230
4169
26605
7779
12037
324
1895
14614
4145
462
11731
7511
19546
9782
7722
5429
17581
12744
11815
5775
4791
16048
14759
7769
50
2162
506
11780
13359
1082
6551
23188
3800
12876
9640
20900
5829
10138
355
9341
7307
9806
3834
19
4826
3990
4382
7286
6386
2469
3802
13810
4123
1999
383
4782
4624
8134
11951
8202
6643
6009
12
9441
9920
2846
495
12495
11445
240
12849
527
2462
2418
13698
12985
1481
10196
14182
12973
4326
263
3637
1640
5030
4102
2934
11121
10764
9457
13116
20342
10434
11193
14955
13763
7845
15794
1192
10323
14200
19554
9191
7272
3198
6222
3785
5962
1098
15532
23240
4096
17617
432
6480
22169
49
14922
1054
12553
2705
1705
14542
13440
400
6
121
20084
11141
8013
5982
4456
19883
3135
7945
14806
8691
13240
1190
1181
7989
1056
17561
1531
9830
49
7347
2448
6541
7649
12625
7865
2606
7069
11856
8768
132
6788
1482
18277
103
24227
8248
247
1533
4950
5828
6531
12326
1729
7061
1540
4168
21216
12404
1850
9974
682
7151
3253
19236
1190
9741
2082
273
5225
12223
6771
11601
584
7396
9866
4401
15920
882
121
556
10123
104
6726
4880
13150
4826
1665
240
3891
13498
14132
8724
14626
7928
2386
12831
15230
3566
11280
4422
21135
5147
13210
6609
652
11767
12647
1468
21830
11414
20796
4631
15163
3792
9691
1027
13708
12375
6035
17357
13444
3873
15776
6207
12898
10758
86
9287
784
1056
14287
4453
13760
2841
1145
156
8847
1595
10076
7006
1143
1607
9686
1598
13842
2211
14740
462
7250
6724
762
756
1466
8176
2741
15432
1533
12959
420
6215
13233
12480
9002
4196
1380
6
1684
15221
3306
199
9315
6540
243
4922
5436
10613
15263
10703
3242
20494
1104
42
14402
7733
20
1607
15046
5169
15207
10030
841
12757
16600
90
20827
3052
9384
1618
12443
10602
11355
1215
3807
7723
5406
11916
4457
6159
2
9890
6244
3316
930
12056
12924
420
7672
14212
5365
10433
10675
18315
939
8279
473
5900
729
12733
5917
16037
2145
1024
12543
4882
1936
1597
2289
10659
2334
27492
5282
7877
52
15478
7536
440
3281
137
14291
529
4094
15409
11483
9363
3913
13208
3709
1194
4871
2035
5809
18836
5549
4021
13158
16213
4473
311
11498
6821
1101
8340
17256
2272
1933
1040
481
11829
186
7853
9029
451
2087
9388
5054
10189
8089
6112
312
333
812
7893
1658
420
11125
12389
19945
961
9975
16435
17765
12031
14445
2558
14373
9496
9900
2088
9515
5566
5063
6289
5603
14380
19491
1291
1664
9914
5685
8754
968
4
3438
4799
7919
9181
240
517
4512
1510
707
12587
2742
3604
5325
6798
5284
18315
3692
2842
19814
15845
25
18818
2074
13651
225
16488
11579
14234
5020
14255
4857
10048
9909
5446
12972
10452
324
5410
14591
13222
289
13012
36
5211
227
1284
13486
7135
6468
110
11626
9153
14372
16674
1952
16541
10987
15988
90
4982
4676
5653
18396
12290
19077
33
5244
22261
6
1676
4901
3656
8523
400
784
13495
7220
12133
16508
4
3127
12562
4952
901
2613
4059
5032
2678
5160
1177
2291
9869
2405
19198
11548
9994
8359
1915
14589
1266
12849
3537
6671
13323
72
10876
4032
745
30
11707
1681
72
446
2809
9574
787
9861
12277
7498
3685
738
14672
144
380
2489
9087
4879
4556
10934
9420
17425
794
6161
900
20
3592
15223
240
5867
7140
13094
17358
2033
537
472
3898
9901
326
21912
8649
7952
24447
13604
1029
16400
182
20394
6077
10956
1309
10173
1940
2873
1566
5406
4902
12921
11431
14547
1004
6837
10656
6468
12692
169
1599
15052
5397
12858
3613
5501
1855
6084
10794
121
7689
5370
7780
9932
925
9627
21910
4817
4484
6359
10052
14894
9815
81
3174
10136
11069
1511
19107
26
2477
22333
6544
4568
13116
9513
2080
900
10582
10421
16
132
14858
10882
1387
27680
16615
12733
380
14534
3224
7708
3240
3802
12525
4804
6084
1531
5203
68
17789
14770
289
10614
11890
23397
14308
272
11904
17143
5716
13965
12355
2113
1646
709
5329
7059
4121
3610
8140
12769
10139
558
710
1910
9606
145
9796
658
5502
6464
12728
11801
8171
16406
18
12310
17976
12846
13368
1482
9455
1024
3399
7441
3473
14839
12045
5623
8413
676
11444
4539
14196
12316
5663
1869
380
5723
506
10684
99
14456
4
2733
1237
7341
2298
529
1636
3902
13589
2750
110
714
11882
4978
8451
1825
42
12551
10645
6700
552
14688
6112
432
4275
7187
3412
9471
17189
10837
6850
2401
9095
2748
217
7153
5682
5086
3811
13980
1961
6493
6952
12441
10443
11815
3810
2507
223
14898
9767
56
2123
399
4089
19106
72
1838
8680
2501
15850
13205
5331
20863
4948
12
5129
903
3714
8190
9543
13353
16316
3736
172
7728
110
12458
3551
11577
10464
4594
5957
15078
3847
1387
12722
1595
6397
18795
8418
4581
6
870
14197
2689
2125
1521
7787
24945
3171
4568
8951
16167
7473
14882
9662
6780
228
13827
13545
2057
17480
49
13434
16253
2339
9587
7739
5289
16322
5
10617
11272
11751
11121
10485
11058
2256
12
11282
2467
15968
9762
5299
115
1867
8169
2248
9796
2656
289
12264
11499
3422
7194
3174
12024
11839
4758
5817
3306
15475
7312
6419
3989
2450
14029
9408
6753
9054
21010
2276
18646
18
1226
2685
620
5070
8317
8618
3407
2843
4971
4028
4160
19727
9640
446
6625
4113
6743
3666
13779
1467
10613
8595
4
2251
12918
4485
18498
14802
4366
18094
21475
144
1122
5551
9016
20820
5087
507
8511
7
5978
6783
6685
11474
10387
18859
12201
5970
3907
12461
21714
676
20034
13094
1640
8171
13400
6610
3738
2625
1853
16710
26481
3622
3978
1872
19865
650
5112
3616
15301
2192
6372
6123
7461
81
9661
3191
5879
15538
7960
12935
5044
4930
14229
3377
351
15031
9986
6370
1126
15978
726
10945
3841
14866
3411
7787
13048
9483
3777
13968
5871
600
10987
210
12764
6
110
995
22925
2399
1891
1101
16422
14454
2177
11963
992
1709
9771
292
2151
7401
2340
24817
2673
6770
2
13901
13801
2891
6515
14188
2300
16
896
3080
9436
6700
7718
4912
221
4262
1573
7571
81
1641
2464
1084
11253
9941
156
7177
7268
13983
472
1218
13809
5041
465
484
6364
9224
12907
5048
5954
10135
3068
5019
9853
4899
11295
13087
22956
1123
361
3867
14893
1497
542
14143
3626
12858
3971
9044
4270
1761
14858
8421
148
1947
17243
4810
12375
13202
1315
12205
6613
20325
734
12106
4630
2386
225
3485
8576
3270
484
5586
9272
7665
36
19275
14113
7805
12400
6169
11655
13465
13347
4463
10263
4977
12853
7952
12766
19076
2720
36
24104
8254
9054
16179
7508
10002
13676
1764
8165
14315
3254
22533
5497
729
8238
1444
12955
6841
2091
12982
3386
4
2861
12761
14898
11531
5238
10503
12
19101
5686
5472
380
1806
1933
156
18882
9301
607
144
946
6601
5283
3375
13875
682
2306
2951
4109
36
9887
12989
15572
2809
13839
10478
870
3845
14796
14551
13925
6829
3417
12938
5047
8665
4820
3622
11848
9520
6177
10952
2533
601
4703
11623
8176
3294
594
6256
7082
6602
19129
400
24887
4374
808
11953
8131
1126
266
16722
13568
8608
15285
386
194
15196
3258
1122
1945
967
22079
12703
15791
3661
8515
1995
3522
5480
10631
2922
16750
4253
2680
7659
9367
7481
15703
1558
14822
14838
4698
9394
16094
1274
16190
5237
13165
3033
7972
25
4945
5958
13457
6173
5553
520
6170
3161
2315
17426
9643
6791
22038
8081
2490
3343
729
3027
18134
2275
14458
13079
2549
2304
3179
2734
60
13521
52
132
10510
7058
3748
10097
4623
10259
42
17984
12985
15428
10327
3904
4591
2553
16936
9900
14351
12615
4141
8243
10232
1654
5556
7071
128
56
10655
6387
7318
156
8802
479
23378
6356
10760
10868
6878
400
2833
19135
609
1147
2062
10464
4454
11239
246
13049
992
7865
5858
2209
11882
579
14148
15375
13358
2120
17628
895
28
9470
19700
1963
9426
19623
11738
2325
3249
9115
4529
19418
4356
15312
5440
6042
13436
10004
4042
6542
2989
15632
3068
14316
393
11
16499
7579
9085
12777
481
9632
18453
886
12485
10436
6805
350
22669
867
5900
89
4771
1733
13448
7160
10371
7717
10004
10294
983
5229
16038
11025
10044
441
20143
7952
12739
6229
4192
21861
2394
9517
7855
18390
2
144
1027
2500
1849
14182
529
16230
12924
6441
1581
9660
14144
1541
631
2853
20796
1487
14474
1122
7811
5038
2025
3030
19749
30
3326
2
4720
2909
3859
13469
1001
11364
3743
15002
1745
1372
15242
2342
894
49
10423
1569
20616
23493
8967
5255
2162
3424
9909
16020
182
6176
4283
10704
5360
260
7297
7377
87
13145
7054
25
5457
1196
25
5717
8081
6493
13149
1601
278
17580
6905
11073
10835
17241
6438
12610
10484
7134
8455
13634
361
12960
4328
330
5047
4356
6253
2114
20436
1442
1988
12474
1738
309
10794
3303
3574
22
16896
1190
12987
3413
19126
30
15616
1240
6451
14207
7847
3577
3080
12812
1653
13626
9706
10235
1900
2072
103
15850
466
890
576
17505
7329
6381
198
9464
8679
7129
10461
5254
9978
1826
8598
1350
7643
22754
8263
3817
361
9264
12945
3834
900
9172
3420
15714
1246
3080
2562
11568
3484
16278
1518
19810
373
4225
9171
6476
10884
600
6241
3450
599
23694
8336
1561
19791
13429
15350
827
1045
8117
7386
8954
4960
56
16286
9572
10380
75
4624
16310
5023
11886
4549
1429
3311
5261
169
14518
192
7656
11640
2908
9743
5574
166
15208
17831
5730
9366
9079
6
6359
11100
6446
6636
4377
6911
3981
16
6836
6129
1521
6957
9569
10672
5854
15331
2927
11999
426
12506
2696
16690
13714
16537
4
9669
2693
1419
7667
156
9365
8583
2970
10994
8672
15234
15879
24540
14592
1214
8888
16068
3027
13746
90
450
7940
7548
378
3617
22746
10874
4256
5910
2383
8272
2788
5609
10034
11575
12240
9471
17305
3184
4187
2490
11631
9590
13072
6357
12969
5409
12404
342
13927
3734
5039
7514
10947
14829
3915
208
10282
13528
6373
11824
9788
1849
10342
13362
6647
5186
2787
7624
7864
9942
4475
57
5402
4587
9395
5019
11369
650
12286
3754
2116
196
5360
4248
3233
5885
9220
462
2598
23990
1456
3812
3149
15205
11053
1862
3098
16262
20580
3195
14384
5895
2055
3236
7850
9451
11192
6262
5896
18121
1525
23336
7046
11703
10800
476
484
9094
3320
2021
988
6297
2171
4037
15338
3249
7647
4776
3221
7899
9204
883
2857
15150
49
9757
8190
12591
13447
6320
11305
3662
9105
10170
13440
16450
10536
15887
3540
11420
25630
100
2070
12593
1707
6697
1755
1612
12659
6561
17517
727
11429
10633
529
13166
90
3808
22139
10779
756
4323
5275
6353
2704
6777
409
15224
293
5523
2809
2873
9372
6376
7871
947
12352
191
10519
2719
16372
6773
5558
5888
12723
2351
8110
5245
240
16
13040
11199
4711
9420
9692
152
7377
11496
2061
21923
6504
8050
2278
12972
16092
1748
13521
10179
5472
1609
1846
1225
12989
8641
11962
7064
6857
16926
5919
4911
20554
16
8234
13802
7528
5382
6695
13211
4651
3660
9208
11618
24455
1177
16933
10691
812
8133
6063
13188
4730
186
866
9232
4993
7232
230
5149
9165
3139
5121
12531
16838
11181
7728
12708
11462
19072
2518
11690
6392
2127
6
9328
10549
7595
5061
6353
10269
5029
3187
5532
12116
10661
12741
308
3169
1781
19330
4407
3486
22615
16419
1807
5086
5832
16903
12
8603
16245
14490
6137
10232
2756
773
6034
14274
3687
2585
67
3825
6560
6724
8808
9200
2125
3266
14636
7594
2005
2902
1156
5345
2071
12590
16806
12254
14989
12683
5313
5731
12058
19672
6359
13553
10316
2891
2064
2208
9768
9483
1107
19159
1314
18809
10177
825
13428
14428
25160
763
9375
7771
14258
20008
1369
12860
19965
1979
14455
3590
12552
12012
6450
11711
353
1369
11259
20807
8006
13
12208
20666
3035
4169
13592
1538
51
3458
8974
14581
1647
5570
3822
3947
19239
858
182
5049
1268
19409
4540
7459
7908
7319
14078
13875
23329
10808
36
28156
1117
12930
16057
1942
6417
1472
10405
426
6408
4007
4639
3669
11374
10954
11611
1429
9486
14125
4181
7390
982
13023
4110
2784
9811
10982
100
2489
2538
20205
272
494
668
1
927
7460
80
2500
6501
1318
2
4841
10715
9027
1991
12408
9152
27029
2817
13084
4688
1477
8290
3630
12689
11560
9936
5488
4270
2691
4941
5784
3433
8360
5173
14983
11235
4151
14273
2
1387
7995
756
15637
5095
12905
15704
8948
2273
14817
12270
4884
1447
1578
6675
2173
12861
2959
11468
12652
5048
2276
2890
9955
15830
16947
25966
1757
3310
1514
778
49
1490
7327
9647
12936
22988
17835
9477
11062
7396
693
4238
5412
196
9722
1172
30
13694
23769
6814
1024
13778
1985
1421
2465
23910
7267
3900
2455
20
2529
6062
8503
9585
1100
7257
3874
5413
1070
13235
9473
3734
1683
937
9694
1024
11803
7013
14218
3061
20870
85
2100
779
14124
848
12006
56
12201
2
823
1806
3153
4557
729
8826
2761
3812
242
8117
9702
2587
16650
5080
1560
14198
6299
14305
2002
12374
1151
1902
15927
14025
4512
5186
3747
361
4456
256
256
11083
676
17709
9466
10966
4759
5631
365
132
11049
600
10214
314
10826
2970
18975
6405
4330
367
3731
597
2205
5554
110
3784
6327
17789
11499
10811
5358
4871
12699
7316
9487
7853
26403
11210
1594
16580
144
496
2237
3848
17493
9881
7609
1555
5491
9676
15280
13789
13291
8696
11438
25
3906
22594
2198
676
18078
2644
594
5816
7388
4605
47
5216
226
11854
11210
835
7841
9421
2378
1022
400
6610
15650
4159
100
4421
8457
4859
2502
400
2631
3249
12407
5376
3611
1858
15082
1681
2500
3006
13370
18085
12559
19903
42
13891
9908
7326
13017
13921
4
5301
8476
9295
1122
13418
6326
441
7451
23463
6806
7826
22864
16154
12334
12965
14161
13828
2765
2675
333
2501
2909
2452
14702
6579
49
3931
110
2419
13195
5074
9197
1590
7532
23937
10072
1560
13914
3235
1271
9725
10575
18916
22727
1168
6908
6099
2059
517
2925
10836
6362
10025
207
19245
3192
6646
9407
441
15318
6169
11781
7477
7804
1024
4503
5228
10921
904
5461
169
529
14394
131
13430
6507
13783
18399
992
16039
8432
10978
8996
13055
87
19470
529
1306
25875
1082
18278
3433
8769
9271
475
14321
10550
5341
14434
10677
12267
900
2249
3202
4476
1069
9140
9255
3771
1979
16
12307
1482
14526
7177
10712
5282
6769
2304
8942
9516
1781
1134
6459
11088
12384
81
26236
16154
15810
12518
6938
930
90
6267
6
8945
1369
10752
12198
17174
1506
2754
6245
8853
13558
676
3341
12189
10439
6046
5711
4017
2503
7728
16260
12714
9487
8592
380
4460
19094
26753
13716
4
14324
7458
8781
774
3522
14284
17134
22578
13305
8113
10733
4681
18224
4879
6323
400
1057
296
462
16073
14689
10091
8947
6543
4994
13011
3522
2947
2304
7950
10760
4857
4109
11448
8013
2208
5830
4
14508
11529
4472
3189
361
986
4697
13420
9310
16761
272
8270
13169
5137
8145
13929
8289
12937
12860
42
7044
9058
7998
15173
64
6333
5565
2455
3224
11444
115
7723
6072
8349
12
11899
3416
11768
3838
625
5776
6941
8286
5377
1281
21784
14165
8156
2540
6373
10215
2654
13736
2123
3603
2003
18060
14093
812
10043
12675
1069
651
14709
15240
6599
4830
20
908
11856
14856
5808
5067
350
4559
21219
14510
2116
9056
344
327
3517
12736
17165
4451
16712
568
4920
289
12067
1047
13350
996
420
2049
2401
5439
3021
2663
10900
17278
5045
13074
8254
11219
6032
8064
13833
21569
121
8119
13084
2601
36
13316
1551
342
20696
484
20616
12988
6354
327
19832
941
11820
20574
18756
10022
4422
9889
2446
24860
9751
6874
20804
930
13714
1870
169
12559
9344
15563
14402
233
21889
1640
977
6721
30
4722
1814
4636
13535
8622
15686
18917
2910
8920
15040
3425
9304
232
4955
15780
9160
12520
1215
3895
16873
11196
9006
13422
7884
11098
2444
784
4565
15236
1802
6402
5638
1538
2739
2454
4089
15329
21377
12
3691
2400
9045
16999
12320
10830
12216
2402
13239
14809
4416
23081
18416
22040
5565
5300
11394
3721
7764
20
11842
9901
3658
9165
1021
210
2270
361
24002
7330
105
6607
3277
1010
4142
5022
8305
5590
501
930
144
740
278
3566
8347
4312
10617
7278
8456
12932
330
3264
15488
14456
14002
64
10443
10091
345
12602
2742
10730
13958
3025
12837
5258
5280
4589
601
8631
17858
6791
9696
314
26250
1764
110
16635
4090
2682
3381
8559
2740
131
6639
11699
6814
1972
11346
8335
14686
13495
21114
11486
547
16526
4968
10772
13602
5088
4559
1924
9112
8027
3750
225
1470
13401
630
5044
3794
363
7375
878
1956
3235
625
4844
6282
1580
600
11937
6391
837
414
360
20817
521
16914
9
7479
2353
7367
3555
2809
13155
1807
1176
4316
12634
2171
362
289
6001
12409
24201
8437
2652
7742
14281
8144
900
8295
4917
110
8581
8168
7654
2023
552
11018
3841
3352
4416
13238
14192
18725
365
12847
8757
1190
2022
4396
7217
324
14342
12283
10221
20812
8643
16839
3966
14158
14161
2596
3403
859
6095
8149
2655
10430
1015
8566
11374
14173
14056
3779
9765
10858
11326
4145
11149
17645
8264
4617
24454
9631
14627
3180
11659
1109
8206
1669
15144
12899
5132
13050
4605
11740
1010
5639
3781
12677
2070
12362
7915
1920
256
7759
7056
11821
1770
10936
18314
7445
1122
3263
15313
2757
6572
12772
1608
10824
4651
10451
1865
5607
15694
1346
5451
7081
18719
10658
22893
6188
9824
1583
9611
4577
11933
3840
3181
3366
2623
8701
5456
11028
23352
13918
15783
167
9334
2162
10135
8100
5848
8349
9150
10749
6391
2126
10993
13772
16
10301
14998
4899
13277
274
24242
2889
887
36
2410
11408
10405
601
9705
14256
6474
12
14846
1341
12756
4770
11972
13226
12663
12779
16619
9637
14658
7666
1937
2600
12146
14521
256
18410
14177
10283
14554
5087
350
8828
1936
1459
6863
919
2046
13145
11769
2331
49
16984
121
4161
5220
358
11471
16437
5232
23206
1817
702
3478
6544
2256
18941
21469
6461
4007
21714
10765
2025
13132
6345
9446
9463
15472
1657
8583
4073
19044
13966
10234
14347
87
1655
4372
3071
6238
2837
9217
8616
12862
2592
10080
13780
2490
16984
3578
9114
6443
110
4067
6791
1219
23806
5120
6
8583
17438
24284
323
11891
15463
16372
1681
1149
3937
451
5011
270
20647
1959
1764
18221
9900
9340
10087
12898
1469
16993
5097
4958
1616
6465
15081
915
7005
323
8356
1067
2434
522
132
289
132
1764
8215
3451
7847
6770
14411
11841
9834
2827
12536
17639
3811
3782
1865
1995
8338
1265
14304
745
3356
8335
9100
3206
4970
1575
3994
4336
2381
1406
6038
2187
2981
11791
10072
19874
15066
1202
19545
14387
201
1579
2535
10290
9780
14131
5524
2452
1508
25
6901
7913
8938
7552
4118
6783
14939
6869
13849
952
1440
1521
19639
11111
8233
2704
13524
8345
8793
345
10726
9933
841
8814
3980
527
10819
13721
7310
12346
1122
9723
11367
17813
24383
36
6931
703
7646
15158
17
3127
6041
292
3314
14539
7451
1332
4694
12
1733
1952
2490
8544
25183
17991
5487
13446
6119
4925
9211
3667
1952
14172
8828
6158
13072
6249
4632
132
81
17563
3717
16740
6506
8336
19663
3993
9728
11292
1372
12
289
8187
2
11519
8233
10514
479
17245
5124
2161
3153
8220
4884
81
529
745
10582
4880
6028
6653
22035
18623
3330
9951
2250
19099
15324
4212
12584
10573
1084
2704
6992
702
7064
1989
118
1489
100
13764
897
6951
3617
4769
10384
2356
11620
10652
9053
4213
121
5369
16
1633
5254
1491
13110
703
3653
14321
19028
9440
380
14208
15097
2362
8080
702
5579
6523
25653
2285
4414
7343
1369
5297
16512
14321
30
855
5538
11785
10875
2
31
22537
11392
2
15928
14844
3894
6447
5673
9443
1332
546
144
4817
3576
2007
17045
14408
1332
19524
11644
474
13330
7828
8314
15151
2871
23529
1225
9434
8600
10977
8329
20216
12557
3144
16959
14524
12777
384
4776
16307
8590
7160
7124
42
22450
18122
2
1741
2992
1820
647
208
11514
13741
3266
2205
1406
2882
571
6364
12466
3542
10422
2355
10540
7204
8
5308
14889
506
859
5749
12195
19080
6752
15266
5497
5456
2465
484
361
6102
1696
11608
1122
10734
10026
8574
2782
7261
16255
1806
14402
11943
4766
14075
756
14760
1214
2233
4975
10561
7805
240
10479
4129
18675
2776
14213
2094
3057
9488
11111
7360
549
2334
13617
5600
7307
3572
14157
8475
3227
2550
6824
369
16206
9848
7364
6971
802
9324
13891
2942
803
10749
1252
17853
3660
12715
3605
5959
7476
6605
16789
156
13431
14778
885
2366
420
399
4911
13174
9455
4969
4443
12680
6816
4883
10361
19820
9429
5855
329
11824
11421
10412
2187
4244
14203
3
2887
21933
23244
3940
7659
14877
13821
11692
4290
4266
16035
10565
16
7549
6154
12646
2774
20965
8275
19326
4513
35
6893
8265
4773
360
7401
1924
1162
10560
321
3524
5850
38
14300
3133
2032
11011
961
10815
9468
3657
17413
2333
7158
4852
5334
12734
14464
412
8074
9176
14968
182
14990
314
1965
17899
23567
1764
16076
15866
13015
12114
1845
10409
6299
1383
72
973
7399
900
3731
1482
6047
3995
5039
6637
3051
5063
3054
9728
2058
10986
4448
1507
4656
13316
1369
9213
5572
7598
4395
169
31
7924
4043
3393
4081
15865
2881
16718
3728
81
1193
13056
10961
4511
5379
5508
6445
4893
786
14855
5058
9386
1806
13274
6150
2041
8625
8846
9532
756
484
937
6840
8279
3127
14849
12928
12604
456
10130
6403
5415
9280
1991
17336
622
2145
2728
2340
148
442
2008
15746
12260
2341
18612
13156
5955
19932
11402
2641
5112
14866
1663
4489
16156
8578
3797
8190
2376
2352
2690
7931
22470
1260
10641
9891
9005
6544
6791
6044
1225
4383
14842
2147
16139
20522
8994
6246
1774
2023
11817
8340
10517
9560
16
5847
20
436
20503
5050
156
13844
96
12800
14635
3216
23
15316
830
10537
121
1975
210
4036
8718
3276
11698
10056
7532
7946
8500
7752
10909
1332
6206
3862
12579
1378
13661
20560
12646
4
3189
3727
3388
7552
16461
12653
14345
8407
2069
884
14299
7929
3221
15196
6098
12
13878
17362
2282
23214
7110
4156
6675
25
5582
13574
5506
23334
2065
11821
5818
6663
12342
11336
4268
13892
8658
669
5306
3713
144
8188
5662
306
552
7207
3970
6646
10027
6471
2549
103
5879
11578
11129
11406
11870
15385
132
3750
4970
4327
81
49
22498
8649
7307
6163
6445
12489
1188
147
3376
25195
93
169
3984
5700
10796
784
13949
13348
625
13979
18824
12628
4645
4921
279
5032
22167
3830
15911
11523
19182
121
3074
16115
8039
5053
2982
3479
11557
1
3819
10265
5498
8228
3485
9894
10975
4762
246
1595
22414
3602
1369
5450
106
1669
3676
19182
10748
13283
2122
225
9384
13168
24503
13254
7743
4810
7780
23558
33
8083
12163
17216
11988
11542
5720
12458
11310
9107
5708
22221
7183
13611
734
2103
17750
2179
1621
51
14872
2973
2852
2025
11378
4838
8632
3162
14983
7428
13608
1640
20162
650
13377
13468
15505
6574
18131
4548
14263
11362
3220
5674
7196
14132
11754
3798
7487
46
2787
1451
36
9234
10805
7834
4839
13261
23483
4881
12559
8973
3041
5554
9629
5318
10781
2756
90
9921
9780
441
6089
49
3742
5006
10028
8568
11797
5867
49
6418
527
12260
20059
14776
1922
5959
13719
11114
3530
7781
15515
3588
7004
14006
244
5443
5007
600
3056
25
7800
14973
14382
2507
13133
14510
2461
7838
21623
24968
16677
225
784
390
26
2585
13824
16763
7375
4475
144
268
19
17760
13058
2502
9911
6570
12191
9849
2842
3844
1957
6969
2552
12651
9924
3535
196
2596
14492
12815
8624
13413
12110
258
5142
11569
217
1286
13264
7905
10738
12141
10652
5594
10210
12624
13965
13533
2226
9282
676
7887
6647
5157
2628
7109
4175
4887
6925
12624
15017
2225
3046
341
8175
4838
529
9754
7988
14383
1834
4224
3091
9654
7899
1247
7961
5384
1522
14150
9439
36
6471
7185
6917
5259
9743
8871
19344
526
961
123
1412
144
2332
15586
400
11680
3059
676
6704
1942
9168
1527
7648
10503
2737
121
3212
418
12975
182
2166
6842
4554
22262
13366
13825
8929
144
1117
4493
2846
258
2079
7446
22765
308
20229
1913
7074
316
11770
1493
441
4544
13257
26089
954
13308
665
2423
7885
13666
12850
11995
12717
9353
5819
2342
12326
22436
21285
9329
5235
6084
12961
13691
1712
6292
8136
380
303
72
9028
1613
43
4126
9710
8227
6840
1640
17270
5910
10152
1242
7061
15319
10031
9572
18529
7135
23391
2955
12725
8072
272
13136
1289
13549
3902
8939
17156
5611
1056
12609
11562
21638
2235
2848
8555
644
1274
13334
210
11141
5882
8680
5127
676
725
10059
1380
1948
18160
4865
16261
2352
8344
3520
7878
742
9645
3772
941
10381
9783
4046
12126
14420
9840
7891
240
4609
1014
4571
13113
2279
30
4002
1062
3108
7655
266
12450
7605
1569
330
10201
10867
12331
6976
4250
15894
3267
4487
8692
4997
10247
700
8869
3058
10676
10567
110
16130
9054
9208
7702
7607
3570
3750
2857
5018
5270
10969
10462
13428
7313
2789
6505
9
15076
12166
10294
4275
5348
1027
16492
27833
8303
3266
16425
144
11172
22838
6405
14395
3349
110
11645
289
1309
1781
3465
1557
15506
5411
3821
9147
13784
812
132
4633
12041
4185
19679
13296
12570
7315
4010
2059
5164
13751
1362
15955
240
3629
132
4797
4637
12926
10099
9432
11005
256
11726
6778
1369
23301
21231
21268
3099
14260
441
19127
13051
1787
18589
6755
2352
4253
13375
3375
7020
410
24425
1693
2514
64
658
10991
1903
2162
9449
2472
3470
5708
11481
16286
15926
835
8566
5980
882
1024
2439
3020
9843
812
13526
6310
11810
4250
15564
7233
1862
5654
17475
1386
3608
13650
5339
1524
2782
8416
12813
5973
12365
9631
7189
664
4955
327
801
9665
7732
10682
7635
2510
1029
15236
25
4607
1616
1014
13035
23568
2697
1193
484
7189
21162
8717
3249
6553
17587
1420
4114
164
1444
1941
5739
703
1596
5358
8061
13949
5745
12252
15474
10766
11652
5701
462
6561
13589
10231
6787
5920
3449
13987
3867
12842
3429
1790
14179
10344
6548
5674
1997
10269
10151
2148
7922
5952
2341
11906
2756
18072
7761
10988
7051
1341
503
17307
56
400
12975
337
2218
16095
8736
16
3660
4439
5188
12947
14516
8829
3056
9726
1939
2425
6080
1270
1980
14260
2117
7969
16529
13449
6855
182
7761
5918
792
15396
12735
16285
10407
5110
3408
6512
3721
49
2745
8654
876
2222
49
6483
2036
1241
4850
1892
8072
334
11045
2252
16437
8893
14592
271
18470
7892
9306
7673
22944
11796
9641
7248
20298
7441
5050
4302
15668
9916
20389
9576
4799
6504
19048
3112
18736
9506
1990
49
10937
3721
9950
7396
16476
26444
1741
13691
1926
18284
924
4087
14590
8900
16264
25
3171
169
10972
6923
5112
1681
710
2744
6981
6020
6664
5353
12476
18405
2837
9055
6215
5611
11095
14413
10696
10287
11914
6118
9012
193
997
9303
3026
14499
24122
11912
1588
5467
297
633
16028
7930
1126
9498
1590
15128
100
8105
4736
756
1840
12588
49
7757
12427
5058
3104
8712
4400
12606
4313
1689
43
2896
3692
8048
12374
12075
641
5901
5420
13123
9715
2044
11982
1772
841
656
8548
11277
132
600
169
20
13165
22141
2182
2525
3938
4057
1024
1332
10636
8173
8743
13994
16
2099
11139
13603
994
3412
12929
10399
12238
9314
5582
14872
676
13904
132
4022
225
16362
8597
8948
4624
5691
15121
5704
22858
6628
3616
17277
72
6375
5325
19167
10072
2735
100
20470
12094
172
9528
9740
144
4486
7507
1369
824
3481
4160
8484
17705
12908
10887
3855
11955
19623
8373
23265
1186
5277
741
11848
13620
7332
10988
4409
23902
2110
10991
14516
11114
19738
9272
17164
834
8174
2481
3456
3340
1322
703
246
3284
361
7347
2066
5781
11610
4158
4506
12942
15698
9372
477
1429
8109
432
2759
13332
25656
10450
5483
2247
11271
3243
16842
8262
24251
3910
6888
3096
619
1590
6156
750
8362
14871
2043
8350
9723
13269
3118
7456
56
13046
3956
10640
17348
1685
10615
8700
7678
5976
7446
14157
626
9439
16115
4812
361
13858
14485
2
10556
11036
5477
2083
13472
821
10069
8232
1583
20450
16938
1914
441
11831
15095
8006
18249
10641
1523
18795
6
15198
3246
25100
9481
14311
547
7579
823
5709
1783
16
10921
25
14754
95
4470
4802
3229
3207
12706
19150
10058
1024
5059
4517
4679
1600
3684
361
2601
2717
13373
20170
9770
10886
11656
110
25
13843
4794
454
15216
13644
2558
9483
6230
13277
17571
1692
16601
12965
506
5306
4624
6212
5474
4585
3461
21067
818
5438
144
1489
121
6988
3504
119
22394
2209
11872
2877
5167
11615
4768
3677
1703
7744
2043
2526
13405
14212
56
12829
2466
2892
574
15406
1275
9013
2134
9465
2137
5394
20294
14088
6550
103
9312
7614
3559
332
6870
14889
7786
24483
15692
2748
13281
20646
4887
9386
6188
7348
1606
1339
2155
2689
9639
1849
16909
42
16250
9155
9108
12
8323
21810
14220
16206
2089
5410
14442
16604
2862
1327
13617
10262
18656
6175
2138
15496
4936
5751
15771
240
3267
8305
1482
6725
12585
16613
8529
1056
8960
8459
1640
4567
4503
5260
16266
8516
1935
533
13819
12010
677
273
8512
21575
22828
9608
2394
11140
14886
3876
8306
4827
674
12828
15224
16764
1056
6312
1941
12561
3986
36
9273
462
7832
1386
1156
1764
13738
1847
9324
2818
7429
7334
306
11558
3306
7725
17025
8207
13773
2148
6441
2616
5311
6537
1820
196
13489
625
7957
3419
10033
4364
14324
376
5566
6823
10398
3446
5943
12574
13708
24160
8386
13562
8968
5286
4983
7464
6934
10231
7013
8792
451
4250
11695
3863
18363
22190
13595
9925
9248
11238
23476
702
4815
563
2306
1444
9532
2198
8327
1916
5957
2
1810
7677
15462
2564
16132
240
656
1322
4543
9619
2
2484
14457
9274
13897
9366
13296
10505
18811
62
42
17290
8868
5266
12026
3158
3257
2734
7231
6603
2616
7186
7549
2070
1018
9512
11487
552
4690
3145
2345
13115
2917
18491
9822
9466
14899
5401
7481
3182
10964
9764
21765
2483
7432
1482
8605
20727
1349
420
8597
2874
462
11871
15907
1406
13896
4814
14739
14748
8556
9012
1542
15254
2022
46
6274
49
4315
11232
6797
8851
5930
8555
18377
1759
14175
12
3656
4693
1440
6792
25
2383
2501
11754
8431
7848
42
12919
1847
11926
10055
1286
7994
1406
13149
6389
18399
9561
353
3669
13629
4840
196
4886
64
7843
3617
4739
13672
5700
13642
17254
4783
13321
4889
2168
14623
2094
425
10412
3425
2203
11799
5057
4888
529
2
16806
403
5591
16794
6369
15358
976
9763
9353
12728
12422
25432
6101
14783
25
2475
2047
462
14140
12284
1258
1461
900
9716
10673
6194
1116
151
9168
6716
909
6240
6
10838
8777
6238
1128
2908
6161
11721
16599
13155
354
4192
886
19989
3481
1342
4063
20382
9629
10864
5528
9680
865
16977
7890
9037
10377
5839
1753
786
2116
8937
12744
8599
8830
9867
991
5561
289
3100
12227
10833
7446
857
12325
1892
8464
6076
3694
10773
6169
17650
36
14392
3447
4855
7898
2059
1936
21092
14689
8781
5375
84
3165
19476
14132
13730
13477
6518
4945
7480
513
5182
2058
12
2081
6261
3851
1283
1535
11335
18433
7878
292
4213
8880
3983
12611
3881
7332
9338
23112
396
4737
6611
13529
4470
10491
5423
6
2178
15537
299
8179
8085
395
11077
12768
10524
18895
2194
8914
82
176
14716
81
494
16686
2862
3573
4684
4
702
13423
4356
169
14686
5195
10616
5200
13202
10852
702
5675
11495
945
14435
6387
8093
6607
6652
4952
3069
417
16694
12253
14081
1815
13631
14343
736
21213
5585
11022
11726
2284
90
2731
7474
11372
121
1365
8224
11461
3872
100
601
3905
11087
6440
179
1194
3894
1961
9205
1682
10330
5800
7709
736
13893
7676
16493
1995
8305
2000
2450
8141
7569
3138
9554
1727
1088
15604
13131
7808
3275
251
6092
20
23349
812
14178
5265
6975
3670
5078
1876
9704
553
2401
8338
8355
620
931
1584
353
8477
23209
7120
9790
1737
2399
2354
13805
1586
2245
2651
4242
12490
4755
9702
14347
7921
5781
1219
930
3269
9300
1256
9964
11450
6297
5233
12047
9430
9568
16426
30
20532
4410
107
22174
686
830
5505
13156
13955
3897
12130
7987
6010
8452
5769
4030
9020
64
1257
12802
14927
391
9612
5087
2514
13048
7430
5723
16380
7764
185
12044
12739
9373
8637
5262
11861
8628
4255
1707
1822
42
2864
13024
14638
10668
6827
11117
9884
7048
3394
8902
379
12458
14657
15235
1769
19965
841
13573
66
9652
16139
363
15317
1711
7928
6115
12076
2965
9743
6586
64
4755
2729
92
13703
3364
9
7138
439
64
340
12563
12372
13990
9743
9990
20969
5947
9784
56
11285
12510
17747
6220
2858
6491
7409
9321
1892
5235
732
7369
2455
2213
5155
13097
10245
10878
19449
110
7119
13477
15745
21662
5469
9129
10047
19392
5238
3207
8434
810
6920
4568
3383
2954
19938
115
24122
14547
12571
600
80
664
5185
1301
2477
6842
73
3596
17656
23831
5495
2571
2417
5505
918
9012
264
10524
8376
12968
1551
6243
14809
5304
9222
9324
1158
7768
1541
19830
284
74
9983
19021
18790
16114
484
4384
1938
1276
8752
10314
927
2861
1346
15501
24334
285
11954
12936
6989
18066
600
13297
18862
6900
42
6156
1081
21738
12016
7349
13505
14112
3051
6266
715
2523
12389
19931
1577
3739
9658
15465
14426
17417
19330
5682
13401
4022
970
7068
6084
12872
132
2344
373
18021
2756
3224
5833
11477
10147
14179
19661
10320
8100
7926
2227
350
81
14762
7548
19846
30
1097
14232
2609
6857
16755
12229
7956
1743
867
8488
21514
3779
12834
193
1516
3071
9024
1841
14194
1454
14692
10719
15770
8566
81
1618
36
3608
20695
3923
2195
9890
2118
3918
7980
90
8286
6320
1961
416
10589
8546
11077
9868
10438
3973
1015
7986
2275
12956
12101
20
5197
64
3907
4987
6458
11328
10048
2958
8006
7541
12236
737
3773
20578
1451
7893
15871
6524
751
3407
10466
144
3324
151
863
7141
8790
184
17776
9914
4822
3856
493
12926
820
1851
7984
13718
14416
10584
1703
7431
400
2
1952
2936
24434
841
11666
21204
14753
10063
8952
10909
12211
8645
6197
4491
1701
12428
10392
4356
686
4204
14081
8516
15417
4290
6117
1221
420
13050
964
7284
11477
11653
1705
13401
2753
13842
2934
3144
16415
8742
10232
10189
13820
12711
8922
10725
4854
1610
7
6409
4376
6476
16149
7240
3863
9660
9410
3674
3514
4584
2228
6473
14458
12195
17434
11772
9838
18006
4450
13836
12779
4928
5984
36
6626
10339
299
9668
7834
13592
13815
4982
969
16283
24829
80
25069
10967
10266
13961
934
2954
5014
22093
10671
9388
6676
1990
4075
1913
2558
306
8419
302
5023
3884
8398
9204
12524
6216
272
17013
21566
3229
2171
30
5366
4196
20592
9189
6534
4013
7557
5855
6574
5060
841
8592
834
12063
724
8653
1496
12401
1997
6821
4290
13068
1538
3816
5818
4032
1595
506
16
2912
11858
1255
6676
1780
5692
5299
1950
2706
5857
11976
25624
4237
22690
8678
16
11453
3222
272
484
6762
731
1712
15711
5126
1949
13077
10036
2208
6084
13753
20
1849
6266
14584
2467
12497
7838
18174
478
9323
1604
1225
3263
15121
2825
1477
3766
11114
16533
252
1731
324
2227
2749
10549
10298
12175
782
625
13358
2138
220
5682
1446
6
14605
2608
9294
5397
6921
11552
404
6676
2019
1614
25706
11075
2746
12981
1195
9631
5110
625
15462
25116
3208
14792
15378
14652
6349
4944
9692
15529
3580
15026
16596
6239
9693
9695
9512
20
3716
5132
4260
1306
1852
17529
484
6527
1794
3332
2584
6871
3765
2357
3785
1573
25482
10838
8349
9275
13289
3490
15928
12789
16111
17612
14457
5000
17785
16984
8583
6729
3749
1744
5952
2509
4775
9155
7437
9537
5189
5396
2493
15436
4795
25
7182
24182
8116
8435
15224
3224
5100
10081
2059
12662
5184
14885
7295
18337
2862
11546
1068
24345
3167
13039
4932
3440
5721
14398
18936
1705
15492
49
1
10846
12025
5634
14938
113
2303
4067
134
1849
1523
8067
10724
2226
13339
6282
1681
873
3906
1305
11131
1943
26380
1381
7359
7335
4814
15375
811
144
3866
599
7140
14824
9441
16423
12641
9187
339
56
8549
9470
9292
6360
15140
9336
702
5715
13230
16091
20339
20305
4032
299
10694
15740
10976
8432
7095
5980
5468
2309
14726
11233
6483
2359
8649
15769
6581
4891
5074
2581
9040
5908
552
10880
17204
8218
3897
9238
2077
2598
2812
6460
13576
1300
10352
420
5857
13213
4215
7658
2596
7836
16402
10145
3386
10637
3989
11145
2753
2
9486
8817
16829
8408
1750
324
5528
3799
3108
10096
2063
1626
7820
576
462
18506
1449
11620
4265
5660
13540
2868
14497
10545
15294
6104
36
121
10602
15158
8452
23584
4556
1616
8808
4710
420
13582
5569
12106
5561
8797
2098
4039
12791
3589
7482
24994
9490
4961
264
289
2077
7334
7508
6330
342
5472
15994
2247
2632
182
1220
9019
14510
107
4584
132
19039
16222
9778
4534
3066
8545
5402
12396
2213
2175
1925
16306
1089
8011
8056
14826
650
12602
18465
13956
8335
81
9120
1413
650
15806
6502
17859
3938
1764
9704
342
3092
16559
1681
13529
8313
23963
555
8039
4993
1424
23116
10402
4263
18714
9090
11408
907
3600
18709
8185
4466
289
793
5791
3681
6127
12978
6244
12948
15874
8665
2410
7207
2872
20413
1948
11877
12787
3639
12
19413
10822
14596
2576
18211
24266
9900
5316
8071
2970
847
1094
1
1727
8153
6429
13564
9765
8033
5005
13279
6897
4109
1630
11939
9977
600
5727
9099
9702
49
463
12703
7040
419
2889
15702
603
3520
1332
6986
6
16659
183
1875
8388
9942
17366
4389
4850
15444
494
8173
4177
18508
2617
72
17325
14571
10224
14093
4361
25609
10769
6695
380
2410
15527
3019
2756
361
2411
486
11843
8505
3897
702
3025
4867
11626
7442
6425
463
6095
728
6257
6229
13080
5181
2402
5267
23085
8234
13880
5167
10915
3352
11491
14120
18273
2489
3635
777
3006
13476
18821
24490
422
1419
983
7898
6030
21326
1653
1432
361
8351
1980
1898
3931
6962
8963
4598
6911
24785
3755
4193
359
13670
5253
10231
2162
4521
13595
3455
9041
12066
240
10588
6484
1520
992
4629
23349
1326
1581
3323
10367
3633
8382
5536
676
13356
7706
11923
7316
11071
20848
11816
4271
5394
17688
18520
14780
9662
14387
12670
14007
12951
15945
6540
2629
14893
2616
4939
4370
6735
30
5052
3808
247
1733
434
5749
1935
11730
313
7344
323
19753
4090
2599
15880
7903
3902
6096
1828
5625
9363
9084
272
14244
207
7682
3731
729
110
5625
4754
1490
6527
14570
11560
6593
3141
144
1369
10648
4578
12205
12678
4049
382
6572
15639
15475
3419
5322
3480
7397
6340
10261
15909
4786
8591
13342
3869
81
1186
1260
13977
