26796
5778
3570
561
224115
127765
2556
64620
440391
435
3828
154290
8128
21115
185745
147696
11935
1953
69751
42486
252405
75855
39060
118341
46360
38226
40186
79401
113050
14706
75078
109746
117370
5671
27261
29403
528
1711
100576
361675
15
30381
2556
289180
92665
65703
27495
15753
235641
703
274170
16471
81810
137026
31878
53301
903
20301
27495
88831
90525
741
21
97461
40186
15931
79800
27261
19900
57291
17766
45150
77815
111628
140715
1431
186966
15576
113050
416328
32131
225456
4278
18721
55
28203
394716
163878
93528
104196
25651
80200
2080
227475
153
2485
57630
28680
10011
67896
12880
75855
104196
7875
292230
73920
57291
257403
41328
48828
2145
76245
378885
225456
5565
16110
223446
63546
188191
131841
185745
139128
54946
5253
72390
33411
20706
15400
20100
168490
6105
14535
222111
5151
230181
18528
32896
29403
3916
210
37401
286903
31626
153
285390
946
49141
9730
73536
175528
165025
29161
2211
1770
44253
119316
229503
181503
16653
58311
217470
3741
2556
780
34453
236328
903
67161
1711
53628
4465
246051
5886
71631
91378
26335
231
22791
3321
84255
264628
528
71631
66066
1596
63903
315615
117370
196251
37128
26335
15931
62835
2211
28920
102831
2346
48205
97461
66430
40470
4950
6328
25878
25425
163878
6
23005
54285
22155
121771
10153
36585
31125
18336
25651
55945
11325
302253
2145
7626
388521
248865
112101
163306
135460
128778
46056
5460
137026
126253
62128
294528
74691
124251
93528
27730
87153
168490
17578
12561
266815
75466
405450
3570
45150
362526
90525
21321
140715
1830
15
5886
16110
63903
45150
205120
108345
78606
63546
317206
1378
57291
33670
9316
5151
45150
13366
276
15931
188805
87571
12880
36046
32896
150426
31878
820
151525
79003
1431
97461
36046
97461
496
54285
162735
155403
200661
15931
3828
38226
222778
32896
26565
161028
339900
90525
15051
1891
13530
358281
46971
21321
4095
7875
6441
91
10153
52650
90525
35511
59685
122760
96141
38781
251695
56280
210
2016
167331
23005
27966
143916
152076
129286
28
166753
21321
8385
11175
90951
129795
63546
74305
1653
49770
306936
7750
214840
22791
83436
45150
10585
2628
20706
1035
13041
528
861
16836
298378
1953
87990
216811
237705
780
3321
27495
205120
3321
286903
43365
14535
261003
428275
8911
174345
46360
9180
25200
116886
36
52975
109278
75466
13203
4005
42486
103740
108345
37128
334971
34453
57970
4465
63903
11628
110215
17766
140185
13366
7140
28441
16653
25200
87571
47895
80200
46665
378
67161
195000
2926
185136
741
66066
73153
79003
13041
741
154290
56280
351
4371
322003
344035
14706
5356
304590
310866
34453
24090
16471
310078
317206
47278
40755
1275
43071
43660
13366
193753
4465
29890
528
43660
308505
35511
18336
66
96141
27261
35245
121771
94395
132355
88831
34716
46360
2211
8646
946
7626
45451
1035
46360
171991
250278
333336
15400
90100
6328
290703
703
57970
35245
22366
9870
83845
406
102378
34980
10011
5565
57291
58996
43660
2346
67896
322806
2556
385881
72390
316410
4656
3321
1225
79003
33930
335790
57291
55611
193131
117855
289180
4950
199396
14196
2556
106030
177310
54615
63546
65341
52650
371953
45451
36046
21321
16290
194376
218130
30381
118341
318003
264628
326028
60031
54615
13041
90525
46665
26796
59685
53956
1540
3570
7140
5460
44551
903
23653
12561
101475
37128
126756
228150
153735
1275
88410
256686
29646
300
239086
12090
215496
95703
6903
139128
165025
13366
3655
39340
41328
19900
11026
176715
152076
24753
144991
105570
194376
22791
25651
65341
53301
159895
66795
2701
36315
47895
131841
5886
137550
179700
10585
71631
98346
298378
55945
28
91
290703
113526
203841
94395
147153
16836
239086
150975
25200
94830
95703
8646
100128
44850
389403
5778
86736
119805
108345
124251
25425
25651
77028
23220
175528
5886
108345
3240
13861
197506
57970
69378
58311
11026
309291
22578
28
271216
155961
160461
19701
2346
343206
87990
76636
38226
289941
478731
861
222111
377146
27730
47278
108345
337431
5778
4095
201930
130305
33670
28920
741
3160
231
280126
9180
16110
91
31375
27261
51040
36585
12720
378
89676
295296
266085
188805
17766
1711
210925
292230
32896
48828
52003
31878
85078
8128
12561
91806
27966
20100
219453
1326
24310
47586
193753
166753
4005
236328
62481
100576
85078
67896
263175
1035
210276
320400
406
17020
62128
108811
202566
59685
51681
23436
10731
36046
172578
13203
3916
352380
70500
2775
177906
300
3081
32385
153
6216
66066
198765
7260
17955
9180
351
26796
66430
141778
56616
209628
3655
3655
104653
1953
195000
22155
561
4278
250986
90525
37675
3403
85078
139128
85491
2211
46971
215496
394716
38503
124251
37128
17020
281625
257403
172578
145530
4465
861
192510
125250
105111
17578
59340
7750
223446
87571
126253
7750
4005
411778
82621
365940
3570
20301
780
4851
304590
299925
121278
1081
8128
23653
378
41041
66066
21528
29403
24090
110685
351
36
4005
153
145530
290703
60726
193131
58311
820
133386
11628
76636
41616
7260
1035
36585
14365
446040
100576
63903
15931
1081
13203
946
165025
151525
6328
7750
6903
117855
155961
106491
97020
28680
5671
190
45753
13041
388521
46971
262450
9316
132870
28441
231540
28680
28
1711
23436
308505
24531
2346
42778
5356
284635
37128
13203
7750
87990
3160
95703
25425
239086
780
25200
154846
80601
3570
34453
91378
162735
224115
6105
84666
327645
199396
115921
56953
16836
85078
10440
172578
142845
28920
136503
97020
1035
303031
24531
49770
49455
1953
15753
223446
5356
85491
189420
3828
62481
90525
125751
115440
703
46360
14196
24310
45753
224115
29161
23005
5356
45451
208335
58311
96580
21321
741
11628
185136
22791
25878
197506
129286
139128
51360
87571
12720
96580
93961
324415
7503
188805
43956
27028
1711
595
6555
291466
247456
195000
3081
47895
131328
6328
10011
1653
41905
4753
26796
12561
99681
7140
371953
129286
6555
90525
10
23436
820
10011
19900
7021
92665
2926
145530
1176
21736
20503
165025
10296
3003
81003
63903
7021
83028
31626
236328
165600
4278
23005
4005
409965
18145
9453
21
26335
4950
139128
630
58311
87571
37675
182106
76636
207046
73536
34716
1830
6
46665
22366
431056
2926
193131
6105
80200
18528
67161
79800
250986
382375
46971
2145
23220
70876
1953
177906
109746
55278
133386
157641
8646
218791
30628
106953
10440
1596
12561
3486
13203
24310
243253
435
153
136
275653
190036
1326
64620
52975
12403
21321
54285
153
226801
22791
257403
741
190
7260
100128
4950
15576
209628
1225
175528
325221
429201
105
4465
7875
7021
47278
231
406
53956
12880
103740
165025
11781
91806
15
18145
39340
19701
130816
276396
79800
780
247456
3655
104196
369370
34191
198135
172578
630
65703
13366
80200
42486
43071
148240
128778
118828
61075
177906
133903
38781
314821
157080
22791
70876
111628
58311
14365
106953
121771
47586
3321
29161
111156
158203
89676
26106
70500
3570
273430
13530
12880
39340
9730
309291
3240
248160
203841
283881
6555
15753
2278
35245
38781
5253
19701
1770
21945
69378
203841
400960
162735
182106
174345
412686
66
309291
10585
276396
28203
54615
22791
52650
343206
120786
1081
18721
1431
101926
91378
210
102378
73153
9180
9730
143380
109278
9870
296065
25878
98346
10153
93961
5356
196878
73153
496
104196
158766
485605
90525
990
19701
66430
38781
349030
39621
19306
76636
300
14706
223446
19306
15225
378015
21115
36046
25425
124750
496
77815
75078
14196
78606
24090
32896
34980
3655
1653
289180
262450
34716
66066
183921
60378
64261
14878
10153
35245
26565
1035
8128
2211
43956
99235
276
61075
126756
100128
7750
30876
8911
27028
3003
59685
190
248865
242556
230181
15400
18915
242556
18721
7381
50403
1431
130305
228150
230860
8646
446985
87153
190036
1128
14706
5253
325
2346
8256
820
17020
117370
232221
60726
1830
378
32896
8001
95266
357435
39621
152076
61776
40470
115921
24753
114481
741
5356
21528
109746
2346
1953
79401
199396
4278
37675
15225
82621
45451
50403
33153
190
255970
10296
129795
5778
218130
89676
220116
252405
149878
1596
9180
12880
38503
30628
53956
175528
267546
56280
3
48205
75078
38226
111628
202566
5565
7750
34453
106491
149878
178503
226801
253828
167910
46056
990
3160
32896
33153
17766
171
250278
171991
31125
27261
6216
58996
228150
14196
4950
115921
22366
261726
47895
100576
15225
21736
630
47586
302253
91
44551
52975
136
234270
250278
121278
1770
20301
136
279378
36
59685
81003
130816
112575
30135
7260
38781
2145
163878
27028
159330
188191
861
114960
16110
32131
22791
120786
7503
15576
168490
67896
92235
138075
6786
277140
1326
5886
54615
191271
80601
460320
70125
118341
5050
70876
215496
190
127260
4560
35778
122760
108811
174345
8911
236328
270480
8911
23436
903
32896
2701
13041
16653
23220
64261
3321
112101
27730
13203
213531
4950
126253
10440
231
12246
49770
13861
435
11476
24753
213531
68635
173166
435
208335
2556
276
780
38503
5253
14535
116403
90525
435
63903
4005
122760
19110
33670
12720
314028
106030
140185
276
27028
16290
146611
2145
29161
143380
97903
1953
232903
10153
61425
10153
81406
270480
5460
325221
173166
2145
48828
272691
119805
110685
1485
90525
1431
1830
7626
861
19306
159330
271953
5565
27495
43071
4005
11325
630
1128
12246
41041
1326
268278
8256
103740
30876
4095
148785
51360
27261
43956
57291
287661
77815
51360
4656
3741
48205
8515
30628
366796
325
13041
4851
210925
13861
137026
87153
148240
52326
66795
325221
10011
112101
91
57291
24090
63903
14196
327645
23220
13530
8778
44850
32896
630
138075
96141
153
69751
93096
8911
53628
63903
36585
233586
285390
204480
5356
15753
93961
68635
44253
134940
25200
78606
6216
237016
59685
33670
106030
3
21321
23436
4186
33411
9730
93096
6441
27495
3160
26796
17766
1176
32640
25200
12720
75466
4186
15225
226128
137026
74691
171
6216
40755
355746
133903
373680
128271
378
17955
946
171991
134421
371091
15400
66
3
780
21736
10585
61075
75466
26106
214840
125751
7626
58996
53301
300700
1035
274170
17205
257403
10585
274170
136
56280
125250
78210
137550
196878
463203
199396
8001
5151
234955
62128
2145
45
244650
141778
103285
54946
300
7021
235641
4371
259560
191890
368511
32640
171405
213531
29161
49455
78606
57291
4186
18145
77421
29890
6
1326
5151
90525
595
17766
390286
176715
331705
243951
124750
32896
41905
55278
115440
2145
264628
6903
104196
140715
253116
253
94395
30628
5253
10440
66
55945
292230
57970
403651
35511
13530
9591
2701
39340
6555
3486
3486
31125
6670
392941
255970
8385
98790
406
2850
6328
52003
10011
362526
3160
78606
2016
58996
8778
561
148785
88831
48205
10878
2080
46665
105111
70500
84255
161596
24531
1
21321
421821
25878
71253
3240
208981
221445
177310
190
205761
47586
110215
165600
6786
6441
2701
26335
120786
19110
18145
223446
55
200661
182106
5253
18915
9045
2775
50086
169653
68265
70500
65703
1540
78
92665
325
6
118828
35245
139656
1653
60378
218130
62835
103740
23653
209628
40755
49141
159895
2278
22791
53628
225456
595
205761
2775
134940
67896
141246
179700
175528
306936
68265
64980
171
368511
10878
2278
16471
325
2926
312445
6216
20301
131328
75466
60378
32896
38226
114481
109278
44253
3570
125250
19110
28203
11175
18721
171
305371
183315
181503
351
1
148785
4278
153181
91
72390
21528
49770
134421
306936
103285
71631
266815
359976
17020
5778
359128
43660
58996
1128
82215
114481
10
1711
212878
27966
15225
5995
74691
703
1596
210
110215
154290
1540
122265
528
249571
11026
153181
595
42778
3403
1225
55278
10
4950
173166
59340
17578
29890
246051
195625
237016
40186
36315
222778
183921
164451
109278
19503
332520
18915
20706
292995
4465
55611
81003
325
85078
403651
16836
215496
528
48828
320400
406
236328
2926
32640
4186
253828
2211
7381
2850
61776
45150
21736
81810
339076
209628
46056
200661
3003
39060
255255
45
5671
200661
6670
258840
33930
3160
132355
380628
32640
120
359128
56953
22366
97020
354061
32896
630
30135
188191
12090
90525
2701
167910
198135
59340
22366
71253
43956
4371
170820
11935
16653
72771
7875
1275
8128
17766
62481
2556
2415
279378
75466
134421
43365
228826
142845
22155
1225
16110
83436
8128
137026
173755
83028
37950
5671
186966
12090
413595
8646
54285
89676
381501
9045
10440
66795
12720
4186
820
39060
215496
214840
7260
351
1485
73920
90100
10440
118341
64620
224115
296065
134940
37950
320400
128271
187578
330078
53301
41328
53628
5356
18336
2926
36
47895
5460
13530
300
25200
222111
249571
9045
5460
903
5151
184528
117370
780
11781
10
208335
1
231540
68265
11325
86320
4278
188191
63546
36585
17578
23871
50721
9870
15576
1326
39621
76245
61776
89676
378
201930
76245
5778
125250
21115
168490
40470
18721
164451
1
17020
6
3081
31125
364231
328455
24310
249571
226128
496
298378
133386
7750
151525
46971
226128
13695
2346
28
24753
6328
82215
8911
57630
117855
79003
325
15
285390
14878
5253
200028
359976
67528
165600
171
94395
46056
99681
14706
39621
135981
131328
8256
33411
2775
20910
101926
2628
25878
72390
146611
23005
63903
81810
176715
4950
57970
136
65341
407253
160461
20706
13861
351541
87990
2485
12561
48205
442270
1653
30876
55611
432915
143916
1081
188191
355746
153
166753
66066
74691
2145
56616
46665
96580
11325
115921
269745
19503
199396
29161
9453
180901
780
177310
58311
68635
78
4851
297606
58653
1653
108811
92235
153181
16836
595
12720
291466
343206
990
5151
6670
65703
129795
113526
28203
235641
24531
29890
128778
103285
85491
128778
125751
255255
13041
6670
14196
528
250986
17020
146611
990
36
212878
171405
46056
35245
351
108345
241165
66
52650
250986
10011
33411
68265
83436
182106
6555
84255
300
245350
10011
51360
40470
68635
123256
92235
66
903
20503
58311
169653
43956
22155
2850
26335
55
19306
39903
52003
202566
6216
43365
820
12720
57630
10878
149878
72771
337431
5778
10296
99681
103740
202566
87990
70500
12561
107880
57630
99681
101475
287661
10153
27730
24531
6216
64980
201930
38226
5460
1176
55278
124251
97903
83436
11935
372816
6216
3081
29161
11325
128271
90951
32896
110215
103285
3
83028
32640
57291
2415
8128
7140
105
54615
37128
1891
50403
2775
11935
27261
3655
89253
3570
14878
58653
6670
127260
137550
397386
94830
56280
1326
8515
67528
2850
47895
17020
128778
21528
217470
6328
207046
66
6441
2080
1540
45150
72771
109278
95703
378
193131
47586
11628
29161
71253
41041
946
332520
34716
1540
435
207690
112101
92235
820
66
57970
69006
13861
237016
149331
27966
79401
4851
18145
46665
127260
12561
8646
98346
36585
276
22155
6216
11325
32640
5671
314028
24310
990
68635
103740
23220
4186
5253
6216
106030
45451
138601
108345
144991
51040
23005
51360
46056
9870
9180
1596
1711
400960
21528
140715
190
30135
3160
278631
36315
158766
82621
82215
17020
339900
4095
28203
435
231
2775
15051
46360
65703
19503
81406
13861
26565
1176
10
26565
8256
72390
108345
14706
4560
66795
66
64620
36856
107880
12720
12561
179101
92235
77815
5671
152628
90100
49141
203841
55
226801
51681
378
35778
81003
21945
50721
4465
2211
48828
30135
5671
1035
2926
188191
78210
2278
10
48516
149878
241165
231
5778
119316
96141
102831
59340
62835
97903
24753
105570
17578
158766
286146
29161
23005
8001
14028
266815
1378
20100
10296
10731
4851
120295
2556
10878
126253
7021
1378
11026
89253
23220
16471
167331
152628
244650
334971
9591
234270
81810
41905
201295
54615
134940
17578
65341
4950
121278
15753
6555
24090
80200
1081
292230
10011
2775
284635
77028
3403
946
123753
373680
47278
323610
195000
5886
139128
6328
14196
8001
14878
12880
48205
211575
5050
55278
21321
227475
88831
170820
15576
37675
37128
119316
1711
20706
13695
63546
3486
243253
87571
35245
4095
203841
1081
237705
30628
24531
528
303810
67528
32385
23220
300
146070
45753
5671
86320
382375
12090
40755
141778
268278
16471
167331
81003
10585
105
26565
40755
94395
5671
190653
21736
275653
4656
22155
2701
31125
88831
60378
19110
233586
37128
10440
205120
15
351541
48516
144453
36585
5778
7140
271216
159895
41616
120786
7140
55611
52003
71253
12090
363378
4371
51681
276
2850
231
46971
3828
30876
125751
105
70876
91
17391
243253
4950
253
150975
11325
171405
435
127765
18721
31878
37950
19306
44253
630
96141
92665
27730
13695
1225
24310
41328
4656
2211
209628
300
242556
50403
33670
75466
90525
222111
395605
2016
7260
6903
213531
435
39340
51360
43660
386760
52975
23653
1225
17955
158766
410871
95266
1711
3486
91806
405450
10153
87571
28
19306
135981
8646
147696
231
9180
82215
303810
190
33930
36
13861
1176
11781
19701
114960
1275
18721
273430
2080
34191
23436
7021
741
120295
95266
8385
264628
630
147153
4278
12720
1891
9730
225456
21321
11026
2556
56280
37401
3321
57291
47895
41328
528
27730
397386
5356
31878
80601
28203
50086
21321
124251
126253
68265
9453
22791
31626
38503
216153
101475
96580
13530
18915
37128
28441
11781
276
346528
152076
37950
288420
528
55
192510
3741
21321
73920
70500
11325
66
28441
4560
21115
65703
191890
410871
3081
114960
239086
256686
37401
64620
49455
41328
55945
111156
275653
153181
98790
23005
24531
2775
741
278631
58311
35778
92665
111628
31125
240471
820
331705
114960
226128
180901
28
115440
157641
66795
5356
146611
150426
38226
86736
6216
96141
123256
76245
11935
4560
10878
107880
10731
24090
12561
102378
32131
52326
62128
72390
17205
780
3160
630
15753
13861
26335
78
59685
91378
3
21115
62481
23436
351
14706
216153
101025
244650
49141
41328
110215
361675
45150
2850
43660
43660
361675
21945
49770
135981
88831
65341
20301
294528
103285
36
6903
73536
38503
10878
85905
55
8001
278631
414505
78
48205
11935
49455
81406
276
39621
3321
26565
286903
33411
26106
23653
25425
43365
3741
990
54615
55611
4371
12561
109278
275653
253
43956
106491
83845
134940
8515
1485
389403
110215
28920
465
120295
276
16110
112101
12880
174345
161028
67161
24753
124750
89676
32896
210
67896
20503
132355
57630
58996
34980
69378
69006
820
52003
177310
88831
55945
53301
143916
10
39340
253
5886
1770
7140
24531
46056
81003
292995
10011
60031
9730
256686
3828
17766
13695
93961
23436
5995
28203
780
46056
14196
33670
105570
45753
37128
5565
27261
89676
425503
9870
106953
234270
12880
11476
35778
101926
118341
1176
165600
35245
141246
48516
10440
32131
222778
364231
92235
13530
3403
41041
166176
8911
595
10440
140185
15051
91806
195625
5565
2346
28
351
47278
48205
14706
20706
92665
116403
6216
35778
2485
233586
177906
50721
18721
186966
280875
40755
261726
74691
43660
51360
388521
378885
15931
104653
127765
10296
104653
79401
11628
130816
180300
630
25425
25651
39340
3003
73536
72390
154290
4950
57970
1596
121278
26335
63903
7626
83436
73536
276396
49455
2080
167331
55278
213531
49455
180300
703
4371
23436
125250
20100
9870
300700
196251
45
158766
80601
340725
222778
528
158203
190036
97903
8515
25651
156520
78
96141
24976
20301
41905
36315
13041
94395
4278
17578
325
88410
140715
419986
16836
182106
2016
90525
96580
124251
75078
104196
18915
263901
1653
31375
12880
379756
24976
10
12090
79401
228150
115440
15
3916
6441
183315
39621
3655
166753
46056
50721
161028
61425
65703
246753
91378
1891
106491
460320
6670
2556
265356
73536
7750
113526
245350
2346
40755
157080
74305
34453
63903
91
138601
19110
193131
47586
217470
89253
41041
23220
106491
150426
1596
258121
1540
2701
2485
378015
144991
30135
105111
60726
8646
170236
60031
60726
1378
7021
49455
98790
34453
76245
2628
301476
24976
111156
3
595
19503
300700
87571
229503
198135
241860
12561
232221
56953
163306
25425
231
27261
28203
4851
5778
158203
496
203841
62128
95703
24090
19110
237705
29646
150975
87571
109746
141246
37950
60378
9870
67161
20301
12246
2278
182106
21321
153
55278
58653
80200
142845
71253
2775
121771
272691
21115
376278
780
297606
4278
1275
46971
48516
224115
88831
10153
42486
206403
57291
20706
5050
100576
171991
139128
267546
63190
164451
19701
35245
561
1711
62128
8001
148785
9591
2080
13861
141246
148785
93528
103740
50721
330078
496
41041
106030
1225
157641
6328
5995
83436
34980
397386
119316
422740
21945
65703
93961
45451
3240
315615
33670
16653
4465
229503
26106
81810
36
97461
227475
32640
1431
74691
741
11628
121771
55611
314821
143916
170820
4278
4656
2415
73920
1891
62835
20910
3741
325
35778
266085
148785
223446
154846
309291
182106
41041
5671
165600
189420
57970
250986
72010
741
30381
4465
45
37128
2346
19701
2485
274170
3486
288420
91806
15753
11935
231540
49141
435711
7750
413595
20503
313236
2775
128778
10
37401
3655
413595
237705
97461
11781
37128
22578
4950
128778
68265
53301
15753
157641
6216
4851
56953
52975
64261
216811
6441
4186
54615
77028
184528
21945
11628
10585
45753
46971
224785
465
87153
75466
2628
166753
5778
30381
130305
212226
247456
90525
94830
4560
135460
2485
134421
13041
231540
3
240471
231
2415
88410
98346
44551
19110
17020
300
210
51040
60378
136503
1711
94830
165025
64980
2016
9453
41041
6105
69006
6670
2080
349866
203203
12090
52975
416328
8778
21736
167331
254541
9591
39903
143916
3828
8646
107880
55945
37950
17391
31125
4465
24531
60378
24090
26796
7875
13861
51360
54946
186355
248865
55
43660
34716
252405
36
133386
43071
93096
176715
297606
172578
94395
50721
203841
496
66
254541
73536
4465
266815
17955
10296
88410
51681
1176
5253
73920
26796
231
47895
3570
2775
189420
4656
47586
20706
3240
238395
42195
60726
179101
183315
248865
13366
6216
102831
141778
62835
303810
106030
39060
3655
56953
329266
19900
135981
83436
73153
14196
11781
171
106491
341551
54285
54285
68265
146611
67161
331705
12720
190
67528
9730
8385
156520
3828
239778
1953
12403
30628
16836
143916
35245
93528
84255
1326
35511
128778
1596
132355
25425
29403
19306
15
22366
99235
21115
248865
104196
363378
409060
41905
83436
327645
37950
10011
374545
18915
157641
161028
158766
253828
231
42195
158766
136503
39621
57630
282376
133903
24976
281625
76245
703
9591
238395
20503
113050
12403
1431
138601
43660
2080
50086
19503
15225
22155
1596
8001
7140
7260
85491
102378
1953
115921
5050
133903
15931
135981
1431
42778
210
15051
12246
72771
253828
3828
58996
236328
56616
37401
16836
3741
70125
128778
115921
3
18721
9870
139128
44253
16110
8385
58653
322806
35511
6786
148240
81810
99235
276
28
395605
359128
24753
223446
258840
292995
69751
666
32131
2211
204480
71253
80601
1653
91806
25651
11325
303810
221445
5778
2145
92665
325
190036
409060
70125
64980
24090
334971
326028
1
10296
270480
113050
780
7875
8911
9591
4950
126756
48516
37401
20503
6216
97461
290703
2080
72771
276
6786
228150
66
70500
30381
4656
81003
238395
94830
12246
385003
44850
80601
265356
93528
308505
37675
144991
78210
5778
96580
38226
5050
48516
290703
106491
97461
43071
53301
324415
361675
212878
25878
28203
528
25878
296835
151525
413595
3570
46665
123753
128778
210
45
176121
11476
55945
98790
44850
528
39340
43660
208981
131841
63546
43071
55
85078
37675
16653
8515
7503
5778
24531
196878
77028
1953
250986
23005
1275
44551
3
465
56280
16110
15225
7875
5565
9316
387640
9180
226128
44551
703
21945
152076
14028
37950
63546
119805
276396
134421
780
392055
244650
186966
43956
169653
79401
28
204480
9045
307720
56280
83028
5671
344035
44551
31375
39340
47895
74305
43365
138601
363378
73920
87571
465
38781
120
18721
40470
32131
5460
4753
24310
1431
55611
173755
310078
1485
158766
11781
435
186966
45451
24310
121278
496
8385
58996
9870
45753
9870
39340
1035
72771
3240
6670
42778
703
142311
185745
66066
97903
4656
225456
3160
133903
19306
3570
207690
225456
12880
132870
115440
258840
55
26796
69006
2211
1
21
40470
153
203841
76245
97461
164451
10731
14706
90525
163878
98346
18145
35778
32385
21
116403
32640
1378
286146
6216
81003
630
24753
46056
297606
3655
279378
9870
64980
40755
351
77028
470935
101475
28
163306
224115
58311
57630
19900
435
6903
334153
2211
86736
105111
114003
6441
178503
58996
166176
136
23220
23436
54285
58996
174345
66066
289941
34191
5671
1225
9591
186355
37950
2346
45451
107416
96580
313236
69378
147696
31878
56953
217470
19900
10
192510
55611
53301
11026
203203
135981
22366
95266
120
38226
29890
155961
55278
46360
24531
47278
15051
136
1176
301476
41616
300
41905
3570
262450
296835
23653
4753
97903
50086
73153
268278
46665
72771
21528
3828
378
87571
78606
160461
741
9730
61075
135460
204480
159330
15225
1378
225456
9453
182710
101926
74691
12246
243253
147153
400065
173755
79401
50086
4560
61425
7626
326028
67896
29161
7875
330891
29890
70876
4656
7140
38781
44850
5886
2415
292230
10440
4278
55
39060
5253
60726
285390
2628
17955
1711
8128
14028
120
12403
364231
20100
11628
5886
51360
1326
31375
136
55611
465
43365
341551
458403
55278
180901
9180
95266
63903
19110
35511
26335
75078
16471
13203
5253
227475
13861
64620
14535
422740
318003
12090
51360
14535
8256
253828
212878
91378
1081
38781
70125
256686
143380
30135
24310
81406
34191
2211
101926
329266
224785
19110
10296
8256
8911
219453
201930
20100
106953
103740
27261
8128
6328
63546
11628
127260
216811
15400
60726
58653
73153
5778
561
162165
22791
33930
158203
63190
25651
3741
23653
81406
630
820
2775
9045
173755
7503
138075
21115
11476
256686
137026
76245
80200
298378
41041
44850
140715
19110
109278
53628
29646
277140
3
300
80601
115440
332520
88831
22791
3003
1275
210276
65341
36046
15400
189420
1176
9316
167910
3321
68635
9870
10585
55611
21945
54285
7260
230860
15051
426426
16836
88410
85905
69751
53956
15576
79800
1653
151525
52326
21736
3081
105
54285
114481
129286
10296
28920
109278
24310
2080
10585
262450
3321
2926
171991
27966
300
30628
94830
91806
93096
42195
4465
3
5253
63903
79800
99235
271953
94395
28203
349030
81003
41328
11026
253
61776
11325
180300
1711
3741
38226
15225
381501
293761
102831
48205
1540
195625
1830
1830
128271
39621
153
18721
29161
8385
89253
3655
84666
4371
93961
132870
136
121771
175528
12090
61425
91378
218791
1275
36046
4851
12246
193131
45150
3916
98790
5356
280875
63546
42486
2628
58996
39340
60031
90525
191271
22791
78
10
148240
351
59340
21
226801
5995
94395
26565
182106
144991
77421
5565
6216
212878
4465
342378
172578
25878
6903
10878
9870
73153
1
279378
8001
6670
4656
561
22366
106030
105
29403
4950
119316
237705
144991
3
19503
103740
274170
14365
25200
421821
33930
190036
81406
333336
42486
141778
25651
12880
41905
177906
115921
110685
6670
153735
820
903
18528
46665
72771
21528
68265
318801
14535
41328
351541
7626
5460
271953
78
5151
162165
18721
19701
1891
28680
87990
16290
98790
325
12246
26106
109278
1711
61776
14196
31375
23220
141246
213531
157641
7381
9045
111628
227475
233586
81810
349030
282376
37128
72771
42778
58653
80601
19900
10440
11175
13695
6105
17955
33411
190
172578
179101
91378
7875
91378
3916
61425
228150
257403
17205
81406
11628
231540
14028
12403
258121
42486
24753
7140
16836
35511
205761
76245
14196
5671
190
191271
375411
8001
30135
9730
177310
81406
153
91806
3916
95266
147696
8385
431985
325
17578
14028
70500
26796
38226
2346
5995
21321
29161
40186
20301
1830
19900
77815
27261
414505
2145
219453
1540
98346
266815
50086
166176
463203
137026
325
4851
54946
666
289180
18336
281625
163306
96580
104653
131841
34191
7021
1711
56953
49770
27028
212226
51360
703
13530
7503
496
50721
193131
465
122760
62481
19110
194376
28
5460
13041
148785
3828
40755
17955
222111
45753
57970
25200
9180
253
57291
46665
31626
27261
10878
135460
25200
180300
17766
10296
180300
10011
379756
79003
19110
22155
780
11476
140715
63190
8001
195625
91
250986
269745
42486
45451
2850
210925
2346
5778
81406
21321
28680
74691
4371
111628
169653
96580
216811
356590
132355
84255
313236
496
240471
298378
24531
2016
182106
1891
250278
1225
101025
418155
3486
4560
11476
20301
35245
3
30628
78606
91806
111156
27495
48205
20910
28680
212878
65341
7381
54615
780
146070
244650
7503
49455
4371
1891
5565
5050
3828
109746
7260
65703
46056
75466
82215
155403
101475
365085
143380
44551
111156
375411
36315
68635
323610
315615
5565
141778
69751
43071
325
1540
155403
3
224785
39903
106491
78606
100576
13530
6
194376
78210
129286
14196
3486
66066
25200
50721
1596
8256
117370
13695
6105
231
275653
86320
281625
62481
51681
114481
75466
23220
26796
82621
97903
243951
136
17391
80601
255255
26335
106491
1035
143916
52003
153181
9045
292995
7021
73536
159330
331705
10731
228826
31375
21115
57291
76245
79800
2556
108811
16836
124251
121771
148785
127260
27730
55945
39060
32385
60726
299151
20301
58653
141246
259560
2701
307720
330891
12561
13530
113050
10
5671
101926
210
10731
13530
127765
359128
35778
29890
24753
44253
15225
3081
158766
83028
46360
116886
8128
465
70125
67161
69751
334971
1953
346528
109278
7875
91806
253
121278
97020
5050
46056
91806
7140
7875
17391
52975
6105
2211
5151
12403
69006
2775
409060
2211
903
145530
432915
208335
1711
213531
19701
17955
281625
2701
11026
15
6
112101
51040
1176
7140
561
194376
8778
34980
46056
120786
160461
31626
25651
167331
5356
171
12720
91
204480
109746
350703
41905
259560
7503
40755
2775
17578
210276
25878
63546
331705
300700
87990
8128
377146
396495
17766
187578
88410
68635
325
6555
1770
1378
117855
3655
103740
65341
105570
58653
276396
47586
12403
292230
55611
75466
38226
5671
30135
246753
157641
41616
91
5253
95703
5886
66
2485
8001
79800
96580
10585
128778
14878
6903
10153
11935
70125
20301
3655
14878
15400
16110
64620
175528
155961
246051
19900
43956
113050
95703
124251
132870
139656
11026
561
20910
21321
90100
136
20100
139656
41328
40186
82621
12561
10731
63546
141246
1653
55611
47586
1485
88410
143380
20910
38781
12880
528
26565
278631
3403
1128
41328
53301
3828
330891
6903
1
12090
36585
24310
190036
308505
73153
4095
174345
50403
40186
64261
13203
280126
121278
8001
4656
43660
49141
78606
48516
1035
21115
63190
158203
77028
5671
94395
61075
34453
37675
48828
58996
19110
49770
378
2080
26796
351
21736
13366
66430
51360
141778
12880
24753
367653
132355
70125
106491
113050
283881
66795
16653
3
21528
50086
161028
1176
45150
157080
4465
133386
122760
274911
1176
180300
66430
4186
92665
84255
2628
309291
4950
108345
9730
11781
20503
14028
287661
32131
20503
400960
85491
106030
1035
18336
68265
189420
70500
8778
56616
21
66430
90951
170236
7381
54946
44253
126253
29403
144991
56280
87153
406
861
135460
310078
91806
200661
16110
22578
55
21
1830
20301
1176
168490
28203
55278
990
2926
34191
21
41905
5460
15753
9316
46360
91806
561
5460
13203
142311
482653
45
120295
277885
39060
143916
7750
51040
313236
3741
990
59340
4278
14706
143916
11175
30628
21115
98790
10878
465
81003
1
67161
162735
5671
561
148785
105
234270
10
70500
351
50403
2016
65703
11325
302253
136503
62835
2775
1275
5565
256686
406
1830
3655
68265
39340
32131
125250
44253
20706
136503
46665
112575
42486
8256
342378
77815
10
6328
6105
19503
354061
12880
57630
60726
243253
173166
210
28203
127260
23220
150975
10440
820
144453
34453
60378
9870
77421
265356
218130
283128
27966
28
50086
861
131328
351
35511
94395
22578
104196
309291
60726
2628
31878
328455
56953
34453
166176
128271
2278
93961
28
210276
13861
377146
4950
397386
100128
2211
1275
15576
60726
254541
66
114003
118828
21945
171
2211
7260
133386
53301
220780
238395
8515
57970
102831
93096
5565
496
133903
241860
196878
31125
15576
237705
34191
703
7503
217470
20503
4560
59340
278631
496
171
62835
20503
234955
51360
14196
20301
595
49770
94395
3321
45
35778
23220
3321
314028
52975
4186
8778
59685
104196
9870
4753
15576
6
76636
91806
77815
3321
74691
28
26335
44850
135981
3741
22155
224785
7750
11325
130816
861
270480
39621
13861
13530
48516
34191
337431
36046
7503
7875
595
487578
8001
185136
741
29403
297606
196251
308505
36856
528
119805
195000
16653
780
11476
93528
47278
237016
54285
13203
44850
28441
147696
21321
24531
3570
97020
170236
37950
38781
253
2211
53628
30628
207046
87571
59685
73536
217470
330891
73153
176715
1176
7626
322003
89253
96580
14365
136
8256
13203
2415
79401
1378
46971
245350
259560
279378
278631
167331
25651
72771
20301
60378
189420
111628
17205
41328
194376
54285
7140
2485
10011
2016
66430
129795
137026
243951
84255
84666
11026
115921
666
62835
6105
4278
432915
15576
496
80601
21115
11026
27730
38781
25200
139656
31626
387640
23653
323610
36856
7021
946
18915
35778
60378
5151
11476
53956
66795
7503
44551
4371
29161
11325
87153
27495
3655
12246
10731
2485
33153
232903
299151
13695
21528
17955
48205
175528
3570
79401
60378
8256
11781
120
3570
117855
37675
423660
6441
269745
11175
11476
1770
252405
17766
136
62128
19900
6786
322003
43956
9180
18721
8128
16290
28680
3916
18528
132870
1485
302253
21945
96580
25651
109746
20301
228150
11476
50721
70125
129286
5886
51360
182106
55
12880
79800
23220
37401
741
20100
68265
88831
45753
111156
98790
247456
143916
165600
144453
19701
1275
218791
119316
64261
3741
250278
153
12090
24753
223446
3655
289941
34453
2926
180300
210
2485
29403
79800
102378
394716
1378
435
4950
1711
435
106491
399171
280875
136503
30381
28
89676
24753
136503
42486
131841
1326
214185
206403
278631
1225
2145
171405
14706
125250
14878
35245
3240
43365
67161
156520
4095
67161
28920
210
232221
78606
14365
113526
69751
29646
11175
10153
99681
10011
27261
25651
204480
1326
356590
147696
1891
18915
13366
7503
2016
83028
46360
353220
57291
149331
101025
990
237016
2775
379756
62481
409060
263175
6903
76245
1540
10011
29161
6105
35778
212878
159895
55
18528
5253
406
97903
250278
1225
5565
23005
31878
9045
149878
1176
4851
47278
63903
30876
1431
26106
12090
318801
186355
122265
78
52975
8778
267546
191890
4278
17955
250278
17391
252405
136
219453
44551
4095
5995
167331
205761
7381
25878
66
41616
291466
6670
152076
94395
390286
435
96141
85905
28680
106030
62835
30381
21528
214185
2278
36
1176
47895
4753
6670
120295
22366
20706
123256
11476
46056
2278
51040
161596
120295
198135
109746
153
1225
335790
33670
6903
1225
165600
254541
83436
11476
17766
3003
14028
210
1485
135981
3240
57291
12403
97020
465
174345
40470
57630
9453
334971
62128
222111
9870
251695
16836
34191
18721
17020
341551
27966
6903
107416
1485
366796
199396
365940
87990
15051
137550
4005
7503
245350
31878
23871
13861
35511
40186
6786
10585
110215
30628
11476
108345
1378
22155
4371
106030
85078
11476
19701
2346
261726
374545
25878
230181
6216
5050
4186
66066
128271
91806
4465
208981
25425
435
13861
95266
21115
15931
133386
24310
270480
28920
98346
334153
351
46971
17020
164451
147696
14196
351
11628
113526
141246
15225
15
20301
6786
307720
113526
9730
14365
271216
175528
55945
115921
946
83845
224115
181503
7626
1953
118341
331705
78
1953
293761
110685
243951
192510
388521
50721
12403
13695
528
224785
196251
216811
232221
128271
14878
12403
9453
24090
8911
78210
53956
190036
1326
49455
21321
28441
496
22791
2346
173755
105570
14028
29161
95703
29161
86320
7875
1653
666
12246
91
2701
72010
160461
11935
274170
4371
46360
300
27028
246753
143916
10
53956
6328
8646
8256
1653
2080
16110
8778
289180
13530
248160
39621
595
29890
16836
49141
41041
28
19701
1275
68635
151525
222778
214840
37675
123256
51360
196251
4656
124750
151525
73536
4005
23005
15400
235641
191890
26335
2850
18528
280126
83028
27261
3160
87990
25425
97461
79003
106491
4753
210
17205
128271
35511
1770
172578
19701
4186
262450
339076
279378
136
28441
37950
24310
57291
26106
152628
339900
185745
183315
134421
42486
26565
2211
409965
57630
230860
104653
38781
89676
83028
17020
11325
528
109746
217470
48205
12246
18915
325
261003
64620
1770
13203
15576
13530
18721
157080
70500
333336
93096
21321
23005
15051
149878
34716
96141
465
97461
1225
274911
50403
9045
128271
5253
465
117370
69378
106491
88831
10
199396
141778
1830
10585
124750
220780
22155
281625
61075
69378
2145
122265
703
10296
253
102831
197506
179700
14878
22155
23871
13203
2016
19110
152076
174936
34191
10878
75855
170236
18336
67161
47586
2346
200028
141246
231
57291
5356
14535
228826
16653
11781
3916
246753
2346
6441
190
11026
230860
4560
277885
102378
19701
27028
68265
188805
1953
3916
140715
110685
8778
630
4753
90951
39060
1830
65703
6786
106030
7750
25878
23220
34453
8911
218130
430128
703
1540
49141
5565
161596
28
226801
946
6216
314821
171405
15931
241860
110215
96580
28680
630
40186
175528
105
153
17020
154290
24976
10731
28441
260281
27495
143916
374545
284635
71631
56280
118341
351541
183315
21115
112575
8515
299151
256686
344865
139656
90525
26106
5671
32131
24753
2080
123256
119316
65341
21528
171
143380
19701
62835
166176
89676
7626
36046
6786
451725
4851
128778
286903
17766
231
22578
20503
77815
4371
92235
115440
65703
179101
344865
3321
184528
12246
2016
310866
53956
43660
135981
6105
46971
28441
14878
35778
52975
39621
38503
192510
231
20301
124251
171
80601
68265
195625
1540
3486
53628
4656
260281
33153
185136
174936
110215
292995
253
13203
27495
76245
127765
144453
39060
136
147696
6216
7140
1485
63190
355746
2278
741
6786
40186
6903
1081
24310
12403
70125
49770
990
45
38503
53956
66430
48205
145530
26796
260281
55611
3321
61075
6105
160461
229503
26796
47586
137550
36315
13695
903
3916
2926
14196
215496
1770
102831
903
20100
69751
127765
106953
418155
253116
33670
666
2775
149331
253
24531
377146
87990
8385
93528
428275
29890
70125
153
18336
9316
39060
3003
300
69378
15931
21
3486
1378
307720
9870
18145
340725
27028
230860
3486
318003
383250
5253
135460
16471
353220
4950
2145
9453
154290
161596
11781
96141
307720
18336
22155
4753
254541
72010
37950
41041
234270
14196
22155
274911
2415
26796
25200
39340
298378
81003
165600
31375
1176
21321
336610
419070
98790
1830
2346
86320
231
5356
28
62481
1770
283881
33670
2628
20706
1035
276
13530
261003
71253
243253
153181
234270
158766
239778
101475
61425
2080
40755
29646
19503
1653
289941
65341
6
40470
435
189420
259560
221445
299151
1431
53301
269745
93961
40755
10878
58653
218791
3003
171991
40755
168490
102378
3916
55278
220780
55
129286
465
73153
128271
19306
226801
16290
8646
96580
212878
378
100128
85905
2926
74691
34716
50403
77028
35778
434778
25651
23005
331705
38781
28441
386760
165600
20910
4186
181503
780
50721
399171
238395
41328
6786
126253
48516
210925
3160
95266
14706
1596
56280
48828
17578
106491
427350
14535
75466
113526
18528
1596
45
73536
13695
43365
2415
325
49455
18336
235641
170236
5671
138075
389403
98346
182106
903
120
220780
68635
131841
276
5253
15051
2701
86320
70876
170820
21528
112101
71631
66795
15
158766
11935
256686
23436
13861
20706
294528
8001
182106
15400
62128
50721
64261
4095
64980
163878
271216
98790
427350
2485
231
28920
3486
224115
8515
595
4656
37401
70500
56616
7626
56280
64620
142311
99235
41905
261003
820
24976
1081
340725
50086
160461
227475
28
24310
31626
46971
28
37950
190
104653
88831
41041
18336
33930
269011
46056
5151
60726
21
91
282376
9453
12880
143380
300
2701
276396
257403
153
207690
115921
3081
77421
258840
6903
15051
432915
561
39060
4186
33411
26335
55611
25878
38226
288420
196251
3570
273430
26335
18145
3403
703
118341
2346
102378
176121
129286
66795
3240
44253
6105
137550
70125
224785
14365
54615
98790
65341
100576
13366
63546
147696
741
93961
106953
22155
142311
27261
134940
116886
1081
5460
105111
57970
7381
24310
38226
226128
121771
1540
30381
141246
53956
198765
75855
20503
72390
275653
39060
28203
90100
50721
8778
345696
10011
33930
133903
12403
87153
220116
32640
12090
352380
69006
253
176121
2346
281625
66795
125250
43660
13695
7021
170820
23005
6216
8778
83845
12561
143380
432915
1225
219453
36
38781
169071
1596
61776
32896
147696
141778
91806
14196
630
246753
126756
98790
14365
59685
10296
63903
14028
138075
103740
7875
2701
19503
226128
19110
47895
21115
11175
300
62128
19110
6216
148240
109278
289941
95266
25425
47278
1128
56953
171
36046
8128
210
78210
371953
8911
62128
2701
28920
19701
57970
67528
148785
1378
54285
156520
327645
51040
75855
314028
1225
291466
17955
861
10731
93961
4371
11935
5995
113050
77421
990
115440
31375
112101
8515
11026
208981
112575
167331
4371
93528
212878
203203
10878
154846
30876
100128
52975
5671
86736
25878
31125
26106
205761
15051
337431
7626
95703
70500
50403
101926
104653
196878
25651
33670
43660
29403
2211
54946
903
33930
6216
741
10
286146
352380
73536
81406
28680
31626
156520
16471
34980
68265
68265
30135
38781
44253
243951
325
184528
26796
109278
45
8515
3003
148240
2850
351
300
42486
319600
192510
196251
77815
95703
4753
226801
43071
139656
33411
3321
15576
84666
325
12246
465
223446
79800
68265
165600
20301
1378
29161
102831
120786
29890
34191
166753
90951
157641
286146
75855
153735
6555
4005
17205
9730
344035
32131
169653
132355
17578
165025
101926
191890
159895
207046
7626
31626
8515
110685
1035
25200
232221
13041
28680
404550
23871
64980
335790
7750
110215
253
2775
426426
161596
12561
57291
351
24090
201930
117855
96580
3403
122760
105
595
29646
81003
173166
12090
1596
234270
91378
231
20503
5778
52003
7260
34191
56616
217470
157080
1596
297606
246051
8778
92665
430128
134421
13861
110685
156520
76636
666
337431
97461
33411
4560
3741
26796
75855
35511
39621
36
5995
358281
5995
12403
11781
169071
6105
107416
4371
29890
1326
96141
164451
117855
166176
54946
56280
211575
139656
13861
6
218791
385003
11175
14706
134421
19306
26335
215496
241860
163878
196251
365085
21115
128271
32385
103740
80601
311655
79401
108345
1431
174345
5886
90951
57970
990
1830
1540
7750
118341
88410
435
8646
31125
251695
29161
71631
432915
2556
5460
304590
1540
150426
45753
85491
1225
103740
14535
120
7381
106030
13695
203203
224785
369370
12720
13203
119805
101926
17205
242556
1035
1953
3570
102831
318003
285390
134940
271953
561
2628
153735
26565
12090
7750
38781
121278
76245
595
1035
5565
33411
38226
34191
1128
215496
496
169071
66066
73153
391170
780
161028
12880
56616
16471
8256
46360
102831
174345
16653
11476
207046
93528
117855
21115
40470
26335
19306
103740
16110
351
89676
15
18915
108811
19110
129795
80200
1770
51681
22578
49455
16836
126756
68265
2278
83845
243253
60031
106030
12403
289180
76636
73920
90951
300
378
283881
11325
310078
71631
93528
35511
27966
49455
14028
350703
129795
157641
50086
34980
126253
51360
144453
19503
31375
325
15400
362526
4753
13203
440391
10878
94830
990
11781
167331
13203
3486
242556
5356
33153
41041
169071
1035
6105
2145
6441
3655
176121
195625
4560
23005
344035
4656
90951
116403
226801
34191
8001
173755
17766
81003
63546
138075
41905
181503
15931
269011
70125
5778
7021
44850
361675
71631
35778
6216
339900
140185
102831
17955
990
1891
41041
16110
390286
5886
4095
45451
4656
87153
38503
127765
37950
65341
82621
19701
237705
124251
1653
6216
64261
31878
19110
56280
11476
75078
184528
385881
102831
38226
191271
25878
267546
1275
45150
66795
75855
120786
134940
232903
286903
5151
561
43956
134421
60726
24090
465
1081
231
199396
1830
54615
215496
35245
15576
89676
143916
33411
27028
148240
131328
238395
18145
113526
45753
8778
62835
32385
70876
78
12720
122265
123256
34716
15576
72390
131841
27028
1275
133903
205120
186355
378885
37128
46665
11781
77028
13041
167331
255255
4278
40755
15225
273430
37128
5050
85078
7750
32896
6441
93096
44551
300
194376
41041
200028
292230
34453
12403
109278
1830
71631
136
158766
36046
114003
48516
63546
198135
114960
60378
19701
14535
57630
21736
147153
127260
33670
86320
174936
122760
666
2211
299925
70125
6216
149331
151525
88410
1770
36585
1540
52975
1830
246051
28441
4465
60378
18145
162165
31375
35778
123753
133386
11175
9045
4186
5253
903
10731
117370
11476
191890
2346
51681
9180
49455
36856
21736
159895
15931
4186
435
52003
14535
3240
193131
95266
64261
52003
226128
64620
10011
19306
74305
42486
8778
60726
1128
25878
153735
395605
106953
280875
128778
2278
406
18721
266815
21945
190
50086
22155
1540
47586
8778
18915
30381
496
286903
2080
195000
2701
209628
39903
24310
48828
368511
7750
134421
169071
366796
741
82215
79401
10296
128271
162165
7626
4753
2016
1596
120
15225
343206
162165
34980
17020
9316
302253
8911
8515
199396
279378
48205
129286
179101
8001
323610
99681
194376
95703
7260
9045
135981
6786
13366
43956
30135
4950
92665
8911
276
1596
72010
5050
1653
2415
174936
50721
276
85078
4656
58996
2556
595
528
9870
14706
35778
8128
210
16653
7140
236328
353220
237705
18336
1275
2701
176121
1431
81003
62128
187578
51040
142311
197506
60726
31626
703
55611
11325
165600
43660
223446
29890
18336
90951
21321
12720
10585
85078
77815
53628
88831
1540
37401
1540
276
15576
3655
234955
990
60031
5886
17955
8001
110215
780
173755
336610
299151
15753
37401
16471
9316
1540
7503
3570
3916
45451
216811
150975
7503
79401
37950
78
62481
21945
47586
254541
13695
226801
5886
3570
73153
10585
95266
83436
40755
69751
6441
198135
30381
102378
49770
4095
35778
106491
16110
3403
86736
2775
28920
11935
10440
190036
28920
180901
287661
402753
296065
191271
78606
23653
1081
68635
11175
50721
425503
190
47586
224785
1326
4278
45
33153
43365
36856
252405
175528
3403
24531
173166
23653
43660
35778
28203
34980
5995
164451
8256
144453
96141
27028
18145
33411
60031
123753
224115
179101
29403
184528
12246
408156
97461
2850
8001
465
89676
75855
4950
1225
103285
129286
16471
10878
225456
104653
946
127765
124251
190036
332520
18336
28203
5778
4560
73920
13041
13366
51040
946
33670
9591
5995
22366
30876
27730
114003
189420
205120
10731
23653
193131
9180
177310
113050
10585
298378
40755
78606
121278
209628
165600
14535
103285
35778
100128
201295
28
311655
85491
97020
405450
120
24976
41905
245350
1
145530
32896
214185
14196
1953
9453
415416
243253
3240
26796
64620
48205
9870
82621
23436
247456
94830
83845
144991
68635
41616
165600
67896
8256
1830
96580
2628
94830
10878
71631
277885
41616
298378
181503
439453
3570
53301
257403
9591
221445
86736
191890
4950
12403
55611
255970
91806
2850
1485
97020
4095
21
17391
19110
55278
62835
4186
26565
24753
393828
528
10011
41905
220780
630
49770
198765
16836
39060
8911
93528
66066
24531
114481
1953
6
190
99681
435
251695
3
216153
211575
148240
101926
148240
14028
98346
1081
16110
82621
8256
49455
219453
62835
35778
1653
39340
4095
139128
42778
5356
120
114003
198765
9453
7750
13366
5995
106953
109746
79003
56280
78
33930
465
187578
105
176121
67528
4186
24310
299925
210925
26565
65341
104196
307720
40186
47586
91
89676
228826
152628
62481
10585
182710
57970
145530
264628
14028
34716
1540
83436
52003
310078
127260
186966
2556
265356
229503
80601
112101
223446
32896
253
136503
1485
39621
8515
27966
1953
40755
147696
182106
123753
134940
48828
201295
71631
406
72771
18145
630
162165
253
201295
9316
349030
371091
91
237705
1953
26335
378
255970
105
125751
106491
23005
97020
93096
113526
90951
344865
1770
11175
53956
283881
218130
10731
36315
115921
2628
97903
148785
191271
703
24753
40470
182710
315615
137026
1035
168490
233586
288420
46360
228150
34980
292230
253
184528
77815
55611
23005
26796
32131
446985
3003
123256
32385
325
14196
90951
6441
17578
12880
462241
39621
95266
171
28441
15051
11935
7260
496
2485
3570
80200
109278
223446
39340
148785
75078
50721
97461
2556
39340
153
19701
290703
53301
40186
79800
85078
101475
19900
3570
140185
74691
87571
130305
85491
8001
403651
75855
99235
342378
66795
19503
25425
105570
5050
194376
3741
18721
40186
50403
306936
7021
145530
66
78
11325
179700
14196
21321
111628
15051
269745
156520
277140
34453
97461
28441
9045
741
42195
452676
52003
255255
42195
25651
26335
9453
203203
289941
69378
22155
11175
1326
362526
23653
201930
4005
192510
14706
7381
29646
149878
262450
176715
171
105111
9045
226801
1378
19306
61075
90525
15753
132870
7626
2211
11175
15225
77028
185136
4005
201930
228150
82215
9180
21528
157080
31125
211575
32385
56280
325
117855
65703
528
205761
205761
182106
3160
1378
41905
18915
253828
105
11175
299151
155961
224115
52975
117855
7021
61425
95703
135460
63546
2415
143916
215496
72390
146611
157080
31626
48828
14365
6786
210
15051
561
250986
44253
780
144453
300
61425
11935
34716
57291
139656
157641
74305
63546
28203
325
30135
239778
281625
289941
12561
47895
25878
85078
94830
1176
69751
21321
234270
43956
55945
419070
47278
16653
159330
37950
210276
79003
17955
6328
4095
134421
205761
148785
107880
5886
196251
42486
89676
432915
210
101025
47278
87990
13861
237705
47586
195625
109278
50403
31125
434778
24976
1275
57291
127260
55
62835
321201
158203
210
1653
406
221445
10011
29403
2850
56953
35245
314821
1081
93096
85491
45753
289180
496
9045
23220
98790
58653
19503
84255
169071
20706
64620
5253
68635
45150
21528
1081
220116
5356
167331
1081
57291
126253
69751
8646
78
8778
78606
105
25878
171991
83845
174936
138601
143380
2556
17766
299925
25200
77028
5995
16653
71631
20100
414505
71253
106953
258121
21321
1485
8515
86320
108811
50086
117855
15576
6555
12720
7021
108811
51040
45451
69751
59685
36856
53628
14365
136503
1711
7260
125751
36315
250986
23653
6670
561
296065
66
72390
110215
61425
49770
104196
303031
1128
331705
67161
32131
121771
4371
341551
3081
54285
53301
97903
13203
81406
28203
63190
432915
62835
4278
44253
318003
46971
3003
62128
433846
3570
46665
18145
101475
55278
31626
248865
58311
19900
105111
171405
73153
561
16653
114003
182710
48828
20503
14535
41905
83436
141246
363378
64980
1891
7503
30135
115440
9591
49141
72010
334153
82215
94395
18721
3741
1891
29646
18336
136503
253116
38226
91378
27966
1830
330891
181503
16653
32640
33670
60031
27261
250278
1953
23871
113526
78
93961
26796
28
351
175528
25651
64261
57970
135460
30381
85078
1275
171
27261
5253
196251
5995
140185
113526
287661
150426
109746
861
45
9180
404550
150975
4950
393828
3828
152628
58311
1596
27495
1485
4095
120
130305
234955
30135
183315
241165
5151
2926
35511
303031
72390
1275
5778
50086
1081
288420
666
6441
152076
20100
127765
157080
88410
10296
379756
178503
174936
67161
3486
9870
85491
60031
100128
231540
120295
1485
231
2415
4753
4186
6105
4851
250278
36585
258840
83845
9045
78606
180901
271953
27966
22791
173755
1540
159330
57970
7750
191271
14706
144453
208981
7875
105
820
260281
1540
16110
72390
45753
373680
250278
8256
378
3240
233586
73920
29403
274911
34191
318801
29890
44551
4465
1485
3403
30381
61425
43365
7750
16653
31375
37401
107416
30628
2628
55945
45753
247456
141778
4371
140185
57630
110215
127765
15576
4278
17766
3403
41616
362526
34191
4851
9591
423660
23220
7750
18145
165600
184528
50721
25651
251695
25878
2346
7503
35511
26565
171
14365
4656
79401
7021
17578
7875
147696
32896
38503
118828
261726
239778
339900
8385
2211
14365
6216
1711
27730
15400
160461
5671
286146
6786
21528
45753
378
9453
122265
37675
34716
18721
630
3655
116403
46971
6555
8256
34453
101926
134940
36585
48205
87990
53301
67896
107880
42195
2926
26565
66066
208981
1275
343206
59685
49770
70876
33670
51360
2346
16836
81003
1953
11175
269745
3081
1540
32131
210276
23220
21945
289180
26335
52975
107416
83845
12246
465
79003
183921
780
6555
5460
135460
24753
11026
175528
171
48828
147153
1326
138075
465
44850
95703
528
389403
237705
99681
53628
1225
21321
139128
85905
285390
903
32640
201930
68265
29161
283128
310866
42195
278631
45451
703
2415
146611
108345
117855
132870
25425
903
73153
20301
17766
12880
80601
106491
9453
4950
132355
410871
93528
14535
2016
4371
25878
44850
72390
5886
10153
23005
39621
11628
34980
35245
39340
81810
170236
55945
163878
64261
133903
50721
780
36585
72771
193131
68265
496
61425
33153
83436
59685
2556
241860
6105
25651
385881
101475
45753
5253
8001
10878
193131
8646
61776
2415
46971
97903
253116
1953
11175
66066
79401
69751
81810
113050
140185
6105
2211
2278
5886
232903
78606
226801
81003
76245
3240
168490
54615
30876
84666
51681
112101
378
97020
45
200661
741
15931
16290
20100
9045
43071
92665
2926
48828
148240
67896
125250
56953
630
10440
65341
47586
183315
2701
57630
8385
81003
3240
153
64261
207690
47586
207690
32640
595
23005
15
117370
60378
46665
95703
1326
114960
21528
135460
98346
7140
37675
260281
328455
86320
46665
25651
595
325
8778
24976
335790
65341
70125
3240
64980
15576
61425
2278
3828
114481
166176
10153
1378
64261
53956
66430
6
135460
129795
238395
82621
183921
34191
5995
344035
33411
44850
1081
115440
10011
105
230181
7503
76245
40186
23220
127765
10585
15225
97903
7021
87153
6105
167331
146070
32896
11781
12880
4753
180300
279378
2016
157641
20100
9180
36315
14878
79401
337431
110215
31626
24531
57630
2415
119316
80200
1830
12246
212878
64620
48516
125751
37128
147696
1225
310078
167910
241860
31626
321201
903
14878
213531
78210
40186
126756
339900
420903
4095
11476
49455
29890
224785
129286
83028
55611
11935
174936
16836
7381
6670
1953
47278
46665
27495
335790
365085
117370
741
270480
217470
130816
299151
447931
260281
31125
240471
55278
195625
148785
162735
10878
47586
73153
2211
9730
111156
269745
246753
310866
3741
1081
25878
23220
82621
21528
249571
34716
5356
780
154290
162165
112575
77421
16471
13530
5050
1225
2211
36856
332520
51681
15
5671
34191
82215
23436
3
59685
97020
88410
150426
13861
2278
54946
6328
80601
228150
127765
210
343206
20503
150426
7750
9316
74305
81406
3160
57291
19701
351541
21321
33153
63903
39621
21321
91
12720
19900
4278
41905
5778
630
268278
21528
36585
29646
13203
6786
149331
24753
114481
233586
53628
780
24310
91806
72390
158766
119316
1378
14706
123753
1081
126253
234270
322806
41041
6555
4186
371091
5050
5151
92665
37675
33930
120786
32385
85905
193753
20910
61776
18915
78210
24090
2556
36
191271
166753
247456
30628
29890
1326
35778
315615
74305
99681
19306
561
14878
91378
263901
105111
18915
306936
90100
134421
20301
232221
10
46971
630
169653
77028
16110
92235
9045
46665
17020
20910
1275
17205
176715
741
62481
62128
136
11781
73536
9870
95266
14535
148785
30381
90525
234270
74691
197506
2415
5565
5050
172578
200028
53628
73920
65341
8911
70500
53628
101926
34191
5151
24310
5995
52326
41041
2701
367653
441330
17578
496
75855
66795
31878
5565
81406
10440
28920
90951
231
8128
61075
17020
236328
37675
49141
227475
174345
109278
34453
41616
494515
406
8385
242556
384126
304590
61075
206403
4656
351541
119316
3240
95266
26335
162165
946
99681
10011
6555
12403
55
136503
4465
226128
4095
392055
64620
137026
8001
300700
62835
1711
347361
84255
3081
72390
49770
275653
48828
175528
27966
46971
24310
353220
17766
184528
3486
5460
2346
72010
94830
4753
10296
41328
28441
17020
56616
78210
177310
165600
231
105570
38503
60031
32640
55945
64620
367653
2556
75078
12720
204480
186355
1540
45150
1596
2926
15931
82215
24531
115440
62481
140185
190036
46971
241860
22155
60726
190
75466
64620
392055
40755
13203
297606
406
250986
496
149331
44253
53956
87571
1485
17766
14706
308505
50721
128778
12403
70876
251695
130816
561
286146
105570
11026
72010
174936
56280
122265
4371
41328
132870
54615
108811
39060
249571
30135
219453
4753
2145
2346
72010
151525
66795
9316
325
135981
79401
158203
131841
15400
41616
4950
5151
15576
190653
76245
820
241165
5886
9180
861
8646
407253
188805
370230
13861
6670
5253
81810
136503
128271
208981
3321
2080
184528
2850
117370
630
25651
116886
97461
92665
284635
233586
1596
17955
101475
63903
171991
69378
71253
11476
155961
233586
347361
110215
25425
182710
97461
334153
703
358281
380628
1431
46360
66
42486
595
60031
191271
81003
9453
28
8515
66
118341
820
2145
3486
45451
28
125751
103285
43660
88831
31375
86320
62481
1128
66066
79800
43365
120295
19701
24310
208981
7021
3655
6
50403
6670
30876
1176
73536
11628
123256
37950
254541
465
55278
47278
9453
19900
53628
2016
72771
40755
42778
108811
25651
163878
61425
20100
21115
85078
113526
114960
10731
57970
7750
122265
5253
64980
106953
32640
162165
13695
102378
114481
36046
375411
73920
703
188191
88410
58653
105
140185
15225
126253
26796
33411
1770
62481
197506
232903
91
46360
47278
177906
11325
210
10153
131328
303031
105570
81810
12403
161028
97461
1035
40755
48205
1653
202566
226801
12561
32131
29161
1176
177906
28203
99235
351
38781
103740
100128
20706
325221
43365
48205
93961
741
17955
293761
55
180901
69006
47895
182106
18336
15931
291466
54615
15576
44850
91378
49141
161028
2145
28203
72390
903
5886
11476
10296
5151
5778
496
3655
255255
198765
7260
122760
2628
44253
42486
11476
13366
8778
21
54285
3240
5671
20301
202566
30628
21321
35245
36315
34980
229503
12561
14706
117370
55278
165025
31626
28680
75078
148240
21321
168490
130816
6903
276
325
75466
17578
125751
142311
14878
130816
40470
27966
21736
4753
5460
123256
137026
9045
3
23005
179700
1326
51040
414505
36856
152628
208335
294528
241860
263175
14028
15
39621
93961
3828
53628
9045
1891
24090
57630
428275
76245
109278
6105
13530
158203
12246
209628
47586
3486
276
98790
1378
496
3916
22155
26106
26796
171
174936
85905
134940
1081
266815
32131
215496
162735
31125
12246
5886
140185
261003
106491
8778
30381
1830
6670
90951
31375
58311
239778
86320
108811
339076
96141
32896
31878
1128
437580
13695
17578
9730
19503
1081
149878
4656
240471
198765
359976
3655
39060
12403
11781
234955
21736
145530
378
68265
40186
72771
43365
13041
5151
196251
2346
119805
903
1176
111156
41328
13041
44253
182710
171
2628
3741
91
630
78606
64620
365085
171
102378
4465
277885
69751
102378
4753
112575
19503
348195
84666
311655
780
23871
182710
132870
22578
137026
29646
202566
18721
10011
57630
54285
153181
141778
561
60726
70500
63546
2775
16110
24976
173755
7626
28203
4465
286146
67896
75466
292230
54285
88831
152076
174936
38503
89253
409965
26335
24310
780
6903
13366
132870
187578
59340
14706
128271
56280
233586
1035
5565
215496
4656
222111
21
85905
595
17205
1128
2016
9730
78
1326
79003
33411
182710
35778
70500
1891
28203
263901
182710
26565
16110
203203
46056
23220
163878
49455
1035
52650
2080
118828
1081
224785
65703
14535
164451
42486
61776
14706
666
435
237016
367653
9870
123256
1653
5995
33411
20706
118828
131841
100576
23005
34453
104653
54946
291466
255255
4465
13041
449826
4656
153181
1953
30628
322806
1891
277140
73920
120
32896
261003
49141
326836
3570
196251
93528
7260
36585
7140
13861
1770
36856
121278
123753
11476
9045
162165
22578
2775
23871
57970
3081
139128
134421
8778
903
30628
122760
496
300700
3003
36046
125250
3403
5995
2850
22791
4005
9316
65703
145530
9045
990
7503
49455
352380
325
3655
14535
1128
496
75078
45150
31878
175528
71253
210
161596
11026
2850
234270
70125
21
28203
101025
25651
303031
11026
106953
18528
136
1830
284635
26335
228150
990
422740
182710
666
3486
16110
167910
10585
198135
42778
130305
18915
136
20301
109746
990
140185
274170
155403
153181
8001
260281
4186
13366
299925
129795
6216
46971
21321
3916
50721
17766
25651
9316
3741
44850
2415
35511
52326
7021
1176
67161
1596
184528
99235
11781
40186
105
144453
185136
14028
29403
173755
2485
24090
171
209628
279378
26335
4950
153735
19306
35511
8778
42778
37128
22155
68265
36856
1035
183315
29403
99235
4656
146070
23220
180901
325
81810
81003
196251
128271
163306
247456
50721
142845
31375
281625
19900
85078
14706
26796
66795
195625
203841
3828
4465
28441
20100
71253
33153
14535
107880
136
93096
61776
73153
133903
3916
73153
57970
226128
193753
32385
140715
8646
8001
465
990
4278
110685
55611
23220
38503
279378
2775
946
57291
56953
4278
152076
58996
55611
16836
32896
21
1035
32385
364231
185745
78
209628
142845
241860
76245
2278
279378
75466
210276
44253
78210
254541
43660
44551
191890
127260
382375
63190
107416
74305
8778
231
36585
528
73920
78
70876
24753
45451
63546
48828
2346
171
210
3486
57291
1378
2278
292230
29646
91378
178503
120786
496
24090
118341
106953
20301
231
249571
70125
48828
1770
3
126756
107880
318801
58311
118341
97903
1128
266085
13041
39903
11781
151525
19900
103285
50721
49141
68635
161028
465
18528
990
120295
10440
13041
15225
14028
946
5671
243951
1596
65703
154846
20100
27495
250986
98346
43365
10
18721
116403
46665
239086
83028
34980
202566
52975
120
144453
232903
33411
2080
40470
17578
10296
101025
241860
180300
139128
18528
130816
6441
1128
39621
35511
93961
7875
55945
110215
25878
113526
159895
990
160461
780
258121
91
78
12246
207046
372816
780
66430
98790
134421
101025
5151
15400
9730
23871
15576
31125
6216
24310
13695
354061
263901
26106
5886
2415
3
269011
79401
14196
3
117855
148785
171
3
12403
274170
22578
126756
159895
136
9180
7260
6670
8646
105111
227475
201295
1953
46360
25425
5253
13530
96580
4656
77028
127260
33930
178503
57291
51681
49455
167331
117855
77815
146611
595
84255
152076
114481
741
81003
27028
37950
27028
378
127765
112101
248160
83028
10296
180300
257403
406
48205
3081
23005
1770
140715
448878
14196
51040
2346
180300
6786
86320
41616
287661
111156
990
219453
389403
21115
224785
1081
167910
5356
10731
4278
139656
3828
141778
45150
266815
153
45
283128
20301
38226
20706
14878
435
630
5151
279378
268278
2556
1770
40470
112575
115440
60378
71631
15225
25878
102831
226128
105
171
242556
990
159330
231
326028
86320
77421
359128
465
64620
46056
21945
55
46971
24090
2211
134940
154290
