5565
180901
2080
41616
20706
223446
3570
3570
32385
239778
158766
97903
36046
4005
108811
6903
30876
32640
159330
2775
197506
89253
406
118828
120786
136
1770
31375
3403
4278
10878
10440
259560
50086
3321
1653
149331
2850
57970
52650
71631
40755
16290
139656
39060
150975
312445
15931
1540
19306
28203
170236
121771
6786
2926
207046
91378
30876
356590
36315
45753
152076
35511
84666
344865
5151
32131
270480
1431
182106
63546
142845
184528
50721
135981
96580
47586
11175
154846
326028
10731
59685
111156
7503
2145
77028
234270
60378
82215
36585
32896
11325
81003
13366
10011
7503
4465
5460
101025
7140
97020
2145
86320
89676
10
5356
154290
16653
198135
54615
1128
17391
27495
18915
401856
265356
105570
120295
21
6555
4278
19900
1770
190036
3
198765
12720
27261
5253
7021
1711
201295
117370
242556
26335
135460
318003
78606
257403
40755
14706
207690
29403
32385
78210
213531
24310
1378
133386
266815
106030
8385
110215
29646
46056
429201
140715
284635
703
10153
5886
6555
11026
5778
56616
1081
1225
95266
76636
66795
48205
253
10153
21
46056
171405
89676
244650
74691
199396
30135
37950
163306
8256
63546
3003
39621
24531
293761
88831
62481
144991
65703
196878
347361
4851
57630
50721
27261
301476
328455
10878
223446
5995
77028
129795
58653
9045
36046
43956
144453
39903
27261
79800
144453
7626
1830
6903
66066
14535
124251
20706
85905
175528
185745
17766
7260
21
103740
4005
171
68635
147153
26106
25200
55611
99235
74305
68635
102378
133903
76245
9180
112101
1
185745
25878
378
18336
51360
28441
13366
18528
124251
820
3828
82215
303810
11325
51040
16471
7260
372816
16110
37128
115440
20706
340725
158203
18145
257403
16653
61425
87571
10585
4753
18528
35778
9870
36046
293761
5151
4095
28
33411
39060
44551
76245
6670
261726
397386
207046
52650
193131
6
25878
64620
34191
24310
188191
418155
152628
8001
10296
3655
861
104196
130816
127260
595
378
263175
173166
61425
284635
92665
179700
8911
2556
97020
3003
52003
21
64980
561
171
4095
74305
35245
4656
38503
46360
119316
62481
81406
29161
322003
741
3655
32385
37950
10878
153735
133386
102831
30135
2628
44551
66
946
11325
11476
10011
36315
34191
58653
19900
19900
300
62128
6670
85905
142311
133386
14706
334153
39060
6555
153735
3828
88410
19503
3403
88410
3081
141778
7140
33670
414505
78
29646
53301
135981
217470
318003
11175
10585
154290
46360
28441
30876
91
35511
4753
91
75078
38226
19900
237705
273430
741
53628
28203
56953
21321
262450
258121
74691
136
232221
21115
261003
16471
11781
120786
27730
123256
41616
48516
46971
208335
11026
12880
1830
338253
13861
39340
903
126756
31626
135981
145530
1326
33411
38503
108811
10296
19110
5460
17020
77421
2211
310866
91
210
25878
261726
103740
15
9453
258840
11628
19306
81810
263175
31375
8256
27261
1596
12561
465
127260
15576
127260
56280
152628
27730
66430
88410
30628
55
100576
10153
1540
378
27261
190653
40470
44850
595
353220
54615
66
131841
142845
3486
303810
51040
2775
97903
3081
465
121278
64620
3160
97461
40755
16471
86320
56616
146611
127260
165600
4851
6670
45451
154846
180901
820
11628
1770
70876
89676
123256
243951
21945
2278
15
106030
232903
24531
16110
27966
334153
47278
3160
210
13203
7260
24310
127765
3828
245350
317206
14535
8256
98790
18528
4656
7626
58311
79401
229503
43956
166176
72010
903
137026
30876
741
14535
8778
126756
2278
74305
200661
292230
32640
3
300700
7021
49141
111628
10440
142845
19900
226801
203841
377146
24310
188191
168490
1081
177310
212878
142311
232903
81003
173755
130305
43365
47895
24531
11325
124750
88831
4851
1830
40755
45
124750
1128
33670
77421
4851
4656
148785
65341
207690
310866
130816
289180
173166
74305
114960
127260
13695
13366
24090
1596
183921
250278
79003
34980
77421
14028
5565
59685
195000
92665
6105
14028
61075
2016
127260
13366
18336
17391
66
31626
100576
48516
6105
210276
75078
56616
36
168490
7140
129795
131328
135460
137026
111628
94395
393828
285390
55945
9870
61425
4005
259560
10153
102378
62835
70876
219453
176715
134940
37401
36315
4950
184528
5778
86736
113050
253
79003
66430
13530
231
10011
180901
10296
125250
378
180901
16290
97461
24531
21
122760
3321
16290
9591
43365
6786
107880
946
29890
4465
56953
182106
220780
5565
1326
76636
349030
97020
17766
49455
7750
122265
398278
2278
6670
173166
10585
85078
285390
93096
56280
16836
147696
10585
86320
87153
88831
43660
75466
146611
2556
8646
46360
255255
20100
12880
29646
36046
2016
57970
267546
313236
120
28
30135
44551
62481
2016
360825
125751
3741
2556
435
1326
36856
147696
56616
43365
17391
3403
338253
308505
62128
179700
210276
13861
33411
434778
24090
17205
127260
1770
38781
13695
64620
91806
32640
2145
2278
39060
38226
92235
21
27966
85491
349030
147153
4186
30628
47895
6441
70125
2415
43071
63546
40755
3003
83028
73920
34716
7381
248865
139656
109278
259560
78210
88410
24090
35245
117370
4005
23871
52003
741
174936
9730
261003
18528
51360
155961
158203
228150
1
183921
11935
11476
246753
38226
362526
153735
1830
1711
19306
2016
1378
18528
89253
75466
22366
236328
56616
169071
25651
31375
3003
133903
112575
292995
24753
81406
149878
34716
119316
182106
4371
455535
4851
437580
131328
63903
4656
79003
237016
186355
210
35245
58996
125250
72010
108345
171
2926
16290
169653
31878
31626
200661
136
56280
92235
66066
11781
50403
158203
152076
14535
69006
87990
1770
125751
21528
50403
88410
210276
3081
12403
561
15051
195625
1128
13861
47895
55278
50403
6670
245350
158203
418155
3486
216811
23005
193753
15931
10585
98346
153
162165
5151
14196
8646
55
30381
23871
47278
36585
116403
28441
220116
2628
320400
47278
5356
4753
367653
45
74691
15576
163306
1081
230181
44253
35778
4005
4560
3240
52326
47278
5886
15
5050
27028
78
167910
66795
11325
18528
29646
217470
1891
116403
47586
6216
21
310078
154846
91
223446
3486
76636
121771
122760
182710
16290
1275
10585
191271
286146
148785
2850
263901
8911
433846
46971
69751
81003
196251
10878
326028
35778
37128
90100
208981
3240
820
2775
61425
162735
47586
158203
293761
4095
26796
10153
378
4950
118341
7875
141778
208981
10011
21115
1326
2556
284635
232903
67896
15753
52326
2701
246753
114003
15931
210925
34191
26106
2278
86736
2415
200661
12880
13695
5778
72390
65703
50403
13203
153735
207690
1378
86736
15
34716
124750
286903
68635
74691
4656
7503
398278
28203
7381
741
303031
50086
93961
90525
183315
6105
4278
19306
31626
21528
4278
300700
21945
171
97461
113050
44551
253
255970
17391
9453
1378
43660
45150
297606
226128
291466
118341
63546
903
143380
26335
175528
127260
241165
33670
24310
7503
385881
130816
37401
42486
3655
66
254541
192510
72390
117370
10440
8001
247456
83845
53628
28
98346
16653
281625
35778
2278
45150
300700
3403
34191
179700
72771
46971
4095
100576
75855
78210
231
151525
89253
171405
55
216811
147153
9591
903
1596
1953
91806
27966
152628
137026
78
110685
282376
339076
131328
243253
89253
25425
2556
31626
2926
212878
40470
116886
150426
17955
107416
3240
35778
103740
273430
154846
131328
120
1275
150426
111628
99235
80200
208981
4371
250278
25200
1891
46665
16290
15576
42486
9453
12403
1128
391170
80601
234270
124251
198765
79800
19503
9045
23871
108345
351
68265
193753
80200
237705
6786
10153
84255
51681
9316
43365
7750
41905
820
150975
3160
39621
22155
334971
22578
630
50403
5886
6
174936
344035
62835
120
528
34191
70125
300
123753
158203
12403
18336
3403
199396
18145
13695
27966
49770
62481
33153
30876
6441
17766
27966
198765
21
152628
10
5671
198765
254541
12090
5778
158766
26335
12090
16653
55611
90100
3160
182710
210
11476
211575
67896
111156
1770
630
427350
79003
87990
6670
16471
11935
903
120
266085
162165
10
9730
214840
160461
171
159330
2145
7875
202566
243951
42195
163878
57291
27028
94830
1128
39340
1891
251695
117855
13203
46056
320400
215496
3486
212226
83845
83845
326028
1
115921
666
253
41616
37675
144453
24310
528
351
13695
54285
3003
271953
5671
220116
1485
15576
231
13203
88831
703
20503
29646
12880
133386
62481
13695
24753
22155
159895
147696
5565
36046
28203
317206
303031
7626
5151
82621
66795
92235
4095
210
72771
202566
4095
82621
38226
243253
23871
46665
9591
179101
45753
8778
2485
75078
158203
54615
14535
8256
2016
371091
22155
37128
143380
465
271216
21528
186355
27028
61425
95266
21
17578
13041
32640
19701
250986
246753
210
2701
38226
67896
11325
130816
23005
51040
282376
19503
10011
38226
153
32640
106030
52003
396495
133903
43956
60378
191271
74691
15
117855
253
52975
294528
1225
4950
100128
7626
861
36046
703
230860
112575
284635
30876
103285
115440
101025
31375
120295
378
201295
11325
112101
28441
285390
47895
21321
123753
192510
41616
96580
24753
225456
3916
69006
30135
132870
112575
4560
35511
3655
302253
203841
306936
97903
14706
55278
25425
135981
14878
1431
7140
23005
155403
1176
249571
239778
61425
208981
70876
85078
325
27495
30876
186966
9730
14878
153
223446
116403
13530
201295
16110
6328
5050
3321
100128
3403
70876
86736
29646
316410
33930
19701
30628
110215
1770
385003
356590
2926
37675
3655
40186
162735
1176
152628
5253
263901
13861
36046
26565
19701
105
42486
45753
76245
1891
51681
17578
408156
177310
137026
6
1830
28441
152628
5356
56953
1891
277885
14706
12720
21
36
5995
96141
44551
9870
23871
13041
111628
130305
277885
33411
8385
159330
57970
139656
182710
9870
174345
25878
34980
36
6328
86320
280126
266815
264628
15051
10
45753
347361
216811
27966
106491
124251
210276
282376
25200
114003
15
159895
22155
246753
5253
3321
861
351
45
135981
381501
404550
289941
169653
121278
210276
42778
22366
109746
17020
189420
174936
117855
235641
20100
4371
27495
2775
7381
45
100128
15753
14706
45150
2850
41328
5460
20100
11476
990
38503
60726
990
1128
27730
330891
177906
6555
171
31626
100128
110215
32896
10011
23653
29161
9180
156520
9180
2850
221445
400960
4465
191271
100128
7381
93528
100576
205120
7381
5356
4371
35778
10878
271953
314028
350703
6
6786
173755
118828
85078
371091
199396
214185
1081
185745
85491
21736
258121
28920
10
435
24090
204480
36315
6555
4656
54615
33411
116403
7381
1326
21
11781
296065
195625
7503
20301
20301
51360
92235
11781
2145
196251
5253
190036
1378
89676
41041
34716
129795
10296
210
154846
1378
60378
2016
34980
78210
326028
129286
35511
15
176121
34980
230860
46056
82621
14028
141246
353220
115440
3003
2926
72390
39621
49141
220780
8256
148240
189420
413595
861
435
40755
35511
154846
1653
136
1653
2775
288420
40470
149878
47895
37950
15
177906
15
3486
17578
97020
8911
381501
114960
23653
298378
49455
378
421821
61425
435
142845
70876
322003
29161
422740
78
45753
64620
297606
300700
56280
140185
10153
60726
61776
11628
6216
34453
122265
108811
24310
32385
74691
10153
25200
21321
703
150426
14028
46971
321201
6
39621
14706
40470
51040
6786
88831
14706
103285
158766
46971
193131
299925
30135
72771
666
1891
9870
1540
12090
69751
107416
55611
186355
496
149331
99681
18721
69006
30381
1596
12561
90525
17955
11781
378
21
103285
3240
5671
16471
153181
65703
51360
77028
119316
11781
129286
3160
2775
36046
166176
114481
74691
7626
30135
38226
4278
10011
69751
332520
15
129795
3828
25651
127765
17955
248865
7021
63190
208335
28920
40755
106030
179101
159330
24976
10011
4095
39621
461280
246051
48205
456490
1378
109278
165025
125751
630
18336
1378
77421
861
105
58653
186355
990
210276
64261
255970
1485
4753
198135
666
95266
780
284635
4005
55
243951
10585
281625
52975
1711
78
57630
780
34191
63190
285390
13695
98346
21321
75078
67161
5886
164451
38781
34980
393828
9180
13861
46665
163306
32385
195625
990
230181
210925
82621
12561
110215
85905
57970
6105
420903
29646
57630
54285
31878
1225
53301
155403
2701
89253
296065
30135
13530
820
51040
161596
170236
378
31125
113526
9453
77815
175528
3741
13366
455535
3403
5151
10296
366796
6105
182106
35511
39060
61776
253
45150
2701
224785
329266
52650
365085
10585
45753
10
6105
174345
201930
52326
7626
39340
13366
135981
31626
5460
231540
1540
107416
9180
71253
7021
231
20503
190653
119805
20100
12246
36856
149331
15051
2485
63903
63546
5671
15051
391170
528
293761
218791
39621
8646
177906
241165
43956
46665
56280
2145
58653
84666
63546
4371
21
19503
1176
9730
56953
42778
24531
28441
27028
703
5460
25651
114003
234955
5151
3321
127260
14028
27495
55278
285390
2016
406
946
12246
7875
12246
10
461280
6441
254541
7750
110685
212878
1176
201930
46665
58311
37950
144991
156520
47895
190
37128
253
1128
1596
2346
339900
33930
2346
44850
110685
127765
100576
24976
86320
105570
193753
86320
3570
64261
59340
55611
2850
1081
119805
4753
22578
30381
93961
5356
3741
254541
66430
9591
13203
7140
346528
62835
1176
63903
14535
124750
53956
24090
26796
946
2628
65703
3403
139128
230181
3240
5253
3741
13530
234270
37128
105
143380
121771
112101
13041
246753
37401
244650
37401
2775
37675
22366
20100
15400
60031
2701
1275
335790
31878
440391
302253
173755
36315
306153
131841
55611
33930
10878
276396
320400
113050
820
103740
2485
21945
20100
126253
122265
46665
28203
36
6
47278
53628
2556
349030
69751
2415
34453
132870
11476
2080
36046
6328
47895
14878
46056
95703
234270
359976
86320
253
93528
33411
300
31626
81003
23653
81406
58653
16110
45
1035
6903
132355
33153
164451
666
21945
43956
3321
49770
48516
45
17020
101475
136503
375411
496
4753
296835
171405
184528
14028
88831
190
91
314821
168490
741
116403
11476
2850
139656
190
109278
400065
78
39903
39060
72390
55611
181503
34191
703
39621
29646
83028
9045
7626
86736
630
111156
105
9180
83028
150975
218791
1653
316410
354061
88410
74691
93961
17391
422740
39060
36856
8911
128271
149878
42195
1035
276396
221445
528
1953
6441
39621
38503
10296
226128
4095
19701
21115
6216
29403
11026
54946
31878
85905
11781
17205
1485
116403
77421
121278
8128
120
109746
21
406
454581
124251
431056
2556
253
190
382375
60378
178503
58653
22791
110685
21321
1035
134940
95703
352380
274911
34191
266085
284635
91378
63903
94395
73920
47895
70876
37401
26796
465
55611
32640
162735
4753
9730
7381
133903
316410
211575
81003
36315
93961
94830
16471
3
80601
228150
118828
18528
31125
171405
12561
69378
6903
6
2080
38781
3403
5253
15225
126253
95703
4278
258121
58311
11935
246753
378
61425
272691
217470
70500
83436
303810
27495
21115
231540
93961
351541
225456
29646
82621
26565
310078
40470
2346
55945
231540
1485
435
45
1326
300
107416
3003
75078
58653
283881
89253
97903
3081
253828
4278
8911
5995
31375
182710
10878
2016
33930
93096
146611
69006
325
354903
122760
21321
250278
24531
56280
157080
128271
22791
209628
64620
703
274170
17020
10731
2346
70500
79401
24976
7381
49141
53628
45451
14365
13695
3828
17020
3081
213531
903
41616
309291
73920
47278
246051
67161
14028
1953
155403
19701
351
100576
78
9316
166753
12090
8128
29646
8778
7260
109746
7875
703
125250
156520
264628
14365
45753
43071
30135
91
271953
261003
78606
143916
29403
137550
206403
6786
703
163878
2278
378015
36585
90525
43365
86736
60031
109278
3160
1
3081
170820
741
9045
45753
72010
4095
8911
2628
11026
36315
27730
33411
15753
13530
58653
212226
215496
59685
93961
12720
46056
228826
170236
10440
162735
15400
55945
148785
31878
253116
31375
112575
171
83845
9316
35245
406
379756
17205
465
103285
2556
74305
52975
39621
22366
82215
10731
3741
820
95266
129795
8778
595
91806
2850
41905
46056
255255
41616
780
1431
200661
7260
2346
193753
130816
24310
114003
136
233586
26796
12561
127765
107416
5460
11476
435
7750
64620
54615
81003
3003
378015
276
86320
8385
3570
61425
4753
14878
64261
37675
27495
143380
10153
3916
218791
120786
239778
2346
9045
50403
443211
21115
3403
53628
87990
48205
19900
110685
1176
58311
260281
113526
46056
151525
127260
67528
9870
59685
2775
64980
183921
276
32131
62128
1540
91
318801
24090
3160
114960
63903
1770
194376
78210
88831
54285
45
63903
15753
113526
1378
44253
1176
7503
255255
203203
163306
13530
5253
11325
42195
42195
129286
3003
68635
33153
210
209628
4753
15
69751
276
57970
69378
1176
630
191271
65703
4851
35778
36046
6105
132870
33930
205120
496
4371
98346
299925
41041
861
328455
990
63190
106030
198765
11026
2628
3741
903
81810
19503
463203
25878
6216
66066
13695
162165
70125
2211
101025
465
302253
209628
208981
31626
143380
111156
52975
237705
35778
145530
21945
15
741
153735
32896
54285
149331
42778
1326
5886
55
91
172578
280875
29403
29403
163878
164451
14365
2775
117370
106030
741
990
5565
70125
14365
94395
4095
3240
160461
21736
96580
228826
74305
355746
280126
12403
18721
1540
3570
136
21321
12403
156520
234270
29646
11026
11935
109278
135981
5995
45150
373680
9730
10
62128
368511
177906
496
2775
2278
23871
351
393828
43660
14365
35245
71631
179700
1653
21945
180901
153735
4005
3081
39060
120
82215
144453
153735
1596
271216
5778
148240
7140
239086
5460
330891
5778
153
93961
208335
21321
117855
31375
18145
162735
69378
2415
83845
174936
2080
210925
666
126253
204480
276396
70876
30628
81406
2628
47586
276
58996
820
3828
121771
7503
78210
48205
1081
16110
466095
68635
3655
295296
198765
68635
105
126756
263901
57291
288420
67528
8778
1275
3403
290703
2415
75855
81003
17955
94395
13203
95703
124750
45753
75466
630
301476
348195
31878
9870
496
75466
82215
2080
28203
5778
12403
201930
125751
111156
10
205761
46665
99681
70125
703
16653
357435
203203
21115
105111
53301
162165
63190
4851
27261
63546
418155
373680
6
9870
46971
56616
353220
148240
50721
10731
46665
171
135460
10731
15576
59340
34191
158766
22791
29890
99235
253
39060
49141
110685
135460
1711
23220
157641
19306
45753
10440
190
15753
15400
20503
61075
96141
243253
133386
55611
56280
141246
2775
72390
7140
14028
106491
12880
3570
54615
274911
58311
6328
221445
17955
79401
76245
2926
435
325
92235
53956
65341
43365
21321
69378
77421
373680
29890
6441
106953
120786
303031
24753
34980
12403
95703
12561
66430
1540
28680
112101
13695
10011
1275
6328
630
170236
2775
137026
6903
6
94830
4851
231
102831
166753
5886
131328
219453
269745
4950
2211
1
2556
1431
5886
3916
8001
64980
218791
72771
39060
216811
40470
16471
3003
20100
79003
46360
52650
7140
300700
61776
95703
89676
357435
253116
5460
11628
38781
903
76245
135460
96580
7140
443211
3003
130305
166176
285390
228826
10878
15400
27495
67896
54615
12090
2145
107416
14706
157641
6105
123256
34191
39621
8385
195625
61425
2016
24310
78210
185745
278631
76245
31878
169071
435
31125
56953
66795
109746
404550
274911
2080
226801
630
17766
48828
31626
358281
44850
288420
163878
289941
10
20706
199396
64980
56616
1830
42486
83436
79401
156520
220780
62835
227475
2775
1711
109746
20910
155403
13041
306936
20706
348195
31375
74305
49770
51360
71631
53301
167910
241165
42195
47278
102831
43365
122760
96141
14365
176121
15051
280875
1326
139128
3570
73536
19701
9316
113050
25200
3240
113526
179101
376278
94830
1711
43071
31125
4560
45
115440
117370
3321
79401
163878
39621
10296
419070
27261
320400
25878
4186
2145
371091
1830
28
106953
43071
3003
284635
36856
45
9180
186966
946
741
861
309291
183315
7503
140715
465
208335
80200
18915
2415
303031
91378
496
40470
11175
57970
35778
990
18915
152628
266085
63190
4656
131841
3655
133903
201295
19110
1225
167331
93528
256686
9180
80200
2775
55
86736
8778
5050
144991
18915
5460
360825
145530
22155
67896
33153
2926
9180
257403
113050
38781
76245
113526
21
228150
7381
28
5356
107416
146070
6328
116403
8385
49141
251695
87153
19503
70876
35245
28920
154290
28920
339900
15
229503
110215
15931
1035
241860
12090
19306
79401
63903
38781
9180
122265
74305
26565
9180
340725
241860
78210
81003
20910
20503
119316
1378
36
64620
70876
328455
108345
210276
395605
2415
164451
3081
101475
289180
107416
6441
496
2346
10440
58311
210925
165025
97020
130305
13695
304590
7021
74691
264628
79003
216811
48516
61075
34191
16653
120
27261
15
118341
35511
190
29161
35511
39060
44551
36856
60726
52975
40470
362526
120786
36046
81003
133386
22366
158766
30381
11781
93961
97461
42195
40186
22155
250278
15051
72010
73153
2346
13203
45150
68635
39060
2628
81406
9453
287661
27028
21736
212226
903
116403
132355
140715
69006
14365
87571
82621
12246
12090
361675
328455
19110
58653
117855
1128
371091
351
241860
120
5050
33670
54285
190
121278
179101
18336
1378
103740
210276
1953
83845
903
46971
406351
38226
89253
49455
75466
666
133386
136503
472878
5671
3003
79003
14878
4005
302253
155403
129286
11781
60378
1225
127260
72010
99235
45753
241165
481671
22791
77815
18336
14878
24310
155403
158766
30135
138601
195000
271216
3240
75855
51681
88831
43365
41616
45150
11325
219453
315615
442270
96141
57970
105570
344035
109278
106491
168490
136
17766
123753
300
15225
44253
138601
91
30628
216811
57630
18336
8911
1431
71631
270480
21321
50721
180300
10296
304590
74305
3321
305371
1540
4753
6
171991
91
24753
2850
34191
171
13366
7750
77815
277140
13366
58653
10440
4465
8256
18915
38226
38226
22155
92665
55945
76245
16653
6216
166753
85905
124750
139656
1128
253828
33153
298378
201930
2775
295296
125250
332520
286903
72771
1830
26796
65703
32385
3828
144991
285390
14878
242556
87153
2016
28
70500
162735
157641
28680
66066
171
318003
5778
91806
57970
40186
33411
276
183315
9316
79003
85491
62835
6555
77815
861
136503
50403
111156
15051
231
45150
106491
1081
50721
231540
237705
10
21
310866
73536
24753
131328
38781
221445
26335
181503
66
69378
1275
23005
66066
30381
41905
127260
6786
305371
289941
222778
296065
5356
42486
1176
11476
204480
6441
285390
113050
204480
28203
8646
266085
36856
3003
129286
178503
15400
52326
21
205761
2556
446985
126756
15576
237705
46665
27261
18336
379756
203841
4186
171
92665
239086
148240
303031
43660
9870
20301
2850
36856
55945
14878
97461
294528
171991
85078
30628
52326
140715
112575
51360
1
144453
25200
35245
46360
6
5253
135460
235641
249571
53628
396495
4278
9316
199396
8911
54615
10011
6328
4656
21
55278
97903
253
7750
45451
11325
103740
1
154290
82621
24531
300700
216811
53301
328455
121771
96141
207690
9591
8385
35778
11781
203841
49770
27966
207690
131841
4005
2346
23005
82621
73536
34980
101025
15753
9180
14028
21945
106953
435
14365
308505
4950
10011
820
4278
2926
144991
133386
83028
102831
78210
381501
90951
248160
93096
11781
86736
3321
142845
3741
75078
136
20301
3570
333336
25878
12561
80601
66
190
20706
73536
165600
20706
76636
154846
44850
43365
1830
42778
3741
1225
5778
200028
15
59340
15576
820
138601
16290
101926
190653
1326
31878
2850
43365
4005
741
630
6786
60031
26106
14028
106953
208981
122760
29646
108345
138601
288420
54946
173755
79003
80601
228150
106491
116403
9453
10296
52003
496
55
1326
127260
252405
20910
35511
190
99235
4950
247456
144453
21321
4560
61075
31375
561
14196
39340
72010
8001
69378
64261
11026
2145
10440
118828
153
190653
19503
11325
412686
30628
13530
5460
10
241860
946
36315
120
41041
5460
369370
1770
2080
378
30876
77815
50403
703
3240
136
58653
364231
36856
33670
406
47895
127260
12403
62481
29403
18528
11781
48205
261003
24753
102831
210925
303810
43956
12090
176715
23005
306936
113526
124750
225456
66795
20503
120
20100
74691
4278
279378
62835
5995
198135
2775
16653
1225
18721
8385
10440
46971
266085
25878
108811
77028
5565
123256
22366
29161
233586
13203
152628
112101
93528
9180
185745
66
128271
2850
7626
61075
132870
300
156520
278631
128778
4005
101025
152076
78
19306
144991
113526
4851
253
32640
164451
24976
3081
72010
96141
198765
28203
34716
261003
378
8256
8515
83845
30628
22366
15
37675
820
9045
8646
17955
213531
217470
41905
6903
36
7140
5565
10878
5565
55278
45150
49141
36315
70125
109746
5356
17955
166176
212226
156520
3655
140715
311655
1176
151525
496
144991
9316
161596
17391
80601
41041
58996
140715
97461
10
36046
47278
3403
21
7021
143916
71631
21736
203841
1225
123753
84666
24310
118828
394716
37950
351
36046
12246
55611
34453
11325
37401
75078
316410
4005
190
7381
180300
153
7021
138075
341551
5356
55
80200
5460
1891
2485
36046
290703
231
44551
117855
42486
105
25200
8128
25425
39060
292230
128778
32385
34980
171
6216
26335
139128
1431
291466
109746
133386
33670
11175
54946
52326
22578
33930
192510
315615
1
15753
780
9591
32640
84255
190653
465
176121
5151
2556
10296
55
28920
193753
303810
3160
182106
64261
15
9730
216811
75855
6903
8911
25651
23436
15225
26106
75466
175528
148785
61425
251695
3403
70876
30381
17391
43956
1770
2926
131841
60031
201295
1326
81406
199396
28441
216153
248865
66430
43071
7503
23220
820
180901
78606
5356
126756
43660
107416
378
141778
113050
9870
276
57630
58996
109746
41328
10878
99681
134421
41041
820
77421
33153
48205
78210
21
4005
104653
62835
6105
203841
54615
17205
61776
61425
69378
303031
3570
158766
268278
3570
23871
32385
179101
125751
1431
63190
2926
1711
313236
2016
15931
10731
67161
666
224115
18721
19503
173166
60031
41041
325
10585
75855
36856
51360
53628
58996
7260
370230
380628
11781
45753
106030
351541
80200
40755
703
82621
116403
75466
435
1540
172578
52975
208981
63546
43071
157641
201295
240471
108811
13861
172578
21
249571
7875
147696
47586
61776
115440
285390
17205
3741
59340
24090
4095
2346
7140
322806
91806
132870
14706
249571
820
144453
39621
39060
43071
111628
146070
261726
93096
12561
37128
53628
348195
21736
330078
13695
1128
322806
132355
79800
40755
106491
8256
9045
903
14535
55611
6670
238395
322806
66
8128
3741
57630
159330
68635
74691
106491
3
116886
4095
13861
11476
5460
344035
97903
214185
10153
125250
41616
3741
198135
110215
49770
235641
101025
161596
15576
48205
136
89253
630
325
351
276
185136
5151
118828
409965
9730
180300
72010
4851
75078
14028
139128
24753
72010
229503
26796
10440
45753
204480
11026
189420
131328
50721
37401
152076
10011
107416
222111
10296
210
7140
19110
11781
127260
7875
24531
225456
35245
69751
23005
5671
207690
176715
22578
47895
20301
595
4465
2415
183921
903
105111
212878
248865
25878
2415
21
165025
166176
50086
210
1540
135460
4186
37675
119316
3828
528
23005
38503
216811
85491
292995
3081
2701
1653
269011
10296
33670
286146
70876
54615
35511
91378
5151
379756
341551
169653
165600
8256
32131
85078
2016
46360
23653
40470
261726
111156
174345
163306
8515
265356
34191
253
15931
16290
8911
435
126756
21115
15931
132870
141778
358281
300
150426
98790
2278
162735
75855
231
3570
48828
36856
55278
374545
139656
44253
101926
465
11026
168490
283881
37950
29161
52975
308505
86320
107880
71253
43365
351
5253
59685
53301
15225
10731
170820
3321
277885
206403
89253
116403
6670
123753
32131
6
130816
496
30628
17766
106953
115440
4560
93528
177906
1891
142311
10011
196251
2701
83028
17020
15931
3486
81810
10153
7750
38503
17578
1891
22155
93528
179700
32896
212226
12561
72390
46056
97903
119805
52975
254541
261003
54946
37401
405450
31125
83845
77421
400065
11628
104653
87571
9730
406
49141
300
19306
16653
23220
25200
104653
147153
8001
8515
37675
28203
166176
105570
1035
213531
3160
6216
1081
29646
125751
81406
141778
10
3160
73920
3403
1225
155961
27730
440391
48516
2926
263175
208981
27028
106491
19306
122265
123256
43956
172578
108811
7140
120
68265
2211
6
66430
14535
44551
94395
38781
325
19900
184528
66430
112575
254541
5778
6
277140
52003
21736
102831
285390
249571
31626
47278
62481
16290
26335
93096
155403
2016
11325
79800
8911
44551
4851
39903
6555
12246
98346
145530
271216
52650
34980
24090
4753
3916
59340
241165
67528
12720
63190
51681
134940
81003
226801
120
4656
90951
408156
5253
378
25651
241165
16471
229503
21321
14878
277140
15
21321
139128
85905
155403
166753
231540
61075
106491
1176
123753
142311
83436
18528
283128
44253
3160
79401
8385
9870
231
50403
3570
48516
85905
106030
703
1378
271216
2701
220780
27261
143916
247456
8256
62835
21
301476
218791
52003
80601
21
6441
2556
250278
10296
195000
52003
496
14365
82215
33153
17766
134421
15400
89253
37128
136
64261
39903
3003
371091
26335
9045
131841
946
17391
52003
261003
7875
171
21
44253
41616
703
8646
3916
310866
37950
132355
47895
251695
58653
25651
9870
203203
79401
10731
83028
13530
14878
28441
169653
293761
309291
133386
239778
191890
26106
237705
263901
1081
630
31878
2145
21945
41905
52003
102378
78606
67161
292230
406
158203
280126
67161
185136
68265
80200
9045
261003
5050
56616
39621
234270
72390
28
39621
36856
44850
7750
136503
1711
47895
703
51360
325221
51681
97903
465
107880
76245
135460
150975
285390
314028
139128
203203
139128
29403
169071
16653
28680
60378
39060
3570
1176
51040
97020
21115
242556
299925
216811
77028
17766
43660
15576
93096
32385
10296
16110
13041
66795
26335
496
107880
159895
1596
72010
170236
5886
65341
171
302253
8256
299925
78606
38503
30628
102378
73920
130305
32640
83436
780
16110
561
82215
152076
44253
91
113526
2701
11175
24310
86320
42486
165025
111156
80601
326028
67161
263175
25425
55945
50086
990
136
374545
10731
10011
990
141246
99235
196251
101025
6786
28680
5151
7750
128778
196251
595
135981
111156
116886
330078
3
18915
83028
216811
289180
3403
44850
108811
3003
17205
161596
50403
666
34191
72010
1176
89676
11628
861
22155
81003
299925
100576
31626
20706
237705
75855
145530
77028
2628
10440
15576
218791
2346
10153
52003
186966
201295
52650
27028
60031
107880
37950
108811
10731
3741
45150
45
2346
94830
1891
435
114003
47278
126253
7503
107416
30135
42486
177906
8778
44253
176121
78210
210925
246753
11935
12880
40470
3486
36
88410
240471
347361
191271
55
99235
1596
98790
147696
274911
18528
346528
91378
84255
7381
127765
9045
27261
169653
21528
5356
9453
39060
58996
52003
63903
37950
102378
49141
42486
33670
61425
351
12246
15225
293761
17766
45753
131328
30628
36046
69006
45753
18721
3081
23005
464166
62481
380628
70876
104653
99681
2850
430128
113050
37675
313236
18528
94395
63546
10585
85905
9180
5460
89676
142311
87571
144453
105
528
8515
32640
392055
10
903
2850
2556
28441
80601
32385
1081
234270
422740
12246
44850
69751
58653
70876
255255
49770
136
59685
43365
1035
2926
990
300
81810
17766
10731
11175
105
7140
90100
40755
71253
375411
21945
90525
561
62128
109746
83845
214185
13203
375411
81003
6903
94830
4753
87571
4851
42778
137550
90100
29161
106953
15753
42778
103740
46665
15931
277885
81406
136
63190
173166
21945
1225
192510
31626
44551
57970
27028
435
27495
91806
22791
42778
56616
137550
22791
2628
528
16290
203203
114003
14028
200028
114960
16471
15
11476
89676
2278
138075
136503
122760
21528
254541
1711
13041
30135
210276
1770
1378
8778
11175
39060
7750
220780
5995
13695
23220
1176
286146
10731
73153
182710
41905
89253
207690
172578
55611
446040
66
66066
15225
243951
15225
9045
7875
140185
2145
28441
232903
159330
137026
11175
206403
210
94830
106030
103740
8128
4186
171405
15
276396
32385
13530
15576
36046
50403
144991
442270
153
9316
72771
57291
282376
136503
207690
2775
141246
70500
385881
73153
149331
128778
76636
197506
18528
362526
4753
5565
70876
8385
12246
74305
289941
260281
307720
39060
44551
8515
51040
110215
190
8778
105570
194376
391170
73920
155403
251695
66
11476
208335
120
5050
118828
191271
301476
39621
51040
10585
1953
168490
2850
60031
903
25425
96141
2278
312445
191890
17766
23653
12246
10878
44253
180901
496
77815
211575
5995
41328
197506
6216
60378
48516
17578
106491
353220
7381
1225
53956
104653
34191
324415
36
60378
85078
3486
253
91378
9180
103740
21
23436
741
425503
35778
84666
81003
2556
630
8385
6328
10440
82621
97461
421821
17205
97461
17391
234955
13695
98790
95266
12561
228826
1326
10011
150426
36856
46056
125751
50721
10153
1891
28680
12246
14196
21
207690
21
185136
77421
322806
295296
2211
31125
228150
24976
11026
87571
528
125751
89676
15051
61075
105
21945
284635
31878
3655
62128
193753
4656
159895
408156
8256
9870
12880
8515
62835
10585
25651
298378
24310
118341
306936
386760
3321
28441
19701
58996
167910
10
337431
31375
6216
92235
295296
261726
78210
42778
5460
110685
8515
109278
2211
52326
37128
32896
17578
30628
172578
186966
205761
302253
224785
209628
20301
137026
14535
215496
304590
72390
780
126756
10011
99235
92235
285390
496
277140
158203
17955
1128
4656
217470
31125
6441
124750
39060
1035
29890
435
101475
465
283128
9453
21736
163878
36
5886
179101
7381
78
203203
180300
48828
8385
93961
75855
459361
27028
108811
71253
21321
249571
1275
11175
205761
32640
149878
7503
246051
20301
105111
23436
357435
134421
3828
222111
248865
173166
339900
119316
273430
2926
167910
47586
2080
109746
59340
561
53956
143916
73920
263175
10153
10
256686
11781
258121
68265
10878
85905
2556
29646
81810
85491
17766
8256
9316
279378
34716
265356
29646
5886
135981
24531
106491
7260
93096
2850
57291
90951
142845
4950
5050
7503
81003
2556
92235
306936
143380
271216
4465
94395
27261
11935
377146
2850
100576
23436
113050
2145
29161
162165
2850
2850
24090
96141
33930
253
273430
946
7021
119805
218791
7021
16110
990
248160
5460
70125
7260
142845
1128
28680
24090
16653
78210
89676
70125
76245
176715
2850
131841
741
157080
22366
496
18528
89253
190
103740
2701
29403
29161
6328
8128
20503
47278
264628
244650
364231
58996
171405
16653
19701
212226
1891
6216
253
418155
23005
354061
40755
242556
79003
84255
3741
3403
7021
107416
286903
12090
331705
4950
9316
4278
18915
65703
7140
78
55611
87571
11781
8385
85491
368511
4950
13861
240471
117370
39060
292995
15400
196878
313236
56616
19503
3916
87571
120
4656
119316
9453
123256
5671
85491
95703
33411
116403
54285
127765
34453
2850
277140
903
210276
88410
36585
26106
67528
280875
9453
175528
226801
595
62835
10
41328
3486
93961
27495
6903
280875
23220
8778
36046
58311
15225
289941
239086
10731
190036
36315
5050
50721
76636
63903
27028
5460
2346
28
4005
39903
10153
990
12720
19503
234270
8515
332520
1485
351
257403
114481
230181
191890
4950
666
64261
81003
78
83845
140715
52650
232221
9045
262450
10878
68265
861
27261
40755
29161
30381
1378
114960
5778
18528
105
38503
73153
73536
101926
108811
15400
561
27730
146070
102831
234955
70876
74691
232903
60031
99235
51040
703
5995
257403
113050
351
370230
8256
56616
45150
120
312445
1540
1225
11175
351
20706
24090
62835
126253
4278
65703
43365
318801
77028
183315
30135
30876
56616
228150
3160
46056
290703
70876
351
194376
59685
228150
2775
166176
25425
11935
1
246051
45753
137550
52326
203203
32385
5356
9180
9453
18528
28920
236328
52650
102378
116886
294528
6670
25200
102378
67161
5671
5886
5253
218791
13366
11476
10
2145
1275
124251
36
56616
58311
33411
104196
6441
36046
26106
3003
220116
48828
118828
3081
210
387640
50086
22366
28680
8911
4656
2346
411778
33411
162165
408156
297606
184528
34191
13203
17766
300700
861
116403
60378
33930
226128
60726
8128
35778
24531
195000
21945
26565
3160
31125
105570
26565
4656
2628
78210
241165
128778
4005
39621
15225
145530
15
703
6670
176715
54946
182710
92235
63190
17955
218791
40755
7503
25878
70500
64620
26796
263901
6555
33930
42486
132355
53956
103285
139128
55
296835
197506
108811
33153
4095
28920
2145
189420
13695
173166
27966
207690
397386
4186
1431
15051
23005
103285
216811
114003
194376
34716
30135
56616
27966
9180
3
6903
1431
33670
34980
2485
22791
170236
97020
109278
243253
11175
226801
2346
84666
3916
153
111628
27966
11325
23653
177310
167331
53301
1326
13530
325
15051
100576
84666
108345
31878
139656
91378
1830
268278
19503
247456
5356
20301
24090
146611
178503
3321
990
6670
45
5460
9453
241860
79003
150426
102378
79800
13695
19900
91
31878
146070
66795
59685
13203
58653
20100
1711
59685
4465
138601
272691
5356
101025
183921
9591
18915
1485
29161
69006
77421
62481
91806
4656
10011
13530
250986
21115
356590
43660
2556
48205
4186
1176
101475
48516
53956
85491
7626
16836
45753
4371
26796
36
1225
18336
35245
3160
79800
12403
63190
5565
16471
76636
314028
21115
1653
362526
21528
39903
148240
16653
17578
105
1176
107880
55
36
62128
26565
470935
4005
433846
170236
186966
38781
903
435
105570
42486
327645
32896
6903
209628
64980
16836
196878
120295
13366
50086
171
85078
98790
2080
127765
90951
153
8001
4371
351541
14706
213531
7021
6
3081
81406
47895
338253
162735
14196
57291
69006
174936
165025
37128
182710
34980
136
92665
64261
39903
78606
25200
83436
2145
95703
124251
164451
46971
283128
28920
276
6441
4278
28
1485
1485
8911
133903
15931
133903
62481
89676
1378
19503
221445
1081
440391
65703
44253
7140
200028
104653
3
24531
252405
16836
57291
354903
15
111156
27261
57291
266815
106953
190653
307720
11325
116403
158766
468028
73920
18528
3916
41041
42486
185136
58653
32640
2926
98346
153
111156
169071
217470
255255
10296
96580
5356
182106
266815
1225
253
19503
95266
435
43365
34191
15576
13861
9730
20100
197506
217470
174345
149878
22155
270480
33153
3916
36315
8256
1176
66066
276
270480
26106
334153
301476
6216
11935
32131
33153
110685
153735
63903
81406
75078
58311
9180
406
12561
10153
4950
6670
219453
374545
72010
181503
64620
60726
171
31626
9180
7750
2211
55611
17020
1225
87153
7875
18528
214840
7260
405450
5671
19306
24976
85905
194376
78606
171991
60378
21115
51040
2415
223446
94830
6105
72010
65341
60378
32385
283881
27028
60726
149878
3486
55278
15051
276396
83028
348195
26106
89253
147153
2628
378
153
300
3916
468996
820
190036
91
161028
21115
10440
12403
21528
15
1378
26106
1128
284635
465
69006
394716
8911
305371
475800
66066
23653
315615
2775
5886
47586
369370
136
24090
1035
84255
18336
40186
595
79003
33670
5778
43071
54615
27730
398278
126756
3321
11175
29890
54615
9180
19900
316410
79003
269745
190
7140
5671
100576
6328
4186
146611
6555
378885
25200
27730
1081
291466
358281
21
313236
81810
26335
57630
7875
32385
74691
25425
14365
76245
23005
30628
56953
116886
48828
2775
97020
77815
66
210925
703
52975
178503
1540
4753
741
703
148785
26106
369370
93528
3403
55278
173755
378
102378
93528
93528
62835
143916
40470
1378
34716
39903
211575
139128
183921
37950
230181
253
275653
39340
32385
17766
4278
5995
11325
143380
269011
7750
344865
86320
120
1326
114960
77815
153735
167331
79800
54615
39621
112575
416328
246051
42486
1953
99235
69378
104196
7381
248865
35245
212226
104196
43071
73920
595
136
1485
180300
92235
65341
40755
110685
420903
32896
15753
5995
53956
4560
70876
144991
15576
115440
340725
64620
28680
303031
123256
22155
9045
1128
146070
8256
69006
19900
1081
68265
41041
58996
36315
210276
164451
496
50403
118341
70500
83028
114960
377146
29161
2346
2415
110215
250986
153181
88831
120
66066
408156
6903
8778
17766
11781
3003
62835
171991
137550
9870
66
7503
341551
31626
93961
10440
44253
29161
325
528
9453
84666
10296
72771
228826
72010
69006
10440
325
903
78
25200
187578
41041
8385
274170
36856
17578
15753
465
33670
146611
341551
57291
5671
97461
276396
191890
394716
104196
24976
91
62481
2485
10
202566
184528
15051
174936
2850
103285
26565
12880
48205
23871
30876
60378
135981
120
21736
85078
38226
137550
15400
33930
27495
290703
5671
50086
288420
1711
8256
45451
55
3321
45451
26796
132870
6
55945
4465
1035
200661
63903
1540
19503
51040
12246
87571
49770
198135
8911
18915
176121
45
94830
13041
85491
29161
21736
3655
175528
1830
79401
3240
9316
119316
101025
1770
7503
174936
210
50086
2628
16653
19110
267546
46971
11325
43660
27730
64261
9045
101475
49141
120
63190
41905
95703
31375
73153
33411
2485
4186
281625
15051
66066
41616
201295
20503
128271
46665
22578
118341
44551
11935
294528
20503
1081
19110
50403
22791
119316
946
49770
3003
70876
218791
36046
187578
85905
3081
1
990
183921
12246
40470
158203
11781
7626
99235
741
37950
146070
19701
143380
140715
138075
8385
88410
14196
406
3003
5995
19701
6441
259560
269745
137026
405450
42195
114960
15931
62835
79800
234955
80601
100576
46665
30135
22366
14535
21
81003
5356
303810
53301
306153
43365
153181
111628
255255
15576
187578
42486
200028
120
11026
48828
125250
116403
21115
87153
249571
120
92235
34980
152076
94395
23871
351
2016
67161
1711
7626
9045
327645
7875
23653
36856
40755
217470
46360
2278
55611
7021
9316
70125
17766
6441
1830
81406
67896
7875
528
22366
28203
37950
56280
14535
2926
205120
186355
210
10153
72771
187578
13695
101025
174345
62835
314821
14535
125250
39060
110215
10
36
155961
1653
8128
28920
155961
144991
98346
60378
130305
123256
138601
17578
45753
990
6216
2346
780
52975
101025
68265
43365
29890
15
14706
44551
11628
45150
161028
1596
4753
125250
37401
15753
51040
9730
13366
89253
3321
276
5253
1431
2485
201295
2415
13530
75078
207690
10731
67528
27261
12090
69751
15400
210276
30876
81810
163878
69006
370230
72771
77815
120
174936
130305
81003
129286
21736
109746
50403
4753
55278
26335
300
20910
96580
145530
62835
14535
165025
19900
55945
1326
89253
6786
233586
630
270480
72390
10440
3240
92665
78210
15576
113050
74691
177310
200028
5778
21
9730
24753
78
95266
45753
91806
18145
10
70876
13861
24531
139656
44253
200028
9730
20100
34716
101926
190036
4656
115921
53301
18915
248865
128778
741
177310
108811
106491
6105
248160
1081
130816
266085
66430
1275
121278
84255
43660
145530
45
102831
2080
7021
410871
11476
403651
329266
142311
127260
27495
29403
3321
142845
21321
10011
117370
20706
68635
5356
53956
39621
11781
780
353220
85491
300
375411
54615
146611
88410
2346
28680
129286
114003
82621
148240
32896
435
231540
9870
122265
25425
3570
300700
32385
171
371953
76245
11026
23653
227475
58653
12090
280126
154846
2211
3003
94395
13041
33930
84666
225456
107416
359976
94395
14365
8385
320400
119316
2926
108345
8911
27495
213531
23871
45753
6903
272691
33153
595
32385
91378
21
63190
18721
93961
30876
21321
267546
4950
334971
269011
16110
94395
395605
8385
54615
99681
17955
18721
5778
5886
125751
368511
9180
349866
595
5671
5995
155403
528
11175
29646
193753
361675
46056
195625
85491
37950
71631
17766
51360
158766
44551
225456
210925
114481
1770
134940
16290
351
7875
3486
314821
9453
32896
237705
314028
38503
101926
56953
91806
300
79401
3160
13861
3828
44551
104196
208335
61425
78210
12880
129795
5671
185745
27261
32896
121771
251695
38503
61425
111156
328455
338253
37950
186355
17205
30876
21945
24976
25651
78210
29646
4095
224115
123753
205761
224115
5050
3570
465
15753
98346
990
100576
31626
32640
31878
2415
1653
224115
3003
137026
26335
4278
166176
458403
15576
138601
440391
353220
7381
346528
80200
131328
258840
666
138601
28920
780
1081
76636
741
159330
3655
63546
15400
212226
11325
8911
130816
16836
124750
5886
108811
2556
59340
93961
51360
1431
120295
15
9453
54285
220780
1485
43071
26106
1431
129795
435
2701
1035
283881
127765
131328
248160
52975
7875
39903
4560
136
72390
12720
221445
946
262450
29646
164451
861
23005
7260
28
3741
9870
6670
37401
51040
48516
392055
11026
1378
24531
47586
58311
423660
27730
2080
329266
60726
66795
253
16471
85905
24976
334153
15225
59685
44551
12246
312445
89676
22578
39340
204480
141246
370230
21115
258121
8778
106953
98346
15576
49455
11476
102831
4753
239086
34716
36856
87571
52326
72771
107880
195000
13530
81406
222111
2485
595
23871
85905
75466
193131
26565
278631
112575
38503
33670
133386
5050
449826
80200
780
2556
66430
97020
167910
125250
79800
98346
143916
150975
24976
97903
256686
351
9453
325
57291
36046
189420
14535
25651
18336
69378
25425
11325
261003
9180
29646
2016
148240
101475
43071
176121
33670
58653
703
166176
131841
7503
6903
169653
24310
9045
81810
66430
5151
64261
87153
42195
1128
32640
18721
2775
28680
99681
43660
295296
10585
1035
3160
174936
317206
153
33153
5778
301476
187578
15051
51360
203841
79401
55
18915
4950
57630
273430
222778
14028
285390
172578
36856
41905
13203
101025
21528
45
129795
20100
10011
13861
435
12090
9870
225456
32131
91378
4465
83845
325
2278
8001
17205
2485
325
119316
15400
104196
360825
77421
127765
22791
14878
1378
17766
126756
21115
1128
240471
66795
6
79401
189420
146611
76245
21
156520
324415
49770
266085
6555
166176
93096
42486
88831
496
351
82215
55945
4005
9591
178503
4186
9045
42195
9453
309291
4753
454581
47895
48828
20301
53301
2278
97903
35778
11628
12403
28441
44253
80200
31375
79401
17391
27261
251695
20100
369370
4753
134421
391170
4753
159895
7875
1891
90525
72010
408156
14365
53956
201295
1326
100576
4278
60031
24976
70500
181503
39903
105111
117855
144453
71631
3321
157080
406
138601
214185
35511
113050
325
2628
2278
22155
28441
91806
244650
23220
140185
196878
43956
48828
123753
27028
108811
192510
123256
5886
5671
3486
31626
253
177310
128778
62128
29890
271216
48205
135460
113050
44551
126253
224115
197506
114481
2850
20503
45753
7626
124750
199396
139656
259560
60031
73536
32896
5460
133386
16110
212878
13530
1485
131328
220116
5460
1830
180300
85491
82621
75078
97020
138601
90951
1176
18528
240471
309291
2278
1830
224785
8001
7626
300
96580
43956
19701
111156
219453
70125
133903
24976
81406
3655
15931
87153
9591
3570
84255
160461
45150
14028
32640
18336
25878
129286
37128
146070
322003
561
195625
10585
27495
114481
220116
64620
2556
107416
103285
24976
115921
126253
101025
87990
54615
190
1891
325221
238395
12720
69378
226801
268278
473851
153735
1431
190
43365
193131
5151
131841
186966
2016
196251
36585
4095
2701
81810
20706
6216
12720
76245
33670
45451
96580
44253
93528
173166
238395
64620
116886
101926
390286
78210
63546
28920
54615
192510
50086
16290
1711
5460
26796
26565
115440
4371
2016
193131
175528
780
112101
26796
384126
78210
24531
2701
5050
132355
123753
8778
46360
561
140185
232903
60726
65341
3486
60726
32385
496
54285
8515
1653
7875
1081
166753
2415
271953
35511
158203
201930
2701
3321
239778
210925
67528
232221
4278
83028
4278
21945
78
3003
195000
23436
28441
9730
188805
42778
79800
703
23871
31878
198135
101926
122265
435
3240
42195
81003
268278
24531
2628
9730
19110
40470
248865
1275
13861
19503
29646
13366
11935
62128
182106
22155
69751
34191
42195
1953
387640
46971
15576
29161
741
903
374545
100128
41328
5565
49770
291466
131328
203203
5671
35511
300
14028
180901
127765
15753
34453
25425
19110
23871
2346
287661
3828
49770
421821
150426
172578
46056
51360
1953
100128
70125
46971
87990
17955
27028
60031
41616
24531
12720
90525
299151
3486
67896
172578
294528
409965
92665
30381
46056
23005
210
152076
36
52975
308505
34453
2016
3486
24976
66066
310866
3321
107416
27028
282376
17205
104653
8128
259560
218791
223446
52326
29890
2080
174345
1711
260281
87990
17955
1081
61776
73153
9591
81810
1891
26106
140715
217470
64261
16290
336610
280126
10878
4005
52003
147696
13530
3160
85905
345696
77421
193753
38226
80200
78
561
2775
4095
6670
496
29646
12403
137550
2926
4278
31125
155961
60378
9453
58311
37401
218791
353220
37950
78606
2080
223446
467061
62128
25651
2485
282376
3240
279378
104653
21321
107880
441330
1540
3486
179101
86320
9453
170820
73920
31125
202566
14878
2346
43365
222778
7875
10
29646
131328
131328
68265
174936
42778
15
121771
460320
37675
6786
87571
80601
9316
300700
365085
339900
60031
120786
24976
24976
284635
306936
630
175528
2556
152628
4851
79800
257403
376278
15400
28
120
28680
86320
30628
50721
94830
24090
6555
8911
319600
54946
1378
20503
210925
120786
134421
14878
39060
319600
28680
143380
111628
2080
1485
32131
32640
5565
11781
130305
221445
163306
107416
5050
13366
43660
300
14028
19701
1830
150975
125250
33153
105
2415
45451
121278
7626
32131
16110
380628
7260
435
191271
38226
181503
153
189420
43365
71631
5995
403651
109278
157080
30628
8001
70125
123256
465
121278
16110
36
22791
9045
18721
153181
324415
5886
126756
153181
23871
7875
89676
111628
255970
4095
6670
194376
47895
24531
231
13203
275653
861
99235
130816
1653
83028
27730
28441
6670
129795
2346
129286
78210
106030
116403
60378
38503
101926
5356
1225
90100
85491
30876
34191
378
378
9870
87153
284635
351
48516
97461
23220
234955
7260
200661
208335
284635
1081
1378
22155
703
130816
2415
84666
133903
108345
250986
9180
990
9045
20503
310078
83436
80601
14365
143380
55
52003
24310
15576
104196
21945
3403
210276
20706
166753
263901
167331
1128
99681
133903
32896
120
161596
318003
2850
171991
468996
234955
16836
161596
5995
13366
95266
70125
303810
1431
60031
174345
32131
36
209628
3486
41041
528
111156
135460
1485
18145
41328
78606
70125
91806
117370
149878
79401
1540
2926
1326
108811
97903
182710
241860
145530
2080
176121
26796
18915
124750
111628
2080
92665
70500
397386
5886
253828
226128
33411
109278
33411
4950
28203
87990
66
353220
5778
56953
3655
7503
200028
19306
3655
104196
11476
17766
86736
31375
82215
37675
4095
3
112575
221445
243951
25200
171
53956
3321
159895
25651
1953
349030
15753
946
36
6903
3003
63546
190
55611
173166
78210
47278
43956
162165
38503
17955
45753
153
143916
70500
10
30381
9730
45
94830
8385
113526
105111
1540
51040
81406
25878
112101
105
261726
55278
16836
83436
10296
16653
17578
176121
8646
6216
24753
258121
3655
4095
23005
80200
235641
275653
478731
18528
440391
230181
45150
17205
93528
128271
228826
137550
30381
190
73536
2775
137026
19701
36
87153
79800
3003
169071
62835
63190
53628
9730
61075
42195
12090
2080
67896
154290
210
29161
88410
6670
33411
85078
144453
135981
3
39060
300
40470
42486
64620
9730
25425
130305
114960
58311
92235
7140
34191
5151
112575
192510
36315
39060
36046
73536
2145
465
11325
37675
85905
990
29161
48828
29646
303810
117370
111628
15
46665
21321
8256
2145
8128
97461
253828
171
16653
51040
286903
4465
56280
176121
55278
54615
344035
56953
44551
1770
215496
11628
172578
11935
381501
2080
29403
9870
77028
131841
3
1653
189420
330078
57291
66066
141778
168490
1485
106491
162165
1891
162735
94395
208335
351
1431
21945
11935
170236
14706
17020
9453
53956
14878
67528
23005
27495
60378
44850
147696
1485
92235
35511
28920
85905
15931
185745
19900
15051
140715
378
561
75078
430128
55
33930
2701
254541
3240
344865
73153
990
2850
243951
138601
65341
2346
23653
3240
82621
17766
990
123256
99235
22366
25200
49141
199396
6216
250986
32385
378015
1081
139656
70876
290703
8646
378
55
305371
228150
16290
49770
191890
83436
80200
43660
3081
169653
107880
161028
359128
1081
55278
147696
15051
1770
17955
140185
141246
28203
91
180901
8128
210925
8001
136
3321
179101
5778
20100
365085
1891
85491
5151
187578
31626
207690
62481
231
13695
105111
88410
20706
41328
290703
24090
38503
23436
60378
101025
261003
8646
97903
155403
346528
38781
11175
346528
105
57970
3570
186966
27730
465
561
49770
10585
17766
1128
38503
2701
27261
7260
3
64980
13695
1485
703
45150
5671
178503
129795
51360
298378
225456
25200
113526
40470
101025
262450
3321
12880
78
40186
1770
153735
74691
190
27730
38503
42486
228150
861
18721
8911
52975
1275
19110
171405
210925
266815
8128
435
32896
56953
11175
666
21945
35245
122265
125751
172578
222778
216153
255970
169653
3916
20706
12561
55278
85078
20706
207690
72771
162735
465
243253
152076
58653
2926
19306
107880
303031
820
73536
28920
20503
83028
10731
261003
54946
28203
293761
70125
253
58653
306153
255970
113526
2145
435
5253
37950
5356
38226
349866
50721
35511
12561
7750
3570
406
1275
43660
88831
177906
4753
21945
330891
193131
30381
72771
56953
71631
35778
6
126756
9591
26335
2701
82215
58996
67528
226801
378
66
741
335790
6
134421
13695
151525
159895
7750
2926
166176
81810
14028
3081
117370
7140
19900
10731
383250
990
9870
2016
5151
7750
9180
4851
8778
212226
145530
10878
303810
102831
8128
312445
313236
80601
104196
433846
8911
72010
66430
5778
15
30135
119805
90951
2556
10296
28203
25651
49455
22155
66
5671
130816
114481
55
3741
159895
106953
162165
15225
20706
46056
4753
135981
111628
16653
528
61776
332520
196878
113050
21321
28203
13861
157080
237016
2080
76636
269745
148240
9730
54285
120
84255
128778
66430
22791
1770
23653
14196
18721
4186
19900
28
54615
44253
39340
80200
40755
8001
174345
15400
28203
303810
85078
41041
306153
24090
235641
120786
300700
6216
68265
79401
7875
163878
55278
137026
820
84255
17020
3
2556
2556
87571
366796
17766
45451
58996
18336
25425
349866
5995
5565
8515
87571
83436
1
31375
167331
69751
75855
74305
7260
198135
90100
1225
11781
19701
20910
15
4950
6555
30876
1326
10878
26565
120
2278
24310
169071
3403
32896
17766
61425
105
56616
990
12880
4371
11325
58653
231
2850
37675
23005
9453
130305
296835
101475
57970
28
177310
24310
6105
66
12561
903
35778
35511
208981
9453
8256
10153
45150
1081
16290
2278
14706
154290
255970
5356
18915
496
4656
148240
52650
3916
18721
8911
8128
102831
78
360825
94395
19900
276
210
216811
67528
237705
366796
44850
7503
104196
84255
215496
101926
277140
10878
34716
236328
62128
4278
209628
8515
53301
248865
40470
35778
5886
4656
114960
29890
11026
83436
11175
60378
1830
29161
16290
1128
56616
8778
106953
55278
17578
1081
206403
3486
263175
16653
2628
45
165600
127260
182106
28680
14028
36
33670
44850
115440
350703
14535
253
91806
82621
21
76636
20910
46360
190653
43956
1953
25651
82215
47895
8515
44551
2701
3741
86320
14028
23653
171
146611
183921
14028
203203
6
153
6441
266085
98346
1176
237016
12720
54615
9591
9730
3081
74691
8778
406
741
5356
61425
23871
319600
84666
15931
26796
80601
65341
60378
65703
21321
170820
41905
87153
63546
54946
34980
61075
91378
16290
34191
2080
406
51040
20301
62481
66795
3240
12090
2211
4560
302253
81406
89676
120786
5565
14028
69006
50086
273430
77421
7260
9316
171405
13530
109278
65341
235641
227475
5460
378
178503
990
39340
11628
125751
7021
451725
330891
6
18528
168490
253116
130305
45451
87153
83436
96141
24531
13695
33670
3828
1275
9316
78210
154846
89676
225456
1770
213531
148240
58653
19701
174345
17205
70125
99681
106030
137026
36585
23436
3003
41041
194376
6216
37401
133903
76245
114960
46971
190
8001
13695
425503
56616
17020
1711
147153
91
163306
65703
56616
57630
80200
137550
94395
200661
9591
207046
24090
87990
27495
280875
83436
46360
9316
169071
149878
19900
23871
107416
36046
120
83436
81810
66
64620
328455
6
9045
399171
2701
137026
95703
70125
179101
55278
22155
1378
10
19701
11935
31375
22366
384126
666
1653
207046
106491
313236
162735
20100
262450
8128
22791
946
8515
66
113050
60726
32640
174345
68265
12246
33670
3240
51681
1176
128778
226801
20503
395605
27028
29403
38226
333336
6
12246
56280
355746
28441
24976
15051
86736
276396
62835
5995
17955
96580
2701
2415
198135
9316
75078
2850
125751
73153
376278
5050
99235
251695
171991
47895
41041
1596
50086
780
344865
250986
136503
4753
2850
36856
122760
70500
23436
316410
47586
313236
2346
18528
188191
238395
26565
396495
19306
29403
3486
15931
368511
182710
253828
216153
259560
430128
5460
11628
44850
28
135460
28203
39621
12720
125751
205761
316410
185136
277140
143916
3570
33670
96141
131841
8515
66795
168490
68265
72010
3741
21736
14028
22366
122760
68265
90951
63903
103740
2850
29646
129286
43071
31626
1128
41616
143916
27261
125751
26796
90100
442270
73536
116886
19900
2278
155403
1540
97461
30628
14878
122760
45
91
19503
141246
1653
112101
253828
67896
69378
12090
26796
171
37675
21945
27261
169653
171991
47586
89676
293761
82215
4753
46056
11781
21945
130816
3321
12880
37401
126756
1378
35778
258840
2701
68635
119805
55
129286
2701
435
50403
80200
2278
20301
8256
376278
317206
63903
2701
63190
190
2926
121771
30135
4753
83028
52326
204480
1326
264628
226128
274911
20301
192510
186966
378
80601
66430
55278
50086
11476
311655
3003
9316
15225
3240
14365
79401
309291
220780
129286
173166
156520
30876
94395
243951
2556
3570
4950
528
105111
31878
152076
5356
149878
144991
73920
2485
2016
16836
279378
28
70125
49455
120
10
15051
269011
4465
2278
6441
43660
41041
154290
43071
205761
192510
45150
40470
31125
7750
46971
121278
25425
1953
26565
100128
149331
148240
415416
296065
7021
62481
183921
483636
16110
5778
2080
32385
21945
89676
268278
195000
21945
31125
285390
77815
3486
30381
465
2628
196251
351
19900
44850
103285
177310
3081
122265
46360
32385
24531
4560
41041
28
178503
17955
301476
73153
136
55
26796
67896
308505
16110
8385
74305
37675
69751
15931
11026
160461
67528
32385
226128
364231
51040
10153
180300
157641
41041
136503
63190
8515
63546
4753
61075
262450
314821
141246
32896
67896
75466
251695
8385
186966
158766
903
43071
103740
3003
37401
307720
7260
1431
50721
6441
15051
228150
6216
1653
19503
174345
39903
202566
334153
130305
9316
1
4753
137026
318801
58653
41041
10153
358281
244650
73536
28203
317206
116403
437580
92665
42778
9453
106030
24090
15753
306936
77815
64980
78
148785
58996
861
234270
7381
157080
32131
136
1275
139128
233586
14535
6328
15
9180
4278
55611
55
69006
2415
46056
1128
34191
4186
135981
3240
465
3828
213531
3741
1035
99681
25200
280875
4371
6555
356590
153735
18336
43956
267546
14365
237705
4753
300
281625
11781
98790
57291
10
10296
11026
248865
2850
5151
15051
75078
69751
561
408156
7260
91
10011
172578
59685
37401
157641
160461
66
64980
4950
125250
156520
83845
321201
123753
1176
241165
595
206403
155961
12090
1275
2415
23436
4753
319600
15400
44253
5778
4950
14535
402753
236328
406
118828
225456
76245
171991
269745
18528
1711
2211
406
26335
7626
33153
150426
16471
10
40186
49455
20910
244650
13861
29890
5253
37675
6
151525
6670
143380
2415
120786
26106
29646
325
128778
30135
12246
60031
32896
44850
3321
29646
119805
363378
265356
1711
10296
277140
43365
64620
325
171991
49770
231
16653
89253
107880
22155
351
2415
91
820
2415
95266
154846
36
138601
111628
128271
203203
48828
2628
36856
250278
68265
98790
117370
278631
55611
71631
27261
122760
20301
465
79401
79401
53628
207046
1128
12090
406
263901
33153
4371
62481
115921
9045
52650
3003
2211
2628
103285
17391
276
135981
142845
12561
171
11476
237016
162165
22155
378015
3321
93528
166753
121771
780
218130
14365
7140
54946
154290
703
157641
67528
400065
179700
117855
5151
150426
54615
61776
70500
26796
15931
263175
47895
128271
27730
2556
3741
35245
171
31878
31878
175528
8515
60031
28
21945
2701
1431
394716
86736
197506
496
207690
100128
136
23871
114481
12880
66795
176121
308505
167331
100128
1081
323610
154290
289180
85491
209628
102378
48828
151525
44253
116886
113050
168490
134421
210
68265
40755
111156
54946
346528
174936
286146
124251
154290
4656
28203
14196
274170
300
86320
17020
5778
666
19503
2926
4005
19503
14535
1770
54946
78210
23005
55945
15051
32385
79800
465
79003
13530
234955
990
69751
280875
11175
263901
105
90100
35245
39060
42195
219453
276
19503
190653
1378
90100
386760
1830
58653
98346
73536
108811
16290
5151
15400
131841
1770
149331
17020
202566
207046
239086
13203
397386
72771
21115
26796
17766
190
173166
75855
378
63546
1431
112101
820
194376
4095
73920
222111
38226
21
37950
210
80200
85905
228150
43660
17205
7750
14365
13695
140185
33411
18528
7260
66795
143916
31375
18145
2016
49141
171
1891
6
10585
198135
458403
122265
276
383250
12090
27261
153181
298378
12561
34980
79800
22791
390286
353220
193131
102831
4005
154290
30876
31878
10440
178503
120
435711
703
171
115440
37401
106953
7503
255970
20301
142311
104653
157641
7626
19110
241860
124251
63903
18145
15051
69378
6441
106030
1128
13861
18145
3916
15400
190036
2556
223446
28441
177906
185745
115921
122760
171
33411
315615
58311
67161
1081
20706
77421
263901
9591
32896
102831
1035
5886
64261
30628
10296
9453
24976
64980
269745
12090
13530
112101
120
36046
158766
1326
36
324415
28441
264628
1035
9045
20503
32640
10731
125250
3916
6328
220116
29403
36
9730
66
80200
6
76636
44850
3741
190
463203
97461
5995
97461
97461
861
149331
11026
5778
199396
9316
73153
50721
465
331705
292995
1711
188805
16471
65341
13695
3003
138601
2485
188805
2211
56953
32640
3
203203
62481
220780
42195
8778
45
17578
59340
25651
119316
42778
10
10296
102378
70500
88410
36046
70500
2628
153
216811
1326
12403
13530
14196
66066
269745
205120
46971
36585
237016
820
2850
130305
148785
15931
122265
58653
88831
182710
137026
15
2701
14878
13695
22155
248865
465
35511
77028
1830
210
946
277885
123256
465
10878
21736
71631
47278
91806
190
220116
3916
158203
171405
61075
20301
820
55945
234955
141778
84666
128778
36046
55945
55611
87153
70500
89253
1830
85491
79401
46971
29161
3
15
78
31626
21321
218791
47586
5886
208335
162165
26796
1653
5460
167910
29403
406
61425
41905
152076
10011
101926
323610
12403
21736
207690
170236
41905
71631
228826
320400
24090
304590
368511
121771
1176
820
122760
91378
34453
13041
168490
20100
2211
252405
144991
428275
5460
148785
26106
6328
39060
76245
30876
8778
780
5356
169071
170236
7021
357435
21321
33411
130305
110685
10440
421821
198765
16836
55611
58996
54615
7875
296835
27028
29890
3081
10296
43365
741
6216
271216
69006
116403
20910
11175
22791
210
26106
101926
89676
105111
35245
230181
21945
72771
170236
