679509299285
0000000
0000001
00000100
00000101
0000011
00001000
000010010
000010011
0000101
00001100
00001101
00001110
00001111
0001000
0001001
0001010
0001011
00011000
000110010
000110011
0001101
0001110
0001111
0010000
0010001
0010010
0010011
0010100
0010101000
0010101001
001010101
00101011
0010110
001011100
001011101
00101111
0011000
00110010
00110011
00110100
001101010
001101011
00110110
00110111
0011100
0011101
0011110
001111100
0011111010
0011111011
00111111
0100000
0100001
01000100
01000101
01000110
01000111
01001000
01001001
010010100
010010101
01001011
0100110
01001110
01001111
0101000
01010010
01010011
0101010
0101011
0101100
0101101
0101110
0101111
01100000
01100001
0110001
0110010
0110011
0110100
0110101
0110110
01101110
01101111
0111000
011100100
011100101
011100110
011100111
0111010
01110110
011101110
011101111
0111100
01111010
01111011
01111100
01111101
0111111
1000000
10000010
10000011
1000010
10000110
10000111
1000100
10001010
10001011
1000110
1000111
1001000
1001001
1001010
10010110
10010111
10011000
100110010
100110011
10011010
100110110
100110111
1001110
10011110
100111110
100111111
1010000
1010001
1010010
10100110
10100111
10101000
10101001
10101010
10101011
10101100
10101101
1010111
101100000
101100001
10110001
1011001
1011010
1011011
10111000
10111001
1011101
10111100
10111101
1011111
11000000
11000001
1100001
11000100
11000101
1100011
11001000
11001001
1100101
1100110
11001110
110011110
110011111
1101000
11010010
110100110
110100111
1101010
1101011
11011000
11011001
11011010
11011011
1101110
1101111
1110000
1110001
1110010
11100110
111001110
111001111
1110100
11101010
11101011
1110110
11101110
111011110
111011111
1111000
11110010
11110011
1111010
1111011
11111000
11111001
111110100
111110101
11111011
1111110
11111110
11111111
