624728014958
000000000
000000001
00000001
0000001
0000010
0000011
000010
000011000
000011001
0000110100
0000110101
0000110110
0000110111
0000111
0001000
000100100
000100101
00010011
00010100
0001010100
0001010101
0001010110
0001010111
00010110
000101110
000101111
00011000
000110010
0001100110
0001100111
0001101
000111000
000111001
00011101
0001111
00100000
00100001
0010001
00100100
00100101
00100110
00100111
0010100
0010101
00101100
00101101
0010111
00110000
00110001
001100100
001100101
00110011
00110100
00110101
0011011
0011100
00111010
00111011
0011110
00111110
00111111
01000000
01000001
0100001
0100010
010001100
010001101
01000111
0100100
0100101
01001100
01001101
01001110
010011110
010011111
0101000
0101001
0101010
0101011
010110
0101110
0101111
0110000
0110001
01100100
011001010
011001011
0110011
0110100
0110101
0110110
0110111
011100000
0111000010
0111000011
01110001
01110010
01110011
0111010
01110110
011101110
011101111
0111100
01111010
01111011
0111110
01111110
011111110
011111111
1000000
1000001
1000010
1000011
1000100
1000101
100011
1001000
1001001
1001010
10010110
10010111
10011000
10011001
1001101
10011100
100111010
1001110110
1001110111
1001111
1010000
1010001
1010010
10100110
10100111
10101000
10101001
1010101
1010110
1010111
101100
1011010
1011011
1011100
10111010
10111011
10111100
101111010
1011110110
1011110111
10111110
10111111
1100000
1100001
11000100
110001010
110001011
1100011
110010000
110010001
11001001
1100101
11001100
11001101
1100111
110100000
110100001
11010001
1101001
1101010
1101011
1101100
1101101
1101110
1101111
11100000
11100001
1110001
1110010
1110011
1110100
1110101
1110110
11101110
11101111
111100000
111100001
11110001
1111001
11110100
11110101
1111011
1111100
11111010
11111011
1111110
111111100
111111101
11111111
