765713779790
0000000
0000001
000001000
000001001
00000101
0000011
0000100
0000101
00001100
0000110100
0000110101
000011011
0000111
0001000
00010010
00010011
0001010
00010110
00010111
0001100
0001101
0001110
00011110
00011111
0010000
00100010
00100011
0010010
0010011
00101000
00101001
0010101
00101100
00101101
0010111
00110000
00110001
00110010
00110011
0011010
00110110
00110111
0011100
0011101
0011110
0011111
010000000
010000001
01000001
01000010
01000011
0100010
01000110
01000111
0100100
01001010
01001011
0100110
01001110
010011110
010011111
0101000
0101001
010101000
010101001
01010101
01010110
01010111
0101100
0101101
010111000
010111001
01011101
0101111
0110000
0110001
0110010
0110011
0110100
0110101
01101100
01101101
0110111
01110000
011100010
011100011
0111001
0111010
0111011
01111000
01111001
0111101
01111100
01111101
0111111
1000000
1000001
100001000
100001001
10000101
100001100
100001101
10000111
1000100
100010100
100010101
10001011
10001100
10001101
1000111
10010000
10010001
1001001
1001010
10010110
10010111
1001100
10011010
10011011
1001110
1001111
1010000
1010001
1010010
1010011
10101000
101010010
101010011
1010101
10101100
10101101
1010111
1011000
1011001
10110100
10110101
10110110
10110111
101110000
101110001
101110010
101110011
1011101
10111100
10111101
10111110
10111111
1100000
110000100
110000101
11000011
1100010
1100011
1100100
11001010
110010110
110010111
1100110
11001110
11001111
1101000
11010010
11010011
11010100
11010101
11010110
11010111
1101100
11011010
11011011
1101110
11011110
11011111
1110000
1110001
11100100
111001010
111001011
1110011
11101000
11101001
1110101
111011000
111011001
11101101
11101110
11101111
1111000
1111001
11110100
11110101
1111011
11111000
11111001
1111101
1111110
111111100
111111101
111111110
111111111
