664178095485
0000000
00000010
00000011
0000010
0000011
000010000
000010001
00001001
0000101
0000110
0000111
0001000
0001001
0001010
00010110
00010111
00011000
00011001
0001101
0001110
0001111
00100000
001000010
0010000110
0010000111
0010001
001001000
001001001
00100101000
00100101001
0010010101
001001011
00100110
00100111
0010100
00101010
00101011
001011
0011000
0011001
001101000
001101001
00110101
0011011
00111000
00111001
00111010
00111011
001111
010000000
010000001
01000001
01000010
01000011
0100010
0100011
0100100
0100101
0100110
0100111
0101000
0101001
0101010
010101100
010101101
01010111
010110000
010110001
01011001
0101101
01011100
01011101
010111100
010111101
010111110
010111111
0110000
01100010
01100011
01100100
01100101
01100110
01100111
0110100
0110101
0110110
011011100
011011101
011011110
011011111
0111000
0111001
0111010
0111011
011110
0111110
0111111000
0111111001
011111101
011111110
0111111110
0111111111
1000000
10000010
10000011
100001
1000100
1000101
1000110
1000111
1001000
1001001
10010100
10010101
1001011
10011000
10011001
1001101
1001110
10011110
10011111
1010000
101000100
101000101
101000110
101000111
101001000
101001001
101001010
101001011
10100110
10100111
1010100
1010101
10101100
101011010
101011011
1010111
1011000
1011001
10110100
101101010
101101011
1011011
10111000
10111001
10111010
10111011
1011110
1011111
1100000
11000010
11000011
110001
11001000
11001001
1100101
1100110
1100111
11010000
11010001
11010010
11010011
11010100
11010101
1101011
11011000
11011001
1101101
1101110
11011110
11011111
1110000
11100010
11100011
11100100
11100101
1110011
1110100
1110101
11101100
11101101
1110111
1111000
11110010
11110011
1111010
11110110
11110111
111110000
111110001
111110010
111110011
11111010
11111011
1111110
11111110
11111111
