705845607151
0000000
0000001
0000010
000001100
0000011010
0000011011
00000111
00001000
00001001
0000101
00001100
000011010
000011011
0000111
00010000
000100010
000100011
0001001
0001010
00010110
00010111
0001100
0001101
000111000
000111001
000111010
000111011
00011110
00011111
0010000
0010001
0010010
00100110
00100111
0010100
00101010
00101011
0010110
0010111
0011000
0011001
0011010
0011011
0011100
0011101
001111000
001111001
00111101
0011111
0100000
0100001
0100010
0100011
0100100
0100101
010011000
010011001
01001101
0100111
0101000
0101001
0101010
0101011
01011000
01011001
0101101
0101110
0101111
01100000
01100001
01100010
01100011
0110010
0110011
0110100
01101010
011010110
011010111
0110110
011011100
011011101
01101111
0111000
0111001
0111010
0111011
01111000
01111001
01111010
01111011
01111100
01111101
0111111
10000000
10000001
100000100
10000010100
10000010101
1000001011
10000011
1000010
1000011
1000100
10001010
100010110
100010111
1000110
10001110
10001111
1001000000
1001000001
100100001
10010001
1001001
1001010
10010110
10010111
10011000
10011001
10011010
10011011
1001110
10011110
100111110
100111111
1010000
10100010
10100011
1010010
10100110
10100111
1010100
1010101
1010110
1010111
1011000
10110010
10110011
1011010
10110110
101101110
101101111
1011100
1011101
10111100
10111101
1011111
1100000
11000010
11000011
1100010
1100011
1100100
1100101
1100110
11001110
11001111
1101000
110100100
110100101
110100110
110100111
1101010
1101011
11011000
11011001
1101101
11011100
11011101
1101111
1110000
1110001
11100100
11100101
11100110
11100111
11101000
111010010
111010011
1110101
11101100
11101101
111011100
111011101
111011110
111011111
1111000
1111001
1111010
1111011
11111000
11111001
1111101
1111110
11111110
11111111
