720701691065
00000000
00000001
0000001
00000100
000001010
000001011
0000011
0000100
00001010
00001011
0000110
00001110
00001111
00010000
00010001
0001001
00010100
00010101
0001011
00011000
00011001
00011010
000110110
000110111
0001110
0001111
00100000
001000010
001000011
0010001
001001000
001001001
00100101
0010011
0010100
0010101
0010110
00101110
001011110
001011111
0011000
0011001
0011010
00110110
00110111
0011100
0011101
0011110
00111110
00111111
0100000
01000010
01000011
0100010
0100011
0100100
0100101
01001100
01001101
0100111
0101000
0101001
010101000
010101001
01010101
0101011
01011000
01011001
0101101
0101110
01011110
01011111
01100000
01100001
0110001
01100100
011001010
011001011
0110011
0110100
01101010
01101011
011011000
011011001
01101101
0110111
01110000
01110001
0111001
0111010
0111011
0111100
01111010
01111011
0111110
01111110
01111111
10000000
10000001
100000100
100000101
10000011
1000010
1000011
10001000
10001001
1000101
100011000
100011001
10001101
1000111
10010000
100100010
100100011
1001001
10010100
10010101
10010110
10010111
1001100
1001101
1001110
1001111
1010000
10100010
101000110
101000111
1010010
1010011
1010100
1010101
10101100
10101101
1010111
10110000
10110001
1011001
10110100
10110101
1011011
10111000
10111001
10111010
10111011
1011110
10111110
10111111
1100000
11000010
11000011
1100010
11000110
110001110
110001111
1100100
1100101
1100110
1100111
11010000
11010001
110100100
110100101
11010011
1101010
1101011
1101100
110110100
110110101
110110110
110110111
11011100
11011101
1101111
1110000
11100010
11100011
1110010
111001100
111001101
11100111
1110100
1110101
1110110
1110111
1111000
1111001
111101000
111101001
11110101
11110110
11110111
1111100
1111101
11111100
11111101
11111110
11111111
