675210839261
0000000
00000010
00000011
0000010
0000011
0000100
0000101
0000110
000011100
000011101
000011110
000011111
0001000
0001001
0001010
0001011
0001100
00011010
00011011
0001110
0001111
0010000
0010001
0010010
00100110
001001110
001001111
0010100
00101010
001010110
001010111
0010110
0010111
0011000
0011001
00110100
00110101
001101100
001101101
00110111
00111000
00111001
00111010
001110110
0011101110
0011101111
0011110
00111110
00111111
0100000
0100001
0100010
0100011
0100100
0100101
0100110
0100111
01010000
010100010
010100011
0101001
0101010
0101011
0101100
0101101
0101110
0101111
01100000
01100001
01100010
01100011
011001
011010000
0110100010
0110100011
011010010
011010011
0110101
0110110
01101110
011011110
0110111110
0110111111
0111000
0111001
01110100
01110101
0111011
0111100
0111101
0111110
011111100
011111101
01111111
1000000
1000001
1000010
1000011
1000100
10001010
10001011
10001100
10001101
10001110
100011110
100011111
10010000
10010001
1001001
100101000
100101001
1001010100
1001010101
100101011
1001011
1001100
1001101
1001110
1001111
1010000
1010001
1010010
101001100
101001101
10100111
1010100
1010101
1010110
1010111000
1010111001
1010111010
1010111011
10101111
10110000
10110001
10110010
10110011
1011010
1011011
1011100
1011101
10111100
101111010
101111011
1011111
1100000
1100001
11000100
110001010
1100010110
11000101110
11000101111
1100011
11001000
11001001
1100101
1100110
1100111
1101000
1101001
11010100
11010101
1101011
1101100
110110100
110110101
11011011
11011100
11011101
1101111
1110000
1110001
11100100
11100101
1110011
1110100
1110101
11101100
11101101
11101110
11101111
111100000
111100001
111100010
111100011
11110010
11110011
11110100
11110101
1111011
11111000
11111001
1111101
11111100
11111101
1111111
