664715914693
0000000
00000010
000000110
000000111
0000010
0000011
0000100
0000101
00001100
00001101
00001110
000011110
000011111
0001000
00010010
00010011
000101
0001100
0001101
00011100
00011101
00011110
00011111
00100000
00100001
0010001000
0010001001
001000101
00100011
001001
0010100
0010101
00101100
001011010
001011011
00101110
00101111
0011000
0011001
0011010
0011011
00111000
001110010
001110011
0011101
0011110
0011111
0100000
010000100
0100001010
0100001011
01000011
01000100
01000101
0100011
0100100
0100101
0100110
01001110
01001111
0101000
0101001
0101010
0101011
0101100
0101101
0101110
0101111
01100000
01100001
011000100
011000101
01100011
0110010
01100110
011001110
011001111
0110100
01101010
01101011
0110110
011011100
011011101
01101111
01110000
011100010
011100011
0111001
011101
011110000
011110001
01111001
0111101
0111110
01111110
011111110
0111111110
0111111111
1000000
10000010
10000011
1000010
1000011
10001000
10001001
1000101
1000110
1000111
1001000
1001001
1001010
1001011
10011000
10011001
1001101
1001110
10011110
10011111
10100000
10100001
1010001
1010010
10100110
101001110
101001111
1010100
10101010
10101011
1010110
10101110
10101111
1011000
1011001
101101000
1011010010
10110100110
10110100111
10110101
1011011
1011100
1011101000
1011101001
101110101
101110110
101110111
101111
110000000
110000001
11000001
1100001
11000100
110001010
110001011
1100011
11001000
11001001
1100101
1100110
110011100
110011101
11001111
1101000
1101001
11010100
11010101
110101100
110101101
11010111
1101100
1101101
11011100
11011101
1101111
11100000
11100001
11100010
111000110
111000111
1110010
1110011
1110100
1110101
1110110
1110111
1111000
11110010
111100110
111100111
1111010
11110110
111101110
111101111
1111100
11111010
11111011
11111100
11111101
11111110
11111111
