740466517118
00000000
000000010
000000011
0000001
0000010
0000011
00001000
00001001
0000101
000011000
000011001
00001101
0000111
00010000
00010001
0001001
0001010
0001011
0001100
000110100
0001101010
0001101011
00011011
0001110
00011110
00011111
00100000
00100001
00100010
00100011
0010010
00100110
00100111
0010100
0010101
0010110
0010111
0011000
00110010
00110011
0011010
00110110
00110111
0011100
0011101
0011110
00111110
001111110
001111111
010000000
010000001
010000010
010000011
0100001
01000100
01000101
01000110
01000111
0100100
0100101
0100110
01001110
01001111
01010000
01010001
0101001
010101000
010101001
01010101
01010110
01010111
010110000
010110001
010110010
010110011
0101101
010111000
010111001
01011101
01011110
01011111
0110000
0110001
01100100
01100101
0110011
0110100
0110101
011011000
011011001
01101101
0110111
0111000
01110010
01110011
0111010
01110110
01110111
0111100
0111101
0111110
01111110
01111111
1000000
1000001
10000100
10000101
1000011
1000100
1000101
1000110
1000111
10010000
100100010
100100011
1001001
1001010
1001011
1001100
1001101
100111000
100111001
10011101
10011110
10011111
1010000
10100010
10100011
101001000
101001001
10100101
1010011
10101000
10101001
10101010
10101011
1010110
1010111
1011000
10110010
10110011
10110100
101101010
101101011
10110110
10110111
1011100
1011101
101111000
101111001
101111010
101111011
1011111
1100000
1100001
1100010
1100011
1100100
11001010
11001011
1100110
11001110
11001111
1101000
11010010
11010011
1101010
110101100
110101101
11010111
11011000
11011001
1101101
1101110
11011110
11011111
11100000
11100001
1110001
11100100
111001010
111001011
1110011
1110100
111010100
111010101
11101011
1110110
1110111
1111000
1111001
1111010
1111011
1111100
1111101
1111110
11111110
111111110
111111111
