736857963829
0000000
0000001
0000010
0000011
0000100
0000101
00001100
00001101
0000111000
0000111001
000011101
000011110
000011111
0001000
0001001
00010100
00010101
00010110
00010111
0001100
00011010
00011011
0001110
0001111
0010000
0010001
0010010
00100110
00100111
0010100
00101010
001010110
0010101110
0010101111
0010110
0010111
0011000
0011001
0011010
0011011
0011100
0011101
0011110
0011111
01000000
01000001
010000100
0100001010
0100001011
01000011
0100010
01000110
01000111
0100100
01001010
01001011
0100110
0100111
0101000
01010010
01010011
010101000
010101001
01010101
0101011
010110000
010110001
01011001
0101101
01011100
01011101
0101111
0110000
01100010
01100011
0110010
01100110
01100111
0110100
01101010
01101011
0110110
01101110
01101111
0111000
0111001
0111010
0111011
01111000
01111001
0111101
01111100
01111101
0111111
10000000
10000001
1000001
1000010
1000011
1000100
100010100
100010101
10001011
1000110
1000111
1001000
1001001
1001010
10010110
10010111
1001100
10011010
10011011
100111000
100111001
10011101
10011110
10011111
1010000
10100010
10100011
1010010
1010011
1010100
1010101
1010110
1010111
10110000
10110001
10110010
101100110
101100111
1011010
1011011
1011100
1011101
101111000
101111001
10111101
1011111
110000000
110000001
11000001
11000010
11000011
1100010
1100011
1100100
1100101
11001100
110011010
110011011
1100111
11010000
11010001
11010010
11010011
11010100
11010101
1101011
1101100
11011010
11011011
1101110
110111100
110111101
11011111
11100000
11100001
1110001
1110010
11100110
11100111
11101000
11101001
1110101
111011000
111011001
111011010
111011011
11101110
111011110
111011111
11110000
11110001
1111001
1111010
1111011
11111000
11111001
11111010
111110110
111110111
11111100
111111010
111111011
11111110
11111111
