14960
7524
16852
11352
7568
9372
9328
11352
1892
13244
13244
11352
16984
7480
11264
13112
7568
11264
11264
7524
9460
15048
7568
11264
9460
5676
9416
9460
5676
16764
15136
11308
18744
13200
7524
5676
13112
11352
11352
13112
16808
13244
9460
5676
11352
9460
13112
11220
13156
9460
13112
13244
15092
13112
7568
9460
13112
9416
15136
15048
18744
7568
11264
15048
11264
13244
16984
11352
9416
13112
5676
5676
13112
13244
11264
13244
5676
9460
5676
13068
17028
11352
13112
7568
11264
13156
13112
9460
15004
9372
7568
9460
9460
15136
9460
13156
16808
13112
11352
13200
7568
7568
15136
9372
7568
13244
18744
5676
7480
11264
18788
18744
7568
9460
15092
11264
9372
11352
9460
9460
15136
7568
17028
11352
13244
15048
9460
15136
13156
20592
15048
20548
7480
14960
13244
13244
11352
13112
11264
15136
7568
11308
15092
7480
7568
11352
7568
5676
11264
18744
11264
11352
13200
7568
11352
13156
11264
9460
15048
3784
11352
13112
7524
11264
7568
11352
9460
15004
9460
9284
14916
7568
7568
18656
9416
15048
15004
16984
15048
11264
9460
14960
11264
9460
13200
16852
11176
13244
7568
11308
7524
13112
11220
16852
18744
5676
16940
15136
14960
11308
14960
13112
9460
3784
9372
5676
16940
7480
13156
15048
11352
16896
11308
13068
9460
9460
16852
15004
7524
16852
18832
7568
15004
11176
11352
9460
11308
7524
7568
7524
13244
16808
13112
16940
9416
9460
16940
11264
13112
9460
20548
7524
15136
15048
13112
7568
9416
9460
13156
15048
9416
13112
13156
11264
9460
17028
7568
9460
13156
11264
9460
13156
13156
13156
11308
16940
13156
9460
15048
14960
13244
16940
11264
16940
11220
11352
11264
13244
11176
13156
16896
15048
13244
7568
16808
13156
15048
9460
5676
9372
11308
13112
16896
7524
9460
16808
5676
9460
11308
9416
9372
13244
7480
13112
5676
11264
16852
9284
7568
7568
15136
11264
16764
13156
15048
16808
11264
13156
9372
15136
13244
11352
9460
13244
14960
7524
11176
9460
16764
13244
9460
16896
7524
17028
9372
3784
16896
15004
18700
13244
13068
7568
7524
11264
16808
7568
9460
15048
13244
13244
13156
3740
5632
7568
7524
7568
3784
11352
16896
11352
11264
16852
7524
9372
15136
13156
7568
5632
13156
11352
9460
9460
11352
11352
15136
13244
11264
13112
16940
20548
13112
7568
18700
11352
7480
9460
20592
13244
15136
13156
15048
13112
11264
11352
3740
9416
13244
18744
13156
15048
18744
16852
7568
7568
13244
15048
11220
15048
15048
11352
7524
15092
7568
15048
11264
9416
18920
15048
11308
3784
9460
16852
13156
9416
7568
15004
11352
16808
7568
11264
15136
5676
13156
16940
13156
13244
11352
11352
16808
11352
13112
13156
3784
13244
9460
11264
13244
11352
9416
7568
5676
9460
11264
13112
13112
13156
16940
9416
11264
15004
13244
16940
18656
9460
9416
13156
11352
15136
11264
15004
13244
11352
13112
13200
13244
11264
5676
9460
13244
16852
9416
7524
7568
13112
11352
1892
13244
7568
13156
7568
11264
15004
11352
9460
11264
11176
5676
13200
9416
13112
11264
18744
15004
13156
13156
7568
11352
13112
15048
7568
9460
13200
13244
11352
15048
11352
18744
9460
5632
9416
7568
11264
7568
13156
7568
1892
7568
11308
13156
11352
16940
16940
9460
11220
5676
13244
5676
13156
9460
9328
9328
9460
9460
16940
7568
11352
15048
13156
11264
13156
13244
9416
13112
20636
7568
9460
11352
7568
1892
14916
13068
11132
11264
20548
13156
11308
14960
13112
11176
14960
11264
9460
7524
15136
11352
7568
7568
16896
7568
5676
13156
9460
11220
7568
11264
11352
14960
13112
7568
13156
13244
15092
7524
9372
18700
13156
7436
16940
9372
7480
9416
18700
13024
11352
9460
15048
14960
3784
9328
5676
14960
13244
7480
11352
11352
18832
11352
15092
16852
16940
15004
7568
11352
11264
15136
16896
13244
15048
13244
13112
16940
14916
9416
5676
11352
11352
11264
11264
3784
16940
5676
9328
3784
13156
13156
9372
16940
9460
9460
13244
15136
14960
15048
15048
16940
17028
7568
9328
11352
7524
11352
14960
11352
15136
7568
11352
15048
11352
11352
13200
18876
9460
11308
13024
9460
15048
15048
16852
9460
13200
9328
13068
13244
11352
13112
15048
16852
7568
11176
13068
11352
7568
15048
9460
13200
11352
15048
9372
9460
7568
11264
13244
11220
7524
15092
11264
13200
9460
15004
9460
7480
7568
15004
7436
9460
9460
15004
11352
9284
7568
11352
15136
13244
15136
18788
13156
15048
13068
13244
14960
13156
9460
20592
11352
11352
11264
11308
1892
13244
13156
9460
18700
11352
13068
11264
11352
13156
15048
13068
13156
13200
9372
9460
5676
11352
13244
11220
11352
9460
13244
13156
11264
11264
5588
13156
9460
15048
9460
13156
11352
7568
7568
9460
16896
11352
11352
16852
9372
11352
13244
11308
5676
9460
9372
13156
15048
11352
15048
9416
11176
18788
11308
11264
11352
13156
7524
7568
11264
18832
15136
13244
5676
13156
11264
16940
9372
13156
13244
7524
9328
13156
15136
11352
7480
18656
7568
16852
11352
13200
11352
13156
11264
16940
13112
13156
11308
18832
13112
11308
11352
13200
13244
9460
9416
13244
18568
11220
7568
9460
17028
18744
11352
9372
9372
14872
11264
15048
7568
9372
13200
7568
18744
15048
9460
11308
7436
11264
14960
17028
7568
14960
16940
15048
5632
11352
5676
9460
11308
13156
9460
9372
11352
13244
9372
9372
9460
15048
15004
13112
11352
13112
15048
5676
15136
16852
13244
13200
11352
9416
5676
9460
15004
13156
18744
13156
15048
9460
7568
15048
15048
13244
15092
9460
16852
11220
1892
9460
13200
13244
9416
9460
11352
13244
5632
11220
9460
11352
13156
11220
13244
3784
14960
13112
3784
7480
11220
9416
16852
14960
16896
15004
5676
15048
11264
15136
13244
9372
9460
15136
9460
13200
15048
9416
9372
11264
9460
1892
11352
5676
9460
15136
9460
11308
16852
16852
13200
11352
9460
7524
11264
15004
15092
13156
5676
15004
7524
15004
11264
9416
15004
11352
11308
9460
7568
13156
14960
13068
11352
7568
5676
15136
13200
7568
15136
18612
13112
9460
3740
11264
15004
9372
13156
18920
11264
11264
9416
9460
13068
11264
9460
