3824
3824
5736
5736
13376
11472
21008
11464
9552
13384
11464
19108
3824
15288
11468
21008
11472
5736
13384
17200
9560
17196
15280
13376
11472
15296
11472
11464
11464
9560
9556
13384
19108
15288
17200
13376
17196
17204
13372
11464
9560
11464
19100
17192
17192
7648
9560
11472
7648
11460
5736
3824
9560
13368
11456
17192
11460
5736
11472
13380
13376
7648
13376
11464
7648
11472
9560
7648
11464
11472
13380
11472
9560
11464
7640
13384
9556
13376
11468
11472
9556
13376
13376
7648
17200
13384
17200
9552
13384
9560
17200
11472
15296
11472
15276
9556
17200
15288
9560
7648
13376
15296
9552
15280
17200
19104
7648
15296
13384
9560
7648
9548
15288
11460
15280
5736
9556
13376
7648
13372
9548
15288
5736
11468
11472
9560
7644
5736
15276
15284
7648
7640
7648
5736
9560
7648
5736
9556
11472
5736
13372
9556
5736
11464
15288
17192
11472
11472
11472
17184
11472
3824
7648
9556
11464
13376
17192
13376
13384
5736
9556
13376
15288
15288
9560
15292
17200
9556
15288
9560
7648
15276
9560
17196
7644
19112
9560
13380
13376
9560
13376
17200
17192
13384
11464
11464
13380
15280
3824
9548
11472
15288
9560
17192
11460
17188
15284
9560
9560
5736
13372
11464
7644
9560
13376
5736
9560
11472
9556
9560
5736
13384
11464
13376
17188
13376
11456
7648
17200
15284
17196
11468
17192
15280
15292
17196
11472
15284
7648
15280
9560
13380
11464
13376
17196
7648
7648
19112
7648
19104
11472
15288
15288
13384
13380
15288
9556
13368
17192
17192
15292
9560
17192
17196
9556
15280
13376
7640
7648
9560
9560
13384
13376
11464
13384
13376
13376
13380
13368
17200
7648
11464
11464
9560
9560
5736
9560
15296
11464
13376
13376
13384
17192
13380
13384
9552
9556
9560
17208
7640
19096
9560
13376
9560
15288
11472
11468
19100
9560
11464
11464
7648
13376
11464
7648
9552
15296
17200
9560
11464
9560
15280
5728
11460
15284
7648
7648
9560
9552
11472
7648
11468
11472
1912
9560
15288
13384
13380
7648
19096
19104
13380
11460
13384
11464
19100
17192
11472
13376
13376
9560
13376
9548
9552
11472
7648
13380
9556
9560
13376
21008
15292
11472
15292
11472
17200
15288
21008
15288
11468
9548
11460
17196
9556
15288
15280
7644
9560
9560
7648
19104
13376
19104
15288
9560
9560
19104
5736
15292
19100
13384
11472
15284
17192
13372
13380
9560
11468
7648
9556
13372
9560
9548
7644
13376
11472
15288
17192
15296
13376
19096
11472
13368
7648
11468
5732
11468
11472
11472
9556
13376
15280
7644
15296
11472
9552
15284
5736
9560
11472
11464
9560
7648
13376
9560
13376
11468
15288
13384
13376
11464
19112
9552
15296
9556
15296
9556
15288
21008
13376
17208
13380
11472
7648
21008
7648
9560
11472
15280
9560
17184
11464
5736
9556
11472
13372
11468
7648
13384
15296
11472
11468
15288
5736
19104
13372
13384
3824
13368
19104
11468
13376
17188
9560
11464
5732
11460
11464
11472
7648
11464
9560
11464
17192
15296
9560
11472
9560
11464
9560
17192
17192
7644
11472
9560
13380
9560
5736
13376
7644
17192
7648
15280
7648
15288
9556
17188
9560
15292
13384
5736
7640
9552
13368
19112
11468
11464
17200
15288
7648
3824
13372
7640
9560
11464
17184
7644
17188
11464
11472
13368
9560
13384
11468
7648
17200
11464
9560
11464
9556
17200
17200
9556
13380
15288
15288
11472
11468
21008
11472
13376
15288
5732
9556
9560
7648
11472
15296
11464
9560
15296
13368
9560
13368
17208
17196
15280
7644
13360
1912
7648
11472
7648
13372
15280
13372
9552
19096
13380
15288
7644
11464
13384
9560
11460
13384
11468
13380
11456
11464
15288
9560
9544
5736
13368
9560
9552
11472
9560
17208
15284
13376
13384
11472
15288
9560
17184
17200
11472
13368
7648
3820
13372
11472
15288
9552
13384
9552
3824
7648
17188
13384
9560
9552
15280
15296
13384
7648
11464
15280
9552
9552
5736
13384
17204
13380
15284
9556
7644
9556
11472
5736
7644
5736
11472
17196
11472
13380
5736
9556
19120
5736
15288
15288
13384
7648
13384
13376
7648
7640
13376
17188
7644
13376
11456
21016
13372
13376
15292
7644
15288
7648
11472
11472
9556
11468
9560
9560
11464
11472
19104
17196
7644
19104
7648
17208
9560
17200
19112
9560
7648
7644
11464
17200
9560
7648
17200
13372
11472
9556
13380
5736
9560
11472
15272
7644
13372
11464
9560
11468
11464
13384
15288
11472
13380
15272
13376
5736
9560
3824
11472
7644
13376
7648
13376
15292
9556
5736
3824
7648
7648
7648
17196
9560
11464
7648
11464
11468
7648
13372
9552
7648
11460
11472
13376
9560
17192
7644
15288
15288
13384
15284
11472
9560
17208
15288
15288
9560
13384
11472
9560
9552
11464
11472
11472
13376
17204
11472
13376
11464
19104
11468
21004
19104
11472
13380
15296
7648
15292
9556
19104
15288
9556
9560
17192
9560
17200
5736
9560
15296
9552
17192
5728
13380
13376
15288
7648
13384
5736
11472
9560
15280
11472
15284
11464
13372
17184
13376
15288
11468
15296
5736
5736
11472
5736
9560
9556
5736
19108
13384
15288
15288
15296
9560
9552
15288
17200
7648
11472
19108
13376
13368
5728
13384
5736
5736
15288
15288
9552
17200
7640
9552
11460
21008
11472
9552
7644
11472
9560
15288
15284
9560
11464
13384
15296
11472
11472
13376
13380
9552
9560
9560
9552
13376
7648
9560
9560
13372
9552
15284
7648
9556
5732
11472
11468
11464
17192
17196
11464
11472
5736
21024
13384
9552
3824
15280
9552
21008
13368
11464
11472
13384
13384
9556
17208
11472
21008
13376
7648
11464
17184
9556
15296
9552
15272
15296
19092
15288
11464
7648
7648
11472
13384
9552
15296
17192
9552
11460
15280
9556
11464
15280
15276
11468
21016
9560
19104
9552
11472
11472
17196
13372
15288
15284
13376
9552
11472
9560
7648
11464
15276
7648
9560
7644
15276
11468
9552
11464
11468
7640
15288
11460
11472
13376
9548
17188
15272
15288
13384
11472
7644
13372
11472
13384
7648
13376
15288
13376
17208
9552
1912
7648
7648
15280
11472
9548
5736
11472
15296
11472
5736
17192
17184
11464
9560
13372
15284
7648
7648
19108
19100
13376
9552
11464
7648
17200
15284
15284
11472
13384
