29328
29284
17599
14653
26360
29273
17610
14675
26349
20545
17599
29317
23480
17610
14675
14675
11729
14664
20545
20501
14664
8805
20534
20523
14675
26415
20501
14675
17610
23480
17610
23447
14664
20534
29284
23458
11740
23458
26393
17599
26349
11740
26382
35165
26382
11729
14675
14664
20534
17610
23458
14675
17577
17610
11740
23447
17610
26360
14675
17588
17610
23458
11740
17588
26360
14653
23458
11740
17610
20534
20545
11740
23447
26393
14664
23480
14653
23469
20490
8805
11740
14675
14653
20545
8794
11740
17588
14675
20523
23480
20512
20523
23469
23447
17588
17577
20545
8805
20523
17588
14675
8805
17599
14675
8805
20545
17610
26371
11740
8794
14675
26382
26404
14653
29295
17577
14664
23458
29317
23480
29262
23436
23458
26393
20545
26415
17588
11729
17566
14631
14675
14675
8805
26371
14664
17566
14664
26404
8805
20501
20523
20523
11740
17610
20523
20545
17588
29295
23458
14675
26415
11740
20523
8805
14642
20523
20545
26415
11729
5870
14653
20512
20545
8805
17588
8805
14653
23447
14675
11740
20512
20545
14653
17599
17610
26393
23480
11729
14675
14675
17588
26393
26382
26393
8805
11729
14664
17577
20534
17588
20545
23480
26349
20523
17588
14664
26371
17599
14675
26371
17610
14653
23436
17599
17610
23436
17610
29317
8805
20523
23436
17588
20545
11729
14675
17610
8794
11740
17588
26415
17566
26393
14675
17610
11740
23447
23458
17588
17588
23458
20545
17610
11740
26393
14653
26393
11729
26393
11740
20512
14675
20523
8794
20545
20512
17599
8805
26415
29295
11718
20523
14653
14653
20545
20545
11740
23458
14675
17566
20523
32219
17599
11729
29306
20523
2935
29295
17588
11740
20501
20523
17588
17610
11740
17610
8805
23458
20523
26393
26393
14675
17566
17610
32219
20534
11740
8805
14675
23458
29306
23458
20545
14675
14675
23458
14653
17588
17599
14675
14675
14675
20523
26371
17599
23436
20545
17610
20501
14664
20523
14664
17599
17588
20523
17610
14675
14675
11740
14675
23458
26371
23425
14653
17610
20512
23480
11740
14675
17588
23436
8805
11740
17588
14675
11729
8794
26371
20501
17610
5870
5870
11740
8794
14631
5859
20501
23458
26415
23436
29295
23480
5870
23458
20523
20512
23469
20545
17610
20501
20545
14675
14653
17588
26349
11718
23458
23469
11740
29317
23458
17610
14675
20545
23458
11740
14675
20545
29306
17577
14675
11740
20512
20534
29317
17610
17588
8805
11740
26393
14675
26360
23458
17588
29306
23480
20512
23458
17610
20523
11740
11740
14675
14675
14653
17610
23458
14653
14653
11740
17599
11718
17588
20523
29295
8805
20545
23469
14653
14675
20545
20523
17566
17588
11729
14675
29295
5870
20523
8805
26415
17588
17610
17610
17588
17588
20534
14642
26393
17588
8805
14675
11740
17610
29317
23458
8783
20523
11740
17588
23458
14664
23447
20534
11729
17588
17610
14653
8805
11740
17588
20523
20545
14675
8783
8805
20523
14664
20523
14664
23458
20534
23469
17610
5870
20523
17610
35132
8805
14675
17610
17610
14675
11740
20501
17588
26415
20545
20534
17577
17610
17588
8794
23469
23469
14653
8805
20512
8783
8805
14664
14675
20545
8805
5870
23480
23436
23458
11740
29306
23458
20545
26382
17588
11729
26393
17610
17588
26382
11729
20523
23469
29306
23458
23436
26360
14653
17610
14653
20523
11740
17588
14664
20512
26371
11740
17566
29284
26393
23436
20523
20545
26393
5870
17599
20534
8805
17610
14675
11718
17610
23469
23469
17566
14653
14642
14642
20545
23469
23480
20534
14664
26393
17588
14675
14675
17588
11718
11740
17610
17599
14664
20512
11740
17599
23458
23436
23458
11718
20523
20501
20523
11740
14664
32230
11740
14675
14653
26371
14664
11740
14675
20545
17610
20545
23436
17599
17610
14653
14631
17599
23480
11740
29295
20523
17610
29295
11729
8805
17599
5870
14664
14675
5870
11729
23458
8805
5870
17610
23480
20545
14675
11740
14675
20545
14653
23458
26371
17610
26371
23436
14675
20501
11729
11740
17610
14675
23458
17577
17599
23480
29284
23458
14653
14653
11729
14664
17599
14664
14675
17610
14664
29339
17610
11729
20523
11729
26382
29328
8805
20523
26349
26393
26371
17577
29306
11740
23480
11740
20490
26393
11740
20523
20523
20523
29317
11740
14642
11740
14675
14675
11740
23447
14653
20523
11740
14675
20545
14675
23480
26371
23458
23425
23469
14675
14675
17599
26371
14675
14675
17610
17610
23458
14675
14642
26371
17610
14675
14653
26382
26360
14664
14675
17588
23469
14664
11729
17599
23458
26371
23480
11740
8794
23436
17599
23447
14675
17610
23458
23458
11740
5859
17599
20512
20534
17610
23436
17588
14675
14675
20501
23480
23447
32208
23458
14675
14653
17610
23447
17599
11729
2935
8805
35154
29328
26393
17610
20545
14653
11740
17577
11729
26371
14675
17577
11740
8794
26371
8794
26371
26393
17566
20545
14664
20523
20523
20534
17566
11740
23480
11718
29295
11718
29284
26393
23458
26382
14675
20501
11729
20501
14653
23480
20545
20545
17588
17610
11740
17610
23480
11718
26371
17588
14664
14675
17588
8805
26382
20545
11740
8805
17610
14675
23480
2924
2924
20512
11729
11740
11740
8805
26393
23436
23480
8794
17588
8794
17610
14675
8805
20512
11718
20501
17588
8805
23480
17599
17566
17588
26393
17588
14675
23425
23480
20545
11740
20523
17588
11729
23436
14675
23480
17588
20501
14675
14675
23447
14675
14675
8794
20523
29328
11729
8805
20534
17588
29328
23458
20523
17599
17610
17599
17610
11740
11740
20512
14675
26415
23480
14653
32208
17588
20534
23469
14664
17599
5859
29284
14653
20512
23469
11740
23469
14653
17599
23436
20523
8805
17588
14675
32252
14675
20523
17610
11707
23436
26371
20512
11740
14675
14675
20501
20490
17588
23480
29284
8805
11729
14653
17588
11740
14675
8794
11740
26393
20512
17588
23436
20545
14653
17566
14675
20523
20501
26393
14675
8805
14642
17599
20501
29328
29328
11740
29339
26371
20523
5859
17555
20523
20523
20534
23436
14653
23447
20523
20545
23480
29306
8805
14642
17599
17577
11729
11740
17588
23458
14675
20523
17599
14675
20523
20523
14675
26371
17610
23458
17588
29284
20545
11740
14675
17588
29306
17610
26360
8805
11718
20523
8794
20523
14653
11740
20523
17588
14664
23480
20523
20545
14664
17588
17599
