13444
8142
6743
8142
10814
6785
10814
5386
6785
13444
9499
5386
14843
8079
4071
5428
13444
1357
8100
5386
5407
8100
12150
8100
10814
8142
5407
10814
6785
10772
6722
8121
8100
5428
8100
10772
1357
8142
9499
5428
6785
9457
12108
5428
8121
9436
4071
9499
2714
8058
6785
12171
8079
6785
5428
6785
9457
9457
4071
2714
6701
6785
4071
8142
4071
10814
5386
13486
10772
8142
6743
2714
10814
5428
6743
6743
8142
8121
13486
5428
5407
9499
8142
8142
4071
2714
10793
8121
5428
9478
13486
8121
5428
10856
6785
10814
9436
12129
12150
12066
8121
8142
8142
8142
9415
12150
9499
6743
5386
6764
10814
9457
5428
5428
9415
9499
6785
5407
8079
8142
9499
5386
9499
10814
4071
14801
12150
10793
9457
9436
8100
9394
8142
5407
8142
9499
9457
6785
8100
9499
14801
13423
9499
6785
8100
10793
5428
8100
8142
10772
13486
8100
4071
6785
10814
8121
12171
8142
5407
10814
10835
5428
5428
8121
5428
8142
8121
9478
9478
10793
4050
5428
9457
5386
9457
8079
6785
6785
6785
4071
6785
6785
13465
4050
12150
10856
13528
9457
5428
9457
5428
9415
10835
4071
5407
6743
9478
10814
13507
12213
8142
12108
5407
9499
9415
9457
12108
12129
12192
6785
5386
9478
2714
8079
9436
4050
5407
10814
8079
9478
9457
6785
5428
10793
8142
10772
8079
14759
10814
4071
5428
9457
8142
8142
10793
9457
5428
2714
9457
5428
6743
10814
10814
4071
12108
13528
10856
5428
12192
9478
8121
5428
4050
8100
6785
9436
10793
12171
6785
9457
5428
9499
12192
8142
9415
5428
10814
6743
6785
8121
9499
9478
8100
9436
9478
6764
6743
9499
12129
10793
10772
12087
6764
8142
6785
13444
5407
6785
12108
10772
8100
8100
8142
9499
9499
12171
8100
6764
8142
6722
12129
6785
12087
5428
8121
6743
9457
6743
6743
4071
5407
9415
10814
4071
6743
8079
5428
6785
6722
6764
6785
6764
5428
6785
8142
6785
13549
8142
8142
12129
6764
6785
8121
9478
9457
9415
6785
10814
5428
9415
6785
4050
9457
5386
9499
10814
6785
8142
8142
6785
6764
8142
10814
2693
8142
5428
9457
10793
4071
5428
10814
8121
8121
12066
10814
4071
12129
12171
5428
4050
12171
12129
8142
13507
4050
9499
12150
9457
10835
8121
4071
4071
10814
10772
8142
5428
4071
8142
5428
9415
9499
4071
9499
6785
6785
8142
10856
4071
9457
9499
4071
9436
8100
8079
6785
8142
5428
6743
5407
4071
8142
9415
8100
8100
8142
4071
6722
12129
6785
14843
5428
8100
4071
8142
10856
9457
5428
5428
12108
6722
10814
9457
9478
4029
5428
4029
9499
13486
6743
9457
8100
6785
12129
8100
12171
14843
12213
8100
4071
6764
6764
13465
6785
4071
8100
9457
5428
5428
8100
9499
12129
9499
6764
10814
13444
6785
6743
9457
6785
8100
8100
12150
10814
5428
8100
9457
6764
8100
12213
9457
6785
12171
13528
14801
9436
8121
4050
8142
6764
9415
8079
16158
6764
6743
10772
6743
12129
9457
6743
10814
8142
8121
5407
13528
10835
2693
9499
8142
14801
10793
4050
5407
9457
4071
4071
9499
10772
6785
6785
9436
8121
6722
12171
4029
6785
5428
5428
8121
10814
5428
8100
8100
12087
6785
8142
5428
8079
8058
2714
9499
6743
10835
6785
8121
6785
6785
6785
5428
14885
8079
9457
9478
9415
8100
8100
12192
13465
8079
8079
6764
12087
8142
8142
5428
4029
8142
10814
10814
13528
6743
9457
9499
5428
6785
5428
6785
6785
9457
9478
10772
5386
9499
4071
5407
8100
8100
6785
4071
8058
8121
5407
9478
9499
5428
10856
6785
5407
9457
6743
5386
10751
5428
9478
5428
8142
9415
10835
10835
8100
6764
9436
5428
10856
8100
10793
8121
12129
10793
10835
8142
10856
4071
4071
5386
5428
5428
4050
14822
8142
8142
6764
8100
8142
13444
4071
9499
10814
8142
13444
4029
12129
10835
10793
9457
9457
6785
6785
4071
6785
5386
14843
8100
8100
8142
9457
8121
9415
4050
9436
4050
12192
12129
10793
8100
8100
2714
6785
8100
9457
9457
6764
6764
9457
10856
9415
12108
9499
6785
4050
9457
8142
10772
6785
14801
9478
10793
8121
10835
9457
6785
9457
9415
6743
12171
8121
8100
10835
6785
9457
9499
5428
5386
9457
5428
6722
8142
9436
9457
8121
6785
9457
9436
9457
5386
9457
14759
8142
5428
5428
5428
9436
2714
8100
10835
6764
8121
4071
6764
8142
8142
9499
2714
13486
10835
5428
9457
4071
12129
6785
8142
6785
4071
10856
9457
8142
12129
6785
9415
9499
9436
2714
10814
9457
5428
1357
8121
6764
6764
8100
8142
8058
2714
4050
9415
10814
8100
13528
9499
4071
8142
13465
9457
8100
8100
5386
6785
9499
13528
9457
10793
4071
6785
10814
5386
8142
10814
6785
6785
12171
5365
9499
9436
8142
8142
8121
12213
6785
10814
8142
9478
10814
8079
9499
6764
6743
6785
8121
2714
14843
4029
4071
10772
8121
8100
9415
9457
6785
9499
10814
10856
6764
9478
9415
6785
8079
9457
10814
12171
5407
10856
14843
9415
14822
8100
8142
9499
6764
9499
8142
10814
10856
9457
8142
5428
10814
12171
6743
8121
8100
8121
10814
9478
6764
5428
9436
8100
4071
8100
8142
5428
13444
8100
9415
10751
8079
6764
10814
8142
8142
10835
6743
6764
13528
10793
6785
4071
6764
5428
10856
8100
10772
9436
8142
2714
6785
14843
8142
10856
6764
9499
9478
5428
8142
5428
6785
9415
9499
12171
10793
9499
9457
5407
12213
10772
6743
9499
8142
6785
8100
4050
8121
8100
6743
8079
12129
9436
5428
8142
6785
8142
9457
6785
8142
5428
5428
9415
9394
6785
5428
6785
9457
8142
9415
5407
9499
6785
2714
5386
9457
9436
13465
10772
6785
5428
9457
6785
10814
9457
9499
12129
9457
10856
10856
6764
9499
5407
12171
8142
6785
9415
10772
8142
6785
8100
8100
9415
6764
9499
9478
6722
10814
4071
10772
12129
8100
5428
6764
9499
8121
12129
4050
9457
10730
8142
13465
8142
10856
10814
12150
4071
6743
12171
9499
9499
12129
8121
6785
10772
10730
6785
