1
1
2
1
1
1
1
1
1
9
16
12
12
1
1
1
1
1
1
1
1
16
1
1
1
1
9
1
2
1
1
1
1
1
1
1
1
1
9
1
1
1
1
1
1
1
1
1
1
1
1
1
1
1
1
1
14
1
1
1
23
1
2
1
1
1
1
1
1
1
1
1
1
1
1
1
1
4
1
1
1
1
1
1
3
1
1
1
1
1
6
1
7
1
11
1
1
10
1
1
1
1
1
1
1
2
1
21
3
1
1
1
28
1
1
1
1
1
1
2
1
22
1
1
4
1
1
1
1
1
8
1
1
1
1
1
2
1
1
5
1
7
4
1
1
1
1
1
1
7
1
1
1
1
2
1
25
1
1
1
1
1
20
7
5
1
1
1
1
1
18
1
1
1
1
1
7
1
1
1
1
1
1
1
1
2
1
1
4
1
1
1
7
2
1
5
1
1
1
1
8
7
1
1
12
1
2
1
9
16
3
1
1
10
2
1
2
1
1
1
1
1
1
1
1
3
1
1
1
1
1
2
1
1
1
1
1
1
1
1
1
1
3
1
1
1
1
1
1
3
1
1
21
1
1
2
1
1
2
1
1
1
1
11
1
11
1
1
1
15
1
1
1
1
1
1
1
1
2
10
1
1
1
3
1
3
1
1
1
1
1
1
19
1
1
1
1
1
3
1
1
2
1
1
1
1
1
2
17
1
1
1
1
1
1
1
1
1
1
1
1
3
5
1
13
1
1
1
1
1
1
1
1
2
1
1
1
1
1
1
3
1
21
3
2
12
20
3
1
1
1
1
1
1
1
1
1
12
6
14
1
1
1
1
1
1
1
14
11
1
1
21
1
1
1
21
15
1
1
19
1
10
1
2
1
11
1
1
1
1
1
1
1
1
1
4
1
1
2
13
1
2
1
1
1
1
1
1
1
1
1
21
17
1
1
1
18
1
29
1
2
25
7
1
14
1
1
1
2
16
1
1
1
1
1
2
4
2
7
21
1
1
24
1
16
1
1
1
1
1
1
1
1
1
1
1
21
1
1
1
1
1
1
1
1
1
1
1
1
1
1
1
3
4
1
2
1
1
1
1
1
3
1
1
1
1
3
1
26
5
