2
32
3
3
29
32
2
2
2
3
2
2
4
2
2
3
4
4
14
8
22
3
4
3
2
4
2
2
2
3
2
12
2
2
2
2
3
8
2
2
23
2
9
2
2
2
2
3
2
2
2
2
5
2
38
2
3
2
2
31
9
2
2
2
2
2
3
3
2
2
2
2
2
2
2
2
6
10
3
2
12
2
2
2
24
2
2
2
2
2
7
2
2
17
2
2
4
4
2
6
3
2
3
23
2
4
2
11
2
2
2
2
2
2
2
2
2
3
12
3
2
2
2
2
28
3
2
7
2
2
2
2
2
2
2
2
2
2
23
8
2
2
2
2
2
6
7
2
2
37
17
4
2
4
2
2
2
22
2
14
19
2
22
6
2
2
5
17
7
16
10
2
2
2
9
9
31
2
2
2
2
2
2
39
2
19
2
2
2
2
3
2
3
2
7
2
15
2
2
2
2
2
4
2
2
3
2
2
3
3
2
4
2
2
2
2
9
2
2
2
15
2
4
2
2
2
2
25
2
2
2
2
2
4
2
4
2
2
2
2
2
6
20
27
2
3
2
23
2
2
5
3
6
2
6
2
9
3
2
15
2
2
4
4
2
2
2
3
2
3
7
23
3
39
2
2
2
4
6
2
9
2
2
2
2
7
2
2
25
2
4
24
3
2
2
13
10
2
2
2
3
2
7
2
3
2
23
2
2
3
10
2
2
2
2
28
4
12
2
4
2
2
2
2
4
2
8
2
2
18
2
10
2
2
2
2
2
2
2
2
2
2
2
24
2
2
2
2
2
2
3
3
2
2
27
4
6
2
2
2
2
10
5
2
2
2
4
2
31
9
2
2
2
4
35
13
18
2
2
2
2
2
10
2
26
2
3
2
2
2
2
2
2
3
2
7
2
3
4
2
2
2
2
2
13
4
2
2
2
2
2
2
4
27
14
2
16
9
2
6
3
2
3
3
2
2
2
2
2
2
2
2
2
5
2
2
2
3
3
3
2
2
2
2
2
2
3
2
2
2
2
2
2
2
2
35
2
2
2
2
3
23
2
2
2
3
24
2
2
2
2
7
26
2
2
2
3
13
3
2
7
