3
1
1
1
1
1
1
1
2
1
1
3
1
1
2
1
2
1
1
1
1
1
1
1
1
1
1
1
19
2
2
1
1
1
1
3
1
1
17
1
1
1
5
9
1
1
1
1
1
5
1
1
1
1
1
1
1
1
1
12
18
1
1
2
1
2
1
1
1
1
1
1
1
1
1
2
1
1
1
2
22
1
1
1
2
1
1
1
1
1
1
1
15
1
1
1
1
11
1
1
1
3
1
1
1
1
1
1
1
1
9
1
1
1
1
1
1
17
1
1
6
24
1
1
1
1
1
1
1
2
28
1
3
1
1
32
1
1
1
2
4
1
1
1
2
13
1
1
35
2
8
1
1
4
1
1
1
1
1
1
1
1
1
1
1
28
1
1
1
1
1
1
1
1
2
1
1
1
2
1
1
2
1
1
1
3
1
1
2
1
1
1
1
1
1
1
1
20
2
10
1
11
5
1
11
1
3
1
1
2
1
1
7
1
1
1
1
14
1
1
14
3
1
1
28
1
1
2
1
1
1
1
1
1
4
1
5
12
1
1
1
2
7
1
1
2
1
3
1
1
1
2
1
1
3
29
6
1
1
1
1
19
1
1
1
1
1
2
4
7
13
19
1
1
23
2
1
1
4
1
1
1
1
1
1
1
1
1
2
1
5
1
1
1
1
1
1
1
1
1
3
2
1
1
1
1
1
1
3
21
2
1
1
1
4
1
1
6
1
1
1
3
1
1
1
1
1
1
1
1
1
1
1
1
1
2
1
1
3
1
1
1
1
1
5
1
2
3
1
1
4
1
1
4
1
20
1
1
1
1
1
1
1
3
1
1
1
2
1
1
1
1
1
1
1
1
4
12
1
1
1
1
18
21
1
1
1
2
1
18
1
1
2
1
1
2
1
1
1
1
2
1
1
24
1
1
1
1
1
3
6
1
2
1
5
9
1
1
1
1
1
1
1
32
1
2
1
7
2
1
1
1
1
4
1
2
1
1
1
2
1
1
4
1
1
1
1
1
1
1
1
1
1
1
1
13
1
1
1
5
1
14
1
1
1
1
1
1
1
1
2
13
1
1
1
8
1
2
23
1
1
5
1
