3
7
2
20
2
3
1
1
1
1
23
1
3
2
36
2
2
11
6
8
8
1
8
13
1
10
1
2
3
3
1
10
29
2
10
1
7
1
1
2
17
1
5
1
3
2
3
2
1
6
1
2
2
1
10
1
2
1
8
1
2
3
1
25
1
4
24
22
3
2
17
2
1
29
1
4
7
2
1
4
1
1
10
26
1
1
1
3
1
6
2
4
1
1
5
3
2
2
11
6
1
4
4
2
2
1
1
5
12
1
1
1
1
3
1
1
11
8
2
6
2
1
1
5
1
4
2
27
2
1
1
1
8
14
2
1
8
14
13
1
9
6
1
1
1
2
2
1
17
2
1
4
5
3
1
10
7
4
2
1
8
1
1
9
2
1
2
1
1
4
1
1
13
5
1
1
12
1
1
2
1
2
1
9
30
1
3
9
8
2
1
1
37
2
3
20
17
4
1
2
2
1
1
2
3
26
9
14
2
1
2
2
2
1
12
17
25
1
4
7
6
2
34
1
3
1
3
2
2
17
1
1
8
1
6
2
3
3
6
4
4
2
15
1
1
4
1
3
2
2
1
4
16
1
8
1
8
5
2
1
2
1
17
2
10
1
2
3
1
17
14
1
1
2
1
5
21
4
2
1
8
2
28
2
1
2
9
1
4
2
4
1
7
10
1
2
1
2
1
10
10
1
5
6
2
1
1
6
2
2
8
9
21
9
1
4
1
6
9
2
11
1
1
26
1
7
1
38
1
3
2
1
2
2
7
21
27
1
2
3
4
3
15
1
19
27
10
2
2
1
1
1
5
28
16
1
1
13
2
8
2
9
20
1
1
34
1
1
1
4
1
1
4
13
1
2
2
37
1
1
16
4
1
3
3
4
17
1
2
1
7
1
2
3
1
2
4
9
1
1
5
3
1
1
2
25
20
4
8
12
2
6
2
2
11
8
2
8
1
1
10
2
1
3
3
6
26
4
10
15
9
1
20
8
3
1
1
4
3
1
4
8
7
1
2
1
9
1
5
1
17
4
4
1
2
2
5
35
3
2
2
4
2
5
5
9
1
2
1
8
7
8
1
16
3
1
1
12
2
5
1
1
4
1
3
24
16
