3
1
1
1
1
1
1
1
1
1
2
1
1
1
1
2
1
1
1
1
1
1
1
1
1
1
1
1
4
1
2
1
3
1
1
2
2
2
10
1
2
1
1
5
1
1
3
1
1
1
1
2
1
1
2
5
1
1
14
1
7
1
2
2
1
1
1
1
1
1
1
1
1
1
1
1
1
1
1
1
2
1
1
1
1
6
1
1
1
1
1
1
1
1
1
1
1
1
2
1
1
4
1
1
1
1
1
1
1
1
1
1
9
1
1
1
1
1
2
1
1
1
1
2
1
1
1
1
8
1
1
1
2
1
1
1
1
1
1
9
1
1
3
1
1
1
1
1
2
1
1
1
4
1
1
1
4
4
1
1
1
1
1
1
1
10
1
1
1
9
2
1
1
1
2
1
2
3
1
6
2
3
1
1
1
1
1
1
1
2
1
1
1
1
1
1
2
3
1
1
1
1
2
1
1
1
1
1
18
3
1
3
1
1
1
1
1
1
12
1
6
1
1
7
1
1
1
1
2
1
1
3
1
1
1
1
1
1
1
1
1
4
1
1
1
1
1
3
1
4
1
1
3
1
1
1
1
1
13
1
1
1
1
1
1
1
1
1
16
1
1
2
1
1
1
4
2
1
1
1
1
1
1
2
5
1
1
1
1
6
1
4
3
2
4
1
7
1
1
1
4
1
2
1
1
1
7
2
1
1
4
1
1
1
2
1
17
1
1
1
1
1
1
1
1
1
2
1
1
2
1
20
1
1
1
1
11
1
1
2
1
1
1
10
1
6
1
1
1
1
1
1
1
1
1
1
1
1
1
3
8
1
1
1
1
1
1
1
1
1
1
7
1
12
8
1
4
1
2
3
2
1
1
1
1
1
1
8
1
1
1
1
1
1
1
1
1
6
1
1
1
1
4
21
1
1
1
1
4
1
1
2
1
1
2
1
1
1
2
1
1
1
8
6
5
1
2
1
1
13
1
11
2
1
1
2
1
1
1
1
1
1
1
1
1
2
1
1
1
1
1
1
1
1
4
1
7
8
2
1
1
1
3
1
1
1
2
1
1
1
4
1
1
2
1
1
1
8
1
1
1
1
2
1
1
1
1
1
1
