1
1
1
1
2
2
1
7
24
1
2
1
1
1
1
11
1
3
20
1
1
32
1
26
23
1
2
1
1
1
1
1
33
20
1
1
14
1
2
1
1
11
1
1
2
1
24
1
1
1
20
1
1
1
1
1
1
1
9
1
1
3
2
1
1
1
1
2
1
1
18
1
6
1
20
1
3
1
6
10
1
1
1
1
26
2
1
1
1
1
1
1
2
1
2
1
1
16
1
16
25
1
1
1
1
18
1
21
1
1
1
1
1
1
1
1
17
1
1
22
1
1
13
1
1
4
25
1
17
5
1
3
1
10
1
1
2
1
1
3
1
1
1
1
1
1
1
1
1
1
2
1
1
1
1
1
2
5
1
3
15
1
1
1
1
1
1
1
1
1
9
1
4
1
1
1
1
1
1
6
8
10
1
1
1
1
1
1
1
2
1
1
1
1
5
1
1
1
1
2
1
1
1
1
11
15
1
1
1
1
2
1
1
1
1
6
2
10
1
1
1
1
4
9
1
1
1
1
1
6
8
1
19
1
24
14
1
14
2
1
1
1
1
1
2
1
1
2
1
1
1
1
1
1
1
1
1
1
13
1
1
11
1
1
11
27
1
1
1
7
3
20
1
12
1
1
1
1
1
1
1
2
1
18
26
20
1
1
2
1
1
1
1
1
1
1
1
1
1
5
2
15
12
2
2
2
1
1
1
1
1
1
1
3
2
1
5
1
1
1
1
1
4
17
1
1
1
1
1
1
1
2
1
2
1
2
1
3
8
1
8
1
1
18
1
1
7
1
1
1
1
13
1
14
3
29
1
6
1
11
2
4
1
2
2
1
1
24
1
3
1
1
19
6
1
19
1
7
30
1
2
1
20
8
1
1
14
1
1
3
2
6
1
3
1
2
1
1
2
23
7
5
16
1
4
1
1
15
1
1
1
1
1
1
1
1
1
6
8
1
1
3
1
5
1
2
2
1
1
11
5
1
1
1
1
1
2
1
26
1
3
1
20
1
1
1
8
1
1
5
1
2
1
1
1
1
1
1
1
2
1
1
3
1
10
2
1
1
1
1
1
3
23
1
6
1
3
1
10
1
2
1
17
1
1
2
13
1
2
2
1
1
1
1
2
13
1
1
1
