2
3
1
6
4
1
4
2
13
1
9
1
1
1
9
1
8
8
2
18
2
1
1
1
4
1
6
2
13
15
9
1
10
4
1
1
10
17
14
5
14
1
1
1
5
4
2
5
7
10
15
12
2
14
1
1
4
4
1
18
13
1
1
3
1
3
9
2
8
2
6
12
1
2
3
1
2
2
3
1
2
9
2
6
8
1
5
1
1
3
4
15
2
4
1
2
1
2
1
1
2
2
1
1
2
13
13
14
1
17
1
4
2
10
3
19
9
1
2
1
4
1
1
4
1
12
1
15
1
6
8
15
3
1
4
9
2
3
13
8
3
2
16
1
3
8
1
3
13
4
1
2
2
1
3
13
2
1
2
2
3
1
9
1
1
1
5
2
2
13
1
4
11
4
10
7
2
2
18
4
1
5
1
1
1
1
2
2
1
1
8
2
1
3
17
2
1
6
11
1
1
2
18
20
1
7
2
1
9
2
8
4
1
11
1
2
5
5
1
8
2
3
7
7
4
3
4
2
1
1
6
2
6
1
7
16
4
6
2
2
3
1
6
2
12
2
1
8
1
13
10
2
5
9
15
15
17
6
5
7
6
4
1
3
3
2
4
15
7
8
4
4
3
2
2
8
7
2
5
15
10
4
1
1
12
1
4
5
2
13
1
2
11
13
5
1
6
3
17
2
12
1
5
3
3
3
2
2
8
1
11
11
2
2
18
7
2
2
5
8
2
4
9
12
9
2
4
10
2
2
1
11
2
2
4
2
1
9
4
6
2
6
2
1
8
18
1
2
2
2
4
3
2
7
1
1
1
2
1
6
2
1
1
5
1
4
1
1
3
7
12
1
4
5
2
4
11
1
3
2
13
5
10
1
7
2
1
2
4
2
2
1
3
5
9
10
2
6
2
2
6
2
11
2
7
1
13
8
2
1
4
1
1
4
1
2
15
4
3
6
1
2
2
1
10
2
1
10
10
2
13
14
5
2
1
3
7
4
2
19
13
1
3
2
9
1
9
6
13
1
1
4
2
1
1
2
4
8
3
4
8
2
10
8
4
2
9
6
5
2
17
3
5
5
13
2
1
8
17
5
7
10
1
6
6
1
6
4
6
5
1
1
12
6
1
1
1
2
3
