29
19
28
27
12
11
8
25
10
10
11
8
9
11
9
33
15
14
8
13
29
11
32
8
16
12
15
19
9
22
13
20
19
25
23
28
10
31
10
27
34
10
19
8
12
21
14
10
27
41
43
9
21
14
17
17
11
9
14
14
21
10
24
26
33
14
20
22
15
10
31
21
18
34
9
35
17
15
8
22
21
15
10
23
10
14
35
15
10
17
20
31
22
18
24
9
17
17
44
34
13
35
34
14
20
23
8
28
16
15
13
8
12
23
8
39
21
9
19
16
14
9
12
19
35
12
9
11
38
26
17
26
9
13
37
18
18
13
14
44
25
10
11
39
17
23
12
11
28
36
24
35
15
13
36
24
9
15
15
14
42
9
15
16
11
23
43
26
40
15
8
15
33
12
26
18
11
34
34
12
16
9
21
9
25
21
11
28
29
23
18
28
15
11
8
10
8
19
13
9
24
17
12
14
47
32
14
26
13
31
11
26
13
26
32
11
12
27
10
9
29
26
21
14
23
14
9
9
35
27
42
14
10
13
9
14
14
12
13
18
15
14
12
16
12
9
24
32
26
16
18
18
14
14
12
9
29
10
14
36
15
23
23
15
11
17
24
30
27
33
13
21
38
21
17
19
16
9
9
10
12
21
31
17
26
27
18
32
35
11
11
25
12
23
17
9
9
37
10
11
16
30
27
12
12
8
30
16
19
21
18
13
12
26
18
21
41
28
16
10
16
16
37
32
20
16
25
30
21
24
12
37
22
17
39
25
27
14
20
35
31
13
18
14
28
22
25
16
14
18
12
10
11
16
17
11
38
23
18
14
35
42
11
10
45
33
30
31
25
19
35
33
24
22
9
32
17
45
22
22
27
10
28
16
19
19
43
31
16
35
24
12
22
32
13
36
14
15
17
15
15
22
15
19
43
10
14
21
20
15
25
15
21
32
13
29
39
21
24
35
23
14
33
14
25
40
25
11
13
28
22
11
9
18
11
14
27
24
28
23
15
28
14
23
23
20
24
14
17
37
14
43
16
9
19
15
17
21
9
27
21
23
9
16
12
21
28
14
10
27
45
15
13
16
29
32
21
30
18
18
13
18
12
26
11
16
10
38
20
17
11
12
9
