16
14
7
10
9
5
7
8
11
11
15
7
12
14
5
11
3
8
3
8
13
12
5
7
4
4
12
9
18
6
10
18
7
12
10
5
10
11
7
12
7
14
5
15
7
14
13
10
7
12
15
11
6
19
3
15
9
16
22
10
4
15
14
18
18
10
10
4
14
4
9
8
9
18
16
4
3
13
8
15
13
17
9
17
7
10
4
4
13
6
4
8
13
4
4
17
10
10
11
17
3
4
5
12
6
12
8
11
16
9
5
20
17
4
6
17
8
12
10
3
14
5
13
4
6
12
6
15
6
3
19
21
13
6
21
11
9
8
11
4
12
8
5
5
5
9
8
4
12
15
8
18
6
18
8
8
16
8
14
7
5
3
18
5
15
13
17
10
17
11
7
12
10
5
7
10
11
11
14
12
9
9
12
5
20
7
12
11
8
14
6
6
15
13
14
11
11
11
8
12
5
5
10
12
8
12
14
12
7
19
7
6
15
6
12
6
15
18
10
18
8
18
16
15
10
6
9
16
22
6
12
9
8
16
11
18
9
17
10
16
9
7
10
5
14
7
9
6
7
9
17
10
7
9
12
6
9
7
8
7
15
19
17
9
7
10
20
14
9
15
19
6
5
6
14
5
9
14
8
6
6
10
10
16
17
7
9
11
16
7
7
13
16
14
17
17
5
11
13
19
10
13
16
10
5
12
17
17
10
10
10
11
13
15
6
6
8
9
7
8
7
7
10
14
16
9
10
9
7
12
6
17
8
10
12
7
8
6
5
7
19
18
6
10
10
12
14
5
8
6
16
9
5
5
5
5
11
20
12
7
16
11
7
9
10
7
13
12
5
15
8
5
5
13
13
10
6
6
16
7
6
21
10
7
6
11
7
16
5
5
12
11
5
7
13
9
5
18
13
7
10
7
6
7
8
14
15
7
5
5
14
8
8
8
8
8
14
21
12
6
10
9
10
9
6
8
10
14
16
16
16
11
11
7
6
6
14
11
12
8
11
5
6
16
14
15
16
14
10
18
10
11
21
14
7
21
7
11
20
15
8
8
5
12
12
14
14
17
14
6
9
11
8
13
7
13
20
17
22
14
16
5
18
