24
27
23
24
23
28
24
30
26
34
24
30
22
24
28
27
31
26
31
24
26
27
27
24
28
26
24
30
26
25
25
22
23
29
28
29
27
22
33
24
22
23
26
31
23
25
31
31
24
27
32
27
26
25
30
22
22
27
26
27
34
32
25
30
25
22
24
26
25
22
22
27
34
23
22
29
27
26
26
26
23
23
22
24
26
30
24
23
25
25
26
28
24
33
29
27
26
25
23
25
28
30
28
26
27
23
27
28
24
28
23
26
25
24
24
27
28
25
28
26
24
23
24
30
34
23
23
23
31
25
27
31
31
23
24
24
25
29
27
28
25
27
26
27
26
22
27
23
27
29
30
30
24
34
25
34
25
26
27
29
23
31
23
25
23
26
32
24
29
22
26
24
24
28
24
24
29
26
27
28
30
25
29
33
26
26
24
26
28
26
31
23
24
32
28
24
24
31
29
28
24
28
34
32
28
31
29
24
27
24
23
22
25
24
25
31
24
23
23
24
25
28
28
29
29
28
23
23
30
23
25
23
23
24
23
23
24
23
24
23
27
27
23
23
25
25
24
23
23
26
26
24
26
24
30
24
27
23
26
24
31
28
30
27
24
30
34
28
26
26
25
25
25
28
27
23
33
26
27
26
32
30
34
27
27
28
22
24
23
29
24
25
24
24
27
22
27
25
23
22
28
25
31
24
25
31
29
25
25
23
28
25
29
27
24
26
23
24
25
29
27
26
32
24
27
29
23
24
23
27
27
24
23
30
23
24
23
23
30
28
30
25
22
30
31
23
30
29
34
26
26
28
33
23
33
25
28
26
23
33
23
24
25
23
23
27
30
26
30
31
23
26
27
32
33
25
26
29
26
23
25
27
25
28
24
26
25
27
28
30
32
24
23
22
22
26
25
34
31
25
30
27
25
29
25
28
31
25
31
32
22
23
24
28
26
32
29
25
28
26
23
23
25
30
28
27
25
29
32
26
23
28
25
24
25
24
26
27
24
28
24
22
30
27
29
24
29
23
30
23
29
23
25
26
27
30
24
28
25
26
23
30
26
22
29
31
23
24
23
32
25
22
33
24
23
23
25
23
26
24
25
25
26
24
26
26
26
26
26
25
23
26
25
29
29
27
25
23
