31
40
43
33
34
30
47
34
36
33
38
46
34
37
44
39
34
40
37
33
38
41
40
46
33
45
38
30
30
40
35
45
29
41
36
32
39
42
41
34
48
37
41
36
32
42
45
45
34
30
33
29
45
39
36
38
34
37
46
29
38
33
38
31
29
33
33
33
31
32
39
37
32
37
43
34
35
36
31
45
30
32
35
29
32
45
33
35
34
33
44
39
38
40
31
37
45
31
37
40
31
37
37
37
37
32
30
42
45
29
35
41
41
33
33
33
36
31
31
46
33
39
31
37
31
44
30
45
33
39
43
43
38
37
36
33
31
39
34
39
32
32
35
35
36
42
41
30
43
38
38
30
42
42
32
30
29
36
30
34
37
37
36
36
37
44
35
37
42
44
43
33
30
31
32
44
31
49
32
42
36
35
31
38
33
40
32
45
41
29
35
43
46
37
34
31
43
37
42
30
31
30
30
48
34
47
38
37
42
32
35
39
37
30
32
38
35
40
44
40
39
40
35
41
41
32
46
39
39
36
37
36
31
31
45
33
34
46
32
38
48
44
40
48
40
38
46
38
34
38
39
37
39
43
40
35
41
38
39
39
45
33
32
41
43
35
37
39
35
38
31
36
32
34
38
31
36
41
39
38
37
36
31
37
36
31
31
43
40
36
45
48
34
48
31
42
35
35
38
35
33
37
35
40
38
31
39
31
39
42
45
46
36
44
31
34
40
36
35
37
31
46
32
42
40
33
32
45
31
43
45
42
31
38
47
33
39
35
40
35
39
34
32
41
36
45
46
41
40
37
38
38
45
31
31
39
33
38
31
44
41
41
34
33
34
31
38
41
32
43
33
34
38
32
31
35
45
36
32
39
31
31
35
43
47
36
39
41
35
43
35
39
35
42
39
41
38
44
35
37
31
36
40
33
41
35
47
34
40
34
43
34
48
38
42
33
45
34
35
41
44
37
32
31
39
44
31
32
41
46
35
32
44
41
35
31
45
46
43
33
43
45
40
34
32
33
45
33
31
31
31
38
38
41
31
38
42
35
41
36
33
36
31
40
43
33
33
35
32
31
34
42
31
40
32
40
42
39
40
38
37
32
47
47
