46
44
43
40
41
46
47
43
45
43
45
43
42
44
47
41
39
43
45
40
41
44
39
45
41
42
42
43
49
50
41
43
40
39
41
44
48
45
42
42
44
46
40
42
41
45
40
40
45
47
45
42
42
39
42
46
41
50
40
41
45
45
42
46
41
45
44
39
45
41
47
49
43
43
47
43
40
42
45
42
45
46
42
41
40
41
43
45
40
40
44
43
41
44
40
39
43
49
47
43
39
40
42
40
46
41
46
45
40
39
39
48
39
44
45
40
39
45
40
41
41
42
45
44
42
46
40
46
43
48
42
40
41
40
42
44
41
44
45
48
45
40
41
44
42
42
44
43
43
45
43
39
41
42
44
43
42
44
49
40
42
47
42
41
40
44
40
45
40
42
42
45
41
40
40
39
41
39
39
43
44
40
43
43
42
48
41
49
47
40
46
44
39
44
48
43
39
40
47
46
45
44
49
40
43
50
40
43
40
43
44
50
39
40
40
42
42
47
42
42
40
43
44
40
41
39
40
39
46
43
43
47
48
40
42
46
46
44
39
45
45
40
39
45
46
40
39
40
44
40
47
43
44
41
39
41
49
46
45
40
40
44
43
43
43
46
44
40
47
42
43
45
48
46
43
47
44
43
46
50
40
44
44
45
46
45
48
46
41
44
44
41
41
40
47
45
44
46
40
48
47
43
48
41
42
45
43
41
46
41
43
42
41
46
45
42
41
42
45
43
43
46
41
41
40
41
44
44
50
42
46
41
40
43
40
43
45
49
46
46
42
45
46
42
40
40
40
43
42
49
43
42
41
43
47
45
44
45
41
41
47
42
42
40
43
40
50
45
42
45
45
43
45
47
47
48
42
42
47
43
42
41
44
42
40
40
41
40
45
42
42
50
40
41
40
40
40
42
43
41
44
41
47
43
43
41
42
47
40
45
42
45
43
44
47
49
43
45
42
48
46
44
42
46
43
47
45
40
48
43
50
41
40
47
44
42
45
41
40
41
46
43
42
44
49
41
48
47
44
40
45
42
41
45
43
41
49
40
47
40
43
43
40
44
46
41
47
40
42
41
42
43
47
48
40
42
43
40
40
41
48
49
42
41
44
42
44
40
42
44
46
44
