31
25
23
30
21
27
26
21
24
22
29
26
22
29
23
31
24
21
28
21
21
25
20
26
25
22
31
25
30
21
27
30
26
23
24
22
31
21
21
26
22
27
21
22
25
23
26
28
26
23
22
22
27
25
28
25
23
22
24
21
22
27
24
25
20
29
30
24
22
20
26
28
23
20
23
27
23
29
25
32
25
23
27
27
22
23
22
20
20
24
21
21
22
23
22
27
22
27
26
21
25
27
24
26
26
24
24
20
22
22
28
27
27
30
22
20
26
28
21
21
23
24
30
28
25
28
25
25
23
21
28
24
26
30
28
24
22
24
23
26
29
24
25
31
24
25
33
29
23
23
20
26
24
24
23
23
20
23
32
24
26
20
26
29
28
25
29
22
24
33
25
26
21
23
24
27
20
20
26
23
23
25
29
23
24
23
23
24
21
29
32
21
26
30
26
21
26
30
20
31
23
27
22
26
28
27
20
23
23
24
21
23
23
28
24
26
27
26
20
23
21
21
29
28
21
23
24
22
21
21
22
30
26
23
29
21
28
24
21
28
21
24
22
24
28
26
21
30
25
23
22
24
27
20
26
29
30
22
25
28
26
23
28
21
32
23
25
29
22
20
23
22
33
22
21
21
22
21
21
23
23
24
27
24
24
20
22
27
22
30
32
23
27
24
27
22
21
26
25
21
20
32
25
23
23
20
27
21
28
21
27
25
29
20
23
22
24
24
24
21
22
21
33
22
22
24
21
22
24
29
22
20
32
21
24
20
33
21
30
26
23
24
25
26
30
24
21
25
23
26
21
22
28
24
31
24
30
22
22
25
24
22
24
27
24
23
33
26
25
21
29
22
21
29
21
22
21
23
28
21
21
21
22
22
24
24
23
25
24
25
33
25
23
21
21
29
29
24
21
27
23
29
30
29
25
23
26
30
26
24
21
24
22
22
21
21
24
30
23
24
23
23
22
27
29
25
23
23
27
22
24
22
21
28
21
23
30
22
28
23
31
22
22
26
32
25
26
26
24
24
33
21
21
25
21
26
22
22
26
21
21
31
23
27
21
24
21
25
23
27
21
21
21
23
25
24
31
29
21
23
25
25
28
23
28
