3
1
1
1
1
1
1
1
1
1
1
2
1
1
1
1
1
3
1
1
1
1
1
1
1
4
1
5
1
1
8
1
1
2
1
1
13
1
1
1
1
5
1
1
8
1
1
1
1
1
1
10
1
1
1
1
1
1
1
1
1
1
1
1
1
1
2
1
1
1
1
1
1
1
1
1
1
1
1
4
1
1
1
4
1
1
5
1
1
1
8
1
1
1
1
1
4
1
1
1
3
1
1
1
6
4
1
1
1
1
1
5
1
9
1
1
1
1
1
1
1
1
4
1
1
1
1
3
1
1
1
1
1
1
1
1
17
1
7
1
2
1
1
1
1
1
1
2
9
1
2
1
1
11
1
5
20
1
1
1
1
1
2
1
1
1
1
1
1
1
1
1
1
2
1
1
1
1
2
1
1
1
2
1
1
1
2
3
2
1
1
1
1
1
9
9
10
1
1
1
3
1
1
3
1
1
1
1
8
5
1
1
1
1
5
1
1
1
1
1
1
13
1
1
1
1
1
1
2
3
1
1
1
1
10
1
10
1
1
1
15
1
1
1
1
1
1
2
1
2
1
1
1
11
2
1
2
5
1
8
1
18
1
1
1
2
1
1
1
1
1
1
1
1
1
1
1
1
1
1
1
1
1
1
1
1
1
1
1
1
1
1
1
1
1
1
6
3
1
6
1
1
4
1
1
1
1
1
1
1
4
1
1
5
1
1
1
12
1
2
1
1
1
1
1
1
1
2
1
1
1
1
13
1
1
1
1
1
1
1
1
1
5
1
1
1
12
9
1
1
1
1
1
1
1
14
3
1
10
1
1
1
3
6
8
1
1
1
1
1
4
1
1
1
1
1
1
1
1
1
1
9
1
1
1
1
1
1
1
1
1
1
1
1
1
1
1
1
1
9
1
1
1
1
1
1
1
1
1
1
1
1
1
2
1
1
5
1
1
15
2
1
1
1
1
1
4
2
1
1
1
1
1
1
1
1
1
1
1
3
1
1
1
1
1
1
1
1
1
1
1
1
1
11
1
1
1
1
1
1
1
1
1
1
14
13
10
1
1
9
1
1
1
1
1
1
1
1
1
1
1
1
1
1
2
1
1
1
1
1
1
1
1
1
1
5
1
