1
7
3
1
2
2
1
2
1
1
1
17
1
3
8
1
11
1
1
1
1
1
4
2
1
1
1
1
1
1
9
1
1
11
1
5
13
1
2
18
1
2
1
4
1
1
1
8
1
1
1
1
18
1
1
2
1
1
1
1
1
1
6
1
5
1
1
1
1
1
2
1
1
1
1
1
1
1
1
1
1
10
1
1
1
1
31
1
3
1
1
1
1
1
11
10
1
1
1
1
1
1
1
20
1
1
1
1
2
1
1
8
1
1
1
1
1
1
1
1
9
1
1
1
1
4
24
1
11
1
1
1
1
1
29
1
16
1
1
25
1
1
1
1
1
3
1
6
8
1
3
1
1
1
1
1
1
1
9
1
1
1
2
1
19
1
1
1
1
1
1
1
1
1
1
1
1
1
1
1
1
21
1
14
7
2
1
1
1
1
1
1
28
1
1
1
7
1
1
1
1
1
31
3
1
4
1
1
1
1
1
1
25
5
1
1
16
1
1
23
1
1
1
1
15
1
6
1
1
9
1
1
1
1
1
1
3
34
6
4
18
1
4
1
1
9
3
10
4
30
1
5
1
2
5
2
1
1
1
1
27
3
1
1
1
1
1
1
1
17
2
6
1
2
1
1
1
1
3
1
1
1
7
1
1
1
3
1
3
1
10
1
38
13
1
1
1
10
23
9
15
1
1
6
1
1
21
1
1
1
34
1
1
4
1
1
5
1
22
1
1
16
2
1
1
23
1
1
1
1
13
2
1
11
1
1
4
1
1
2
7
1
1
1
1
1
1
1
1
1
1
10
4
6
1
1
1
1
33
1
4
1
1
1
1
18
11
1
22
1
1
1
1
1
4
1
1
1
1
21
1
1
2
1
2
1
1
1
2
1
1
1
1
2
7
1
1
19
35
1
1
1
6
1
1
1
1
16
1
1
1
5
1
1
1
1
1
1
4
1
1
1
2
1
1
2
4
1
19
1
1
1
1
2
1
1
14
1
1
6
1
1
1
1
1
1
1
1
1
1
1
1
1
1
1
1
5
1
1
9
1
1
1
1
31
1
5
1
1
8
7
1
13
1
1
14
1
1
14
4
1
1
1
1
1
1
15
1
1
1
1
1
7
1
1
