1
1
1
2
1
1
1
1
2
1
1
1
1
28
1
1
1
3
1
1
18
1
1
1
16
1
1
1
1
1
1
37
14
1
18
1
1
1
1
1
1
1
1
1
1
1
3
1
3
1
1
1
1
9
30
1
1
2
16
4
1
1
1
4
15
31
1
24
1
3
1
20
7
3
2
1
1
6
1
1
2
1
1
1
1
2
1
30
4
2
3
1
1
2
1
2
9
1
1
18
5
1
1
7
3
1
26
1
1
1
1
2
1
1
1
1
1
11
1
1
1
1
5
3
1
1
1
11
2
11
1
1
1
1
1
2
1
1
34
1
1
4
2
1
1
1
11
2
1
1
1
1
1
2
1
1
5
1
1
1
1
1
1
12
1
6
1
1
1
1
1
1
1
9
1
1
1
8
1
3
1
1
3
1
1
11
1
1
24
1
34
1
1
1
1
1
8
1
17
1
3
1
22
1
1
1
1
7
1
1
1
2
1
1
1
5
1
22
21
1
1
12
18
1
1
5
4
2
1
1
1
1
1
1
1
1
1
1
2
7
1
15
1
12
1
1
1
2
12
1
3
4
13
9
1
2
1
1
6
10
4
1
1
2
1
1
1
1
1
20
8
9
15
1
1
1
1
1
21
1
1
2
1
1
6
1
1
1
1
1
3
1
22
4
1
1
9
1
1
1
8
1
1
7
3
13
1
1
1
1
16
1
6
9
1
1
1
1
1
1
3
9
14
1
6
1
3
4
1
2
7
1
1
1
1
33
11
1
1
1
14
1
12
20
1
1
2
3
5
12
1
27
1
1
1
2
1
1
4
2
8
5
6
3
1
1
1
1
1
2
23
1
7
1
6
1
1
23
1
7
5
1
1
1
1
1
1
1
1
5
1
2
3
1
11
1
1
2
7
1
3
29
6
5
32
1
1
1
1
1
1
24
1
1
1
4
1
13
1
1
2
5
1
10
1
6
37
1
1
3
1
6
15
2
4
3
1
4
1
1
1
28
3
1
2
1
37
2
1
1
1
1
1
17
1
1
1
14
2
1
3
29
1
1
11
1
1
1
4
1
1
1
2
1
37
6
1
26
1
1
1
1
1
1
