2
1
4
2
2
1
1
7
10
1
2
2
1
6
3
3
1
1
5
2
3
2
2
3
2
5
2
1
3
4
1
2
1
7
9
9
2
1
3
1
4
6
1
2
1
1
1
18
1
2
2
2
1
1
2
4
3
2
2
1
1
1
7
19
2
1
10
1
4
1
1
2
16
2
2
4
3
1
2
1
2
4
1
1
8
2
7
3
13
1
1
2
1
23
4
6
2
4
5
8
1
26
8
2
8
1
1
2
1
1
2
2
1
2
1
5
2
1
2
2
4
2
3
1
23
1
5
2
2
7
9
1
6
1
2
1
1
1
1
4
25
1
2
1
3
1
1
2
1
2
2
2
1
3
2
1
5
1
1
3
3
4
14
1
1
2
1
2
1
8
1
4
2
1
1
1
2
1
1
1
2
32
1
1
1
1
4
2
1
2
9
1
1
2
6
2
27
2
13
1
11
5
3
2
1
1
2
3
2
2
15
1
1
1
1
9
2
18
6
4
1
4
1
3
1
2
8
6
8
1
3
1
21
2
27
15
4
22
6
6
3
1
2
2
1
4
2
14
1
4
2
3
1
1
7
3
5
1
20
1
4
2
1
1
2
4
1
13
2
2
8
11
4
1
5
1
2
2
6
17
4
5
2
2
13
1
2
3
15
4
14
2
1
35
12
4
2
15
3
1
10
9
2
7
9
9
1
6
1
16
7
1
3
15
1
2
1
32
1
3
1
3
2
3
2
5
3
3
1
2
2
2
1
1
2
2
7
2
15
14
1
34
1
1
6
1
1
1
2
2
3
9
7
7
1
1
4
10
2
1
20
2
1
1
2
11
2
1
2
2
1
2
3
2
8
2
1
2
8
2
2
3
2
2
1
1
3
9
5
1
5
1
6
1
10
2
1
6
10
1
2
2
2
1
5
2
1
1
1
2
2
5
1
5
7
2
6
1
1
1
16
2
8
2
5
3
7
2
2
5
9
2
34
7
1
2
5
1
2
1
1
23
2
31
1
19
1
1
2
21
9
1
12
2
5
2
30
28
3
18
1
8
3
1
1
1
2
3
2
13
1
14
1
5
2
2
1
5
20
4
2
3
9
6
5
1
