19
13
33
1
1
2
3
4
35
8
2
1
2
14
16
6
7
2
39
37
2
6
2
3
5
11
4
11
9
6
4
6
1
3
7
21
14
6
3
34
1
13
5
2
6
1
12
1
1
20
14
2
2
1
1
45
1
1
2
10
1
4
6
27
24
6
6
13
1
5
1
7
1
1
3
1
14
35
13
1
6
10
10
22
8
30
1
17
3
2
7
3
2
3
2
6
2
13
6
1
12
2
4
4
1
2
3
3
3
38
6
1
4
4
4
6
1
15
7
2
44
3
1
9
6
6
4
30
7
1
3
7
1
32
21
3
6
6
1
5
5
5
10
29
2
4
1
2
9
2
2
4
19
27
2
21
5
7
4
1
1
1
1
1
6
28
2
4
19
19
14
1
22
5
4
11
5
28
25
9
4
1
1
12
1
1
1
4
12
9
1
6
34
6
2
23
2
5
10
18
29
1
1
8
18
3
5
2
15
2
3
1
6
33
37
11
10
4
15
7
43
5
2
2
1
28
1
3
11
3
8
2
3
3
3
9
2
4
1
4
18
4
4
4
4
5
23
17
15
4
8
10
2
5
4
2
5
21
7
2
1
6
1
8
19
5
5
4
36
34
21
1
2
4
3
3
22
5
6
1
14
3
43
6
40
11
2
35
4
13
6
6
1
7
28
14
23
5
15
25
2
6
6
5
7
2
8
11
3
24
5
1
5
7
4
2
10
7
19
2
1
12
16
6
12
16
2
29
5
2
5
26
4
10
7
25
22
13
31
4
3
10
2
1
10
5
4
9
34
3
8
9
2
4
13
7
35
3
13
2
17
12
1
9
3
2
2
5
4
4
7
2
28
2
5
18
36
6
4
19
3
21
4
5
2
6
16
17
10
6
4
27
2
2
37
7
2
1
20
4
4
24
5
20
9
4
5
1
4
2
6
2
5
5
23
1
2
11
2
2
2
2
1
7
9
5
1
4
4
4
5
1
4
11
2
6
2
15
14
5
1
10
2
6
1
1
10
5
13
4
1
2
1
4
2
6
20
2
29
5
5
29
1
16
4
8
4
39
2
1
14
10
7
19
3
1
1
2
1
1
1
3
18
5
32
32
6
