1
1
4
3
1
1
1
1
1
1
1
1
1
2
2
1
1
1
1
1
1
1
1
1
1
4
1
1
1
1
3
1
2
1
1
1
5
12
1
1
1
22
2
1
1
1
1
1
1
1
1
1
1
1
28
26
1
15
7
1
2
1
1
1
1
1
2
1
1
1
1
2
5
1
1
1
1
1
1
1
1
1
2
1
1
1
1
1
1
6
1
1
1
1
5
21
1
1
2
1
1
1
1
1
1
1
1
2
3
22
1
1
1
1
1
1
1
2
2
2
1
1
1
1
2
1
13
7
1
2
6
1
1
20
1
1
1
1
1
1
4
1
1
1
2
1
1
1
3
1
1
1
1
4
2
1
6
1
1
16
1
1
1
1
7
1
1
1
1
1
1
11
1
1
4
1
1
1
1
6
1
1
5
1
1
1
1
1
3
4
1
1
1
1
1
1
1
7
1
1
1
2
1
1
4
1
1
1
1
1
1
1
1
2
1
1
1
1
1
1
1
1
1
3
7
1
1
2
1
14
3
1
5
1
1
1
1
1
1
1
2
4
1
1
11
1
1
1
9
1
1
1
24
8
2
1
1
1
20
1
1
1
3
1
2
1
2
1
1
1
5
1
2
12
1
1
1
1
3
1
3
5
10
1
1
1
1
1
1
1
4
1
17
1
1
1
1
5
1
1
4
2
1
11
4
11
1
1
1
1
1
1
1
6
1
4
4
1
1
1
1
1
1
1
1
1
1
1
15
1
1
1
1
1
1
1
1
5
1
4
1
1
1
5
1
14
1
1
1
2
1
1
1
17
1
1
9
6
7
7
1
1
1
1
3
1
1
1
1
2
1
1
1
4
1
2
1
1
9
2
4
13
12
4
1
1
1
1
1
11
1
1
1
26
2
1
3
1
1
1
1
1
1
2
1
1
1
1
1
1
1
7
1
1
1
1
1
8
1
20
1
1
1
1
1
2
1
1
1
22
1
5
1
1
1
12
19
1
1
1
1
1
1
1
1
1
1
1
1
1
8
1
1
1
1
13
1
1
1
1
1
1
1
6
6
1
1
1
1
1
1
4
1
1
14
1
1
1
1
1
4
1
1
1
1
3
1
1
2
1
1
1
1
4
