1
1
1
1
8
1
6
1
1
1
1
1
14
1
1
1
1
2
1
14
1
9
1
1
1
1
2
1
8
26
1
1
1
1
7
1
1
1
1
1
4
4
1
1
1
3
1
1
1
1
1
2
1
1
1
1
1
12
1
1
8
4
1
2
1
1
7
1
1
1
1
1
1
1
14
8
1
8
1
1
1
1
3
2
5
1
1
3
2
1
24
1
1
1
1
1
1
1
1
1
1
5
1
1
1
1
1
1
7
1
1
1
1
5
1
1
5
1
1
1
10
1
7
10
1
1
1
2
1
1
1
1
1
1
4
1
1
1
1
1
1
1
3
2
1
1
1
1
1
2
1
1
1
1
1
3
1
1
1
1
4
24
1
1
1
1
1
1
1
1
2
2
5
1
2
1
1
1
1
3
1
1
1
1
1
1
23
1
1
1
2
9
1
1
1
4
1
9
1
1
1
3
2
1
1
1
1
1
1
1
1
1
1
1
1
3
1
1
1
10
1
1
1
2
1
3
1
3
1
1
2
1
2
1
1
2
1
2
1
17
2
1
1
1
1
1
3
1
1
1
1
13
13
1
2
1
1
1
1
2
1
1
3
9
1
1
3
1
1
1
4
1
1
1
1
23
1
1
1
1
1
1
2
1
17
8
1
1
7
1
1
1
1
1
16
1
16
1
1
1
1
1
1
1
17
1
3
1
1
7
1
1
2
3
1
1
2
2
2
1
1
1
1
1
29
1
2
1
14
1
3
1
1
1
1
1
12
1
1
7
1
5
1
1
1
1
2
1
1
3
1
1
1
1
4
1
1
6
10
1
3
2
1
1
1
1
1
2
1
1
11
1
1
1
3
19
8
15
17
1
14
1
1
1
1
1
1
4
5
1
1
1
1
7
22
1
15
1
1
6
1
7
1
1
1
1
1
1
1
1
2
3
1
4
5
1
5
1
1
1
2
3
1
1
1
1
1
1
1
1
1
7
1
3
1
3
1
1
3
1
2
1
3
1
1
2
1
14
1
1
4
2
1
1
1
1
1
1
1
1
3
1
1
1
1
3
1
1
1
1
1
1
1
1
1
1
7
1
1
1
8
1
1
1
1
