1
1
48
5
1
36
1
1
1
34
1
1
1
1
1
1
1
1
1
1
2
22
1
1
1
2
35
1
1
6
9
1
11
1
9
15
5
64
1
1
4
49
1
1
4
1
2
22
1
305
2
19
59
2
2
1
1
1
1
19
3
3
35
1
1
3
1
1
1
1
1
2
1
1
1
1
2
3
1
1
1
144
1
24
1
2
1
1
1
1
1
101
1
1
20
1
1
1
1
6
2
1
4
1
58
1
1
77
1
40
2
1
1
1
1
4
1
1
64
1
228
1
26
87
1
4
1
1
1
21
1
3
1
16
8
2
1
1
1
22
1
6
1
402
1
15
63
1
23
1
1
4
1
1
1
1
1
1
1
1
8
120
1
12
1
1
11
1
1
1
35
1
1
1
1
2
6
1
21
1
3
1
1
1
41
1
16
1
1
84
2
14
7
1
1
1
1
1
1
7
1
5
1
34
1
1
1
1
1
1
5
2
2
1
5
1
1
2
59
1
1
3
1
1
1
2
1
1
1
1
1
1
8
1
1
16
3
38
174
8
1
1
1
1
1
1
6
1
1
2
1
3
4
1
1
1
1
34
26
17
1
1
1
1
1
1
1
1
2
1
1
1
5
3
19
86
1
1
1
1
1
1
1
1
27
1
13
1
1
1
1
2
1
40
2
1
12
29
1
7
6
29
1
3
12
11
17
12
40
1
6
4
13
17
1
1
1
1
2
1
4
1
1
1
1
1
1
21
2
8
2
1
8
1
1
1
1
1
1
8
1
6
4
1
39
1
1
4
10
1
12
1
1
1
1
1
1
218
110
1
6
183
1
1
1
195
1
7
1
2
265
1
1
1
1
19
1
1
1
42
1
7
5
1
1
2
1
1
190
80
32
1
1
1
132
1
19
1
1
1
5
1
1
1
1
2
7
1
1
93
2
1
230
6
4
5
1
9
60
16
105
1
1
41
2
1
1
1
1
6
1
2
1
1
20
1
1
20
2
25
1
1
1
1
1
1
1
2
10
2
1
27
1
5
8
3
1
117
104
12
6
1
2
1
1
2
4
6
1
8
170
1
2
48
28
1
2
1
1
5
1
2
1
14
63
1
1
1
4
1
1
61
1
2
56
19
1
1
8
1
1
1
5
1
1
5
1
1
5
1
3
1
9
1
1
1
1
1
1
1
1
1
6
1
1
123
94
1
1
1
1
1
2
1
1
13
1
1
1
14
2
4
1
7
61
44
106
5
16
1
1
1
1
1
1
1
5
1
25
42
15
1
2
155
10
288
1
49
70
1
317
62
1
1
36
1
44
3
1
1
1
1
2
1
1
1
1
70
2
5
1
1
1
1
17
1
1
1
1
27
1
60
1
1
1
1
216
1
1
1
1
1
1
1
1
4
4
1
1
1
1
1
5
1
16
1
5
1
1
1
22
1
2
1
3
1
382
1
1
266
46
6
1
1
1
1
1
1
1
128
1
1
192
1
1
1
1
2
22
1
5
1
1
9
1
1
1
1
1
1
1
4
1
1
1
1
1
7
17
53
48
3
1
7
1
1
1
2
1
1
1
1
42
195
1
26
185
8
47
28
89
20
1
1
1
1
1
2
221
1
1
1
1
1
1
1
7
26
1
4
168
1
1
2
2
1
1
37
24
25
1
1
1
1
1
1
7
1
1
1
2
1
5
1
1
12
1
11
1
1
2
1
3
1
1
13
1
1
1
1
2
34
2
1
1
1
1
1
70
214
1
1
268
11
1
242
1
1
1
1
1
1
7
1
2
135
34
1
1
1
1
1
1
1
1
1
1
2
6
1
1
1
1
17
1
20
2
1
1
50
30
1
1
1
1
1
4
7
1
2
345
4
1
1
1
9
1
1
1
71
204
5
4
1
1
1
1
1
1
1
1
3
1
5
48
1
8
1
23
1
4
10
1
1
1
100
1
1
12
82
1
1
1
1
10
1
1
1
6
1
1
12
1
2
1
37
1
9
1
4
1
6
78
2
1
1
6
1
50
1
1
1
1
1
218
4
5
1
7
1
6
12
1
1
4
1
1
7
1
3
1
280
1
201
1
2
2
1
1
12
1
1
1
5
13
16
2
72
1
1
7
1
1
1
2
1
153
1
324
1
1
1
1
1
1
1
90
1
2
60
1
1
2
1
37
1
2
1
2
2
1
49
3
2
2
1
14
1
1
2
1
1
1
1
1
1
1
1
1
1
3
1
1
1
8
1
2
23
112
25
1
39
1
4
2
7
1
8
6
14
1
1
1
1
1
7
1
44
1
1
1
1
120
225
1
2
1
1
1
1
1
1
1
12
6
1
1
1
8
1
3
1
3
1
1
1
1
1
1
1
190
37
292
1
2
1
1
1
1
1
1
1
3
1
4
6
32
1
1
1
1
30
1
1
2
22
1
1
1
23
1
18
1
1
1
1
8
1
57
4
2
1
1
1
1
1
1
1
1
1
1
2
1
1
44
1
27
13
19
1
9
2
14
1
21
2
7
1
1
1
4
3
1
13
1
1
1
3
7
2
6
1
20
1
1
1
47
1
252
1
1
1
5
2
1
1
2
88
12
9
8
1
2
1
1
1
53
1
2
1
241
16
7
1
1
3
1
180
1
9
1
9
7
1
118
2
1
21
1
2
10
8
1
1
1
1
6
11
4
12
1
19
1
1
2
5
9
1
1
28
1
1
1
1
26
1
157
50
144
42
1
5
1
1
4
1
1
1
1
1
1
1
1
2
1
1
5
5
1
1
53
100
8
2
1
1
14
1
54
5
21
1
3
45
1
1
227
1
1
10
1
1
1
1
1
1
1
1
1
2
1
30
1
180
1
1
7
1
1
1
22
25
1
1
1
1
2
8
1
1
1
1
1
2
3
1
1
9
5
1
43
1
1
1
8
1
1
1
1
2
1
60
1
1
8
124
1
11
94
238
1
73
2
1
1
1
142
1
7
1
1
1
108
11
1
12
23
1
3
27
1
13
1
1
1
1
1
1
6
1
1
2
3
1
108
1
23
1
72
242
1
27
1
1
1
2
1
1
16
52
10
2
33
2
1
1
1
1
1
3
1
1
1
1
18
132
1
1
1
1
1
4
7
52
3
10
1
1
1
1
1
1
124
1
101
1
10
130
3
1
2
1
26
7
111
23
1
1
195
93
51
1
1
1
1
1
1
1
1
4
6
1
2
1
1
1
9
2
6
2
12
15
1
379
1
1
1
11
1
1
45
173
1
17
1
94
1
5
2
1
4
1
1
33
387
2
2
23
43
1
5
1
1
2
1
1
40
1
37
1
7
1
1
1
1
35
74
1
1
1
1
1
45
2
18
1
1
5
1
27
31
6
1
4
1
1
21
1
1
1
2
329
1
1
1
127
1
1
1
2
1
1
1
1
2
1
4
1
54
1
68
115
1
2
1
1
5
2
1
26
1
29
1
1
1
2
1
1
27
1
5
1
1
12
1
1
19
1
54
1
76
24
38
2
2
2
156
6
2
5
219
2
2
1
45
1
1
6
1
1
4
1
43
1
1
1
21
7
345
5
1
9
103
1
5
3
7
1
1
335
1
1
1
4
1
39
1
339
1
7
270
1
1
35
1
1
25
2
1
1
1
1
1
259
9
13
2
2
3
5
2
1
2
1
2
8
1
1
28
66
2
2
15
1
1
1
14
68
40
1
3
1
1
28
38
475
1
21
1
2
3
33
1
1
7
1
2
1
6
1
1
2
2
1
1
1
1
108
1
19
1
1
1
2
88
2
1
2
1
2
9
1
1
20
3
1
30
4
1
7
3
316
1
3
1
102
1
1
1
2
2
1
1
1
2
3
1
1
24
1
1
1
1
1
1
1
84
6
1
6
1
1
5
231
1
1
1
9
1
1
1
52
8
1
1
3
87
3
1
13
1
9
1
8
3
26
2
1
1
15
1
1
1
55
1
3
1
1
1
1
1
1
282
1
1
1
2
1
3
1
1
32
1
2
1
1
320
2
1
1
1
18
1
1
1
1
35
382
1
28
145
96
426
9
24
1
1
177
1
1
1
5
18
7
13
1
1
1
1
7
1
1
1
1
1
6
3
8
1
2
5
1
1
1
22
8
28
5
7
1
7
1
40
1
18
160
17
1
1
40
9
332
22
4
2
1
38
1
36
2
1
1
1
1
1
1
139
7
227
2
1
1
1
3
2
4
5
1
2
1
1
1
1
1
12
1
1
1
27
1
1
1
3
3
10
1
1
1
1
2
1
1
1
12
4
2
2
4
1
1
4
25
1
7
1
20
1
1
11
3
1
1
1
1
8
1
1
11
12
3
1
1
1
1
2
19
1
1
1
5
1
2
1
7
1
1
1
238
1
1
125
1
1
3
2
1
2
1
72
1
1
1
2
111
1
1
1
376
1
1
1
1
1
1
15
1
2
1
16
9
1
1
4
1
3
1
1
1
258
1
1
2
1
1
4
6
1
1
1
1
2
1
1
1
3
2
73
2
202
1
1
1
1
