1
1
1
6
1
1
8
1
1
4
1
2
1
3
3
3
1
81
1
168
298
2
2
1
15
1
1
4
207
1
2
1
1
34
6
1
1
1
212
1
1
1
8
1
2
2
4
1
10
6
1
6
1
2
138
1
60
1
1
1
2
2
22
1
1
1
8
17
146
1
1
225
51
1
1
27
1
1
1
363
1
1
1
26
1
1
1
1
1
1
1
1
2
1
12
4
1
1
1
1
2
1
1
1
1
2
7
1
2
3
247
27
1
1
397
3
1
126
24
1
73
1
8
1
41
6
1
109
1
2
1
1
1
6
207
1
1
1
18
13
1
1
1
1
3
1
1
1
1
2
9
6
1
13
1
1
4
1
1
1
6
1
1
1
1
1
1
1
1
1
4
1
1
5
35
102
1
1
35
1
2
9
1
1
2
1
1
1
1
1
6
1
1
1
9
1
1
1
6
1
6
1
1
5
1
1
1
1
1
4
28
3
1
64
1
1
29
1
3
27
1
1
1
4
1
1
1
9
1
126
49
1
3
118
1
1
1
9
1
1
1
8
1
1
1
7
95
1
1
1
1
1
1
279
4
1
1
1
1
1
1
1
184
4
1
31
347
1
1
1
17
6
66
1
3
140
1
4
6
9
7
1
1
1
1
1
2
22
2
1
1
2
7
1
1
1
1
12
1
1
1
3
1
17
1
1
1
1
1
1
2
1
1
1
1
1
1
85
47
1
69
5
1
174
29
1
1
2
1
154
1
1
1
5
1
3
1
175
91
24
1
1
1
2
1
1
3
8
1
6
1
12
1
2
1
1
1
66
1
2
1
1
9
1
1
1
1
254
1
1
2
5
3
40
2
1
3
2
1
1
5
1
147
1
24
1
1
1
2
173
1
3
1
168
3
1
1
1
1
10
1
1
1
1
52
1
1
1
1
14
1
1
1
2
2
1
1
1
73
2
1
1
3
1
73
3
1
90
1
2
1
5
1
1
4
1
1
1
5
20
4
1
1
1
1
20
2
1
1
1
5
7
1
1
3
1
1
1
6
1
1
1
11
1
3
7
67
71
1
1
5
1
2
1
2
1
10
1
1
188
1
52
1
1
7
10
19
1
4
23
1
1
1
85
1
125
2
1
5
6
7
1
7
3
2
1
40
30
2
1
4
33
2
3
1
1
1
1
1
3
1
14
1
1
1
1
21
1
1
1
1
1
1
1
1
5
1
1
1
1
31
1
1
1
1
98
1
1
2
1
1
1
1
1
1
1
1
1
1
95
1
1
2
13
15
2
1
1
1
3
1
122
2
7
2
227
1
1
1
1
1
113
1
1
1
3
1
1
4
1
9
1
180
3
1
1
1
1
1
3
2
1
1
1
4
15
1
4
1
1
1
2
1
1
71
10
1
1
1
1
66
1
1
1
1
1
3
88
1
1
1
47
1
2
2
1
2
1
1
1
1
13
1
1
1
5
10
1
1
6
1
1
1
1
1
1
1
1
1
1
1
207
6
3
1
10
2
1
1
1
1
1
8
1
2
5
1
1
1
1
1
2
1
1
2
1
15
1
7
1
1
2
1
27
1
2
1
7
8
23
1
1
1
179
1
2
1
1
2
1
1
8
3
1
7
1
1
1
2
1
83
1
1
267
1
1
1
1
1
308
2
77
1
1
45
5
1
22
19
2
59
1
1
7
1
1
1
1
1
1
3
1
1
3
1
22
1
1
2
1
99
64
1
1
2
1
1
5
1
1
1
1
2
1
1
86
1
1
2
35
1
1
1
1
10
1
3
1
1
2
1
1
1
1
2
1
32
1
1
1
3
1
2
1
1
99
4
1
6
1
1
1
5
5
1
4
1
39
1
1
3
1
1
1
2
1
1
1
1
1
17
1
1
15
4
1
1
1
10
1
1
2
42
2
3
1
1
1
1
1
1
1
1
10
1
6
28
2
5
2
68
18
1
1
1
2
1
1
34
1
1
3
13
1
2
1
1
160
1
1
2
41
1
27
18
1
5
1
1
1
1
1
1
1
1
1
293
1
1
11
1
1
12
5
13
13
1
1
1
1
1
1
1
1
1
1
63
1
3
1
1
3
1
1
1
1
9
1
1
1
1
2
1
1
1
1
1
1
14
1
74
21
1
2
1
1
1
33
1
1
4
1
3
1
1
1
1
10
1
1
179
1
1
1
1
20
19
1
39
1
2
1
2
2
1
83
1
1
2
8
161
6
345
9
1
9
1
136
1
2
1
1
1
12
1
10
1
1
1
1
2
1
1
1
2
1
86
17
4
1
4
3
2
2
1
120
1
1
4
6
3
1
6
57
1
1
1
1
1
1
47
39
1
1
1
3
14
8
1
1
1
54
1
1
1
1
1
1
5
2
1
1
34
2
1
22
1
1
48
1
333
6
1
2
2
1
8
1
32
2
1
1
1
3
1
5
1
1
1
1
5
2
19
1
1
1
1
1
1
1
4
2
2
4
1
1
7
4
56
1
1
2
1
1
71
8
1
2
1
1
30
1
1
1
16
439
1
1
1
1
1
1
144
1
7
1
1
12
1
77
169
1
2
1
18
2
8
3
2
1
44
1
1
1
1
1
1
1
8
3
1
1
1
2
61
19
1
2
2
1
12
8
1
1
18
12
1
1
1
1
1
16
1
1
1
5
1
1
1
1
33
278
1
4
1
1
1
1
30
3
4
1
1
1
1
74
1
1
3
108
1
46
2
72
20
1
1
1
1
26
1
9
1
1
1
2
1
2
2
4
2
1
8
143
1
14
1
2
1
1
1
7
1
1
8
6
27
1
1
49
1
1
1
37
1
1
23
1
1
4
9
2
3
1
1
8
1
1
1
1
2
130
1
1
1
1
143
1
17
1
75
1
20
10
1
1
1
34
9
1
2
5
1
1
1
1
1
1
13
29
1
1
6
8
1
1
1
1
5
1
4
27
2
11
3
1
37
2
1
4
317
42
11
1
1
1
1
2
203
23
1
28
158
2
18
4
30
1
7
1
1
2
1
34
3
1
3
110
1
1
1
1
14
1
1
20
1
34
1
1
10
231
1
1
1
13
1
1
1
1
26
6
2
5
458
1
6
1
1
1
1
28
5
22
1
11
2
1
1
1
1
10
4
60
1
1
4
376
1
3
1
6
1
1
153
8
1
1
1
6
9
23
1
1
17
1
2
1
276
1
1
1
35
4
1
2
1
32
1
4
13
2
58
14
1
1
2
1
1
1
1
1
1
1
2
1
2
16
1
219
2
1
1
1
1
1
1
1
13
10
46
1
1
1
22
1
1
1
1
1
34
1
1
1
24
17
1
1
1
1
1
1
44
10
1
1
1
1
1
1
5
1
1
1
7
1
55
25
1
1
2
1
21
3
3
1
1
1
3
8
1
2
1
1
1
1
2
1
1
47
2
1
1
1
1
1
1
3
1
10
1
12
1
7
7
81
1
1
2
2
1
1
113
4
1
1
1
1
1
1
86
1
1
5
2
3
1
36
1
4
1
1
1
1
2
3
2
66
4
362
8
1
41
1
1
8
1
33
15
1
1
21
2
1
2
165
2
1
3
1
1
345
1
60
2
32
1
10
1
2
1
1
1
1
1
19
1
1
1
1
1
2
1
2
1
1
9
1
1
1
1
1
1
141
1
1
7
1
1
108
1
1
1
1
5
1
72
1
1
4
1
14
4
1
69
4
1
1
1
1
13
113
1
18
1
1
3
5
35
2
100
1
1
1
2
1
1
1
197
1
1
377
1
3
1
1
1
1
10
1
2
1
1
3
4
1
2
1
355
2
1
1
1
1
1
4
111
2
1
1
1
4
1
1
4
1
1
67
1
1
30
1
1
1
1
1
9
1
1
25
1
11
1
2
26
20
11
1
1
11
1
24
137
24
1
77
1
1
90
1
103
5
1
2
1
1
1
4
1
1
1
13
7
1
1
169
1
11
13
1
1
1
2
1
14
1
5
1
1
1
1
1
1
122
34
3
1
1
1
1
9
8
1
1
1
123
1
1
2
1
6
3
2
5
1
1
1
5
1
10
2
1
2
1
6
20
7
1
1
1
14
1
1
123
1
1
1
1
5
1
25
2
2
10
1
1
1
53
1
262
1
10
1
1
1
1
22
1
60
1
1
440
1
1
1
1
1
46
1
8
1
1
1
1
2
1
1
1
1
5
331
1
153
71
1
1
1
21
1
1
1
1
180
1
1
1
1
1
2
3
1
2
1
1
1
2
12
1
1
1
1
140
1
45
1
1
9
1
1
1
1
1
153
1
1
1
7
1
1
1
17
2
6
17
8
4
109
1
3
164
1
1
1
13
5
3
1
20
6
1
1
1
388
1
1
1
78
1
17
1
1
1
1
1
5
1
2
28
1
5
1
1
2
1
1
144
1
1
3
2
1
1
1
1
1
11
1
1
2
3
1
3
1
1
1
66
42
63
2
4
3
1
290
1
8
7
5
1
2
215
2
1
