25
11
11
9
58
9
12
38
226
66
9
32
34
16
275
35
49
212
34
22
28
51
80
72
34
70
19
47
18
31
53
99
37
79
11
167
13
14
10
36
124
19
9
97
22
25
29
29
263
63
10
28
154
27
12
17
9
13
13
17
9
19
41
9
18
13
32
15
12
19
17
176
18
25
35
17
10
10
87
11
46
11
143
10
54
60
90
12
16
29
13
25
16
19
13
79
11
101
19
31
12
15
10
9
120
10
104
161
78
21
108
18
95
29
52
65
63
16
15
16
72
9
14
72
17
25
47
15
28
11
9
16
22
12
25
24
28
24
10
52
10
18
16
53
27
123
33
21
81
14
18
29
18
18
130
9
40
11
35
24
48
20
14
61
12
22
363
12
128
124
11
49
34
323
88
437
9
35
176
241
65
328
38
65
126
22
181
12
11
11
83
31
25
35
286
15
10
418
38
19
91
39
27
153
107
17
47
125
22
18
69
13
30
13
26
25
11
11
9
32
300
26
210
12
32
39
21
140
117
13
39
52
10
16
13
49
10
18
26
20
32
20
35
56
50
95
10
21
111
11
45
136
19
113
10
75
173
12
47
15
11
28
14
12
14
74
42
33
9
15
14
34
38
371
50
11
12
119
29
10
269
77
45
24
45
133
10
38
15
25
12
24
142
10
13
15
134
26
17
88
138
19
20
22
121
27
48
19
22
388
20
24
16
64
9
20
26
197
78
12
112
15
17
16
16
282
64
87
75
12
15
17
12
11
12
51
9
19
263
20
17
9
50
10
38
118
82
10
199
9
28
91
14
60
10
44
19
10
11
89
19
17
13
212
19
38
32
38
219
11
33
93
229
19
47
25
179
50
17
23
9
13
76
16
106
11
16
56
16
32
103
173
91
11
26
18
9
33
32
22
22
16
11
132
18
77
12
27
127
54
38
10
11
9
11
11
52
226
138
40
13
81
13
48
9
18
20
16
18
37
13
15
29
9
9
15
55
19
172
13
99
11
68
332
12
9
20
48
14
10
16
27
40
19
13
23
29
13
243
32
24
66
135
42
210
12
25
70
28
15
11
48
15
16
29
13
124
12
29
14
20
30
16
12
48
99
9
33
66
24
33
74
11
23
11
15
190
10
21
22
11
60
17
15
12
71
48
24
54
28
15
76
10
74
83
13
115
24
41
20
22
39
169
9
97
14
20
31
21
9
140
98
23
20
20
69
19
15
10
335
12
30
29
45
356
31
29
17
270
46
12
29
16
10
12
45
299
14
21
46
9
34
15
303
9
22
19
15
17
16
24
26
14
10
12
20
54
17
43
13
21
66
10
77
21
74
27
73
16
146
10
9
74
21
21
142
37
11
18
33
11
57
409
48
66
19
65
10
77
11
50
17
16
36
110
13
16
15
25
237
32
20
27
16
25
15
10
20
15
61
85
18
39
17
15
42
81
17
11
86
15
9
28
14
199
14
9
9
28
75
9
18
356
289
335
9
95
9
14
30
15
15
17
97
12
13
9
110
149
24
169
318
16
15
398
11
12
16
29
234
13
73
199
11
69
225
80
58
67
14
11
65
18
198
51
378
32
46
84
12
22
11
198
9
18
29
11
133
12
60
9
11
14
51
15
19
14
12
9
15
17
91
157
31
9
12
80
98
101
48
107
11
346
10
32
34
24
14
17
52
16
15
27
24
12
26
9
14
11
21
58
11
59
30
18
13
13
12
268
25
9
12
11
16
157
66
9
80
83
205
72
11
16
11
9
25
32
10
185
238
31
12
22
13
38
143
144
48
16
113
23
205
21
213
11
73
15
20
29
15
342
41
16
254
107
15
22
17
31
80
9
11
17
80
35
252
16
21
36
16
15
15
29
31
51
44
198
92
141
376
139
16
23
16
9
34
68
132
23
173
56
10
11
16
48
9
18
12
33
129
20
34
18
70
144
16
72
159
138
23
94
17
12
189
30
14
12
41
15
38
17
27
9
27
81
18
266
19
12
16
38
76
14
68
17
27
9
18
9
36
12
103
19
24
28
25
9
11
38
32
134
423
11
71
15
22
41
13
13
225
94
15
22
53
28
182
11
15
9
12
71
17
12
95
182
38
318
120
9
23
17
9
15
164
33
15
85
14
24
12
16
17
22
18
13
14
37
19
17
16
15
12
9
44
33
23
15
165
258
131
321
13
15
14
13
256
11
10
24
135
19
24
9
149
28
23
20
41
30
35
10
27
390
20
9
217
12
30
12
143
11
21
9
31
10
24
27
9
9
214
178
12
9
11
187
13
9
101
305
75
28
11
189
52
158
419
19
16
17
55
13
17
103
18
48
18
9
15
9
40
21
150
48
31
11
11
28
11
16
143
11
47
202
13
344
50
9
21
11
102
15
39
30
31
53
57
157
21
280
52
275
13
64
26
54
15
40
14
48
187
12
76
14
12
14
38
19
96
28
83
22
11
81
21
9
18
94
61
37
147
12
18
16
13
17
120
92
18
19
36
124
40
49
25
85
14
12
19
339
12
60
106
16
76
22
11
62
13
27
50
92
15
57
12
222
12
140
65
16
191
159
14
14
18
71
13
315
46
15
41
14
16
31
29
11
11
22
38
233
141
108
15
13
14
15
21
14
54
15
39
59
118
13
56
16
89
22
111
19
161
213
11
50
89
16
15
114
15
11
14
109
32
12
16
74
15
227
19
68
64
12
41
34
40
9
31
24
256
22
22
27
25
19
9
156
17
24
70
109
16
45
201
29
74
66
79
24
54
37
30
93
124
200
51
56
12
28
26
152
315
9
12
209
9
129
21
11
22
23
15
16
11
375
80
33
11
49
39
24
13
41
12
15
23
12
22
57
196
78
83
20
136
46
26
123
15
231
414
20
16
49
51
56
127
49
15
11
68
27
38
11
12
17
143
20
42
58
176
17
40
65
12
101
18
91
14
15
17
19
424
22
19
63
15
139
129
26
12
73
12
23
39
12
73
224
19
20
34
33
27
118
16
48
36
35
92
11
20
24
36
14
9
15
13
66
18
121
10
198
82
21
86
47
20
14
13
22
26
17
15
12
21
14
73
80
15
11
168
61
16
104
12
130
71
39
21
13
20
30
57
20
15
21
9
50
14
12
16
16
124
394
20
15
76
14
11
47
42
15
33
15
42
79
60
14
130
13
47
36
56
16
14
28
29
281
62
43
33
12
40
35
214
36
172
89
16
25
54
16
59
25
20
11
109
15
12
18
15
14
11
189
341
76
143
45
68
67
159
16
13
13
29
15
15
28
15
12
122
20
17
23
12
24
28
13
12
13
15
50
14
24
88
14
25
138
17
263
22
37
28
16
19
46
30
18
13
13
19
22
11
84
93
37
58
329
37
24
106
12
66
280
13
11
107
15
25
31
95
74
17
22
94
21
33
54
14
99
31
161
40
122
20
21
54
18
166
13
108
41
199
78
11
15
17
22
125
21
123
43
61
20
11
12
138
106
16
19
11
28
12
53
15
12
19
52
41
17
12
356
21
44
316
16
46
12
13
10
12
12
19
161
49
14
35
21
430
12
23
14
16
242
40
93
90
20
34
51
33
16
82
100
134
293
29
24
30
111
205
16
89
21
9
17
9
173
9
51
43
14
12
34
72
28
164
48
177
17
331
15
88
15
12
9
15
22
310
11
28
13
13
143
11
18
31
16
13
16
11
76
12
19
85
11
15
83
43
171
12
68
19
9
12
108
14
162
31
39
14
128
111
167
18
22
15
396
12
14
140
88
15
21
19
64
18
9
19
18
17
15
38
19
26
40
30
37
12
51
10
132
14
33
18
14
37
32
11
93
13
52
33
317
57
74
26
11
15
32
15
22
28
28
171
196
30
12
19
21
15
9
59
46
34
158
14
16
22
12
97
49
29
36
23
62
55
19
25
19
32
11
135
212
51
14
15
64
64
18
51
12
22
50
244
13
9
13
11
145
67
34
25
193
16
25
14
19
74
19
60
46
39
66
20
11
31
28
163
18
17
11
57
45
19
21
452
18
23
12
45
262
36
15
55
50
67
15
119
17
102
65
11
301
175
39
96
21
85
14
12
20
251
15
51
17
27
310
53
69
41
54
40
67
34
60
302
26
21
12
377
32
11
240
22
200
18
189
18
92
72
66
38
184
14
96
43
32
141
85
24
10
11
25
16
12
15
15
25
79
29
17
163
23
11
255
25
69
11
18
9
46
183
31
66
99
14
59
11
255
21
9
15
16
29
20
17
19
21
31
13
21
109
99
58
62
30
19
274
47
15
216
13
141
15
104
55
12
28
14
342
58
68
21
15
33
120
220
230
74
31
9
23
12
35
331
32
47
13
14
14
142
35
30
20
12
199
15
174
72
11
99
33
56
15
56
110
30
66
11
66
42
16
37
195
233
12
22
11
42
9
20
15
16
82
74
152
285
15
16
114
19
56
15
11
65
21
19
18
11
71
16
21
139
30
363
68
35
32
120
115
71
23
79
38
28
27
11
177
16
