14
9
12
8
327
5
115
20
64
45
8
12
18
22
5
19
64
150
14
17
50
55
8
5
72
8
17
24
6
5
43
5
11
79
6
8
90
9
5
252
21
12
7
18
24
10
165
86
27
6
27
5
7
78
130
5
18
11
5
14
12
9
88
5
9
5
5
5
115
23
33
21
76
13
164
6
5
49
83
14
12
49
21
9
11
26
12
5
9
53
8
10
7
33
17
7
25
12
147
59
37
7
5
31
26
20
37
18
80
40
92
28
147
21
11
29
52
44
11
51
32
52
53
50
20
42
97
109
21
5
39
7
5
6
7
34
10
50
7
17
5
56
10
5
16
10
84
7
42
10
18
9
11
5
18
64
6
57
301
8
6
42
15
71
6
9
6
7
33
12
211
6
71
7
45
84
5
20
8
5
6
27
8
6
13
11
146
401
289
11
61
7
7
6
5
5
14
11
132
6
14
22
15
5
8
10
11
5
11
9
27
11
8
5
12
17
6
276
10
9
5
24
8
15
56
115
14
5
6
7
5
18
10
88
32
6
16
83
45
266
27
6
19
5
5
7
5
5
5
46
52
58
15
24
312
8
5
9
205
36
10
21
18
5
380
71
17
16
85
14
5
15
170
15
24
7
8
46
16
10
86
15
10
34
26
8
16
6
5
40
9
5
5
10
12
5
6
17
8
18
5
8
6
101
58
74
52
309
6
11
7
5
8
9
20
5
10
15
30
17
25
23
7
6
213
33
50
220
165
11
12
71
104
16
76
33
36
280
7
95
24
10
16
9
7
68
44
12
40
9
90
10
18
8
5
173
27
39
5
73
13
84
17
8
5
9
5
12
328
8
6
6
16
10
8
76
9
5
6
7
5
23
119
10
5
18
14
6
6
6
8
5
7
161
11
67
18
11
5
6
41
25
91
13
5
9
6
7
16
39
112
12
5
18
60
13
17
73
142
8
53
18
17
6
6
44
9
8
42
68
37
9
12
7
15
15
22
12
10
11
10
6
8
12
13
10
13
5
5
7
15
72
23
9
7
47
6
330
9
5
5
120
284
10
22
19
7
9
8
5
10
18
14
6
6
220
13
9
72
5
97
5
9
5
10
14
5
5
14
10
31
36
6
8
24
127
26
7
10
11
58
13
103
43
9
49
10
79
6
63
22
10
26
17
11
40
96
22
63
6
9
162
11
15
25
6
8
51
47
19
23
7
306
14
7
6
5
7
11
284
9
12
27
13
11
7
5
5
29
13
28
100
145
11
14
6
9
12
9
19
18
9
152
10
6
63
6
17
23
7
30
7
23
8
5
14
6
132
5
5
6
16
5
13
185
21
388
6
16
262
100
69
21
5
9
12
5
31
8
5
5
110
5
7
10
11
7
5
19
7
56
151
6
53
5
31
5
19
32
45
50
5
33
64
5
8
91
50
8
272
45
5
5
11
10
45
5
5
6
9
9
40
56
126
6
5
54
10
90
10
201
55
7
142
10
8
35
23
14
5
5
18
245
8
12
223
28
11
13
5
6
43
5
28
5
6
179
32
18
219
5
19
184
6
6
296
404
5
25
23
5
5
52
19
62
39
5
5
5
12
11
11
278
81
96
142
6
7
166
19
36
122
5
11
10
5
7
10
5
45
187
11
5
75
16
64
276
235
11
162
5
6
20
15
18
66
26
7
459
6
7
5
67
144
35
9
14
71
14
5
12
11
38
6
7
12
6
5
14
7
95
259
11
13
9
17
6
6
40
51
31
21
7
49
86
9
130
13
388
17
6
108
8
19
37
23
14
52
29
25
8
113
33
17
7
9
12
5
10
9
327
16
6
23
6
31
19
32
23
282
7
46
48
81
10
21
41
9
13
130
60
11
267
45
451
7
5
8
19
9
24
12
7
17
7
17
106
61
371
17
34
138
7
52
55
111
10
30
57
158
11
8
16
78
17
11
26
9
6
124
15
13
55
5
57
148
18
5
16
177
110
6
44
12
71
114
149
18
16
8
6
5
20
6
6
149
33
42
10
243
79
73
8
43
9
19
113
211
5
11
19
23
5
19
17
19
10
336
7
7
5
397
72
15
23
15
249
26
6
46
47
10
20
18
114
22
39
41
36
8
8
9
6
26
88
10
9
10
15
11
18
73
101
14
422
26
8
11
36
227
16
12
63
5
329
34
21
68
12
22
7
35
65
26
12
27
8
7
17
12
25
47
8
305
7
7
84
16
11
14
6
135
5
16
44
31
226
8
11
101
11
20
7
7
145
10
276
102
10
79
16
8
10
12
213
14
12
15
19
6
6
112
15
5
22
45
10
27
82
24
25
5
25
43
5
8
8
17
31
7
23
6
81
7
69
296
37
40
56
7
95
18
146
289
10
8
149
19
6
15
12
201
105
27
17
9
8
80
133
75
7
51
69
22
38
8
262
21
9
26
12
263
7
41
15
16
7
8
9
6
6
19
8
29
15
10
7
169
19
6
7
5
67
35
8
7
80
14
6
37
56
9
79
106
15
68
376
130
6
232
19
18
7
8
5
11
53
15
18
9
10
49
250
83
7
7
10
6
57
6
44
7
7
119
90
101
6
7
62
10
158
18
67
11
6
9
10
6
7
31
7
5
19
6
6
133
16
5
206
16
59
40
12
50
8
131
216
13
174
113
40
39
52
59
13
16
14
53
13
5
13
23
298
5
21
18
59
52
111
20
47
40
319
115
7
162
7
8
15
163
73
15
7
42
15
16
36
9
7
10
9
10
65
11
16
12
36
68
15
72
12
17
8
6
11
6
14
6
5
108
22
13
299
13
25
24
76
10
8
277
7
5
17
140
274
361
7
5
15
44
101
103
22
16
7
116
56
299
8
10
19
15
8
11
17
66
220
10
40
8
9
14
27
14
5
29
45
25
7
47
154
11
5
43
6
10
152
24
6
9
40
9
8
10
8
240
17
16
18
6
19
21
11
130
14
6
10
25
6
9
15
18
43
17
17
11
18
6
104
114
10
32
17
5
15
37
6
8
10
99
16
15
12
7
15
421
192
11
6
11
35
7
45
6
128
20
62
59
80
9
155
11
21
5
210
237
31
11
27
13
10
168
38
32
6
6
351
50
6
18
6
203
7
12
22
30
90
11
9
47
55
17
7
14
7
9
8
9
11
133
67
15
7
194
79
14
11
12
29
7
12
319
11
7
61
6
115
31
8
131
15
138
7
58
7
7
158
7
6
12
14
55
6
16
6
26
59
19
13
11
10
6
8
190
11
11
7
34
14
7
21
7
41
16
35
24
56
34
9
5
9
274
15
90
101
5
254
7
186
66
18
209
49
251
64
42
11
15
9
5
9
27
201
405
66
23
9
19
7
28
209
19
136
12
15
5
25
321
7
10
6
6
9
17
18
6
341
129
7
9
382
8
15
352
295
17
47
11
23
70
16
33
125
8
10
11
49
346
141
5
10
5
10
105
6
7
12
5
11
308
18
25
168
5
36
19
54
61
7
120
9
30
12
127
138
72
33
6
26
297
53
23
9
85
8
6
11
12
7
16
8
23
56
69
5
23
9
9
9
183
20
16
8
24
45
13
7
28
77
17
260
8
132
16
5
35
6
401
16
8
7
80
8
6
10
7
44
5
12
126
19
12
21
7
53
5
134
8
6
10
49
20
459
22
47
12
65
11
54
7
7
18
18
12
141
7
10
46
233
19
8
9
20
6
12
7
58
268
7
9
13
70
10
6
7
22
9
14
18
9
9
5
24
11
12
5
7
14
7
11
23
16
85
9
6
172
9
8
8
10
188
6
6
19
58
20
24
15
31
8
6
9
41
9
9
5
12
47
308
16
7
226
31
21
7
129
13
76
31
6
7
5
11
18
137
115
9
14
9
61
5
17
12
18
24
303
9
27
63
7
11
7
18
324
39
17
31
139
6
11
9
16
15
10
7
167
54
7
23
9
9
5
9
13
477
5
14
58
10
360
7
349
43
6
15
9
6
12
248
10
18
8
7
59
10
10
361
29
31
21
105
32
5
105
9
15
21
7
5
14
43
58
16
8
15
7
11
8
14
9
51
42
38
105
81
14
6
140
6
5
5
7
42
11
15
9
6
267
125
94
18
5
18
79
11
39
6
7
98
85
26
8
19
8
102
9
433
31
33
258
12
5
8
24
9
17
14
5
13
17
210
10
13
16
10
22
7
110
60
7
27
9
10
195
308
7
16
11
274
5
5
74
5
8
124
5
8
6
23
11
77
31
27
17
15
96
6
31
12
48
10
8
15
270
8
12
8
31
22
5
207
13
14
25
9
12
45
51
16
177
34
237
26
6
49
166
238
6
61
6
5
7
5
10
156
45
68
9
21
10
10
43
40
6
50
5
13
181
7
65
112
5
9
44
6
13
7
12
10
7
21
12
5
45
27
12
9
13
10
5
34
9
29
115
31
45
220
21
19
55
11
5
7
8
194
6
23
10
10
19
31
7
7
14
11
19
11
5
14
5
278
15
11
8
25
61
38
9
24
61
9
34
6
5
8
18
8
20
14
