161
170
118
155
197
121
320
170
135
124
133
139
169
114
136
108
198
143
121
427
247
142
137
139
220
244
310
344
210
116
152
396
107
137
157
152
235
185
175
296
205
129
315
249
232
152
172
127
254
137
185
242
267
121
178
266
262
119
349
161
120
153
389
132
363
334
378
164
115
438
224
220
157
317
103
231
102
423
125
100
277
211
167
314
184
184
354
105
105
267
104
127
101
354
101
254
214
144
225
117
278
117
111
222
213
130
195
310
100
308
117
309
196
333
287
150
122
354
335
398
104
218
344
209
371
155
119
308
146
151
105
294
362
392
166
327
233
102
190
166
357
139
105
170
306
455
151
207
281
149
126
122
101
225
400
109
113
112
183
231
130
198
220
126
309
106
131
129
113
315
129
137
139
130
275
155
208
320
217
195
291
256
162
204
112
245
148
163
104
158
125
122
220
114
288
361
228
337
328
168
317
207
105
137
170
347
155
347
128
152
163
334
186
197
130
111
130
194
263
182
223
175
246
131
108
128
283
123
278
238
418
119
126
145
160
120
348
366
366
120
288
117
183
163
228
333
135
241
119
190
398
121
223
135
282
125
187
109
161
420
450
311
262
149
203
422
201
131
166
110
310
176
151
338
135
165
357
171
300
181
117
129
123
126
271
141
117
171
177
291
382
110
304
107
423
167
279
247
215
322
313
139
112
267
110
241
141
388
243
174
123
171
314
112
169
180
139
103
391
174
290
327
122
161
105
200
267
217
191
108
320
247
231
112
149
134
102
136
102
150
334
135
278
184
281
108
117
223
154
133
224
157
100
198
261
388
132
191
177
132
145
350
324
140
133
100
135
208
143
138
373
129
156
104
166
343
130
317
202
232
202
149
268
361
389
190
302
141
317
124
148
174
368
107
341
316
162
327
386
115
149
240
247
156
329
343
165
102
125
124
392
377
373
267
344
173
123
105
129
214
192
169
121
317
220
336
307
153
403
348
320
168
337
100
228
328
190
101
160
216
338
127
358
262
384
120
109
223
161
188
420
368
444
208
204
365
111
174
151
184
207
371
170
340
105
117
102
169
257
151
175
175
207
210
137
111
138
128
116
101
169
100
372
399
208
135
121
356
126
394
105
134
295
132
114
209
116
207
105
121
180
119
161
278
255
113
151
326
206
128
127
140
227
368
308
188
181
454
141
288
439
163
279
185
353
106
230
104
106
218
334
264
187
191
157
262
177
126
145
299
251
150
204
186
314
120
137
104
125
299
173
264
318
133
101
245
115
126
109
129
145
232
347
217
110
272
233
270
272
129
190
127
151
436
144
180
165
156
236
110
143
229
246
171
145
355
155
262
396
313
107
146
224
342
388
281
145
184
385
292
201
151
365
174
102
319
384
141
121
126
238
266
215
270
237
116
127
128
186
312
158
187
242
268
272
310
124
111
245
226
178
318
260
250
211
411
136
100
123
208
105
274
213
181
127
388
319
245
390
218
136
132
331
106
263
282
158
280
237
110
232
318
111
146
116
415
380
331
128
188
162
379
176
120
202
398
389
127
105
331
112
104
186
172
399
105
355
201
363
150
297
302
115
148
117
123
227
182
149
117
225
302
165
232
225
234
163
196
112
192
158
113
332
114
176
144
204
241
335
214
110
236
223
200
312
268
415
161
345
204
123
146
301
100
197
220
439
122
107
404
202
179
171
105
102
101
257
209
254
253
265
211
130
138
226
337
376
194
124
195
109
200
329
185
178
169
104
272
136
114
100
198
210
221
179
119
432
154
319
280
104
99
123
416
187
121
118
279
323
243
118
349
155
172
156
110
342
135
247
378
213
170
222
102
119
105
112
133
246
116
132
173
110
141
283
244
330
116
248
174
265
390
123
300
170
404
166
436
207
190
272
332
253
285
125
161
109
108
386
228
220
261
335
188
219
130
104
259
373
219
175
246
358
306
129
155
297
274
150
127
209
150
315
181
183
122
120
342
121
242
264
261
197
144
217
112
139
114
153
231
133
219
161
357
158
142
126
207
115
146
198
122
134
209
172
242
462
130
210
268
106
247
246
127
232
251
153
158
207
127
155
100
227
221
112
433
100
119
205
149
112
144
130
121
125
250
156
200
296
163
274
245
349
118
224
165
309
309
179
260
297
178
195
101
120
268
262
171
282
117
120
346
314
336
278
149
139
241
138
201
121
139
427
250
402
244
252
212
123
233
311
149
115
160
184
341
327
256
142
253
280
224
127
455
159
153
115
178
159
114
102
291
307
272
141
162
473
199
198
150
347
270
216
221
376
111
374
270
196
159
108
253
177
133
115
286
247
273
314
269
378
126
364
337
143
155
102
125
296
228
267
220
123
128
119
264
109
102
195
189
106
133
294
141
157
278
150
211
383
210
452
364
238
337
374
128
110
165
119
268
154
114
158
114
240
312
133
131
296
155
272
267
340
247
134
365
223
373
279
270
240
253
185
122
141
135
265
355
192
337
173
186
456
303
124
196
154
114
174
153
148
183
125
141
121
361
435
301
333
124
171
110
134
197
422
383
156
225
226
234
369
255
270
215
126
141
140
251
129
169
126
118
122
316
159
116
180
278
290
117
448
167
153
161
262
395
112
140
129
277
113
136
177
130
173
130
304
118
267
463
134
345
112
206
233
276
136
187
147
119
135
262
171
113
125
138
164
119
349
135
334
160
141
297
241
114
232
175
256
221
122
156
210
146
298
131
294
379
305
234
188
218
390
130
269
173
200
419
133
365
444
274
265
226
120
192
258
140
262
122
158
192
145
238
251
277
397
314
158
133
324
222
119
181
193
352
183
317
255
176
217
166
136
109
240
149
411
202
264
140
140
285
205
296
138
326
124
183
401
146
184
347
110
249
133
172
154
193
419
388
443
351
278
188
416
177
115
404
169
283
295
166
352
310
156
189
125
306
233
247
171
272
281
305
390
293
190
260
197
155
117
257
112
217
211
156
414
288
277
220
144
167
119
232
300
289
141
125
224
267
192
129
338
176
220
126
198
140
234
222
288
197
345
252
121
344
195
218
178
133
218
194
134
191
112
214
249
315
198
184
157
308
182
296
218
178
215
176
412
355
183
121
165
141
228
143
179
286
181
113
141
290
169
151
125
197
142
222
383
115
155
126
405
149
267
219
149
114
254
354
157
265
259
178
113
308
446
292
124
161
123
169
303
120
126
417
173
152
156
257
281
211
120
186
167
129
336
253
117
277
247
203
113
222
381
134
283
113
268
320
153
183
309
177
174
271
412
377
193
215
351
239
190
189
157
261
259
205
370
377
261
440
115
191
160
242
115
260
119
135
193
227
247
284
129
202
175
251
399
232
309
117
240
362
210
184
196
132
175
215
176
222
173
164
143
186
193
239
299
175
264
304
149
113
147
289
144
381
195
257
343
167
120
167
251
167
113
417
192
232
165
115
112
122
124
114
235
139
174
401
307
340
114
176
308
261
116
411
334
327
181
198
151
166
194
346
194
252
320
339
134
293
286
227
188
118
159
189
250
157
128
166
139
123
293
208
147
137
397
136
117
202
224
181
241
124
339
239
182
279
113
172
364
131
186
193
202
116
139
128
189
131
266
128
135
159
148
186
188
437
133
298
129
224
140
152
185
123
138
324
117
318
115
267
397
149
129
272
111
155
264
198
141
277
174
200
386
138
398
182
187
198
145
285
186
260
283
117
234
209
119
301
115
146
370
194
171
167
123
251
195
156
410
300
401
330
164
280
236
139
183
265
278
390
325
208
451
290
174
147
157
139
138
265
196
112
260
124
240
117
120
146
119
199
327
125
223
121
118
170
240
130
197
314
404
159
402
185
235
315
302
209
392
179
119
178
115
127
192
340
274
159
144
144
221
293
167
155
200
154
142
147
279
328
325
310
257
259
333
145
301
394
303
112
208
163
145
314
123
117
116
296
356
253
131
200
287
122
133
302
122
122
111
307
240
115
207
119
236
199
183
134
168
224
151
114
194
272
244
265
116
237
343
371
178
220
211
293
243
143
437
143
371
176
136
157
165
217
288
170
153
292
205
213
207
253
322
116
286
303
122
160
261
134
123
204
228
142
117
282
238
162
332
116
123
370
231
231
355
117
315
312
174
107
321
261
115
300
133
151
207
164
232
120
161
256
230
354
176
286
166
152
243
122
145
202
249
147
243
162
324
380
184
181
296
146
346
291
397
146
200
217
135
403
114
409
319
168
249
404
380
344
368
297
410
264
320
129
259
350
145
164
142
126
153
220
290
129
240
397
225
115
341
332
193
119
214
252
389
271
132
186
163
233
183
132
280
118
126
235
236
309
162
271
152
112
335
295
123
302
290
203
230
191
336
305
203
289
262
115
119
113
238
313
346
223
152
112
118
271
326
146
166
202
134
209
186
210
155
226
231
251
222
165
229
290
450
256
148
131
464
159
126
197
145
220
413
242
246
170
136
123
138
166
122
209
117
317
208
171
166
148
207
292
170
152
185
176
445
165
340
250
378
235
346
287
134
300
315
116
300
120
146
216
189
425
250
175
