408
347
399
230
232
355
192
134
180
397
457
363
173
325
412
244
419
140
215
331
201
153
310
269
336
378
211
203
292
353
204
262
154
171
260
172
278
258
221
157
189
138
194
426
175
175
216
411
453
256
426
392
287
168
373
216
231
346
204
138
145
446
360
303
266
198
177
264
255
173
206
203
261
160
335
253
196
206
234
396
158
155
313
314
399
334
280
259
298
253
147
233
268
271
150
149
233
197
241
153
249
206
191
163
172
154
294
180
189
232
375
139
309
404
304
182
141
278
187
357
417
368
171
325
154
235
264
228
362
171
442
188
147
238
140
270
300
177
303
228
146
349
265
222
353
211
155
277
177
447
158
351
187
138
149
324
211
334
184
206
398
145
224
423
232
255
169
138
332
293
223
223
224
312
186
223
149
368
148
222
153
271
282
141
380
209
217
191
153
308
145
259
160
169
146
431
251
138
391
175
278
209
259
202
223
236
258
255
317
438
258
322
138
265
176
313
341
208
172
248
153
421
244
144
193
188
172
350
148
187
355
152
184
287
331
174
310
173
226
156
202
299
372
204
225
215
362
137
176
150
355
419
234
199
228
210
149
227
236
262
165
353
349
141
160
220
312
185
137
204
191
247
192
352
293
277
386
260
334
178
237
141
179
282
329
160
143
206
291
195
140
239
222
159
157
242
300
200
172
174
157
166
262
440
470
350
251
137
382
311
144
193
429
269
201
137
244
276
301
226
267
224
335
403
332
378
149
199
150
259
294
275
222
158
277
296
361
196
181
155
376
237
233
378
271
422
407
152
265
252
361
355
340
369
230
416
258
152
211
232
151
247
148
138
167
200
205
188
172
155
220
139
151
274
332
143
161
195
295
154
177
166
261
196
186
336
159
164
266
394
311
179
304
148
162
149
272
460
436
399
173
218
281
244
148
230
401
395
327
256
262
194
238
323
286
250
282
158
368
366
147
151
271
174
274
161
229
144
174
163
388
201
320
167
141
153
145
187
177
462
234
308
350
243
182
151
198
189
136
256
207
337
285
174
197
472
430
261
254
191
137
139
167
316
202
345
317
290
334
142
174
270
167
212
136
177
200
402
378
135
257
359
336
306
169
281
155
201
135
154
373
138
181
248
458
359
212
314
151
343
219
196
166
377
202
171
203
150
223
198
265
361
161
388
286
248
321
290
163
230
171
238
222
302
236
221
232
246
156
161
195
176
234
282
310
240
146
145
217
242
147
184
315
207
353
168
191
282
268
239
336
305
269
301
185
190
309
271
301
164
139
249
213
353
226
298
324
297
149
382
173
183
141
222
152
280
180
208
205
182
260
139
180
191
306
227
285
147
198
174
208
342
333
171
289
231
144
373
436
141
202
188
315
150
193
251
289
139
169
287
164
178
154
139
161
142
328
242
350
139
325
294
241
234
236
181
142
151
263
295
219
163
394
258
347
168
145
371
159
161
174
259
274
174
203
136
162
287
175
157
316
138
340
137
145
254
251
223
290
161
350
468
196
231
249
165
209
282
158
178
313
276
213
260
312
279
261
190
140
189
189
215
138
328
245
280
307
323
241
287
194
183
175
283
312
304
212
233
319
228
331
136
298
149
137
283
151
268
326
239
278
266
178
217
148
153
174
136
299
147
152
211
202
159
266
167
187
174
226
400
252
144
153
175
139
151
198
155
245
171
215
189
216
282
383
135
338
242
351
144
181
244
341
205
162
232
179
403
167
169
187
215
138
417
134
348
347
168
276
212
287
143
169
236
156
175
191
360
256
380
201
197
243
169
278
176
210
261
164
339
151
154
181
147
222
176
433
330
287
196
364
158
137
217
360
230
251
300
311
190
343
345
372
203
231
166
315
175
236
324
440
410
367
178
215
326
422
163
183
396
179
326
189
151
274
312
283
251
259
327
252
143
333
341
289
163
177
137
343
413
142
229
181
233
199
251
271
165
280
167
281
263
201
259
341
191
220
185
154
235
170
175
238
267
184
149
309
172
146
178
255
161
152
193
438
416
156
394
250
227
152
376
164
292
201
241
346
266
300
267
297
172
258
373
384
356
170
254
225
353
189
316
210
165
331
257
208
294
249
224
243
194
246
197
153
194
183
145
231
173
353
138
290
203
285
299
145
234
143
309
194
343
455
167
257
225
388
231
225
416
297
334
142
353
361
265
249
225
214
156
366
170
275
142
138
306
187
136
242
267
152
190
161
172
193
148
149
172
348
189
149
156
206
204
298
395
298
218
390
213
307
176
150
353
184
251
184
138
190
333
165
420
267
191
363
177
243
158
234
172
295
337
381
331
174
413
181
173
394
295
185
326
385
429
187
308
141
153
388
142
232
155
284
165
182
292
263
183
141
323
365
184
136
272
419
251
186
185
371
372
342
390
394
288
215
227
161
248
353
175
189
289
216
367
214
327
225
267
193
313
263
310
180
283
251
151
153
162
166
241
435
137
227
327
392
149
280
141
148
219
279
234
184
367
252
231
327
166
158
217
179
430
340
431
178
175
194
378
355
308
199
286
178
221
240
227
235
298
222
212
279
187
389
227
253
316
146
263
278
145
215
213
316
208
248
153
267
198
277
297
152
282
169
356
153
260
173
272
265
148
158
163
378
135
218
300
223
244
223
197
156
164
164
250
203
173
363
137
175
204
299
288
304
138
157
195
190
238
135
163
170
268
268
207
317
253
232
195
328
188
263
306
208
260
210
280
275
225
187
213
377
401
235
168
397
199
157
430
257
174
151
191
332
342
465
218
175
295
175
407
445
290
194
432
260
247
266
353
163
345
191
163
190
256
174
356
174
157
193
188
149
327
269
200
291
203
302
296
251
323
150
276
200
333
361
250
155
265
255
157
201
295
299
162
159
190
171
324
225
252
173
343
317
229
225
377
154
266
318
159
203
223
174
316
368
162
256
221
274
261
295
406
149
348
353
176
184
295
151
208
223
318
413
189
327
252
262
209
378
386
236
237
322
193
159
241
267
161
213
236
154
361
212
323
429
362
171
400
247
264
198
320
260
159
150
203
229
321
154
170
337
171
285
192
209
208
399
333
176
330
267
149
257
331
173
207
366
203
241
177
273
375
402
202
219
330
240
278
179
226
202
387
238
154
149
289
308
319
396
233
223
400
240
169
370
262
209
178
171
246
316
431
444
352
234
269
166
369
244
393
265
314
156
338
253
334
151
154
196
280
147
240
221
168
163
347
200
399
202
235
237
304
178
285
177
188
417
178
370
184
173
365
268
197
152
227
190
186
188
183
160
195
152
295
310
265
148
320
246
155
272
153
305
393
162
352
249
241
218
242
253
292
161
239
269
195
149
312
237
195
212
243
167
147
263
380
465
210
316
224
243
356
193
176
153
190
234
255
237
355
158
183
175
158
154
353
202
304
175
149
381
241
461
150
170
162
315
156
389
390
257
240
345
166
219
153
205
195
394
360
206
358
227
200
231
299
208
355
360
351
319
152
313
173
455
425
333
261
275
153
203
253
238
270
345
406
206
233
157
370
365
249
164
363
341
413
187
208
153
401
174
296
298
193
389
215
168
412
369
219
296
254
155
195
386
216
179
321
333
318
401
355
178
386
204
303
164
167
266
219
197
189
303
359
260
366
281
451
283
276
165
293
235
358
296
249
334
306
229
258
328
184
209
272
238
355
149
191
147
276
179
229
396
249
321
170
194
236
164
175
330
297
166
304
235
287
377
420
386
322
389
164
163
379
434
164
164
159
162
297
159
223
419
163
318
266
182
242
279
175
155
210
186
147
197
230
288
154
180
357
310
173
343
215
197
189
192
276
192
199
221
302
168
358
314
299
247
198
187
269
199
163
423
229
195
155
349
257
224
271
450
159
163
324
341
229
270
253
318
336
230
359
247
184
331
252
153
194
295
380
189
211
163
190
190
179
289
174
185
257
197
155
339
177
257
228
412
424
259
306
221
172
326
303
168
390
202
274
195
158
203
147
170
449
170
194
162
168
202
344
333
261
398
388
228
241
382
219
256
333
255
262
212
191
248
353
198
314
263
324
174
237
194
206
226
413
161
212
256
151
150
174
407
425
219
320
169
181
277
423
147
321
192
149
291
160
345
358
261
199
390
207
223
412
174
163
319
268
267
157
209
261
187
167
199
161
282
147
164
310
248
273
277
358
154
350
151
147
272
202
388
166
285
150
377
317
194
242
274
216
343
299
207
338
182
437
171
358
205
238
311
280
190
159
287
307
255
277
225
279
428
289
217
167
192
204
176
277
390
245
205
254
150
289
198
187
294
222
382
159
237
349
244
190
204
344
194
290
177
198
159
277
162
196
217
254
168
195
183
258
195
363
155
213
378
210
354
228
173
151
248
221
309
204
216
208
154
371
361
371
179
336
346
418
156
179
205
348
334
154
325
321
178
177
245
362
153
336
289
353
197
179
296
263
280
300
249
186
263
363
358
226
230
255
298
156
325
339
232
356
355
171
195
359
290
175
214
213
401
278
206
238
178
150
155
