271
305
299
315
320
277
371
267
320
285
266
330
318
323
272
413
320
272
342
385
276
346
324
315
317
363
372
270
349
385
319
408
290
289
274
381
296
287
390
389
325
377
397
267
319
339
332
401
265
328
290
263
263
272
281
279
275
264
407
358
349
384
267
408
297
365
301
329
265
388
316
324
403
295
291
309
272
317
319
369
270
451
361
315
341
385
264
309
456
466
315
290
311
398
394
287
360
408
265
364
353
270
434
381
326
421
365
315
435
323
461
342
303
266
308
292
278
397
293
395
362
276
373
318
304
284
327
385
350
282
265
351
357
398
323
265
331
287
282
363
280
308
329
277
365
317
384
275
273
264
448
466
334
264
447
331
426
436
266
320
319
375
299
381
359
434
380
382
299
307
269
405
459
422
323
458
359
422
386
319
311
323
317
360
268
333
302
291
317
261
274
272
289
341
377
288
283
270
339
369
341
269
401
282
295
352
436
352
278
458
325
299
297
442
285
377
276
387
320
471
437
265
429
426
269
289
312
434
262
267
309
385
274
323
367
333
391
292
396
293
377
349
323
336
322
394
289
310
320
395
324
264
320
455
292
285
325
266
413
323
322
406
375
263
281
283
366
281
293
317
327
366
324
351
420
345
274
349
288
347
440
340
314
279
296
396
286
271
262
307
344
417
367
442
460
283
275
398
326
294
401
373
388
263
350
291
380
300
320
400
276
322
379
301
264
306
422
308
335
262
357
337
385
362
288
337
304
345
393
347
299
306
286
274
310
271
309
417
442
376
408
280
331
296
336
276
393
413
320
280
263
302
278
349
377
358
288
348
265
370
363
274
355
424
331
298
291
269
281
366
300
274
375
270
285
415
270
266
289
353
354
304
329
303
330
444
328
288
366
425
322
343
381
405
387
286
356
351
344
357
298
428
319
282
364
353
293
266
337
403
279
275
434
366
367
323
263
286
407
270
386
361
447
394
263
297
312
267
383
389
288
426
367
362
354
307
341
294
359
358
263
362
443
316
337
336
311
367
269
280
310
330
363
366
306
310
428
382
284
322
342
283
314
372
282
298
288
318
347
369
405
346
299
272
344
304
261
335
376
324
297
310
380
360
308
383
402
370
368
393
331
437
330
349
268
335
289
403
473
268
301
337
320
464
305
327
329
356
340
387
333
297
363
421
331
427
406
286
294
437
284
312
303
350
267
384
268
281
470
391
356
428
263
432
395
276
409
419
367
287
301
342
447
302
378
273
313
461
337
378
427
360
332
270
263
321
419
368
407
361
328
290
268
393
324
283
298
451
281
418
371
337
305
311
264
370
283
468
315
408
342
314
278
385
315
364
390
271
424
320
363
264
382
322
290
299
375
313
297
326
313
301
328
285
369
353
371
282
268
320
413
291
307
319
368
417
270
307
322
368
296
323
286
303
302
315
369
374
322
338
286
337
390
278
289
400
380
422
318
329
397
390
330
320
428
347
280
267
372
306
371
264
299
321
288
297
275
292
370
296
296
291
358
282
283
266
326
386
388
436
324
263
274
331
262
417
268
350
264
314
387
326
321
389
294
389
262
340
363
269
297
270
321
434
333
348
325
401
381
426
332
265
280
347
393
390
297
301
272
303
351
325
378
318
349
325
396
351
346
319
309
404
289
321
370
359
320
349
268
306
307
276
398
334
330
360
412
324
264
264
267
263
430
370
289
321
308
469
321
431
322
325
398
431
419
469
322
362
339
345
425
441
421
306
266
399
290
318
300
437
308
289
334
364
289
370
407
262
337
344
302
442
262
455
366
397
271
314
283
353
360
352
263
282
273
317
361
325
275
332
422
283
304
407
295
363
265
290
400
406
284
279
303
436
347
287
406
381
336
272
311
423
362
299
264
280
294
297
308
316
283
297
410
350
263
355
364
275
301
371
309
332
317
318
342
404
379
301
404
284
269
367
285
280
322
362
295
416
359
294
302
322
388
286
285
292
437
279
362
449
396
275
334
453
295
380
402
397
277
343
386
299
343
380
421
277
298
309
423
321
286
396
458
279
413
329
290
438
406
329
364
347
280
294
330
397
369
383
399
313
346
295
396
290
382
355
303
363
324
275
290
410
330
311
282
289
406
293
350
397
306
329
293
303
327
429
412
329
285
276
302
358
325
342
321
281
307
273
359
290
279
405
303
364
304
278
291
342
367
401
344
346
304
288
372
338
350
312
274
281
350
313
305
372
288
316
394
297
479
279
328
275
361
279
291
310
365
341
293
391
275
355
296
345
284
311
343
309
373
292
350
377
319
400
289
419
358
408
291
441
318
289
363
313
311
444
406
406
419
301
314
410
323
290
416
304
294
364
309
369
359
290
306
288
297
362
284
336
279
349
299
336
291
278
302
360
285
299
363
314
346
351
410
325
317
280
300
307
287
310
337
362
381
433
278
344
304
275
274
449
377
291
370
348
335
276
300
322
291
276
346
430
331
297
326
330
284
343
290
284
378
420
428
277
297
348
418
336
439
339
332
413
359
292
323
439
317
398
414
439
394
473
359
310
308
290
435
285
324
281
305
291
347
374
332
372
394
450
307
395
351
439
346
299
335
311
364
296
461
288
333
335
280
409
333
343
281
356
383
418
406
303
425
320
329
424
284
274
363
296
280
400
356
319
404
331
297
381
331
451
423
281
330
275
288
368
358
296
324
353
359
340
273
362
291
389
321
423
287
305
436
307
326
319
445
305
304
357
291
456
463
310
384
306
341
386
469
440
340
299
297
286
291
354
293
348
291
277
353
357
345
327
410
321
310
371
394
286
316
378
321
332
316
421
409
406
334
283
286
308
295
409
391
336
321
323
283
396
308
298
338
481
289
302
293
415
302
313
421
353
380
280
336
311
356
354
379
312
276
276
472
293
343
276
409
404
317
375
283
311
455
313
316
410
286
298
337
403
401
341
325
277
426
324
336
403
396
282
286
348
385
449
380
369
314
311
280
359
306
378
403
285
327
340
376
318
362
347
288
323
424
333
430
291
374
374
273
423
300
420
282
358
368
398
337
345
309
436
298
393
332
354
322
337
312
327
341
328
356
344
367
330
315
425
334
323
274
369
403
287
308
337
351
299
407
347
326
279
401
293
315
330
303
296
357
406
421
408
352
389
450
382
377
279
324
390
321
416
365
299
302
296
411
403
343
349
386
304
414
363
355
360
275
348
441
334
332
391
302
331
384
402
436
338
423
360
423
355
297
462
398
421
374
416
390
283
330
351
407
275
357
361
321
279
366
303
364
331
425
369
308
294
290
294
355
288
300
322
376
465
303
279
348
397
453
275
291
449
286
283
295
346
322
319
378
313
316
353
303
376
287
387
310
294
312
355
362
310
378
298
340
315
377
372
287
388
298
286
395
300
382
274
323
420
290
412
439
299
336
278
416
346
431
341
410
391
373
281
278
284
303
332
301
361
339
420
340
289
282
291
421
397
314
357
373
405
385
377
352
323
287
393
331
402
281
360
361
347
430
389
302
444
274
340
404
397
407
293
438
340
371
288
321
312
421
361
408
282
345
336
371
288
298
407
356
408
356
295
327
418
438
288
313
274
334
354
430
292
286
273
323
341
450
332
400
340
398
337
316
376
395
306
331
318
277
299
327
306
301
419
342
379
315
301
458
315
293
277
334
336
286
284
437
357
386
366
339
411
329
358
367
327
298
416
420
334
345
311
409
276
299
276
341
451
339
289
440
331
305
282
288
312
279
458
321
357
384
412
421
320
372
337
351
334
308
418
283
291
301
419
358
293
311
390
356
282
364
280
455
288
391
299
312
286
341
363
310
300
413
334
316
284
325
309
298
315
341
355
304
303
322
298
371
339
274
361
331
456
292
354
399
287
281
391
349
439
277
309
349
384
400
391
408
306
316
290
274
361
452
463
369
337
311
318
282
397
313
372
407
284
429
299
331
365
311
361
389
320
308
350
291
307
351
276
283
367
355
381
291
316
385
296
304
352
366
296
288
312
403
412
382
300
362
378
347
343
303
419
327
370
439
393
368
281
314
339
366
329
389
294
369
275
455
322
364
304
320
403
427
363
428
398
397
333
429
285
302
301
350
384
348
361
344
378
377
452
273
299
332
409
365
395
327
423
322
283
363
326
298
392
394
289
380
330
292
324
334
395
424
394
319
292
428
398
325
358
397
363
335
325
297
278
332
377
464
299
300
403
283
333
334
340
287
292
452
423
312
275
294
321
356
316
403
332
320
295
299
353
338
291
379
302
398
279
384
327
304
344
329
291
277
379
325
318
278
318
396
333
294
292
316
281
363
287
458
447
344
379
359
306
309
295
287
298
333
402
304
281
380
346
397
393
396
365
351
325
299
465
325
281
279
293
404
319
298
370
296
306
337
323
319
421
325
351
313
368
325
364
304
311
369
316
433
442
279
298
440
280
324
476
277
334
431
393
447
379
294
283
273
398
281
326
336
433
355
345
372
437
304
281
277
379
335
329
436
293
425
403
350
368
392
410
274
304
275
440
275
375
384
313
328
416
369
