422
447
394
364
418
330
325
370
376
454
325
381
321
409
388
434
455
328
412
323
389
339
355
318
383
346
319
358
328
330
335
334
343
316
355
353
347
317
354
347
348
359
430
335
358
391
462
358
368
418
461
329
335
365
436
441
376
356
390
415
338
356
444
333
362
337
395
330
326
376
369
436
322
353
354
452
365
366
359
381
368
388
363
371
363
351
397
353
379
317
323
315
364
334
413
320
366
387
464
348
377
322
416
460
382
341
401
316
378
408
379
434
468
364
376
324
417
351
323
333
416
338
351
437
456
322
375
370
362
362
322
328
352
429
320
329
373
337
387
429
326
340
336
395
371
327
348
384
323
364
410
436
412
398
453
368
375
494
405
363
340
427
396
319
317
354
455
364
319
417
409
414
346
404
342
471
441
345
333
344
348
376
344
335
419
396
325
352
383
336
357
373
338
349
315
370
346
388
371
403
385
429
380
479
325
357
351
345
318
340
387
325
362
374
360
478
381
321
469
321
385
423
375
416
364
325
419
339
440
330
349
390
326
347
455
320
352
410
359
429
405
388
373
322
379
417
358
390
340
363
422
316
455
366
369
403
358
438
392
410
439
359
353
371
321
442
320
395
317
450
345
475
422
376
353
325
342
320
343
316
330
445
468
458
337
325
395
428
329
332
359
387
377
412
415
468
354
431
453
321
398
385
452
345
327
425
403
342
315
413
317
413
367
318
325
442
382
401
370
355
322
411
321
394
340
323
449
357
368
390
377
364
383
323
366
412
332
326
363
323
369
395
317
438
395
402
319
345
396
348
341
329
316
343
349
348
372
410
320
323
407
445
364
343
421
417
324
350
491
397
367
340
384
327
354
359
365
419
406
382
327
408
398
344
362
445
328
327
402
339
388
382
358
396
336
320
342
366
359
332
326
378
477
445
328
326
459
352
400
318
325
364
356
369
357
315
323
390
382
369
361
374
322
340
368
318
329
415
366
392
363
434
472
359
376
335
375
420
360
467
376
407
410
322
368
462
374
338
370
318
417
389
378
432
437
377
367
330
318
468
390
325
420
319
323
343
416
412
385
365
339
387
373
349
424
317
488
438
317
367
443
404
394
361
391
354
340
379
475
351
341
437
364
332
322
328
325
438
436
414
332
380
405
409
343
472
327
343
379
452
485
391
334
333
319
342
316
317
393
332
459
410
361
338
326
392
442
349
371
466
397
322
417
452
410
328
329
376
338
415
345
328
360
358
457
436
323
401
325
323
332
317
350
398
434
346
359
399
334
324
352
336
391
341
347
385
326
409
357
413
404
330
329
416
402
330
353
454
392
354
379
331
317
379
450
375
323
448
392
356
315
374
448
382
448
369
350
388
350
349
341
419
347
331
380
494
397
341
378
364
335
384
318
447
351
335
396
491
357
418
331
449
431
405
365
352
321
340
325
449
355
372
401
484
376
422
407
409
333
422
316
376
376
338
376
350
327
319
420
322
426
326
365
317
389
317
323
354
415
420
316
414
338
389
419
345
342
342
349
349
445
354
374
322
330
415
443
346
361
395
349
354
344
357
368
450
385
439
411
464
387
328
340
358
372
435
406
382
366
317
318
319
446
317
377
352
463
383
398
345
358
341
450
322
386
413
363
369
348
387
398
409
345
365
388
398
449
419
389
484
404
379
339
321
446
357
414
356
465
357
404
347
322
327
367
344
357
360
385
350
446
445
400
355
400
381
398
418
432
354
316
381
359
318
333
320
386
316
418
407
371
355
426
378
350
386
382
412
381
361
358
335
447
318
337
330
374
451
321
334
315
392
452
358
367
335
319
420
334
381
322
325
454
329
335
366
323
361
333
376
328
343
361
468
452
355
370
350
344
442
407
372
392
460
445
397
346
332
326
358
324
358
428
400
362
374
357
346
381
373
387
414
477
403
459
439
362
473
377
345
385
408
362
347
347
367
415
336
337
334
414
380
337
385
402
364
459
334
333
426
390
403
392
371
328
325
385
342
438
339
342
466
374
336
412
347
449
332
487
350
339
372
339
416
353
331
350
411
344
452
371
334
369
394
332
346
339
481
380
415
338
354
325
395
424
332
325
331
367
449
419
357
462
347
445
354
372
367
348
439
337
374
392
485
376
338
424
389
355
342
413
329
369
325
372
362
352
409
374
334
359
349
349
428
465
347
337
357
362
474
337
390
383
328
372
335
393
349
337
421
330
450
399
458
452
334
400
423
361
329
401
349
440
336
396
433
370
326
465
386
392
426
373
381
329
324
431
325
401
368
450
421
394
411
343
341
384
459
346
420
345
334
401
387
329
342
326
430
446
384
430
352
455
383
374
335
437
391
338
428
343
340
386
400
399
385
357
396
367
327
397
401
351
329
328
364
330
366
356
324
447
371
334
406
341
443
385
437
339
386
449
328
332
351
388
357
329
485
353
342
467
451
352
338
430
336
426
357
402
395
480
362
416
362
335
348
425
339
332
467
425
394
347
331
395
352
326
380
373
415
351
350
364
363
466
341
440
333
341
343
458
345
373
341
368
347
325
406
329
382
400
394
361
477
426
337
420
395
335
410
375
352
485
341
350
349
448
477
376
425
355
382
352
397
438
366
356
325
446
372
371
369
385
357
378
399
345
388
429
411
372
418
380
363
327
350
338
373
325
384
357
429
410
329
338
347
404
341
347
390
373
411
337
463
381
340
359
410
327
355
457
417
385
333
427
453
350
470
362
460
385
326
352
399
436
464
343
354
389
376
385
386
357
325
341
394
345
336
446
366
379
365
361
415
367
443
404
369
439
459
417
336
356
344
410
341
436
363
341
475
400
333
411
358
425
335
352
417
343
384
344
367
394
337
359
457
340
382
349
383
327
370
457
380
332
395
350
341
387
355
351
350
324
363
441
335
413
485
343
325
346
455
423
376
333
334
394
370
422
387
385
389
374
384
345
387
367
412
450
336
377
324
344
347
348
377
481
374
356
330
378
351
423
412
328
338
343
387
347
368
438
440
457
380
367
372
332
355
473
420
340
341
365
410
364
398
380
364
378
407
375
335
474
354
332
404
398
372
343
349
395
364
358
340
360
412
337
402
330
381
365
450
335
429
429
476
436
351
357
429
350
384
395
443
436
448
373
354
398
428
325
433
330
385
474
378
464
388
397
341
389
397
336
412
345
396
399
325
415
385
428
347
368
379
372
413
439
454
330
453
398
428
332
344
341
381
340
369
435
326
334
362
341
365
413
355
359
409
336
397
336
399
380
386
387
393
401
359
422
419
344
326
329
388
342
434
340
332
330
355
352
472
326
352
388
481
334
358
486
462
419
418
339
457
399
492
353
344
353
437
482
333
332
469
445
460
451
407
349
447
343
395
358
446
371
410
436
339
339
356
390
360
380
395
389
369
362
387
361
375
451
341
414
330
334
363
389
402
398
345
404
348
396
336
331
408
339
373
389
412
344
328
382
349
337
470
381
424
439
367
365
335
415
428
389
387
381
387
370
363
340
397
392
372
404
346
406
439
417
412
327
366
461
491
378
354
341
433
338
414
401
422
403
415
420
356
477
386
344
338
386
331
382
385
365
433
331
326
347
354
399
398
379
329
331
344
408
360
362
404
387
328
373
404
356
354
335
400
331
329
374
369
395
363
402
369
326
459
383
420
325
327
382
356
349
345
469
333
340
390
456
363
398
452
381
376
419
400
437
426
329
405
357
397
325
372
325
469
361
369
398
339
416
452
445
386
444
343
435
384
331
366
366
383
324
355
405
342
332
362
427
397
337
420
337
436
372
370
384
413
364
447
336
382
335
435
436
335
377
364
337
344
416
368
378
347
326
390
415
446
431
352
428
383
416
390
381
439
430
414
347
341
379
354
408
429
360
447
417
362
376
450
383
348
365
355
381
426
339
350
339
325
390
364
352
400
443
384
459
328
332
362
412
332
346
356
366
393
359
345
362
402
330
467
410
447
408
475
375
363
418
382
340
393
362
376
411
435
380
357
431
429
405
378
325
388
377
351
330
339
408
400
353
362
413
357
398
439
432
329
367
334
458
413
331
443
389
381
392
441
426
367
333
349
364
395
409
365
339
330
459
398
340
348
367
346
401
366
327
366
327
334
433
435
339
485
358
332
355
328
360
341
437
350
343
428
434
422
400
434
454
329
345
405
383
459
327
345
406
353
430
405
342
381
353
404
336
325
338
427
389
440
372
399
383
335
368
453
328
438
364
376
389
469
435
373
401
411
373
377
329
351
395
374
361
351
437
382
354
332
419
358
341
390
335
354
344
415
429
324
420
351
379
416
437
361
356
341
392
353
422
381
392
392
443
461
416
397
334
332
334
390
357
424
345
403
425
375
422
367
431
403
429
326
343
360
464
347
341
417
326
384
419
445
446
353
428
400
340
374
376
400
350
438
327
394
404
377
398
335
378
343
353
437
333
399
452
361
404
330
339
373
418
378
339
455
361
326
358
355
381
342
337
355
410
350
371
350
427
369
376
394
340
384
390
397
408
432
346
332
335
380
334
411
436
353
362
400
364
466
