1
1
1
1
2
6
1
130
1
1
1
3
1
71
1
1
76
1
1
1
2
6
3
1
1
1
1
88
136
1
1
2
13
6
1
17
1
24
1
1
21
1
3
2
1
1
60
2
3
2
2
33
3
2
170
1
3
1
293
14
1
12
1
1
2
5
6
1
1
157
3
11
1
9
1
1
3
1
3
1
1
1
71
1
404
131
2
302
1
1
109
1
3
1
1
2
2
1
1
1
1
1
1
1
1
2
3
1
48
1
13
2
1
1
10
1
1
2
1
2
2
1
4
1
1
4
1
1
2
2
2
1
1
1
1
10
2
1
1
20
1
1
1
1
6
1
1
2
1
1
1
313
23
3
1
7
1
1
1
1
1
1
1
1
5
426
3
1
1
1
11
1
1
2
1
1
3
2
2
2
2
2
1
1
1
1
1
1
1
1
1
4
46
4
21
160
16
1
2
1
151
4
1
250
1
1
19
1
2
6
1
1
2
1
3
2
3
1
1
1
16
1
1
1
144
1
1
72
2
44
1
1
1
1
2
1
1
36
1
1
1
23
4
3
5
1
1
2
2
48
5
1
2
1
1
1
3
1
47
1
38
1
4
1
1
1
1
2
1
1
1
1
2
5
1
1
6
22
1
4
1
1
1
1
3
1
5
56
1
2
1
2
1
67
115
1
1
1
2
3
3
3
1
1
1
1
1
2
3
1
21
3
6
1
2
1
1
1
1
1
1
5
1
1
160
1
1
1
2
1
30
1
3
66
16
362
24
3
2
1
1
1
1
1
1
1
38
1
223
1
3
1
2
4
1
39
1
1
1
3
34
1
20
1
1
2
39
1
6
2
2
1
4
2
1
1
3
5
16
1
1
1
1
2
112
1
1
236
1
1
2
1
1
1
1
6
1
16
4
53
3
1
258
1
3
1
108
27
1
5
10
1
2
6
1
172
2
5
2
199
3
1
1
1
2
1
1
1
1
1
10
1
168
1
1
2
3
1
83
2
3
1
1
2
21
1
3
1
1
5
1
173
2
4
3
38
4
1
10
1
1
1
3
2
1
1
2
1
12
3
1
1
11
1
2
4
1
3
1
1
1
230
3
12
1
7
1
4
1
4
1
6
40
1
2
1
1
2
3
1
1
1
148
1
4
1
1
34
1
1
1
1
1
3
1
1
9
3
2
1
78
2
1
145
78
113
1
1
5
1
64
3
2
1
1
1
1
12
2
1
1
2
3
16
12
1
2
1
2
2
2
2
28
3
104
5
2
1
1
2
4
1
2
2
1
3
1
1
1
1
1
3
1
1
1
1
95
199
3
1
2
2
1
13
1
2
1
1
236
53
1
41
1
3
1
2
1
2
1
3
1
1
4
3
231
3
2
1
1
8
325
1
1
1
2
1
9
1
5
1
1
1
24
219
1
3
1
223
1
3
14
1
3
10
1
1
5
2
1
1
1
1
1
13
1
1
221
1
15
1
2
1
2
1
1
3
1
13
3
1
1
1
3
3
7
1
5
35
1
1
1
255
1
2
228
1
3
16
96
1
1
427
1
74
1
2
1
12
1
1
1
2
1
1
1
2
2
1
1
3
1
1
2
394
1
1
1
2
1
71
1
1
66
55
1
1
1
1
1
39
1
19
1
3
2
1
1
1
1
1
1
1
138
33
1
1
1
3
1
3
1
1
1
4
3
1
2
113
7
1
1
1
1
1
1
1
1
1
1
1
1
1
5
2
1
1
1
11
1
248
2
1
4
1
1
1
27
1
1
37
4
1
1
1
2
2
1
1
1
3
3
2
1
1
89
1
3
51
1
1
1
3
1
2
1
1
1
12
1
1
3
3
1
1
42
1
1
1
1
2
1
1
1
14
1
3
1
2
2
15
1
1
1
1
2
1
1
1
2
101
1
1
1
1
1
6
5
1
1
1
1
9
1
3
215
6
1
1
2
1
1
3
2
2
1
2
1
14
2
4
1
1
1
3
9
3
47
1
1
1
1
1
46
1
1
1
1
2
1
1
1
2
2
2
1
1
45
91
4
1
1
2
2
1
12
1
1
1
48
1
3
3
2
1
1
1
371
1
1
3
3
1
2
1
1
216
1
19
2
112
1
1
1
1
27
1
3
12
8
1
1
1
4
1
3
1
2
1
1
1
81
1
1
2
1
2
1
2
13
1
1
1
118
8
4
336
137
6
1
1
4
1
28
1
27
20
1
75
16
1
1
1
1
1
1
1
1
1
1
14
1
1
42
5
5
3
1
1
1
1
2
16
1
165
1
64
1
3
1
1
1
1
1
11
1
2
2
3
113
1
1
28
1
1
3
2
1
12
1
1
379
1
56
1
2
1
19
1
1
1
26
2
1
2
7
1
33
1
302
1
1
3
1
1
12
95
1
2
3
3
1
13
1
6
11
1
1
1
2
1
1
1
2
180
5
1
10
2
1
1
23
9
1
2
39
2
1
3
12
79
1
1
2
67
1
1
34
1
1
1
1
2
28
1
3
1
1
1
1
2
141
1
1
1
11
30
1
2
3
1
1
4
2
1
2
3
1
2
3
2
20
1
1
28
1
1
5
1
1
22
1
1
77
1
265
36
1
1
1
4
44
1
1
59
1
1
1
154
1
1
7
2
7
79
1
2
3
1
7
1
1
3
376
1
137
1
3
2
1
1
1
1
51
323
67
1
2
387
3
1
466
5
1
2
1
1
15
30
25
149
139
11
3
3
64
1
1
2
1
23
1
4
1
1
12
16
5
1
1
1
1
1
3
1
2
1
25
1
1
1
2
1
1
1
3
2
1
3
3
29
1
2
7
209
3
1
4
4
1
1
1
3
1
1
2
1
3
1
3
3
21
4
1
3
58
1
1
2
2
2
69
3
1
1
3
4
2
27
6
2
11
4
38
52
8
1
134
21
2
97
5
1
3
1
5
158
23
1
106
2
1
2
2
1
3
2
1
26
1
11
104
1
18
9
2
272
2
65
1
1
12
3
196
1
1
1
2
1
1
16
52
3
2
2
1
189
1
3
11
1
181
11
1
1
1
26
1
1
2
1
16
3
2
1
7
39
2
1
2
3
5
32
2
1
1
1
1
19
1
3
1
3
161
1
5
1
3
162
1
1
1
398
1
29
1
10
3
1
3
2
1
3
4
2
1
3
1
3
1
4
1
1
3
1
3
2
1
3
73
4
15
1
2
2
99
1
3
3
21
4
3
3
2
2
1
1
11
1
3
3
13
4
97
18
1
2
298
48
3
3
1
2
39
31
17
3
1
1
1
1
1
1
3
4
2
2
43
3
1
1
1
2
2
413
1
2
182
5
1
15
4
1
2
3
1
2
1
3
1
35
5
4
2
27
1
1
3
2
103
8
3
1
34
1
2
1
33
2
1
1
47
3
3
3
1
12
1
3
1
1
11
2
5
1
303
1
1
3
1
3
2
1
1
1
1
1
2
3
32
1
3
2
1
4
17
1
1
1
1
1
13
1
1
133
6
2
1
2
1
2
1
3
2
1
2
35
2
2
30
1
2
1
1
3
83
2
132
1
3
3
1
1
1
3
1
24
60
7
1
1
1
2
1
24
1
1
2
1
24
1
1
1
1
1
1
21
1
1
1
1
4
14
1
2
102
4
1
3
68
3
31
371
3
2
1
1
3
35
3
2
11
2
1
1
17
335
25
13
64
1
1
1
8
8
1
5
1
1
3
2
3
17
1
3
1
1
1
336
2
1
4
84
4
28
1
62
1
1
7
1
4
1
26
1
1
1
2
2
1
1
1
1
92
2
2
3
2
28
1
1
1
4
1
2
3
27
1
3
1
81
1
3
1
2
13
2
1
1
1
1
6
1
1
2
65
1
1
1
1
3
2
1
1
64
97
1
1
1
309
1
3
1
1
3
1
327
3
1
1
1
5
3
1
2
1
3
1
1
1
1
1
1
4
1
17
1
2
3
216
30
19
7
2
21
88
1
2
1
3
2
2
1
3
1
1
2
1
22
1
118
1
4
1
1
58
3
11
1
1
1
1
31
6
1
1
1
1
36
1
1
99
7
35
3
1
1
2
24
2
2
1
1
2
2
1
1
2
3
1
1
1
4
2
4
1
1
1
15
6
1
2
1
8
4
187
2
1
7
1
1
1
2
2
2
1
1
4
1
8
1
1
3
1
202
51
1
2
1
1
230
5
5
3
3
5
17
167
162
2
5
1
1
5
130
1
1
6
1
2
54
1
2
65
3
11
6
1
1
21
2
5
2
1
1
1
5
1
3
4
2
102
1
176
3
1
2
95
2
1
1
1
1
20
1
1
1
1
1
1
2
77
1
1
1
1
10
1
2
2
1
4
1
1
2
24
1
1
16
2
12
1
3
1
1
1
1
5
1
5
1
1
1
101
1
27
9
7
1
3
12
1
1
2
1
2
1
1
2
1
157
1
2
1
1
1
2
25
1
2
6
1
141
1
34
1
1
1
1
4
2
1
2
1
3
97
1
1
1
1
1
2
164
