364061
000000000
000000001
00000001
0000001
00000100
000001010
000001011
00000110
00000111
00001000
00001001
000010100
000010101
00001011
00001100
00001101
00001110
00001111
00010000
00010001
00010010
00010011
000101000
000101001
0001010100
0001010101
000101011
000101100
000101101
00010111
000110000
000110001
00011001
0001101
00011100
000111010
000111011
0001111
00100000
00100001
00100010
00100011
001001000
001001001
00100101
00100110
00100111
00101000
00101001
00101010
001010110
001010111
00101100
00101101
00101110
00101111
00110000
00110001
00110010
001100110
00110011100
00110011101
0011001111
00110100
001101010
0011010110
0011010111
00110110
00110111
0011100
0011101
00111100
00111101
0011111
0100000
01000010
01000011
01000100
01000101
010001100
0100011010
0100011011
01000111
01001000
010010010
010010011
0100101
01001100
01001101
01001110
01001111
01010000
010100010
010100011
01010010
01010011
01010100
01010101
0101011
010110000
010110001
0101100100
0101100101
010110011
0101101
010111000
010111001
01011101
01011110
01011111
01100000
01100001
01100010
01100011
0110010
01100110
011001110
011001111
01101000
01101001
01101010
01101011
01101100
01101101
01101110
0110111100
0110111101
011011111
01110000
01110001
01110010
0111001100
0111001101
011100111
01110100
01110101
01110110
011101110
0111011110
0111011111
01111000
01111001
0111101
01111100
01111101
0111111000
0111111001
011111101
01111111
1000000000
1000000001
100000001
100000010
100000011
1000001
1000010000
1000010001
100001001
10000101
10000110
10000111
1000100
100010100
100010101
10001011
10001100
100011010
1000110110
1000110111
10001110
10001111
10010000
10010001
100100100
100100101
10010011
1001010
1001011000
10010110010
10010110011
100101101
10010111
10011000
100110010
100110011
10011010
100110110
100110111
100111000
100111001
100111010
100111011
1001111
101000000
101000001
10100001
10100010
10100011
101001000
101001001
10100101
101001100
101001101
10100111
101010000
101010001
10101001
10101010
10101011
1010110
1010111
10110000
10110001
10110010
10110011
1011010
10110110
1011011100
1011011101
101101111
1011100
10111010
10111011
10111100
10111101
10111110
10111111
11000000
110000010
1100000110
1100000111
11000010
110000110
1100001110
1100001111
1100010
1100011000
1100011001
110001101
11000111
11001000
110010010
110010011
1100101
11001100
11001101
11001110
110011110
110011111
110100000
110100001
11010001
1101001
11010100
110101010
110101011
11010110
11010111
11011000
11011001
1101101
11011100
11011101
1101111
11100000
11100001
11100010
11100011
1110010
111001100
111001101
11100111
1110100
1110101
11101100
11101101
111011100
111011101
111011110
111011111
1111000
1111001
111101000
1111010010
11110100110
11110100111
11110101
11110110
111101110
1111011110
1111011111
11111000
11111001
111110100
111110101
11111011
11111100
11111101
11111110
11111111
