9957604959742
000000000000
000000000001
000000000010
000000000011
0000000001
00000000100
00000000101
0000000011000
0000000011001
000000001101
00000000111
00000001000
0000000100100
0000000100101
000000010011
0000000101
00000001100
00000001101
00000001110
00000001111
00000010000
00000010001
00000010010
00000010011
0000001010
0000001011
00000011000
000000110010
0000001100110
0000001100111
00000011010
000000110110
000000110111
00000011100
000000111010
0000001110110
0000001110111
0000001111
0000010000000
0000010000001
000001000001
00000100001
00000100010
00000100011
0000010010
0000010011
0000010100
000001010100
000001010101
000001010110
000001010111
0000010110
0000010111
0000011000
0000011001
00000110100
00000110101
00000110110
00000110111
0000011100
00000111010
000001110110
000001110111
00000111100
00000111101
00000111110
00000111111
0000100000
00001000010
00001000011
0000100010
000010001100
000010001101
00001000111
000010010000
000010010001
000010010010
0000100100110
0000100100111
0000100101
00001001100
000010011010
000010011011
0000100111
0000101000000
0000101000001
000010100001
00001010001
0000101001
0000101010
00001010110
00001010111
0000101100
0000101101
00001011100
00001011101
0000101111
000011000000
000011000001
00001100001
0000110001
0000110010
0000110011000
0000110011001
000011001101
000011001110
000011001111
00001101000
000011010010
0000110100110
0000110100111
00001101010
00001101011
00001101100
00001101101
00001101110
00001101111
00001110000
00001110001
0000111001
00001110100
00001110101
0000111011
00001111000
00001111001
00001111010
00001111011
00001111100
00001111101
00001111110
00001111111
00010000000
000100000010
000100000011
00010000010
00010000011
00010000100
00010000101
0001000011
00010001000
00010001001
0001000101
000100011000
0001000110010
0001000110011
00010001101
0001000111
00010010000
0001001000100
0001001000101
000100100011
0001001001
000100101000
000100101001
00010010101
00010010110
000100101110
0001001011110
0001001011111
0001001100
00010011010
000100110110
000100110111
00010011100
00010011101
0001001111
0001010000
0001010001
0001010010
00010100110
00010100111
00010101000
00010101001
00010101010
00010101011
00010101100
000101011010
000101011011
00010101110
000101011110
000101011111
0001011000
00010110010
00010110011
0001011010
0001011011
0001011100
00010111010
00010111011
0001011110
0001011111
0001100000
0001100001000
0001100001001
000110000101
00011000011
0001100010
0001100011
000110010000
000110010001
00011001001
00011001010
00011001011
00011001100
000110011010
000110011011
000110011100
000110011101
00011001111
00011010000
00011010001
00011010010
000110100110
000110100111
0001101010
00011010110
00011010111
00011011000
00011011001
0001101101
000110111000
000110111001
00011011101
000110111100
000110111101
00011011111
0001110000
0001110001
0001110010
0001110011
0001110100000
0001110100001
0001110100010
0001110100011
00011101001
000111010100
000111010101
00011101011
00011101100000
00011101100001
0001110110001
000111011001
00011101101
0001110111
00011110000
00011110001
0001111001
0001111010
000111101100
000111101101
00011110111
0001111100000
0001111100001
000111110001
000111110010
000111110011
0001111101
0001111110
00011111110
00011111111
00100000000
001000000010
001000000011
00100000010
00100000011
0010000010
0010000011
00100001000
00100001001
0010000101
00100001100
00100001101
001000011100
0010000111010
0010000111011
00100001111
0010001000
0010001001
00100010100
00100010101
0010001011
0010001100
0010001101
0010001110
0010001111
001001000000
001001000001
00100100001
00100100010
0010010001100
0010010001101
001001000111
001001001000
001001001001
0010010010100
0010010010101
001001001011
0010010011
00100101000
00100101001
00100101010
00100101011
0010010110
0010010111
0010011000
00100110010
00100110011
0010011010
00100110110
00100110111
00100111000
001001110010
001001110011
0010011101
0010011110
0010011111
0010100000
0010100001
00101000100
00101000101
0010100011
0010100100
0010100101
0010100110
0010100111
0010101000
001010100100
001010100101
00101010011
0010101010
00101010110
00101010111
0010101100
0010101101000
0010101101001
0010101101010
0010101101011
001010110110
001010110111
00101011100
00101011101
00101011110
00101011111
00101100000
001011000010
001011000011
00101100010
001011000110
001011000111
0010110010
0010110011
001011010000
001011010001
00101101001
0010110101
00101101100
00101101101
0010110111
00101110000
00101110001
0010111001
00101110100
001011101010
001011101011
0010111011
00101111000
00101111001
00101111010
00101111011
0010111110
0010111111000
0010111111001
001011111101
00101111111
00110000000
00110000001
00110000010
0011000001100
0011000001101
001100000111
0011000010
0011000011
0011000100
001100010100
001100010101
00110001011
0011000110
00110001110
001100011110
0011000111110
0011000111111
0011001000
00110010010
001100100110
001100100111
00110010100
001100101010
001100101011
0011001011
0011001100
0011001101
0011001110
0011001111
00110100000
001101000010
0011010000110
00110100001110
00110100001111
0011010001
0011010010
0011010011
00110101000
00110101001
0011010101
0011010110
0011010111
00110110000
00110110001
0011011001
00110110100
00110110101
0011011011
0011011100
00110111010
0011011101100
00110111011010
00110111011011
001101110111
0011011110
0011011111
0011100000
00111000010
00111000011
00111000100
00111000101
0011100011
00111001000
00111001001
0011100101
0011100110
0011100111
00111010000
00111010001
001110100100
001110100101
00111010011
00111010100
00111010101
0011101011
00111011000
001110110010
0011101100110
0011101100111
0011101101
001110111000
001110111001
00111011101
001110111100
001110111101
00111011111
0011110000
001111000100
001111000101
00111100011
001111001000
001111001001
001111001010
001111001011
0011110011
001111010000
001111010001
00111101001
00111101010
00111101011
0011110110
00111101110
001111011110
0011110111110
0011110111111
0011111000
00111110010
001111100110
001111100111
0011111010
0011111011
00111111000
00111111001
00111111010
0011111101100
0011111101101
001111110111
0011111110
0011111111
01000000000
01000000001
0100000001
0100000010
01000000110
01000000111
0100000100
01000001010
010000010110
0100000101110
0100000101111
0100000110
01000001110
01000001111
0100001000
01000010010
01000010011
0100001010
0100001011
0100001100
01000011010
01000011011
0100001110
01000011110
010000111110
010000111111
01000100000
0100010000100
0100010000101
010001000011
0100010001
01000100100
01000100101
01000100110
010001001110
010001001111
01000101000
01000101001
0100010101
0100010110
0100010111
0100011000
01000110010
01000110011
01000110100
01000110101
0100011011
010001110000
010001110001
01000111001
0100011101
01000111100
010001111010
010001111011
0100011111000
0100011111001
010001111101
010001111110
010001111111
01001000000
01001000001
0100100001
010010001000
010010001001
01001000101
01001000110
010010001110
010010001111
01001001000
01001001001
01001001010
01001001011
0100100110
01001001110
01001001111
01001010000
01001010001
01001010010
01001010011
0100101010
0100101011
010010110000
010010110001
01001011001
0100101101000
01001011010010
01001011010011
010010110101
010010110110
0100101101110
0100101101111
0100101110
0100101111
0100110000000
0100110000001
010011000001
01001100001
010011000100
0100110001010
0100110001011
01001100011
0100110010
01001100110
010011001110
010011001111
0100110100
0100110101
01001101100
01001101101
0100110111
010011100000
010011100001
01001110001
010011100100
010011100101
01001110011
0100111010000
0100111010001
010011101001
01001110101
0100111011
010011110000
010011110001
01001111001
010011110100
010011110101
01001111011
0100111110
0100111111
0101000000
010100000100
010100000101
01010000011
01010000100
01010000101
0101000011
0101000100000
0101000100001
010100010001
01010001001
0101000101
0101000110
01010001110
01010001111
010100100000
010100100001
01010010001
01010010010
01010010011
0101001010
0101001011
01010011000
01010011001
01010011010
01010011011
010100111000
010100111001
01010011101
0101001111
01010100000
01010100001
0101010001
0101010010
01010100110
01010100111000
01010100111001
0101010011101
0101010011110
0101010011111
01010101000
01010101001
0101010101
01010101100
010101011010
010101011011
0101010111
0101011000
01010110010
01010110011
01010110100
01010110101
0101011011
0101011100
0101011101
01010111100
01010111101
0101011111
01011000000
01011000001
01011000010
01011000011
0101100010
01011000110
01011000111
01011001000
01011001001
0101100101
0101100110
01011001110
01011001111
010110100000
010110100001
010110100010
010110100011
0101101001
0101101010
01011010110
010110101110
010110101111
0101101100
010110110100
010110110101
01011011011
0101101110
010110111100
010110111101
01011011111
0101110000
0101110001
0101110010
01011100110
01011100111
0101110100
01011101010
010111010110
010111010111
0101110110
01011101110
01011101111
0101111000
0101111001
0101111010
010111101100
010111101101
01011110111
0101111100
01011111010
010111110110
010111110111
0101111110
0101111111000
0101111111001
010111111101
01011111111
01100000000
011000000010
011000000011
0110000001
01100000100
01100000101
0110000011
01100001000
011000010010
011000010011
011000010100
011000010101
01100001011
01100001100
01100001101
01100001110
01100001111
0110001000
0110001001
011000101000
011000101001
01100010101
01100010110
01100010111
011000110000
011000110001
011000110010
0110001100110
0110001100111
01100011010
01100011011
0110001110
0110001111
01100100000
01100100001
0110010001
0110010010
01100100110
011001001110
011001001111
0110010100
01100101010
011001010110
011001010111
0110010110
01100101110
01100101111
0110011000
0110011001
0110011010
01100110110
01100110111
01100111000
0110011100100
0110011100101
0110011100110
0110011100111
0110011101
0110011110000
0110011110001
011001111001
01100111101
0110011111
01101000000
01101000001
01101000010
01101000011
0110100010
01101000110
01101000111
0110100100
011010010100
011010010101
011010010110
011010010111
011010011000
011010011001
011010011010
011010011011
0110100111
011010100000
011010100001
01101010001
011010100100
011010100101
01101010011
01101010100
011010101010
011010101011
0110101011
01101011000
01101011001
011010110100
011010110101
01101011011
0110101110
0110101111
01101100000
01101100001
0110110001000
0110110001001
011011000101
011011000110
011011000111
0110110010
01101100110
01101100111
0110110100
01101101010
01101101011
01101101100
01101101101
0110110111
0110111000
01101110010
0110111001100
0110111001101
0110111001110
0110111001111
01101110100
01101110101
011011101100
011011101101
01101110111
01101111000
01101111001
01101111010
0110111101100
01101111011010
01101111011011
0110111101110
0110111101111
01101111100
011011111010
011011111011
011011111100
011011111101
011011111110
011011111111
0111000000
01110000010
01110000011
011100001000
011100001001
01110000101
01110000110
01110000111
01110001000
01110001001
01110001010
01110001011
0111000110
0111000111
011100100000
011100100001
01110010001
0111001001
0111001010
01110010110
01110010111
0111001100
01110011010
01110011011
01110011100
01110011101
01110011110
01110011111
0111010000000
0111010000001
011101000001
01110100001
0111010001
011101001000
011101001001
011101001010
011101001011
0111010011
0111010100
01110101010
01110101011
0111010110
011101011100
011101011101
011101011110
011101011111
0111011000
0111011001
0111011010
011101101100
011101101101
011101101110
011101101111
0111011100
01110111010
01110111011
011101111000
01110111100100
011101111001010
011101111001011
0111011110011
01110111101
0111011111
01111000000
011110000010
011110000011
0111100001
01111000100
0111100010100
0111100010101
011110001011
011110001100
0111100011010
0111100011011
01111000111
0111100100
011110010100
011110010101
01111001011
0111100110
01111001110
01111001111
01111010000
01111010001
011110100100
0111101001010
0111101001011
011110100110
0111101001110
0111101001111
011110101000
011110101001
01111010101
0111101011
0111101100
0111101101
0111101110
01111011110
01111011111
0111110000
01111100010
01111100011
01111100100
01111100101
0111110011
01111101000
01111101001
0111110101
01111101100
01111101101
01111101110
011111011110
011111011111
0111111000
01111110010
011111100110
011111100111
0111111010
01111110110
01111110111
0111111100
01111111010
01111111011
01111111100
01111111101
0111111111
1000000000000
1000000000001
100000000001
100000000010
100000000011
10000000010
100000000110
100000000111
1000000010
1000000011
1000000100
1000000101
10000001100
10000001101
100000011100
100000011101
10000001111
1000001000000
1000001000001
100000100001
100000100010
1000001000110
1000001000111
10000010010
10000010011
1000001010
100000101100
1000001011010
1000001011011
10000010111
100000110000
100000110001
10000011001
10000011010
10000011011
1000001110
1000001111
10000100000
10000100001
10000100010
10000100011
10000100100
10000100101
1000010011
1000010100
10000101010
100001010110
100001010111
1000010110
1000010111000
1000010111001
10000101110100
10000101110101
1000010111011
10000101111
1000011000000
1000011000001
100001100001
100001100010
100001100011
1000011001
10000110100
100001101010
100001101011
1000011011
1000011100
10000111010
10000111011
10000111100
10000111101
1000011111
10001000000
10001000001
1000100001000
1000100001001
100010000101
10001000011
100010001000
100010001001
100010001010
100010001011
10001000110
100010001110
100010001111
1000100100
10001001010
10001001011
1000100110
1000100111
1000101000
1000101001
10001010100
100010101010
100010101011
10001010110
10001010111
1000101100
10001011010
100010110110
100010110111
10001011100
10001011101
10001011110
100010111110
100010111111
1000110000
10001100010
10001100011
10001100100
10001100101
1000110011000
1000110011001
1000110011010
1000110011011
10001100111
1000110100
1000110101
1000110110
10001101110
10001101111
1000111000
1000111001000
1000111001001
1000111001010
1000111001011
10001110011
1000111010
1000111011
1000111100000
1000111100001
100011110001
10001111001
10001111010
10001111011
1000111110
10001111110
10001111111
100100000000
100100000001
10010000001
10010000010
10010000011
1001000010
1001000011
100100010000
100100010001
100100010010
1001000100110
1001000100111
10010001010
10010001011
10010001100
10010001101
10010001110
10010001111
10010010000
1001001000100
1001001000101
100100100011
1001001001
10010010100
100100101010
100100101011
1001001011
1001001100
1001001101000
1001001101001
100100110101
100100110110
100100110111
1001001110
1001001111
10010100000
10010100001
10010100010
10010100011
1001010010
10010100110
10010100111
10010101000
10010101001
1001010101
10010101100
100101011010
100101011011
1001010111
1001011000
100101100100
1001011001010
1001011001011
10010110011
1001011010
100101101100
100101101101
100101101110
10010110111100
10010110111101
1001011011111
10010111000
1001011100100
1001011100101
100101110011
10010111010
10010111011
10010111100
10010111101
1001011111
10011000000
10011000001
100110000100
100110000101
10011000011
100110001000
100110001001
100110001010
1001100010110
1001100010111
1001100011
10011001000
100110010010
1001100100110
1001100100111
10011001010
100110010110
100110010111
1001100110
100110011100
1001100111010
1001100111011
10011001111
100110100000
100110100001
10011010001
1001101001
10011010100
10011010101
1001101011
10011011000
10011011001
10011011010
10011011011
10011011100
10011011101
1001101111
10011100000
100111000010
100111000011
1001110001
1001110010
100111001100
100111001101
100111001110
100111001111
1001110100
1001110101
10011101100
10011101101
100111011100
100111011101
10011101111
10011110000
10011110001
1001111001
100111101000
100111101001
10011110101
10011110110
10011110111
1001111100
1001111101
10011111100
10011111101
10011111110
10011111111
101000000000
101000000001
10100000001
101000000100
101000000101
10100000011
1010000010000
1010000010001
10100000100100
10100000100101
10100000100110
10100000100111
10100000101
1010000011
1010000100
10100001010
10100001011
10100001100
10100001101
10100001110
101000011110
101000011111
1010001000
10100010010
10100010011
10100010100
10100010101
1010001011
1010001100
10100011010
10100011011
1010001110
10100011110
10100011111
10100100000
101001000010
101001000011
1010010001
101001001000
1010010010010
1010010010011
101001001010
1010010010110
1010010010111
1010010011
10100101000
10100101001
10100101010
101001010110
101001010111
1010010110
10100101110
10100101111
101001100000
101001100001
10100110001
1010011001
10100110100
10100110101
1010011011
10100111000
10100111001
10100111010
101001110110
101001110111
10100111100
101001111010
101001111011
10100111110
10100111111
10101000000
10101000001
1010100001
1010100010
10101000110
10101000111
10101001000
10101001001
1010100101
1010100110
10101001110
10101001111
10101010000
10101010001
101010100100
101010100101
10101010011
1010101010
1010101011
10101011000
101010110010
101010110011
1010101101
1010101110
10101011110
10101011111
101011000000
101011000001
10101100001
1010110001
10101100100
101011001010
1010110010110
1010110010111
1010110011
10101101000
10101101001
10101101010
10101101011
10101101100
10101101101
10101101110
10101101111
10101110000
10101110001
1010111001
101011101000
101011101001
10101110101
1010111011
10101111000
10101111001
10101111010
10101111011
1010111110
1010111111
1011000000
10110000010
10110000011
101100001000
1011000010010
1011000010011
1011000010100
1011000010101
101100001011
10110000110
10110000111
1011000100
10110001010
10110001011
10110001100
10110001101
10110001110
10110001111
1011001000
10110010010
10110010011
1011001010
1011001011
1011001100
1011001101
1011001110
1011001111
10110100000
10110100001
10110100010
10110100011
1011010010
1011010011
10110101000
10110101001
1011010101
1011010110
101101011100
101101011101
10110101111
1011011000
1011011001
1011011010000
1011011010001
101101101001
101101101010
101101101011
1011011011
10110111000
101101110010
101101110011
1011011101
1011011110
1011011111
1011100000
10111000010
10111000011
10111000100
1011100010100
1011100010101
101110001011
10111000110
10111000111
1011100100
1011100101
1011100110
1011100111
101110100000
1011101000010
1011101000011
10111010001
1011101001
101110101000
101110101001
10111010101
10111010110
10111010111
101110110000
101110110001
101110110010
101110110011
1011101101
1011101110
101110111100
101110111101
10111011111
1011110000
1011110001
1011110010
10111100110
10111100111
1011110100
101111010100
101111010101
10111101011
1011110110
1011110111
101111100000
101111100001
10111110001
10111110010
10111110011
10111110100
10111110101
1011111011
10111111000
10111111001
10111111010
10111111011
1011111110
10111111110
10111111111
110000000000
110000000001
11000000001
11000000010
11000000011
11000000100
110000001010
110000001011
1100000011
1100000100000
1100000100001
1100000100010
1100000100011
11000001001
11000001010000
11000001010001
1100000101001
110000010101
11000001011
11000001100
11000001101
110000011100
110000011101
11000001111
11000010000
11000010001
1100001001
1100001010000
11000010100010
11000010100011
110000101001
110000101010
1100001010110
1100001010111
1100001011
11000011000
11000011001
1100001101
11000011100
110000111010
110000111011
11000011110
110000111110
110000111111
1100010000
110001000100
110001000101
11000100011
11000100100
11000100101
1100010011
11000101000
11000101001
11000101010
11000101011
110001011000
110001011001
110001011010
110001011011
110001011100
110001011101
11000101111
110001100000
110001100001
11000110001
11000110010
11000110011
1100011010000
1100011010001
110001101001
110001101010
110001101011
1100011011
11000111000
11000111001
1100011101
1100011110
11000111110
11000111111
11001000000
11001000001
11001000010
110010000110
110010000111
1100100010
1100100011
11001001000
110010010010
110010010011
11001001010
110010010110
110010010111
1100100110
1100100111
11001010000
11001010001
1100101001
1100101010
1100101011
1100101100
1100101101
1100101110
1100101111
11001100000
11001100001
1100110001
11001100100
11001100101
1100110011
110011010000
110011010001
11001101001
1100110101
1100110110
11001101110
11001101111
11001110000
11001110001
1100111001
11001110100
110011101010
110011101011
11001110110
11001110111
1100111100
1100111101
1100111110
1100111111
11010000000
11010000001
1101000001
110100001000
110100001001
11010000101
1101000011
11010001000
11010001001
11010001010
11010001011
1101000110
1101000111
1101001000
11010010010
11010010011
1101001010
1101001011
110100110000
110100110001
11010011001
1101001101
11010011100
1101001110100
11010011101010
11010011101011
110100111011
1101001111
11010100000
110101000010
110101000011
1101010001
11010100100
110101001010
110101001011
1101010011
11010101000
11010101001
1101010101
11010101100
11010101101
1101010111
11010110000
11010110001
11010110010
11010110011
1101011010
110101101100
110101101101
1101011011100
1101011011101
110101101111
1101011100
11010111010
11010111011
1101011110
11010111110
11010111111
11011000000
110110000010
110110000011
1101100001
11011000100
11011000101
1101100011
1101100100
11011001010
11011001011
11011001100
11011001101
11011001110
11011001111000
11011001111001
1101100111101
110110011111
11011010000
11011010001
1101101001
1101101010
1101101011
1101101100
1101101101
110110111000
110110111001
11011011101
110110111100
1101101111010
1101101111011
11011011111
11011100000
11011100001
11011100010
110111000110
110111000111
11011100100
11011100101
1101110011
11011101000
11011101001
11011101010
11011101011
110111011000
110111011001
11011101101
110111011100
110111011101
11011101111
11011110000
11011110001
1101111001
110111101000
110111101001
11011110101
11011110110
11011110111
1101111100
11011111010
11011111011
1101111110
11011111110
11011111111
1110000000
11100000010
11100000011
1110000010
1110000011
11100001000
111000010010
111000010011
1110000101
1110000110
11100001110
11100001111
111000100000
111000100001
11100010001
11100010010
111000100110
111000100111
1110001010
11100010110
11100010111
1110001100
1110001101
1110001110
11100011110
11100011111
1110010000000
1110010000001
111001000001
11100100001
111001000100
111001000101
111001000110
111001000111
1110010010
111001001100
111001001101
111001001110
111001001111
1110010100
11100101010
11100101011
11100101100
11100101101
1110010111
11100110000
11100110001
1110011001
11100110100
11100110101
1110011011
1110011100
11100111010
11100111011
11100111100
11100111101
1110011111
11101000000
111010000010
1110100000110
1110100000111
11101000010
11101000011
1110100010
1110100011
1110100100
1110100101
1110100110
1110100111
11101010000
11101010001
1110101001
1110101010
1110101011
1110101100
11101011010
111010110110
111010110111
11101011100
11101011101
1110101111
111011000000
111011000001
11101100001
1110110001
1110110010
11101100110
11101100111
11101101000
11101101001
1110110101
111011011000
111011011001
111011011010
111011011011
11101101110
11101101111
1110111000
1110111001
1110111010
111011101100
111011101101
11101110111
1110111100
1110111101
11101111100
11101111101
1110111111
1111000000
1111000001
111100001000
111100001001
1111000010100
1111000010101
111100001011
1111000011
1111000100
11110001010
111100010110
111100010111
11110001100
111100011010
111100011011
11110001110
11110001111
111100100000
111100100001
11110010001
11110010010
11110010011
111100101000
111100101001
11110010101
1111001011
1111001100
11110011010
1111001101100
1111001101101
111100110111
1111001110
111100111100
111100111101
11110011111
111101000000
111101000001
111101000010
111101000011
1111010001
11110100100
11110100101
1111010011
11110101000
11110101001
11110101010
111101010110
111101010111
11110101100
11110101101
1111010111
11110110000
11110110001
1111011001
1111011010
11110110110
11110110111
11110111000
111101110010
111101110011
1111011101
11110111100
11110111101
1111011111
11111000000
11111000001
111110000100
111110000101
1111100001100
1111100001101
111110000111
11111000100
11111000101
11111000110
11111000111
11111001000
11111001001
1111100101
111110011000
111110011001
111110011010
111110011011
11111001110
11111001111
11111010000
11111010001
1111101001
111110101000
111110101001
11111010101
1111101011
11111011000
11111011001
1111101101
11111011100
11111011101
11111011110
11111011111
11111100000
11111100001
11111100010
1111110001100
11111100011010
11111100011011
111111000111
11111100100
11111100101
1111110011
11111101000
11111101001
1111110101
1111110110
11111101110
111111011110
1111110111110
1111110111111
1111111000
1111111001
11111110100
11111110101
1111111011
1111111100
11111111010
11111111011
1111111110
111111111100
111111111101
11111111111
