10120361091719
00000000000
00000000001
0000000001
00000000100
00000000101
0000000011
00000001000
000000010010
0000000100110
0000000100111
00000001010
00000001011
0000000110
00000001110
00000001111
00000010000
00000010001
0000001001
000000101000
0000001010010
0000001010011
00000010101
0000001011
0000001100
000000110100
000000110101
00000011011
00000011100
00000011101
0000001111
0000010000
0000010001
00000100100
00000100101
0000010011000
0000010011001
000001001101
00000100111
000001010000
000001010001
00000101001
0000010101
00000101100
00000101101
0000010111
0000011000
00000110010
000001100110
000001100111
0000011010
000001101100
000001101101
00000110111
0000011100
000001110100
000001110101
00000111011
0000011110
000001111100
000001111101
00000111111
0000100000
00001000010
00001000011
000010001000
000010001001
00001000101
00001000110
00001000111
0000100100
000010010100
000010010101
00001001011
0000100110
00001001110
00001001111
000010100000
000010100001
00001010001
000010100100
000010100101
00001010011
0000101010
00001010110
000010101110
000010101111
00001011000
00001011001
00001011010
000010110110
000010110111
0000101110
0000101111
00001100000
00001100001
0000110001
00001100100
00001100101
0000110011
0000110100000
0000110100001
0000110100010
0000110100011
000011010010
0000110100110
0000110100111
0000110101
000011011000
000011011001
00001101101
00001101110
00001101111
0000111000
0000111001
000011101000
000011101001
00001110101
0000111011
00001111000
00001111001
0000111101
0000111110
000011111100
000011111101
00001111111
00010000000
00010000001
0001000001
0001000010
000100001100
000100001101
00010000111
0001000100000
00010001000010
00010001000011
000100010001
00010001001
0001000101
0001000110
0001000111
000100100000
000100100001
0001001000100
0001001000101
0001001000110
0001001000111
00010010010
00010010011
0001001010
0001001011
0001001100
00010011010
00010011011
0001001110
0001001111
00010100000
000101000010
000101000011
000101000100
0001010001010
0001010001011
00010100011
00010100100
000101001010
000101001011
00010100110
00010100111
00010101000
00010101001
0001010101
00010101100
000101011010
0001010110110
0001010110111
00010101110
000101011110
000101011111
0001011000
00010110010
000101100110
000101100111
00010110100
00010110101
0001011011
000101110000
000101110001
000101110010
000101110011
00010111010
00010111011
00010111100
00010111101
0001011111
0001100000
00011000010
000110000110
000110000111
0001100010
0001100011
00011001000
000110010010
0001100100110
0001100100111
00011001010
00011001011
00011001100
00011001101
00011001110
000110011110
000110011111
0001101000
00011010010
00011010011
000110101000
000110101001
00011010101
00011010110
00011010111
00011011000
00011011001
0001101101
000110111000
000110111001
00011011101
0001101111
0001110000
0001110001
0001110010
00011100110
00011100111
00011101000
00011101001
00011101010
000111010110
000111010111
0001110110
0001110111
00011110000
000111100010
000111100011
0001111001
000111101000
000111101001
000111101010
000111101011
0001111011
0001111100
0001111101
0001111110000
0001111110001
000111111001
00011111101
0001111111000
0001111111001
000111111101
00011111111
0010000000
001000000100
001000000101
001000000110
001000000111
00100000100
00100000101
0010000011
001000010000
001000010001
00100001001
00100001010
00100001011
0010000110
0010000111
0010001000
00100010010
00100010011
00100010100
00100010101
0010001011
0010001100
0010001101
0010001110
0010001111
0010010000
0010010001
0010010010
0010010011
0010010100
00100101010
001001010110
001001010111
0010010110
001001011100
001001011101
00100101111
001001100000
001001100001
00100110001
00100110010
00100110011
001001101000
001001101001
00100110101
00100110110
001001101110
001001101111
0010011100
0010011101
0010011110
0010011111
00101000000
00101000001
0010100001
001010001000
001010001001
00101000101
00101000110
001010001110
0010100011110
0010100011111
0010100100
00101001010
00101001011
0010100110
001010011100
001010011101
00101001111
00101010000
001010100010
001010100011
0010101001
0010101010
001010101100
001010101101
001010101110
001010101111
0010101100
00101011010
00101011011
0010101110
00101011110
00101011111
00101100000
001011000010
001011000011
00101100010
00101100011
0010110010
001011001100
001011001101
00101100111
0010110100
00101101010
00101101011
00101101100
00101101101
00101101110
00101101111
0010111000
00101110010
00101110011
00101110100
00101110101
00101110110
00101110111
0010111100
0010111101
00101111100
00101111101
0010111111
001100000000
001100000001
001100000010
001100000011
00110000010
001100000110
001100000111
00110000100
001100001010
001100001011
0011000011
00110001000000
00110001000001
0011000100001
001100010001
00110001001
0011000101
001100011000
001100011001
00110001101
00110001110
00110001111
0011001000
0011001001
0011001010
00110010110
00110010111
00110011000
00110011001
0011001101
00110011100
00110011101
001100111100
001100111101
00110011111
00110100000
00110100001
00110100010
001101000110
001101000111
0011010010
001101001100
001101001101
00110100111
00110101000
00110101001
00110101010
00110101011
0011010110000
0011010110001
001101011001
00110101101
00110101110
001101011110
001101011111
00110110000
00110110001
0011011001
0011011010000
0011011010001
001101101001
00110110101
0011011011
0011011100
001101110100
001101110101
00110111011
0011011110
0011011111
0011100000
0011100001
0011100010
00111000110
001110001110
0011100011110
0011100011111
0011100100
0011100101
0011100110
0011100111
0011101000
0011101001
00111010100
00111010101
00111010110
00111010111
001110110000
001110110001
001110110010
001110110011
00111011010
0011101101100
0011101101101
001110110111
0011101110
00111011110
00111011111
00111100000
0011110000100
0011110000101
001111000011
0011110001
00111100100
001111001010
001111001011
0011110011
0011110100
0011110101
00111101100
00111101101
00111101110
00111101111
00111110000
00111110001
00111110010
001111100110
001111100111
0011111010
00111110110
00111110111
0011111100
0011111101
0011111110
0011111111
0100000000000
0100000000001
010000000001
01000000001
01000000010
010000000110
010000000111
0100000010
01000000110
01000000111
010000010000
010000010001
01000001001
0100000101
0100000110
0100000111000
0100000111001
010000011101
01000001111
01000010000
01000010001
01000010010
01000010011
01000010100
010000101010
010000101011
0100001011000
0100001011001
010000101101
01000010111
0100001100
01000011010
01000011011
01000011100
01000011101
01000011110
010000111110
010000111111
01000100000
01000100001
0100010001
010001001000
010001001001
010001001010
010001001011
0100010011
01000101000
01000101001
0100010101
01000101100
01000101101
01000101110
01000101111
01000110000
01000110001
0100011001
0100011010
01000110110
01000110111
0100011100
0100011101
01000111100
01000111101
01000111110
01000111111
0100100000
01001000010
01001000011
0100100010
010010001100
010010001101
01001000111
01001001000
01001001001
0100100101
01001001100
010010011010
010010011011
0100100111
010010100000
010010100001
01001010001
01001010010
01001010011
0100101010
0100101011
01001011000
010010110010
010010110011
0100101101
01001011100
010010111010
010010111011
01001011110
01001011111
01001100000
01001100001
01001100010
010011000110
010011000111
0100110010
01001100110
01001100111
01001101000
01001101001
010011010100
010011010101
01001101011
0100110110
01001101110
010011011110
0100110111110
0100110111111
0100111000
01001110010
010011100110
010011100111
0100111010
01001110110
01001110111
0100111100
0100111101
01001111100
01001111101
0100111111
01010000000
01010000001
01010000010
01010000011
0101000010
0101000011
0101000100
0101000101000
0101000101001
010100010101
01010001011
01010001100
01010001101
0101000111
010100100000
010100100001
01010010001
0101001001
0101001010
01010010110
01010010111
0101001100
0101001101000
0101001101001
010100110101
01010011011
01010011100
01010011101
0101001111
01010100000
01010100001
0101010001
0101010010
01010100110
01010100111
01010101000
01010101001
0101010101
01010101100
01010101101
0101010111
01010110000
01010110001
0101011001
0101011010
01010110110
01010110111
0101011100
0101011101
01010111100
01010111101
0101011111000
0101011111001
010101111101
010101111110
010101111111
0101100000
010110000100
010110000101
01011000011
0101100010
0101100011
01011001000
010110010010
010110010011
0101100101
0101100110000
0101100110001
010110011001
01011001101
010110011100
010110011101
01011001111
0101101000
010110100100
010110100101
01011010011
01011010100
010110101010
010110101011
0101101011
01011011000
01011011001
0101101101
0101101110
010110111100
010110111101
01011011111
01011100000
010111000010
0101110000110
0101110000111
0101110001
01011100100
01011100101
0101110011
01011101000
01011101001
0101110101
01011101100
010111011010
010111011011
0101110111
0101111000
0101111001
0101111010
0101111011
01011111000
01011111001
0101111101
010111111000
010111111001
010111111010
0101111110110
0101111110111
0101111111
0110000000
0110000001000
0110000001001
0110000001010
0110000001011
011000000110
0110000001110
0110000001111
01100000100
01100000101
0110000011
01100001000
011000010010
011000010011
011000010100
011000010101
011000010110
011000010111
01100001100
01100001101
0110000111
01100010000
01100010001
011000100100
011000100101
01100010011
01100010100
01100010101
0110001011
0110001100
0110001101
01100011100
01100011101
011000111100
011000111101
01100011111
01100100000
01100100001
01100100010
0110010001100
0110010001101
011001000111
0110010010
011001001100
011001001101
0110010011100
0110010011101
011001001111
0110010100
01100101010
01100101011
0110010110
0110010111000
0110010111001
0110010111010
0110010111011
01100101111
01100110000
01100110001
01100110010
011001100110
011001100111
0110011010
0110011011
01100111000
011001110010
011001110011
0110011101
0110011110
0110011111
0110100000
0110100001000
0110100001001
011010000101
01101000011
0110100010
011010001100
011010001101
01101000111
01101001000
01101001001
01101001010
011010010110
011010010111
0110100110
01101001110
01101001111
01101010000
011010100010
011010100011
0110101001
0110101010
01101010110
01101010111
01101011000
01101011001
0110101101
01101011100
01101011101
01101011110
01101011111
011011000000
011011000001
01101100001
01101100010
011011000110
011011000111
0110110010
01101100110
011011001110
011011001111
0110110100
011011010100
011011010101
01101101011
011011011000
0110110110010
0110110110011
01101101101
0110110111
011011100000
011011100001
011011100010
011011100011
0110111001
0110111010
0110111011
01101111000
01101111001
0110111101
0110111110
01101111110
01101111111
0111000000
01110000010
01110000011
011100001000
011100001001
011100001010
011100001011
0111000011
01110001000
011100010010
011100010011
01110001010
011100010110
011100010111
0111000110
01110001110
01110001111
01110010000
01110010001
0111001001
0111001010
01110010110
01110010111
01110011000
01110011001
0111001101
0111001110
011100111100
011100111101
01110011111
011101000000
011101000001
01110100001
01110100010
01110100011
0111010010
011101001100
011101001101
01110100111
0111010100
01110101010
01110101011
0111010110
0111010111
0111011000
01110110010
011101100110
011101100111
0111011010
01110110110
011101101110
0111011011110
0111011011111
0111011100
0111011101
011101111000
011101111001
01110111101
01110111110
01110111111
011110000000
011110000001
01111000001
0111100001
01111000100
01111000101
01111000110
01111000111
0111100100
0111100101000
0111100101001
011110010101
01111001011
0111100110
01111001110
01111001111
0111101000
0111101001
0111101010
01111010110
01111010111
01111011000
0111101100100
0111101100101
011110110011
0111101101
0111101110
01111011110
01111011111
0111110000
011111000100
011111000101
01111100011
01111100100
011111001010
011111001011
01111100110
01111100111
01111101000
011111010010
011111010011
0111110101
0111110110000
0111110110001
0111110110010
0111110110011
011111011010
011111011011
0111110111
0111111000
0111111001
01111110100
01111110101
01111110110
01111110111
0111111100
01111111010
011111110110
0111111101110
0111111101111
0111111110
01111111110
011111111110
011111111111
1000000000
10000000010
10000000011
1000000010000
10000000100010
10000000100011
100000001001
10000000101
10000000110
10000000111
10000001000
100000010010
100000010011
1000000101
100000011000
100000011001
10000001101
1000000111
100000100000
100000100001
10000010001
1000001001
1000001010
1000001011
10000011000
10000011001
1000001101
10000011100
10000011101
100000111100
100000111101
10000011111
1000010000
10000100010
10000100011
1000010010
10000100110
10000100111
10000101000
10000101001
1000010101
1000010110
100001011100
100001011101
10000101111
10000110000
10000110001
10000110010
100001100110
100001100111
10000110100
10000110101
1000011011
10000111000
10000111001
10000111010
100001110110
100001110111
1000011110
1000011111
100010000000
100010000001
10001000001
1000100001
10001000100
10001000101
1000100011
10001001000
100010010010
100010010011
10001001010
10001001011
1000100110
100010011100
100010011101
10001001111
10001010000
1000101000100
1000101000101
100010100011
10001010010
10001010011
10001010100
10001010101
1000101011
1000101100
10001011010
10001011011
10001011100
100010111010
100010111011
1000101111
10001100000
10001100001
1000110001
10001100100
10001100101
10001100110
10001100111
1000110100
10001101010
10001101011
10001101100
100011011010
100011011011
10001101110
100011011110
100011011111
1000111000
10001110010
10001110011
1000111010
10001110110
100011101110
1000111011110
10001110111110
10001110111111
1000111100
10001111010
10001111011
1000111110
10001111110
10001111111
100100000000
100100000001
100100000010
100100000011
1001000001
1001000010
1001000011
10010001000
10010001001
10010001010
10010001011
1001000110
10010001110
10010001111
1001001000
1001001001
1001001010
10010010110
10010010111
10010011000
100100110010
100100110011
1001001101
1001001110
10010011110
10010011111
1001010000
1001010001
1001010010000
1001010010001
100101001001
100101001010
100101001011
1001010011
1001010100
100101010100
100101010101
10010101011
10010101100
10010101101
1001010111
100101100000
100101100001
10010110001
1001011001
1001011010
10010110110
10010110111
10010111000
10010111001
100101110100
100101110101
10010111011
10010111100
10010111101
1001011111
100110000000
100110000001
10011000001
10011000010
10011000011
10011000100
10011000101
1001100011
1001100100
10011001010
10011001011
10011001100
10011001101
10011001110
10011001111
10011010000
10011010001
1001101001
1001101010
100110101100
1001101011010
1001101011011
10011010111
1001101100
10011011010
10011011011
100110111000
100110111001
100110111010
100110111011
1001101111
10011100000
10011100001
1001110001
1001110010
1001110011
1001110100
10011101010
10011101011
10011101100
10011101101
10011101110
100111011110
100111011111
10011110000
100111100010
100111100011
1001111001
1001111010
1001111011000
10011110110010
10011110110011
100111101101
10011110111
1001111100
10011111010
10011111011
1001111110
10011111110
10011111111
1010000000
10100000010
10100000011
10100000100
10100000101
1010000011
1010000100
1010000101
101000011000
101000011001
10100001101
1010000111
1010001000
1010001001
10100010100
10100010101
1010001011
101000110000
101000110001
10100011001
10100011010
10100011011
10100011100
10100011101
1010001111
1010010000
1010010001
101001001000
101001001001
101001001010
1010010010110
1010010010111
10100100110
101001001110
101001001111
1010010100
10100101010
10100101011
10100101100
101001011010
101001011011
1010010111
1010011000
1010011001
1010011010
101001101100
101001101101
10100110111
101001110000
101001110001
101001110010
101001110011
1010011101
10100111100
10100111101
10100111110
101001111110
101001111111
1010100000
10101000010
10101000011
1010100010
101010001100
101010001101
1010100011100
1010100011101
1010100011110
1010100011111
1010100100
10101001010
10101001011
1010100110
10101001110
10101001111
10101010000
10101010001
1010101001
1010101010
1010101011
1010101100
10101011010
101010110110
101010110111
1010101110
101010111100
101010111101
10101011111
1010110000
10101100010
1010110001100
1010110001101
101011000111
1010110010
10101100110
10101100111
1010110100
10101101010
10101101011
1010110110
101011011100
101011011101
10101101111
1010111000
10101110010
10101110011
10101110100
101011101010
1010111010110
1010111010111
1010111011
1010111100000
1010111100001
101011110001
1010111100100
1010111100101
101011110011
10101111010
10101111011
101011111000
101011111001
10101111101
101011111100
101011111101
10101111111
10110000000
101100000010
101100000011
10110000010
10110000011
1011000010
10110000110
10110000111
10110001000
10110001001
10110001010
10110001011
10110001100
101100011010
101100011011
1011000111
101100100000
101100100001
1011001000100
1011001000101
101100100011
1011001001
10110010100
10110010101
10110010110
10110010111
10110011000
10110011001
1011001101
10110011100
101100111010
101100111011
1011001111
1011010000
10110100010
10110100011
10110100100
10110100101
10110100110
10110100111
10110101000
10110101001
10110101010
101101010110
101101010111
1011010110
101101011100
1011010111010
10110101110110
10110101110111
101101011110
1011010111110
1011010111111
1011011000
101101100100
101101100101
10110110011
1011011010
101101101100
101101101101
10110110111
10110111000
101101110010
101101110011
10110111010
10110111011
1011011110
1011011111
1011100000
101110000100
1011100001010
1011100001011
10111000011
10111000100
10111000101
1011100011
10111001000
10111001001
1011100101
10111001100
101110011010
101110011011
10111001110
10111001111
1011101000
1011101001
10111010100
101110101010
101110101011
10111010110
10111010111
1011101100
10111011010
101110110110
101110110111
1011101110
1011101111
1011110000
10111100010
101111000110
101111000111
1011110010
10111100110
10111100111
1011110100000
1011110100001
1011110100010
1011110100011
10111101001
1011110101
10111101100
10111101101
1011110111
101111100000
101111100001
10111110001
10111110010
10111110011
1011111010
1011111011
1011111100
10111111010
10111111011
10111111100
10111111101
1011111111
1100000000
110000000100
110000000101
11000000011
11000000100
11000000101
1100000011
110000010000
110000010001
11000001001
11000001010
11000001011
110000011000
110000011001
11000001101
11000001110
11000001111
11000010000
11000010001
11000010010
110000100110
110000100111
1100001010
11000010110
11000010111
1100001100
110000110100
1100001101010
1100001101011
11000011011
1100001110
1100001111
11000100000
110001000010
1100010000110
1100010000111
1100010001
110001001000
110001001001
11000100101
110001001100
110001001101
11000100111
1100010100
1100010101
110001011000
110001011001
11000101101
1100010111
11000110000
11000110001
1100011001
11000110100
11000110101
11000110110
11000110111
1100011100
1100011101
11000111100
11000111101
1100011111
11001000000
11001000001
11001000010
11001000011
11001000100
11001000101
11001000110
11001000111
11001001000
110010010010
110010010011
1100100101
1100100110
11001001110
110010011110
110010011111
1100101000
11001010010
11001010011
110010101000
110010101001
11001010101
11001010110
11001010111
1100101100
1100101101
110010111000
110010111001
11001011101
11001011110
11001011111
110011000000
110011000001
11001100001
1100110001
110011001000
11001100100100
11001100100101
1100110010011
11001100101
110011001100
110011001101
11001100111
1100110100
1100110101
11001101100
11001101101
110011011100
1100110111010
1100110111011
11001101111
110011100000
110011100001
110011100010
110011100011
110011100100
110011100101
11001110011
11001110100
110011101010
110011101011
1100111011
1100111100
1100111101
11001111100
110011111010
110011111011
11001111110
110011111110
110011111111
1101000000
11010000010
11010000011
110100001000
110100001001
110100001010
110100001011
1101000011
11010001000
110100010010
110100010011
1101000101
11010001100
110100011010
110100011011
11010001110
11010001111
1101001000000
1101001000001
110100100001
110100100010
1101001000110
1101001000111
1101001001
1101001010
11010010110
110100101110
110100101111
1101001100
11010011010
11010011011
11010011100
110100111010
110100111011
1101001111
11010100000
11010100001
1101010001
11010100100
110101001010
110101001011
11010100110
110101001110
110101001111
11010101000
11010101001
11010101010
110101010110
110101010111
1101010110
11010101110
11010101111
1101011000
110101100100
110101100101
11010110011
1101011010
1101011011
110101110000
110101110001
110101110010
1101011100110
1101011100111
11010111010
11010111011
1101011110
110101111100
110101111101
11010111111
1101100000
11011000010
110110000110
110110000111
1101100010
1101100011
1101100100
110110010100
1101100101010
1101100101011
110110010110
110110010111
11011001100
11011001101
1101100111
1101101000
11011010010
11011010011
11011010100
11011010101
11011010110
110110101110
110110101111
1101101100
1101101101
1101101110
1101101111
110111000000
1101110000010
1101110000011
11011100001
1101110001
11011100100
11011100101
1101110011
1101110100
11011101010
11011101011
11011101100
11011101101
1101110111
11011110000
11011110001
110111100100
1101111001010
11011110010110
11011110010111
11011110011
11011110100
11011110101
1101111011
1101111100
110111110100
110111110101
110111110110
110111110111
1101111110
11011111110
11011111111
1110000000
1110000001
111000001000
111000001001
11100000101
1110000011000
1110000011001
111000001101
11100000111
1110000100
1110000101
1110000110
11100001110
111000011110
111000011111
1110001000
111000100100
111000100101
11100010011
1110001010
1110001011
11100011000
11100011001
1110001101
11100011100
111000111010
111000111011
11100011110
11100011111
1110010000
11100100010000
11100100010001
1110010001001
111001000101
11100100011
11100100100
11100100101
1110010011
11100101000
11100101001
1110010101
1110010110000
1110010110001
111001011001
111001011010
1110010110110
1110010110111
11100101110
11100101111
11100110000
111001100010
111001100011
1110011001
1110011010
11100110110
111001101110
111001101111
1110011100
1110011101
11100111100
11100111101
1110011111
11101000000
11101000001
1110100001
111010001000
111010001001
11101000101
1110100011
1110100100
1110100101
11101001100
111010011010
111010011011
1110100111
1110101000
11101010010
11101010011
11101010100
11101010101
11101010110
11101010111
11101011000
11101011001
11101011010
111010110110
111010110111
1110101110
1110101111
1110110000000
1110110000001
111011000001
11101100001
11101100010
11101100011
111011001000
111011001001
11101100101
11101100110
11101100111
1110110100
1110110101
11101101100
11101101101
11101101110
111011011110
111011011111
1110111000
1110111001
11101110100
11101110101
1110111011
11101111000
11101111001
1110111101
1110111110
11101111110
11101111111
11110000000
11110000001
1111000001
111100001000
111100001001
111100001010
111100001011
1111000011
11110001000
111100010010
111100010011
11110001010
111100010110
1111000101110
1111000101111
1111000110
11110001110
11110001111
1111001000
1111001001
11110010100
11110010101
11110010110
11110010111
11110011000
11110011001
111100110100
111100110101
11110011011
1111001110
111100111100
1111001111010
1111001111011
111100111110
111100111111
1111010000
1111010001
111101001000
111101001001
11110100101
11110100110
11110100111
11110101000
11110101001
1111010101
11110101100
11110101101
111101011100
11110101110100
11110101110101
1111010111011
11110101111
11110110000
111101100010
111101100011
1111011001
111101101000
111101101001
111101101010
111101101011
11110110110
11110110111
11110111000
11110111001
11110111010
111101110110
111101110111
11110111100
11110111101
11110111110
11110111111
1111100000
111110000100
111110000101
11111000011
11111000100
11111000101
11111000110
111110001110
111110001111
1111100100
1111100101
1111100110000
1111100110001
111110011001
1111100110100
1111100110101
111110011011
111110011100
111110011101
11111001111
1111101000
11111010010
11111010011
11111010100
11111010101
1111101011
1111101100
11111011010
111110110110
111110110111
1111101110
111110111100
111110111101
11111011111
11111100000
1111110000100
1111110000101
111111000011
1111110001
11111100100
11111100101
1111110011
111111010000
1111110100010
1111110100011
11111101001
111111010100
111111010101
111111010110
111111010111
1111110110
1111110111
1111111000
11111110010
11111110011
11111110100
11111110101
1111111011
11111111000
111111110010
111111110011
1111111101
1111111110
111111111100
111111111101
1111111111100
1111111111101
111111111111
