10082425449115
00000000000
00000000001
000000000100000
000000000100001
00000000010001
0000000001001
000000000101
00000000011
000000001000
000000001001
00000000101
00000000110
000000001110
0000000011110
0000000011111
00000001000
00000001001
0000000101
000000011000
000000011001
00000001101
00000001110
00000001111
00000010000
000000100010
000000100011
0000001001
000000101000
000000101001
000000101010
000000101011
0000001011
0000001100
00000011010
00000011011
0000001110
00000011110
00000011111
00000100000
000001000010
000001000011
0000010001
00000100100
00000100101
0000010011
0000010100
000001010100
000001010101
00000101011
0000010110
00000101110
00000101111
00000110000
00000110001
0000011001
0000011010
0000011011
00000111000
00000111001
00000111010
00000111011
0000011110
00000111110
00000111111
00001000000
00001000001
0000100001
0000100010
0000100011
000010010000
0000100100010
0000100100011
00001001001
00001001010
00001001011
0000100110
000010011100
0000100111010
0000100111011
00001001111
000010100000
000010100001
0000101000100
0000101000101
000010100011
0000101001
00001010100
00001010101
00001010110
00001010111
0000101100
00001011010
000010110110
000010110111
0000101110
0000101111
0000110000
0000110001
00001100100
00001100101
000011001100
000011001101
00001100111
0000110100
0000110101
0000110110
00001101110
000011011110
000011011111
0000111000
00001110010
000011100110
000011100111
0000111010
000011101100
000011101101
000011101110
000011101111
0000111100
0000111101
0000111110
00001111110
00001111111
0001000000
0001000001
00010000100
00010000101
00010000110
00010000111
00010001000
00010001001
0001000101
00010001100
00010001101
0001000111
00010010000
00010010001
000100100100
000100100101
00010010011
000100101000
000100101001
000100101010
000100101011
0001001011
0001001100
0001001101000
0001001101001
000100110101
00010011011
0001001110
0001001111
0001010000
000101000100
000101000101
00010100011
00010100100
00010100101
000101001100
000101001101
00010100111
00010101000
00010101001
00010101010
00010101011
0001010110
00010101110
000101011110
000101011111
0001011000
0001011001
0001011010000
0001011010001
000101101001
00010110101
00010110110
000101101110
000101101111
00010111000
00010111001
00010111010
00010111011
0001011110
00010111110
00010111111
000110000000
000110000001
00011000001
0001100001
00011000100
00011000101
000110001100
000110001101
00011000111
0001100100
0001100101
00011001100
00011001101
0001100111
00011010000
00011010001
0001101001
00011010100
00011010101
0001101011
00011011000
000110110010
000110110011
0001101101
0001101110
00011011110
000110111110
0001101111110
0001101111111
0001110000
00011100010
000111000110
000111000111
0001110010
00011100110
00011100111
00011101000
00011101001
0001110101
0001110110000
0001110110001
000111011001
00011101101
00011101110
00011101111
0001111000
00011110010
00011110011
00011110100
00011110101
00011110110
00011110111
00011111000
00011111001
000111110100
000111110101
00011111011
00011111100
00011111101
0001111111
00100000000
00100000001
001000000100
001000000101
00100000011
001000001000
0010000010010
0010000010011
00100000101
0010000011
00100001000
00100001001
00100001010
00100001011
00100001100
00100001101
00100001110
00100001111
0010001000
0010001001
001000101000
001000101001
00100010101
0010001011
0010001100
0010001101
0010001110
001000111100
00100011110100
00100011110101
0010001111011
00100011111
00100100000
00100100001
00100100010
001001000110
001001000111
0010010010
00100100110
00100100111
00100101000
00100101001
00100101010
00100101011
00100101100
00100101101
001001011100
001001011101
00100101111
0010011000
001001100100
0010011001010
0010011001011
00100110011
0010011010
0010011011
001001110000
0010011100010
0010011100011
001001110010
0010011100110
0010011100111
0010011101
00100111100
001001111010
001001111011
0010011111
001010000000
0010100000010
00101000000110
00101000000111
00101000001
00101000010
001010000110
001010000111
0010100010
0010100011
001010010000
001010010001
00101001001
00101001010
00101001011
0010100110
0010100111000
0010100111001
001010011101
0010100111100
0010100111101
0010100111110
0010100111111
00101010000
00101010001
0010101001
001010101000
0010101010010
0010101010011
00101010101
001010101100
001010101101
00101010111
001010110000
0010101100010
0010101100011
00101011001
00101011010
001010110110
0010101101110
0010101101111
00101011100
00101011101
0010101111
0010110000
00101100010
00101100011
0010110010
0010110011
0010110100
0010110101
0010110110
00101101110
00101101111
00101110000
00101110001
00101110010
00101110011
00101110100
00101110101
0010111011
0010111100
0010111101
001011111000
001011111001
001011111010
001011111011
0010111111
00110000000
001100000010
001100000011
00110000010
0011000001100
0011000001101
001100000111
0011000010
0011000011
0011000100
00110001010
00110001011
00110001100
00110001101
0011000111
00110010000
0011001000100
0011001000101
001100100011
00110010010
00110010011
00110010100
0011001010100
0011001010101
001100101011
0011001011
00110011000
00110011001
0011001101
00110011100
00110011101
001100111100
001100111101
00110011111
0011010000
001101000100
001101000101
00110100011
0011010010
001101001100
001101001101
00110100111
00110101000
0011010100100
0011010100101
001101010011
00110101010
001101010110
001101010111
0011010110
00110101110
00110101111
00110110000
00110110001
0011011001
00110110100
00110110101
0011011011
00110111000
00110111001
001101110100
001101110101
00110111011
00110111100
00110111101
00110111110
00110111111
0011100000
001110000100
001110000101
0011100001100
00111000011010
00111000011011
0011100001110
0011100001111
0011100010
00111000110
00111000111
001110010000
001110010001
00111001001
00111001010
00111001011
0011100110
0011100111
0011101000
0011101001
00111010100
00111010101
00111010110
00111010111
001110110000
001110110001
001110110010
001110110011
00111011010
00111011011
0011101110
00111011110
00111011111
001111000000
001111000001
00111100001
00111100010
00111100011
0011110010
0011110011
0011110100
00111101010
00111101011
00111101100
00111101101
00111101110
00111101111
0011111000
001111100100
001111100101
00111110011
001111101000
001111101001
00111110101
0011111011
001111110000
001111110001
0011111100100
0011111100101
001111110011
0011111101
0011111110
00111111110
00111111111
0100000000
01000000010
01000000011
0100000010
01000000110
01000000111
0100000100
0100000101000
0100000101001
010000010101
01000001011
0100000110
01000001110
010000011110
010000011111
01000010000
01000010001
0100001001
01000010100
010000101010
010000101011
01000010110
01000010111
0100001100
01000011010
01000011011
0100001110
01000011110
010000111110
010000111111
01000100000
010001000010
010001000011
01000100010
0100010001100
0100010001101
010001000111
01000100100
010001001010
0100010010110
0100010010111
01000100110
010001001110
010001001111
01000101000
01000101001
0100010101
01000101100
010001011010
010001011011
01000101110
01000101111
0100011000
0100011001
0100011010
01000110110
01000110111
0100011100
01000111010
01000111011
0100011110
01000111110
01000111111
0100100000
0100100001
0100100010
0100100011
01001001000
01001001001
0100100101
010010011000
010010011001
010010011010
010010011011
01001001110
01001001111
01001010000
010010100010
010010100011
0100101001
0100101010
0100101011
0100101100
01001011010
01001011011
01001011100
0100101110100
0100101110101
010010111011
01001011110
010010111110
010010111111
01001100000
01001100001
0100110001
01001100100
01001100101
01001100110
01001100111
0100110100
01001101010
010011010110
010011010111
0100110110
01001101110
01001101111
01001110000
01001110001
0100111001
0100111010
0100111011
01001111000
01001111001
0100111101
010011111000
010011111001
010011111010
010011111011
0100111111
0101000000
01010000010
01010000011
0101000010
010100001100
010100001101
01010000111
01010001000
01010001001
01010001010
01010001011
01010001100
01010001101
0101000111
01010010000
01010010001
01010010010
01010010011
0101001010
0101001011
0101001100
010100110100
010100110101
01010011011
010100111000
010100111001
01010011101
010100111100
010100111101
01010011111
0101010000
01010100010
010101000110
0101010001110
0101010001111
010101001000
010101001001
01010100101
0101010011
01010101000
01010101001
01010101010
010101010110
010101010111
01010101100
01010101101
0101010111
0101011000
01010110010
01010110011
01010110100
010101101010
010101101011
0101011011
0101011100
01010111010
010101110110
010101110111
01010111100
01010111101
0101011111
01011000000
01011000001
010110000100
010110000101
01011000011
01011000100
0101100010100
0101100010101
010110001011
0101100011
0101100100
0101100101
0101100110
01011001110
0101100111100
0101100111101
010110011111
0101101000
01011010010
01011010011
01011010100
01011010101
01011010110
010110101110
0101101011110
01011010111110
01011010111111
01011011000
01011011001
01011011010
01011011011
0101101110
010110111100
0101101111010
0101101111011
01011011111
01011100000
01011100001
0101110001
0101110010
0101110011
01011101000
01011101001
010111010100
010111010101
01011101011
01011101100
010111011010
010111011011
0101110111
0101111000
01011110010
010111100110
010111100111
0101111010
01011110110
01011110111
0101111100
010111110100
010111110101
01011111011
010111111000
010111111001
01011111101
01011111110
010111111110
010111111111
0110000000
01100000010
01100000011
01100000100
01100000101
0110000011
0110000100
01100001010
01100001011
01100001100
01100001101
011000011100
011000011101
01100001111
01100010000
011000100010
011000100011
0110001001
0110001010
0110001011
0110001100
01100011010
01100011011
0110001110
0110001111
0110010000
0110010001
011001001000
0110010010010
0110010010011
01100100101
0110010011
011001010000
011001010001
011001010010
011001010011
011001010100
011001010101
01100101011
0110010110
01100101110
01100101111
0110011000
0110011001
01100110100
01100110101
0110011011
01100111000
01100111001
01100111010
01100111011
01100111100
01100111101
01100111110
01100111111
0110100000
01101000010
0110100001100
0110100001101
0110100001110
0110100001111
01101000100
011010001010
011010001011
0110100011
01101001000
011010010010
011010010011
01101001010
01101001011
0110100110
0110100111
0110101000
0110101001
01101010100
011010101010
0110101010110
0110101010111
0110101011
01101011000
01101011001
0110101101
0110101110
0110101111
0110110000
0110110001
01101100100
01101100101
0110110011
01101101000
01101101001
01101101010
01101101011
0110110110
0110110111
0110111000
01101110010
01101110011
0110111010
01101110110
01101110111
0110111100
011011110100
011011110101
01101111011
0110111110
011011111100
011011111101
0110111111100
0110111111101
011011111111
01110000000
01110000001
0111000001
01110000100
01110000101
0111000011
0111000100
01110001010
01110001011
011100011000
0111000110010
0111000110011
01110001101
0111000111
0111001000
01110010010
01110010011
01110010100
011100101010
011100101011
0111001011
0111001100
0111001101
0111001110
01110011110
011100111110
011100111111
01110100000
01110100001
0111010001
0111010010
01110100110
01110100111
0111010100
0111010101
011101011000
011101011001
01110101101
0111010111
0111011000
01110110010
01110110011
0111011010
0111011011
01110111000
01110111001
01110111010
01110111011
0111011110
0111011111
01111000000
01111000001
0111100001
01111000100
011110001010
011110001011
0111100011
01111001000
01111001001
01111001010
011110010110
011110010111
01111001100
01111001101
0111100111
01111010000
011110100010
011110100011
0111101001
01111010100
01111010101
0111101011
0111101100
01111011010
011110110110
011110110111
0111101110
011110111100
011110111101
01111011111
011111000000
011111000001
01111100001
0111110001
0111110010
0111110011
01111101000
01111101001
011111010100
011111010101
01111101011
01111101100
011111011010
011111011011
01111101110
011111011110
011111011111
0111111000
01111110010
011111100110
0111111001110
01111110011110
01111110011111
0111111010
01111110110
01111110111
0111111100
01111111010
01111111011
0111111110
0111111111000
0111111111001
011111111101
01111111111
1000000000
100000000100
100000000101
100000000110
100000000111
10000000100
10000000101
1000000011
10000001000
10000001001
1000000101
10000001100
10000001101
100000011100
100000011101
1000000111100
1000000111101
100000011111
1000001000
100000100100
100000100101
100000100110
100000100111
1000001010
10000010110
10000010111
1000001100
1000001101
10000011100
1000001110100
1000001110101
1000001110110
1000001110111
10000011110
10000011111
100001000000
100001000001
10000100001
1000010001
100001001000
100001001001
10000100101
1000010011
1000010100
1000010101
1000010110
1000010111
10000110000
10000110001
1000011001
10000110100
100001101010
100001101011
1000011011
10000111000
10000111001
10000111010
10000111011
10000111100
10000111101
1000011111
1000100000
1000100001
1000100010
100010001100
1000100011010
1000100011011
10001000111
10001001000
100010010010
100010010011
1000100101
1000100110
100010011100
100010011101
10001001111
10001010000
10001010001
10001010010
10001010011
1000101010
10001010110
10001010111
1000101100
10001011010
10001011011
10001011100
10001011101
10001011110
1000101111100
1000101111101
100010111111
1000110000
10001100010
10001100011
1000110010
1000110011
100011010000
100011010001
100011010010
100011010011
10001101010
10001101011
1000110110
10001101110
10001101111
1000111000
100011100100
100011100101
10001110011
10001110100
10001110101
10001110110
10001110111
1000111100
10001111010
1000111101100
1000111101101
100011110111
10001111100
100011111010
100011111011
1000111111
10010000000
10010000001
1001000001
10010000100
100100001010
100100001011
1001000011
10010001000
10010001001
10010001010
10010001011
10010001100
100100011010
100100011011
10010001110
10010001111
1001001000
10010010010
10010010011
10010010100
10010010101
100100101100
100100101101
1001001011100
1001001011101
1001001011110
1001001011111
1001001100
100100110100
100100110101
10010011011
1001001110
100100111100
100100111101
10010011111
1001010000000
1001010000001
100101000001
100101000010
100101000011
1001010001
1001010010
1001010011
1001010100
1001010101
10010101100
10010101101
1001010111
1001011000
1001011001
10010110100
10010110101
1001011011
10010111000
100101110010
100101110011
1001011101
10010111100
10010111101
10010111110
100101111110
1001011111110
1001011111111
1001100000
10011000010
10011000011
100110001000
1001100010010
1001100010011
100110001010
100110001011
1001100011
100110010000
100110010001
10011001001
10011001010
10011001011
1001100110
1001100111
100110100000
100110100001
10011010001
100110100100
1001101001010
1001101001011
100110100110
100110100111
1001101010
1001101011
10011011000
100110110010
100110110011
10011011010
100110110110
100110110111
1001101110
10011011110
10011011111
1001110000
10011100010
10011100011
100111001000
100111001001
10011100101
1001110011
1001110100
1001110101
10011101100
10011101101
10011101110
10011101111
1001111000
10011110010
10011110011
10011110100
100111101010
100111101011
1001111011
1001111100
10011111010
10011111011
10011111100
100111111010
100111111011
10011111110
10011111111
1010000000
101000000100
101000000101
10100000011
1010000010
10100000110
10100000111
101000010000
101000010001
10100001001
1010000101
1010000110
1010000111
10100010000
10100010001
1010001001
10100010100
10100010101
101000101100
101000101101
10100010111
1010001100
1010001101
10100011100
10100011101
101000111100
101000111101
10100011111
10100100000
10100100001
1010010001
101001001000
101001001001
10100100101
1010010011
1010010100
101001010100
101001010101
10100101011
10100101100
10100101101
1010010111
1010011000
1010011001000
1010011001001
101001100101
101001100110
101001100111
1010011010
10100110110
101001101110
1010011011110
1010011011111
1010011100
10100111010
10100111011
10100111100
101001111010
101001111011
10100111110
10100111111
1010100000
1010100001
10101000100
10101000101
1010100011
10101001000
10101001001
1010100101
101010011000
101010011001
10101001101
1010100111
10101010000
10101010001
1010101001
10101010100
10101010101
101010101100
101010101101
101010101110
101010101111
10101011000
1010101100100
1010101100101
101010110011
10101011010
10101011011
10101011100
10101011101
1010101111
1010110000
10101100010
10101100011
10101100100
101011001010
101011001011
1010110011
1010110100
1010110101
10101101100
101011011010
101011011011
10101101110
10101101111
10101110000
10101110001
1010111001
101011101000
101011101001
101011101010
101011101011
1010111011
10101111000
10101111001
1010111101
10101111100
101011111010
101011111011
1010111111
10110000000
10110000001
1011000001
101100001000
101100001001
101100001010
101100001011
10110000110
10110000111
1011000100000
1011000100001
101100010001
101100010010
101100010011
1011000101
10110001100
101100011010
101100011011
10110001110
10110001111
1011001000
10110010010
10110010011
101100101000
101100101001
10110010101
101100101100
101100101101
101100101110
101100101111
10110011000
1011001100100
10110011001010
10110011001011
101100110011
101100110100
101100110101
10110011011
1011001110
1011001111
10110100000
10110100001
1011010001
1011010010
10110100110
10110100111
10110101000
101101010010
101101010011
10110101010
10110101011
1011010110
1011010111000
1011010111001
1011010111010
1011010111011
10110101111
10110110000
10110110001
1011011001
1011011010
1011011011
10110111000
10110111001
10110111010
101101110110
101101110111
1011011110
10110111110
10110111111
10111000000
10111000001
1011100001
101110001000
1011100010010
1011100010011
10111000101
10111000110
10111000111
10111001000
10111001001
1011100101
10111001100
10111001101
1011100111
10111010000
101110100010
1011101000110
1011101000111
1011101001
10111010100
10111010101
10111010110
101110101110
1011101011110
1011101011111
10111011000
10111011001
1011101101
10111011100
10111011101
101110111100
101110111101
10111011111
101111000000
101111000001
10111100001
1011110001
1011110010
1011110011
10111101000
10111101001
1011110101
1011110110
10111101110
10111101111
10111110000
10111110001
1011111001
101111101000
1011111010010
1011111010011
10111110101
1011111011
10111111000
10111111001
1011111101
1011111110
10111111110
10111111111
110000000000
110000000001
110000000010
110000000011
1100000001
1100000010
11000000110
11000000111
11000001000
110000010010
110000010011
1100000101
11000001100
11000001101
1100000111
11000010000
11000010001
1100001001
110000101000
1100001010010
1100001010011
11000010101
11000010110
11000010111
11000011000
110000110010
1100001100110
11000011001110
11000011001111
1100001101
11000011100
1100001110100
1100001110101
1100001110110
1100001110111
11000011110
110000111110
1100001111110
1100001111111
11000100000
11000100001
110001000100
110001000101
11000100011
11000100100
110001001010
110001001011
1100010011
1100010100
110001010100
110001010101
11000101011
1100010110
1100010111
11000110000
110001100010
110001100011
11000110010
1100011001100
1100011001101
110001100111
11000110100
110001101010
110001101011
1100011011
11000111000
11000111001
11000111010
11000111011
11000111100
110001111010
110001111011
1100011111
11001000000
11001000001
11001000010
11001000011
11001000100
110010001010
110010001011
1100100011
110010010000
110010010001
110010010010
110010010011
11001001010
11001001011
110010011000
110010011001
11001001101
11001001110
110010011110
110010011111
11001010000
11001010001
1100101001
1100101010
1100101011
11001011000
11001011001
11001011010
11001011011
110010111000
110010111001
11001011101
1100101111
11001100000
110011000010
110011000011
1100110001
11001100100
11001100101
1100110011
11001101000
11001101001
1100110101
1100110110
11001101110
11001101111
1100111000
1100111001
1100111010
1100111011
1100111100
11001111010
11001111011
110011111000
110011111001
11001111101
11001111110
110011111110
110011111111
1101000000
1101000001
11010000100
11010000101
11010000110
11010000111
1101000100
11010001010
11010001011
1101000110
110100011100
1101000111010
1101000111011
110100011110
110100011111
1101001000
11010010010
11010010011
11010010100
11010010101
1101001011
110100110000
1101001100010
11010011000110
11010011000111
11010011001
11010011010
110100110110
110100110111
1101001110
11010011110
110100111110
110100111111
11010100000
11010100001
1101010001
110101001000
110101001001
11010100101
11010100110
110101001110
110101001111
1101010100
11010101010
11010101011
1101010110
1101010111000
1101010111001
110101011101
11010101111
11010110000
11010110001
1101011001
1101011010
11010110110
11010110111
110101110000
1101011100010
1101011100011
11010111001
1101011101
1101011110
11010111110
110101111110
110101111111
1101100000000
1101100000001
110110000001
110110000010
110110000011
1101100001
11011000100
11011000101
11011000110
1101100011100
1101100011101
1101100011110
1101100011111
11011001000
11011001001
11011001010
1101100101100
1101100101101
110110010111
1101100110000
11011001100010
11011001100011
110110011001
110110011010
110110011011
11011001110
11011001111
11011010000
1101101000100
1101101000101
110110100011
1101101001
11011010100
110110101010
110110101011
11011010110
11011010111
1101101100
11011011010
110110110110
110110110111
11011011100
11011011101
110110111100
110110111101
11011011111
1101110000
11011100010
11011100011
110111001000
110111001001
11011100101
1101110011
11011101000
11011101001
1101110101
1101110110
1101110111
1101111000
1101111001
11011110100
11011110101
11011110110
11011110111
1101111100
1101111101
1101111110
1101111111
1110000000
111000000100
111000000101
11100000011
11100000100
11100000101
1110000011
11100001000
111000010010
111000010011
1110000101
11100001100
11100001101
11100001110
111000011110
1110000111110
1110000111111
1110001000
1110001001
1110001010
11100010110
11100010111
1110001100
11100011010
111000110110
111000110111
1110001110
1110001111
11100100000
11100100001
11100100010
11100100011
1110010010
1110010011000
1110010011001
111001001101
11100100111
1110010100
1110010101
1110010110
11100101110
11100101111
111001100000
111001100001
11100110001
11100110010
11100110011
111001101000
111001101001
111001101010
111001101011
1110011011
1110011100
11100111010
11100111011
11100111100
11100111101
1110011111
111010000000
111010000001
11101000001
1110100001
1110100010
11101000110
11101000111
1110100100
111010010100
111010010101
111010010110
111010010111
1110100110
11101001110
11101001111
11101010000
11101010001
1110101001
11101010100
111010101010
111010101011
11101010110
111010101110
111010101111
111010110000
1110101100010
1110101100011
11101011001
1110101101
11101011100
111010111010
111010111011
11101011110
11101011111
11101100000
11101100001
1110110001
1110110010
1110110011
111011010000
111011010001
111011010010
111011010011
1110110101
1110110110
1110110111
1110111000
11101110010
11101110011
11101110100
11101110101
1110111011
11101111000
11101111001
11101111010
111011110110
111011110111
1110111110
11101111110
11101111111
11110000000
11110000001
1111000001
11110000100
111100001010
111100001011
1111000011
1111000100
1111000101
1111000110
11110001110
111100011110
111100011111
1111001000
1111001001
11110010100
11110010101
1111001011
111100110000
1111001100010
1111001100011
11110011001
1111001101
1111001110
11110011110
11110011111
1111010000
11110100010
11110100011
111101001000
111101001001
11110100101
1111010011
1111010100
111101010100
111101010101
11110101011
1111010110
1111010111
1111011000
11110110010
11110110011
1111011010
111101101100
111101101101
11110110111
111101110000
111101110001
11110111001
11110111010
11110111011
11110111100
1111011110100
1111011110101
111101111011
11110111110
11110111111
11111000000
111110000010
111110000011
1111100001
111110001000
111110001001
11111000101
11111000110
11111000111
11111001000
1111100100100
1111100100101
111110010011
1111100101
1111100110
11111001110
111110011110
111110011111
1111101000
1111101001000
1111101001001
111110100101
111110100110
111110100111
1111101010
11111010110
111110101110
111110101111
1111101100
1111101101
11111011100
11111011101
1111101111
11111100000
111111000010
111111000011
1111110001
1111110010
1111110011000
1111110011001
111111001101
1111110011100
1111110011101
111111001111
1111110100
1111110101
1111110110
11111101110
11111101111
111111100000
111111100001
11111110001
1111111001
11111110100
11111110101
1111111011
1111111100
1111111101
11111111100
11111111101
11111111110
11111111111000
11111111111001
1111111111101
111111111111
