9947550254395
0000000000000
0000000000001
0000000000010
0000000000011
000000000010
000000000011
000000000100
000000000101
000000000110
000000000111
0000000010
000000001100
000000001101
000000001110
00000000111100
00000000111101
0000000011111
0000000100
00000001010
00000001011
00000001100
00000001101
00000001110
00000001111
00000010000
000000100010
000000100011
0000001001
0000001010000
0000001010001
0000001010010
0000001010011
00000010101
0000001011000
0000001011001
000000101101
000000101110
000000101111
0000001100
0000001101
00000011100
000000111010
000000111011
0000001111
00000100000
00000100001
0000010001
0000010010
0000010011
00000101000
000001010010
000001010011
00000101010
0000010101100
0000010101101
000001010111
0000010110
0000010111
00000110000
00000110001
000001100100
000001100101
00000110011
00000110100
00000110101
0000011011
00000111000
000001110010
000001110011
00000111010
000001110110
000001110111
0000011110
000001111100
000001111101
000001111110
000001111111
0000100000
00001000010
000010000110
000010000111
0000100010
00001000110
00001000111
00001001000
00001001001
0000100101
00001001100
00001001101
0000100111
00001010000
000010100010
000010100011
0000101001
000010101000
000010101001
00001010101
00001010110
00001010111
0000101100
0000101101
00001011100
00001011101
0000101111
00001100000
00001100001
00001100010
000011000110
000011000111
0000110010
0000110011
00001101000
00001101001
00001101010
000011010110
000011010111
0000110110
000011011100
000011011101
000011011110
000011011111
00001110000
00001110001
0000111001
00001110100
00001110101
0000111011
00001111000
00001111001
000011110100
000011110101
00001111011
00001111100
000011111010
0000111110110
0000111110111
00001111110
00001111111
00010000000
00010000001
000100000100
000100000101
00010000011
00010000100
00010000101
0001000011
00010001000
00010001001
0001000101
00010001100
00010001101
0001000111
00010010000
00010010001
00010010010
00010010011
0001001010
0001001011
0001001100
00010011010
00010011011
0001001110
0001001111
000101000000
000101000001
00010100001
000101000100
000101000101
000101000110
000101000111
0001010010
00010100110
000101001110
0001010011110
0001010011111
0001010100
0001010101
0001010110
00010101110
00010101111
0001011000
00010110010
00010110011
00010110100
00010110101
0001011011
0001011100000
0001011100001
0001011100010
0001011100011
00010111001
0001011101
0001011110
000101111100
000101111101
00010111111
00011000000
000110000010
000110000011
0001100001
00011000100
00011000101
00011000110
00011000111
0001100100
00011001010
000110010110
000110010111
0001100110
00011001110
00011001111
0001101000
0001101001
00011010100
00011010101
0001101011
00011011000
00011011001
000110110100
000110110101
00011011011
000110111000
000110111001
000110111010
000110111011
00011011110
0001101111100
0001101111101
0001101111110
0001101111111
0001110000
0001110001
0001110010
0001110011000
0001110011001
000111001101
000111001110
000111001111
0001110100
00011101010
00011101011
00011101100
00011101101
0001110111
0001111000
0001111001
0001111010
0001111011
000111110000
000111110001
00011111001
0001111101
0001111110
00011111110
000111111110
000111111111
00100000000
0010000000100
00100000001010
00100000001011
001000000011
0010000001
00100000100
0010000010100
0010000010101
001000001011
00100000110
00100000111
00100001000
00100001001
0010000101
00100001100
00100001101
0010000111000
0010000111001
001000011101
00100001111
0010001000
00100010010
00100010011
001000101000
001000101001
00100010101
0010001011
00100011000
00100011001
001000110100
001000110101
00100011011
00100011100
00100011101
0010001111
0010010000
0010010001
0010010010
0010010011
00100101000000
00100101000001
0010010100001
001001010001
001001010010
001001010011
00100101010
00100101011
0010010110
001001011100
001001011101
00100101111
00100110000
00100110001
0010011001
0010011010
00100110110
00100110111
0010011100
00100111010
00100111011
0010011110
00100111110
001001111110
001001111111
0010100000
001010000100
001010000101
00101000011
0010100010
0010100011
00101001000
00101001001
0010100101
0010100110
00101001110
00101001111
00101010000
00101010001
00101010010
00101010011
0010101010
00101010110
001010101110
001010101111
001010110000
0010101100010
0010101100011
00101011001
0010101101
00101011100
0010101110100
0010101110101
0010101110110
0010101110111
00101011110
001010111110
001010111111
0010110000
0010110001
0010110010
00101100110
00101100111
00101101000
00101101001
0010110101
001011011000
001011011001
00101101101
00101101110
00101101111
0010111000
00101110010
00101110011
001011101000
001011101001
001011101010
001011101011
00101110110
00101110111
0010111100
0010111101
00101111100
00101111101
0010111111
0011000000
0011000001
0011000010
0011000011
00110001000
00110001001
0011000101
0011000110
00110001110
00110001111
001100100000
001100100001
00110010001
001100100100
001100100101
001100100110
001100100111
00110010100
0011001010100
0011001010101
001100101011
001100101100
001100101101
00110010111
0011001100
0011001101
001100111000
001100111001
001100111010
0011001110110
0011001110111
0011001111
0011010000
00110100010
00110100011
001101001000
001101001001
00110100101
0011010011
0011010100
0011010101
0011010110
00110101110
00110101111
0011011000
00110110010
001101100110
001101100111
0011011010
00110110110
001101101110
001101101111
0011011100
00110111010
00110111011
00110111100
00110111101
00110111110
001101111110
001101111111
0011100000
001110000100
001110000101
00111000011
001110001000
001110001001
00111000101
00111000110
00111000111
00111001000
0011100100100
0011100100101
001110010011
0011100101
00111001100
0011100110100
00111001101010
00111001101011
001110011011
0011100111
00111010000
001110100010
0011101000110
0011101000111
00111010010
00111010011
0011101010
00111010110
00111010111
0011101100
0011101101
00111011100
00111011101
00111011110
00111011111
0011110000
0011110001
00111100100
001111001010
001111001011
0011110011
00111101000
001111010010
0011110100110
0011110100111
00111101010
001111010110
001111010111
00111101100
00111101101
0011110111
00111110000
00111110001
0011111001
00111110100
001111101010
001111101011
0011111011
0011111100
0011111101
00111111100
00111111101
00111111110
0011111111100
0011111111101
001111111111
0100000000
010000000100
010000000101
010000000110
0100000001110
0100000001111
01000000100
010000001010
010000001011
01000000110
010000001110
010000001111
01000001000
01000001001
01000001010
01000001011
01000001100
010000011010
0100000110110
0100000110111
01000001110
01000001111
0100001000
01000010010
01000010011
01000010100
01000010101
01000010110
01000010111
0100001100
01000011010
01000011011
0100001110
01000011110
010000111110
010000111111
0100010000
0100010001
01000100100
01000100101
010001001100
010001001101
01000100111
0100010100
0100010101
010001011000
010001011001
01000101101
01000101110
010001011110
010001011111
01000110000
010001100010
010001100011
0100011001
010001101000
010001101001
01000110101
01000110110
010001101110
010001101111
0100011100
01000111010
010001110110
010001110111
0100011110
0100011111000
0100011111001
010001111101
01000111111
01001000000
01001000001
01001000010
010010000110
0100100001110
0100100001111
010010001000
010010001001
01001000101
01001000110
01001000111
01001001000
01001001001
0100100101
01001001100
01001001101
0100100111
0100101000
01001010010
010010100110
010010100111
0100101010
0100101011
0100101100
0100101101
01001011100
010010111010
010010111011
0100101111
0100110000
01001100010
010011000110
010011000111
0100110010
01001100110
01001100111
0100110100
0100110101
01001101100
010011011010
0100110110110
0100110110111
0100110111
0100111000
01001110010
01001110011
0100111010
01001110110
01001110111
01001111000
01001111001
01001111010
0100111101100
0100111101101
010011110111
0100111110
01001111110
01001111111
0101000000
0101000001
01010000100
010100001010
010100001011
0101000011
0101000100
01010001010
010100010110
010100010111
01010001100
01010001101
01010001110
01010001111
01010010000
010100100010
0101001000110
0101001000111
01010010010
010100100110
010100100111
01010010100
01010010101
0101001011
01010011000
01010011001
0101001101
01010011100
01010011101
0101001111
010101000000
010101000001
01010100001
0101010001
01010100100
01010100101
0101010011
0101010100
01010101010
010101010110
010101010111
010101011000
010101011001
01010101101
01010101110
01010101111
0101011000
01010110010
01010110011
01010110100
01010110101
0101011011
01010111000
01010111001
0101011101
010101111000
010101111001
01010111101
0101011111
01011000000
010110000010
010110000011
0101100001
0101100010
0101100011
010110010000
010110010001
01011001001
0101100101000
0101100101001
0101100101010
0101100101011
01011001011
0101100110
0101100111
0101101000
01011010010
010110100110
0101101001110
0101101001111
01011010100
010110101010
010110101011
010110101100
010110101101
01011010111
0101101100
010110110100
010110110101
010110110110
0101101101110
0101101101111
010110111000
010110111001
01011011101
010110111100
010110111101
01011011111
0101110000
01011100010
01011100011
0101110010
010111001100
010111001101
01011100111
01011101000
01011101001
0101110101
01011101100
01011101101
0101110111
01011110000
01011110001
0101111001
0101111010
01011110110
010111101110
010111101111
0101111100
01011111010
010111110110
0101111101110
0101111101111
0101111110
0101111111
01100000000
01100000001
01100000010
01100000011
0110000010
0110000011
01100001000
01100001001
0110000101
011000011000
011000011001
01100001101
0110000111
0110001000
01100010010
01100010011
0110001010
01100010110
011000101110
011000101111
01100011000
01100011001
0110001101
01100011100
011000111010
011000111011
0110001111
01100100000
01100100001
01100100010
011001000110
011001000111
0110010010
011001001100
011001001101
01100100111
0110010100
011001010100
011001010101
01100101011
01100101100
011001011010
0110010110110
0110010110111
0110010111
01100110000
01100110001
0110011001
0110011010
01100110110
01100110111
01100111000
01100111001
0110011101
01100111100
01100111101
0110011111
01101000000
01101000001000
01101000001001
0110100000101
011010000011
0110100001
011010001000
0110100010010
0110100010011
01101000101
0110100011
01101001000
01101001001
0110100101
0110100110
0110100111
0110101000
0110101001
0110101010
0110101011
01101011000
01101011001
01101011010
01101011011
011010111000
011010111001
01101011101
0110101111
011011000000
011011000001
01101100001
0110110001
011011001000
011011001001
01101100101
0110110011
0110110100000
01101101000010
01101101000011
011011010001
01101101001
0110110101
01101101100
01101101101
011011011100
011011011101
01101101111
01101110000
01101110001
01101110010
01101110011
0110111010
01101110110
01101110111
0110111100000
0110111100001
011011110001
011011110010
0110111100110
0110111100111
01101111010
01101111011
0110111110
01101111110
01101111111
0111000000
01110000010
01110000011
0111000010
011100001100
011100001101
01110000111
0111000100
0111000101
0111000110
0111000111
01110010000
01110010001
01110010010
01110010011
0111001010
0111001011
01110011000
01110011001
01110011010
01110011011
0111001110
01110011110
01110011111
01110100000
01110100001
011101000100
011101000101
01110100011
01110100100
011101001010
011101001011
01110100110
011101001110
011101001111
0111010100
0111010101
01110101100
01110101101
0111010111
01110110000
01110110001
01110110010
0111011001100
0111011001101
011101100111
0111011010
0111011011
01110111000
01110111001
01110111010
011101110110
011101110111
01110111100
01110111101
01110111110
011101111110
0111011111110
0111011111111
01111000000
011110000010
011110000011
0111100001
011110001000
011110001001
01111000101
0111100011000
0111100011001
011110001101
01111000111
01111001000
01111001001
011110010100
011110010101
01111001011
0111100110000
0111100110001
011110011001
01111001101
01111001110
01111001111
0111101000
01111010010
01111010011
01111010100
011110101010
011110101011
0111101011
011110110000
011110110001
01111011001
01111011010
011110110110
011110110111
01111011100
01111011101
0111101111
01111100000
011111000010
0111110000110
0111110000111
01111100010
011111000110
011111000111
0111110010
01111100110
011111001110
011111001111
0111110100
0111110101
0111110110
01111101110
01111101111
01111110000
011111100010
011111100011
01111110010
011111100110
011111100111
0111111010
011111101100
011111101101
01111110111
011111110000
0111111100010
0111111100011
01111111001
01111111010
01111111011
0111111110
01111111110
01111111111
10000000000
10000000001
10000000010
10000000011
1000000010
1000000011
10000001000
10000001001
10000001010
1000000101100
1000000101101
100000010111
1000000110
10000001110
100000011110
100000011111
1000001000
10000010010
10000010011
10000010100
100000101010
100000101011
10000010110
10000010111
1000001100
10000011010
10000011011
1000001110
1000001111
10000100000
100001000010
100001000011
10000100010
10000100011
10000100100
10000100101
1000010011
1000010100
10000101010
10000101011
1000010110
1000010111
10000110000
10000110001
10000110010
10000110011
10000110100
10000110101
1000011011
10000111000
10000111001
1000011101
100001111000
100001111001
10000111101
1000011111
1000100000000
1000100000001
100010000001
10001000001
10001000010
10001000011
100010001000
100010001001
10001000101
10001000110
100010001110
100010001111
100010010000
100010010001
100010010010
100010010011
1000100101
1000100110
10001001110
100010011110
1000100111110
1000100111111
1000101000
10001010010
100010100110
100010100111
10001010100
100010101010
100010101011
100010101100
100010101101
100010101110
100010101111
10001011000
10001011001
10001011010
100010110110
100010110111
10001011100
10001011101
1000101111
1000110000
1000110001
10001100100
10001100101
100011001100
100011001101
10001100111
1000110100
10001101010
10001101011
1000110110
1000110111
10001110000
100011100010
100011100011
1000111001
1000111010
100011101100
100011101101
10001110111
10001111000
10001111001
1000111101
10001111100
10001111101
10001111110
10001111111
1001000000
1001000001
1001000010
10010000110
100100001110
100100001111
1001000100
1001000101
10010001100
1001000110100
1001000110101
100100011011
1001000111
10010010000
10010010001
1001001001
100100101000
100100101001
10010010101
10010010110
10010010111
1001001100
10010011010
10010011011
10010011100
10010011101
10010011110
10010011111
1001010000
1001010001
1001010010
10010100110
10010100111
100101010000
100101010001
10010101001
1001010101
1001010110
100101011100
100101011101
10010101111
10010110000
10010110001
10010110010
10010110011
1001011010
10010110110
100101101110
100101101111
1001011100
100101110100
100101110101
10010111011
10010111100
100101111010
100101111011
1001011111
100110000000
100110000001
10011000001
1001100001
1001100010
100110001100
1001100011010
10011000110110
10011000110111
10011000111
1001100100
1001100101
10011001100
10011001101
10011001110
10011001111
1001101000
1001101001000
1001101001001
100110100101
10011010011
10011010100
10011010101
10011010110
10011010111
1001101100
1001101101
1001101110000
1001101110001
100110111001
10011011101
100110111100
100110111101
10011011111000
10011011111001
1001101111101
1001101111110
10011011111110
100110111111110
100110111111111
1001110000
1001110001
1001110010
1001110011000
1001110011001
100111001101
10011100111
1001110100
10011101010
100111010110
100111010111
1001110110
1001110111
1001111000
100111100100
100111100101
10011110011
1001111010
10011110110
10011110111
1001111100
10011111010
100111110110
100111110111
1001111110
1001111111
10100000000
10100000001
101000000100
101000000101
10100000011
1010000010
1010000011
10100001000
10100001001
1010000101
1010000110
101000011100
101000011101
101000011110
101000011111
1010001000
101000100100
101000100101
10100010011
101000101000
101000101001
101000101010
101000101011
10100010110
10100010111
1010001100
101000110100
1010001101010
1010001101011
10100011011
101000111000
101000111001
10100011101
1010001111
101001000000
101001000001
10100100001
1010010001
1010010010
1010010011
10100101000
10100101001
1010010101
10100101100
10100101101
10100101110
10100101111
1010011000
10100110010
10100110011
1010011010
1010011011
1010011100
10100111010
10100111011
1010011110
10100111110
101001111110
101001111111
1010100000
1010100001
1010100010
10101000110
10101000111
1010100100
10101001010
10101001011
1010100110000
1010100110001
101010011001
10101001101
1010100111
1010101000
10101010010
10101010011
10101010100
10101010101
101010101100
101010101101
10101010111
1010101100
1010101101
10101011100
10101011101
10101011110
101010111110
1010101111110
1010101111111
101011000000
101011000001
10101100001
101011000100
1010110001010
1010110001011
10101100011
10101100100
10101100101
10101100110
10101100111
1010110100
10101101010
10101101011
10101101100
10101101101
10101101110
101011011110
1010110111110
1010110111111
10101110000
10101110001
1010111001
101011101000
1010111010010
1010111010011
10101110101
10101110110
10101110111
1010111100
1010111101
1010111110
101011111100
101011111101
1010111111100
1010111111101
101011111111
10110000000
10110000001
1011000001
1011000010
101100001100
101100001101
101100001110
101100001111
10110001000
101100010010
101100010011
1011000101
10110001100
101100011010
101100011011
1011000111
1011001000
10110010010
10110010011
1011001010
10110010110
10110010111
101100110000
101100110001
101100110010
101100110011
10110011010
10110011011
101100111000
101100111001
10110011101
1011001111
1011010000
10110100010
101101000110
101101000111
10110100100
10110100101
10110100110
10110100111
1011010100
101101010100
10110101010100
10110101010101
1011010101011
101101010110
101101010111
1011010110
101101011100
101101011101
10110101111
10110110000
10110110001
1011011001
1011011010
1011011011000
10110110110010
10110110110011
101101101101
101101101110
1011011011110
1011011011111
1011011100
1011011101000
1011011101001
1011011101010
1011011101011
10110111011
10110111100
10110111101
1011011111
10111000000
101110000010
101110000011
1011100001
10111000100
10111000101
1011100011
10111001000
10111001001
10111001010
10111001011
1011100110
1011100111
1011101000
10111010010
10111010011
1011101010
1011101011
1011101100
1011101101
1011101110
1011101111
10111100000
10111100001
1011110001
101111001000
101111001001
10111100101
1011110011
10111101000
10111101001
101111010100
101111010101
101111010110
101111010111
1011110110
1011110111
10111110000
101111100010
101111100011
10111110010
101111100110
101111100111
1011111010
101111101100
101111101101
10111110111
1011111100
101111110100
101111110101
10111111011
1011111110
1011111111
110000000000
110000000001
11000000001
11000000010
11000000011
1100000010000
1100000010001
110000001001
11000000101
11000000110
11000000111
1100000100
11000001010
11000001011
1100000110
110000011100
110000011101
110000011110
110000011111
11000010000
110000100010
110000100011
1100001001
1100001010
110000101100
110000101101
1100001011100
1100001011101
110000101111
1100001100
1100001101
11000011100
11000011101
1100001111
1100010000
11000100010
11000100011
1100010010
11000100110
110001001110
1100010011110
11000100111110
11000100111111
1100010100
11000101010
11000101011
1100010110
1100010111
11000110000
110001100010
110001100011
1100011001
11000110100
11000110101
11000110110
110001101110
110001101111
11000111000
110001110010
110001110011
110001110100
110001110101
11000111011
1100011110
1100011111
110010000000
110010000001
110010000010
110010000011
1100100001
11001000100
11001000101
1100100011
11001001000
11001001001
1100100101
110010011000
110010011001
11001001101
1100100111
110010100000
110010100001
110010100010
110010100011
1100101001
110010101000
110010101001
11001010101
1100101011
110010110000
1100101100010
1100101100011
11001011001
1100101101
1100101110
11001011110
11001011111
1100110000
11001100010
11001100011
1100110010
1100110011
1100110100000
1100110100001
110011010001
11001101001
1100110101
110011011000
110011011001
11001101101000
11001101101001
1100110110101
110011011011
11001101110
110011011110
110011011111
1100111000
11001110010
11001110011
1100111010
1100111011
1100111100
1100111101
110011111000
110011111001
110011111010
110011111011
11001111110
11001111111
11010000000
11010000001
1101000001
110100001000
110100001001
110100001010
110100001011
1101000011
1101000100
1101000101
1101000110
1101000111
1101001000
1101001001000
1101001001001
110100100101
11010010011
1101001010
11010010110
11010010111
1101001100
11010011010
11010011011
110100111000
110100111001
11010011101
11010011110
11010011111
1101010000
11010100010
11010100011
110101001000
110101001001
110101001010
110101001011
1101010011
11010101000
11010101001
11010101010
1101010101100
1101010101101
110101010111
1101010110
1101010111
11010110000
11010110001
1101011001
1101011010
1101011011
1101011100
11010111010
110101110110
110101110111
110101111000
110101111001
11010111101
11010111110
11010111111
1101100000
11011000010
11011000011
110110001000
1101100010010
1101100010011
11011000101
11011000110
11011000111
1101100100
110110010100
110110010101
11011001011
110110011000
110110011001
11011001101
11011001110
11011001111
1101101000
1101101001
1101101010
11011010110
11011010111
11011011000
11011011001
1101101101
11011011100
110110111010
110110111011
1101101111
11011100000
11011100001
1101110001
1101110010
110111001100
110111001101
11011100111
11011101000
11011101001
11011101010
11011101011
11011101100
11011101101
1101110111
1101111000
1101111001
1101111010
11011110110
11011110111
1101111100
11011111010
11011111011
1101111110
11011111110
11011111111000
11011111111001
1101111111101
110111111111
11100000000
111000000010
111000000011
1110000001
1110000010
1110000011
1110000100
1110000101
1110000110
111000011100
111000011101
11100001111
11100010000
111000100010
111000100011
11100010010
11100010011
11100010100
11100010101
111000101100
111000101101
111000101110
1110001011110
1110001011111
1110001100
1110001101
1110001110
1110001111
1110010000
1110010001
11100100100
11100100101
1110010011
111001010000
111001010001
11100101001
1110010101
1110010110
11100101110
11100101111
1110011000
11100110010
1110011001100
1110011001101
1110011001110
1110011001111
1110011010
11100110110
11100110111
11100111000
11100111001
1110011101
11100111100
11100111101
1110011111
11101000000
11101000001
11101000010
111010000110
111010000111
1110100010
11101000110
11101000111
11101001000
11101001001
1110100101
1110100110000
1110100110001
111010011001
11101001101
1110100111
111010100000
111010100001
11101010001
11101010010
11101010011
1110101010
11101010110
11101010111
111010110000
111010110001
11101011001
11101011010
11101011011
1110101110
11101011110
111010111110
111010111111
1110110000
1110110001
11101100100
11101100101
1110110011
1110110100
111011010100
111011010101
11101101011
111011011000
1110110110010
1110110110011
11101101101
111011011100
111011011101
11101101111
1110111000
1110111001
11101110100
11101110101
1110111011
11101111000
11101111001
11101111010
11101111011
11101111100
111011111010
1110111110110
1110111110111
11101111110
11101111111
11110000000
11110000001
1111000001
111100001000
111100001001
11110000101
11110000110
111100001110
111100001111
11110001000
111100010010
111100010011
1111000101
111100011000
111100011001
11110001101
11110001110
11110001111
1111001000
111100100100
11110010010100
111100100101010
111100100101011
1111001001011
11110010011
11110010100
11110010101
1111001011
11110011000
111100110010
111100110011
11110011010
111100110110
111100110111
1111001110
11110011110
111100111110
111100111111
1111010000
11110100010
111101000110
111101000111
11110100100
11110100101
111101001100
111101001101
11110100111
1111010100000
1111010100001
111101010001
11110101001
111101010100
111101010101
111101010110
111101010111
1111010110
1111010111
11110110000
11110110001
1111011001
1111011010
1111011011
11110111000
11110111001
11110111010
11110111011
11110111100
111101111010
111101111011
11110111110
11110111111
1111100000
111110000100
1111100001010
1111100001011
111110000110
111110000111
1111100010
11111000110
1111100011100
1111100011101
111110001111
1111100100
11111001010
11111001011
11111001100
11111001101
1111100111
11111010000
11111010001
1111101001
1111101010
11111010110
11111010111
1111101100
11111011010
11111011011
11111011100
11111011101
1111101111
1111110000
1111110001
1111110010
1111110011
1111110100
1111110101
11111101100
11111101101
11111101110
11111101111
11111110000
11111110001
1111111001
1111111010
1111111011
11111111000
11111111001
11111111010
11111111011
1111111110
11111111110
11111111111
