21440328
00000000000000000000
00000000000000000001
0000000000000000001
0000000000000000010
0000000000000000011
000000000000000010
000000000000000011
000000000000000100
000000000000000101
000000000000000110
000000000000000111
00000000000000100
00000000000000101
00000000000000110
00000000000000111
00000000000001000
00000000000001001
00000000000001010
00000000000001011
00000000000001100
00000000000001101
00000000000001110
00000000000001111
0000000000001000
0000000000001001
0000000000001010
0000000000001011
0000000000001100
0000000000001101
0000000000001110
0000000000001111
0000000000010000
0000000000010001
0000000000010010
0000000000010011
0000000000010100
0000000000010101
0000000000010110
0000000000010111
0000000000011000
0000000000011001
0000000000011010
0000000000011011
0000000000011100
0000000000011101
000000000001111
000000000010000
000000000010001
000000000010010
000000000010011
000000000010100
000000000010101
000000000010110
000000000010111
000000000011000
000000000011001
000000000011010
000000000011011
000000000011100
000000000011101
000000000011110
000000000011111
000000000100000
000000000100001
000000000100010
000000000100011
000000000100100
000000000100101
000000000100110
000000000100111
000000000101000
000000000101001
000000000101010
000000000101011
000000000101100
000000000101101
000000000101110
000000000101111
000000000110000
000000000110001
000000000110010
000000000110011
000000000110100
000000000110101
000000000110110
000000000110111
000000000111000
000000000111001
000000000111010
000000000111011
000000000111100
000000000111101
00000000011111
00000000100000
00000000100001
00000000100010
00000000100011
00000000100100
00000000100101
00000000100110
00000000100111
00000000101000
00000000101001
00000000101010
00000000101011
00000000101100
00000000101101
00000000101110
00000000101111
00000000110000
00000000110001
00000000110010
00000000110011
00000000110100
00000000110101
00000000110110
00000000110111
00000000111000
00000000111001
00000000111010
00000000111011
00000000111100
00000000111101
00000000111110
00000000111111
00000001000000
00000001000001
00000001000010
00000001000011
00000001000100
00000001000101
00000001000110
00000001000111
00000001001000
00000001001001
00000001001010
00000001001011
00000001001100
00000001001101
00000001001110
00000001001111
00000001010000
00000001010001
00000001010010
00000001010011
00000001010100
00000001010101
00000001010110
00000001010111
00000001011000
00000001011001
00000001011010
00000001011011
00000001011100
00000001011101
00000001011110
00000001011111
00000001100000
00000001100001
00000001100010
00000001100011
00000001100100
00000001100101
00000001100110
00000001100111
00000001101000
00000001101001
00000001101010
00000001101011
00000001101100
00000001101101
00000001101110
00000001101111
00000001110000
00000001110001
00000001110010
00000001110011
00000001110100
00000001110101
00000001110110
00000001110111
00000001111000
00000001111001
0000000111101
0000000111110
0000000111111
0000001000000
0000001000001
0000001000010
0000001000011
0000001000100
0000001000101
0000001000110
0000001000111
0000001001000
0000001001001
0000001001010
0000001001011
0000001001100
0000001001101
0000001001110
0000001001111
0000001010000
0000001010001
0000001010010
0000001010011
0000001010100
0000001010101
0000001010110
0000001010111
0000001011000
0000001011001
0000001011010
0000001011011
0000001011100
0000001011101
0000001011110
0000001011111
0000001100000
0000001100001
0000001100010
0000001100011
0000001100100
0000001100101
0000001100110
0000001100111
0000001101000
0000001101001
0000001101010
0000001101011
0000001101100
0000001101101
0000001101110
0000001101111
0000001110000
0000001110001
0000001110010
0000001110011
0000001110100
0000001110101
0000001110110
0000001110111
0000001111000
0000001111001
0000001111010
0000001111011
0000001111100
0000001111101
0000001111110
0000001111111
0000010000000
0000010000001
0000010000010
0000010000011
0000010000100
0000010000101
0000010000110
0000010000111
0000010001000
0000010001001
0000010001010
0000010001011
0000010001100
0000010001101
0000010001110
0000010001111
0000010010000
0000010010001
0000010010010
0000010010011
0000010010100
0000010010101
0000010010110
0000010010111
0000010011000
0000010011001
0000010011010
0000010011011
0000010011100
0000010011101
0000010011110
0000010011111
0000010100000
0000010100001
0000010100010
0000010100011
0000010100100
0000010100101
0000010100110
0000010100111
0000010101000
0000010101001
0000010101010
0000010101011
0000010101100
0000010101101
0000010101110
0000010101111
0000010110000
0000010110001
0000010110010
0000010110011
0000010110100
0000010110101
0000010110110
0000010110111
0000010111000
0000010111001
0000010111010
0000010111011
0000010111100
0000010111101
0000010111110
0000010111111
0000011000000
0000011000001
0000011000010
0000011000011
0000011000100
0000011000101
0000011000110
0000011000111
0000011001000
0000011001001
0000011001010
0000011001011
0000011001100
0000011001101
0000011001110
0000011001111
0000011010000
0000011010001
0000011010010
0000011010011
0000011010100
0000011010101
0000011010110
0000011010111
0000011011000
0000011011001
0000011011010
0000011011011
0000011011100
0000011011101
0000011011110
0000011011111
0000011100000
0000011100001
0000011100010
0000011100011
0000011100100
0000011100101
0000011100110
0000011100111
0000011101000
0000011101001
0000011101010
0000011101011
0000011101100
0000011101101
0000011101110
0000011101111
0000011110000
0000011110001
0000011110010
0000011110011
000001111010
000001111011
000001111100
000001111101
000001111110
000001111111
000010000000
000010000001
000010000010
000010000011
000010000100
000010000101
000010000110
000010000111
000010001000
000010001001
000010001010
000010001011
000010001100
000010001101
000010001110
000010001111
000010010000
000010010001
000010010010
000010010011
000010010100
000010010101
000010010110
000010010111
000010011000
000010011001
000010011010
000010011011
000010011100
000010011101
000010011110
000010011111
000010100000
000010100001
000010100010
000010100011
000010100100
000010100101
000010100110
000010100111
000010101000
000010101001
000010101010
000010101011
000010101100
000010101101
000010101110
000010101111
000010110000
000010110001
000010110010
000010110011
000010110100
000010110101
000010110110
000010110111
000010111000
000010111001
000010111010
000010111011
000010111100
000010111101
000010111110
000010111111
000011000000
000011000001
000011000010
000011000011
000011000100
000011000101
000011000110
000011000111
000011001000
000011001001
000011001010
000011001011
000011001100
000011001101
000011001110
000011001111
000011010000
000011010001
000011010010
000011010011
000011010100
000011010101
000011010110
000011010111
000011011000
000011011001
000011011010
000011011011
000011011100
000011011101
000011011110
000011011111
000011100000
000011100001
000011100010
000011100011
000011100100
000011100101
000011100110
000011100111
000011101000
000011101001
000011101010
000011101011
000011101100
000011101101
000011101110
000011101111
000011110000
000011110001
000011110010
000011110011
000011110100
000011110101
000011110110
000011110111
000011111000
000011111001
000011111010
000011111011
000011111100
000011111101
000011111110
000011111111
000100000000
000100000001
000100000010
000100000011
000100000100
000100000101
000100000110
000100000111
000100001000
000100001001
000100001010
000100001011
000100001100
000100001101
000100001110
000100001111
000100010000
000100010001
000100010010
000100010011
000100010100
000100010101
000100010110
000100010111
000100011000
000100011001
000100011010
000100011011
000100011100
000100011101
000100011110
000100011111
000100100000
000100100001
000100100010
000100100011
000100100100
000100100101
000100100110
000100100111
000100101000
000100101001
000100101010
000100101011
000100101100
000100101101
000100101110
000100101111
000100110000
000100110001
000100110010
000100110011
000100110100
000100110101
000100110110
000100110111
000100111000
000100111001
000100111010
000100111011
000100111100
000100111101
000100111110
000100111111
000101000000
000101000001
000101000010
000101000011
000101000100
000101000101
000101000110
000101000111
000101001000
000101001001
000101001010
000101001011
000101001100
000101001101
000101001110
000101001111
000101010000
000101010001
000101010010
000101010011
000101010100
000101010101
000101010110
000101010111
000101011000
000101011001
000101011010
000101011011
000101011100
000101011101
000101011110
000101011111
000101100000
000101100001
000101100010
000101100011
000101100100
000101100101
000101100110
000101100111
000101101000
000101101001
000101101010
000101101011
000101101100
000101101101
000101101110
000101101111
000101110000
000101110001
000101110010
000101110011
000101110100
000101110101
000101110110
000101110111
000101111000
000101111001
000101111010
000101111011
000101111100
000101111101
000101111110
000101111111
000110000000
000110000001
000110000010
000110000011
000110000100
000110000101
000110000110
000110000111
000110001000
000110001001
000110001010
000110001011
000110001100
000110001101
000110001110
000110001111
000110010000
000110010001
000110010010
000110010011
000110010100
000110010101
000110010110
000110010111
000110011000
000110011001
000110011010
000110011011
000110011100
000110011101
000110011110
000110011111
000110100000
000110100001
000110100010
000110100011
000110100100
000110100101
000110100110
000110100111
000110101000
000110101001
000110101010
000110101011
000110101100
000110101101
000110101110
000110101111
000110110000
000110110001
000110110010
000110110011
000110110100
000110110101
000110110110
000110110111
000110111000
000110111001
000110111010
000110111011
000110111100
000110111101
000110111110
000110111111
000111000000
000111000001
000111000010
000111000011
000111000100
000111000101
000111000110
000111000111
000111001000
000111001001
000111001010
000111001011
000111001100
000111001101
000111001110
000111001111
000111010000
000111010001
000111010010
000111010011
000111010100
000111010101
000111010110
000111010111
000111011000
000111011001
000111011010
000111011011
000111011100
000111011101
000111011110
000111011111
000111100000
000111100001
000111100010
000111100011
000111100100
000111100101
000111100110
000111100111
00011110100
00011110101
00011110110
00011110111
00011111000
00011111001
00011111010
00011111011
00011111100
00011111101
00011111110
00011111111
00100000000
00100000001
00100000010
00100000011
00100000100
00100000101
00100000110
00100000111
00100001000
00100001001
00100001010
00100001011
00100001100
00100001101
00100001110
00100001111
00100010000
00100010001
00100010010
00100010011
00100010100
00100010101
00100010110
00100010111
00100011000
00100011001
00100011010
00100011011
00100011100
00100011101
00100011110
00100011111
00100100000
00100100001
00100100010
00100100011
00100100100
00100100101
00100100110
00100100111
00100101000
00100101001
00100101010
00100101011
00100101100
00100101101
00100101110
00100101111
00100110000
00100110001
00100110010
00100110011
00100110100
00100110101
00100110110
00100110111
00100111000
00100111001
00100111010
00100111011
00100111100
00100111101
00100111110
00100111111
00101000000
00101000001
00101000010
00101000011
00101000100
00101000101
00101000110
00101000111
00101001000
00101001001
00101001010
00101001011
00101001100
00101001101
00101001110
00101001111
00101010000
00101010001
00101010010
00101010011
00101010100
00101010101
00101010110
00101010111
00101011000
00101011001
00101011010
00101011011
00101011100
00101011101
00101011110
00101011111
00101100000
00101100001
00101100010
00101100011
00101100100
00101100101
00101100110
00101100111
00101101000
00101101001
00101101010
00101101011
00101101100
00101101101
00101101110
00101101111
00101110000
00101110001
00101110010
00101110011
00101110100
00101110101
00101110110
00101110111
00101111000
00101111001
00101111010
00101111011
00101111100
00101111101
00101111110
00101111111
00110000000
00110000001
00110000010
00110000011
00110000100
00110000101
00110000110
00110000111
00110001000
00110001001
00110001010
00110001011
00110001100
00110001101
00110001110
00110001111
00110010000
00110010001
00110010010
00110010011
00110010100
00110010101
00110010110
00110010111
00110011000
00110011001
00110011010
00110011011
00110011100
00110011101
00110011110
00110011111
00110100000
00110100001
00110100010
00110100011
00110100100
00110100101
00110100110
00110100111
00110101000
00110101001
00110101010
00110101011
00110101100
00110101101
00110101110
00110101111
00110110000
00110110001
00110110010
00110110011
00110110100
00110110101
00110110110
00110110111
00110111000
00110111001
00110111010
00110111011
00110111100
00110111101
00110111110
00110111111
00111000000
00111000001
00111000010
00111000011
00111000100
00111000101
00111000110
00111000111
00111001000
00111001001
00111001010
00111001011
00111001100
00111001101
00111001110
00111001111
00111010000
00111010001
00111010010
00111010011
00111010100
00111010101
00111010110
00111010111
00111011000
00111011001
00111011010
00111011011
00111011100
00111011101
00111011110
00111011111
00111100000
00111100001
00111100010
00111100011
00111100100
00111100101
00111100110
00111100111
00111101000
00111101001
00111101010
00111101011
00111101100
00111101101
00111101110
00111101111
00111110000
00111110001
00111110010
00111110011
00111110100
00111110101
00111110110
00111110111
00111111000
00111111001
00111111010
00111111011
00111111100
00111111101
00111111110
00111111111
01000000000
01000000001
01000000010
01000000011
01000000100
01000000101
01000000110
01000000111
01000001000
01000001001
01000001010
01000001011
01000001100
01000001101
01000001110
01000001111
01000010000
01000010001
01000010010
01000010011
01000010100
01000010101
01000010110
01000010111
01000011000
01000011001
01000011010
01000011011
01000011100
01000011101
01000011110
01000011111
01000100000
01000100001
01000100010
01000100011
01000100100
01000100101
01000100110
01000100111
01000101000
01000101001
01000101010
01000101011
01000101100
01000101101
01000101110
01000101111
01000110000
01000110001
01000110010
01000110011
01000110100
01000110101
01000110110
01000110111
01000111000
01000111001
01000111010
01000111011
01000111100
01000111101
01000111110
01000111111
01001000000
01001000001
01001000010
01001000011
01001000100
01001000101
01001000110
01001000111
01001001000
01001001001
01001001010
01001001011
01001001100
01001001101
01001001110
01001001111
01001010000
01001010001
01001010010
01001010011
01001010100
01001010101
01001010110
01001010111
01001011000
01001011001
01001011010
01001011011
01001011100
01001011101
01001011110
01001011111
01001100000
01001100001
01001100010
01001100011
01001100100
01001100101
01001100110
01001100111
01001101000
01001101001
01001101010
01001101011
01001101100
01001101101
01001101110
01001101111
01001110000
01001110001
01001110010
01001110011
01001110100
01001110101
01001110110
01001110111
01001111000
01001111001
01001111010
01001111011
01001111100
01001111101
01001111110
01001111111
01010000000
01010000001
01010000010
01010000011
01010000100
01010000101
01010000110
01010000111
01010001000
01010001001
01010001010
01010001011
01010001100
01010001101
01010001110
01010001111
01010010000
01010010001
01010010010
01010010011
01010010100
01010010101
01010010110
01010010111
01010011000
01010011001
01010011010
01010011011
01010011100
01010011101
01010011110
01010011111
01010100000
01010100001
01010100010
01010100011
01010100100
01010100101
01010100110
01010100111
01010101000
01010101001
01010101010
01010101011
01010101100
01010101101
01010101110
01010101111
01010110000
01010110001
01010110010
01010110011
01010110100
01010110101
01010110110
01010110111
01010111000
01010111001
01010111010
01010111011
01010111100
01010111101
01010111110
01010111111
01011000000
01011000001
01011000010
01011000011
01011000100
01011000101
01011000110
01011000111
01011001000
01011001001
01011001010
01011001011
01011001100
01011001101
01011001110
01011001111
01011010000
01011010001
01011010010
01011010011
01011010100
01011010101
01011010110
01011010111
01011011000
01011011001
01011011010
01011011011
01011011100
01011011101
01011011110
01011011111
01011100000
01011100001
01011100010
01011100011
01011100100
01011100101
01011100110
01011100111
01011101000
01011101001
01011101010
01011101011
01011101100
01011101101
01011101110
01011101111
01011110000
01011110001
01011110010
01011110011
01011110100
01011110101
01011110110
01011110111
01011111000
01011111001
01011111010
01011111011
01011111100
01011111101
01011111110
01011111111
01100000000
01100000001
01100000010
01100000011
01100000100
01100000101
01100000110
01100000111
01100001000
01100001001
01100001010
01100001011
01100001100
01100001101
01100001110
01100001111
01100010000
01100010001
01100010010
01100010011
01100010100
01100010101
01100010110
01100010111
01100011000
01100011001
01100011010
01100011011
01100011100
01100011101
01100011110
01100011111
01100100000
01100100001
01100100010
01100100011
01100100100
01100100101
01100100110
01100100111
01100101000
01100101001
01100101010
01100101011
01100101100
01100101101
01100101110
01100101111
01100110000
01100110001
01100110010
01100110011
01100110100
01100110101
01100110110
01100110111
01100111000
01100111001
01100111010
01100111011
01100111100
01100111101
01100111110
01100111111
01101000000
01101000001
01101000010
01101000011
01101000100
01101000101
01101000110
01101000111
01101001000
01101001001
01101001010
01101001011
01101001100
01101001101
01101001110
01101001111
01101010000
01101010001
01101010010
01101010011
01101010100
01101010101
01101010110
01101010111
01101011000
01101011001
01101011010
01101011011
01101011100
01101011101
01101011110
01101011111
01101100000
01101100001
01101100010
01101100011
01101100100
01101100101
01101100110
01101100111
01101101000
01101101001
01101101010
01101101011
01101101100
01101101101
01101101110
01101101111
01101110000
01101110001
01101110010
01101110011
01101110100
01101110101
01101110110
01101110111
01101111000
01101111001
01101111010
01101111011
01101111100
01101111101
01101111110
01101111111
01110000000
01110000001
01110000010
01110000011
01110000100
01110000101
01110000110
01110000111
01110001000
01110001001
01110001010
01110001011
01110001100
01110001101
01110001110
01110001111
01110010000
01110010001
01110010010
01110010011
01110010100
01110010101
01110010110
01110010111
01110011000
01110011001
01110011010
01110011011
01110011100
01110011101
01110011110
01110011111
01110100000
01110100001
01110100010
01110100011
01110100100
01110100101
01110100110
01110100111
01110101000
01110101001
01110101010
01110101011
01110101100
01110101101
01110101110
01110101111
01110110000
01110110001
01110110010
01110110011
01110110100
01110110101
01110110110
01110110111
01110111000
01110111001
01110111010
01110111011
01110111100
01110111101
01110111110
01110111111
01111000000
01111000001
01111000010
01111000011
01111000100
01111000101
01111000110
01111000111
01111001000
01111001001
01111001010
01111001011
01111001100
01111001101
01111001110
01111001111
0111101000
0111101001
0111101010
0111101011
0111101100
0111101101
0111101110
0111101111
0111110000
0111110001
0111110010
0111110011
0111110100
0111110101
0111110110
0111110111
0111111000
0111111001
0111111010
0111111011
0111111100
0111111101
0111111110
0111111111
1000000000
1000000001
1000000010
1000000011
1000000100
1000000101
1000000110
1000000111
1000001000
1000001001
1000001010
1000001011
1000001100
1000001101
1000001110
1000001111
1000010000
1000010001
1000010010
1000010011
1000010100
1000010101
1000010110
1000010111
1000011000
1000011001
1000011010
1000011011
1000011100
1000011101
1000011110
1000011111
1000100000
1000100001
1000100010
1000100011
1000100100
1000100101
1000100110
1000100111
1000101000
1000101001
1000101010
1000101011
1000101100
1000101101
1000101110
1000101111
1000110000
1000110001
1000110010
1000110011
1000110100
1000110101
1000110110
1000110111
1000111000
1000111001
1000111010
1000111011
1000111100
1000111101
1000111110
1000111111
1001000000
1001000001
1001000010
1001000011
1001000100
1001000101
1001000110
1001000111
1001001000
1001001001
1001001010
1001001011
1001001100
1001001101
1001001110
1001001111
1001010000
1001010001
1001010010
1001010011
1001010100
1001010101
1001010110
1001010111
1001011000
1001011001
1001011010
1001011011
1001011100
1001011101
1001011110
1001011111
1001100000
1001100001
1001100010
1001100011
1001100100
1001100101
1001100110
1001100111
1001101000
1001101001
1001101010
1001101011
1001101100
1001101101
1001101110
1001101111
1001110000
1001110001
1001110010
1001110011
1001110100
1001110101
1001110110
1001110111
1001111000
1001111001
1001111010
1001111011
1001111100
1001111101
1001111110
1001111111
1010000000
1010000001
1010000010
1010000011
1010000100
1010000101
1010000110
1010000111
1010001000
1010001001
1010001010
1010001011
1010001100
1010001101
1010001110
1010001111
1010010000
1010010001
1010010010
1010010011
1010010100
1010010101
1010010110
1010010111
1010011000
1010011001
1010011010
1010011011
1010011100
1010011101
1010011110
1010011111
1010100000
1010100001
1010100010
1010100011
1010100100
1010100101
1010100110
1010100111
1010101000
1010101001
1010101010
1010101011
1010101100
1010101101
1010101110
1010101111
1010110000
1010110001
1010110010
1010110011
1010110100
1010110101
1010110110
1010110111
1010111000
1010111001
1010111010
1010111011
1010111100
1010111101
1010111110
1010111111
1011000000
1011000001
1011000010
1011000011
1011000100
1011000101
1011000110
1011000111
1011001000
1011001001
1011001010
1011001011
1011001100
1011001101
1011001110
1011001111
1011010000
1011010001
1011010010
1011010011
1011010100
1011010101
1011010110
1011010111
1011011000
1011011001
1011011010
1011011011
1011011100
1011011101
1011011110
1011011111
1011100000
1011100001
1011100010
1011100011
1011100100
1011100101
1011100110
1011100111
1011101000
1011101001
1011101010
1011101011
1011101100
1011101101
1011101110
1011101111
1011110000
1011110001
1011110010
1011110011
1011110100
1011110101
1011110110
1011110111
1011111000
1011111001
1011111010
1011111011
1011111100
1011111101
1011111110
1011111111
1100000000
1100000001
1100000010
1100000011
1100000100
1100000101
1100000110
1100000111
1100001000
1100001001
1100001010
1100001011
1100001100
1100001101
1100001110
1100001111
1100010000
1100010001
1100010010
1100010011
1100010100
1100010101
1100010110
1100010111
1100011000
1100011001
1100011010
1100011011
1100011100
1100011101
1100011110
1100011111
1100100000
1100100001
1100100010
1100100011
1100100100
1100100101
1100100110
1100100111
1100101000
1100101001
1100101010
1100101011
1100101100
1100101101
1100101110
1100101111
1100110000
1100110001
1100110010
1100110011
1100110100
1100110101
1100110110
1100110111
1100111000
1100111001
1100111010
1100111011
1100111100
1100111101
1100111110
1100111111
1101000000
1101000001
1101000010
1101000011
1101000100
1101000101
1101000110
1101000111
1101001000
1101001001
1101001010
1101001011
1101001100
1101001101
1101001110
1101001111
1101010000
1101010001
1101010010
1101010011
1101010100
1101010101
1101010110
1101010111
1101011000
1101011001
1101011010
1101011011
1101011100
1101011101
1101011110
1101011111
1101100000
1101100001
1101100010
1101100011
1101100100
1101100101
1101100110
1101100111
1101101000
1101101001
1101101010
1101101011
1101101100
1101101101
1101101110
1101101111
1101110000
1101110001
1101110010
1101110011
1101110100
1101110101
1101110110
1101110111
1101111000
1101111001
1101111010
1101111011
1101111100
1101111101
1101111110
1101111111
1110000000
1110000001
1110000010
1110000011
1110000100
1110000101
1110000110
1110000111
1110001000
1110001001
1110001010
1110001011
1110001100
1110001101
1110001110
1110001111
1110010000
1110010001
1110010010
1110010011
1110010100
1110010101
1110010110
1110010111
1110011000
1110011001
1110011010
1110011011
1110011100
1110011101
1110011110
1110011111
1110100000
1110100001
1110100010
1110100011
1110100100
1110100101
1110100110
1110100111
1110101000
1110101001
1110101010
1110101011
1110101100
1110101101
1110101110
1110101111
1110110000
1110110001
1110110010
1110110011
1110110100
1110110101
1110110110
1110110111
1110111000
1110111001
1110111010
1110111011
1110111100
1110111101
1110111110
1110111111
1111000000
1111000001
1111000010
1111000011
1111000100
1111000101
1111000110
1111000111
1111001000
1111001001
1111001010
1111001011
1111001100
1111001101
1111001110
1111001111
1111010000
1111010001
1111010010
1111010011
1111010100
1111010101
1111010110
1111010111
1111011000
1111011001
1111011010
1111011011
1111011100
1111011101
1111011110
1111011111
1111100000
1111100001
1111100010
1111100011
1111100100
1111100101
1111100110
1111100111
1111101000
1111101001
1111101010
1111101011
1111101100
1111101101
1111101110
1111101111
1111110000
1111110001
1111110010
1111110011
1111110100
1111110101
1111110110
1111110111
1111111000
1111111001
1111111010
1111111011
1111111100
1111111101
1111111110
1111111111
