27693199747
000000000000000000000000000000
000000000000000000000000000001
00000000000000000000000000001
0000000000000000000000000001
000000000000000000000000001
00000000000000000000000001
00000000000000000000000010
00000000000000000000000011
0000000000000000000000010
0000000000000000000000011
000000000000000000000010
000000000000000000000011
000000000000000000000100
000000000000000000000101
00000000000000000000011
00000000000000000000100
00000000000000000000101
00000000000000000000110
00000000000000000000111
00000000000000000001000
00000000000000000001001
0000000000000000000101
0000000000000000000110
0000000000000000000111
0000000000000000001000
0000000000000000001001
0000000000000000001010
0000000000000000001011
0000000000000000001100
0000000000000000001101
000000000000000000111
000000000000000001000
000000000000000001001
000000000000000001010
000000000000000001011
000000000000000001100
000000000000000001101
000000000000000001110
000000000000000001111
000000000000000010000
000000000000000010001
00000000000000001001
00000000000000001010
00000000000000001011
00000000000000001100
00000000000000001101
00000000000000001110
00000000000000001111
00000000000000010000
00000000000000010001
00000000000000010010
00000000000000010011
00000000000000010100
00000000000000010101
00000000000000010110
00000000000000010111
00000000000000011000
00000000000000011001
00000000000000011010
00000000000000011011
0000000000000001110
0000000000000001111
0000000000000010000
0000000000000010001
0000000000000010010
0000000000000010011
0000000000000010100
0000000000000010101
0000000000000010110
0000000000000010111
0000000000000011000
0000000000000011001
0000000000000011010
0000000000000011011
0000000000000011100
0000000000000011101
0000000000000011110
0000000000000011111
0000000000000100000
0000000000000100001
0000000000000100010
0000000000000100011
0000000000000100100
0000000000000100101
000000000000010011
000000000000010100
000000000000010101
000000000000010110
000000000000010111
000000000000011000
000000000000011001
000000000000011010
000000000000011011
000000000000011100
000000000000011101
000000000000011110
000000000000011111
000000000000100000
000000000000100001
000000000000100010
000000000000100011
000000000000100100
000000000000100101
000000000000100110
000000000000100111
000000000000101000
000000000000101001
000000000000101010
000000000000101011
000000000000101100
000000000000101101
000000000000101110
000000000000101111
000000000000110000
000000000000110001
000000000000110010
000000000000110011
000000000000110100
000000000000110101
00000000000011011
00000000000011100
00000000000011101
00000000000011110
00000000000011111
00000000000100000
00000000000100001
00000000000100010
00000000000100011
00000000000100100
00000000000100101
00000000000100110
00000000000100111
00000000000101000
00000000000101001
00000000000101010
00000000000101011
00000000000101100
00000000000101101
00000000000101110
00000000000101111
00000000000110000
00000000000110001
00000000000110010
00000000000110011
00000000000110100
00000000000110101
00000000000110110
00000000000110111
00000000000111000
00000000000111001
00000000000111010
00000000000111011
00000000000111100
00000000000111101
00000000000111110
00000000000111111
00000000001000000
00000000001000001
00000000001000010
00000000001000011
00000000001000100
00000000001000101
00000000001000110
00000000001000111
00000000001001000
00000000001001001
00000000001001010
00000000001001011
00000000001001100
00000000001001101
0000000000100111
0000000000101000
0000000000101001
0000000000101010
0000000000101011
0000000000101100
0000000000101101
0000000000101110
0000000000101111
0000000000110000
0000000000110001
0000000000110010
0000000000110011
0000000000110100
0000000000110101
0000000000110110
0000000000110111
0000000000111000
0000000000111001
0000000000111010
0000000000111011
0000000000111100
0000000000111101
0000000000111110
0000000000111111
0000000001000000
0000000001000001
0000000001000010
0000000001000011
0000000001000100
0000000001000101
0000000001000110
0000000001000111
0000000001001000
0000000001001001
0000000001001010
0000000001001011
0000000001001100
0000000001001101
0000000001001110
0000000001001111
0000000001010000
0000000001010001
0000000001010010
0000000001010011
0000000001010100
0000000001010101
0000000001010110
0000000001010111
0000000001011000
0000000001011001
0000000001011010
0000000001011011
0000000001011100
0000000001011101
0000000001011110
0000000001011111
0000000001100000
0000000001100001
0000000001100010
0000000001100011
0000000001100100
0000000001100101
0000000001100110
0000000001100111
0000000001101000
0000000001101001
0000000001101010
0000000001101011
0000000001101100
0000000001101101
000000000110111
000000000111000
000000000111001
000000000111010
000000000111011
000000000111100
000000000111101
000000000111110
000000000111111
000000001000000
000000001000001
000000001000010
000000001000011
000000001000100
000000001000101
000000001000110
000000001000111
000000001001000
000000001001001
000000001001010
000000001001011
000000001001100
000000001001101
000000001001110
000000001001111
000000001010000
000000001010001
000000001010010
000000001010011
000000001010100
000000001010101
000000001010110
000000001010111
000000001011000
000000001011001
000000001011010
000000001011011
000000001011100
000000001011101
000000001011110
000000001011111
000000001100000
000000001100001
000000001100010
000000001100011
000000001100100
000000001100101
000000001100110
000000001100111
000000001101000
000000001101001
000000001101010
000000001101011
000000001101100
000000001101101
000000001101110
000000001101111
000000001110000
000000001110001
000000001110010
000000001110011
000000001110100
000000001110101
000000001110110
000000001110111
000000001111000
000000001111001
000000001111010
000000001111011
000000001111100
000000001111101
000000001111110
000000001111111
000000010000000
000000010000001
000000010000010
000000010000011
000000010000100
000000010000101
000000010000110
000000010000111
000000010001000
000000010001001
000000010001010
000000010001011
000000010001100
000000010001101
000000010001110
000000010001111
000000010010000
000000010010001
000000010010010
000000010010011
000000010010100
000000010010101
000000010010110
000000010010111
000000010011000
000000010011001
00000001001101
00000001001110
00000001001111
00000001010000
00000001010001
00000001010010
00000001010011
00000001010100
00000001010101
00000001010110
00000001010111
00000001011000
00000001011001
00000001011010
00000001011011
00000001011100
00000001011101
00000001011110
00000001011111
00000001100000
00000001100001
00000001100010
00000001100011
00000001100100
00000001100101
00000001100110
00000001100111
00000001101000
00000001101001
00000001101010
00000001101011
00000001101100
00000001101101
00000001101110
00000001101111
00000001110000
00000001110001
00000001110010
00000001110011
00000001110100
00000001110101
00000001110110
00000001110111
00000001111000
00000001111001
00000001111010
00000001111011
00000001111100
00000001111101
00000001111110
00000001111111
00000010000000
00000010000001
00000010000010
00000010000011
00000010000100
00000010000101
00000010000110
00000010000111
00000010001000
00000010001001
00000010001010
00000010001011
00000010001100
00000010001101
00000010001110
00000010001111
00000010010000
00000010010001
00000010010010
00000010010011
00000010010100
00000010010101
00000010010110
00000010010111
00000010011000
00000010011001
00000010011010
00000010011011
00000010011100
00000010011101
00000010011110
00000010011111
00000010100000
00000010100001
00000010100010
00000010100011
00000010100100
00000010100101
00000010100110
00000010100111
00000010101000
00000010101001
00000010101010
00000010101011
00000010101100
00000010101101
00000010101110
00000010101111
00000010110000
00000010110001
00000010110010
00000010110011
00000010110100
00000010110101
00000010110110
00000010110111
00000010111000
00000010111001
00000010111010
00000010111011
00000010111100
00000010111101
00000010111110
00000010111111
00000011000000
00000011000001
00000011000010
00000011000011
00000011000100
00000011000101
00000011000110
00000011000111
00000011001000
00000011001001
00000011001010
00000011001011
00000011001100
00000011001101
00000011001110
00000011001111
00000011010000
00000011010001
00000011010010
00000011010011
00000011010100
00000011010101
00000011010110
00000011010111
00000011011000
00000011011001
0000001101101
0000001101110
0000001101111
0000001110000
0000001110001
0000001110010
0000001110011
0000001110100
0000001110101
0000001110110
0000001110111
0000001111000
0000001111001
0000001111010
0000001111011
0000001111100
0000001111101
0000001111110
0000001111111
0000010000000
0000010000001
0000010000010
0000010000011
0000010000100
0000010000101
0000010000110
0000010000111
0000010001000
0000010001001
0000010001010
0000010001011
0000010001100
0000010001101
0000010001110
0000010001111
0000010010000
0000010010001
0000010010010
0000010010011
0000010010100
0000010010101
0000010010110
0000010010111
0000010011000
0000010011001
0000010011010
0000010011011
0000010011100
0000010011101
0000010011110
0000010011111
0000010100000
0000010100001
0000010100010
0000010100011
0000010100100
0000010100101
0000010100110
0000010100111
0000010101000
0000010101001
0000010101010
0000010101011
0000010101100
0000010101101
0000010101110
0000010101111
0000010110000
0000010110001
0000010110010
0000010110011
0000010110100
0000010110101
0000010110110
0000010110111
0000010111000
0000010111001
0000010111010
0000010111011
0000010111100
0000010111101
0000010111110
0000010111111
0000011000000
0000011000001
0000011000010
0000011000011
0000011000100
0000011000101
0000011000110
0000011000111
0000011001000
0000011001001
0000011001010
0000011001011
0000011001100
0000011001101
0000011001110
0000011001111
0000011010000
0000011010001
0000011010010
0000011010011
0000011010100
0000011010101
0000011010110
0000011010111
0000011011000
0000011011001
0000011011010
0000011011011
0000011011100
0000011011101
0000011011110
0000011011111
0000011100000
0000011100001
0000011100010
0000011100011
0000011100100
0000011100101
0000011100110
0000011100111
0000011101000
0000011101001
0000011101010
0000011101011
0000011101100
0000011101101
0000011101110
0000011101111
0000011110000
0000011110001
0000011110010
0000011110011
0000011110100
0000011110101
0000011110110
0000011110111
0000011111000
0000011111001
0000011111010
0000011111011
0000011111100
0000011111101
0000011111110
0000011111111
0000100000000
0000100000001
0000100000010
0000100000011
0000100000100
0000100000101
0000100000110
0000100000111
0000100001000
0000100001001
0000100001010
0000100001011
0000100001100
0000100001101
0000100001110
0000100001111
0000100010000
0000100010001
0000100010010
0000100010011
0000100010100
0000100010101
0000100010110
0000100010111
0000100011000
0000100011001
0000100011010
0000100011011
0000100011100
0000100011101
0000100011110
0000100011111
0000100100000
0000100100001
0000100100010
0000100100011
0000100100100
0000100100101
0000100100110
0000100100111
0000100101000
0000100101001
0000100101010
0000100101011
0000100101100
0000100101101
0000100101110
0000100101111
0000100110000
0000100110001
0000100110010
0000100110011
000010011010
000010011011
000010011100
000010011101
000010011110
000010011111
000010100000
000010100001
000010100010
000010100011
000010100100
000010100101
000010100110
000010100111
000010101000
000010101001
000010101010
000010101011
000010101100
000010101101
000010101110
000010101111
000010110000
000010110001
000010110010
000010110011
000010110100
000010110101
000010110110
000010110111
000010111000
000010111001
000010111010
000010111011
000010111100
000010111101
000010111110
000010111111
000011000000
000011000001
000011000010
000011000011
000011000100
000011000101
000011000110
000011000111
000011001000
000011001001
000011001010
000011001011
000011001100
000011001101
000011001110
000011001111
000011010000
000011010001
000011010010
000011010011
000011010100
000011010101
000011010110
000011010111
000011011000
000011011001
000011011010
000011011011
000011011100
000011011101
000011011110
000011011111
000011100000
000011100001
000011100010
000011100011
000011100100
000011100101
000011100110
000011100111
000011101000
000011101001
000011101010
000011101011
000011101100
000011101101
000011101110
000011101111
000011110000
000011110001
000011110010
000011110011
000011110100
000011110101
000011110110
000011110111
000011111000
000011111001
000011111010
000011111011
000011111100
000011111101
000011111110
000011111111
000100000000
000100000001
000100000010
000100000011
000100000100
000100000101
000100000110
000100000111
000100001000
000100001001
000100001010
000100001011
000100001100
000100001101
000100001110
000100001111
000100010000
000100010001
000100010010
000100010011
000100010100
000100010101
000100010110
000100010111
000100011000
000100011001
000100011010
000100011011
000100011100
000100011101
000100011110
000100011111
000100100000
000100100001
000100100010
000100100011
000100100100
000100100101
000100100110
000100100111
000100101000
000100101001
000100101010
000100101011
000100101100
000100101101
000100101110
000100101111
000100110000
000100110001
000100110010
000100110011
000100110100
000100110101
000100110110
000100110111
000100111000
000100111001
000100111010
000100111011
000100111100
000100111101
000100111110
000100111111
000101000000
000101000001
000101000010
000101000011
000101000100
000101000101
000101000110
000101000111
000101001000
000101001001
000101001010
000101001011
000101001100
000101001101
000101001110
000101001111
000101010000
000101010001
000101010010
000101010011
000101010100
000101010101
000101010110
000101010111
000101011000
000101011001
000101011010
000101011011
000101011100
000101011101
000101011110
000101011111
000101100000
000101100001
000101100010
000101100011
000101100100
000101100101
000101100110
000101100111
000101101000
000101101001
000101101010
000101101011
000101101100
000101101101
000101101110
000101101111
000101110000
000101110001
000101110010
000101110011
000101110100
000101110101
000101110110
000101110111
000101111000
000101111001
000101111010
000101111011
000101111100
000101111101
000101111110
000101111111
000110000000
000110000001
000110000010
000110000011
000110000100
000110000101
000110000110
000110000111
000110001000
000110001001
000110001010
000110001011
000110001100
000110001101
000110001110
000110001111
000110010000
000110010001
000110010010
000110010011
000110010100
000110010101
000110010110
000110010111
000110011000
000110011001
000110011010
000110011011
000110011100
000110011101
000110011110
000110011111
000110100000
000110100001
000110100010
000110100011
000110100100
000110100101
000110100110
000110100111
000110101000
000110101001
000110101010
000110101011
000110101100
000110101101
000110101110
000110101111
000110110000
000110110001
000110110010
000110110011
00011011010
00011011011
00011011100
00011011101
00011011110
00011011111
00011100000
00011100001
00011100010
00011100011
00011100100
00011100101
00011100110
00011100111
00011101000
00011101001
00011101010
00011101011
00011101100
00011101101
00011101110
00011101111
00011110000
00011110001
00011110010
00011110011
00011110100
00011110101
00011110110
00011110111
00011111000
00011111001
00011111010
00011111011
00011111100
00011111101
00011111110
00011111111
00100000000
00100000001
00100000010
00100000011
00100000100
00100000101
00100000110
00100000111
00100001000
00100001001
00100001010
00100001011
00100001100
00100001101
00100001110
00100001111
00100010000
00100010001
00100010010
00100010011
00100010100
00100010101
00100010110
00100010111
00100011000
00100011001
00100011010
00100011011
00100011100
00100011101
00100011110
00100011111
00100100000
00100100001
00100100010
00100100011
00100100100
00100100101
00100100110
00100100111
00100101000
00100101001
00100101010
00100101011
00100101100
00100101101
00100101110
00100101111
00100110000
00100110001
00100110010
00100110011
00100110100
00100110101
00100110110
00100110111
00100111000
00100111001
00100111010
00100111011
00100111100
00100111101
00100111110
00100111111
00101000000
00101000001
00101000010
00101000011
00101000100
00101000101
00101000110
00101000111
00101001000
00101001001
00101001010
00101001011
00101001100
00101001101
00101001110
00101001111
00101010000
00101010001
00101010010
00101010011
00101010100
00101010101
00101010110
00101010111
00101011000
00101011001
00101011010
00101011011
00101011100
00101011101
00101011110
00101011111
00101100000
00101100001
00101100010
00101100011
00101100100
00101100101
00101100110
00101100111
00101101000
00101101001
00101101010
00101101011
00101101100
00101101101
00101101110
00101101111
00101110000
00101110001
00101110010
00101110011
00101110100
00101110101
00101110110
00101110111
00101111000
00101111001
00101111010
00101111011
00101111100
00101111101
00101111110
00101111111
00110000000
00110000001
00110000010
00110000011
00110000100
00110000101
00110000110
00110000111
00110001000
00110001001
00110001010
00110001011
00110001100
00110001101
00110001110
00110001111
00110010000
00110010001
00110010010
00110010011
00110010100
00110010101
00110010110
00110010111
00110011000
00110011001
00110011010
00110011011
00110011100
00110011101
00110011110
00110011111
00110100000
00110100001
00110100010
00110100011
00110100100
00110100101
00110100110
00110100111
00110101000
00110101001
00110101010
00110101011
00110101100
00110101101
00110101110
00110101111
00110110000
00110110001
00110110010
00110110011
00110110100
00110110101
00110110110
00110110111
00110111000
00110111001
00110111010
00110111011
00110111100
00110111101
00110111110
00110111111
00111000000
00111000001
00111000010
00111000011
00111000100
00111000101
00111000110
00111000111
00111001000
00111001001
00111001010
00111001011
00111001100
00111001101
00111001110
00111001111
00111010000
00111010001
00111010010
00111010011
00111010100
00111010101
00111010110
00111010111
00111011000
00111011001
00111011010
00111011011
00111011100
00111011101
00111011110
00111011111
00111100000
00111100001
00111100010
00111100011
00111100100
00111100101
00111100110
00111100111
00111101000
00111101001
00111101010
00111101011
00111101100
00111101101
00111101110
00111101111
00111110000
00111110001
00111110010
00111110011
00111110100
00111110101
00111110110
00111110111
00111111000
00111111001
00111111010
00111111011
00111111100
00111111101
00111111110
00111111111
01000000000
01000000001
01000000010
01000000011
01000000100
01000000101
01000000110
01000000111
01000001000
01000001001
01000001010
01000001011
01000001100
01000001101
01000001110
01000001111
01000010000
01000010001
01000010010
01000010011
01000010100
01000010101
01000010110
01000010111
01000011000
01000011001
01000011010
01000011011
01000011100
01000011101
01000011110
01000011111
01000100000
01000100001
01000100010
01000100011
01000100100
01000100101
01000100110
01000100111
01000101000
01000101001
01000101010
01000101011
01000101100
01000101101
01000101110
01000101111
01000110000
01000110001
01000110010
01000110011
01000110100
01000110101
01000110110
01000110111
01000111000
01000111001
01000111010
01000111011
01000111100
01000111101
01000111110
01000111111
01001000000
01001000001
01001000010
01001000011
01001000100
01001000101
01001000110
01001000111
01001001000
01001001001
01001001010
01001001011
01001001100
01001001101
01001001110
01001001111
01001010000
01001010001
01001010010
01001010011
01001010100
01001010101
01001010110
01001010111
01001011000
01001011001
01001011010
01001011011
01001011100
01001011101
01001011110
01001011111
01001100000
01001100001
01001100010
01001100011
01001100100
01001100101
01001100110
01001100111
0100110100
0100110101
0100110110
0100110111
0100111000
0100111001
0100111010
0100111011
0100111100
0100111101
0100111110
0100111111
0101000000
0101000001
0101000010
0101000011
0101000100
0101000101
0101000110
0101000111
0101001000
0101001001
0101001010
0101001011
0101001100
0101001101
0101001110
0101001111
0101010000
0101010001
0101010010
0101010011
0101010100
0101010101
0101010110
0101010111
0101011000
0101011001
0101011010
0101011011
0101011100
0101011101
0101011110
0101011111
0101100000
0101100001
0101100010
0101100011
0101100100
0101100101
0101100110
0101100111
0101101000
0101101001
0101101010
0101101011
0101101100
0101101101
0101101110
0101101111
0101110000
0101110001
0101110010
0101110011
0101110100
0101110101
0101110110
0101110111
0101111000
0101111001
0101111010
0101111011
0101111100
0101111101
0101111110
0101111111
0110000000
0110000001
0110000010
0110000011
0110000100
0110000101
0110000110
0110000111
0110001000
0110001001
0110001010
0110001011
0110001100
0110001101
0110001110
0110001111
0110010000
0110010001
0110010010
0110010011
0110010100
0110010101
0110010110
0110010111
0110011000
0110011001
0110011010
0110011011
0110011100
0110011101
0110011110
0110011111
0110100000
0110100001
0110100010
0110100011
0110100100
0110100101
0110100110
0110100111
0110101000
0110101001
0110101010
0110101011
0110101100
0110101101
0110101110
0110101111
0110110000
0110110001
0110110010
0110110011
0110110100
0110110101
0110110110
0110110111
0110111000
0110111001
0110111010
0110111011
0110111100
0110111101
0110111110
0110111111
0111000000
0111000001
0111000010
0111000011
0111000100
0111000101
0111000110
0111000111
0111001000
0111001001
0111001010
0111001011
0111001100
0111001101
0111001110
0111001111
0111010000
0111010001
0111010010
0111010011
0111010100
0111010101
0111010110
0111010111
0111011000
0111011001
0111011010
0111011011
0111011100
0111011101
0111011110
0111011111
0111100000
0111100001
0111100010
0111100011
0111100100
0111100101
0111100110
0111100111
0111101000
0111101001
0111101010
0111101011
0111101100
0111101101
0111101110
0111101111
0111110000
0111110001
0111110010
0111110011
0111110100
0111110101
0111110110
0111110111
0111111000
0111111001
0111111010
0111111011
0111111100
0111111101
0111111110
0111111111
1000000000
1000000001
1000000010
1000000011
1000000100
1000000101
1000000110
1000000111
1000001000
1000001001
1000001010
1000001011
1000001100
1000001101
1000001110
1000001111
1000010000
1000010001
1000010010
1000010011
1000010100
1000010101
1000010110
1000010111
1000011000
1000011001
1000011010
1000011011
1000011100
1000011101
1000011110
1000011111
1000100000
1000100001
1000100010
1000100011
1000100100
1000100101
1000100110
1000100111
1000101000
1000101001
1000101010
1000101011
1000101100
1000101101
1000101110
1000101111
1000110000
1000110001
1000110010
1000110011
1000110100
1000110101
1000110110
1000110111
1000111000
1000111001
1000111010
1000111011
1000111100
1000111101
1000111110
1000111111
1001000000
1001000001
1001000010
1001000011
1001000100
1001000101
1001000110
1001000111
1001001000
1001001001
1001001010
1001001011
1001001100
1001001101
1001001110
1001001111
1001010000
1001010001
1001010010
1001010011
1001010100
1001010101
1001010110
1001010111
1001011000
1001011001
1001011010
1001011011
1001011100
1001011101
1001011110
1001011111
1001100000
1001100001
1001100010
1001100011
1001100100
1001100101
1001100110
1001100111
1001101000
1001101001
1001101010
1001101011
1001101100
1001101101
1001101110
1001101111
1001110000
1001110001
1001110010
1001110011
1001110100
1001110101
1001110110
1001110111
1001111000
1001111001
1001111010
1001111011
1001111100
1001111101
1001111110
1001111111
1010000000
1010000001
1010000010
1010000011
1010000100
1010000101
1010000110
1010000111
1010001000
1010001001
1010001010
1010001011
1010001100
1010001101
1010001110
1010001111
1010010000
1010010001
1010010010
1010010011
1010010100
1010010101
1010010110
1010010111
1010011000
1010011001
1010011010
1010011011
1010011100
1010011101
1010011110
1010011111
1010100000
1010100001
1010100010
1010100011
1010100100
1010100101
1010100110
1010100111
1010101000
1010101001
1010101010
1010101011
1010101100
1010101101
1010101110
1010101111
1010110000
1010110001
1010110010
1010110011
1010110100
1010110101
1010110110
1010110111
1010111000
1010111001
1010111010
1010111011
1010111100
1010111101
1010111110
1010111111
1011000000
1011000001
1011000010
1011000011
1011000100
1011000101
1011000110
1011000111
1011001000
1011001001
1011001010
1011001011
1011001100
1011001101
1011001110
1011001111
1011010000
1011010001
1011010010
1011010011
1011010100
1011010101
1011010110
1011010111
1011011000
1011011001
1011011010
1011011011
1011011100
1011011101
1011011110
1011011111
1011100000
1011100001
1011100010
1011100011
1011100100
1011100101
1011100110
1011100111
1011101000
1011101001
1011101010
1011101011
1011101100
1011101101
1011101110
1011101111
1011110000
1011110001
1011110010
1011110011
1011110100
1011110101
1011110110
1011110111
1011111000
1011111001
1011111010
1011111011
1011111100
1011111101
1011111110
1011111111
1100000000
1100000001
1100000010
1100000011
1100000100
1100000101
1100000110
1100000111
1100001000
1100001001
1100001010
1100001011
1100001100
1100001101
1100001110
1100001111
1100010000
1100010001
1100010010
1100010011
1100010100
1100010101
1100010110
1100010111
1100011000
1100011001
1100011010
1100011011
1100011100
1100011101
1100011110
1100011111
1100100000
1100100001
1100100010
1100100011
1100100100
1100100101
1100100110
1100100111
1100101000
1100101001
1100101010
1100101011
1100101100
1100101101
1100101110
1100101111
1100110000
1100110001
1100110010
1100110011
1100110100
1100110101
1100110110
1100110111
1100111000
1100111001
1100111010
1100111011
1100111100
1100111101
1100111110
1100111111
1101000000
1101000001
1101000010
1101000011
1101000100
1101000101
1101000110
1101000111
1101001000
1101001001
1101001010
1101001011
1101001100
1101001101
1101001110
1101001111
1101010000
1101010001
1101010010
1101010011
1101010100
1101010101
1101010110
1101010111
1101011000
1101011001
1101011010
1101011011
1101011100
1101011101
1101011110
1101011111
1101100000
1101100001
1101100010
1101100011
1101100100
1101100101
1101100110
1101100111
110110100
110110101
110110110
110110111
110111000
110111001
110111010
110111011
110111100
110111101
110111110
110111111
111000000
111000001
111000010
111000011
111000100
111000101
111000110
111000111
111001000
111001001
111001010
111001011
111001100
111001101
111001110
111001111
111010000
111010001
111010010
111010011
111010100
111010101
111010110
111010111
111011000
111011001
111011010
111011011
111011100
111011101
111011110
111011111
111100000
111100001
111100010
111100011
111100100
111100101
111100110
111100111
111101000
111101001
111101010
111101011
111101100
111101101
111101110
111101111
111110000
111110001
111110010
111110011
111110100
111110101
111110110
111110111
111111000
111111001
111111010
111111011
111111100
111111101
111111110
111111111
