7046901886500
00000000000
00000000001
00000000010
0000000001100
00000000011010
00000000011011
000000000111
0000000010
0000000011
0000000100
000000010100
000000010101
000000010110
000000010111
0000000110
0000000111
00000010000
00000010001
000000100100
000000100101
00000010011
000000101
0000001100
0000001101000
0000001101001
000000110101
00000011011
000000111000
000000111001
00000011101
0000001111
00000100000
000001000010
000001000011
0000010001
0000010010
00000100110
00000100111
0000010100
00000101010
000001010110
000001010111
00000101100
0000010110100
0000010110101
000001011011
0000010111
0000011000000
0000011000001
000001100001
0000011000100
0000011000101
000001100011
0000011001
0000011010
0000011011000
0000011011001
000001101101
000001101110
000001101111
000001110000
000001110001
00000111001
00000111010
00000111011
0000011110000
0000011110001
0000011110010
0000011110011
00000111101
0000011111
000010000000
000010000001
00001000001
0000100001
00001000100
000010001010
000010001011
0000100011
00001001000
00001001001
0000100101
000010011000
000010011001
00001001101000
00001001101001
0000100110101
000010011011
0000100111
00001010000
000010100010
000010100011
00001010010
000010100110
0000101001110
0000101001111
000010101
0000101100
0000101101
0000101110
00001011110
0000101111100
0000101111101
000010111111
00001100000
000011000010
000011000011
0000110001
0000110010
00001100110
00001100111
0000110100
000011010100
000011010101
00001101011
000011011
00001110000
00001110001
0000111001000
0000111001001
000011100101
000011100110
000011100111
0000111010
00001110110
00001110111
0000111100
00001111010
00001111011
00001111100
000011111010
0000111110110
00001111101110
00001111101111
00001111110
00001111111
0001000000
00010000010
000100000110
000100000111
0001000010
0001000011
000100010
0001000110
0001000111
000100100000
000100100001
00010010001
000100100100
000100100101
000100100110
0001001001110
00010010011110
00010010011111
0001001010
0001001011
000100110
000100111000
0001001110010
0001001110011
00010011101
00010011110
00010011111
0001010000
0001010001
0001010010
0001010011
00010101000
00010101001
00010101010
00010101011
0001010110
00010101110
00010101111
0001011000
0001011001
0001011010
0001011011000
0001011011001
0001011011010
0001011011011
00010110111
0001011100
0001011101
000101111
000110000000
000110000001
00011000001
0001100001
000110001000
000110001001
00011000101
0001100011
000110010000
000110010001
00011001001
00011001010
000110010110
000110010111
00011001100
000110011010
0001100110110
0001100110111
0001100111
00011010000
00011010001
0001101001
000110101000
0001101010010
0001101010011
000110101010
0001101010110
00011010101110
00011010101111
0001101011
00011011000
000110110010
000110110011
00011011010
00011011011
0001101110
0001101111
0001110000
0001110001
000111001
000111010000
000111010001
000111010010
000111010011
00011101010
000111010110
000111010111
000111011
00011110000000
00011110000001
0001111000001
000111100001
000111100010
0001111000110
0001111000111
0001111001
000111101000
000111101001
000111101010
0001111010110
0001111010111
0001111011
0001111100000
0001111100001
000111110001
000111110010
00011111001100
00011111001101
00011111001110
000111110011110
000111110011111
00011111010
000111110110
000111110111
0001111110
000111111100
000111111101
000111111110
000111111111
001000000
0010000010000
0010000010001
001000001001
00100000101
0010000011
0010000100000
0010000100001
0010000100010
0010000100011
001000010010
001000010011
0010000101
0010000110
001000011100
0010000111010
0010000111011
00100001111
0010001000
0010001001
00100010100
001000101010
001000101011
0010001011
00100011000
00100011001
001000110100
0010001101010
0010001101011
00100011011
00100011100
00100011101
0010001111
00100100000
001001000010
001001000011
0010010001000
0010010001001
001001000101
001001000110
001001000111
0010010010
0010010011
0010010100
001001010100
001001010101
00100101011
001001011000
001001011001
00100101101
00100101110
001001011110
00100101111100
00100101111101
0010010111111
0010011000
00100110010
001001100110
0010011001110
0010011001111
0010011010
00100110110
0010011011100
0010011011101
0010011011110
00100110111110
00100110111111
0010011100
0010011101000
0010011101001
0010011101010
0010011101011
001001110110
001001110111
001001111
0010100000
00101000010
00101000011
00101000100
0010100010100
0010100010101
00101000101100
00101000101101
0010100010111
00101000110
00101000111
00101001000
00101001001
0010100101
0010100110
0010100111
00101010000
00101010001
0010101001
0010101010000
00101010100010
00101010100011
001010101001
00101010101
0010101011
001010110000
001010110001
00101011001
001010110100
0010101101010
0010101101011
00101011011
0010101110
00101011110
00101011111
00101100000
001011000010
001011000011
0010110001
0010110010
0010110011
0010110100000
0010110100001
0010110100010
0010110100011
001011010010
001011010011
0010110101
001011011000
001011011001
00101101101
00101101110
00101101111
0010111000
00101110010
001011100110
0010111001110
0010111001111
0010111010
00101110110
001011101110
001011101111
0010111100
0010111101
001011111
0011000000
0011000001
00110000100
00110000101
0011000011
001100010000
001100010001
00110001001
001100010100
001100010101
00110001011
001100011
0011001000
0011001001
0011001010
0011001011
001100110000
001100110001
00110011001
0011001101
00110011100
00110011101
0011001111
00110100000
00110100001
00110100010
00110100011
0011010010
00110100110
001101001110
0011010011110
0011010011111
0011010100
0011010101
0011010110
0011010111
0011011000
001101100100
001101100101
00110110011
0011011010
0011011011
0011011100
0011011101
0011011110
00110111110
00110111111
0011100000
0011100001
00111000100
00111000101
0011100011
001110010000
001110010001
00111001001
0011100101
0011100110
00111001110
00111001111
0011101000
00111010010
00111010011
0011101010
00111010110
001110101110
0011101011110
00111010111110
00111010111111
001110110000
001110110001
00111011001
0011101101
0011101110
00111011110
00111011111
0011110000
00111100010
0011110001100
0011110001101
001111000111
0011110010
001111001100
001111001101
00111100111
0011110100
0011110101
00111101100
00111101101
0011110111
00111110000
00111110001
001111100100
001111100101
00111110011
0011111010
00111110110
00111110111
0011111100
0011111101
0011111110000
0011111110001
001111111001
001111111010
00111111101100
00111111101101
0011111110111
0011111111
01000000000
010000000010
0100000000110
01000000001110
01000000001111
0100000001
0100000010
01000000110
010000001110
010000001111
010000010
01000001100
01000001101
01000001110
010000011110
010000011111
0100001000
01000010010
010000100110
010000100111
0100001010
0100001011
0100001100000
0100001100001
010000110001
010000110010
0100001100110
0100001100111
0100001101
010000111000
010000111001
01000011101
01000011110
01000011111
01000100000
010001000010
010001000011
0100010001
0100010010
01000100110
01000100111
0100010100
01000101010
01000101011
010001011
010001100000
010001100001
010001100010
010001100011
0100011001
010001101000
0100011010010
0100011010011
01000110101
0100011011
0100011100
0100011101
0100011110
0100011111
0100100000
01001000010
01001000011
0100100010
01001000110
01001000111
010010010
0100100110
0100100111
010010100000
010010100001
010010100010
010010100011
0100101001
01001010100
010010101010
01001010101100
01001010101101
01001010101110
01001010101111
0100101011
010010110
010010111
010011000000
010011000001
01001100001
01001100010
01001100011
0100110010
0100110011
010011010000
010011010001
010011010010
010011010011
01001101010
01001101011
0100110110
0100110111000
0100110111001
0100110111010
0100110111011
01001101111
01001110000
010011100010
0100111000110
0100111000111
0100111001
010011101000
010011101001
01001110101
0100111011
0100111100
01001111010
010011110110
010011110111
010011111
01010000000
01010000001
0101000001
01010000100
01010000101
01010000110
01010000111
010100010000000
010100010000001
01010001000001
010100010000100
010100010000101
01010001000011
0101000100010
01010001000110
01010001000111
01010001001
0101000101000
0101000101001
010100010101
010100010110
010100010111
01010001100
010100011010
0101000110110
0101000110111
0101000111
0101001000
0101001001
0101001010
010100101100
010100101101
010100101110
010100101111
010100110000
010100110001
01010011001
01010011010
010100110110
010100110111
0101001110
0101001111
0101010000
01010100010
01010100011
010101001000
010101001001
01010100101
01010100110
010101001110
010101001111
0101010100
010101010100
010101010101
01010101011
0101010110
01010101110
010101011110
0101010111110
0101010111111
0101011000
0101011001000
0101011001001
010101100101
01010110011
0101011010
01010110110
010101101110
0101011011110
0101011011111
0101011100
01010111010
01010111011
010101111000
0101011110010
0101011110011
01010111101
0101011111
010110000000
010110000001
01011000001
0101100001
0101100010
0101100011
0101100100
010110010100
010110010101
010110010110
010110010111
0101100110
0101100111
010110100
01011010100
010110101010
010110101011
0101101011
0101101100000
0101101100001
010110110001
010110110010
010110110011
01011011010
010110110110
010110110111
0101101110
01011011110
01011011111
01011100000
0101110000100
0101110000101
010111000011
0101110001
0101110010
01011100110
010111001110
010111001111
0101110100
01011101010
01011101011
010111011000
010111011001
01011101101
010111011100
010111011101
01011101111
01011110000
01011110001
01011110010
01011110011
0101111010
0101111011000
0101111011001
010111101101
01011110111
01011111000
01011111001
0101111101
010111111000
010111111001
01011111101
0101111111
0110000000
0110000001
011000001000
011000001001
011000001010
011000001011
0110000011
0110000100000
0110000100001
011000010001
01100001001
01100001010
011000010110
011000010111
011000011
0110001000
0110001001
0110001010
011000101100
011000101101
01100010111
01100011000
011000110010
011000110011
0110001101
011000111000
0110001110010
0110001110011
011000111010
0110001110110
0110001110111
0110001111
011001000000
011001000001
01100100001
011001000100
011001000101
01100100011
0110010010
011001001100
0110010011010
01100100110110
01100100110111
01100100111
01100101000
01100101001
0110010101
011001011000
011001011001
01100101101
0110010111
01100110000
01100110001
0110011001
011001101
0110011100
0110011101
0110011110
01100111110
011001111110
011001111111
0110100000
0110100001
011010001
011010010000
0110100100010
01101001000110
01101001000111
01101001001
0110100101
0110100110
01101001110
01101001111
011010100000
011010100001
011010100010
011010100011
0110101001
0110101010
0110101011
0110101100
011010110100
0110101101010
0110101101011
01101011011
01101011100
01101011101
01101011110
01101011111
01101100000
01101100001
011011000100
011011000101
011011000110
011011000111
0110110010
01101100110
011011001110
011011001111
011011010
01101101100
011011011010
011011011011
0110110111
01101110000
01101110001
0110111001
011011101
0110111100
0110111101
01101111100
01101111101
0110111111
011100000000
011100000001
01110000001
01110000010
01110000011
0111000010
0111000011
0111000100
0111000101
011100011000
011100011001
01110001101
0111000111
01110010000
011100100010
011100100011
0111001001
01110010100
011100101010
011100101011
0111001011
0111001100
0111001101000
0111001101001
011100110101
01110011011
011100111
0111010000
011101000100
011101000101
011101000110
0111010001110
0111010001111
0111010010
01110100110
01110100111
011101010
0111010110
0111010111
011101100000
011101100001
01110110001
0111011001
01110110100
011101101010
011101101011
01110110110
01110110111
0111011100
0111011101
011101111
0111100000000
0111100000001
011110000001
01111000001
01111000010
01111000011
0111100010
011110001100
0111100011010
0111100011011
01111000111
011110010
01111001100
0111100110100
0111100110101
011110011011
0111100111
011110100
011110101000
011110101001
01111010101
01111010110
011110101110
011110101111
0111101100
01111011010
01111011011
0111101110
01111011110
0111101111100
0111101111101
011110111111
011111000
01111100100
01111100101
01111100110
011111001110
011111001111
0111110100
011111010100
0111110101010
0111110101011
01111101011
011111011
0111111000
0111111001
011111101000
0111111010010
0111111010011
01111110101
0111111011
011111110000
011111110001
011111110010
011111110011
0111111101
0111111110
01111111110
01111111111
10000000000
10000000001
1000000001
10000000100
10000000101
1000000011
10000001000
10000001001
1000000101
10000001100
10000001101
10000001110
10000001111
1000001000
1000001001
10000010100
10000010101
1000001011
10000011000
10000011001000
100000110010010
1000001100100110
1000001100100111
10000011001010
1000001100101100
10000011001011010
10000011001011011
100000110010111
100000110011
10000011010
10000011011
1000001110
10000011110
100000111110
1000001111110
10000011111110
10000011111111
1000010000
10000100010
10000100011
100001001000
1000010010010
1000010010011
10000100101
10000100110
100001001110
100001001111000
100001001111001
10000100111101
1000010011111
1000010100
1000010101000
1000010101001
100001010101
10000101011
10000101100
10000101101
10000101110
10000101111
10000110000
100001100010
1000011000110
1000011000111
1000011001
10000110100
10000110101
10000110110
10000110111
10000111000
100001110010
100001110011
1000011101
100001111
10001000000
10001000001
10001000010
10001000011
1000100010
1000100011
100010010
1000100110
10001001110
10001001111
100010100
1000101010
10001010110
10001010111
1000101100
10001011010
100010110110
10001011011100
10001011011101
1000101101111
10001011100
10001011101
10001011110
10001011111
1000110000
1000110001
100011001
10001101000
100011010010
100011010011
10001101010
10001101011
100011011000
1000110110010
1000110110011
10001101101
1000110111
1000111000
100011100100
1000111001010
1000111001011
10001110011
1000111010
1000111011
10001111000
10001111001
10001111010
10001111011
10001111100
10001111101
1000111111
1001000000
1001000001000
1001000001001
100100000101
10010000011
100100001000
1001000010010
1001000010011
10010000101
10010000110
100100001110
10010000111100
10010000111101
10010000111110
10010000111111
1001000100
10010001010
100100010110
100100010111
100100011000
100100011001
100100011010
1001000110110
10010001101110
100100011011110
100100011011111
10010001110
100100011110
100100011111
10010010000
10010010001
10010010010
10010010011
1001001010
1001001011
10010011000
100100110010
1001001100110
1001001100111
1001001101
100100111
10010100000
10010100001
1001010001
10010100100
100101001010
100101001011
1001010011
1001010100
10010101010
10010101011
10010101100
10010101101
1001010111
1001011000
10010110010
10010110011
1001011010
10010110110
10010110111
1001011100
1001011101
1001011110000
1001011110001
100101111001
10010111101
100101111100
100101111101
10010111111
1001100000
100110000100
100110000101
10011000011
1001100010
10011000110
10011000111
1001100100
10011001010
10011001011
100110011
10011010000
10011010001
10011010010
10011010011
1001101010
1001101011
1001101100
10011011010
10011011011
100110111
1001110000
1001110001
10011100100
10011100101
1001110011
100111010000
100111010001
10011101001
1001110101
1001110110
10011101110
10011101111
1001111000
10011110010
10011110011
1001111010
1001111011
1001111100
1001111101
1001111110
1001111111
1010000000
1010000001
10100000100
10100000101
1010000011
10100001000
10100001001
1010000101
101000011000
10100001100100
101000011001010
101000011001011
10100001100110
10100001100111
1010000110100
10100001101010
10100001101011
101000011011
10100001110
10100001111
1010001000
1010001001
10100010100
10100010101
10100010110
10100010111
1010001100000
1010001100001
101000110001
10100011001
1010001101
1010001110
101000111100
101000111101
10100011111
101001000000
101001000001
101001000010
1010010000110
1010010000111
10100100010
10100100011
1010010010
101001001100
1010010011010
10100100110110
101001001101110
1010010011011110
1010010011011111
101001001110
101001001111
10100101000
10100101001
101001010100
101001010101
10100101011
1010010110
1010010111
1010011000
10100110010
10100110011
10100110100
101001101010
101001101011
10100110110
101001101110
101001101111
1010011100
1010011101
101001111
101010000000
101010000001
10101000001
1010100001
1010100010
10101000110
10101000111
101010010
10101001100
101010011010
101010011011
1010100111
10101010000
10101010001
1010101001000
1010101001001
101010100101
10101010011
10101010100
101010101010
101010101011
1010101011
10101011000
101010110010
101010110011
1010101101
10101011100
10101011101
10101011110
10101011111
1010110000
10101100010
10101100011
1010110010
101011001100
1010110011010
10101100110110
10101100110111
10101100111
1010110100
101011010100
101011010101
10101101011
10101101100
10101101101
10101101110
101011011110
1010110111110
1010110111111
1010111000
1010111001
10101110100
101011101010
101011101011
1010111011
10101111000
10101111001
10101111010
10101111011
10101111100
101011111010
101011111011
1010111111
1011000000
1011000001000
1011000001001
101100000101
1011000001100
1011000001101
1011000001110
1011000001111
10110000100
1011000010100
10110000101010
10110000101011
101100001011
10110000110
101100001110
101100001111
1011000100
1011000101
1011000110000
1011000110001
101100011001
101100011010
101100011011
1011000111
10110010000
10110010001
101100100100
101100100101
1011001001100
1011001001101
101100100111
10110010100
10110010101
1011001011
10110011000
10110011001
10110011010000
10110011010001
1011001101001
1011001101010
1011001101011
10110011011
1011001110
10110011110
10110011111
1011010000
10110100010
10110100011
1011010010
101101001100
101101001101
10110100111
10110101000
10110101001
101101010100
101101010101
1011010101100
1011010101101
101101010111
1011010110
1011010111000
1011010111001
101101011101
10110101111
1011011000
101101100100
101101100101
1011011001100
1011011001101
1011011001110
10110110011110
10110110011111
101101101
101101110
101101111
1011100000000
1011100000001
101110000001
10111000001
10111000010
10111000011
1011100010
10111000110
10111000111
101110010
1011100110
1011100111
101110100000
101110100001
1011101000100
1011101000101
101110100011
1011101001
1011101010
1011101011
101110110000
101110110001
10111011001
1011101101
1011101110
101110111100
101110111101
101110111110
101110111111
1011110000
1011110001
101111001
1011110100
10111101010
10111101011
1011110110
1011110111
10111110000
10111110001
1011111001000
1011111001001
101111100101
101111100110
1011111001110
1011111001111
10111110100
10111110101
1011111011
101111110000
101111110001
10111111001
1011111101
10111111100
10111111101
1011111111000
1011111111001
101111111101
10111111111
1100000000
1100000001
1100000010
1100000011
110000010
1100000110
1100000111
11000010000
11000010001
11000010010
11000010011
1100001010
11000010110
110000101110
110000101111
1100001100
1100001101
110000111000
1100001110010
1100001110011
110000111010
1100001110110
1100001110111
11000011110
110000111110
110000111111
1100010000
110001000100
110001000101
1100010001100
11000100011010
11000100011011
1100010001110
1100010001111
11000100100
110001001010
110001001011
1100010011
1100010100
11000101010
11000101011
1100010110
110001011100
110001011101
11000101111
110001100
110001101000
110001101001
11000110101000
11000110101001
1100011010101
110001101011
1100011011
11000111000
110001110010
110001110011
11000111010
1100011101100
1100011101101
110001110111
11000111100
110001111010
1100011110110
1100011110111
11000111110
110001111110
110001111111
1100100000
11001000010
110010000110
1100100001110
11001000011110
11001000011111
1100100010
11001000110
11001000111
110010010
110010011000
110010011001
11001001101
1100100111
11001010000
11001010001
1100101001000
110010100100100
110010100100101
11001010010011
110010100101
110010100110
110010100111
1100101010
11001010110
11001010111
1100101100
110010110100
1100101101010
1100101101011
11001011011
11001011100
110010111010
1100101110110
1100101110111
1100101111
11001100000
11001100001
1100110001
1100110010
1100110011
110011010000
110011010001
110011010010
110011010011
1100110101
1100110110
1100110111
110011100000
110011100001
11001110001
1100111001
110011101000
110011101001
11001110101
1100111011
1100111100
11001111010
11001111011
1100111110
11001111110
11001111111
1101000000
110100000100
110100000101
11010000011
1101000010
110100001100
110100001101
11010000111
1101000100
11010001010
1101000101100
1101000101101
110100010111
11010001100
110100011010
1101000110110
11010001101110
110100011011110
110100011011111
1101000111
11010010000
11010010001
11010010010
11010010011
110100101
110100110000
1101001100010
1101001100011
110100110010
110100110011
11010011010
110100110110
110100110111
1101001110
11010011110
11010011111
110101000
11010100100
11010100101
1101010011
11010101000
11010101001
110101010100
110101010101
11010101011
11010101100
110101011010
110101011011
1101010111
1101011000
11010110010
11010110011
1101011010
11010110110
11010110111
1101011100
110101110100
110101110101
1101011101100
11010111011010
11010111011011
110101110111
1101011110
1101011111
11011000000
110110000010
110110000011
1101100001
110110001000
110110001001
11011000101
1101100011
1101100100
11011001010
110110010110
110110010111
11011001100
110110011010
110110011011
1101100111000
1101100111001
110110011101
110110011110
1101100111110
1101100111111
110110100
11011010100
11011010101
11011010110
1101101011100
1101101011101
110110101111
110110110000
110110110001
11011011001
1101101101
1101101110
11011011110
11011011111
1101110000
110111000100
110111000101
110111000110
110111000111
1101110010
11011100110
11011100111
110111010
110111011000
110111011001
11011101101
1101110111000
11011101110010
110111011100110
110111011100111
110111011101
11011101111
110111100
1101111010000
1101111010001
1101111010010
11011110100110
11011110100111
11011110101
110111101100
110111101101
1101111011100
1101111011101
1101111011110
11011110111110
11011110111111
110111110
11011111100
110111111010
1101111110110
1101111110111
1101111111
1110000000
1110000001
1110000010
1110000011
1110000100
11100001010
111000010110
111000010111
11100001100
11100001101
1110000111
1110001000
1110001001
1110001010
11100010110
11100010111
1110001100
1110001101
1110001110000
1110001110001
111000111001
11100011101
1110001111
1110010000
11100100010
11100100011
1110010010
11100100110
11100100111
1110010100
1110010101000
11100101010010
11100101010011
111001010101
11100101011
111001011000
111001011001
11100101101
1110010111
1110011000
11100110010
11100110011
11100110100
11100110101
11100110110
111001101110
111001101111
1110011100
111001110100
111001110101
111001110110
111001110111
111001111
111010000000
111010000001
11101000001
11101000010
11101000011
1110100010
1110100011
111010010000
111010010001
11101001001
11101001010
11101001011
1110100110
111010011100
111010011101
111010011110
111010011111
1110101000
1110101001
11101010100
1110101010100
1110101010101
111010101011
1110101011
111010110
1110101110
111010111100
111010111101
11101011111
1110110000
1110110001
11101100100
11101100101
11101100110
11101100111
11101101000
11101101001
1110110101
11101101100
111011011010
111011011011
1110110111
11101110000
11101110001
111011100100
111011100101
11101110011
11101110100
11101110101
1110111011
11101111000
11101111001
1110111101
1110111110
11101111110
111011111110
111011111111
11110000000
11110000001
1111000001
111100001000
111100001001
11110000101
1111000011
111100010000
111100010001
111100010010
111100010011
1111000101
11110001100
11110001101
1111000111
1111001000
1111001001
111100101000
1111001010010
1111001010011
111100101010
111100101011
11110010110
11110010111
1111001100000
1111001100001
111100110001
11110011001
111100110100
111100110101
11110011011
111100111000
1111001110010
1111001110011
111100111010
111100111011
11110011110
11110011111
111101000
11110100100
11110100101
1111010011
111101010000
111101010001
11110101001
11110101010
11110101011
111101011000
1111010110010
1111010110011
11110101101
11110101110
11110101111
11110110000
11110110001
1111011001
1111011010
1111011011
11110111000
11110111001
11110111010
11110111011
1111011110
1111011111
111110000000
111110000001
111110000010
11111000001100
11111000001101
11111000001110
11111000001111
1111100001
11111000100
11111000101
1111100011
1111100100
1111100101
1111100110
11111001110
111110011110
111110011111
1111101000
1111101001
11111010100
11111010101
1111101011
1111101100000
11111011000010
11111011000011
111110110001
111110110010
111110110011
1111101101
111110111000
111110111001
111110111010
111110111011
11111011110
11111011111000
11111011111001
1111101111101
111110111111
111111000
1111110010
11111100110
11111100111
1111110100
11111101010
1111110101100
1111110101101
111111010111
11111101100
11111101101
1111110111
1111111000
111111100100
111111100101
111111100110
111111100111
11111110100
111111101010
111111101011
1111111011
11111111000
11111111001
1111111101000
1111111101001
111111110101
111111110110
111111110111
1111111110
11111111110
11111111111
