10767044520949
00000000000
00000000001
0000000001
000000001000
000000001001
000000001010
0000000010110
0000000010111
0000000011
0000000100000
0000000100001
000000010001
00000001001
0000000101
00000001100
000000011010
000000011011
00000001110
000000011110
000000011111
0000001000
00000010010
00000010011
0000001010
0000001011
0000001100
0000001101
0000001110
00000011110
00000011111
0000010000
00000100010
000001000110
000001000111
0000010010
00000100110
00000100111
00000101000
00000101001
00000101010
00000101011
00000101100
00000101101
00000101110
00000101111
0000011000
0000011001000
0000011001001
000001100101
00000110011
0000011010
0000011011
00000111000
00000111001
00000111010
000001110110
000001110111
0000011110
0000011111
00001000000
00001000001
0000100001
0000100010
0000100011
0000100100
000010010100
000010010101
00001001011
00001001100
00001001101
00001001110
00001001111
0000101000
00001010010
00001010011
0000101010
0000101011
0000101100
00001011010
00001011011
00001011100
00001011101
00001011110
00001011111
00001100000
00001100001
0000110001
000011001000
000011001001
00001100101
00001100110
00001100111
0000110100
00001101010
00001101011
00001101100
000011011010
000011011011
0000110111
000011100000
000011100001
00001110001
00001110010
000011100110
000011100111
0000111010
0000111011
00001111000
00001111001
00001111010
00001111011
0000111110
00001111110
00001111111
00010000000
00010000001
000100000100
000100000101
000100000110
000100000111
00010000100
00010000101
0001000011
00010001000
000100010010
000100010011
0001000101
00010001100
00010001101
00010001110
00010001111
00010010000
000100100010
0001001000110
0001001000111
0001001001
000100101000
0001001010010
0001001010011
000100101010
000100101011
0001001011
000100110000
000100110001
00010011001
0001001101
00010011100
000100111010
000100111011
00010011110
00010011111
0001010000
000101000100
000101000101
00010100011
0001010010
00010100110
00010100111
0001010100
0001010101
000101011000
000101011001
00010101101
00010101110
00010101111
0001011000
00010110010
00010110011
00010110100
000101101010
000101101011
000101101100
000101101101
00010110111
000101110000
000101110001
00010111001
0001011101
000101111000
000101111001
00010111101
0001011111
00011000000
00011000001
00011000010
0001100001100
00011000011010
00011000011011
000110000111
000110001000
000110001001
00011000101
0001100011
00011001000
00011001001
0001100101
000110011000
000110011001
00011001101
0001100111
0001101000
0001101001
0001101010
0001101011
00011011000
00011011001
0001101101
0001101110
00011011110
000110111110
000110111111
00011100000
000111000010
000111000011
00011100010
000111000110
000111000111
0001110010
0001110011
0001110100
00011101010
00011101011
0001110110
0001110111
00011110000
00011110001
00011110010
00011110011
0001111010
00011110110
00011110111
00011111000
000111110010
000111110011
0001111101
00011111100
00011111101
00011111110
00011111111
0010000000
001000000100
001000000101
00100000011
00100000100
00100000101
00100000110
00100000111
0010000100
0010000101000
0010000101001
001000010101
00100001011
0010000110
00100001110
00100001111
0010001000
00100010010
00100010011
0010001010
00100010110
00100010111
0010001100
0010001101
0010001110
0010001111
001001000000
0010010000010
0010010000011
00100100001
0010010001
00100100100
00100100101
00100100110
00100100111
001001010000
0010010100010
0010010100011
00100101001
0010010101
0010010110
00100101110
00100101111
00100110000
00100110001
0010011001
0010011010
001001101100
001001101101
00100110111
001001110000
001001110001
001001110010
0010011100110
0010011100111
0010011101
0010011110
001001111100
0010011111010
0010011111011
00100111111
0010100000
001010000100
001010000101
001010000110
001010000111
0010100010
00101000110
00101000111
001010010000
001010010001
00101001001
001010010100
001010010101
00101001011
00101001100
00101001101
0010100111
0010101000
0010101001
0010101010
00101010110
00101010111
00101011000
00101011001
00101011010
001010110110
001010110111
0010101110
0010101111
00101100000
001011000010
001011000011
0010110001
00101100100
001011001010
001011001011
00101100110
001011001110
001011001111
00101101000
00101101001
00101101010
001011010110
001011010111
0010110110
001011011100
001011011101
00101101111
001011100000
001011100001
00101110001
0010111001
00101110100
00101110101
0010111011
001011110000
001011110001
00101111001
0010111101
001011111000
001011111001
001011111010
001011111011
00101111110
0010111111100
0010111111101
001011111111
00110000000
001100000010
001100000011
0011000001
0011000010
00110000110
0011000011100
0011000011101
001100001111
00110001000
00110001001
00110001010
00110001011
0011000110
00110001110
00110001111
0011001000
0011001001
0011001010
0011001011
00110011000
0011001100100
0011001100101
001100110011
0011001101
001100111000
001100111001
00110011101
00110011110
00110011111
0011010000
0011010001
0011010010
0011010011
0011010100
00110101010
00110101011
001101011000
001101011001
001101011010
001101011011
00110101110
001101011110
001101011111
0011011000
0011011001
001101101000
001101101001
00110110101
001101101100
001101101101
00110110111
00110111000
00110111001
00110111010
00110111011
001101111000
001101111001
00110111101
001101111100
0011011111010
0011011111011
00110111111
0011100000
0011100001
001110001000
0011100010010
00111000100110
00111000100111
00111000101
00111000110
001110001110
001110001111
00111001000
00111001001
001110010100
0011100101010
001110010101100
001110010101101
00111001010111
00111001011
0011100110
001110011100
001110011101
00111001111
0011101000
001110100100
001110100101
001110100110
001110100111
0011101010
001110101100
001110101101
00111010111
0011101100
00111011010
00111011011
0011101110
00111011110
001110111110
0011101111110
0011101111111
00111100000
00111100001
001111000100
00111100010100
00111100010101
0011110001011
00111100011
0011110010
00111100110
00111100111
0011110100
00111101010
00111101011
0011110110
00111101110
00111101111
0011111000
001111100100
001111100101
00111110011
0011111010
00111110110
00111110111
00111111000
0011111100100
0011111100101
001111110011
0011111101
001111111000
001111111001
001111111010
001111111011
0011111111
0100000000
01000000010
010000000110
010000000111
01000000100
01000000101
01000000110
01000000111
01000001000
01000001001
01000001010
01000001011
0100000110
01000001110
01000001111
01000010000
010000100010
010000100011
0100001001
01000010100
01000010101
01000010110
01000010111
0100001100
01000011010
010000110110
010000110111
0100001110
010000111100
010000111101
01000011111
01000100000
01000100001
010001000100
010001000101
01000100011
01000100100
01000100101
01000100110
01000100111
0100010100
01000101010
01000101011
010001011000
010001011001
01000101101
0100010111
01000110000
01000110001
010001100100
010001100101
01000110011
01000110100
01000110101
0100011011
0100011100
01000111010
010001110110
010001110111
0100011110
010001111100
010001111101
01000111111
0100100000
010010000100
010010000101
01001000011
01001000100
01001000101
0100100011
01001001000
01001001001
01001001010
01001001011
010010011000
010010011001
01001001101
0100100111
01001010000
01001010001
010010100100
010010100101
01001010011
01001010100
01001010101
01001010110
01001010111
01001011000
01001011001
0100101101
01001011100
01001011101
0100101111
01001100000
010011000010
010011000011
01001100010
01001100011
0100110010
01001100110
01001100111
01001101000
01001101001
0100110101
0100110110000
01001101100010
01001101100011
010011011001
01001101101
010011011100
010011011101
01001101111
0100111000
0100111001
010011101000
010011101001
01001110101
01001110110
01001110111
01001111000
01001111001
01001111010
010011110110
010011110111
0100111110
0100111111
01010000000
01010000001
01010000010
01010000011
0101000010
010100001100
010100001101
010100001110
010100001111
01010001000
01010001001
0101000101
0101000110
010100011100
010100011101
01010001111
01010010000
01010010001
0101001001
01010010100
01010010101
0101001011
01010011000
01010011001
01010011010
01010011011
010100111000
010100111001
01010011101
01010011110
010100111110
010100111111
01010100000
01010100001
0101010001
0101010010
01010100110
01010100111
0101010100
01010101010
01010101011
010101011000
010101011001
01010101101
01010101110
010101011110
010101011111
01010110000
010101100010
010101100011
0101011001
010101101000
010101101001
01010110101
01010110110
01010110111
01010111000
01010111001
0101011101
010101111000
010101111001
01010111101
010101111100
010101111101
01010111111
01011000000
01011000001
01011000010
010110000110
010110000111
0101100010
01011000110
01011000111
010110010000
010110010001
01011001001
01011001010
01011001011
010110011000
0101100110010
0101100110011
010110011010
010110011011
0101100111
0101101000
01011010010
010110100110
010110100111
0101101010
01011010110
01011010111
01011011000
01011011001
0101101101
0101101110
010110111100
010110111101
01011011111
0101110000
0101110001
0101110010000
0101110010001
010111001001
01011100101
0101110011
0101110100
0101110101
010111011000
010111011001
010111011010
010111011011
01011101110
010111011110
010111011111
0101111000
0101111001
01011110100
01011110101
0101111011
0101111100
01011111010
01011111011
010111111000
010111111001
010111111010
010111111011
01011111110
01011111111
0110000000
01100000010
01100000011
0110000010000
0110000010001
0110000010010
0110000010011
01100000101
011000001100
011000001101
011000001110
011000001111
0110000100
0110000101
011000011000
011000011001
01100001101
01100001110
011000011110
011000011111
01100010000
01100010001
01100010010
011000100110
011000100111
01100010100
011000101010
011000101011
0110001011
01100011000
01100011001
011000110100
011000110101
01100011011
01100011100
01100011101
01100011110
01100011111
0110010000
01100100010
01100100011
0110010010
01100100110
011001001110
011001001111
01100101000
01100101001
01100101010
01100101011
011001011000
011001011001
01100101101
0110010111
01100110000
01100110001
01100110010
01100110011
0110011010
01100110110
01100110111
0110011100
011001110100
011001110101
011001110110
011001110111
011001111000
011001111001
011001111010
011001111011
01100111110
01100111111
01101000000
011010000010
011010000011
01101000010
011010000110
011010000111
0110100010
0110100011
0110100100
0110100101
01101001100
01101001101
01101001110
01101001111
0110101000
01101010010
01101010011
01101010100
01101010101
0110101011
0110101100
0110101101
01101011100
01101011101
01101011110
01101011111
011011000000
011011000001
011011000010
011011000011
0110110001
011011001000
011011001001
01101100101
0110110011
0110110100
0110110101
0110110110
01101101110
0110110111100
0110110111101
011011011111
0110111000
0110111001
01101110100
01101110101
0110111011
011011110000
011011110001
01101111001
011011110100
011011110101
01101111011
01101111100
011011111010
0110111110110
01101111101110
01101111101111
0110111111
01110000000
01110000001
01110000010
01110000011
011100001000
011100001001
01110000101
01110000110
01110000111
01110001000
011100010010
011100010011
011100010100
011100010101
011100010110
0111000101110
0111000101111
0111000110
01110001110
011100011110
011100011111
01110010000
011100100010
011100100011
0111001001
0111001010
0111001011
011100110000
011100110001
011100110010
011100110011
0111001101
0111001110
0111001111000
0111001111001
011100111101
01110011111
01110100000
01110100001
0111010001
0111010010
0111010011000
0111010011001
0111010011010
0111010011011
01110100111
01110101000
011101010010
011101010011
01110101010
011101010110
011101010111
0111010110
0111010111
01110110000
01110110001
0111011001
01110110100
01110110101
01110110110
01110110111
01110111000
011101110010
0111011100110
0111011100111
01110111010
01110111011
0111011110
0111011111
0111100000
011110000100
0111100001010
0111100001011
01111000011
01111000100
01111000101
0111100011
01111001000
01111001001
01111001010
011110010110
011110010111
011110011000
011110011001
01111001101
0111100111
0111101000
01111010010
01111010011
0111101010
011110101100
011110101101
01111010111
0111101100
01111011010
01111011011
01111011100
01111011101
011110111100
011110111101
01111011111
0111110000
0111110001
011111001000
011111001001
01111100101
011111001100
011111001101
01111100111
01111101000
011111010010
011111010011
0111110101
0111110110
01111101110
01111101111
0111111000
01111110010
01111110011
0111111010
0111111011
011111110000
011111110001
011111110010
011111110011
0111111101
01111111100
01111111101
0111111111
10000000000
10000000001
10000000010
10000000011
100000001000
100000001001
100000001010
100000001011
1000000011
10000001000
10000001001
1000000101
1000000110
1000000111
1000001000
10000010010
100000100110
100000100111
1000001010
10000010110
10000010111
100000110000
100000110001
10000011001
100000110100
1000001101010
1000001101011
10000011011
10000011100
100000111010
1000001110110
1000001110111
1000001111
1000010000
10000100010
10000100011
1000010010
10000100110
10000100111
1000010100
1000010101
10000101100
10000101101
1000010111000
1000010111001
100001011101
10000101111
1000011000
10000110010
10000110011
10000110100
10000110101
1000011011
1000011100
1000011101
1000011110
100001111100
100001111101
100001111110
100001111111
1000100000
10001000010
10001000011
1000100010
10001000110
10001000111
100010010000
100010010001
10001001001
1000100101
10001001100
10001001101
10001001110
10001001111
10001010000
100010100010
100010100011
10001010010
100010100110
100010100111
1000101010
10001010110
100010101110
100010101111
10001011000
10001011001
10001011010
10001011011
1000101110
1000101111
1000110000
1000110001
1000110010000
1000110010001
100011001001
100011001010
100011001011
100011001100
100011001101
100011001110
100011001111
10001101000
10001101001
10001101010
1000110101100
1000110101101
100011010111
10001101100
10001101101
1000110111
100011100000
100011100001
100011100010
100011100011
10001110010
10001110011
1000111010
10001110110
1000111011100
1000111011101
100011101111
10001111000
100011110010
100011110011
10001111010
10001111011
10001111100
10001111101
1000111111
10010000000
10010000001
10010000010
100100000110
100100000111
1001000010
10010000110
10010000111
1001000100000
1001000100001
100100010001
100100010010
100100010011
1001000101
10010001100
10010001101
10010001110
10010001111
10010010000
10010010001
10010010010
10010010011
1001001010
10010010110
10010010111
1001001100
10010011010
10010011011
10010011100
100100111010
100100111011
1001001111
10010100000
10010100001
10010100010
10010100011
1001010010
10010100110
10010100111
1001010100
10010101010
100101010110
100101010111
1001010110
1001010111
10010110000
1001011000100
1001011000101
1001011000110
10010110001110
10010110001111
10010110010
10010110011
10010110100
100101101010
1001011010110
1001011010111
10010110110
10010110111
1001011100
1001011101
10010111100
10010111101
1001011111
1001100000
1001100001
10011000100
10011000101
1001100011
10011001000
10011001001
10011001010
10011001011
1001100110
10011001110
10011001111
10011010000
10011010001
100110100100
100110100101
10011010011
1001101010
10011010110
10011010111
10011011000
10011011001
10011011010
10011011011
10011011100
10011011101
10011011110
10011011111
10011100000
10011100001
1001110001
1001110010
1001110011
1001110100
10011101010
10011101011
10011101100
100111011010
100111011011
1001110111
10011110000
1001111000100
1001111000101
100111100011
100111100100
100111100101
10011110011
1001111010
10011110110
10011110111
10011111000
10011111001
1001111101
10011111100
100111111010
100111111011
1001111111
10100000000
10100000001
10100000010
10100000011
10100000100
10100000101
1010000011
101000010000
101000010001
10100001001
10100001010
10100001011
10100001100
10100001101
1010000111
10100010000
10100010001
101000100100
101000100101
10100010011
1010001010
10100010110
10100010111
1010001100
10100011010
10100011011
10100011100
101000111010
101000111011
10100011110
10100011111
10100100000
101001000010
101001000011
1010010001
10100100100
10100100101
1010010011
1010010100
10100101010
10100101011
10100101100
10100101101
101001011100
101001011101
10100101111
1010011000
10100110010
10100110011
1010011010
10100110110
10100110111
1010011100
10100111010
101001110110
101001110111
1010011110
101001111100
101001111101
10100111111
10101000000
10101000001
101010000100
101010000101
10101000011
10101000100
10101000101
1010100011
101010010000
101010010001
10101001001
10101001010
101010010110
101010010111
10101001100
10101001101
10101001110
10101001111
10101010000
10101010001
1010101001
1010101010
1010101011
10101011000
10101011001
10101011010
10101011011
1010101110
101010111100
101010111101
10101011111
10101100000
10101100001
10101100010
10101100011
10101100100
101011001010
101011001011
1010110011
10101101000
101011010010
101011010011
1010110101
10101101100
10101101101
101011011100
101011011101
10101101111
10101110000
101011100010
101011100011
1010111001
1010111010
10101110110
10101110111
1010111100
1010111101000
1010111101001
101011110101
101011110110
101011110111
10101111100
10101111101
1010111111
10110000000
10110000001
10110000010
10110000011
10110000100
10110000101
1011000011
10110001000
10110001001
10110001010
101100010110
101100010111
1011000110
10110001110
10110001111
101100100000
101100100001
101100100010
101100100011
1011001001
101100101000
101100101001
10110010101
10110010110
10110010111
10110011000
101100110010
101100110011
10110011010
10110011011
1011001110
1011001111
1011010000
1011010001
1011010010
1011010011
1011010100
10110101010
101101010110
101101010111
1011010110
10110101110
10110101111
1011011000
10110110010
10110110011
1011011010
1011011011
10110111000
101101110010
101101110011
1011011101
1011011110
10110111110
10110111111
1011100000
101110000100
101110000101
101110000110
101110000111
10111000100
10111000101
10111000110
10111000111
1011100100
10111001010
10111001011
10111001100
10111001101
1011100111
101110100000
101110100001
10111010001
101110100100
10111010010100
10111010010101
1011101001011
10111010011
10111010100
10111010101
101110101100
101110101101
10111010111
101110110000
101110110001
10111011001
1011101101
10111011100
10111011101
1011101111
1011110000
101111000100
101111000101
10111100011
1011110010
101111001100
101111001101
10111100111
10111101000000
10111101000001
1011110100001
101111010001
10111101001
101111010100
101111010101
10111101011
10111101100
101111011010
101111011011
10111101110
10111101111
10111110000
10111110001
1011111001
1011111010
10111110110
10111110111
101111110000
101111110001
101111110010
101111110011
10111111010
10111111011
1011111110
10111111110
10111111111
1100000000
1100000001
1100000010
1100000011
110000010000
110000010001
11000001001
110000010100
110000010101
11000001011
1100000110000
1100000110001
110000011001
11000001101
1100000111
11000010000
11000010001
11000010010
11000010011
11000010100
110000101010
1100001010110
11000010101110
11000010101111
1100001011
110000110000
110000110001
11000011001
1100001101
1100001110
1100001111
11000100000
11000100001
11000100010
11000100011
1100010010
110001001100
110001001101
11000100111
11000101000
11000101001
1100010101
1100010110
11000101110
11000101111
1100011000
110001100100
110001100101
110001100110
110001100111
1100011010
11000110110
11000110111
1100011100
11000111010
11000111011
11000111100
11000111101
11000111110
11000111111
11001000000
11001000001
1100100001
110010001000
1100100010010
1100100010011
11001000101
1100100011000
1100100011001
110010001101
110010001110
1100100011110
1100100011111
1100100100
11001001010
110010010110
110010010111
11001001100
11001001101
1100100111
11001010000
11001010001
11001010010
11001010011
1100101010
1100101011
1100101100000
1100101100001
110010110001
11001011001
1100101101
1100101110
11001011110
11001011111
11001100000
11001100001
1100110001
110011001000
110011001001
11001100101
11001100110
110011001110
110011001111
11001101000
110011010010
110011010011
11001101010
11001101011
1100110110
1100110111
11001110000
11001110001
11001110010
110011100110
1100111001110
1100111001111
11001110100
110011101010
110011101011
11001110110
11001110111
1100111100
1100111101
1100111110
1100111111
11010000000
11010000001
1101000001
1101000010
110100001100
110100001101
110100001110
110100001111
1101000100
11010001010
11010001011
1101000110
11010001110
11010001111
1101001000
11010010010
11010010011
1101001010
1101001011
11010011000
110100110010
110100110011
11010011010
11010011011
1101001110
1101001111
11010100000
11010100001
1101010001
1101010010
1101010011
11010101000
11010101001
1101010101
11010101100
11010101101
11010101110
110101011110
110101011111
1101011000
11010110010
11010110011
1101011010
11010110110
110101101110
110101101111
11010111000
110101110010
110101110011
11010111010
110101110110
110101110111
11010111100
11010111101
1101011111
11011000000
11011000001
1101100001
11011000100
11011000101
1101100011
11011001000
11011001001
1101100101
110110011000
110110011001
1101100110100
1101100110101
110110011011
11011001110
110110011110
110110011111
1101101000
11011010010
11011010011
11011010100
11011010101
1101101011
110110110000
110110110001
11011011001
110110110100
110110110101
11011011011
1101101110
11011011110
11011011111
1101110000
1101110001
11011100100
110111001010
110111001011
1101110011
11011101000
11011101001
110111010100
110111010101
11011101011
11011101100
110111011010
110111011011
1101110111
1101111000
11011110010
11011110011
110111101000
110111101001
110111101010
110111101011
1101111011
1101111100
1101111101
1101111110
11011111110
11011111111
111000000000
1110000000010
1110000000011
111000000010
111000000011
1110000001
11100000100
11100000101
111000001100
111000001101
11100000111
11100001000
11100001001
1110000101
1110000110
1110000111
11100010000
11100010001
11100010010
11100010011
1110001010000
1110001010001
111000101001
111000101010
111000101011
11100010110
11100010111
11100011000
11100011001
11100011010
11100011011
1110001110
11100011110
11100011111
11100100000
11100100001
11100100010
1110010001100
1110010001101
111001000111
1110010010
11100100110
111001001110
111001001111
1110010100
1110010101
11100101100
11100101101
1110010111
1110011000
11100110010
111001100110
111001100111
1110011010
11100110110
11100110111
1110011100
1110011101
11100111100
111001111010
111001111011
11100111110
11100111111
11101000000
11101000001
1110100001
11101000100
11101000101
11101000110
11101000111
11101001000
1110100100100
1110100100101
111010010011
1110100101
11101001100
11101001101
111010011100
1110100111010
1110100111011
11101001111
1110101000
11101010010
11101010011
11101010100
111010101010
111010101011
1110101011
11101011000
11101011001
1110101101
11101011100
11101011101
111010111100
111010111101
11101011111
1110110000000
1110110000001
111011000001
11101100001
111011000100
111011000101
11101100011
11101100100
11101100101
1110110011
11101101000
11101101001
1110110101
1110110110
1110110111
11101110000
11101110001
11101110010
111011100110
111011100111
11101110100
111011101010
111011101011
1110111011
11101111000
11101111001
1110111101
11101111100
11101111101
1110111111
11110000000
11110000001
1111000001
1111000010
1111000011
1111000100
11110001010
1111000101100
1111000101101
111100010111
11110001100
11110001101
1111000111
1111001000
11110010010
11110010011
1111001010
11110010110
11110010111
11110011000
11110011001
11110011010
11110011011
111100111000
111100111001
11110011101
11110011110
111100111110
111100111111
1111010000
111101000100
111101000101
11110100011
111101001000
111101001001
11110100101
11110100110
111101001110
111101001111
11110101000
11110101001
1111010101
1111010110
11110101110
111101011110
111101011111
1111011000
111101100100
111101100101
11110110011
1111011010
11110110110
11110110111
1111011100
1111011101
1111011110
111101111100
111101111101
111101111110
111101111111
11111000000
11111000001
1111100001
1111100010
11111000110
11111000111
11111001000
11111001001
1111100101
1111100110000
1111100110001
111110011001
11111001101
11111001110
111110011110
1111100111110
1111100111111
1111101000
11111010010
11111010011
111110101000
111110101001
11111010101
1111101011
11111011000
11111011001
1111101101
1111101110
111110111100
111110111101
11111011111
1111110000
11111100010
111111000110
111111000111
11111100100
11111100101
1111110011
11111101000
11111101001
11111101010
11111101011
11111101100
11111101101
1111110111
11111110000
11111110001
11111110010
11111110011
1111111010
111111101100
111111101101
11111110111
1111111100
1111111101
111111111000
111111111001
11111111101
1111111111
