5030783191745
00000000000
00000000001
0000000001
0000000010
00000000110
00000000111
0000000100
0000000101
0000000110
00000001110
000000011110
000000011111
000000100
0000001010
0000001011
00000011000
000000110010
000000110011
0000001101
0000001110
0000001111
000001000
00000100100
00000100101
0000010011
000001010
000001011000
000001011001
00000101101
0000010111
00000110000
00000110001
0000011001
000001101
00000111000
00000111001
0000011101
0000011110
000001111100
000001111101
000001111110
000001111111
000010000
0000100010
00001000110
000010001110
0000100011110
0000100011111
0000100100
000010010100
000010010101
000010010110
000010010111
000010011
0000101000
000010100100
000010100101
00001010011
0000101010000
00001010100010
00001010100011
000010101001
000010101010
000010101011
00001010110
0000101011100
00001010111010
00001010111011
00001010111100
00001010111101
0000101011111
000010110
0000101110000
0000101110001
000010111001
000010111010
0000101110110
0000101110111
0000101111
000011000
00001100100
00001100101
0000110011
00001101000000
00001101000001
0000110100001
000011010001
00001101001
0000110101
0000110110
00001101110
0000110111100
00001101111010
00001101111011
000011011111
000011100
000011101
000011110
000011111000
0000111110010
0000111110011
000011111010
000011111011
00001111110
00001111111
0001000000
000100000100
000100000101
00010000011
0001000010
000100001100
00010000110100
00010000110101
00010000110110
000100001101110
000100001101111
00010000111
000100010
000100011
000100100
0001001010
00010010110
00010010111
00010011000
00010011001
0001001101
0001001110
00010011110
000100111110
000100111111
000101000000
00010100000100
00010100000101
0001010000011
000101000010
000101000011
0001010001
000101001000
000101001001
0001010010100
0001010010101
000101001011000
000101001011001
00010100101101
0001010010111
0001010011
0001010100000
0001010100001
000101010001
00010101001
0001010101
000101011
0001011000
00010110010
000101100110
000101100111
000101101
0001011100
0001011101
00010111100
00010111101
0001011111
000110000
000110001000
000110001001
00011000101
0001100011
0001100100
0001100101
00011001100
000110011010
000110011011
0001100111
000110100
0001101010
0001101011
000110110000
000110110001
00011011001
00011011010
000110110110000
000110110110001
00011011011001
00011011011010
00011011011011
0001101101110
000110110111100
000110110111101
00011011011111
0001101110
00011011110
00011011111
000111000
000111001
0001110100
0001110101000
0001110101001
000111010101
000111010110000
000111010110001
00011101011001
0001110101101
000111010111
000111011
000111100000
0001111000010
0001111000011
00011110001
00011110010
000111100110
00011110011100
00011110011101
00011110011110
00011110011111
000111101
00011111000
00011111001
00011111010
000111110110
000111110111
000111111
001000000000
001000000001
00100000001
00100000010
00100000011
0010000010
00100000110
001000001110
001000001111
001000010
0010000110000
0010000110001
001000011001
00100001101
00100001110
00100001111
001000100
00100010100
00100010101
00100010110
0010001011100
00100010111010
00100010111011
001000101111
001000110
001000111000
0010001110010
0010001110011
00100011101
0010001111
0010010000
0010010001
0010010010
001001001100
001001001101
0010010011100
0010010011101
001001001111
0010010100
00100101010
00100101011
0010010110
0010010111
0010011000
00100110010
001001100110
001001100111
001001101
001001110000
001001110001
0010011100100
0010011100101
001001110011
0010011101
00100111100
00100111101
00100111110
001001111110
0010011111110
0010011111111
0010100000
0010100001000
0010100001001
001010000101
00101000011
001010001
00101001000
001010010010
001010010011
0010100101
0010100110
00101001110
00101001111
001010100
00101010100
001010101010
0010101010110
0010101010111
00101010110
00101010111
0010101100
00101011010
00101011011
0010101110
00101011110
00101011111
001011000
0010110010
0010110011
001011010000
001011010001
00101101001
0010110101
001011011000
001011011001
00101101101
0010110111
001011100000
001011100001
00101110001
001011100100
001011100101
00101110011
0010111010
0010111011
001011110
001011111
001100000000
001100000001
00110000001
0011000001
0011000010
00110000110
001100001110
001100001111
001100010
001100011
00110010000
001100100010
001100100011
0011001001
0011001010
0011001011000
0011001011001
001100101101
00110010111
0011001100
00110011010
001100110110
001100110111
001100111
0011010000
001101000100
0011010001010
0011010001011
00110100011
0011010010
00110100110
00110100111
001101010
00110101100
001101011010
001101011011
0011010111
0011011000
00110110010
001101100110
001101100111
001101101
001101110000
001101110001
001101110010
0011011100110
0011011100111
0011011101
001101111000
001101111001
00110111101
0011011111000
0011011111001
0011011111010
0011011111011
00110111111
0011100000
00111000010
001110000110
0011100001110
001110000111100
0011100001111010
0011100001111011
00111000011111
001110001
0011100100000
00111001000010
00111001000011
001110010001
001110010010
001110010011
0011100101
0011100110
00111001110
001110011110
001110011111
001110100
00111010100
001110101010
001110101011
00111010110
00111010111
0011101100
00111011010
00111011011
001110111
001111000000
001111000001
00111100001
00111100010
001111000110
001111000111
001111001
00111101000
001111010010
001111010011
0011110101
00111101100
00111101101
0011110111
0011111000000
0011111000001
001111100001
0011111000100
0011111000101
001111100011
001111100100
001111100101
00111110011
0011111010
00111110110
0011111011100
0011111011101
001111101111
001111110
0011111110000
0011111110001
001111111001
001111111010
0011111110110
0011111110111
00111111110
0011111111100
00111111111010
00111111111011
0011111111110
001111111111100
001111111111101
00111111111111
010000000
01000000100
010000001010
010000001011
0100000011
010000010000
010000010001
010000010010
010000010011
01000001010
010000010110
010000010111
010000011
010000100000
0100001000010
0100001000011
01000010001
01000010010
01000010011
0100001010
010000101100
010000101101
01000010111
0100001100
01000011010
010000110110
010000110111
010000111
0100010000
01000100010
01000100011
01000100100
010001001010
010001001011
0100010011
010001010
010001011000
010001011001
01000101101
01000101110
0100010111100
0100010111101
010001011111
0100011000
010001100100
010001100101
01000110011
0100011010
0100011011000
0100011011001
010001101101
010001101110000
010001101110001
01000110111001
0100011011101
010001101111
010001110
0100011110000
0100011110001
010001111001
010001111010
010001111011
01000111110
010001111110
010001111111
0100100000
0100100001000
0100100001001
010010000101
01001000011000
01001000011001
010010000110100
0100100001101010
0100100001101011
01001000011011
0100100001110
0100100001111
010010001
01001001000
01001001001
0100100101
0100100110
0100100111
0100101000
010010100100
010010100101
01001010011000
01001010011001
0100101001101
010010100111
010010101000
010010101001
010010101010
010010101011000
010010101011001
01001010101101
0100101010111
010010101100
010010101101
01001010111
0100101100
0100101101
01001011100
010010111010
010010111011
0100101111
010011000000
010011000001
01001100001
01001100010
01001100011
0100110010
0100110011
010011010000
010011010001
01001101001
01001101010
010011010110
01001101011100
01001101011101
0100110101111
010011011
010011100
0100111010
0100111011
010011110
01001111100
01001111101
0100111111
01010000000
01010000001
0101000001
010100001000
010100001001
010100001010
010100001011
01010000110
010100001110
010100001111
0101000100
01010001010
010100010110
010100010111
0101000110
010100011100
010100011101
01010001111
0101001000
010100100100
010100100101
01010010011
0101001010
01010010110
01010010111
010100110
01010011100
01010011101
0101001111
0101010000000
0101010000001
01010100000100
01010100000101
01010100000110
010101000001110
0101010000011110
0101010000011111
01010100001
0101010001
010101001
0101010100
0101010101
0101010110
01010101110
01010101111
0101011000
01010110010
01010110011
010101101
01010111000
010101110010
0101011100110
0101011100111
0101011101
01010111100
01010111101
0101011111
0101100000
010110000100
010110000101
010110000110
0101100001110
0101100001111
01011000100
01011000101
0101100011
0101100100000
0101100100001
0101100100010
01011001000110
01011001000111
01011001001
010110010100
0101100101010
01011001010110
01011001010111
010110010110
0101100101110
0101100101111
0101100110
01011001110
0101100111100
0101100111101
010110011111
0101101000
01011010010
01011010011
010110101
01011011000
010110110010
010110110011
01011011010
01011011011
0101101110
0101101111000
0101101111001
01011011110100
01011011110101
0101101111011
010110111110
010110111111
010111000
0101110010
010111001100
01011100110100
01011100110101
0101110011011
01011100111
0101110100
0101110101
010111011000
010111011001
01011101101
0101110111
01011110000
010111100010
0101111000110
0101111000111
01011110010
01011110011
010111101
0101111100
01011111010
010111110110000
010111110110001
01011111011001
0101111101101
010111110111
010111111
011000000000
011000000001
01100000001
0110000001
011000001
0110000100
0110000101
011000011000
011000011001
011000011010
01100001101100
01100001101101
0110000110111
01100001110
01100001111
011000100
01100010100
01100010101
0110001011
011000110
01100011100
01100011101
01100011110
01100011111
011001000
011001001000
011001001001
01100100101
011001001100
011001001101
01100100111
011001010000
011001010001
011001010010
0110010100110
0110010100111
01100101010
011001010110
0110010101110
01100101011110
01100101011111
011001011
01100110000000
01100110000001
0110011000001
011001100001
01100110001
0110011001
0110011010
011001101100
0110011011010
0110011011011
01100110111
011001110000
011001110001
01100111001
0110011101000
0110011101001
0110011101010
0110011101011
01100111011
0110011110
0110011111000
0110011111001
011001111101
01100111111
011010000
01101000100
01101000101
0110100011
0110100100
01101001010
0110100101100
0110100101101
011010010111
0110100110
01101001110
011010011110
011010011111
011010100
011010101000
0110101010010
0110101010011
01101010101
01101010110
01101010111
0110101100
011010110100
011010110101
01101011011
0110101110000
0110101110001
0110101110010
0110101110011
01101011101
0110101111
011011000000
011011000001
01101100001
01101100010
011011000110
011011000111
0110110010
01101100110
01101100111
0110110100
01101101010
011011010110
011011010111
0110110110
01101101110
011011011110
011011011111
011011100
01101110100
011011101010
011011101011
0110111011
0110111100
0110111101
0110111110000
0110111110001
011011111001
0110111110100
01101111101010
01101111101011
011011111011
0110111111
01110000000
01110000001
0111000001
0111000010
011100001100
011100001101
01110000111
0111000100
01110001010
01110001011
01110001100
0111000110100
01110001101010
01110001101011
0111000110110
0111000110111
0111000111
011100100
011100101000
011100101001
01110010101
0111001011000
01110010110010
01110010110011
0111001011010
0111001011011
01110010111
0111001100
011100110100
011100110101
011100110110
011100110111
011100111
0111010000
0111010001
01110100100
01110100101
01110100110
01110100111
0111010100
01110101010000
01110101010001
0111010101001
0111010101010
0111010101011
011101010110
011101010111
0111010110
01110101110
01110101111
011101100
0111011010
0111011011000
0111011011001
011101101101
011101101110
011101101111
0111011100
01110111010
01110111011
011101111
01111000000
01111000001
0111100001
0111100010
011110001100000
0111100011000010
0111100011000011
01111000110001
0111100011001
011110001101
01111000111
0111100100
0111100101
01111001100
011110011010
0111100110110
0111100110111
0111100111
0111101000
011110100100
011110100101
0111101001100
01111010011010
011110100110110
011110100110111
0111101001110
01111010011110
01111010011111
0111101010
0111101011
011110110
0111101110
01111011110
011110111110
011110111111
0111110000
011111000100
0111110001010
0111110001011
01111100011
0111110010000
01111100100010
01111100100011
0111110010010
0111110010011
01111100101
011111001100
011111001101
011111001110
011111001111
011111010
011111011
011111100
0111111010
0111111011
01111111000
01111111001
01111111010
011111110110
011111110111
011111111
100000000000
1000000000010
1000000000011
100000000010
1000000000110
1000000000111
1000000001
10000000100
10000000101
10000000110
10000000111
100000010
1000000110
1000000111
100000100000
100000100001
10000010001
1000001001
1000001010000
1000001010001
1000001010010
1000001010011
10000010101
10000010110
1000001011100
1000001011101
100000101111
100000110
1000001110000
1000001110001
100000111001
10000011101
1000001111
100001000
100001001
10000101000
100001010010
100001010011
1000010101
1000010110
10000101110
100001011110
1000010111110
1000010111111
1000011000
1000011001
100001101
1000011100
1000011101
100001111
1000100000
10001000010
10001000011
1000100010
10001000110
10001000111
1000100100
100010010100
1000100101010
1000100101011
10001001011
100010011
1000101000
1000101001
100010101000
100010101001
100010101010
100010101011
10001010110
10001010111
1000101100
1000101101
100010111
100011000000
1000110000010
1000110000011
10001100001
10001100010
10001100011
1000110010
1000110011
1000110100000
10001101000010
10001101000011
100011010001
100011010010
1000110100110
1000110100111
10001101010
10001101011
100011011
100011100000
100011100001
100011100010
1000111000110
10001110001110
100011100011110
100011100011111
10001110010
100011100110
100011100111
100011101
10001111000
10001111001
100011110100
10001111010100
10001111010101
1000111101011
10001111011
100011111
10010000000
100100000010
1001000000110
1001000000111
10010000010
100100000110
100100000111
100100001
100100010000
100100010001
10010001001
100100010100
100100010101
10010001011
1001000110
100100011100
100100011101
100100011110
1001000111110
1001000111111
100100100
10010010100
10010010101
1001001011
1001001100000
1001001100001
100100110001
10010011001
10010011010
100100110110
1001001101110
1001001101111
100100111
100101000000
100101000001
100101000010
100101000011
1001010001
1001010010000
10010100100010
10010100100011
1001010010010
10010100100110
10010100100111
10010100101
10010100110
10010100111
1001010100
1001010101
100101011
1001011000000
1001011000001
100101100001
10010110001
1001011001
1001011010
1001011011000
1001011011001
10010110110100
10010110110101
10010110110110
100101101101110
100101101101111
100101101110
1001011011110
10010110111110
100101101111110
100101101111111
1001011100
1001011101000
1001011101001
100101110101
10010111011
100101111
10011000000
100110000010
100110000011
1001100001
10011000100
10011000101
10011000110
1001100011100
1001100011101
100110001111
1001100100
100110010100
100110010101
10011001011
100110011000
1001100110010
10011001100110
10011001100111
10011001101
10011001110000
10011001110001
1001100111001
100110011101
100110011110
100110011111
10011010000
100110100010
100110100011
10011010010
10011010011
100110101
100110110000
100110110001
10011011001
1001101101
100110111000
100110111001
10011011101
10011011110
10011011111
1001110000
10011100010
10011100011
100111001
10011101000
10011101001
1001110101
10011101100
1001110110100
1001110110101
100111011011
10011101110000
10011101110001
1001110111001
100111011101
10011101111
100111100000
10011110000100
10011110000101
10011110000110
10011110000111
10011110001
1001111001
100111101
100111110000
100111110001
10011111001
10011111010
10011111011
10011111100
100111111010
100111111011
10011111110
10011111111
1010000000
1010000001000
1010000001001
1010000001010
1010000001011
10100000011
10100000100000
10100000100001
1010000010001
101000001001
10100000101
10100000110
101000001110
10100000111100
10100000111101
1010000011111
1010000100
10100001010
10100001011
1010000110
1010000111
10100010000
10100010001
101000100100
101000100101
101000100110
101000100111
10100010100
1010001010100
1010001010101
101000101011
10100010110
101000101110
101000101111
1010001100
1010001101
101000111000
101000111001
10100011101
1010001111
1010010000
1010010001000
1010010001001
101001000101
10100100011
10100100100000
10100100100001
1010010010001
1010010010010
10100100100110
10100100100111
10100100101
1010010011
101001010000
101001010001
101001010010
1010010100110
1010010100111
101001010100
1010010101010
1010010101011
10100101011
10100101100
101001011010000
101001011010001
10100101101001
1010010110101
101001011011
1010010111
10100110000000
10100110000001
1010011000001
1010011000010
1010011000011
101001100010
1010011000110
1010011000111
10100110010
10100110011
10100110100
10100110101000
101001101010010
101001101010011
1010011010101
101001101011
10100110110
1010011011100
1010011011101
101001101111
101001110000
1010011100010
1010011100011
10100111001
101001110100
10100111010100
10100111010101
10100111010110
10100111010111
10100111011
101001111
1010100000
1010100001
10101000100
10101000101
10101000110
101010001110
101010001111
101010010
10101001100
10101001101
1010100111
101010100000
101010100001
10101010001
1010101001
10101010100
101010101010
101010101011
1010101011
1010101100
1010101101
1010101110000
1010101110001
1010101110010
1010101110011
101010111010
10101011101100
10101011101101
1010101110111
10101011110
10101011111
1010110000
101011000100
1010110001010
1010110001011
10101100011
10101100100
101011001010
101011001011
1010110011
10101101000
10101101001
1010110101
1010110110000
1010110110001
101011011001
1010110110100
1010110110101
101011011011000
101011011011001
10101101101101
1010110110111
1010110111
1010111000000
1010111000001
101011100001
10101110001
101011100100
1010111001010
1010111001011
101011100110
101011100111
101011101
101011110
1010111110
101011111100
1010111111010
10101111110110
10101111110111
101011111110
101011111111
10110000000
101100000010000
101100000010001
10110000001001
1011000000101
101100000011
1011000001
101100001000
101100001001
10110000101
101100001100
101100001101
10110000111
1011000100
10110001010
10110001011
101100011000000
101100011000001
10110001100001
10110001100010
10110001100011
1011000110010
10110001100110
10110001100111
10110001101
1011000111
1011001000
1011001001
1011001010
101100101100
101100101101
101100101110
101100101111
101100110
1011001110
1011001111
101101000000
101101000001
10110100001
1011010001
101101001000
101101001001
101101001010
101101001011
10110100110
101101001110
101101001111
101101010
101101011
10110110000
10110110001
10110110010
101101100110
1011011001110
1011011001111
101101101000
10110110100100
10110110100101
1011011010011
101101101010
1011011010110
1011011010111
10110110110
101101101110
101101101111
10110111000
101101110010
101101110011
1011011101
1011011110
10110111110
101101111110
101101111111
1011100000
101110000100
101110000101
10111000011
10111000100
10111000101
10111000110
1011100011100
1011100011101
10111000111100
10111000111101
1011100011111
101110010
10111001100
10111001101
1011100111
101110100
1011101010
1011101011
10111011000
101110110010
10111011001100
101110110011010
101110110011011
10111011001110
10111011001111
10111011010
10111011011
1011101110
1011101111
101111000
10111100100
10111100101
1011110011
10111101000
10111101001
1011110101
101111011
101111100000
1011111000010
1011111000011
10111110001000
10111110001001
1011111000101
101111100011000
101111100011001
10111110001101
1011111000111
10111110010
1011111001100
1011111001101
1011111001110
1011111001111
101111101
101111110000
101111110001
10111111001
1011111101
1011111110
101111111100
1011111111010
1011111111011
101111111110
101111111111
110000000
110000001
1100000100
1100000101000
11000001010010
110000010100110
110000010100111
110000010101
110000010110
110000010111
110000011
1100001000
1100001001
110000101
110000110000
110000110001
110000110010
110000110011
11000011010
1100001101100
1100001101101
1100001101110
1100001101111
110000111
110001000000
110001000001
11000100001
11000100010
110001000110
110001000111
110001001
1100010100
1100010101
110001011000
110001011001
11000101101
11000101110
11000101111
1100011000
11000110010
11000110011
11000110100
11000110101
1100011011
1100011100000
11000111000010
11000111000011
110001110001
1100011100100
1100011100101
110001110011
11000111010
110001110110
110001110111
110001111
11001000000
110010000010
110010000011
1100100001
110010001000
110010001001
11001000101
11001000110
11001000111
1100100100
1100100101
110010011
11001010000
11001010001
1100101001
11001010100
11001010101
110010101100
11001010110100
11001010110101
11001010110110
11001010110111
110010101110
110010101111
11001011000
1100101100100
1100101100101
110010110011
1100101101
110010111000
110010111001
11001011101
110010111100
110010111101
110010111110
110010111111
1100110000
11001100010
11001100011
110011001000
110011001001
11001100101
11001100110
110011001110
110011001111
110011010
11001101100
110011011010
110011011011
11001101110
110011011110
110011011111
1100111000
11001110010
11001110011
110011101
1100111100
1100111101
11001111100000
11001111100001
11001111100010
11001111100011
110011111001
11001111101
11001111110
110011111110
110011111111
110100000
110100001
110100010
1101000110
11010001110
11010001111
110100100
1101001010
1101001011
110100110
11010011100
11010011101
11010011110
110100111110
110100111111
1101010000
11010100010
11010100011
1101010010
11010100110
11010100111
110101010
11010101100
11010101101
1101010111
11010110000
110101100010
110101100011
1101011001
1101011010
110101101100
110101101101
110101101110
110101101111
1101011100
11010111010
11010111011000
11010111011001
1101011101101
110101110111
110101111
11011000000
11011000001
1101100001000
1101100001001
110110000101
110110000110000
110110000110001
11011000011001
1101100001101
110110000111
110110001
1101100100
1101100101
1101100110
11011001110
11011001111
110110100
110110101000
110110101001
11011010101
11011010110
11011010111
1101101100
1101101101
11011011100
110110111010
110110111011
11011011110
110110111110
110110111111
110111000
11011100100
11011100101
110111001100
1101110011010
1101110011011
110111001110
110111001111
110111010
1101110110
1101110111
1101111000
1101111001
110111101000
110111101001
11011110101
11011110110
110111101110000
110111101110001
11011110111001
1101111011101000
1101111011101001
110111101110101
11011110111011
110111101111
11011111000
110111110010
1101111100110
1101111100111
11011111010
11011111011
110111111
11100000000
111000000010
11100000001100
11100000001101
1110000000111
1110000001
111000001000
111000001001
111000001010
111000001011
11100000110
11100000111
111000010
11100001100
1110000110100
1110000110101
111000011011
11100001110
111000011110
111000011111
1110001000
1110001001000
11100010010010
11100010010011
111000100101
11100010011000
11100010011001
1110001001101
1110001001110
1110001001111
111000101
111000110
111000111
111001000000
1110010000010
1110010000011
11100100001
1110010001
11100100100
111001001010
111001001011
1110010011
11100101000
11100101001
1110010101
111001011000
111001011001
11100101101
1110010111
11100110000
11100110001
1110011001
111001101
11100111000
11100111001
111001110100
1110011101010
1110011101011
111001110110
111001110111
111001111
1110100000
111010000100
111010000101
11101000011
11101000100
111010001010
111010001011
1110100011
111010010
11101001100
111010011010
1110100110110
11101001101110
11101001101111
11101001110
1110100111100
1110100111101
111010011111
1110101000
111010100100
111010100101
111010100110
111010100111
111010101
1110101100000
11101011000010
11101011000011
1110101100010
1110101100011
111010110010
111010110011
1110101101
11101011100
11101011101
11101011110
111010111110
11101011111100
11101011111101
1110101111111
1110110000
11101100010
1110110001100
1110110001101
111011000111
111011001
11101101000
11101101001
1110110101
111011011000
1110110110010
1110110110011
11101101101
1110110111
11101110000
11101110001
1110111001
111011101000
1110111010010
1110111010011
11101110101
1110111011
11101111000
11101111001
11101111010
1110111101100
1110111101101
111011110111
111011111
1111000000
1111000001
11110000100
11110000101
1111000011
111100010000
111100010001
11110001001
1111000101000
1111000101001
111100010101
11110001011
111100011
1111001000
11110010010
111100100110
111100100111
1111001010
11110010110
111100101110
111100101111
111100110
111100111000
1111001110010
1111001110011
111100111010
111100111011
1111001111
111101000
1111010010
1111010011
11110101000
11110101001
1111010101
11110101100
11110101101
11110101110
11110101111
111101100000
111101100001
11110110001
11110110010
11110110011
1111011010000
1111011010001
111101101001
11110110101
11110110110
111101101110
111101101111
1111011100
1111011101
11110111100
111101111010
111101111011
1111011111
11111000000
1111100000100
1111100000101
11111000001100
11111000001101
11111000001110
11111000001111
11111000010
111110000110
111110000111
1111100010
111110001100
111110001101
111110001110
11111000111100
11111000111101
1111100011111
1111100100
1111100101
111110011
1111101000000
1111101000001
111110100001
11111010001
111110100100
111110100101
111110100110
111110100111
1111101010
111110101100
111110101101
11111010111
111110110
1111101110000
1111101110001
111110111001
11111011101
1111101111
111111000
11111100100
11111100101
1111110011
11111101000
111111010010
111111010011
1111110101
11111101100
11111101101
1111110111
1111111000
111111100100
111111100101
11111110011
1111111010
1111111011
111111110
11111111100
11111111101
1111111111
