3168254540996
00000000000
00000000001
00000000010
00000000011
000000001
000000010000
000000010001
00000001001
000000010100
0000000101010
0000000101011
00000001011
000000011
000000100000
000000100001
00000010001
00000010010
00000010011
000000101000
000000101001
00000010101
0000001011
00000011
00000100000000
00000100000001
0000010000001
000001000001
00000100001000
00000100001001
00000100001010
00000100001011
0000010000110
00000100001110
00000100001111
00000100010
00000100011
000001001
0000010100
0000010101000000
0000010101000001
0000010101000010
0000010101000011
000001010100010
000001010100011
0000010101001
00000101010100
00000101010101
0000010101011
0000010101100
0000010101101
00000101011100
00000101011101
00000101011110
000001010111110
000001010111111
000001011
00000110000
00000110001
00000110010
0000011001100
0000011001101
0000011001110
0000011001111
000001101
0000011100000
00000111000010
00000111000011
000001110001
000001110010
0000011100110
0000011100111
00000111010
00000111011
00000111100
000001111010
0000011110110
0000011110111
00000111110
0000011111100
0000011111101
000001111111
00001000
0000100100
000010010100
000010010101
00001001011
000010011
0000101000
000010100100
000010100101
00001010011000
00001010011001
0000101001101
000010100111
000010101
000010110000
000010110001
0000101100100
0000101100101
0000101100110
00001011001110
000010110011110
000010110011111
0000101101
0000101110
0000101111
00001100000000
00001100000001
0000110000001
000011000001000
0000110000010010
0000110000010011
00001100000101
0000110000011000
0000110000011001
000011000001101
00001100000111
00001100001
00001100010
00001100011
000011001
0000110100000
0000110100001
0000110100010
0000110100011
00001101001
00001101010
000011010110
000011010111
0000110110
0000110111000
0000110111001
0000110111010
0000110111011
00001101111
00001110
000011110000
0000111100010
0000111100011
00001111001
0000111101000000
0000111101000001
000011110100001
00001111010001
0000111101001000
0000111101001001
000011110100101
000011110100110
000011110100111
000011110101
000011110110
000011110111
000011111
0001000000
00010000010
00010000011
0001000010
0001000011000
00010000110010
000100001100110
000100001100111
0001000011010
0001000011011
000100001110
000100001111000
000100001111001
00010000111101
00010000111110
000100001111110
000100001111111
00010001
000100100000
000100100001000
000100100001001
00010010000101
00010010000110
000100100001110
000100100001111
000100100010
0001001000110
00010010001110
000100100011110
000100100011111
0001001001
00010010100
00010010101
00010010110
00010010111
0001001100
00010011010
00010011011
00010011100
00010011101
0001001111
0001010000000
0001010000001
0001010000010
0001010000011
00010100001
00010100010000
00010100010001
0001010001001
000101000101
00010100011
000101001
0001010100
000101010100
000101010101
000101010110
000101010111
000101011
000101100
000101101
0001011100
0001011101
000101111
000110000000
0001100000010
0001100000011
00011000001
0001100001000
0001100001001
000110000101
0001100001100
0001100001101
000110000111
000110001
0001100100
0001100101
000110011
00011010
000110110000
000110110001
00011011001
0001101101000
0001101101001
0001101101010
000110110101100
000110110101101
00011011010111
00011011011
000110111
00011100
000111010000
000111010001
00011101001
000111010100
000111010101
00011101011
0001110110
00011101110
000111011110
000111011111
00011110
00011111
001000000000
001000000001
00100000001
00100000010
00100000011
001000001
0010000100000
00100001000010
00100001000011
0010000100010
00100001000110
001000010001110
001000010001111
00100001001
00100001010
00100001011
001000011
0010001000000
0010001000001
001000100001
00100010001
00100010010
00100010011
001000101
00100011000
00100011001
0010001101
001000111
00100100000
001001000010
001001000011
001001000100
0010010001010
0010010001011
00100100011
001001001
0010010100
00100101010
00100101011
001001011
0010011000
0010011001
001001101
00100111
00101000000
001010000010
001010000011
00101000010
00101000011
001010001
00101001000
00101001001
0010100101
001010011
00101010000
00101010001
00101010010
001010100110
001010100111
001010101
0010101100000
0010101100001
0010101100010
0010101100011
00101011001
0010101101
001010111
0010110000000
0010110000001
0010110000010
0010110000011
00101100001
00101100010000
00101100010001
0010110001001
0010110001010
0010110001011
00101100011
001011001
0010110100000
0010110100001
001011010001
001011010010
001011010011
00101101010
00101101011000
00101101011001
00101101011010
00101101011011
001011010111
001011011
00101110000
00101110001000
001011100010010
0010111000100110
001011100010011100
001011100010011101
00101110001001111
0010111000101
001011100011
00101110010
00101110011
001011101
0010111100
00101111010
001011110110
0010111101110
00101111011110
00101111011111
001011111
0011000000000
0011000000001
0011000000010
00110000000110
00110000000111
00110000001
00110000010
0011000001100
00110000011010
00110000011011
0011000001110
00110000011110
00110000011111
001100001
0011000100
00110001010
001100010110
0011000101110
00110001011110
001100010111110
001100010111111
001100011
00110010000
001100100010
001100100011
00110010010
0011001001100
0011001001101
0011001001110
00110010011110
00110010011111
001100101
001100110000
001100110001
00110011001
00110011010
00110011011
001100111
001101000000
001101000001
00110100001
001101000100
001101000101
001101000110
00110100011100
00110100011101
00110100011110
001101000111110
0011010001111110
0011010001111111
001101001
00110101000000
00110101000001
00110101000010
00110101000011
001101010001
0011010100100
00110101001010
00110101001011
001101010011
00110101010
001101010110
0011010101110
00110101011110
00110101011111
001101011
0011011000
0011011001
001101101
001101110000
0011011100010
0011011100011
00110111001
0011011101000
0011011101001
0011011101010
00110111010110
0011011101011100
0011011101011101
001101110101111
00110111011
00110111100000
001101111000010
001101111000011
0011011110001
00110111100100
00110111100101
00110111100110
00110111100111
00110111101
001101111100
001101111101000000
001101111101000001
001101111101000010
0011011111010000110
0011011111010000111
0011011111010001
001101111101001
0011011111010100
0011011111010101
001101111101011
0011011111011
00110111111
0011100000000
00111000000010
00111000000011
00111000000100
00111000000101
00111000000110
0011100000011100
0011100000011101
001110000001111
0011100000100
001110000010100
001110000010101
00111000001011000
00111000001011001
0011100000101101
0011100000101110
00111000001011110
00111000001011111
0011100000110
00111000001110
001110000011110
001110000011111
00111000010
0011100001100
0011100001101
001110000111
001110001
0011100100000
0011100100001
001110010001
001110010010
001110010011
001110010100
001110010101
0011100101100
0011100101101
001110010111
001110011
001110100000
001110100001
00111010001
0011101001
001110101
0011101100
0011101101
001110111
0011110000000
0011110000001
001111000001000
001111000001001
00111100000101
00111100000110
00111100000111
00111100001
001111000100
0011110001010
00111100010110
00111100010111
001111000110
00111100011100
00111100011101
00111100011110
00111100011111
001111001
001111010000
0011110100010
0011110100011
00111101001
0011110101
001111011
001111100
001111101
001111110000
0011111100010
00111111000110
00111111000111
00111111001
00111111010
001111110110
001111110111
001111111
0100000000000
0100000000001
01000000000100
010000000001010
010000000001011
0100000000011
01000000001
01000000010
010000000110000
010000000110001
01000000011001
0100000001101
010000000111
0100000010
01000000110
010000001110
0100000011110
01000000111110
01000000111111
01000001
01000010000
01000010001
0100001001
010000101
0100001100
0100001101
010000111
0100010000000
0100010000001
010001000001
01000100001000
010001000010010
010001000010011
0100010000101
010001000011
01000100010
01000100011
010001001
010001010000
010001010001
01000101001
01000101010
010001010110
0100010101110
0100010101111
010001011
01000110000
01000110001
0100011001
010001101
0100011100000
0100011100001
0100011100010
01000111000110
01000111000111
01000111001
01000111010000
01000111010001
0100011101001
0100011101010
01000111010110
01000111010111
01000111011
010001111
01001000000
010010000010
010010000011
01001000010
010010000110
010010000111
010010001
010010010
010010011
010010100000
0100101000010
0100101000011
010010100010
010010100011
01001010010
01001010011
010010101
010010110000
0100101100010
0100101100011
01001011001
0100101101
01001011100000
01001011100001
0100101110001
010010111001
01001011101
01001011110
01001011111
01001100
01001101000
01001101001
01001101010
01001101011
010011011
010011100
010011101
010011110
010011111
010100000000
010100000001
01010000001
01010000010
01010000011
010100001
01010001000
010100010010
010100010011
0101000101
010100011
01010010000
01010010001
0101001001
010100101
010100110000
010100110001
0101001100100
0101001100101
0101001100110
0101001100111
01010011010
01010011011
010100111
01010100000000
01010100000001
01010100000010
010101000000110
010101000000111
0101010000010
0101010000011
010101000010
01010100001100
01010100001101
0101010000111
0101010001
01010100100
010101001010
010101001011
0101010011
01010101
010101100000000
010101100000001
010101100000010
010101100000011
0101011000001
01010110000100
01010110000101
0101011000011
01010110001
0101011001000
0101011001001
010101100101
010101100110
0101011001110
01010110011110
01010110011111
010101101
010101110
010101111
01011000
010110010000
0101100100010
0101100100011
01011001001
0101100101
010110011
010110100000
010110100001
01011010001
0101101001
010110101
01011011000
01011011001
0101101101
010110111
01011100000
0101110000100
0101110000101
0101110000110
0101110000111
0101110001
010111001
0101110100
0101110101
010111011
01011110000
0101111000100
0101111000101
0101111000110
01011110001110000
01011110001110001
0101111000111001
010111100011101
010111100011110
010111100011111
0101111001
010111101
0101111100
010111110100
010111110101
01011111011
0101111110000
0101111110001
0101111110010
01011111100110
01011111100111
01011111101
01011111110
010111111110
010111111111000
010111111111001
01011111111101
010111111111100
010111111111101
010111111111110
010111111111111
01100000
0110000100
01100001010
011000010110
0110000101110
0110000101111
011000011
011000100
011000101
0110001100
01100011010000
01100011010001
01100011010010
0110001101001100
0110001101001101
011000110100111
011000110101
011000110110
011000110111
011000111
01100100000
01100100001
0110010001
011001001
011001010000
011001010001
011001010010
011001010011
0110010101
011001011
011001100000
011001100001
0110011000100
0110011000101
01100110001100
01100110001101
011001100011100
0110011000111010
0110011000111011
0110011000111100
0110011000111101
0110011000111110
0110011000111111
01100110010
0110011001100
0110011001101
0110011001110
01100110011110
01100110011111
011001101
011001110000
011001110001
01100111001
0110011101000
0110011101001
011001110101
011001110110
0110011101110
01100111011110
011001110111110
011001110111111
011001111
0110100000
0110100001
0110100010000
011010001000100
011010001000101
01101000100011
011010001001
011010001010
0110100010110
0110100010111
01101000110
01101000111000
01101000111001
0110100011101
0110100011110
01101000111110
01101000111111
01101001
01101010
011010110000
01101011000100
01101011000101
01101011000110
011010110001110
011010110001111
011010110010
01101011001100
01101011001101
01101011001110
01101011001111
01101011010
01101011011
011010111
011011000
011011001
01101101000
011011010010
0110110100110
01101101001110
01101101001111
0110110101
01101101100
011011011010
011011011011
0110110111
0110111000000
01101110000010
01101110000011
011011100001
01101110001000
01101110001001
0110111000101
011011100011
01101110010
01101110011
011011101
01101111000
01101111001
01101111010
01101111011
011011111
01110000
011100010
011100011
011100100000000
011100100000001
01110010000001
011100100000100
01110010000010100
01110010000010101
0111001000001011
011100100000110
0111001000001110
01110010000011110
01110010000011111
011100100001
01110010001000
01110010001001
0111001000101
01110010001100
01110010001101
0111001000111
011100100100
0111001001010
0111001001011
01110010011000
01110010011001
01110010011010
01110010011011
011100100111
011100101
01110011000
01110011001
0111001101
011100111
011101000
011101001
0111010100
01110101010
01110101011
01110101100000
01110101100001
01110101100010
01110101100011
0111010110010
01110101100110
01110101100111
01110101101
01110101110
0111010111100
01110101111010
01110101111011
011101011111
01110110
01110111000
011101110010
011101110011
0111011101
011101111
011110000000
011110000001000
011110000001001
011110000001010
011110000001011
0111100000011
01111000001
01111000010000
01111000010001
0111100001001
011110000101
011110000110
0111100001110
0111100001111
011110001
0111100100
011110010100
011110010101
01111001011
011110011
01111010
0111101100
0111101101000000
0111101101000001
011110110100001
011110110100010
011110110100011
0111101101001
01111011010100
01111011010101
01111011010110
01111011010111
01111011011
0111101110000
0111101110001
011110111001
011110111010
0111101110110
01111011101110
01111011101111
01111011110
011110111110
011110111111
01111100
01111101000
01111101001
01111101010
01111101011
011111011
0111111000000
01111110000010
01111110000011
011111100001
011111100010000
011111100010001
01111110001001
0111111000101
011111100011
01111110010
01111110011000
01111110011001
01111110011010
011111100110110
011111100110111
0111111001110
0111111001111000
01111110011110010
01111110011110011
011111100111101
0111111001111100
0111111001111101
01111110011111100
01111110011111101
01111110011111110
01111110011111111
011111101
01111111
1000000000
10000000010
10000000011
100000001
10000001000
10000001001
1000000101
100000011
100000100
100000101
1000001100
100000110100
1000001101010
1000001101011
10000011011
100000111
1000010000000
10000100000010
10000100000011
1000010000010
10000100000110
10000100000111
10000100001
10000100010
100001000110
100001000111
100001001
1000010100000000
1000010100000001
1000010100000010
1000010100000011
10000101000001
1000010100001
10000101000100
10000101000101
100001010001100
1000010100011010
1000010100011011
10000101000111
10000101001
10000101010000000
100001010100000010
100001010100000011
1000010101000001
1000010101000010
10000101010000110
10000101010000111
10000101010001
1000010101001
100001010101
100001010110000
100001010110001
10000101011001
10000101011010
100001010110110
1000010101101110
1000010101101111
1000010101110
100001010111100
100001010111101
10000101011111
100001011
100001100000
10000110000100
10000110000101
1000011000011
10000110001
1000011001000
1000011001001
100001100101
1000011001100
1000011001101
100001100111
100001101
100001110
100001111
100010000
100010001
100010010
100010011
100010100000
10001010000100
10001010000101
1000101000011
1000101000100
1000101000101
1000101000110
10001010001110
10001010001111
10001010010
10001010011000
10001010011001
1000101001101
1000101001110
1000101001111
100010101
10001011000000
10001011000001
1000101100001
1000101100010
1000101100011
100010110010
100010110011
10001011010
10001011011
100010111
10001100
100011010
100011011
1000111000
10001110010
10001110011
100011101
100011110000
100011110001
10001111001
1000111101000
1000111101001
100011110101
10001111011
100011111
1001000000
100100000100
10010000010100
10010000010101
10010000010110
100100000101110
100100000101111
100100000110
100100000111
100100001
1001000100
10010001010
10010001011
100100011
10010010000
10010010001
10010010010
10010010011
10010010100
100100101010
100100101011
1001001011000
1001001011001
1001001011010
10010010110110
100100101101110
100100101101111
10010010111
10010011
100101000
100101001
1001010100
100101010100
1001010101010
100101010101100
100101010101101
100101010101110
100101010101111
10010101011
100101011
100101100000
100101100001
10010110001
100101100100
100101100101
1001011001100
1001011001101
1001011001110
10010110011110
10010110011111
100101101
10010111000
1001011100100
1001011100101
1001011100110
1001011100111
10010111010
10010111011
100101111
10011000000
100110000010
1001100000110
1001100000111
10011000010
100110000110
10011000011100
10011000011101
1001100001111
100110001
10011001
1001101000
10011010010
10011010011
100110101
1001101100
10011011010
10011011011
100110111
100111000000
100111000001000
1001110000010010
10011100000100110
10011100000100111
10011100000101
10011100000110
10011100000111000
10011100000111001
10011100000111010
100111000001110110
100111000001110111
100111000001111
10011100001
1001110001
100111001
100111010000
10011101000100
10011101000101
10011101000110
1001110100011100
10011101000111010
10011101000111011
100111010001111
100111010010
1001110100110
1001110100111
1001110101
1001110110
1001110111
10011110
100111110
100111111
10100000000
101000000010
101000000011
10100000010
101000000110
101000000111
101000001
1010000100000
1010000100001
10100001000100
10100001000101
1010000100011
10100001001
10100001010
10100001011
101000011
10100010000
10100010001
1010001001
101000101
10100011
1010010000
10100100010
1010010001100
1010010001101
101001000111
101001001
10100101000
10100101001
1010010101
101001011000
101001011001
10100101101
101001011100
1010010111010
1010010111011
10100101111
10100110
10100111000
10100111001
10100111010
101001110110
101001110111
1010011110
1010011111
10101000
1010100100
10101001010
10101001011
101010011
1010101000
101010100100
101010100101
10101010011
10101010100
10101010101
101010101100
101010101101
10101010111
10101011
1010110000
101011000100
101011000101
101011000110
101011000111
101011001
101011010
101011011
101011100000
101011100001
10101110001
10101110010
10101110011
101011101
10101111000
10101111001
1010111101
101011111
10110000000
10110000001
10110000010
10110000011
101100001
101100010
101100011
101100100
101100101
101100110
101100111
1011010000
10110100010
10110100011
101101001
101101010000
101101010001
10110101001
10110101010
10110101011
101101011
1011011000
1011011001
101101101
10110111000
10110111001
10110111010
10110111011
101101111
10111000000000
10111000000001
1011100000001
101110000001
10111000001
10111000010000
101110000100010
1011100001000110
1011100001000111
10111000010010
10111000010011
101110000101
101110000110000
1011100001100010
1011100001100011
1011100001100100
1011100001100101
101110000110011
1011100001101
101110000111
101110001
101110010000
101110010001
10111001001
101110010100
101110010101
10111001011
101110011
1011101000
10111010010
101110100110
1011101001110
1011101001111
1011101010
1011101011000
10111010110010
10111010110011
101110101101
101110101110
10111010111100
10111010111101
1011101011111
1011101100
101110110100
1011101101010
1011101101011
10111011011000
1011101101100100
1011101101100101
101110110110011
1011101101101
10111011011100
10111011011101
1011101101111
10111011100
101110111010
1011101110110
1011101110111
10111011110
10111011111
10111100
10111101000
10111101001
101111010100
101111010101
10111101011
101111011
10111110000
1011111000100
10111110001010
10111110001011
101111100011
1011111001000
1011111001001
101111100101
10111110011000
101111100110010
101111100110011
1011111001101
101111100111
101111101
101111110
101111111
1100000000000
11000000000010
11000000000011
110000000001
110000000010
11000000001100
110000000011010
110000000011011
11000000001110
110000000011110
110000000011111
11000000010
11000000011
110000001
110000010000
110000010001
110000010010
1100000100110
1100000100111
11000001010
110000010110
110000010111
110000011
1100001000000000
1100001000000001
110000100000001
11000010000001
1100001000001
1100001000010
1100001000011
11000010001
1100001001
11000010100
11000010101
11000010110000
11000010110001
110000101100100
1100001011001010
11000010110010110
11000010110010111
11000010110011
110000101101
11000010111000
11000010111001
110000101110100
110000101110101
110000101110110
110000101110111
110000101111
1100001100
11000011010
110000110110
110000110111
110000111
1100010000
1100010001
110001001
110001010
110001011
110001100
110001101
1100011100
1100011101
110001111
110010000000
110010000001
110010000010
110010000011
11001000010
1100100001100
1100100001101
1100100001110
110010000111100
110010000111101
110010000111110
110010000111111
110010001
110010010000
110010010001
1100100100100
1100100100101
110010010011
1100100101
110010011
1100101000
1100101001
110010101000
110010101001
11001010101
11001010110
11001010111
11001011
110011000
110011001
11001101000
11001101001
1100110101
110011011
11001110000
1100111000100
1100111000101
110011100011
11001110010000000
11001110010000001
1100111001000001
1100111001000010
1100111001000011
11001110010001
1100111001001
110011100101
110011100110
110011100111
110011101
110011110000
110011110001
11001111001
1100111101
110011111
110100000000
11010000000100
11010000000101
1101000000011
110100000010
1101000000110
1101000000111
1101000001
110100001
110100010
110100011
1101001000
11010010010
11010010011
1101001010
11010010110000
11010010110001
11010010110010
11010010110011
11010010110100
11010010110101
11010010110110
11010010110111
11010010111
110100110000
110100110001
11010011001
110100110100
110100110101
110100110110
11010011011100
11010011011101
1101001101111
1101001110
11010011110
11010011111
11010100
1101010100000
1101010100001
1101010100010
1101010100011
110101010010
110101010011
1101010101
110101011000
11010101100100
11010101100101
1101010110011
11010101101
1101010111
1101011000000
1101011000001
110101100001
11010110001
110101100100
110101100101
110101100110
110101100111
110101101
1101011100000
11010111000010
11010111000011
110101110001
1101011100100
1101011100101
110101110011
11010111010
110101110110
1101011101110
11010111011110
110101110111110
1101011101111110
11010111011111110
11010111011111111
110101111
110110000000000
110110000000001
11011000000001
1101100000001
1101100000010
11011000000110
11011000000111
11011000001
110110000100
110110000101
110110000110
1101100001110
1101100001111
110110001
110110010000
110110010001
11011001001
110110010100
110110010101
1101100101100
1101100101101
110110010111
110110011
1101101000
1101101001
110110101
11011011000
110110110010
1101101100110
1101101100111
1101101101
1101101110000
1101101110001
110110111001
110110111010
1101101110110
1101101110111
11011011110
11011011111
11011100
1101110100
11011101010
110111010110
110111010111
110111011
1101111000
110111100100
11011110010100
11011110010101
1101111001011
11011110011
110111101
110111110000
110111110001
110111110010
110111110011
1101111101
110111111
11100000
111000010000
111000010001
11100001001
1110000101000000
11100001010000010
11100001010000011
111000010100001
111000010100010
1110000101000110
11100001010001110
11100001010001111
1110000101001
1110000101010000
1110000101010001
111000010101001000
1110000101010010010
1110000101010010011
11100001010100101
1110000101010011
1110000101010100
1110000101010101
111000010101011
1110000101011
1110000101100
111000010110100
111000010110101
111000010110110
111000010110111
111000010111
111000011
1110001000
111000100100
111000100101
11100010011
111000101
1110001100
1110001101
1110001110000
1110001110001
111000111001
11100011101
111000111100
111000111101
1110001111100
1110001111101
111000111111
1110010000
111001000100
111001000101
111001000110
1110010001110
1110010001111
111001001
11100101000000
11100101000001
1110010100001
1110010100010
1110010100011
11100101001
1110010101000
1110010101001
111001010101
111001010110
1110010101110
1110010101111
111001011
11100110000
11100110001
1110011001000
1110011001001
111001100101
11100110011
1110011010000
1110011010001
1110011010010
1110011010011
11100110101
11100110110000
1110011011000100
1110011011000101
111001101100011
1110011011001
1110011011010
11100110110110
111001101101110
111001101101111000
111001101101111001
11100110110111101
1110011011011111
111001101110
1110011011110
1110011011111
11100111
1110100000
1110100001
111010001
11101001000
11101001001
11101001010
111010010110
111010010111
111010011
111010100000
111010100001
11101010001
111010100100
1110101001010
1110101001011
11101010011
11101010100000
11101010100001
1110101010001
111010101001
11101010101
11101010110
111010101110
11101010111100
11101010111101
1110101011111
11101011
11101100000
1110110000100000
1110110000100001
1110110000100010
1110110000100011
11101100001001
1110110000101
111011000011000
11101100001100100
11101100001100101
1110110000110011
11101100001101
1110110000111
1110110001
1110110010000
1110110010001
111011001001
111011001010
111011001011
11101100110000
11101100110001
11101100110010
11101100110011
1110110011010
11101100110110
11101100110111
111011001110
11101100111100
11101100111101
1110110011111
11101101
11101110000
11101110001
11101110010
111011100110
111011100111
111011101
111011110000
11101111000100
11101111000101
11101111000110
11101111000111
11101111001
11101111010
111011110110
1110111101110
1110111101111
111011111
11110000000
11110000001
11110000010
11110000011
111100001
11110001000
11110001001
1111000101
111100011
111100100
111100101
111100110
111100111000
111100111001
11110011101
1111001111
11110100000
11110100001000
111101000010010
111101000010011
1111010000101
11110100001100
11110100001101
11110100001110
111101000011110
111101000011111
11110100010
111101000110
111101000111
1111010010
11110100110
11110100111
111101010
1111010110000
1111010110001
1111010110010
11110101100110
11110101100111
11110101101
1111010111000
1111010111001
111101011101
111101011110
11110101111100
11110101111101
11110101111110
11110101111111
111101100
111101101
111101110
1111011110
1111011111
111110000
111110001000
111110001001
11111000101
11111000110
111110001110
111110001111
111110010
11111001100
11111001101
1111100111000
1111100111001
111110011101
11111001111
111110100000000
111110100000001
11111010000001
11111010000010
11111010000011
11111010000100
111110100001010
111110100001011
11111010000110
11111010000111
11111010001
11111010010
1111101001100
1111101001101
111110100111
111110101
111110110
111110111
1111110000
1111110001
111111001
111111010000
1111110100010
1111110100011
11111101001
1111110101
1111110110000000
1111110110000001
11111101100000100
11111101100000101
1111110110000011
11111101100001
11111101100010
111111011000110
111111011000111
111111011001
1111110110100
1111110110101
1111110110110
11111101101110
11111101101111
1111110111
11111110000
111111100010
111111100011
11111110010000
11111110010001
1111111001001
111111100101
111111100110
1111111001110
1111111001111
111111101
11111111000
11111111001
1111111101
1111111110000
1111111110001
111111111001
111111111010
111111111011
11111111110
111111111110
1111111111110
1111111111111
