bdddzdcd_ddcz_ddd_dd__baadcdcdddbbczacbcabbbb__bzc
_ca_dzdaz_zadabaaa_zbczddbbbzcb_zzzbdzdzza__cab_cd
_bcbcac_ddczbbcbcd_cz_d_c_zzaazbcbadbaadczdc__zzcb
c_zza_aca_bbzc_zzcdbcd_cazdcdb_addb_c__bdcbzzbaa_a
ac__dcb_cazdazadczbddcazd__da_a__aac__zazdazdc_dba
ddbccbzbbca_cbz_bbabab_bzbabczdzazzaabc_d__aazacz_
zbbaz__cazbzdc_adcczzad__zdabzcbbcbzdaacadcbzabbdd
b_zdbddddbcb_ddc__z__zbabd__dcbdc_cczdzzc_zcddcdab
aa_b_zbzzz_aaabdzzdccacccaaz_ddc_z__dcdbbacdaazc_c
_zacaaaabadcz_a_aacad_zdzccaz_cadddd_zbc_cb_ccd_az
cdc_cb_zcbdddaczdd__acbbadb_zbzbacbaaccabzdz_zbadc
bcddzcdb__z_bbzb_bzcbbaz_zzdba_cz_cbba_zzba_bddzcz
z_dz_dcdbdcccccczabb_zd_b__bdcbzdb__zdz__z_az_acb_
dzaaazz_ccbb_dbaadadadzcdaccadadzaabc_bda_zdcbczzd
abb_daccd_aaczaabbbzzbcaacz___cab_dzzb_bdcccbz_ada
cazabc_aab__d__ccz_acc_dcbdzcaz_azzcdzddcazbdazd_b
dccdcbdczaaz__d_d_azdadb_aab_b_z_bbd_cc_adbz_babba
_d_z__a__zbdbdzbzcc_bd_zdzbacza_cczacaaacba_adz_cb
bz_cbbzazd_aaa_d_zddzzc_bdadb_dbaa_dazdc_a_ca_ccz_
zbbbdabzccz_zzdzaazbb_zbzbzczdbcbdazbbbzbddadcbaaz
cazbzdcba_dzacccbb_c_abdzc_aabcddacaa_cbdbab_z_bzc
d_dcac_d_acc_babcczaadac__bcdadaz_dbcdaazcddccddad
__azc_bcddadbzbaa_aadzaadzddbz_dcddczc_d_z__zbzzb_
zbcadzdabzcbccz__dccc_czaaczccab_zc_b_zcd_zzb_d__z
bdcdaczzdczzzdczczb_bcbzbcbbazz_zbadddz_czcdba_aca
azz_bzad_b__dbzddddb_b_dcbd_dabaac_z_zbzbcba_dbddc
acbb_bcbccbcaabcba_dcaz__dc__dccbczcdaczzddcczab_b
zadzzaz_zaddc__azbazdddab_zczbaz_db__ba_abzbzdccbd
dbadzdbdabzabaddaczczcbcaa_b__d_dzdac__a__bdaaa_cz
b__ad_dbbzdb_zazd_daa_abcbazcczdc_bbbzdcaa_cdcczzd
_ccc_aaabdabzc_bbcbdabccdz_ddabc_b_bzacbz_cbdb_ca_
czz_cb_cc_bzd_b_zac__zzbzcbazz_azaa_ad_dcda_c_bbda
_dddaccza_cd_bcccdazzddzc_cabbbbbazzacdzdzcaz_d_bb
babab_a_za_ccddz__dbbc_dbdzza_zzcbcadbzababzbzzacc
ac_bdd_ddzb_adaabbccdz__d_d_addbdzzd_zad_bab_cbza_
zza__zbc_bzazaz_zzbzcbda_cacbccaa_bcz_bbbcddaacddd
d_czzcz__ddabc_b_zzdaazzzzdbza__dd_bccz_z_zzbdzzzc
cbdcbadaacabdbzdaa__z_c_abad__acbcdcbdacdb_cdbaa_z
zdbaadcbdbcd_zcccdcb_abaadzzdczz_dcdab_zcaz__a_d_b
_aadczdzcd__b_d_dbzadzabzab_cdadazazbac_acbazcd_ca
bzzzc_bdz_dzaaaz__bbcdcccdca_zcbcbaadadbaza_cbabdb
c__bdbzbbzbcc_bdccddb_dddc_bzbd_z_z__cbdzdcdazbcbz
acdcb_aa_acadd_bdc_a_b_abazccbbacacbcbzadbdbadcbac
daz_za__zc_bzzdabdaczczz_bddad_dbcbczzbc_a_zb_zcza
zb_dab_zdzz_ccaza___ccbbc__zd_dzab_zb_caccccdc___d
ddcc_cccc_addbcczbazada_zzadbzaczddacd_zbzbacbddb_
ccbbzddbabcz_cba_zcbb_zcabbazaccd___zbdd_daa_zzzc_
bza_czb_bazcb_zdzadzdbddb_cccc_a_ccdd_a_d_ddzdbazd
aaaaabzzbda_zaz_b_bcaabcdzcba_zzczad_zbbbbzca_ddda
_dzzb_aazcbaabdbcbza_zaa_ca__bb_zad_acdca__zdaccab
