34i5510333jbrwuv6680321if_d_rpb6j4_4h8x1dg3f7uvuvml16t
439y7cs04o7jj63lwkq4za55lj9tz4r67emedj5lbnyp7c7zb1a
7447a3510310gzz4puv105zkq0fkqcibo75kq0l2c51sccr64mgib5ha9
26kq3l72y29832el54gpo53f03iz_1_4mjuv10hy0wxoxtfx27377
_xhm10xzween65ikq916rw5juvb0hmt7anbg3ym7fikq76xst5cmr3
y6t10y4luvxr21dyi7suvb396rg610b6jw1h423pwy0t9kq4xp709710
c7r4t1uv568luv1jxe44fb76dp3l61033kq2pni683n810_38y8w_107
ab8uv06i6b3tao9f03cm9zta1kquv0rc1536rjn633f089rjp35ih
uvi5kqm0xdlc3huva57kqw28241022dx377g4h04omsfseh7to6ht9d
10_jsa3oa594tt60oh9104ogcn5a1nydc56et0910ze6_5kq1l44_4
9133j9w6nwuvmruvt35r6ng13f9x6pd8oac6o7dzocya8_3bi8wj
85uv5ci9o74og103uvyyjt33as6lkqg8spery8llb_tzmt662x80cb
75ae77y2_ampbb74uvm4tfuvbzofi_xs3c_l0cxuv27b7fisaa23kq
7s6b7oje831fg5pa63s_mkq0by3kqzwbx74g5uvlne4_okqyry5n55
6pg933h1cyf2l8gst7rid82_bm77guvspj9_10fb4m5h1db2kq3e1
6nd0l83bpo3_ekqf10f55y10d810p583c4yex47y7n17lguv310g47ns
5h10f2d10zm10as7r102c73h6nelnz364t2i7i2e65kq6c41010hkqh5s3
5102r4mcrs_nbp0sf7swei3maxj59uvluv_w7z3o08ys8jm5o1106_
48ox1wb7axxni54kqz1i4b7zts44xb040gkqmwkqi710jp7n3izgop
4wy2_n7mkq6s59cxbpd_7kq07nawskqwj31053p4753546zb41uved4
3dew5105hjda48flpixox4_yoxth53ghfmm953w6pzkq650w7dpi
3m3c5fpti44l_7n6ol33no1431nms48xo4xjre_oic0zm56z5n
20zti68kqy7455s6bj10yath6gsg100dodslz1247g379slg31070r
1957h4h_5jg43t1ddnpt6mj0y74w2296d36buv4lhw715zt4d2l
0i0lsia5dhuvkqs6t4abh8yzlddc5uv6at85n79chd0kqrjjw0gf4g
y64nb0uvl0imyxna754d10s2t444psonpdpwda538j4xn28sj9kqz
rjx_uvt_jrz3ccwo4l2g57wi888e57rwtftwgglh61326lm0uv3uv
lff46hw8ge15hxj86_0_ms467yddflzo61kq7scbuvhj5_94ojhf
fgj8zej463ie42by0axgf557e27hn_rwkq10o6e475fbi06106kq4c
xsggpuvkqnuvff7mhd10ee47uv4o1zf97m6f9ib7_1662d1010ckqdstx8
zb9h6kqygzpzhfdwwjy6ocp4i310yl4tl315aiytm4uvs5w_c5gmo
kqorads50o85ykqg22wpzw6l7kq47cbl5_z795th3j3rf3i73i10f0
ehejkq6ftwsc07l7zro52095hjgae0kqmuv3yyza679tw73euvesi6
wnmpnrn610rb601hnn8auv5yw294uvj3291hc1348ob22elfhrmpy
p4w63p5141lp4m9_53bjeuvh3rw36e1056z5zr394pgm42d4d6le
j6069y2ghb5j7_5m8z1i133joh_g108fj27p4nzt736od7nyej6
dllwf34rtuvwz10pyc167ylxx3wuvlfizi430hkq0o5ja03h4jcr7w
uvzzp496e96drdz376f76jenc67jih36g9dsc2f2r5i9zo_apxm
otkqsxxzfft790oc5_tl967gwkq4n4597ner64t144p5c4aznocx
ieuv1e7ld1m_5e7_rx7c5rh9uv76st5610yald3idpuvxzgb4et3y5
cx37wbbnil21034io33fdal6e5z31jp35108fr5ar683ty39_ns8
t7t78_pm450s94eeznj65c_m6e628eckqsxjbzkqea9duvow6856z
n17nozr6skqy6o30gt98kqg4p5atpyr0h5nobgprkq51uvde07l4uvj
h5o6g5m_f2hwc105shre1hsbsh5o49ombbaw6_ma10w5wncrwb6g
brymr1t7pg7xw6r1gb90xpr9uvcra1myi8i3sj_ghi1b5pfx1rt
s108bojskqc5kqi73m342nc7_7pim7oyuv56uvs_810g6ya4m6e6924l
m5cfd4d4xn646akq9dxkqm4wxx10_5ckqiza0710nspx5llaah43_wuv
g3al12e8776kq8n8ai_uvs10j1075rewgfx7rfxff109sdnls953ykqb
akq2cico490t_x63jcgild8erm10fxhe7tkqtaxuvix_yrr7apxay
_pd_zgga37pdiyzhmmhnprcyt862a4n106uv5uv52wmnepg1nf6of
