5578190019723660
2289223552048181
8992659305232662
5286188632142032
4519836349008400
7374962090176768
4261896337346580
1350561095056660
3497867226378212
4879970451709926
12554734680009165
1051976521373934
2263022228127519
6304798142027920
3986641208635755
10001672230822608
14639206953799710
1125656808178460
6917880171291538
7734347194641669
1149452319461865
8989235277583825
3177531142625936
1988722316390616
11133353364285694
10165987337813054
10628950113775242
13058771082327910
14811320538514005
6148913554880330
388849471368368
3608448735909339
12091792725322272
3731982520932389
11110891373103218
6417754789994770
8942456760081983
3351203089698356
4722945437858352
5612796656627086
12196537712149526
10646002146676368
5755721669263960
13801484850496595
1283928853006386
6345377981185663
3334702392895434
407458701616138
1841358911429298
10252002315064776
1209961535819358
7153440943667473
8207507842480549
7428054621993632
2900659152896736
12692884978942129
577920173801406
676502016928308
2881436890286941
5339183831194260
1111562569224825
13964885471335336
1387545440513650
3663528008350991
3480585127473578
5154839878040477
9140833427208135
9207477473986879
5830013147292930
1253053070481713
174160276636610
8263488461868801
1489755571654300
5544845071658074
4708018175542672
1894876239075219
1378396181837154
12160534620911022
9997416801332166
18362232621439089
10301061329290836
8328550351038915
2997643561301502
4650468261973891
4961505102321531
3377041388775675
11600975313919772
6265900856243888
5047290685788156
15740876634978129
8964111184719932
9225337639578925
12519763572393596
11890783440419962
2451692502218240
6236712806409439
7548393748689824
12411981425909058
8881796691430535
8830068193698570
9110363359836268
10857516767071226
11962182402862776
3806347665444040
11617571764578552
4618612111078224
1899913027510245
9284965895437375
3341614690383625
8771626795960418
12132459697365866
10800329947547013
1988732536885919
7120111796520324
2968969830429882
10388342230180386
7494472799758170
13656858598975339
4251907931248725
9392596000345500
13422782124705725
10557063959641098
5165347579432614
3034941402363742
1739559501671084
13163196345462670
8749161526398341
16131786224446110
3101658467104702
5171316389852483
8371780536539388
11097783885197524
1713012344358228
11115216460446040
10906399276504708
2927953186262239
8501530999757367
13795099830488241
12271006550486145
17489120378358471
10855581222308933
7300439614440307
7613664183797124
12306174302173342
12337071298458675
3822291956060766
12740456902003380
10252103577527159
3457772693064300
669680243261148
8995486881168714
11691802372648152
6349601209431956
13992209223789012
7666900831231095
9994708673710409
8729665036656589
5680936535595332
5285936106894960
7571503491658799
11713777043932494
13951334039547480
10424963089008851
511377982611360
3943890086089977
17946213009681848
4093619673078843
4975775631637800
5137240922927666
723472550960262
7019605902494290
16488097943663026
5914932811233119
4849829010827251
5961003157425849
9717621851957490
9678126643901766
12989523011274522
174599024668416
1129629184368428
11062784148953338
8772098971650726
11141569399181966
19250059886791906
4668401779593696
9652429601705691
3882813441817873
232817425495842
4564018083504909
10281289313956688
616603919371197
14025796013289071
15851309064737150
474321513109051
15703442260345038
15664599994912628
12808852662130436
3787361633176320
2047013303814358
1873270681435514
13281600749682264
10606289309687478
1666895258692880
1297637824547952
3687343052091286
7982903059538547
12431233731509044
155194674948477
5401810362663994
3943640378253234
8107658397771857
1878524314359462
226307916705378
2237482423894011
14486830079725657
10645285209012174
3446171376833554
10290730550370314
8500179633045252
6524100900292711
4473858189687920
4396622031908224
4524538595488560
5844394575362448
7257374981581419
5639358121110630
2523982079044696
3483027374056650
9287588791167596
2902400678901710
11583762563941487
4627399879987650
6361649182018270
13330169613545680
9172942738215104
9839884655749023
10030464343192862
3132858185125098
11004128791568768
4964898960656477
1145465096427708
8708871857913201
11783641060438794
6048771983343233
12378468032355412
9711428410504695
80752225301638
1622231198797104
10361398576532672
13340251619061928
2951191530275487
9558797409124754
2440734077671806
15307141005374586
1723606121419588
12340356684392436
4527480683477563
3155689340537314
9428965433433111
3501472163943367
9392013466274490
8490315315219414
3289778121429316
7363302009949935
14187381337010628
3556764071238345
5523387272540588
2831088353837920
7558843168448800
2069936250705666
10846166024570720
9729122276775848
455058123025914
6237822695846602
3468680078154150
6268856704630812
1212610374911720
12193678333480224
15081745670663846
7566222247603600
6143444952140452
17874675095507720
6480990477883055
10700596606763147
17286667364894890
4716963116556579
10869162057019780
2473864125835365
4787591306878680
11670231882565504
12030965399204436
2008723758100485
1863707732712210
4244275057709427
2390239555343376
2071287482423922
18307467104034110
3309978547364689
2133127343972520
9715878941585597
5516696553714810
1513361728772740
8849181547160082
13308776740676108
11465137404662870
4288298783157992
13294796229190668
8629260800672379
12683438759558244
7196902808410669
5820541300111338
16562291628016410
18103186088310393
6705177613738110
3420806784995325
10095952357091900
772309691346830
3044601561391395
916092256034144
8260531468524745
9154608916999478
15283757674630753
7385801562552692
826166279056842
16700648639617056
6819045176915490
587192840972614
7019725529163818
4188077877961272
7536849736173150
765619862679639
4618771226781825
13242609613093791
8619197243574465
2008112341535300
10145709010952403
9039125443274715
10903709172015178
13935890035026776
13367220944962468
15573011073616840
4333431463315984
663234934710186
9761445273621424
4698358281567690
412829636621212
1237087480576785
2851821885151886
9559866009987172
14029343243647409
8909541112048960
1542816870944150
2724259768917772
11308402696880173
1878461457286172
5199850330957339
8106805008548498
12643627417414940
4057972220205231
7246767762191346
164715016654320
5858285564415326
1778911526206782
15022387126167248
15778650915902452
6073553682334682
2860515051088880
10723767024525998
6575656669601940
9210530895259058
2408062366113724
13654868031509834
2794360806432056
1313277082201422
4876944532694835
2475564413512596
7753914568667694
8090358219758634
9826565263325187
7160406222950196
8635434310025996
5012477552515839
9400459387224160
2164897065167319
5039476043819808
9752589864217454
1866159421036103
9072277629333100
4865362078672330
7477047722493312
9571715685137895
6179538392130834
6657372015635595
3018760904007018
14982049427280168
844632821841733
12197027994665044
2066865291398413
8843077599544650
15502420500633360
14889171149849208
4199404267720272
5515526719001503
6435004933539922
1262789580202360
2706415649974450
3783530432411376
13977878704438716
14211353702164311
4956823783471314
9027449050077417
1112473681658115
9119651541533511
6431838239859513
4846993237105731
3132882532286913
2100118757683666
2452629479482185
7776967632681384
8105448141869320
4168423296084870
12192163723998105
4457023657173637
3136130937521106
7722503840809178
79120562199870
495045182013165
13900738504809410
2728390159173280
14003433415576398
15564676603898818
10212703520015601
696835973094210
9628952702984880
652879474394392
14123054025294010
6469062483158938
8172557036378214
836377161278022
10356928769875678
7537268110365339
4961365687960734
9190414248493379
2972251342411686
2808715395694900
5415001304457583
1483832518662904
6484268810350744
4555722209011658
2292853049997620
10449324875294454
8062997154351928
4044406188545901
12197654065913244
4650897486464828
2474108531383869
14434905725995746
487958211567255
5181161433003936
8775172105841757
1504793874149846
703709973146614
13515848477355595
2831491535505424
2055562066093112
2390037460805402
6008567497677305
1596302358799512
3529144876622920
14117176079235058
11001952804304200
57825226169046
1442701450494860
870152101968160
8104983597192541
11723231248948690
2922830309894472
13580570618704461
9460217374212024
12877511151706376
2126693890286896
1922506404595605
1326742088232800
4282355379726474
4254181436749428
3919023699020998
4396088307695292
6127771822090242
3914421356903484
7240268602011636
1063986869679287
239959817190210
100000969828938
704113815802584
17935882882689078
806354707953081
3842050185849622
10372583589187028
13293509360693372
4358867287616613
4683239506982420
14781678104306733
9372960070175371
356714391673080
5204164654671620
5841660439715355
14107767476264320
6963681455926893
3022041520420440
7205094997901100
4218261515976242
10566699505451435
1175269560821885
13031579990243800
8371255500472630
1316408737159384
1367546441149452
526860756364890
7595484283373520
8464718298512267
4040826651492408
10934306669271075
390861191689176
6885754105228460
5746367854283429
13099323179873526
10237633012460843
11373203707675035
18567327339527888
8284569670374380
305508218671610
6061058642032118
12839265255943708
3175652047776091
5564404133421548
12336058639978476
12008056553309960
11926690290200100
15164728930148143
8998168457445676
128889885203975
5064031311846906
2689482231512663
8365357108629661
403491965373357
2027389136987448
7764244064742364
9707422407273516
16286463936868361
6150889348861382
9087565218458774
9114728024417400
6903981171698096
14358340985434486
1054377954334261
14758471882304336
10706687483855859
14098627307366689
11375857251947576
6424869208364450
8168594548929864
8906319602914018
69606987837366
12821483442436270
11631374500655241
2249613358463232
6631724394831858
5435874355145164
4394881345695820
232424039465928
5057798947312564
12491728081554884
10551810817318412
5999251348432465
3023912568312865
5872151230771488
15979341466436575
16463116288584504
8299926784249834
8656659690098480
1957418749649316
6141158726712339
14137914028616602
10535181415141410
16344643541789881
7408961342080848
6917664884327891
6996202466435928
6166729384021978
6888492627770240
421047585423232
7491888051250130
13597243598621874
1203950710497335
927065939757540
10683132834178732
6122579779149916
5652433908213348
6888518663943114
35587052178674
4024700985032424
2912663305455645
1486979785224610
7494723119859263
3894714965575952
5358469732605594
5285146476331365
12106146257925963
1140882758181630
7324070160084749
5270929525249492
12141863159033491
11760692496663274
2842197962349328
2263759213781335
13983171552727712
938884136337083
2518835210633549
3840180314448780
768012366568560
5233996851322445
14587488001988452
1325997973511808
16430745972574862
2617222830149480
13325864007498826
10560944046684548
1342204237452960
4682682899726688
6482197610119925
9415546997847182
12240656462797752
13152878784296056
15287779036105953
2973248152510024
3714933255505962
5953715814114444
4205044946111906
11532347978933808
11888448316913182
10099848744026048
11637536196091099
4588925672091440
1481976032955712
3615769722966735
13626456483692268
14834965910178321
366429298282578
11448668642916302
8387575015886112
12670323667401462
7203637652289105
7413934973595235
10265880476910696
15971985724680200
3608182734260392
1345845531255373
7654095028030333
4387832019544550
8259486425966782
8867072808063858
12422930032932860
7609681425534394
10875464439489670
11578955630554266
6510975894691800
580894782313104
2848819076949903
5951866783896184
1161330537972958
2747988896438893
17461893322628439
2079574205225504
10572302966730904
4887328729105434
933868661907816
4047475412745150
9901384117781606
7993429510079952
662013221015720
9256946048784745
11835144314316652
13879949037288563
7823571236242210
1870777582519460
12463813037986994
6503515524927241
16502181030036183
17748862404152032
7710032059992612
4422156013908632
3461069571858576
5372213950365089
2353309312236526
853959459905213
4804019195993936
588188317965183
1002809953200380
457151399603456
2088251766987532
11338128696968606
13605489525914082
92152866986160
6289187087303888
7155212719725435
3490915503537450
9201684501439729
1984153219107144
10796788252284092
5304612740485868
13183079341228400
11917746419786031
11097664134235240
3010321711127256
1228159580417120
8244867405410672
11652544220688778
6639433201233268
8669215219765552
6353349455975302
4416355430694647
2502500590687069
2304115610202720
4856455254392098
16345145964110123
8245556363560330
2205279711525605
5380658514392260
5083111245169986
17034025832501799
7192348951747564
883458495689704
2278651037601410
9871956804971604
2510696260119078
10404073668371183
6257289756708740
10614802971498019
2642185081264166
12830019964125557
18588197679845894
8888920298369589
12660921295390023
12448939698529180
7451322391374040
12286508064538269
11227101225516656
3634150969653473
6291412359058353
3702087011505168
2512994677276809
11077768411011556
5554421461631484
3439094519912609
2958219853975638
10142022365088535
3052470748960038
7716205244219350
141101102419956
89971163746560
5739382963934188
10507999203341294
15530108153459830
13966270188594752
9630672545461327
3774772012719991
4917562722832688
2179715800059780
7362299264352208
956248315492389
11999178274214739
16880452417157205
8521065191568846
18965816316317407
2489946979173467
5930314397929170
10734330875278554
3923577644329060
12873344360750200
9457614183165752
3814156299636385
5149477192612781
5524244311922985
1912355332625632
1692988163940885
7350791693780889
10074402014287682
12828100345628104
10416468409640171
16070535029878842
9852687238656289
16808832733792900
14897081223796253
9184421365269202
2014794210893924
11088309430039288
1589644826677036
3732931149721522
4334211723439872
7795590975525108
1192961207826701
7008046280352040
10006550010723513
10349490241628847
1554051052585956
10553922489012045
7460941626679183
3059929409847688
11824789158372018
2618234262170842
4374331935735764
3073525256224480
2584230598499610
8247876447902952
15363290260341298
1072719576836928
17897071482972420
8305299819484560
1506042220839211
8001935831644144
2656726306604912
6516306453418358
4329657985094928
15715202666072752
7541380096928161
9008843524074785
10229660199992297
423004614838981
19216759755987544
2937855116538573
19342984701373781
5561960471693731
8140811853961184
5228399541158150
1498773890714003
10387712337054654
1308230909590040
7708304210882361
10242772494937642
3893945990829676
5145203033821776
6685973704550208
10585122216918219
1884913624379440
13638753820815062
16004513348141130
1191479104451689
2275910818805505
3532670517756802
1731905104320448
9474969508457624
1382510968120956
5531441431569858
9752659032301744
5631567409312440
6719157272857534
7617843600964993
12076991332807840
10474104824421124
1269557677592534
1539733414636534
13322150430723203
1443692355223628
10603609298008573
8847644936873441
16974699242755944
365552802990600
14230982049164898
26652165864403
18012537047590456
11509712763308694
3239383733483510
11639140889796534
3041169235690860
383090553016236
12523602949826518
3064347758070289
644793045220680
7615508159097278
582658019824920
6843833091057908
4074024494822516
20945428301865758
2659328097158614
8984825876869634
1360523254362276
2084377176375894
11151166974013620
7004064982797930
20014325356877324
17442388416285885
11429525877840188
14176427323460700
10281865554496818
4577219531472907
8555173966449091
2229128695537513
4594378940684022
18867411695456138
2157217091752206
5999977405369052
2038888863404384
9289279311336578
16518870068796756
8602700136083616
13489971294902478
5583616781435638
822763684752765
6297550967707611
8736947123881238
5120855238309055
2620383019589700
5611078535904183
13891611856533399
94591576908624
10283271614471826
9174589015600976
1452771332847313
6124913366455588
11030221211864340
6423251546673040
6633578294359912
9219907979513826
1980522858766593
3237888923979986
5225271449738310
9844896246825788
3182493465802112
13109739886849014
6739321246654260
944077757951592
7519821054765558
8739228859835307
10573541670874138
7110041051308942
790866315417138
10549897113923730
6501134454746847
4654803629722082
11742484081480037
7804636925754461
11402615321602701
6792804286670748
9078051237818985
7092265240771354
14898817219317532
3891095066393504
4181394725282368
8958404335435235
5992250112271636
12359748131007774
4860420590295612
9174873935450094
8908362169810704
11960578603480986
8596859325893759
2342537264308758
7614479228962431
1235432054332262
9440399579194611
1141087941125164
1112411862730530
8395997512694925
7379271223101760
4184325412343380
6990810209652750
9281344482762831
7374162215453501
8359005959761584
6907493336780246
4005601191616878
15338540197884840
7392926511156909
132815644840536
2652516842155320
2132152839059175
7396405398196591
11693517408576044
4964277608086152
9843077536252548
14488788339487506
15261704081166930
8800649179985823
172566797392886
619548042105888
1105707161750208
3892437855401765
19806559234961187
1081259621100234
1016144756248492
4966674898918593
8138424360983456
5134130260444800
1418237266849395
6282817683679787
4471588556009146
6141762890333729
8152887431282208
9891551853920230
4049065089861072
