3056600930807776
3671453768181225
10312157926980496
12550466337227232
14296699426830222
12101724294546585
7395818044363262
6789842696489651
10619959242334498
7123432919018822
3061669404852540
14439227728393217
3883549360633290
1517227166907280
4057778449098252
1655393964163008
11228663251784096
119625046765170
2893292517289590
8138701428168360
155480462809686
6697833362940366
7991923337555759
3932724113210387
1994714015659162
1385163099711450
8435475652265236
11534180133106007
2057482872215988
6800927162265280
9677082359124299
625673463559056
7454762971126066
7706691947903676
5796794439587520
687750227187062
499035897011250
5897274020909856
4531405049919859
6661511092149693
9194255516484143
1255277417352959
3088150993561275
3802232765989042
5992484461405254
4826788609781281
2975275041216545
2711913130753614
1747319884643970
10514617283407932
5291884198466832
5387136394451490
6446612746168288
8133618070996782
8959710933422598
5548193799521784
1494306048033084
1946313924659971
5638238213481589
7943663683927818
12555446713437383
11785623483444560
10494734449709442
4442874072546126
9138180418064772
11514211462845227
2089952546559088
4547864098488870
616271786633883
4515825124413320
5638238408079158
16386439987279160
3111860251589628
5598813366796146
8138749235510240
8461870278073972
3139836590569478
234963578277231
1534434388101576
10428570153346766
11660409187190484
6396693938022075
460850666204460
1110818614256200
2622676886443483
9875143689704944
18841774983372974
2908551517356481
2806087245719400
6320351222779924
10459317812936234
5965098129422976
3336773650153880
15278390233775256
1534049656289040
17954560785878174
6383396501066816
11828219443606569
7949117585780272
6942808353591778
7587881278432753
9712850504124747
2163336050208100
10127965723974456
290495594219740
4385891869762653
1796980559948602
16469685877553274
13792154691733249
2510657973851643
345270939198728
1024575066849715
8075747213991786
3758393665392552
10264485733879398
9214431365784752
1578160080365453
7600371996010271
14552296982699855
2775095545141595
8268419999699490
11157650081250048
3943201305568161
10242444181011938
5797055478180090
14317216856521200
8447079540299792
1182566730985024
17526771934765086
1529420640067890
6158313659080185
11995711933951005
926529383793717
3066458814016290
6022180340300128
10826501427759156
14143154467971701
2818864580713859
10288931498599627
10067727257126414
5236818394948497
12003613584219613
4249748973721088
9269255540665313
2413302165845717
13500033831975943
14668735287511683
7052010762696432
112111675446996
3872497903331139
11988820434781044
13008834866585410
4893705556201425
16248072300385378
13732048591799412
10258814621788803
3799498674186834
2203221914767388
4654036278862150
2551872526888356
10214739431383888
507412671011344
2932263412985020
4719988280225832
16326591393040631
10851054022908081
5234392672198940
3506026132430912
8695742012447843
2205382559309317
4863729174058284
6718200840636880
11999555899418764
7127041814755921
5312681050079633
12464533346625650
2235264150471282
5356198239995100
3808306953245310
4907654035761970
1606523853658386
6994181094927909
12059299995370296
9376503911723680
7345773725279819
6120532873498555
20284238785860218
8054553349020861
965139707802413
4550988347762180
8408573632003530
8087661075979312
7896878859511814
3475615306860223
10067259221659238
292831525705070
9151681306635660
9667739342088837
4211486127594660
6237688128526005
2149571459716425
7045093983331397
2777760645209702
826896016766402
6893454336912931
6727898804181485
2355167154577110
4917272094057610
8102932907177427
12554355413989020
14914750150280053
11613018857492682
17988848808253043
2996995025967500
3191195543762688
3265979607047850
2306661939494365
1798389335034744
2821704316921828
12065893731702360
5416699520927264
11147963524052171
1481731877247761
5246655108332443
13829083592552304
945748257141836
1754495958305600
8197298278188048
4076170669238406
12224875998958365
15232596840889704
10192519707704504
2466841064269953
1371245743032944
989884662230111
5098279223374800
11082045730244730
1467545163638400
5213331810129780
22756999347695992
13932547664535150
3316063954275152
18091054044872233
8689279510816116
3452601561354246
1375142435614892
15388068089210644
88703956428000
1189466605534020
4906545276869805
4740892760353192
4950749655109839
1906176861802752
13249154872406404
4305056386529672
7240574266204437
11430393285650624
2941854247162188
13650805835541446
8142520196878697
4854770368981220
6457882477386082
13637004080116324
10129206619360701
12255814421993924
7248664292488621
2490479372560260
8015661363240594
341005018803696
8917926930571718
3853762477752544
72446193447407
4599825701884976
5285989287242400
7362190119415616
10419705597974341
11740344315937692
7619538353353432
1093601933596158
4865703440205656
4639942860904554
2937119648478667
1003895765225176
858132672133046
2561276732073100
7572034844287815
10986346243256138
8786111128849089
11481575711385800
16585486161703242
5323370351079667
2514719204785530
3539458387932168
9093243737130778
2485993094487494
5846766372438110
5968608998783495
8553926996419464
14879698688476668
5271490495806289
11390416931958509
8742202810744531
3991357523155350
2502536718626748
15159379459527940
10647713598262848
12753315717899468
7496062408029945
8061709338178399
7351976991802728
6611392021351320
9136726374239866
5007319963428330
11075758321727767
1092201334801095
3070976068904170
8191192854104830
13432768735977738
3283392384816292
4033985111620755
2335055472832814
7062255846147165
1584011928999087
10466290091248572
3308802541053120
7307644577406936
4642396358030953
1759757962778904
7122044964256020
11547973036285973
7395385309543756
7792946745136552
5374941170700356
2256069548388570
13289537461260992
9701459778756449
5500013484369065
7438095688720046
2391785584900335
12800392856867031
9408177851440554
1383153196241712
13874365335421552
8144317771477808
640223710489301
2444664450851714
13706406557974779
13899102343797649
16338760426224938
12955874566081015
1712980988293091
15478393682171066
1695717553345476
6319632000988050
1890645956998201
7819840678870066
2611725865468740
1893796059042080
7160082270981390
10946865778237120
7756794563694719
9017952166734620
10612300489092645
10792070638684802
10759543332001916
1268150008732039
1409916955875232
4306065304989324
8569748462469015
4496255039303237
6523934255985322
2939858686340427
4988557877412752
11588317226930732
1481839118672922
12226555787580277
6552597189644060
4161873183054064
5511958779694945
4541946267841815
1017038748153390
3557776389589026
327086733359966
10219846641830287
3758590544909825
4540491161474336
17036325341580615
10553314933091322
15920578367871696
10855922779370508
9396046384301360
5805596842036924
12405843992126903
7883777972588166
7677562230011940
1938934575930794
6569502241824690
12162080301521650
10577185746525820
7927271009766110
7684975739666052
4574450783995288
19751889439290955
1046333401562729
12104620999313726
4071461987783922
4406897423824182
6043700666557946
12592711409295216
12498709735167630
11730929675498460
656298913528008
5434291209885631
7324976329109168
1796182456920075
7136205459576624
7154215036730551
15579282902704920
6914258285707680
1896692822748144
12323376045051345
4862232554369804
9114156145120562
10355085571271980
5386933058085700
1169047256783120
5200500989536648
12999909535203291
3004554737680892
2635517248700308
13333374113710260
10787803737608985
9466650312930312
7733200221840800
18765671461894
9325419224584499
1532960708272938
7306202740210398
8142305951945455
9999679501492296
13109333665537000
4116648500299058
8717339704726652
6849344152990053
10004332462816720
4464168039159694
10102721525908484
15545717816965585
18880519935118480
8350216846137585
5354106973099820
9429633885713400
3278451128722037
4682510692023703
7263487947701557
6181218524168396
9159029526245557
10389434393644404
8436923295653407
5778056327173760
5312723711867897
12876349003591397
8930838321224148
18805688521707174
12712762654331740
3555094721920445
6948438246229830
7894981739170494
702260041083040
9626070404949816
1162107207415260
2690575468551800
7943647706701152
2029072349995106
2069515112205280
15050746872844947
3125384158588818
7146281469117091
9965619116882704
6013335956352758
13270216283092940
8179671139330410
4800432787619528
13768382305965438
1970237943847000
10243256196263608
10473813988721835
17653379337455654
3538331572845720
12574362620918423
1723787635732280
12809402714811402
8129271859712048
9598367882650980
1889507890395228
13405760098397198
1653368113168833
7800402555325366
8974241510453758
2702441465275349
5259861862253592
10644848475872291
7381586212847628
4528144352427336
7436661611096688
5502814423598896
2800780752663000
13056127190661072
9615074718679925
7980696254135196
3869256994179160
1043096870664540
14773287634189553
12979609070609876
4871029408579998
11341854144289414
17084291930016982
3682489618006647
7399936441458078
611713071059986
7120048866397408
9304697868048870
3486152933854078
1079032825207783
7936294768954734
6282126314624405
7287949233025224
4176429542971648
9377840692717865
4417667122456230
5780682930717488
2516280550515
4168651184852550
12343291365473752
16406159233457300
4571895952105888
1174694062585040
10712733246918708
1824974263057242
18263570987892339
2733326849860614
11584042703404195
7347581685434179
3294263768130180
11586969891302432
3481879881138358
4184085112242301
14366347812019415
1043806812847040
8382107995029470
4052879996249490
10567485130415559
7850777243171950
3877811148170940
5750603014089600
7934197461291612
4059687523776144
3060468106987518
13530119028438138
11527108752071902
7882682243197687
871494123306404
6626422715574628
5888604318862859
6676040889147336
3724186104941239
15814906508807392
5176127614676672
13828009765895263
13172558277502998
7442515023912472
14651282196899628
19981700576642429
1976050468644140
13832227968974764
6810469626230336
12824376342033682
6574849981135324
668820159987757
4600036656934066
2753158102830615
5021752967984992
17222169970216980
13133308860119856
11061099592975890
13594571716689594
14212277660374944
9728315354061787
14851849740183441
3206622771810857
5771350166506904
1778088321182431
4834199082611088
4694553810046198
14079933765930922
15478480499775940
1043120934448083
7285239834714225
10626749334693423
15273668094469652
6987434796475484
6339626862737506
4544402893608324
309440181072996
5528035235584251
8157343300098122
1940377272938617
5061666829720992
1467763825056409
6586559445016062
9236312664592636
4710525863499771
4298944561934827
13337375991300811
3505211516765770
246618457582950
12394850465383629
1198465130074591
13641843906039643
9735432529884900
6174237730036665
7323397423727573
12759298476329688
1547256353601314
2338189122028606
984525062462967
4341568938348926
8827387448529836
13276153309520896
2200357051707137
10327832315465746
9144820330695761
3578227751770733
3555538429926915
4683468954235155
3829456171900280
6127789692713835
8341580058478306
13947495786246873
9927465020242398
8566104583937520
399030818894856
11053541003705236
891436093608344
573442529229392
1517871326159910
13423367792268196
7156723923237873
12764055264863980
12118118117749705
391402428697338
7113284081764302
3403118745168077
2962959313558176
169619442150688
13706183455063554
11216827445704416
4402528209466394
1554643362134604
173903521234590
12866923488576765
14131872840281040
4480321825627350
11930510442746802
15466289431772687
16638583040164774
12309651565847139
9867341089192481
2456373539610304
7703867080687009
10703562716058869
6217357599280311
4366078609806288
8288908294919602
16267643592388022
1327990386651124
9054882575640811
4385421498932242
11582652466044
2402547226166280
7296510315780386
1452147862464507
9670763683753415
3692334261312620
647264782630520
1148303473376311
2717004942012146
6531296596660740
14970348928743580
5355642201170058
6825010164754451
17631036583414140
14223611159683058
1790575411941932
3820793429816957
14369138218082340
9295966785765132
15545739440898308
2794649550080950
212206196054996
9476360049074216
455050032443505
6049531145778990
1117056033753506
11504185910160138
6814841779908745
349862659823094
1633322456384965
2399990581602575
10775501378665956
7380003380867648
10200072415006880
3462101056543516
8205391973979414
854596524825454
1000688929568568
4154504042844224
2780891968224286
7161902604371014
1999991467129842
13182623702858059
8771577045425165
12529773156273022
47231697286464
2191508868749300
483033957785520
2237033792368247
6484772479476258
4918973035493760
2635650558053966
11644895811114034
18698089940002484
14985872150149875
18312609874102445
4213315559057602
3822220039414120
8074344229301775
9809294726375778
499303438876998
10201184654557160
9951547416205220
1929795632406853
10905662160002649
3621332378507922
2964623358847767
4309631768254722
7721452507772848
8901485622981651
1783259744009741
3417418575047580
13865795433836141
7078199898818154
16069558369839015
3313300478446890
8564922672940854
2096017491859740
10495625139180324
4438818170030124
7529697620833920
10082838030919926
3499339274092102
15443086517248250
9426349000603818
14203658635640846
6864084952311469
1639075944417246
6284623117260334
9750311658893924
2727762485161222
4932354798475608
2116590074954900
9928594130200862
1902255812281972
9920642874782360
1667378925618675
12698244821610484
1503112177354976
1273276313542812
1702430360367422
10298340101546278
19569258781482107
2931839070879614
6677055252875143
6201790148342782
16008763888291579
9851232234840317
5053735508528548
4897677789593296
9461768213833990
7975304890360674
4660688333830080
12287664146580856
1889620066629066
10730202513917077
7680764095823151
2510994199534102
407520645229792
2912919681866194
2532335176208740
8108491429823581
3008341822982346
427134175414416
13249333305839550
5767039079447645
9869326202858623
10664472970708215
15211785714875023
8713303501850990
582371209412064
6510202676458646
274735285394920
2554093457730584
1505939905215240
2897694146253592
10069584522750864
10309618875870105
10137080883685864
6314700290330016
12892812487689856
9421518325720606
5915786147838908
4268430235227453
1143637704544230
7152040499884253
181573048836088
10829096755664908
16570557533459556
6114830029094490
1772354863689768
7956575523251298
4936013179957243
9246440878664325
4338746742952530
13079181820504165
4543713787185246
14228595607665364
12246484880821738
13889097936747012
2275098964203904
4725746219227082
15971048518213625
3165332474467685
10633068455308593
8039260833137679
5185835299570840
10988065382237080
7083742284108428
2883792616279047
5271167021833697
3457160438245448
10722842555594851
7315750392692711
14988974411380226
23476054073572471
5028061838620077
2375666613297732
5322270613965840
6955232865070098
3583878327043644
10725792927218160
11844844494472627
1067338508101710
4697537102771238
2372002565632420
14010999557050246
8915916760010760
4033288598634531
8518845878896320
13729081462595086
14758937257483700
8255230857170505
1565412257886444
9282176922545831
4922452089670427
14141391178975538
1290853713369958
11399168059192962
4148752642939347
185485051894284
10576894896488013
1242338765587803
6437012672694779
2882288005496813
3812938973828622
333073311300555
8498685544106736
3819480244279738
9685136729494576
9101157367344174
7479230720718571
2788175316317768
13506922215522725
13458427165560556
9988808065610360
7337616996452748
6242229230615448
1484832931229869
17826288203524202
1454950622051850
14507727560736617
13840496910032873
13518821531467422
14885294541405907
7275469619996767
11455209244232939
1284153196394507
8950519205853475
11154681131130829
8994363017380158
2824399021415968
5287220025328572
8411561094139420
5566367295287259
6934895480359065
1002440942440366
3252182737235121
1908327832244400
1135454557670820
16132216564891692
11199279596164779
3033516215554830
11390865020780284
5089880944303033
1168771154557482
270210183490288
13673609140875405
14184224058951476
16692079230964366
12387360464739036
10783457518923579
3414121570683200
3366605063012640
5865586131111832
733614523557440
6629113033389440
15589640403080462
3050842126448080
7951520626682415
14058326583379574
20789304442240513
837812627717905
562473450928774
1065391437843105
9603919485249732
11677988688930454
665353507986934
6484818315863520
2683554673388399
807137584591663
3594272417300572
14893415740897713
10064495765783461
2304011092077409
3782265632533164
9885383632677137
4284971256290092
2321720617485108
8561672664551136
579100730592919
5098856844056050
6350247045689664
3847384835095746
21546604758873704
15053880219306616
6917903283283950
5027710101830052
9047085209419440
3168236952413169
8276257877730912
9745306825322070
3682778366764246
2567323040603964
2634510652146720
5157887018497521
2199165365375707
11304703439372361
12505833935913780
1431418433233492
6787842223339561
8293527470179245
2925559532024232
7106434962902910
9695373431036785
12368347613216254
13239477317646213
10155021002829768
10943383222117035
8332314515352191
8783967781760898
8077880648553255
4065805108007730
6451751805101736
5558410072872389
7363630711447500
9152073220815279
6324958627828002
5024494978588384
4446047712623158
1963143105293238
5820523536490865
