7282151418296045
5642646744857414
3672120142644931
2537824938995766
5051570125463356
1631879761248624
1667272087916572
12397060627431397
4356679867531395
4665481223114601
7137797984869446
12886903941059090
5096664449589564
9084180962881843
10196364524575440
8854437722517104
6584191427803570
12435277078635230
2715936578279206
3284650100072360
7548305947952538
5805108658381232
4770666305551984
757032611193840
5989170781317185
14724482843703374
9635074169655776
14494812875456096
1915640533957020
8589405795665676
9462924248346108
11898439754214478
7096042971026620
3280027942785408
553592263598298
2252401493311107
5331176972192800
4410910862773520
7329534414342840
15156988172139644
3254967626288130
12732780621780360
19169070227553630
14110219417183712
7494850696888300
6221842035965388
8897944872046384
1172576674519219
6300594487839562
12665862918515284
6554854877611793
3477586226134651
7381537544749354
6891775254740694
9710970398157672
6679683345473199
2724498477168160
8684008124020928
1252593781106850
6097058902441008
928887983280140
5862549301774110
13899674083938741
13389293436643288
8197594307073300
9462201959279280
4268840581603110
9819276492995334
14384466784109715
8076255098096672
11590596326007402
11631809726819812
8045106431003596
7046391135307443
148252146755292
9420578151550293
10179932875700180
3289703377466156
8122186074195048
1792171856286684
5637964889878925
6542002449018697
1307059882928310
9299007768809662
5918208408074904
106453276806331
3323415358318858
7195751978039366
15478985863848456
2026746144986545
3907874531075888
3482942018013597
12715284217786787
6013512872868116
13446845215733874
11929863606451830
9295213740846290
1740490252333181
8289148723668838
6471393737262725
332847897430320
12799482800516515
3725578099533318
3994297210782762
3785493971595027
10576579662898012
9302278628427837
4863075614280198
1084826827642800
11397411281770014
551260450729965
9865962134559741
3626822052602815
11035513301392202
5543067686427792
3269366894388081
1169133447551538
4460873936940736
4977274080752172
6345847722814572
1822199691342093
9725609455023224
10239497248793298
2045554706432720
5419808098492549
14834816059468418
10045677630676991
1750075241677218
11905001682221181
13741012032901335
6049746841085268
1870932950856165
133788737674336
125291932765118
10733644896711387
1862068871377568
5565261604512790
5023753765914294
11028667916476203
1571031295432344
7783620333551280
1381428338153235
6601513214748981
5337145553984547
7767943107772200
2223080698861784
9747107128305616
1495137402727098
16594685067191662
6676668741239728
4320987933399791
3609856940069972
7437437520070480
5350654201741376
9037294778226354
5265679364970032
8889403723924809
10534806418550415
3884864126280054
255456650344060
2079875081688984
5354152626307077
2178061475887350
4114067585558887
4758980784850110
9587209895701062
8947706722925778
10958312284581660
4831289806788080
7954493312334421
7636812940396212
9372296626482554
10920189817266982
2852190506081000
8319855929147343
4842576716631492
10400902402748983
4056669902212200
5076219247764026
9237130888657090
11296379440008630
3673258510672784
13380913196647656
6207523302422610
8976914606936406
524326306272447
7395687510132180
12781918109769684
4749190525061777
11333616752624913
8430259182425736
628469736039990
1548572740749504
10448502272987625
2688375448099549
2567501559293605
9189701391174604
2966967209269992
10075172394151795
1026268839721920
3776936314583736
10185467084343251
4363262192477718
18653151477603644
13946790354731389
678984802855840
4803171681469810
2081769679942500
72304531565120
11771776955241348
6361904385087922
10186494266606848
1671441739642314
9089103636266393
274034222324488
9629104640794078
2868128708009685
7757090562549375
1048041955122075
7232879568541514
5835198750350175
4657244448821680
6773679270024342
2735057724157368
7259644262232534
3696030910806069
7761530971921826
7463180061657963
3313687353566184
3745900901285862
15351615532713363
10283942396663923
8684080720244207
15534576433181667
13605608903371953
10299807964593119
7889211262914240
1854871179425166
5683350851487188
3215697177658259
4274865444329398
12944850053105506
2762010558122274
15631191539698462
9316712623864152
15877171745871233
6514102541099901
2148947170567043
9615058167882016
7856133873539603
9836808184066770
3358132814995605
2217697082738253
15822140562020703
2980038926185062
13872215394506972
7225957143595992
6671685199808832
12761742743408460
5883969058787152
6044472426754830
15235553558667862
3659185055211251
5436389926688851
2209275621703158
4437040102679145
17235705899042050
6135836493218266
4649295161110299
6004423749478485
3878074577166134
4845059250525156
2981086262261362
8087526741933828
9180411914002020
4422175103600160
5008528719980981
2769679959161367
19300088252642048
1377731519376308
4381282925931413
1584165128033216
113474239289532
8863949049408481
10039981232641549
1999190543661756
3453683445979048
4611127796113149
22385889598031919
6679647657557259
10084395297784717
6819364370928823
2700581326962540
7695368580316506
3940449376740716
1543829946906499
19856392514751441
4135740096600090
7375672287331180
15694932749458972
9851240465331527
8880630082651438
15849385590027945
2405378424971631
4083299850998172
11888871607587089
8870764543713820
9244893873070911
3407426825513436
15102583217100416
8889030920055744
11568507786747670
7964805037666323
6272772485675360
5739234493924667
13797753954006940
2735854998840293
16329783097076746
6097387717203810
379238895817695
12677705433719346
8913119774087070
10613946739112792
5391236114293014
12298705661280204
7100092937339408
13458443761755222
11871423257032914
9457793753216138
6407149586296032
10932303768004048
11107204796005385
7278615970056416
4383390449029375
1306129000767370
19430673112223303
5206313024832591
3254871520193400
8336055289146500
4857482066684016
5863314395829575
9314812918555054
11131505768287400
14952201186544600
4939375131549846
7170855987791806
3283339131454623
3502008221416449
12715434433056744
11878989667123527
9261685323942340
8923878395783927
16905027699631009
8306009789455834
3079042941022602
449718275888112
2128662233166861
9953849571843760
5426908285973688
3751817728083220
8246253420384656
10806438432222820
13630460126059090
7429701610757069
2420283923841718
3575780093943232
2180357535696384
10587159535486900
7726245586975492
13293900168469870
4144340421273248
4819476437180923
6878157280235910
12005665191652038
9570360254893756
1677206959206876
2877851266019907
4317417658384542
11206213827833670
8238934908412628
3938386365888635
4054298542878540
2726107789882848
3164392440865686
7024705499989485
5131363719922950
14921945000589581
7499875319898840
5479559794706882
14764146650289230
8167120339199968
9697103842442260
1345189142499489
6527556034846344
10615392678061596
16345378233276605
12079899434505396
2399904142664148
14237071567029018
10360383462274462
56573075463372
5697377661458925
9886764030455850
12542103479228319
17201233077926540
10356035190586211
4307737409954272
5683793902929596
7546676901254426
5361602155232120
6705822555824808
1282460762448360
9026741013070352
21093035379982035
2888819394053190
12002504218967664
18859696618611372
9293159773972904
14318307907941488
1648505703301275
1786737054795246
6216259367655990
3077631371311590
290419787819174
13723639242790437
5702658253233318
7055685112487911
2506934124389698
10100755210348606
8576870882536152
11960769212407736
5708705262542046
14301467647915125
7728097818592028
12946759571259008
8406995032735760
7134795346792105
6655352645550282
6321414358761120
5227808783620864
16275921389047991
4032401268447616
3478728804908784
3146095796921860
8582373647513342
7238104188006191
2911060798889504
9548513535285561
7554679185267714
4332899347589510
429842210944680
1160600667464546
3458894186962944
11313828964593532
5870009725088608
3266759644186762
6929597467972167
11855540372070864
6524922623036943
9122295909827442
14766393620152728
1599235863966279
4342678318994137
6120143349441156
6295939257271920
8804326087477114
10008639077287140
17034928496403820
529044071290336
12027117294096278
4979008714477575
6576796342163152
7943637562795477
6798180642400699
13260346526758255
982847499923250
9178066319876121
10917817246360335
7489941366404588
11334331011547754
9804673481075564
1171125432635760
15078176161729258
4175236891439380
16249790548278584
7538990657220032
7156681434078644
5852616895517568
4766582009829211
6277261547644054
6853830932141006
11328614726511192
2903731270991460
9539834575698306
9807386281521076
1097243792467326
8245837763577520
1441830188987325
17389813831097800
1851737121605960
7286576626701645
10661305049500377
12101800194710460
3594864953260680
11347962856623224
6086356873768512
4195145862554284
5366118644881481
13323104460854180
17896566215349294
6138133535819374
12510570568093000
1584257249296844
4124538916929630
14378978825010228
2986908730618861
10613702599649706
1724707257092708
4732580240773740
1887291356732485
6680886033929048
4483782618983840
5721738464720024
3691092235408651
8244020365783340
10306434706296704
1662220488407640
1774317428364240
13008964560079973
2482921798343805
1611158950070391
5549710672754859
9407562007942210
4107251729021908
4218715385828031
1341876681409786
8587931753590707
9597146262772330
13536266588606992
11934486042504266
4369956994731058
4165796379380610
8224634370763892
8149470687075289
9964404295684043
932504296966471
9519700694864100
12071381684563875
771737175464258
7225277154996768
1687299856961376
11541510675065326
5428710725388852
8017045264617424
7832579137477620
1778937808433170
7944507468689218
5214742487121721
12427679976614154
10882535801085629
8635309306076582
3007302567240541
4753806622743178
135350748334958
6063157496191991
3335372638023201
6914299147119364
8289829950584127
11231582569076830
1066792676463376
5541333993871200
6724620525253905
1069297724068090
3971314013875112
10668505443578529
4794354316136286
8437614535892682
2527184437430038
6715913831814484
11122135423441602
5794060187420720
20256092403620020
10338524169543815
13506441256717388
9215875716220964
9111318205099681
10180033184780697
14786484325247200
5197993217595570
13239331529873814
2966141302474224
5603656221547920
4976777893483638
6164998929832140
15860260706965284
8315410499055354
4957628714353896
6886566152287720
3729266272316415
12624985268249596
5548382556735210
7818875550507606
4287460608413724
3557813663848536
4796088468330592
6528332439286148
2142364748757786
4389352201451857
7864089565052370
8257725896181685
4540379895376216
12615267258041176
1423516716722048
2991097151614299
7240881763337617
947875345450635
1823271419003870
9014174436128200
12112160556655333
4851708589389716
8629425332397694
2871303044238500
22576920261462
4503788538411076
9267092401189644
11715426149444315
12957917844388196
1639927694871116
8195329119804042
6880352388569422
4165421461703692
7371758465015934
15963613951672148
12485343968654723
1544418551019974
4458212323719616
7509609205686872
2262515313570302
4231795816957464
7362801217356134
7517111113034984
6904510575013400
5735050034214503
936315715890336
4938822657212052
5997503636268410
14339286644008232
8816499822790353
13856488797511174
17932185620528263
10330137584523876
8306780318366474
8420693213250589
5211495705740034
8565363898439956
4168690876930978
12689373544657432
9204666238367601
8459643810800670
6324307754796073
609034717154440
4793928923597460
13012809752198202
4819706035413150
13436871499766520
11492994128429572
11455691694934785
65741679410186
6568494888186340
7968961972678442
8365022516545325
13001023390357014
9740609213945956
5298722210690538
19661893377527082
15747166053250500
11458420534285286
11177582234062886
9696254307842321
3773529223857141
10615060934624724
11015289941034015
13138781469266225
4114235621072336
12711980426785605
2340573231222885
4150069910527475
9871191049852239
12551024440481420
3861656260529579
7889886038370163
9892548695046200
1571892246478980
6924333764191120
2340169842785177
7349600015499860
4928600712947624
12040258777716866
14574370738042656
2977773432250862
6115439645110230
6154775840209710
3489921575381008
10662322010500950
4919323396877944
967862841647120
8362244797607456
2294055341605080
14519741909332024
10344080475842043
11892772535257669
8351703232419096
3924940501421055
5552934488377704
2010713825726606
2430994816674116
2955083045782504
210092856838396
6541732799422325
2393172109281920
10925127363782407
554715660196962
4667690379259992
3638066714918640
8532063187281340
4811505554245740
11898433562315842
7985168113583979
7133063592471619
7873376489438983
9243819522669330
3963653149241475
12848754294058398
14668813688975784
20212948470409356
3512820224890591
4884893891796704
51149325299778
11013836848040919
11042999994827934
12072090429488946
7783809555767297
1923692404464875
11219635676600780
8190088104537738
8396859710977140
2108111862045983
7207688427365088
3120104317548292
2632390893751712
3976018181219196
6540139083043921
17025920805725826
11435081304010959
5501419740966149
3860244377923916
6816916392892298
2590663298902740
10406425848787145
9276110785994976
10120216870990004
4737247124199093
12049500396692133
10207459236777854
811660789791828
11504455156167207
11516532856374888
2623576394201022
2383096108970530
1331240185760965
4990743859948900
2878512788771342
16499535013605986
370657955526630
5237756861709175
20216230317837004
21671489052266176
5070420669948061
6267965443578299
879660101444088
1399395964924365
7031675797991567
8371938435969614
10133662242431865
6163163336446028
10042815652646205
7623925848889280
6382506144685248
5391723167538228
21534346330232058
191545760034630
3867341854453807
1407799293934
10480360177251036
4879735668730590
12710111238076533
9888441804079548
5459244960722215
15719604985148796
7766607710618508
3272910923823905
973139579001312
1019106436655664
10668883715613858
2613788457995326
4014136145013757
945997241367422
12598964131371624
16334934236449159
10559994894999818
13936178932675033
6927067431910278
11496009193044966
4336173686087530
2591338374256107
13555325152926616
15542576950894464
2367771946930976
17524229275650857
18709270019941587
3824408527208628
4869570082350750
10833315611242903
1192496080963554
11017285224841905
8371540275368708
19298359280258416
3291070981793427
11663833144858880
1394496871720662
930368779360820
10640867398844066
2141734714759278
15056694768212296
611904231934255
3685873509655598
18198290430864492
18904405413252024
5496652710893232
9667293718918188
1497347164967580
83410318643968
926346818146464
13859800901518611
15316717821221458
14409212100653659
16551570565716244
524082354465150
7896699340172241
6777924178403580
10100990241919162
3744417097216741
9001377414255380
2590437991668926
3996333932054372
2797759548582512
10709640796984624
5988860223891208
9856479131691471
253337122427664
419343877197804
2602083212446060
2158345361269566
8134515557275590
1475354382293220
2808509003168664
5270750961948129
1313079825017580
2620031661453824
4347324552343645
6888583124552618
539732419099500
16382998096730332
8358906735794852
7520419298741020
7722721180256712
49470613968150
1592613383222304
7510696285260700
13240871542462518
10765696255805586
9506038571744252
2096768426987934
6856789453417584
186007241105870
15694258119284214
3392885443682596
326691557430318
9363312607866587
3064500697912020
12571946911802792
14426899784642840
10711208887096978
5671634007465540
13691266882978302
3256183906554438
12226196913712902
6623508973970888
14837551641750621
9959198170235208
5707235253087131
13897592902640788
17218804153478334
6268339494666739
9510382162423905
11065173605700240
2061709244417364
4133673825087743
9011927950458064
1743515481424951
6043190435841297
8356248775561284
4194512540289801
2072526458889228
10901132285152442
13212842570531731
8405641773260640
4131118377217091
3694078495889763
8653639113629016
8661391649490608
936440025501680
6075239468603604
1430487533398241
8912989761458740
7032566330189395
4071776071644296
2770410749509421
16839482037971368
1526233279606465
9111332844799575
13047025938275484
7377434325145530
5287464409501006
8977640554425865
1263370202009014
4336376033419146
7453642338859432
2034763353653418
2632005410970528
10764813693432072
3236135364811648
10039477134399856
9817457412199369
5071727423184214
9804251365248084
14437460788125780
16662497794036610
1320514011649820
11217315108187530
6356357286187210
2657062665866685
6490436239018644
15150783416882802
661089816459088
11428312782153984
10795904816699134
8600916964275699
4786031054275116
7111310287459950
989722945465878
12739568990313813
13985063496038004
7656085588008132
1060337598529630
9138773149913428
4376838751022984
2057928095687955
11205505113430086
3064534893301782
587725865889582
8044695776246260
10800925800948288
9410288805292559
11479745637084231
3903030264256848
6223076693258124
6844893200245732
10420736333698333
3655338184154473
3593711790930204
4445139314736978
2596434022970609
15437583121058376
6315048130371603
10395658198812932
3119448425281119
18467274237147652
3114645219229530
9118779330028758
4496485737684730
1735726063091994
9421387548185750
1209697442857477
6134330325971436
10776611051997408
8063058912897560
3654322851559875
12795479015182976
8423918320401892
