14421403080368154
13540057254538213
10554307424152195
5628417744142310
283852989483360
10089092188143705
8404661452500449
14764314592874605
473006762150940
1088982828398976
1615319254812750
7506758446680746
11603406077109828
1409738282678271
8001977808015711
60128011274418
7919826894300577
7154299966775527
11484946379066222
5384653411867784
8059432133094149
9199740737080302
5551920761285800
7846397074485647
9640354237207642
8125438229756379
13556858198291496
4039926282614488
6749724397495662
123684014417954
2981316781537776
6562526967598697
2854155660598606
4025928634710622
7644529574807670
6441178966800270
1713433597370088
3132235132610556
8713953046690268
6284180951882224
2297694029635577
9967341073012992
10242582766744337
4677535689588468
13800642216052660
8664734676006384
6174956108510573
3465920450362172
5105384256384854
10480389307626183
2234070342542157
1731172134513584
6947015578556883
1730372210622474
8876513614583604
12708844068030100
3937688090116125
11009395113533747
11130383340172915
2833636080636132
3358164635829300
1743745924904420
11836969995702175
2073385294072340
7297541025948624
3275636168170720
348321791140840
9777566082584821
7857411905034580
10769995584817769
1503492189576384
8985320527165290
6057523251227821
5328919828604080
8778943408672346
6339740145224093
2742847780839515
2621166056385712
10730369754128151
5314066311951192
17211392723111607
15682765768459728
1217323863231528
2462047048949190
4508292061172332
5903111941267968
23182595998379096
5865509660327863
6471819640016911
10698230179259364
1401313273275776
11239916697632826
10418153497398822
3112533428334524
9025165432402218
18752504456589824
3323473248387220
5358244153944792
661708959872296
4128058877097393
5928262670334089
9492967453694761
9189286499664324
2157856482228148
10647174535673520
2079601882474368
3598433441595996
3857014988257825
3568391190309338
1442986547063148
15666404942009321
4372283079218030
6948828063776505
9493808669762830
623616243994324
4567869177257832
12060935760182121
5855408145117951
8971106950335698
13704434040480230
3699185732708404
9850683620019360
9209055241154217
4538279870837745
14054501961866060
9251841458539662
125986117414420
11761729301441991
10866690626798170
2081425239726252
8263493768685825
4342502332604897
9178309985715074
10575115296465681
12053810357504001
13649169106445400
1196583733522820
17550594055116549
12228575360407325
1662872709616227
3006123237104930
7043349814941660
5495304994169398
7662368508102610
4518625569071323
8901042148439820
2428125788574522
1012323497586016
9107737191469480
3807962775169586
12297694656704605
3980631357920210
681897902267190
3919489397858202
10106272586530068
11939342855789452
7245228435888832
8734385711428010
12398125388247348
6533390656516487
6464161428562671
3224881485759402
3148583367684915
1360166130605760
9082044464847799
2145425634346860
7866641713252436
4597570150966540
9211944886479791
100190364638923
13100769163933833
1172308189345800
15018671116402470
8878060937283056
9100161019561099
13553545516566880
11373659072593483
12611410036039199
16440865452704261
10943256859195533
4828838501543319
13027127767425726
13089157947732419
14291944758196088
4736242606082120
2665329738482418
6925263991012019
5069115013181760
7855300202139435
9955963303065002
622409061620332
6049155413491254
6202187928207656
3789277586855757
9910757862091540
3981258968149921
4126895319095600
5702715823931732
1779640132112173
2698868056315713
7086368660932484
12093638616059332
4807601765429447
16934219572196524
5228269426397345
814256218905520
11848197820888033
7416028461662622
7302951380291777
8999413563828226
11422816862141192
7058406271540500
12035790151546387
6077213987942360
7237131394938287
1054392407243799
5106563120569896
5995177176563831
10886918730767120
643505931330560
15859047247987604
9592586896662166
12044440661340132
14583442944855044
13155221839731700
9698803062149016
14147083875195500
11818794243745775
16410933683311653
10046721121708886
8361433463913620
3001035234002330
16294845194131140
9354797358866771
9184297293229874
5454949798544380
2968206079979352
10674966406178752
10599504125720670
9347634208745049
11947121153264049
3088957428592517
4918513056343712
5061011900286597
4591398834930858
405427177254200
12458628116481648
4820499435672630
1644195221457040
9779733876039230
2150409241109127
858042403871866
9517069917403900
249940394361088
2241564885574703
13170939697057092
1988057347903536
6590830078995728
2090760810208815
3742439982831797
14571678560016972
6737781292956502
3818880297821194
4648840155114728
6317667819955532
12760723949489882
6226402277840844
4172372124032105
9215357729038026
10795841789253871
2119954626506970
4375037314394986
1729903469908297
10556739939663312
305215536975792
14098028585367947
3647753006863308
5558185870779533
3979152979325080
19468549458193294
3312331426103742
9184417422026068
5148974445117348
6169126299855789
3422917335230966
3957081396736925
13089368750747854
12056679655432110
14052363253119762
8827888126096223
14948359366814732
4447864166772215
11131852196489065
5547694157184062
3906376859669695
2840110542938240
941393373734628
17869783566556372
11644679553340037
13256373915486561
4193033289645618
172479026170500
7559767329729024
2591244483077664
18395692437753278
6167008032307012
3028877316414918
6281793989474121
1719815846899840
5452500631307785
12843665687143656
3162120475070677
9865888091233111
2686071750784596
4607288268852861
5754053759319177
14352305448792007
15484407069272437
13801777932608657
10509672274752546
11849307267736648
10786913901177314
6696450026265698
4513401368503560
3110744243098417
8387297705132787
2368938807170010
13327810850558164
6716143238393792
33833351482238
10878079203624496
1165880690154400
5667241478572716
8242933679094060
7522371534674445
6127907682636758
4139138895999708
16057125582075820
785157178740058
11406296246381249
3204159240165300
6026022982257562
16142078843368688
3099377476528046
7258246320789540
10768740855108030
1576814391178520
9579733138595263
5509113546569771
16869633506882073
13646985752265091
2997910118636706
205710801175296
8986969975223346
2915426821821440
750183972426714
5872430642928503
1053513096453697
4891955772369269
10928738264534818
5172638246647280
7692039089316262
3746600507264752
6355851756295423
9808158891889004
14046176421765983
12173012205405561
11236601728975490
9422694983607770
1741386230884572
11711713493252536
4383311188318560
7809521941446060
1295967220696904
5355445762056798
18977295342067596
11875868771985392
958306065013820
2326527868686855
3322830931707148
6175697338059608
20388522848580768
1948362525559806
9279241461118980
1902389874906843
1089411979832215
2433096259275798
12125395235605608
582913276986814
5612284129444560
12256609790912615
8336465637989612
6571231288360472
527731133042748
1538547781276383
6027433848533595
12151423020944240
10699209560449014
11073607656765978
1521800318531404
3598832170224310
908335802005758
10136254875582425
3946310832214916
8910342103907827
651058156205865
670081859907900
4861265405278155
6489300908630717
12643814868125210
8951479383559000
3502752839304720
4416026659714176
8878963497235249
7792518139278120
10168791456156600
9512179668352087
15981699372858642
9617262391524976
6567871184671216
1609683367495016
14280069974372476
11793448186035051
2787999012313002
1170735107680115
16366239615443496
8804955908085877
13195931141012190
9811617048904880
4127749600288781
8076922211265555
10768402501660566
11202894127120323
787174832934072
10504710546076942
4800217906856049
8772061246510915
6100681278036022
10111971236769638
11805515716947708
4385615877652668
1311107826782970
12704830103299216
2618105127284390
1543989024887200
1676453530214932
7601213767621072
15686544652263777
6628671621032388
9483653304171650
1218269032933789
6015150161419972
14491793602810668
7153534930795900
15051264061221503
10076428531592301
15475769574413779
15823984418551314
3124177970380459
6928016272005041
13528469836172478
4639278023075319
4525544806620310
6002680915697657
6355702056072584
13849516264921488
2954306086160915
4973974969527084
7097085964266372
1936914169212906
2356976319573139
953825065112880
6901648142682258
861823737714440
5508188792106158
1443113754169479
13133825060253141
9886606112362040
1960393769952723
1625128644937953
1303877117196320
12340363335077022
2532403540775056
5611491175505800
9132664821242269
4295172472451496
11076851095014426
6684695564112486
2882725901233520
18437688065682556
3138605737454003
16441295654599594
10852568638215005
8779935602222913
280794007740876
10258958588430975
14394798278968584
14571760346643253
2087847021579890
576544477176778
6382325429863578
6112201712001138
5268491326519300
692198227363150
10190850887217443
6979055441152998
16183369637813265
4350440055977191
8121930487562715
10191584373640559
9182431263098760
9682485885069360
3613620641109330
9726829538708716
5746243485093742
11222304734091180
7056319411270268
9587075377685040
1429429812641824
3284640814282828
6351482450554317
14891341924385089
7402160163179420
16362471850134840
5140542823080320
12449659445620709
10487975933203965
12345106946552310
14275171942674906
13839722877505044
11446196468730963
16063410759998976
14972746643218310
14539846677910468
9268166363096478
6483622552408836
11167198250027550
2524065137306287
8302746939895976
8546653536338044
6491521360525099
3116291064810720
4918611629636388
5562389136148520
7133915248282812
11167266586624608
3138104549389054
2458191504782706
11228839251654072
3131010308387895
5848653599573205
16812119937032220
2512772810230998
13010686797674055
4409492089585067
7338149490117215
15490571391941238
1628723939162940
3679821795897676
6752493156482815
9003698814262684
4870100868901168
1681464676939617
7719711239388837
5819063417947890
8182153572821298
21182889603986980
8344901787423693
10968953897908503
501558421987551
1709648739304464
2903146703572752
15227607291476340
10122168074360426
5040501321102228
9553743970934403
1565977834450466
9619705330251360
4873304185382816
1978298843984654
590442935279184
3812769345972383
183992846335760
7424973050565210
5887826642112738
3027949079161279
7556713684677660
7792722031114171
9553785670493041
6429785230876726
594171449960511
6966329926913679
10406557647130089
2904937088065400
4068198189656810
9466166986142141
8587335369682454
11183147374660850
7566368262401870
12211870440504052
11717268223323600
925457103392223
4947897830821642
12099363249243914
20823822336034382
3408370851934804
442582426732823
517860363952620
2509117154918955
332402898864255
9093530451489756
4161208162019175
5889683330879330
5154831035909879
10627357703183718
1802952023292656
10804162835377149
17764186977957342
5810553313757406
8943709156491316
4013201678281965
4512853558861240
10620157718351187
5216143550316896
5251173759029725
4535170648854677
1185754878288568
528084330155018
17415133684945680
4304372004189648
3181973095187500
5023248219474023
6348984779694043
7613361726638822
6213551493645384
18593518806881536
3803031383988280
3216229926388208
2422052499296080
9323281673461085
14019398964752967
7541204841093345
3960333041929173
260245416868174
2787569805793591
11094686359680124
1100049874115939
11191625054548122
2262686672865660
3082532165851575
4370780024732737
7520174128870226
3226734744716760
11509169443348603
13611516582702876
13896865382199196
3586831779885228
4652069843687030
9148589405727016
6895843542127884
13872169586444570
12862055921873590
6713715857069051
8725797687474944
14498302608180824
9022343692946045
2417376602320860
3834874214868440
2231917892892077
1386848137728872
3271812128450895
9135329095925292
4708950840894264
18844680260368257
3808406749563622
13915099879596616
4143294549520716
4611840795432706
7416246870192996
14225563606602340
18331446754765725
5714710065654039
9640348550074550
6582475465276808
5654725841522086
13422559676429818
3895831224668407
14467661643588172
5013178924203137
9378898972571912
4170635626389034
9697243337475390
955228588107915
8931035846586462
623615050220759
1227292541357475
7521391890529046
7818767988002636
1223167981874576
1092894028269725
5322110150068065
11908004733655725
4605709962436976
3015723470352880
810423767085876
6343787833410978
13787288496303088
1745897068100616
1797186944533304
9950177452022848
8428114325753210
1695520432801190
12131757409794342
4634916250151034
6306193063394700
5479997463471596
8229326559523950
14274169523275410
6963724171970810
11342545786344225
8174086070345488
11805127815328245
15304190378594849
7583667305977924
5970781053434073
11117314766400795
6755001801945043
395089450435020
4117452814659594
3388113123808038
9732867361888404
425108966451536
1452104182067508
10913739130869876
4058990407233408
16487910803656018
8066852578568939
4220322822935918
11355548113225477
10933277604147558
2604885140830623
119448974971248
2952888069191961
10553775074146350
165215700693558
5948070078489743
7923849171555087
2133913490037420
4981295819450020
1469867834936529
19074376783507512
1553897885532678
1737150196664020
10125978915458536
13982907819917088
16494135356125466
6503177842372714
8699776974641129
17415897308020956
12204887764793517
1102864682940462
15512435209202176
5328366035398866
5623700073443421
8805007886299541
5542356941947180
7107895071232152
6392387188390429
437076746027261
8788642905981052
4972343517674093
10068230537992801
12483554588865199
1689315656191780
13206785875303548
2611988514752481
9863014603118421
1472868601644760
480225900821381
6328326348111000
1326279439661518
6016291828341494
13706081892942664
7858731652369038
10504725035283522
8684033303795901
2883959959001182
5783213090710656
6350656480248673
5867552941757583
5162435733369037
3881565575146440
4184899702271440
7169580156203313
10513848714963636
4454567604493776
8268575939768928
1157587191985412
11780114329026914
12102325112451142
1725166691816521
13235879948243128
8972765385054614
2414297716221842
1476278670731216
11405040369817938
17120964363693177
12888078451163035
6265670274528000
7146246331892251
3464491196921731
3830311346416246
2758516799535322
321800062043966
3062007908455176
499559986894709
13235314395280644
4123407897636625
8188616092998911
7680187369195353
1284643330412542
1595769794000668
5465758324731616
2867076600515182
7735034989839110
799106243246687
3797628730297131
12117521325802974
4947852649579081
5669297972372650
7230246906452932
739421307293408
12025780513419336
10781835695205792
11386489126807284
1519261734222090
1267034514727679
1923846965726524
6707967621944322
17828195036785398
7079709613003395
471014567580601
3974984010964901
1199776718789789
3817322469619178
11222528134227100
507839913131790
1113007194527670
2579068601582758
800308453213874
3768699575421550
7087766464316639
2169415424855685
370193094066850
3780834680617144
8380553289180992
1740169131404760
6158021996002085
3717447180497896
7065355119949390
10158408207054727
14186681242391455
7242898989859617
6733052827811736
13525876976665830
5344925365170894
2774268339111486
10029065362064843
6282030091693796
15073627810804624
2601972449384968
2056779210824450
5905109813428093
7053154867136520
6617903134083718
10127661688466172
6721092735583720
4872672345580980
2260637308524441
11599480176079665
164686280573376
9230048055566513
4471335251233344
7211250548427708
5900697249137610
1192541256644367
10186038828542414
2670230270614072
8570496038126436
12309230391629668
5556083526910749
1633065519131361
12982418102733630
9525868187447247
11859994242252084
1219422324535608
7780710958237253
4808206624763272
5057689531264944
4382800017964478
2811662915651030
9464485302663603
1191785750871249
1755541583657985
7272188129853310
5708802650699778
7228012768091877
7750414933415540
5880552328790207
13720462656406872
1564266770740134
9788134348618761
4501422913629184
11140433658839622
5127790850905336
9006012569573518
2644725925818522
19442717516109153
2346087157603897
6815925739576064
10125081886974570
4232463491871676
6533661965896548
9792596573967595
15030023527248422
6035023430394884
6593784814237037
15388005597028475
8404698114805904
3407399309449646
15404997823270464
10305400641851674
470605971180444
4229315488212960
13185225153955584
9551084073512852
3888130381087436
19275133266057328
5831460125877445
9830283492095046
4475358709796338
6609451148849346
2577707243377173
13080655317453534
9710566207024280
7348277199716280
13651367172691271
11643362690753056
1119491034003616
6195708588479499
4646454688478127
9349816622891602
1405831877732954
1550723502791680
7517178295165095
4860184873029743
13942630792998712
3279642696552580
13243931625968547
8007600177650640
10674447825878160
15291610848896272
2994015432756224
9872086941383254
1306691897586794
5940496980490968
6033440246630315
4269527713677554
3460666476421594
7949646087333552
9295996052450667
2595376150329288
6012068566945840
4206968550349218
5788273988690280
4512530924160724
8803048314125958
16270361104380853
1886394172630792
8854937590305936
13880581519512528
21609852584615576
1596115578072407
482645002711440
12006612193382303
12291702284274716
11751535737330703
5660731581563322
3240844221715672
10485151748918860
11754772215947568
10183287688143576
13760863818245644
4152725923767176
2390726718484097
11480841005282030
7282918177072854
8505913447308917
6224502356293617
4280285206715652
