434382110820406
9072046446100782
3885564032121520
2601036448414053
15874806890171815
17723317039360002
9180654268395414
8001077207918592
494583217156000
14107449740084944
12364515300927477
12715425538500848
7899732977089450
7737660646173582
3690616108291722
15446742399036912
1027845251459592
7067401565830029
10058550525103856
8102657233383407
8549056232215855
2572400277444000
17404448089321225
15439350655019436
7575980740863215
6391687212644600
16518472858519604
2552028999442120
11034024249123312
4161387945178828
4261830267591984
8761012711527400
741081241478592
4645876678279571
16171293081598116
3872157822152555
6328772376343643
10090468532517115
9380499958835330
2675407007068428
216469949389648
1398854487133792
1719974422412358
8309652770019468
14625747008401796
1143397323519972
4210807338172140
18145511094069582
15770764571747790
4629669292028950
8895749275117962
5311308775187046
730538984693000
15746645692598000
12355449396407088
1674250802003440
2860573254137360
1332259503502674
2127467545058680
2136754968415440
952192051730535
8788569900189894
7520609358207098
3020670053754454
3389743157956776
2661392417248544
6921576632261865
4588923784193136
942446754994450
7982002354116840
14681381407724745
4268525222081016
945065975875074
5407655513753705
1700445357405360
8375025286269754
11191547571054900
6312743033394770
3389652569476532
12661953124832430
16435504677039180
11734520158185238
8517575729438774
5485263978918330
4477700001704067
434441050982972
1075972793573843
1231745674547986
13042895290477211
4425642323738128
11609562626388438
4693195276323148
253836252710442
10428342823258035
1199702192543584
8573223822849075
6496063243455782
4099603468752288
161591535315648
13720528174533336
4623203666550327
3850108253866994
1033810979842608
14151226643436426
12498790114187457
5121785081782944
13352099996985455
2173394443236528
4668096657182897
4145628840443222
4557725587092524
4953434422530845
1584886767108414
1029875206188006
6630735816700509
2613646827815535
3851425773403134
10420338582158740
8485014355690446
1112735605596444
11275846972733294
10699997778927026
13145307745881084
9019085798176685
7827822666775930
11893047407644024
2464737636861255
7222533084884362
9315076985653248
10732017176693755
8364445285888828
696492052806396
12991309250203774
14717838956024454
9682021639420056
422405001110130
5988119194201888
4948410935456729
6483816479994792
14414192191374638
4396680111594816
15875058568671126
5214719108282936
8696786199129940
247361071647708
1626863345232824
8474142896946120
7732373566837602
2871358364890206
14249710057484820
11596386065429044
5604251257799284
1457389544931568
6798077956987491
12315254142855168
6957715333221255
7804572118336560
363752918149511
7548399730460382
158648741053000
1474336510560960
1516765049357886
14578867568781764
5433210014466102
2451176826107560
8452129191089064
7525687020720390
13917872295945672
1078491443352433
537999119770530
5409845195280919
10023965178929639
16613602821774033
17296478747066088
1384101249479212
1547370156811541
11046793032707669
7245136427435352
12013007134592968
3040342757182864
2578204668342783
6654730715486505
6549045539091530
7324292311160520
6103264071503757
16551645651524610
2925454836048105
1036812121200310
7390323100631064
5699791839887360
10491058144808262
6837883132246062
11594164112263516
4893507854420508
21284119758728445
6743408498789122
7112950789457538
9796905268477029
6582127789750280
6724154969242200
4971057813033605
4408204187392501
1880193393882714
2320467567681911
4372295684771612
5083688668515639
61845944052564
11328807072288155
6307660208134708
5690626627725816
2274418339633627
1383694709822440
15822804719336932
2065742312667620
3396263301116429
17404279789733608
10777366733063221
2801456672629220
10830875693664672
3863982176002215
4259584738896365
2074441533779910
402520358741529
4545218122809098
10704001475382790
18117301086483590
2602319356175232
15020401291109420
12895540428984668
5876633652332510
6971528883803813
4533414976703867
11579088975203846
11187681382141601
13676037440913988
2286604594173293
22784396339600
12503044361812770
1301520787938566
5965220144915800
7626254643349218
7742824233834345
7843274717614924
10349966559499931
10162090121617275
9718058144548040
1987705277629504
12230841542551734
16184654006164500
7670649418248382
261330879007264
9315169793602214
7255623187636107
12642514076797302
4204652285902112
4079888686524820
10508089297616716
12954120978235655
12172938446290961
3536166322915164
2130975700389270
15232767819720870
9839810396891089
2703509144184282
3283605914655707
3730265199084338
13023992581555568
13422719684051659
11015240146816715
9888342163127703
409963579796419
2139029410066060
626184633319500
4940348255989189
5305396963180376
9624575303528372
13743944352679936
9252165058306410
1784401874624400
7721341920328941
1985696055926946
10044545585054625
6073035931489160
9371939782199860
549618866332250
6693081872214137
11606612390214020
2257716883054620
9122565000328161
11112372857742166
6304234382074944
10990222040313060
6232619283682515
14684453354107958
11145262618357821
3149084031147296
1961957795063110
6976281346102840
2646186794680788
3543416539356307
851886985643568
2764357309078234
13679314828911260
2276419788813617
6865398945306020
4725521239341834
5671163124912752
24678511893914694
1535414213011680
6628221637009386
9537995446271772
10052447492248182
4772294233032098
11061805506216552
12246102135018782
12062591072047632
3589406682471408
8168211531388752
12101901470638934
8818504923553551
16701639849640394
12958615425691816
2034901051676346
6971354321804398
3641327461561954
5951325985017266
13009494624077856
11661551068881504
4258248861572173
14246254664506046
5178000930457669
7391394361684892
2321802803402820
6563268150960760
13004823219958782
1713056664819654
6963458438632635
3269080658797622
4218602468306042
7868468991555375
12119897332328272
733669164531360
3601719931074940
5618541408440222
11088846164974716
10840541933454966
3764788504658772
12175804437807159
4790863015995206
538934318681310
7552742081210001
744551898049829
7089656658390151
7564018054924866
12482352247052137
11028580819604057
5866007284058085
5325278590006461
6161217757869015
12394230158239491
7331177761284888
1395912956467680
3439273234192470
5375657306155080
4128693837097584
7831914736204725
12156238800681306
13459033369062520
5765696471081415
2750973019986418
5354433425500104
7792973362872136
2420568573532440
7892100867785669
11211160914305352
8366875475086797
8564277947701312
3192122881032736
4772478533379545
13194550492647658
9906287794883360
348132108411480
11623519502377806
12235350398423042
3086188533842297
10690068669838168
11013060756299014
2975639963286825
13145244573973663
1137494760933188
15211911960887730
17615428404866868
4438817221134681
7977605511607212
2585305986014268
3212730551483610
3970758941057052
3739967064227072
241203302232465
10831512410423790
13271084539254558
8636413961876384
3439542471731158
1544545739084040
13010085973882957
1580661925514166
10889156452957832
3377431931362100
5664281071085181
7559466156078019
4799301091976464
3371367686151772
14068274934624953
237590098428284
8982770011494368
887713674244833
16957836577401999
10981197289700805
5350003116213059
5927113987818736
2438377805331962
244011317226358
9838353590631036
4044737731295600
5709009975213868
2116265188012968
9934745683228589
3927680441771579
382502500979718
2713166648161536
15387582272756870
1235770218191340
3305199209722773
11950636793305472
4370870480433630
3156987063224700
6286095921169752
13218418862556195
10178245540663908
12629762723041119
12298990297234659
16420668402043714
2146124229606108
11164839620745499
7949153243667244
8526574615706158
11748286486580292
4992717444510276
6628402796909085
8372988612389360
89571551329080
5503956784807656
10737221053392582
2425100744960748
4969523071727553
8000901925217622
3321074936776965
8367975129215350
11380947101341472
3361251068307776
1379451409203615
3569887489621780
7345136830472500
10969280018007422
4767302605314211
8514700735666200
16024162140177870
5398918123133496
6518870964457318
4749096701424498
5135609406920226
11238932873664687
4152809806572784
10794446843347206
22362616968591414
6295615110650018
10562518622938191
1430519957852328
8298633568052028
6659222631310332
6020814612541414
6810965069471613
1109515524047049
13039711608990888
7426978204334656
13826179871471312
4217368711729929
7539107911964100
1772665782705510
6164659404790730
11979608322785965
1585609545151119
187696836284730
4840541034269356
9800030241319524
10112582525354798
295744736126
14598312596403400
6542086249181548
19103391872410096
2298436746446093
3057856777896609
18357715921414743
10094014454744833
624923138244900
5861852451914156
3090862590168560
9171452674577873
5451220857599236
3583462746694880
9863476635612822
3229732617521807
6543795948944320
2566530776024016
4632481179778170
9461723465177445
1493239392982920
4476756147439795
379928409342300
3855104344076720
7144176889801788
4463195006211721
10323584379254598
8074607663519473
20182987239144849
1943082252888777
18847800790886643
16268216852863080
10999496300323358
10294224757307510
6876374442152396
13676569394711545
17879873630489470
2721428282720568
8465607673328639
11018547427891144
6294416805483315
14458689134753960
2887220567543522
1152783775768730
3842079783088246
5717072782578853
1765371899087968
12315874374283410
9938361579901686
5610580282244730
4435848809973421
12818636449184951
9193705866165634
16094611868703962
7816866292205138
1437219569650571
2826888128457750
1953825792898658
4428817632966020
15904223967120848
1400927286775194
8706019292588259
1491977881944602
8893601233823823
1714551078669816
12181427582096700
13860407847886698
3956905877440400
7669624445257950
2165707292331674
5631253014568264
4606568692736307
5398209653479392
17727674322514472
11820063760482908
4926056463901120
9887516441911032
4673180686336426
16949754659185278
12619805098905809
8228116235492783
580996773487544
6776702261341920
7037563886265341
4024936453391878
829100660748080
9930669670796325
2588336303109947
4838099365096452
7644894501970830
13133874709113742
3004263062536367
5752388988859066
9189126530726310
11839216071166252
5362292209912820
3120883418717218
7518477606204272
7388291416765597
14496135555883568
2333005513439454
103461883973258
15193842279509505
4729305225657627
6467052832944570
405394786884050
5725039509616726
6277395770004528
2569532641368120
2521775979066419
7035809009737019
15023176559447852
5245174985604673
313856977106671
11729848905221454
8491656128566506
3542089420192975
4532294621009592
2139168706150449
2756941310208809
3547689983153106
9344580052344404
11420618698225698
6648881352808581
7298947000679670
8027940664478099
18198365868064509
13088022999232830
14455149819281274
7491722663537352
564383673088909
4955032288669365
9331837599492058
7243816776492893
8986735412321536
6405700136333146
11820674741464149
9396213972916060
2166713757277212
1114948379023248
135839087896241
8875548944929910
13616821860501614
10749961659176714
3992451306691255
5976900349238027
7554806066641964
15400839716259064
1381997929977597
7454989338616258
4515082860178899
3299485678827039
6397738620270336
9568286938227990
2142657830403531
8873226480385432
13705047386170362
1730629737877150
8142743764462468
6218381237084760
9012249381145865
20534817539259914
4371928457782517
16863064527221000
10767110338373727
3254344495022896
9873978313091981
10269400412125004
1472847953044299
7698842512931188
10244964537172260
6811785300747078
3266589421263944
9465801789589592
9222669805062798
8270502798226536
1261532694855022
9276901420900044
8917823311025652
2756969544844164
12777077883522107
4757980797471680
2464764963284421
17109066811601936
1533889556967030
2967247963515912
14796477592814772
7407791274684948
1133223119692840
15279010978998784
7511980689724745
12623051848333728
7302645160652117
12863711015212409
4593228034144176
5267196266674932
7856564698051960
342346499393508
4343461098750492
2519284840338536
6202667425554982
6732337701239227
9420123404472760
3948324395740032
5544288855869025
3725772175099044
4993437707942320
12614347587002374
12649468101726532
11626753160003656
3151732914620429
1713452772483943
17515413361068573
10012194016091544
14117353076259704
1521271209624860
11321211081070947
3537655603574257
6856801193472832
14371285685940420
7533844856868366
10556343658264134
1614661348664595
7068254988872412
6576697665389656
2241661967068536
3053123234088609
12136702761579690
13478471316163069
1295495242753309
14708243613080312
7187463098873780
9170632529004240
7980271085204158
127543563959580
2946059747989200
15690567931791982
6492228020957352
8607343829228437
9866643269144212
4249444856981661
1721849101090251
9676342826923904
12080634364410339
6559101977971350
5134479815058780
5806499624177186
15110992858658980
2775359420573595
5114081744217968
8645080558211154
10171566849941173
3451019227644025
720595377627186
12368678574587236
5295827869293435
3654656805825996
10427339675139160
13192764749636670
1501764789634533
2894332169458530
11027191428249720
2266768312302784
3563518264316676
4846496753031031
3060974437294572
5316372514028611
1151083036367901
7610243165259965
8452179945569430
13753083149307600
9438149301416659
14387730977814532
8454170912729997
2529217202083317
16165823684215042
4988226535948074
1582363470994416
14011971099485625
3291894290950992
16454100015876082
3236363367920622
899146859712892
2318296029798162
5362388343410538
8988539972526140
9278632731772470
14277427748644461
4222912492726880
1243850330883344
3062915091627319
5064440336597520
4414968882572190
19127500732063560
4120056938697108
2625946575499317
9936664337379491
8812677261183900
5943555335711868
11600745514284337
16948175490347874
9059061302382241
7334012931411820
12353207959604777
10625447947305143
5276109042439926
13715027058713506
9407285112500424
1472641351200552
8999948706150570
7539666901901800
6616418269226378
2792549085539472
842523997270425
9421623679858422
8482393684678185
324365940978940
8748574464448042
7411569542339208
15075920450793048
11698250768891007
1715249877223545
17619821669107071
14342264648341094
10241172188268304
10141947671988171
10162768123592296
1665924750559576
3560739441384126
22165176207567178
6879260847220670
6871114289306415
6063122425111895
557248846228112
6348194174903209
6017283171201120
1604587586967597
2233952580546456
12138092989227958
8372990815913680
9240014705023140
9275615528013240
8518679769000349
10399534090045482
7343462193430000
2113133484106691
5941442478559835
6113520803993958
6198299330998715
5328939570388160
5417073226542710
4511306527692090
2267560861728434
9634704788665396
4081120315226480
3982740627620811
5588691557806632
9171103053322312
8593125123206535
12205794146885704
4578355141576710
3489465441324666
10084065010957845
10972736253579158
1740292628755696
7938948952445472
12245156630158634
5913384270694165
12691062582638736
6169396599505700
6402014032168912
8978597956087992
2842552484349102
3883049540177824
8823769169104305
18518396879695942
6376601710408240
968651284828144
1943968402905552
11100948288911894
11819040749159444
7715979479908219
15380617671057430
6754390884478590
6510052277635425
5120064778863720
7467177143395416
6642100446512976
6337952869311264
7364578138622220
2846169117144588
7015129055986624
5999937702394315
9081769120043616
8202306017516360
5217074548633521
3292264845929626
3600348303857088
3672749089123207
6913750600569280
5065426676306143
4286031318238082
3184088297145388
4062036738339382
13628216051772899
7263103146911622
3681781661402592
2202333114248344
5171390482629616
1245805567209440
18025122707723532
6609754708611415
6925496791233015
7325324262882552
7454379779341404
13724005507721753
1287287138609376
5695272982902699
13354858612304758
9137116819992849
3735481145829793
406302080128714
4850540901863576
3167544894161209
11655006708400682
7859717035725720
15237816166427620
4905458372665200
3931130428316607
9111310918035320
2848358940300888
2368852159989140
1162791126365891
5343075266636871
8602026439894014
7107139330267084
497842647013765
12184244478428484
1086828808094232
6027212736958767
1913462516986726
1610099236413663
8166356164697748
5249181753721945
9443160920768355
2937638856932672
15152433789456395
8522320628835012
9596506631832851
8140337559761248
8462258477610573
2903994142681288
1626082175335420
2359365962503572
2994666896202361
3875208427204444
4851232285903970
17904609011949554
4662158593205526
9808886222278858
1778931123070450
5213627698499766
8812669410193594
4257539694341827
5679910256580098
4758604992099210
3140863449364056
6448397013897008
4146132063347238
3295040900911056
3441254575855147
8165514461538272
12880763668589526
6015930915616590
4817040189303741
363960604714596
8336315026828884
898054065141152
2917340424949788
6704431779831282
540993493778248
13827388109877079
7650537342678184
4188405434160252
13951255703787571
4672300920149454
40708101701538
2651435605430082
4937548982912532
13581057099158951
14386725617085480
16522293777889485
989254318851600
16111407539724884
7536538822892430
6462517584092020
6912107885440188
11812470660923710
7228867109116983
8890970596303838
4829219585018220
6923304908384085
8167805399217167
3075024321888388
