1115638003944732
197407357147458
4262164365846674
1321547158035508
949043706730280
3687481045088384
2130948168673290
270112219011332
1309449217880757
2769959858218146
1195689017143730
404606354374590
1904802815813287
2866110127858744
1152352320059809
3315656413959582
8132892752110950
1463353850631998
2549955975224790
2485483860796406
613041237046328
1586335637220675
1390169874898847
441938292531248
2254961068914153
1760556193493232
1771491685629207
1245998607315844
5270001301506612
1524636447119592
24303091960523
1718308921861590
503824696888428
765131390620372
2223019204912626
166748914248030
3796312475500167
985647967558340
1393562519899749
1181641401395176
2567692149926216
1987814352594008
2021686696070608
1512622141269890
855952568670924
1866287641525195
303154762990494
85780779287608
497579919946740
2659285908993182
460937727931184
20910058143027998
3417816952200397
1392760241623806
334248561669897
5222255079976774
125634820391610
150333781539624
52335287668074
2936551107156843
222312513844965
4162794416131710
693772720256825
2413379285730112
1099132145517972
2334593398067973
1474486868356722
1873566483023386
5746512565668034
351634653263529
772638318169688
786998901130362
335539567312530
3564543260351619
588502271942834
411929617190265
374477575412406
8654136304070988
3019595570954625
6832229406031589
5722811849606020
4561906231655507
705327896776824
785386597447094
2906984129489844
1569397473689208
2123547573443712
2089237346333493
370719218602395
1689448815204510
2040268733456540
3779917329954915
768200185367129
4731999531484584
828916167058776
1565605991407348
471774609293114
22580801190487137
977687601607189
4415034096849285
4439397945897445
6979832207402931
4272208001022420
951586916361010
1144619031310600
1443316284711945
329488597593872
2356466077984735
1176612176733289
6319421107137978
6955710772373181
2421513467644812
866189477134146
978971142549345
1484484915214941
2830628684595082
3536577372434844
918616975326619
1417302643749575
3130865333448500
7064622170897750
7229196659726291
1721782526477538
1785259648449260
557766658716184
4428762155715020
1543969681129119
7315922020961100
736773744971599
2791999473672431
2954746071719784
3663484808629960
610896685685760
4446086584178416
1283105797235848
3366577663123010
1141536832208911
3349332928043300
5753338318559307
1837574322601366
1617858943217616
5523990548093763
1644268118781084
2832237543359500
4700921652094110
1486446871801409
3454090748462615
7839843912226651
2710539036431944
95668606180164
1529999514804093
5560004045011456
1002568612015572
2878234574038529
2044506888328292
908609879428219
989243244394232
516448775963212
792890416034244
3441592496208545
3904592347977498
5307534137642340
2829831013243740
127844495652840
695980603427643
2780311207891134
1927999499185854
497577563163780
1467783120836476
677457254349560
2810192981712515
4440548241763270
2615398916635026
1363010822673837
1568685041427855
2877440231623868
2150694809755948
863786421356695
215681148119808
664487755510840
3252202392513192
2780079301314180
18291052397704878
1742287066367180
1361617185714828
1016045221232178
1598805534866183
13695142676226
805414955912631
2312625325177326
217624912719246
5907691103545651
2807390982467211
223210123816024
7890558817785759
1752275866891748
1670719912451796
2235198398530560
3256612074250115
1228686781379425
4476109651161895
2765841556002360
416723814673220
648818912273976
4027180635259052
2660967686512849
3625095847974308
36516394105524
3128914669205381
1784837189737474
2337876153930144
93822259870042
26624460788868
426187128360764
5740642114659306
5576101776149234
227495485663061
4442698451358392
3899084986607615
3218164693488509
1398080684277475
549577753988528
1982691116787594
324688587520136
726751123436698
1503828832296168
2873904136330193
827054856782322
1990197598107342
1865829007865385
2044193393636733
544399985880900
5462848431888330
26882276548355042
1114190874211920
6148610889444496
2571923364993468
737143102382376
4292958265176240
1415551863198740
245456806377366
2009739659518431
1552284547244562
1666098047482233
2856569545928172
1012183882183658
7341111391058
846381495024576
1438885936107712
15765751913436824
1388796014247288
2048313730526733
3067834681635176
5179697619375738
492458891834168
9989812554031972
266322393145739
1799699875455489
1995474762175204
1400340439923654
1433743680265410
573207509133131
747676845779390
1963547202653316
2364563556168438
4526790636121530
178751736166075
643429171326800
6613987772392700
295705178672238
1874513509363880
8886908979015512
75843020504319
2227793819945215
4052076256249658
1979589560794452
206294948111264
9160110236539860
7460082499801338
1134933337140540
837742493473698
8990571197384095
2387733333956915
5230064046815274
3807217318419688
2160174823975974
1630374308552967
989545650334146
797931884479780
7941924635952264
9912555843539142
803489503240194
328889599890390
652965393493758
1086472525156080
394530949033128
7694649107256300
2336455445198604
4621775911940460
2102098836320241
3677797702476540
432389065363640
9358065030396840
4125790108687294
5423008422533004
759587448071796
2062077291150510
4655176692042520
1860992136924498
846694448048314
646726811123482
7655555947485042
5172338882374398
1490039469719580
684161356999065
3533583324982165
148521094489775
405946874852186
171767298006402
1047779330753526
2244886092520180
3122764837170244
434458915444276
229490633071345
5830350697114139
454603011794366
250716953219972
4296775015337349
1934893326036360
2630523691567531
1046143286793168
2463344654283640
8197805950962823
2873065747858155
91277833706150
1449387001564629
6609000211014565
2869397150530310
7119766189145673
2223356338291172
803028338230406
2979234131029739
184231926308385
2976572986419720
2136078401026188
194272770174688
164944997410238
1739730630831159
4779933004993586
6564169327279616
7095128496015944
90753933584950
613998715291648
1966678729892204
2388629828488580
1915734332457967
476870882855794
554058311737690
1335040916935953
346929388892378
10294688540895
1541654095898770
889455763103391
2816697586156359
15286274101065142
1429071454666984
536346572079165
233550172255343
730628518844660
2812891811144065
2676638747222864
3994397860655772
3377617768327824
509776721358300
2079625898734840
651464319345420
1661553121857363
2842119501205596
8024515390470326
3806400372247040
1570078965459272
954757629050636
1762586135104530
422918418636816
3455860329194238
621825567057724
548870417951795
4536138814666550
2432681039336165
2336577413279160
5452363216700788
2059846130710278
1595345379705842
503126817334503
8368324773414672
99368567275498
2567795367297904
777001228121786
3537231039817860
2214631500090480
1240764262487434
3230310975169440
2500632626701194
2467156079174607
450996278643700
1082566259989780
1215386643253825
3194401596235296
21090752674944872
4658637172907427
986167465698417
2076617539095148
3778984576499094
989513575363002
3423404639190675
829609050171099
588437565819630
1962103583585748
2592322544227128
4662766314272532
1667369318433948
1738230052448618
5232158206247313
1660304613981762
2886823614344765
74765301895290
165015060671055
2807536944343320
136419507958664
1688152294791388
2209314372588135
1664233930495107
154852438465380
464632687210860
93268496342056
8920778274724554
4478581719110034
2349377452975853
650515569882906
5483079936993006
2950637121358212
12594235977131094
2506476613225467
1768686358181616
561743079138980
1358948552071172
556437194498589
4617568680172461
3418345029018734
416882372726840
1115352276203844
1653188053645136
951624985540212
1592548599289398
1065496281286773
1018750571746299
4010011603708830
112605741130905
609548403882816
4446330730149024
322455830174967
248368225816452
2731556208763977
353936441938178
1330069572177896
281180877741812
1581201973072975
228043194114216
352914487662292
3889706498519474
1455860378909096
16521493191156
72135072524743
271922531865050
1503593248320894
2631159056375058
1461415154947236
771029950496559
18132083300573046
5599864883190552
265836736285862
769002561838242
414606902572750
1014397970725720
1181717065763730
1864961863803502
1619611481782476
2124530071929566
941747359644880
851796306119016
312937314611555
129209132333190
33333656609646
117352302633764
11957255255126052
189730519518372
359006919489633
2828886433414644
8601682527507476
600826419706953
6408643535870680
2665963413790104
3885873733117613
166466716114104
1668443728822145
2324929382805245
5884909118395332
3260175366147735
7454369083703752
1200849166316850
3615652727979636
672349789540720
607898048700975
6640082192853280
9726802305954156
2046512147146962
341886610287363
70248100848652
715630881692660
3847599226596485
4265317021019764
3719373835663680
60132491029104
491839578944890
701900219703436
1726468072844812
6407059126808425
3785869338765852
4321891427570980
2043318646586928
874594205195136
1480304190207312
14067495647819848
1465685560512042
681161197517192
3795710350762608
2058455806040280
754562370765994
10330313161814404
3732263019467364
30327031812700
1139057910786896
246763274334990
4085145563653482
115283418678102
774514739836746
3366837547768817
13507704508418673
2815159840700070
1495427856938910
3916930164630584
6891962695702200
3205203051536322
1882681917283756
372935825492043
11991258404372273
1433923143676494
3594824472270132
1785918243104964
4395963142565150
169721381417845
20590347663367547
24859638513345
5494921475329830
1951647353387964
2530815028271136
2842167597785082
2769194735864382
659232201854373
25824893273992
2858755926741884
4800178516041822
8421441926781615
1726053337228776
3274437729045951
1543223863181493
5628229539251837
3049387435217111
985138868244320
4869371075680395
3367525728039788
2791435784869245
739550654697113
7756390453474432
5392403480498596
1852240335520212
2767178359662330
3789609669319461
1256383288741413
2142886193311352
74302515074688
340540365965915
3199622779267164
70820630029255
278119781927262
3973132142766835
2185057465702956
997488336743532
793951506580406
2073032165748
1587462321613830
970887768485215
313048375836760
1214552178397150
3623161958033152
2976927629225330
3875774082643001
6428822034987912
253529501818140
1273751332188652
603546739623724
22492466481680589
4045004555255050
888186863234165
495932722733790
3495792888181928
49414954544057
530281096975484
960045078612195
1680027051868725
826420555471965
1460930613863410
3397869807124008
2828415421107582
461862852379320
951847429107059
1920171644851736
335551059363240
780447149954448
718134855037633
4357861128207876
1669180426745148
3604516073492944
4340049037109898
1202840267223294
353803167191044
665089616909630
1293859983419048
1281371997659312
1996257126391052
631240546501628
1267790408157018
2581270690551435
555741012358392
964205259457796
3964548761235954
5873812276799325
101785916189605
3271048183690372
2096893753971528
2716787130408864
5762910121831284
5784339696298470
2566470119227674
4791595717404060
210621778932356
333613528115337
1902432965010555
885640404266906
1429238703576585
2307109575998535
3555094657233160
895256638298164
1562922955556000
1940274198234498
1269174602732016
242811424670464
1843353520379349
97790612289268
43823793885772
3341620698701663
35872003222524080
2064763015186508
2052211470061472
3878100999736908
311289553969272
6528309833011944
6293555219868160
1819150412626912
264805288406288
3490531646444192
7623594976388112
11430546266002346
1380630218160390
393847912109360
3358298938211120
317801692376214
1941433062357198
856195106973672
3684966396660132
140496445855493
384563285762064
2179873096731500
123858384854554
271021633426869
832336673654882
76720215386763
1208663335575425
114287849900864
813286607733924
11338128696968606
669731913134216
6143524465744
2358445157738958
6944061041367450
775759000786100
1752746462250522
1686442188406204
6491087025414859
1673245797998296
3295769835307100
14709415264116449
3009063284517278
531233243140104
94473813878240
3497022069478310
2203619475105078
2400136151356545
2196913439257456
3801131277045366
1912306927324571
651561313443422
576028902550680
322939185097110
972249675792147
9194274394707878
413434329313926
1467452322106980
1210264582183330
1721207598637502
980774857056486
278986893375696
460231370947392
2115419315351058
557932502248684
6541892706188081
1174843497059176
5664474829249240
1390623726981140
2599998066890643
6311241669940688
1639574728837358
2958506094692008
4446049892331850
1560614987312512
2984825012825805
2806775306379164
1420325527541904
1110249239833827
2879401008948464
2264967338002203
4119142608818940
544403451274767
1074796639410716
830897091313872
20029031840370520
1090168124628585
2342913398846670
26876400460944
22492790936640
10136889056390134
2588378322667170
2788681267033146
2639427556675353
17263561472683645
596016633587367
5480894236961672
290628773341304
334649966561464
1237497820048974
3296387843052720
3563133735554108
1825942541050467
1654578809732738
1810870530307976
988385732988195
9350071834809990
588536646649359
4324096589065160
2648980853374764
2208195752421065
869533634876586
1104848862384597
358566624867306
896900509382832
7950461933390580
280832381957843
3951317790370970
1854925387186083
2565780035981118
2897849187840085
4876328800466740
4430665130267894
2499526408440408
1185173065231720
3913520975307984
329043109397090
799913817797469
1083552930859968
2541905268422774
565086887917911
1844222705355800
1177241177732178
2722629246263772
1036034035057304
1783167890219050
5022143083245907
1823557291878953
1964456657762818
374033466024406
858717883400370
1152571971084180
1085015996624594
3534804191958408
8424439318622254
516494611069632
2685228281999901
559984706165070
410738787501603
3000725936866554
1826499335790877
1592809017921426
962146218909984
4418014557821454
1779186130484328
1497264210341379
1412972420803452
178107206247992
2704364691142644
255465662307702
3349241582798068
1128818943741855
1032949217446818
746914220165450
547821470166700
8903753431761132
261646181918008
3431926561097187
2327902839758555
1715464875138414
12863007584554440
2130358714641256
2352249381537382
471228406094860
8118189793909880
2529075501956775
70087006144217
758636939601835
1673370245253222
225900665780928
997365211416592
806464731403891
3555926634580623
3941147098082538
750875654574992
353639856466186
1385062472902726
3931557648937550
2413770441490232
173121501489891
710646191370708
1741719205638338
865972475919356
623741723412269
2110384427842612
847136668775196
194961494928320
3331470761346960
1973391580017483
2652860566059924
3182672322808174
395278539549690
2695136198739570
202744615712724
42565617001804
2846273397687845
1796683650051852
343889624117696
1742780667355827
262196108921214
4672242321519984
7290359622313976
11348770689176128
1407879580848678
1736688769620994
147841891738152
115798732020883
11151166974013620
2334688327599310
3873424692983760
3757330060339272
11114479090782044
4252928197038210
571214753027601
963625164520612
2691652105310738
351967688769081
656339848669146
11180399088318712
784442578818984
1285709444007654
1283698333285082
4850916065791920
1779193104548994
5360907686708424
5226478595258150
1053286698232878
78358446166930
2218837469351631
4796921666706867
1639276678094632
587135422224568
265549814017468
2467609558689222
5911973556789
1713878602411971
4587294507800488
76461649097227
1694125384878920
2389507853733576
321162577333652
1183640937673978
685443333749407
466005378533316
1105044881248188
2612635724869155
2011249942482288
1735905526801152
2913275530410892
336966062332713
39336573247983
1961692449069276
2137153463743468
758009772044235
2927663962303682
93043095931428
703326474261582
522287349377765
1369059891094730
3019579178318695
2401426746385988
2627695202455212
367141376211599
1454342632481985
2076134979066190
3553550331693210
486386883299188
3859250985201840
1580894882723865
2237674007778898
4843546693813284
5400467322550680
5785045797671379
2096085216426048
2398673419019740
4531675026926040
425915866237956
895821085760286
195068219105094
3590139286273245
543211336854380
519125535940914
553870480032921
922408902887720
887684803572570
2078423547414380
986548045437794
3036419735774971
3518079255699050
1973569524794356
1112666997671355
10494790661710680
1519983464989938
56920990645944
1061006736862128
284287045207890
1454170786930143
1823542393456856
1985999112857916
2343589889583940
3292906440792615
3639013721958496
517685245881519
53097476120888
51629003508824
483746883265716
1319849753928371
4874394469855250
420489852650091
468989887499304
8750808155237521
1305594799033329
2139220941852000
567294906739758
2186919936521665
813016101092572
3389540470328375
5605110109006518
1141332906221565
843509430079734
