2119475802889745
2113836781830270
649988882329236
4125814273746226
13224455253285
1892447456125673
3827572114051664
918964715182266
1621367531347504
2835269357933348
2105429267601804
4915552682907700
2601570863640518
1136848178086478
368999106277035
4158820663846790
1544169881671064
288540077912691
59950970689934
349314383401726
854510571927572
1306676410694262
11462475954542782
1688093922427372
3638330189802198
3963788393471130
2396600220083865
1388203124383052
1150072222165600
2965497678714508
3263291001112597
2149874448421551
17360099618512230
286669923225669
2404635057201800
1936251457141905
2105022786809988
1964758958824608
7006481198657636
1553213953340676
7426010839682279
19762061639392
1430917924086808
144647752523932
917589961591348
375063569270308
32554861593112804
1659983527509408
206738542480797
1858079795746805
933136821450414
672411025483692
641609349233177
1294421403547434
855752475779583
1270198708332150
1773544829095908
1089776810123270
6539058833190896
336986921457333
4127337094867565
2033980897891156
1956413901737696
423074064542576
2690819539904919
2764681681238724
5577057716195618
4863343609437568
14834438351027318
1703053028908192
1928717993594530
1753774590061596
1813183550692296
1598289421855716
295483901257060
449676988477143
531476826762616
2397775315472667
5199165447058932
3026623193668345
3078947441436974
6816034789415244
151963104327246
1822739119435386
1780498819865403
512772548086875
213999385290327
4659077785436280
285005825646759
625291329529880
974090986460764
1253481919948854
511592938753884
1226666327593650
491212599224736
4939413013837524
5521888627510360
1849650468771748
2546688798854864
2720479705783570
1493228804481266
6740914787745589
3552202871942970
1381939769805394
2893498988642268
718606012611864
2396507038459518
2879057285217755
1834432613559444
193316371717172
2735618967575578
872945421608535
1859294498134029
1280105188612792
3411845440722420
2384752705393960
3567789963570456
68666621922114
1700590476280960
3002401016431576
1426249496521632
2942315017732575
1535679386330776
4458986905876011
707335695610560
1588434289934736
2571861539973132
1966624981492730
4024211095558037
970070300654210
708373528631181
1263295843609974
3978863835375254
1637281674127444
4300243309251356
55488712932578
835955984357616
512317473358103
3067559107098600
1723243981048260
854566103700653
1078317921395508
2914564926472038
3618146937919128
596755944594472
2021588348932995
1855293217959348
182308209460314
1789149042524936
7220009736474886
965245633479450
6682682371490246
3876495400496090
2128750408751375
1081625590092175
1384679093275365
3230690210643936
630406979949144
680210925591884
865871601599995
185479542150032
594056108474136
4277901305434985
98290997098390
6379964259703650
391856383579086
84442831508634
12380630072001912
1951079491210537
2693281735374144
715840431612495
352546199594161
749285278614554
3338635059483885
2910772926113340
565541609653084
2827157233233431
6059627805293477
1382007014285308
2743890818856822
2464327446369972
459499815598596
409690635771531
1423647895066090
1554811509150691
2278783887889275
3214143925755571
1356709627981120
1132798357948704
379053636504998
5893015468106340
662378393291934
1753974530248570
6367457499984360
2759205407571782
1364136281417334
181953383191947
388783069388268
2734460112762592
1267857551604448
2587745115326031
2206059584236744
872935000666248
1124227411705616
682057041807351
6081289508524867
924361622187348
2603103007218753
4628804455737990
765294469072223
572642627399040
3068144717125565
1136550532794648
726087053108976
786738975328752
5426482305147589
554486557393680
14276288601096885
161418920943765
17744732629394708
1834142844136764
4941712282466323
64596314573988
6863436206881320
611403031072490
2640761615423096
2884507046836349
1760319957152854
710011176915741
26690077404508
1647408487885935
1666610386278888
792990653129613
1684031723372570
617972540305440
2960262554117616
5432088255594826
2663400558571602
906114687886235
2603925321059635
2283111751327476
2419833806371968
1273585626640422
111258531442532
1317176974308890
6248417456532624
456639926650724
528773738998404
776556282951124
1195820015335474
907303272223033
333713261076690
3180416776569044
1652584710033006
3810701817921618
1307293198128060
4536102253216798
1382791362332061
1483145994466661
21216619052278161
356584889477608
1704941828412702
230805942944838
5795737091711478
859694191526142
7510408692050384
907339550930355
883363851223510
1949372288609794
2448559178031095
419518923358274
483049257766850
1651440718877100
637165268656754
351925742702560
23228478575511
1069012418204284
4239218221331148
2084622402535908
1362205016532695
2986685917054797
16358664311932137
3211108428513824
283859341450376
1014774795159516
4288582456501662
4342765367182716
3773660794331364
2881724019129228
833860370229572
158411605813481
1692517536405125
4724925050154666
3719306660456508
1583963816787360
3957924318919928
15335330956330632
715497248787172
3122228829464346
6157413065516310
3896207854491382
4094646433434144
318094103000556
1322691617356220
2013518346495394
1635392510182232
502130530919023
4951027485802045
4134147014463055
2024648075472096
3079192379957704
4968429503929690
1428196438290969
4299946865368435
2122969419892056
7090483185813825
708082141344348
11132914980062512
6289057372589068
35712224600744
1299686975645754
3107897467393656
2167665942269422
440868073693080
298338892701876
4611137177414238
1347709484953218
2296831371640900
2057330301522088
249668021543050
981210272660772
2556989577753925
609666423529206
2583108169697600
113728104046397
515832703188682
1143963337654500
6567555118857161
3101350093546710
801484686833480
1732022977803152
3902719528775936
1325927425210748
3900580993572546
2740104139962040
3210497132668996
899046973651876
2840366632189611
674826855791186
1315866661460764
5281977015554120
3703661496213768
490962045381803
1778179650057140
2302529453341148
4875176370882258
595643521741296
497400606460956
1074555573775518
976685991906348
7181778624889417
18070074787259
4825621234282355
5183376511102677
10278801131518850
502265265212225
2799465764110146
1171194870511310
911943548317904
9835971389500400
626258694204968
9909504453647175
1431569445468750
1171832989865574
4230684058601826
3391842721284
4220874917766920
500751886644762
258929917009745
1730741789907318
1436771716212984
2511132224299166
630430396757096
741084739059459
3962567102889225
297925859848014
10194644276477136
684284594261960
3235639616773940
805296762968083
3693976196103445
9878986793023020
2912286233088760
1282622615222852
7952254158015816
4349194644552339
2834222659300516
1893832764159831
434830229881985
5159940813526240
1142736619476816
2795621879021844
4304280643226823
1354379228191660
1173953158992696
2946497666812239
833287166348226
164651898224819
2294948915255217
1153587974893284
1011992306599977
661669433903019
1216606731899896
46787649980642
4069920311003604
7845267220887420
1834167620032882
7363842456940032
1097002329777564
10763402561674320
6591182085555680
4709529831750660
1130795559091953
12982465713925440
1877172418895718
4285053519068045
4661789063524106
408609760628972
3658341357305168
920498597296884
2899699307657550
3838937261928252
850187471061918
11604360655368
2765004074869248
3666626910842112
165205394205321
201800020500656
867750249629164
1252639561537130
175441946940018
1345272839130584
486394707873799
1788600877216854
2337016152742315
5724833799562446
559580477607845
2929046509989858
1438737205222554
1562824786252170
637450855360386
371380972269685
4142648388783297
1583986701892564
18531085741884
1053174506278816
4082331473341500
7283244392043291
3296474888842812
3416665023015842
4963245137822582
1695584719041736
5910862886554155
822391332563159
1837511195400100
2473739812589220
2485184100013017
2247119001057395
954894397894279
2093318188625763
1612231743930432
1454054554255814
1445359294974472
4580243060651808
2609859372665900
2622855727063628
1545527910287139
5236298078541515
481579931289302
891313796996184
300666641981990
5767030333282338
713959766111970
306781145167251
1345262363946479
3793119141793150
3282705405780032
3054234887803116
1756566495645190
1410897917027548
1667851722341558
96724814748760
2330550070931768
529745204371255
1981322004329610
915956648690644
170838312244956
1437480007170580
760533575220840
2492585633175552
2036669056645317
2170078673575130
4284526502836754
13143593393344792
3012417492124788
1672743327835974
402795820046604
570575834573073
638680712836716
696147687374032
583134569360213
900442812023910
8523371840851098
696554508204100
880368387430004
302275536161667
2316968603599950
1581218832009462
8620291462838635
3001016780405076
1222537969167549
2852928517709058
6530211985488453
809319933928344
1931322779139054
111177438366264
198498507377478
14514753515298925
2776955926141848
2419348275945052
958530979430228
408788594787702
7255940402707920
1689425438423826
3449348209728756
8123216242103091
344861200130614
893398157658792
399679058756446
1681887769477692
10359789964377507
9344629090870159
528185827610833
3773676704014440
544826378647141
2061853428514425
8141483722062729
1972299842205329
5997272159267102
2082094321348790
3808476430067192
2195335551496388
4715942196321256
7211888190955646
698842286599873
1303522617376815
507238726025127
1298563378089384
2546498474502714
2990034571306365
319391592323494
878684584114949
443411771155810
2083203093123711
1600096451115484
1636374345657457
659668555134446
2826648263393669
711589600856708
853701695245728
1414098029678510
947885648225558
1724038108318914
1671096325579425
1154197629834141
1865003399552750
115524539052152
313639958266123
176971657514411
2995813672643340
3735836111380668
670012052046306
3013049229933000
2225234573965420
5630595637392140
1942453263107335
2897040383951586
175367252748598
6084717085315295
473606061919539
2561174987315285
684849177494589
770696552768130
4214884556145526
10543930580614331
2044045812387384
2213688434833308
1114480907619333
4830626734778553
539057668017947
1430427588565748
370945896438484
1773042055306581
3835617204767034
285893812330161
358658946632286
3556124998559355
2545421307620380
2512663709277757
3316048411512100
4057654999105956
4980869591267060
521269511015678
1830561132393914
185986396036972
3463539264999270
1748917322237358
4852492271943102
1950804146069121
411756619540828
2662906182856819
2493031269964706
1617164493780373
1870825011777164
9973104616336497
1630744888066416
253211630158292
1664790532812111
3048438710991835
827326524509241
1550612749750622
2032686131175640
1977565467796362
3883410536150300
2207779647865495
2915128402018320
3874540227926172
1133044822554184
527826164221971
253481180253317
1844237321813160
3848251248620982
5097220992000012
3268079990211830
3426138258508836
1458826252809840
470717269422360
5824605904383398
1630128889127394
983025964351956
2422499368045887
712732300456865
1942848734631855
2312046392773600
1401781581852866
6423303177692896
1754617309895282
7938063081101106
455719345725846
2248873972034958
248088197780709
4277801453571100
1781226678706332
277304735251014
5058950564055700
1359744367002346
1602160167208178
4149752487893874
2685572253411824
260823465308380
369964406365418
3442635513501340
1713710770029815
754679044703860
742216066319672
2573838375631622
230117144745894
2631943762737054
770329045565930
438200973365520
2638397921933230
5861832343832750
493955133231360
2047588246874319
3270360584440580
1251340937600307
1979974459512760
436351580692376
3809807086980888
3259025435042720
659522402329208
177167543667384
576534098264179
3580229291727774
1762819641210624
1271833590550950
2634028879440080
32204871836650
811241380240644
1575132444673176
1087562705989623
3970059940785148
394090387939275
2299850626217730
1236127515208184
2929161326271318
2917822352680416
3316885154151402
3593612649748320
1353342426949956
72117717078255
3068797066317493
880368377100188
1442603268898128
179095576698225
7601964585606237
5125090758929880
820904404429922
2636678983025500
655266645266023
641191014994238
170329217013858
1319271995474712
828971347969621
288957911088385
11169759363521968
432412792775814
17533656486616086
3647543937227844
3713673780999814
662723826850532
741840629935332
469239094389312
3177875357270996
2503499666093464
99210080787552
10703659381794944
3642716196621096
2833190146687294
607939200395447
1723389923036638
2473260178038495
3975916998943464
3541863123838710
2886368758387472
3748640202941756
1458753681363504
4436020593024840
2703121577988480
550409305962042
3329294044370994
9148449840682242
3351391359807265
1216232342331432
5616794853567450
6559667271712780
3737285464368588
4152721976596175
1291542492483325
1186390446102918
321325983198860
3543089844842370
10209472699204760
3976903603809480
1862765873939421
737319603370598
3114506173949499
4062479971596234
3229122774726764
574581688359219
6837413561490438
6245904628042400
799973500407346
239071502381400
4939584336782850
1343323279135251
709641343651302
2888875751015244
54732003222616
1895520591045612
4262461026683760
1633927748945523
222570997266105
1840797034301412
768644831439949
1470528585000792
690708787052507
1275405059127396
6152681328270074
141207671608656
531641415468288
1712881405283862
1061571951904912
418851517853766
1703580091179033
5173837999063636
882597994183600
1965193883277780
3660614272259300
201465687006612
1682223478468004
620023520618060
1131491447644586
2617237107410919
3089142058767436
385702885686234
815770933000492
997478525845012
2265976252380965
3018808012416354
228111618642015
500497045125096
93745104556974
14596315615252700
254630022288258
137721495426628
2527740099324861
218520751659424
148646519367538
1860823644858015
1494786905237880
5376434336094704
58816812499950
6003532893089569
3377433435005944
2818309943126559
1028051565804204
1952379632430225
1660682005789212
2370328080798180
2314147436046817
874860069522942
646855439456767
1407047761773040
6420631816497920
5412573436400364
190737214796961
587807447675162
5588828581325646
2000428222923288
1263934779214208
791776830268592
1974950193139272
518463586030131
707963086028543
690362464121432
326969163541428
1667610274543419
1311548015923602
983593461440997
666173812009372
1487942897762888
1974205869181389
4591838294728860
1171949501203998
2492939372694444
3807318382406110
4486642407100251
5242208100825003
4305236232856325
203090860949717
1720181303560040
2919447731573830
433125110340948
385995428488755
2010448754118762
8666060785930532
1044322471320148
2082537534173551
690175984954852
744108035708098
196318889174750
578738289926344
1582416647533185
1543070409816942
533800287833285
1862671333261790
3594744586385868
1119050924521151
1773695831409020
1437097360057010
2123340279522651
11468959142516505
459888660646804
705078769086935
1009505936608710
25708951978860787
6074912478483632
535709568600236
1678356664325904
958115516729784
8724856507163420
1295725234277872
9903372844165260
275465796483474
1404561947978139
6874086553383256
377502107386168
999923518750806
426681618051924
1062731729583332
2483479591749333
3508361798512256
3312608634496630
826037555811945
1792990996307976
4080080164314149
386919899100606
686820804260274
7890480828835
150697043054784
4212763226040520
2543943067087364
593829464832358
252510106787236
2008418514712992
358150342420689
154682857270860
1002063937051556
3832167750018655
652767259127466
195881200336494
1183753272551508
3712917971091505
5613970328447880
4358953979889210
1716715527921495
11451711509235552
250089263795588
4438334189600290
1458063762499395
72050288426160
2405668546807263
5465867531027796
4526054197083264
1336222744207744
3296933288265709
2544089119681476
8012485250119038
4234206295168839
2590958583161767
1628752797529780
239126762653265
709114505213645
2350096622477504
2248987451443686
1354584991677714
3683297882044128
6789941273850318
2712318067868565
6486758687448735
420185408929944
761851662290343
4934955687667956
2230266071129928
4488447209832474
1632695103736368
2579642764671376
6707313707854080
3237239321271072
1641513565013275
3135199289090684
1398947056292283
401902091184186
1050436546597711
1898063981396894
2313022007059425
1761898084845288
712448853453331
1077942343137465
3954450457878440
5826399465241744
1285290661141484
46748907251664
4699002403428168
48548947985711
4193224577300010
3344145177961200
3484460741385261
2246817146317798
2139047766204447
1600009938686805
6595049298553618
120827869270278
16235251362100807
84928717435744
2496889256841333
1819182052505866
4068172176010347
3405396567940992
2191320553092828
1687210849161768
1294892322502608
1042699242555893
276628410363864
4846521368859813
2892255033533278
1076251030655240
2270781451860340
1427840649323528
