1840009044652794
423630033178148
41108258636854
1773818012748223
630752072396546
3714218040624345
3135206978527544
519234701778609
2984099039752500
6426007689092524
533454901168266
3860146492723710
1029036471866734
1229560356781648
230288476009980
949336792558925
3779151609995328
2068311780574077
1269920911272232
49733431855252
1753136394083210
1049558070494451
17510593281149341
14929247936817388
281899892585441
16571347503505
2654896711635000
324228989474930
6750036112972484
2188671503306529
916654242160925
1307104437892615
1230215260232232
1146177438839676
2371512134272168
845209397474940
3808021168223294
338142022016097
2667340460316831
5266191610029690
3003241011740478
2328064255791000
4830956408840127
836396379496750
948460337087814
7232753795664
679319637295295
3731061277318681
1057963626541002
2563594026211246
4851912791652798
4093344485781300
1150456367858700
4577626401665315
1210779466332702
302294539125195
1252423947775515
1593291934788424
410023681487296
676833277323026
819192427427436
2782331365056980
3270637430745328
1890235294341768
3053444274333180
12837946884023392
3995809424183000
4793998284448372
210037343688732
4595195918721660
2224809595616156
366690890920455
4935415999144320
10077216090846575
1718980144685905
8563906348409000
145759720233915
5695616058870684
645647961888875
1213306719905836
22623373427458872
797632841663400
2043933461100503
49447945649636
187782091462532
7507035765798244
2960736214832958
1836122990450308
1162760213179173
1216182815080038
5695520181533533
1666990800953428
572863921285774
810038741272343
518925112760370
4318340044544170
3447873843618145
1871605765067094
93064358647005
4228244304309684
466620426084642
468269737836504
2457963722942402
519989224800740
2757098041982788
7217797166654724
7638387866439220
2828112742613337
1794870650196891
341885128761774
10632649713557796
1158366565080200
268145323730320
5288685973794776
1312785481509859
199168707850203
3863818075729963
417096184524264
3716444533206228
4252784751669395
2038876756076667
1963450602783012
1492306676409000
5758028320949388
856896142570348
3271443701535768
1713153098073355
1410209561281608
2531413980166905
2124474269638434
1959569796033090
328507244492913
14636754057845
326100584289756
983804052684007
4499610947308312
1453587869028929
6810821912080900
2947266393506232
1458967539423674
2257774210192408
1779182788908356
1063956804206136
2558423062407084
3726955922721743
5809922962505232
2473589546536144
3110843339890488
243535866155944
1304913398671566
1074932205601488
533821806543429
5337517796937460
591019102489374
3861707490023050
58029474420172
1139700958793528
2593866883979
9148629899286625
658032288881937
2427158782803092
4451717980292128
2586155871505265
27482114515686
4772221718512029
930180551832008
1646019453903732
2790969417871050
8981338574517288
2742257140541272
3209879982675470
2224708005462825
1370853217836976
510096332390688
1539229494957876
172218462671997
890457856953904
1417142775655149
2042205371290359
1139208664970680
2545420116876876
4410123754260990
12939349957782984
782713327831976
1116702103013480
15449725216247510
481964856150209
1029043455914682
1946934783116812
3649071168675330
2568411300470646
2025499627186322
1338422043951078
2463292088464620
22598861624987973
4565691875213310
1450595227911390
1373852729841348
2163826351159343
932061267745944
605915676929517
18806498649838584
1993757934694578
4893671742578896
1788191324461592
1666327838692386
1514679254333412
2145271477735880
616593782783046
3595330464182212
2527882327879104
1522797544408752
3962184077539000
575427128266070
322805472978330
87010344940318
24699185072026
414374846164062
1638988820623175
328990544546595
2391899624416940
1941881024440728
2273929074199115
2769613829018424
8355491838521336
3777711578419208
5377263124640377
675614670501414
1874398029629558
3471899258145896
134519460258657
4404424277737352
1772051497615340
3242293682232603
304385515997405
3199305652674176
35337666425968
1434783369428724
2686765684844649
2354552894227384
3522027343537704
2829940838127393
5141490334276517
1855867330716448
1824914153494350
1626764156398908
1358914555316526
2388836357452615
1499026333078416
6730387608008442
256896456156522
650935575116835
503242475796262
1262184294559468
901730186182630
264050855830248
3908964297528472
6099951146770899
1223282110440575
5773615162232752
1279421803722510
2806358808851544
4964636033092064
1470681872328876
3924686569969935
2217039938872804
4222844241021510
7673547680975628
524538679029680
2494719688079901
2705343276103821
5187407877962037
2541172532929672
290468017661808
3314431397428688
1499559404846505
533896922436318
1416902047156288
351272822999544
832886683419205
587378079195544
2361708375711180
1272968319110456
3597859383655040
62968318070947
1546621223776678
9041303528765830
1399477069336732
827870139168358
6616420290972850
1134772768745043
5484906290148117
14919005531802480
1066336971995452
1830617988778142
933578635109436
432956098250339
3695498097465265
1733035539190056
39649109744594
4511989733297508
8446836318349737
530096825868456
4484667619903715
544208088772456
5619210878156064
5511527736378664
1006128015508448
661293386184897
2192107833639514
903817396552752
957281318514759
1474324970786466
1950876932785230
5657179224941970
2096491815102285
1392743118132760
1019569721672806
149458049225700
1535487005024775
5009769183117588
404597111563165
4067327129485642
328954356615996
738017912498220
494656284062286
1651708139097440
1681946607950295
1484996960278588
5956348011148056
3870108201931428
714871306865170
443642038086726
543595268433061
3968240895692372
2747707708322190
1271161707043286
1240443001190482
3073707648075120
410374934809221
906164482224270
3619079858730225
867262447200045
977241246269128
3572175681600528
208931910254151
754428139021076
3011100471673996
3660457389968188
3726546951232856
5600207053406934
389686336564424
400918238465706
1538905404728062
2995830420911644
1965080814355856
2845130159217020
775038492235429
2828857186514215
3149479081977969
290222457790003
1767360628449732
31227701899054
1064832732467745
2147559074227350
3374561559607172
3437652330986790
1873061063608747
523770859908354
1512537699183104
79104535966269
110301733813724
202348100686008
1579007340144639
2982908519360925
728617372990509
1013067267559614
1720291720157186
452755759194720
404446943818312
3567817997475720
1355127848936998
199459567807578
1510492459227664
55900492290286
421810562267004
1733007613542205
8537785895240652
9059768195319810
2960660511254121
5036817941887446
1576478630252255
1058894508919108
574568380556755
1745805725482720
21362897037965220
1860859276669416
9522717091624750
3931237855798198
741921513355934
1538815148897336
553564579576182
2304854903655420
1389292137300168
1367378716570239
197174760508623
2650601411359268
1380296028811589
2274171136685985
4946539758040960
2065495101006591
15918510305307216
233379589564479
869248137514470
848515639417030
1760045863680442
2191926282444450
2041481494641440
2229993365521970
927177829829849
1290997702052064
328691396250103
4798301934604528
658948979868600
2022244226733633
2003280170281530
2106141475898886
5369313493019820
1036642767254016
2313772854431435
19821598716008320
354048483684320
2640403426209575
904015618719504
2402348010671234
507671597230911
2498384677097133
3245698379704080
11201929841062307
3567290292083476
6458361842136893
3854534478557448
1656116380007857
1562602942537920
844663378105448
2157959755436028
1675832793520928
13573456992936218
831820250223756
30509659095911394
2601873296415009
643908134236022
1088342195277066
1838779530386955
342172895750700
14308596322699097
4470215876179056
1161939898389414
3434653899636460
2524360071581792
1312181796649276
2419186523203431
771882965181927
2806912434747144
2509020353496120
317924211657120
236020591237984
4114166011924430
105370554216868
2762030753267676
2561312761082135
902606239081870
40516529801378
900186944606650
3976797791343600
3569501912703184
1950001138820637
2187861757621625
328755960629210
1916005966262184
1341969010843288
1163477406559300
8834507333592794
2927564309755503
1521120625013184
1725079292578156
113828337864420
173221709440484
1944385154468288
11445572014947810
582028214138751
2135130827974210
4639782340102802
512589662429173
1297747823366500
7800408997038182
888455004146360
875222076573708
1957129167680346
593720941328085
3004797229786854
2376396541685990
2154583416096210
391106546494406
337023062346880
1950522583537857
1438529589237850
860050661861199
12436402167359300
4954043059377282
2594874906813540
456186044966380
1352003952408759
2252394969206160
1580654552724298
2863984106421966
329708392603275
115817716620601
3528117885779050
1717560158445878
953321216171427
1737414780638274
11794982181266050
1496517873513762
208333667027880
3386374995022980
414675510814314
2995947983775172
245103349400276
2096526986526438
5336030981326488
116150526609507
147176890826678
3268699695986732
48235195254488
968385149923378
3952294243408788
225652644246673
3112622208068501
1863746533044756
8215434383878107
12919426763954942
1271516649637388
1050263508114636
521426757750964
3680087157083696
7532100143096264
3776392569402352
4650756960620550
1003091771130579
1201703718133986
4656096997422210
304769987746852
1109753646493914
1203523491893792
4901890494470801
536507365792052
2034225047705292
3086982662423234
1778890365229095
2579145211654836
2079149541848712
2630639060718840
1838301259163324
1765696534676459
698969399718909
5390981983073322
664632557569444
4312957817837232
2781099346882540
829918841997863
591432172142276
9649173293340900
1758005682292804
1622571868739804
3102907012112045
1014909322882952
5069260365444500
806060490318220
1314572771819660
2242928511713907
629399191116848
556026080311592
2721050104433056
3525783123028869
3429768905856965
6152802519900064
3229362773877856
2557586509660368
1234471726533720
10907065833690552
58320273013820
18354426434168160
4261150549398530
2163874500899892
1613280465211305
2658077783289320
1641964637993512
1471801311917320
1984538467542937
340922852174100
2580632367065796
311297828735592
129899501498730
6758044329094053
3053102273083476
210320703004956
5643817697466320
1992412768941171
6451278336279576
675600537579435
350111521704444
1211145636545012
13058604043960520
1330456520541765
1022934967908452
817566470809488
5609206513604266
1463257660561100
789398421717635
2239647867759411
3386960827573840
125060843734756
7940893283893472
1828603181470052
2036685934427127
74407624502672
4229764711417951
326146849952499
2257916766885568
3618160015259712
175821175493294
229296463367490
2538993606244962
264123031920272
3634511640485912
10649204470784632
1358250866414832
604038478950806
2035343779179024
1325829938361520
280704893683608
1649071827911748
858451155969184
5463009790526700
1813930333753844
3352290347863356
1232096780640969
440332135912640
1902062864968572
570070030971917
10133306778413
1626152870704106
13925438102061920
1329062983916370
1580833241832652
12683193666144760
2478626873410500
5177756142826967
137044250790432
5378747229077383
3840506221909
3528176071665290
9077791264976369
2143040419087880
564647163832217
4990717806498801
66320288046679
6550837507462997
1340827450047378
31604850618604
726604417966889
1479105820370237
3457129439477064
2613903436696385
1174046300495230
1444756417892022
247954770624906
1262182949505988
3885675098034470
1482035149151766
1381010294846689
7179731708928100
14281261410751017
917887895261325
3978601638788440
1344375369727626
1484768439907422
770053318172400
348320543999667
508748058023811
8066699833221117
3648638188778568
605120392048598
169310033467269
3800246605009422
1967990990712021
5610509642689208
6659406868436725
3807676912640970
2558621289315372
800803385041330
14076670525430508
804198168955100
4698537000422730
392601081378594
3609660810367700
3561490332887492
2984802171859314
1200785575615755
1940343048249548
527658721875814
162647536748696
1033135076661216
6523644689643620
1820797609833480
2873086941014949
875385699450256
1955924417272442
1909354570468348
5742761899946001
1046527558079240
2231390512027260
2010021065052792
1816985554251984
2356895532250173
294603497154821
1376250769173317
1163442399321806
4172430457524075
643546336286520
89133584948508
3172751679687072
511665228287944
8311667647980039
6256599287954944
2989210177558196
2539096284085023
65752444322292
4888913169374038
4200854682153702
5420351898075391
1281879496997844
10473476163823166
87514375494297
3033073247105192
1199172491490192
661012672871868
476761773827229
1833296241828888
164044343584565
431762206437230
4776918555888828
1697085056565185
655657075037560
49672688199130
2044260298541074
3130054840549688
2645804254961703
2943421915560948
787977121905377
636465758182208
1929052420378239
2504604027855042
1732007518412138
4553421234753085
4996261634680182
3615005398574562
2519202787217262
326811000445773
2741819921528052
325790765986851
765303946895424
1408261197961374
640820437162734
5308200802481401
5233737052841024
3713325801040123
2247806750676164
5990721094181376
864865893301729
53114701569692
432427191376295
1442558241959210
2460646471841649
2034664143660900
4791450559723673
438951652530622
4658600397160134
1221821991107820
1620552900798635
9589003387476669
792161099271654
2573667115120860
172006067792030
825985932419232
4631620173565824
3636077298317016
187386343606146
2400749412745980
3883425255560688
3516676648573436
3587423889743232
192489395222118
1506219819784364
1482343936828236
424411368534636
4587255420548685
3544599969915799
1339011182264525
1792503176749089
1918913669680326
4756593255616305
1697740690156063
4855786661968704
1181174296989278
324250243919422
2525131924144570
9756047939892024
1841934786755740
863738735864692
235914800659368
341418721795926
1385430435886460
17246797110415572
6699689457635595
1840625248165830
2276058914122329
616979993082951
4636665768556535
1991756402723295
6394481266372876
3886192088368860
268725213522520
61656568445820
311058464100140
632112883326954
2390995965245564
1538793999564662
380900742601675
1551939525129735
11250213243241162
3898043087755664
60650703255502
976146194925555
502156064741791
591561154932352
960012795108579
7912980764240976
1055685632988716
833667165794095
1490926011743308
2195972547919900
439861331923242
2323454512632204
7447398642976281
9228690986678532
2107136737838250
3656074977996980
1328766062023874
463348277610192
4946165982222500
3098216507060484
2428163045687922
10380305943050680
3292060253658820
499879469753390
1903112356203504
2710803879305421
482399374731514
513071891668260
165844727786166
2340746830908560
57679829604173
22292394131178
65191981617028
3101599725804006
2149117049774495
391388017494450
10292580176559168
2006846056950636
2492706940243025
1328341208328792
955728289775428
2709076504235105
823160488020246
3246309833788902
2822990997480409
5971943034753936
522585124413803
21989588036883502
3322312208048352
1134013087347482
317372370797252
2439578160774768
3972954345175546
1374960438979986
6129123943874519
757877410689424
855653652320826
1268328124795524
1335313683410432
2194124431727216
6004538643462730
3235860460662140
3445013996672227
2638066164243018
4878497631370185
4403707537644619
615766168411314
4817493046113090
3037132485933928
8247703448706
2211458467279521
1497324720053049
1957033484361830
285782037699932
2983350254381280
1355193910502054
2185978648824654
2430272988387240
1711620308240760
337102088174973
7973031912219720
2155120545283308
418935050668368
306051221680443
3411263512608680
2145516142629759
1315115725424097
1865416165137192
601713869225623
4000458014775399
422974486322710
1175727553125047
1158804784968120
2019780698378016
1042632382459308
2156806481613720
6707073731782468
419732255567763
5967463910388654
116261460932022
2656298405447115
1417261384953856
1606474610989940
208339183876940
560746198375017
6933285122267382
7454326831098114
4522975840530618
800005387877141
237155096561438
362885332897476
1775011661106264
195186835096735
1810149528894783
855773597056228
599537598994700
3327867446956444
1759284513422740
1480316561089920
33609442845730
1705988797344501
244521634656238
958835612553384
2103908991985780
4444946851574034
1209712994492694
619634231729818
4528176746233476
3895875431492232
3535644399501318
2536254310004204
867429469638468
2736465130023050
5478146235445398
323125887885234
1727844936751484
4130679414056336
989272263938103
716418790483988
2889859299022430
752844436909313
1722330021790530
296774302208356
3618948007875720
4630355855870850
959777853754176
624533302720612
4329865027937240
475477262935143
1774910040519192
129925163971918
1309655260601204
737362734414537
296905268854962
22209170681732175
1757458181693658
2461512968109613
