3171487023044922
1756887567343344
2729663580411876
3927748976153093
78129230260412
570269035459686
2817667771700300
4036493798934684
5810652722076126
3667195704512888
595245137631153
1514582886753430
3450103516317625
1874285495350354
2825941565582923
2049497782862907
1488066253466559
2846647656364204
1212087334640959
818842707233114
1683032873742000
1753014044576730
1348892496531102
499888854041178
6674027308722427
1111721461036341
2339530688562009
21355946212955160
2991379519817096
1709521094582992
1155281023261344
1742690581467364
4503335833869208
2295989037089525
378970746938424
518048552899969
573228803858158
2668785214547092
2264109229226943
2315400606135726
1033797094135845
4978527360392520
247426874242548
512926217022027
319011344420620
2108089485928200
171359579360484
3906394786515008
14604232501729478
8786390111246430
1387920259539128
1023762650839066
1010741355712800
4052516907627222
876889271170662
618198856005743
9301429792917660
140882090680422
1391605134269886
606690960346990
2474330675894860
892212573786864
1661596166499312
5497145581776375
481979452560543
611401876713411
747256745015795
1766255731448565
11269776044494466
5949748262393916
1811879815560390
468067304451505
387877616204160
940371323715029
1097601745128868
257341004684134
4795348785007926
2149971517178832
1698107100027918
4085879240288215
3507442716747525
1349337564956601
824655045804137
981794523970287
1473500599157292
1272260292850246
617882950313146
8592338309969979
21990550121472480
3962395823825140
2028195153495468
571304791843006
712789776634986
386288614997838
6169512244497232
9677091316111190
2071669788948285
3058283283843645
1766722097977323
8059400634553320
3697154515465270
1850892618657635
14694394073726012
617261368177635
880958748410496
297542955486692
757544369382360
6284671186437809
1697810069169756
905482384954905
587755244051760
1003814918784180
833077323468968
1657981757041772
3876986099299551
3020691361252250
3420099334210664
568346520480375
1777819369521042
561486658809168
519839054492812
10616931951799130
888835874860061
3439727639095703
5587414771995315
13579222387921424
981428292201210
1455968112790248
341964303889117
148828416142963
3310830877092996
1010484517606088
3789154277646365
1660917659122692
3114514275776008
655583644332216
3767350539478412
787800618475644
3217112273296860
3787121868085872
14792958608618
2681168627714688
3822691915435305
1011780661006280
1005367197986271
1089184259754512
407897030879010
1385900520108188
1198418490099488
292838079643859
2772387959639730
2007494049172752
5566405771986939
2249026612900645
1706753785600346
514409292611331
2399474982473684
2580734255857996
7362249231968864
2454738661340340
1082846986491950
3427662043267380
1053791357327856
5429192734113888
2135813390069900
2639511496821704
1414953560733258
778479828815648
575449438672848
2035222211321988
5353118467707161
2660765151259446
920828376935774
3121605210333709
166446588290004
4803004490132450
3789763898201532
5446755121072150
1607029859803642
3391161875427257
775173495524196
882659585408020
130076064794255
1833189379898130
1581434113282338
2996762060398484
6725885562936490
944601079791342
88030811375535
5329311743926125
3790220210891064
1547242952335038
9146828190996050
3657872745100324
314299812716974
1856303343794296
1524476550850205
1741104655204689
2496900614182195
1572004996725666
626242307191164
2937194583522253
2197381605278144
1741250509609131
1095693387835248
4016655313863920
3582795767324180
3470821290439679
4997414458314775
4934379678068704
1276880199152610
1743415710272724
950739921987120
999604089829512
5386933082482388
2127903765731092
1764474350967674
4447375235416141
1797972501516111
2722486682993523
3315106596742505
1986007550236840
10217983322940866
488838883389414
6500048001672105
4864562976231235
1890143210642224
293845442859241
1777388413787910
12394360299843300
1219615366143028
117016508031578
2307816153670492
1535679765102052
952306805290520
112934940271368
434695814261802
377347569190118
146936491479760
17433702956168
2732675141753992
5983433807684690
1168685343781014
452557739119521
864323676228006
835346864445595
1802783553299240
21672102171632148
562926053412408
1782813035619126
244604447900223
1849944230387844
133984110140432
1659234174150765
933079843725636
3982811415714445
1270291972307880
466731542621776
2539540049844400
2962877465263623
237582904597330
1735437595741730
779424544312446
2869349017644930
141353098462017
2969581394689452
2630672730723645
2069681857164250
396881533658084
2113897799508936
277630561450429
908895597737374
4727996764486568
1494656253425900
365394635662683
1233849744901150
620434730303810
1672588720479720
538627147167613
652660268000034
2327316454720460
298414800161776
112787929293520
2261352892286620
1344283633036124
2688461264598396
4646849771429184
529964169277700
674619536842168
2932288987367090
362277720203216
1075013262195582
1172853939391285
1695797253830240
3181073167779619
2595037485447192
7099790474568460
783509853247025
3943115164099510
406726197064662
443987063509671
1610203436304861
159187076448840
2006775202052890
2779736022217128
1663707435612378
1709968600862456
5770354240228270
2547241721030380
3102787972774060
333850886834610
326086274120362
126553458495219
2414762624546592
5686336324575672
13386450669726618
3690512253157780
540490598207508
3422980242216192
396716854086784
5111441889781452
744724066962481
283048051944852
1720506159194241
2709016206716052
1156168381343008
700362653716148
80605666580786
1154119332059127
73644118603014
1417388206300554
3408387538800624
1340305761023184
2121382816127718
3885155027825140
3702283842935406
2759752163406524
164095912093573
272975911263217
1235385740101259
3787446508112762
3243583075398376
2673200363875434
65423067859484
4261448455191445
22770486269559741
2096660354970630
1801999339045140
54417846138474
3133984135972635
966536231269656
11723251529554305
2562669257702430
881524546435060
1830004506113284
1145752234835360
1558454637052880
425556406806051
1018260139966040
770044310441982
3488733297943422
1232995189111395
1072316468654698
303186682679666
3023490648919156
2808592019192043
2130595735142110
2429005194044958
1594455706363175
3014788318228932
166735033676690
387800504330468
11697432792854
635260853720514
12556050281456706
4693532256378735
12300828752718922
3828955665085470
149714277966363
1363585538291580
650064329967096
3743741750688692
7137298295759244
5716248684411104
3804635853979216
1884680905827820
5272291734335443
264607628053886
5968087535896452
7494539728468789
2097560208657808
397854203341540
3042139209042816
19049290110381586
1378055846253548
1249189275119704
2911112207007321
4049429438942202
1430628497555216
274139173473366
815198875639340
2517542195351078
1236187793121561
2622133300889536
1487390443098132
24351550621510
1535553543965071
3237799408828420
1591342292950124
3196313843306835
525254880571017
2076188725442472
13991599956060714
5448718538988713
40269889324
17447364992183968
1506928074470208
1679972187272370
3192062138554900
925902883675566
413042330457319
748202621260013
1421829101011400
730928765498682
1604244377786316
15914597782188964
2503354752393850
1893494261552646
2808659416155420
937165182667662
2873699664571197
3128347061258940
2869227240077535
610199049311920
5184276416951226
740199272381626
808087286052396
7304622180116239
1953771620088030
483590699503194
530149807525415
769572552181544
2213986364241381
2031429098202960
979730558951956
1273403861450928
1367989902278736
6987934845938303
736036932219022
9076762970293866
794423648542467
2182400035252488
1290928210417725
1198402250698828
876126368444789
19414151599385006
3506185764170350
1643484147189320
4944947408938065
2458357244623269
9805754818482689
3524809511745275
1104235886336188
5609572882429806
2130584609690027
699672913246568
3744087782199984
1544598030437464
3057936319193515
2921108128603868
54333743621400
2803529161855035
6776290914218030
265927529177344
1635435548515656
3874310411459082
4240380107182965
1021628598920624
5896137889054
4013614652231202
1266796418993148
25264389764297124
2245708238820171
556594578228068
921187358423476
132653405247104
495670150745333
19723746265484940
3814661268584404
3570241728720316
51661845838140
2224610838047856
1622159894251484
1681112578019492
2901423786932493
3792995378884447
3163624018313806
1408676413535100
6826497348582653
1313647349269880
11177915246485308
1399205067929476
5672554509887106
1534476650051397
1961339787385188
2139628143944796
1752912340607112
2967174936735364
5232085390994988
4878383321449680
1075229323204904
893552608637316
2364874025831472
154801245454005
803333808268313
658361422561654
1559037634274960
112741763916922
3453766508364502
2960312880465094
7057775256589740
2811241907423928
699294562658458
3489040948229826
602932027205761
2154845358424725
3060519575234460
2391020097158436
1149537169576000
10883728265390673
159068433949200
9211749412300575
317234179736156
2482131466480393
1473678218698692
1994685342849906
4399361152268472
5357528975821926
1627673395556472
2736786880697974
210172705720653
9364806268140438
185278702822794
620093433871561
175256455836356
803330740315375
1252110536580740
2287001929383933
1639552759158504
1604490168259692
6154152792166430
1813552837965132
564127581136497
3021150732389615
123179604738597
2554907862005314
1965766597096932
1937278483282236
23500426996899
2483528517670250
3215682269741346
358036864083249
254323537207199
1652616563745740
4582426721880606
680035329791784
214257172432366
140297555423640
639828160189446
4005998846558936
3027425708008092
4990653998912455
1048777654609731
5105061526155636
3820639612105756
1016601170138918
1275267616584756
1812467094754341
3846229892270360
3921175551365052
1622600038634456
2870140021993324
2617618100580651
234265620848106
1877452985436274
600570966774110
913675478781132
113444633582054
2154023814698776
10278733933589058
1133278894077540
604810938694225
1754378411930372
1444777930215138
1207834388496824
262923946012282
3849331424758064
1022888429690048
1840565781004996
144260959420011
2784956513059924
1198840210891090
790450857923804
7636206663336878
1158443049513673
3236971791649000
3822939581467236
5886449485456506
1509388905029258
1064267295222086
3707264319041780
6576947357279600
2364270098464569
1458238432929910
6161558871157803
7220781246458808
2240648895239580
8372840900082588
1321891419813081
3051909119967786
417288510943905
315489517293796
339265128656606
3176293631420648
1808971976858006
1753726280417735
652954063966700
1269094158122972
3146865510045458
1759534264107084
497111508275866
1936596175937156
131001789877845
3437408124276156
315511156597998
1521417592731204
1999924885345576
662117674258580
445494349920132
126865216022682
4570577269043208
471300127234068
740169837145960
956811650771040
6191304892132681
2568454034811654
1670201486169328
47061551900352
5576388303268476
2323903740914334
2955849435853780
1754126648856864
5015703717095812
1566379217408392
16531115645700
2048740198207446
307198956837000
777083963286092
3818725079148072
572530668330708
173304379862426
172969068694642
861544563051884
1368429534464624
2683055879564830
687286547856176
4673119130932936
1591272849304176
507505828094850
2971105890343878
4592764429915002
224191164538429
665659765693371
1455549676225530
3013857683384440
2385694604221328
1363836025145540
13449271440934441
5207369106923202
914633203276216
4633957167259014
2643040396369490
7511258140559350
1057917022599689
8037406726742990
1518500079903591
1322738641076049
2873340717531240
7767050132064792
9288376754801535
4077443235749184
400653340760975
4294328890505963
205373761165509
904833319235348
4908696761825680
396409385381904
11514067370767855
3892427613491012
4023078459648510
2757166506013716
801886919669484
2911494671345826
1476220546220973
687486209990769
1301029492269496
6669455064975824
2376945711691615
1224217743571564
4710769663558308
1566372875404254
1240877774519914
1066014260921884
2915746887154392
1789843216774038
55335161372472
903898761861431
27284140225722
121458689148964
869949934459549
849624535281324
339555298028136
1606193312095162
525515819194300
9223339140817368
832936744802290
2230151826835860
685327573840206
5197263441663384
5595062694043326
563000921896464
817464802822870
656316242021808
1071216767185032
4607452759551294
669541165443608
359416379810076
2648801941019598
1654013215018162
2500520751086220
2969330046543000
322085268819931
2088409305505011
1321173154124672
7839307386902268
1921365128495540
3931488209618960
3555584900665851
1630207339384294
14740963569367
6147181240923336
1532861784243720
3813574503603948
799114568093991
121128351273076
7499825778353040
1480177422608298
1754126498518905
2143987973437756
1467190110136545
3031484104022311
2510468214138484
2855371560265896
1865861256916554
714773050316780
244001409405460
3065086520431044
1978369228543755
829665153106491
1019456767340154
3903699374253421
1770227737050303
936807042882620
191150312379880
18900322192414926
7715962602334426
2982298066309055
1839997799152911
17597161132910705
1267513897479765
4739315980647956
1073989936702424
2474275966475220
2700357831917323
939487338747246
1007657180722269
2621811105111024
402981153695315
1075207899387256
478098615010275
569876713414884
3591057946189224
1637660438499438
566312735183692
2601388684719078
1101697564941772
736714449089604
1481765516828058
4225558446327908
3020693901159711
6011663836615272
5249617914327144
710939992293853
2366238629493599
2186895780163605
2867414154743556
6147302916381664
1963630339211327
266696207640359
11396340017145856
3845115377246675
3384330760043352
1589691368510352
267769473308957
4050298630536781
3169451075051976
556523141654780
633305163658330
11190281772651839
56119631312560
1976188836367920
7564154631545170
2947020820821616
1331996427865008
495834799969474
1716951163381686
9122471197544627
3033304203948912
2308343720193861
3393885687512894
5623983743725530
2306702213553836
4950616572442578
1858965323773638
410017562830430
3552471124874880
3052237236146645
2198417483090655
2582262608435460
1573649591292834
4611883673488590
1528777896921968
1141983267963620
555498898516388
1943369091337455
2937247187618750
1998439164565740
4739006277400174
1660982675368710
2492889753405868
74339242014360
732658793559934
1856528795466188
1619922029834528
5330993846050845
64794320571196
240558499229876
2289462654833998
6697785770798066
3892506563764191
4241076024770021
374845962793852
7175590106097
2767218582552501
1113285879148854
20212195747020
2601558250450430
219447972092640
2640112340710950
1186559764160178
2361083156124045
3612068634450840
1763820015209194
3533076955527357
270535238999345
1311029402848170
552035994461550
4875772817482171
2694341762618349
896438405736525
908503925971896
1410014045092314
1277376299489610
563914865274047
3804991300842813
1664039602362680
3641409739516725
1030915760127060
1499918996415030
6677796548867827
793687667939962
796589137304520
627257263749506
5726837966228253
3767234586162600
1565069249726244
1393530718608522
1135728125723562
1002651335931260
304566905175240
374820618755748
1110133645587711
2242338350312625
1116579480086712
475230155705465
3928644762757360
16700207362189552
2044945915338234
449178128979848
763804274979704
2899281191744656
711995978628025
1489385115185418
3742740483140115
38691944509908486
596400854653980
538468434233904
1778053068847960
112914799133240
2138509570510644
290736053653758
4385675284094245
813269090683914
411820629416044
3899745180003807
919376032163058
163292613260295
9584940000676838
1204543924971810
10322985616771897
9724986605455816
1970516446072348
1065820578230264
1695457660186314
680672795055228
573568153965674
683517973887160
2980156513690554
720754038093372
2630250918193079
3910368344841846
1675704029482407
783379673167805
155325351658686
197313264814776
3685036495169556
1139461539739370
1152745271891525
5360055021228038
891999271481384
2671276925569644
7704509223480
371988529034127
896582030768760
7072198866579526
2483084772842352
936627109029350
673803934406706
4443958153405530
1008217492613019
2986414101284710
2834953331129876
323400342270500
716545273324263
3386387075739234
525795514707696
13338988126251750
3267557228749355
709838874557060
2195463520083666
4933552267216925
1848468644452380
2158847878425360
3874696572025721
7427767276415508
5731648048602987
2085953613596697
6614409159421590
135184638820126
3392734066420725
563237421702300
1554938075229975
597901479828062
2995557250447556
471214899796356
146092826733530
214185960174328
978740767800492
6166102644960240
2377259482971756
243863287891815
89742290657796
1341490664659245
1907058899085478
4007077561531925
1327907050186071
7643508246795885
767724764666348
626066116921434
14976785119392180
