4022657132603240
3696005732625520
13335881851875642
2611667783463321
2266661868666132
496352857027387
1865205478872132
8291494467028135
290939959925347
478829808658434
3750300470403215
1772445771647623
2272247957949957
1680193620962172
9309863123031632
4917998560568370
821324921069388
1915066526316681
108365980932658
4809291876285
1166174647277901
1738915304394180
456221330686504
5165907049878581
98085144038680
4576202312511660
1691365233794568
553698595331400
2241907476035736
872944265536110
1503817559561370
1040898852660258
823966184307298
5719353646429512
614908951681090
21968879302021957
1039236101264568
1459264489932132
472888096405592
7157369363715819
1618242792054974
920341530987516
3905885991001952
71185643380071
2811440542177224
10333599650329840
3778059481560473
463785816171608
7157156745782898
4017609610670080
572443748484384
2379274252359084
4795729116227888
3591790378049048
6163085991767592
13587595863692864
2904809211792267
2376110751265095
1543730585050665
1512298975008891
1258410197151462
3415423924529550
3950739745560340
3351904506105184
1602604581002328
363598090381475
4112135885885355
5663691388492480
1082360941558008
4870064672724264
414863640773205
33098766364012
2380386043333359
2848589620620541
1483608767909292
470267992229048
436953511964043
2611370491195218
2572966980690216
1503550112139516
2056014741078702
162491944744416
4934050135494342
1350419236803342
9475883515604610
5241288765015762
1554549834472478
7196266084359850
1011401719575308
8952367389489622
806942286289810
3167201478040480
2547208230469656
2135214777868203
383392622630406
1977441179346512
2496835444767555
983063472032845
6051619837290159
3835833219201245
188831567605514
3060098940180124
958424194098240
3956700887880230
2473109876137428
855698546713154
3300085433817630
1746834723113708
570550225050684
782129629260814
3250226430420186
8436723810400986
1944733877961072
3707217740238859
2075510230481716
1838415164736858
4952042323715038
1265466962969628
214109591937897
2387105196141666
2285382126608520
8396467666630795
265077202339974
2161778315641680
261144153319032
4434513914497584
2480942226156840
410623991455236
11848862685435
1526634817758725
2693637947554839
11420155703883179
2415471297007958
1074467725175301
1437266260735090
1720871499126548
682581293876778
3566293134336663
11499099610056688
7469455250792232
362866425585330
2131738475152803
972450487567534
644228443694015
8532315866977632
598352274053013
2900685875734775
1659763629890761
453377565374670
340433470201237
3725122220014596
3201210419029252
1686157735624353
227558162828445
1830247998412314
122199250529315
5776988920513384
525984829730970
5346925942280976
7736341445668448
22242056622964
2077887979846010
7090061244496027
2289027088876566
2769346465653076
419379526684962
655743430537712
1801326276938080
404642741890142
4818093018993510
5446084899521890
73406882713664
645370803908280
5569710033035808
1992990996961980
3604640477967368
1211313825068922
863364843412708
5546110338701754
1583852752763973
2405861384858389
2680967387263878
60398019960745
1963917402860835
2547385779314109
5102308147694010
1257608252174394
890124186945049
918012494185674
64850689624575
28424051733808862
245384539695952
1304530756394345
202116624651221
2086576865813028
3751012745625744
2522376591312296
2302975067697150
5291200616825142
1829150055368642
691952789356986
6100646782452569
1609598646968025
2585872458132006
5759860874887416
1538494708568344
3459033818626704
273527294924600
1528833248359274
2171110232380302
21377854733147111
3527807892498984
1218758672554416
2564879930347038
3201077528715431
769871086830141
12127621880622378
3382054555887432
3613975613941090
4668706494782242
894339752030574
4332219696771410
1197882769845560
9302805405980244
599315146139508
1404151965863428
8138014311465974
535401878340003
2054298242779936
4007434096939050
1745202771097632
1229497711105415
2364909136656396
736561263903744
4963349139721637
2584436172934407
3254091603279775
1734511274604549
612046858113890
1422122513210927
109424191039725
5287198290130361
1046228776934577
373879038876156
1477293592787494
1768306170291316
837023457506678
2008543301957748
323746333722475
2046648551498295
703128589214398
189432825658296
2665454472511804
1129989521921252
5579488541406756
694476291875943
13009906500434
2620729668283840
4869977310053936
1682360737589608
1633264394506692
527976316529396
1895017157117958
2435181052886304
329708370984537
10516991377802672
4974449786139442
2051109654065682
1954274283134274
1041522885581510
616140591734715
674285894053796
2162081244774865
1414708965107996
1316797382845552
450219537852420
7947725762656970
7140510518253000
1768735913184593
2831734718867535
19308750045092510
1393796017869516
1695135197638475
1452231992374546
956919890213308
2655188850254460
3667491379004412
603329089025753
1083440351781033
2309529864937267
3332926843571080
1897745438656804
159485397542895
1879457145582888
726767452508888
2457570582648504
856432091913892
4361019810001894
2130648449383926
3081981829190890
2454097018917393
2003554707165750
2833909231133980
403813776269539
660284954065132
2264871626461668
2795205458661885
2832952381209132
4796825737314768
2691256166665635
3397473139136230
9571186931330811
1632949653134244
71820087525891
1757693005121808
1124035914874530
3073294449970020
1029033017853264
7997399127912266
1029185742237355
1863978437832396
46633850815366
1651697459835164
3280138483172
3638535556926235
7849216993212712
1205020441672514
857569858739462
932488510830708
3358412516765253
903748911166656
4326798548314620
287497301544080
4815327638383584
2978521387637616
1852000227013110
810367989081798
3895299494333296
983108769814415
1696775166861168
5165779993744974
284419469285845
358166791806552
460628250826476
735190680675586
744740075329397
3397780392203464
3757949538177320
3716966660698245
4295813154177787
906952705965724
3810251411852348
3024655313804082
24336078520869180
1742328485601288
10866184928970700
1722434052634188
213063769669425
1532416564683072
1011004576791565
4036273467472770
2337636375012232
2958359972431638
638454255486208
1455212612872972
169470480876984
4007434080971425
635872259302098
1522370365513556
5667094183245246
2510843221133970
954183619540362
139318836004920
2169645417407280
2642799632152752
2443321493469492
1652692611697935
2454777581793363
1784434789145440
2767098983517585
539838349516054
34262463390816
1062878641597256
7527012370118316
3437671588664278
1818631691709372
1210132606108294
4941095794092227
2720575307626456
2715772500689079
7443817422082888
394472930221525
2529604682821068
706224108893254
200483659028374
160475137437867
69788234196350
1350676354805538
1562139830397036
8846377592923794
4662584964594359
1700920435444530
1828103063382046
1172964806508428
16099563091932
16877521804616215
1258854859900084
6416468009133609
8528689895317124
4889591527948815
1733264310472224
959347800413984
1780611152220537
5809264028365824
410046596907796
1115950771174983
1318323593954990
765807676526302
169887352826010
805773794167614
4979236404224804
3293253065677278
209300250597352
2490066165441655
8197854710198568
2527665031282616
3179065161294783
897835632072517
519479139506840
8275105378388928
23975320210754
1396723523005206
777357814921824
3640002074162538
1502820212317692
2707367547988464
1681339560716520
423159513817920
4719171614647664
6992447814727140
301069211422644
132052349939270
1573133929482645
1367565065588912
255028974734740
2159888720813907
692691600877743
945389340803841
3751424607998648
597334670623368
1507681371239845
677757178713842
335650654852213
2627548969263684
5147405391359042
173544443336396
5302550656140339
1292823965320905
2139923174595636
4908419233764910
1722246152177172
4310382809813103
5041000060630944
1131570296535860
14615064774464
859771713148794
2034360807733029
1708757096342158
3604580479261842
1218754223991664
5317350986954916
1223290193884014
2127672858926475
3058428118085574
4156652359178934
1816693726097542
3912688926178182
384079588345560
1679671039748808
5660401344792498
1459251599717126
4002142979497345
1180200051441404
583000361019794
556857631475522
16838853945352439
4055052938899744
771276987593814
701333105024631
1419756346794419
9604798647105598
203908413315046
700936216130381
24421547011159519
5984225157901452
835933752717338
453938611258628
1468296944644218
823181310549771
1048126193526284
11542848265256313
1677080869265974
1273332232601408
3386687111497464
14972911760908740
4232896575542824
2341872657972410
814701413120868
759850772313141
2327332255039035
93640651984611
2456521411832228
2880968789046945
1986379536452432
411080956446759
7576399906309544
574607980661900
3160885983318560
1350501490597974
2442153617989544
1201637294598556
2615764872435105
46009900393200
2669795014545464
266216508580866
158978640998120
96201386165176
19409309193326481
989921608103628
621923060717963
364728299328134
9381498581789963
2127734153925660
2351852073377042
1064610448899564
3850409346259424
91960006631910
705094106792255
870261120063850
3016197529028976
57095776358871
1825208838769155
4117817104877866
629407676506752
952087249873684
955517655630494
4035874376543760
854806931872425
8025090724916046
158276740436818
987163910882873
5736537946413366
845397110217702
1118093557590126
338420996094120
1491763407048590
1483249381097388
953299344074352
2312326004163180
6054384653520660
233278436108988
2323686100695138
54702432703092
1260085056064407
1975727999925402
2604707897016189
4153447447307630
2666509317607668
1134695653300840
11829997285167289
431855082566068
7822242864800353
1941769382075963
4561065483705756
3145038250279854
1595483399003922
826087409530293
1545746939027212
1224472639664892
3843532470718912
645445570597804
129347398662540
1042266045501128
6616495557122891
321601826109144
2722244104694
2593795191578913
1112787338556805
3373875238642472
1345480578996724
5814847519816686
8408055325418217
811875761899034
350204255989824
1061496097076203
1237679160587770
4540717043007745
4448648972489466
438326300826624
404184184012525
1225795792628472
13394228582901456
1058723204530488
453217013288706
271640821480234
5567675984881451
3338621566505591
1352206263626672
382904604185620
7642886926678110
1479121494300724
1864001729256944
228321473233290
668787090914050
1562313896382725
2604898329189264
1468413977340158
6658121814342684
881713025373845
2201095654443173
4619956658761560
1321247926814118
2524189393763832
224524592311020
881474095661982
716018038435707
4206044087886944
1427136938020410
3289509741111984
5489881058439902
84162457639784
1468067068627587
63382446549765
323748004569828
4850142589543853
590463389858964
1064998053077900
367803313750290
2181339946761882
1484153858672576
4518564381646090
2453985699869430
2424186777120424
410471974145868
3876220459891592
2557827680783620
6842946837674934
3396491753410368
1602871412034795
4855295511735666
1789779514585581
3481719744614490
443192737260948
456836639801684
2445559116008736
188600840680851
276465522192162
2784566883942999
1539802280288935
5580256703224790
5233249693578324
1551375055207773
2783485821880570
286425826568
666587805099720
360987425264301
309529264876964
2151332824747479
931111114508145
2383703808480904
1101854600599748
2214125457977316
533134640463447
1886588741124884
1480684341058056
123339288124401
2241838273963236
4036192555363304
1638706360775659
3456646879457688
2701461834153015
1621170164278108
530469091597220
1537772765610600
979031389864516
1113103954002325
41157930036030
421007516795805
2429762673404849
12980414580923196
1359988592602552
3068144910895405
3644405609511285
1174989783240572
610446584105716
1311689208972340
4629719757262010
2409093725403000
1832256042118680
38351027663325
1867726241514682
517198560324963
11635483780238556
854352094886920
6326329655366460
31488079690344
7276687282354527
399353928936462
1754913185885762
502127096764005
574372602544980
2918400432522405
3199121588717244
3221355043287870
82317286744824
2443977129729633
1289758133201627
2284899142749573
153516454755029
3545227336595476
7392945612372057
1949758380579370
2476565140704525
32009190972378
1112852292860517
1517886385240126
741467020450584
2457888810893481
2208506424391540
2067994567854219
2521956583105917
6266485235573324
390342556647968
517642925544110
1670028758949312
3809165205544450
14404294829266384
3754792852463204
7185324364441768
3689302359342555
2047910494494201
604288484294456
4704379993239205
6477141652319701
1361175201594436
3661505444663690
4820956911397480
1604409103951434
2681218314897006
9388066727620870
6649104871063854
205874128299894
699974056264296
1253653910077542
697038264147728
964291295623096
203745523805338
3504426927435364
749228052736104
16107231560122470
1704978445869396
421703761448602
2554892368972676
139612279366562
115112735574524
7227626966649243
1362320974138545
2171860045778215
1397534695161696
5559786513128144
30208313306061
2891831479012770
258081329287893
1431276028017060
6465345202771158
436540960895934
3206873544028824
17917253200058487
6528260458997710
686018473510317
3374312696142074
2575024530372876
3794553509770584
134225769859248
4887569842362720
1204371191810675
697314881587882
2905993188031860
2341434485091861
2188500861682818
2097672084354132
7416203111828313
5343673610872480
1187061220599009
1000927047303846
370948240843851
2483608303722232
953753429011396
2684312059703136
5053366893794436
3757901059396830
7272476074360448
1650230765771226
17547761444350263
2576130351657448
21187227023559733
1043785106025908
2739402129473424
1948584188470622
784646874091260
2954474232885148
193938090322608
53678411580654
863413098246054
4986805674570800
4214803979129925
596990383579722
1420893042323096
200060533178673
885731598069164
1681651734358845
1932385771546028
1828725444882555
3308255010418230
370255329278786
365782311636345
2060344747499079
447023798409024
756106439934352
207530409594672
3196172808004130
1633998031098682
1532659433948416
114916351696758
1057490051373676
2970390134025553
1017755028514668
1691368271199423
1258520217963004
2062254722002728
1867015646829918
2486527519191415
594307382835621
3321328682337243
4474102387960525
2382498930883920
3804660090046904
3252118185117664
157298911319256
392614932336492
66897838586580
2641508946544836
827567372767680
2625961921296327
276437277612473
730237787925816
2741084652022752
638192081459065
6562661056282560
3047417139797514
197006279577656
8190905701119732
464334932756174
975539448405783
5645994128923312
16023620840321786
423451675368112
3446852651685576
5301443858690
399485912148235
1285037608381285
12398147533896707
915948217580645
190102730439492
248839335556359
5251212585919164
723637221293610
4613722819340340
2581916474779610
105757141931528
1133415910710338
208539536983005
5743513507327750
527752696109024
1467945459362018
810456877619544
714577162854266
1403627651416041
2574306589586400
126960390573697
921895098567421
1713075991042012
1693845836196724
1524569005056300
2794444955392372
363572114427470
2169205948872045
3677845037126040
9423520317270156
123123154439886
326014092367029
2403773565297819
3378779137935656
2107899725754775
18527951202520578
1956757262198409
1321213599390848
2529038635960170
1849272194549295
594162231668028
3332392658105780
970313678822944
189389466368656
1130828004662115
1104326761444184
5947688051326608
4940533386132071
351745308039
569941217935638
1419502005074463
468245789382927
396235563278826
1718780803354858
2807350240976334
1775862326908970
497869380778764
1594061486897754
2812876782729201
13594866321683210
241575904756770
496927059742596
15281845859176526
2163215880783904
757972325234534
3209915040302187
2939302772510352
106702912977730
175152821696180
470240298690204
10353261689483621
1979092324702010
726436690685750
3597999984755570
602942086728504
3296885457369388
2505613644017830
984338969138810
1476307738352166
579994864129540
1645507265288246
6928368363398599
19726397589549120
3086432590353184
3468392037815644
11640533351921958
3601124788233754
6047698157837442
3382037628839212
594642781945160
771461301807538
3866772811325039
193059819510363
1141380807218442
2891020728898216
1831049455461400
3509527443740060
1053296848480881
18982873026484972
1712266775716448
2957381443891881
4640561045475468
3862091787473137
4699392961659360
2688133450627155
2607693301208885
1266627805704642
964730330939313
2316720607862040
7681196642648510
211529920790370
1291828350647292
1650544322510268
3938775001275093
872059040555766
1872825324774750
1713755403114052
15405193398531927
2676126300816204
1364973455665312
339574792163776
375766033969140
2709873533703936
2281701951874475
2105156087649684
1291474941375408
2465323819039300
1602540725122228
259179389520110
6788099619080
18316790146685920
