2700417744815366
3997075241638956
10529261138197116
530700992484684
1544885756807876
3578467864500942
4566357552452567
21771284219462279
2896837106550168
1021579902848258
13853904758762146
294284690357574
4527457447891256
13465754835045455
8778009339388320
8088071000736900
11647289188803510
19371648132349923
8310576826042828
770655005792424
599230732789920
4706051166739152
868744438849305
15710745551124648
2166834222336317
132206746344624
4953290455734503
4153814040050435
4276613209021560
898546212121838
6879643385483176
3879921988425084
1305246025368235
5451517645491223
12768214732723680
4746854459873028
6792840286818621
2486378703892603
64787559652720
7058078672237724
1499130909933134
6058401043192441
3227483969002212
6265209539550080
6118274925465954
895698237966480
6424159217235744
10912206616737288
11210072217232455
6525376702846162
21005452613090374
7833640186169236
18175384428702066
2988020059766902
474360154547181
18449770023593853
1183584625889616
88382178606969
12374162498710278
3603549973916378
4979836766672579
9256846899832140
1172112027231632
1704194026994388
3171181317346500
1278114439971974
5717771033888124
2569715827828782
23314015118706527
6212293299546603
7796405575234889
8814385080254368
14039848240851046
2148755962348432
2301268025577697
1050479883332724
2464655206003980
8477030101131380
20793842042730
1081570528003470
6537324110397410
35079337964440
23001036738657644
743781325438284
1172977613294405
5219198141084271
30661224924655
3635339746678350
8758568204134965
952952956418340
2675980619914228
14188464649417478
3760822860264960
3356534381385300
13593844854362949
330889623003362
2979152367656348
18071860918977016
2208232823434526
24361388466450183
6562809158761502
9171687568554147
26755956897271108
23362183566149846
10169540884456896
13657044818086560
21939098712714259
3415842183472363
159427074823417
1837067675246566
8203576582136199
4987018108080502
17473527327453603
13506004202178411
1409396883682716
12319836429117530
1338392416311328
2385011645885946
22388391695260500
4212749503277934
138800625020519
1992137824204713
3870431397574970
19088934608085573
6970283890038648
2791725164279231
7231873386274458
12491361003185098
5043139753800816
4817565149487552
9863205967495736
5377178281818314
8731394169636672
22683908633445662
26643595597485592
1042454103253344
9041272244329065
21676350190575
8938533346348928
13404562041646152
18539512125159054
1385473312929403
8376974317022905
196134161369574
1566421420761197
21490964695398878
15890070034384654
8911868597958920
408227773281992
1536625283527224
256155684976647
10497526732987016
1629372548103615
9696537538270411
4535859319618185
2170770089702202
985895502621337
2049618316672326
7686797524625029
15407483144895450
7693062654293456
10388231652411570
11261655268080210
8976869216187054
4877267584245237
26119724816656808
276144807890883
4830581413813231
16410468344007024
4767161705909895
883485866913498
6340276587992058
236322782844232
4741074010901550
13281570712778759
11839357345086874
6509851142083666
3725787374330763
1400977150281214
957221096374520
21075928414769835
3845699248498781
1039836472758252
17642511369572056
9364796066766208
24737613112571929
2622011312816308
10279203806807397
1740048660279210
12039270649967288
8323604404892218
14311638400409992
20035272954118389
1883548252809728
4754863255844520
25991429035423639
8403303385936160
16779745343689410
19006563940016788
2038893570980064
6961834627776735
30855660947868477
2213974714292140
28557325204637680
4033632806564580
12287606054719734
2008136480915410
30509205518875380
11082618578394556
5349149328723863
8374311335877444
11256598947898657
12748076942751018
24737767577778289
10325356160364755
660632027733243
12165496156818576
2452605470083263
14793921745521316
6267983351713180
1888953046265672
3471610102469661
415008904837527
12658728521904724
2541816153826170
5586792124921643
4706897017633334
4161365450267970
939956856196095
15280469225191200
3459215221748261
8028356546902328
13061088945450239
1933128013687530
7380857121396064
12794878170286600
12699365553917786
12780105167870868
2533134427152300
413321352497225
793694160581280
2549821423710371
1491047015837772
860323604379822
7189056627036696
3653855201496659
3912596357141950
18298488112298134
8078157783858926
995387473978072
1059875459121955
15113558363727770
10097855280677482
9593993988253748
786566298976980
1766310339991596
5637290573149512
17716389316236240
20342460190552303
4711808676961333
11729094665262048
7205462909976875
6016924809475326
6003039264383025
6855637449575518
4577828588423768
16331478141325320
7230934439225777
4637770591024560
672124453245984
399402384020034
24954974721149499
25364823754694004
9393635548734983
1696838671452129
7698832906789263
8679124425110248
19092049345039775
6515680088907112
3866143976059706
9302905615330572
2652288081430482
13133177917362362
1333131147862808
15256299701747147
825478912603140
1117069786250840
12638461021329924
194204169856950
6304554840245460
4871556080643060
977582851772268
12213247151052893
7252923444284232
13012229460379906
7354432793113706
6986752156106455
9374959830570518
3611333453936371
8191243231445653
7733469160817557
7011490219327565
13361077287039631
11782089682803876
17451032171131741
4837333598518856
5034338261692672
1163593279318248
1575887413234938
102201399435660
9129487188769620
2578240975317515
615143030174760
3977560518411183
1820006966840600
9966914917863552
6129685586913219
362901763216170
9617686390960412
66109646763375
482686449394320
5254550492556976
12906013187646901
1571012907855272
10229213842045187
10448540870153845
868025846086654
3291951427803976
1904761077435966
2188604273447919
532437506485098
4066317051052400
10776848394115181
14908618325420376
16160909347837250
19261708791669669
12316139914004
1057196955331167
1202274334888780
11672093390647734
538884561443845
7321891226386487
2688989305837076
14693490786062106
18391108855013604
14226015757776522
12728371547280578
25389651420776321
4113736164129438
1074676136346617
5019559304408220
19264585201980208
65792941937652
9347591871928249
1445361965625336
12044272733054160
7402635994287099
22102714908008826
10191833781371991
2405484388722888
10306790256388049
3636046215062996
16489511610602085
3855527695151306
31433054777212405
725571927722538
2132985196090512
992598393736848
2525849356580855
6013484058756213
4192673988597094
403987833327570
8058803280717657
1665551012636855
2432258532909290
675727692507525
2956012886132955
22671435156329991
22054216904450413
4507228419814377
11650519898257041
7963179873437227
2951976708997524
12660022663274313
27420848586690818
785842506260975
10741428804209148
4119873026313296
11588037549999010
3058738233768864
6549306998973166
24420112380074176
6637295424507203
8814656408619973
16169907776732525
3913395963628800
9023034910584866
7279910784637074
12705248225887864
20108799699765370
304336783683610
1056127796807138
14383659251887706
872393528865198
1886176501307202
2633135874600240
7815191860585758
5999283571809644
16801226688421007
4798305902212328
569252687811925
497046819153420
3748743029123023
3971989857393542
6479750666029550
9166132350010886
5567819667044706
204464849049720
1688198531139709
2514030583752094
3279066016451026
11255076764221600
2368570991299942
25853045420520202
351421301057544
3963232103189888
10526239052189410
2614850084580210
3518101059698181
387953568519165
7242169408724340
742120487615457
5583137706969600
3536278408112072
7735256799398793
7827781657521622
1368645149472720
734688217905502
514385236391671
5483984988334383
15689125627225520
28356662300487944
218401976073504
33197500300685
14705163977527560
11913808493447072
1782068197865309
19131365311852016
7265259983869020
1563542288049700
5330574231286808
5807646099035616
11567238693384668
8765249028881904
818799210624320
25847870229041423
6222158825973579
1567259548084384
9513188166006294
3299531000943941
2213777821217358
588792963494769
1833914339306821
7713928428173940
510751419755528
23634655210257784
3343059902026763
8714755406371617
17172066352860730
2930850266142300
1627727878845376
1158180817517070
4111404184511596
18110729965015908
3607053509739492
24911728320721475
255111682678815
5821440353790432
10603388793502238
3007487701904252
15466135200193406
7460309902603032
8061832051006449
18334886365331536
2042106925713256
1923437624304294
13863601737154136
24863274817149700
7199861719792246
3374305171333572
7733809642573603
4728631334945088
13732436932250090
5919691433334494
10899610076880042
18453414700071470
6088186974523363
2492364386092632
9769833513879824
18733707769308840
12971089133954653
14623729348150031
4343120835783903
11821293859219038
9480224511076043
21570421571444705
412446793424988
7833072088450476
1264372963297991
3858149643540990
20346403402981721
13537253548709280
661772587104030
13640881493560302
13358086734510
6784908252529032
4784981754670996
6655472363806848
12508097464971658
1665778395379826
3102071983291523
9492768533710484
14644151617796154
4427889941558446
1594653708881909
477832656249354
6257213505314724
17935635667083143
12821006796411284
7412356960353477
794120428073952
2866184044465110
14158366598922752
672716052877608
11271245341061807
7028474052970089
6532619423204116
461140883210871
5543864260166027
1848547240143128
14114039716736043
1098479331472392
16760785200972931
24543393383290527
7015167257417534
2142575091514221
9522475069694917
8534985434386336
9631296229559997
10636308362627277
9941143846963644
694051189501432
9542875412288416
2951223279751084
2090463927545953
5086635422642865
8137971448862346
3167119661448294
18921038520056076
12720047601789824
12329078123002833
12502938239837136
540296160398776
494865888711120
13802022749118410
7446832589224445
2993482482614820
1342553844551040
1849131251797977
7614243527765280
645284468331975
2304990926939544
6758879072372946
748748637691647
7693090977729852
19169498755308220
6243921580222967
8801775147736650
925706855629860
1369168984286150
20015358014928447
26076810895153778
10609874397503506
3636954958306152
2113164376505544
13385110698218437
3180327339139146
9703835171185176
1187436145303144
16965809054556518
2433921933482795
505027697040633
9014354549422727
3965238891647264
1393923191571712
832345271934840
7663569485716073
6514449900941632
1460022605810230
487495867637828
29611140968413088
32274055116361761
1214043814513644
2971237826702110
13008686243607054
5480159682239172
2422945480809923
436572577048053
21685946832270748
2396788785309183
6606696307715303
27242845965888566
1407736404520684
6858470748280711
34207476495396303
16820697466947030
959952162181441
2376394260345255
12821069266873504
209152726511925
114321224073654
2769452273484511
1445424916169817
2498588261528611
18039785739108512
12972681637631954
2784349057413042
20840547850319055
4045675098796170
16198760778087890
564474552164118
15629373914393657
2068401444978024
2930592792167080
455994599602622
35749301828856
390213662430660
225929297964162
13540970265093760
286075589202560
2903616091869578
3418158799901862
9923645912867983
417279872855620
20457976161645638
2653385111501616
3409516186865687
1029287608563744
25606008896676784
2552613403356623
11911354741423782
6313006949929838
16898812943931521
5849375788434080
765076113400737
4754916821381160
13596488732859648
12926371382175283
510987379245606
7805645914543596
1221938451028350
3730255070495210
2970495470415726
8529952069269252
3038983891575218
4430091952208214
3528767988649904
3384479916584360
9220204426230665
5521590349467865
1152386147623168
10970386279988280
8812023820374740
14167842335973326
4366251678430150
2861876455678020
5222175619430830
372469396221864
767657107937936
17606560302059904
1031572944352224
1422059149171760
3253384242324735
3627157130855511
1049767433516988
10888986169571580
5784485121796333
2886987070919133
225885401221212
13459501732513608
24879825737522944
6952677228837865
196004314891968
8509169602314330
3318538219935666
742829573766345
5633769221876094
4600896594183000
971913032877480
1968341937302797
562119375691391
5021146304513766
20629871109116520
3010010730833050
4579062886414853
14362120332091790
47128609821462
312293286401034
4397524059512748
10176714338914288
9950797220181875
1361910768475334
515727899804199
8046391966053952
6558219893824077
23145882845044130
7789131684631607
7142851807010304
6866166696465502
2545760230443799
137257013666340
16410796915629408
177947674812888
9817183312524876
195329240107472
18551603963162407
23163551351867857
456996828088488
6905159067068218
6680730293974030
910339685179115
8439698826210857
85799468893648
20030112477753300
18766971713005092
11439421019120224
12688560350529488
2856887925871140
11490330649675996
4673257822524768
7043464420585601
7536848704638876
185617709610993
4734639045375714
1599303400728012
6122175985148390
21108146640871057
82061870236240
12226025379718980
12025760859547708
3712123922235630
4965945292816620
5235574483986860
6878805294850247
930276599084884
15527223784425149
4019923949823525
28626085370478087
23118404936969132
7294441871598930
6740763082600407
26195500547575226
4330616467649892
17405546456887698
7328179361544837
12950676654096151
9968856455049528
2511399765952860
2039261566680128
13530088477029813
3345616519903697
13005643641182896
3304341295579116
8786441709898085
17667646148744199
3457175795745101
17501823870007905
10467665338218128
6862583208984877
15431286281243820
5329291732671192
8676289654285104
853615948757880
1809478241959624
5293436824876863
7802891868332131
8248487152128509
485581630688936
876469488094224
13663318294801825
4750985612801632
1650583713740892
10942848279482916
1730247868176732
29251131807262106
1888790612874940
3928442120975928
2554422277364640
1618811129383944
13053452856969798
1265995173200688
3998035945703996
17859858544963822
2494532025884092
3018955481216125
17341689067875400
9421993373101025
3185521949260518
1869184184756490
2243577741615876
13438127523732498
5011157066363168
1395111995642502
2697549348634545
88146944918952
17546000320123640
6307157135888224
3069834169491606
19871463519866025
27183196438920515
1601667265504830
861158191643939
4994654642563698
4767151107725228
991227854743616
20175877309891116
7195197697198704
18798592368252138
1973308476471538
11769509923020396
4967647665733930
401272376357097
21476963786591859
4579774298408016
3884757621848136
2602869668787216
544015634989200
6667172068460040
3300177157648068
27268589741033083
26598630545710968
2528786884354570
22041613821934766
2244056310081468
1552973298494511
6045909009426382
9395083271544927
15119665724867106
5701515681925718
8772460967461280
14839256195986608
7834444353116007
5675267127208554
1321503273298109
4704217927323218
2856174011001252
8004811342581764
799836594822732
2649349810955196
2749519630213182
87132901234925
251556093343170
5602830266294703
991364958545884
5882926984317664
11991454997549872
3505271904725416
940931858393280
2711654494340220
2819679913761880
10947606668855840
574564345544119
5673806326773863
17771939861604472
11584520533234327
6627331445604225
147911083902530
13735199302633071
11067392240642560
2236470836128348
5550586146093573
7633303468786940
1606375079227408
1466588192301880
1859146352764651
18312804563139242
7166512545515680
8136273930947160
14260992961782648
15600399408434005
5753737534041210
8560680117081480
310853282754194
16625820646631553
26385670794876873
1051067145370044
36627699617802
2218661501515886
3606468753901845
1349889146740534
12085016107600443
1047925467106830
7166008662646920
1071335463442353
7879819407796938
10522179895946444
9494136160408770
7455496366716920
4770865334521827
1250698439707056
19302211312216000
9823310001061156
5811343008260430
165387862221878
4392584830012526
3709987500953258
7890964610315462
1779361758907088
3250262224012074
2568455989686895
3447776629217165
2549434642740930
6267705555214138
3621690371392438
10147232270328404
4532238652950497
261321004104082
11522953972513840
5946559299634486
3058948389666112
674903809631020
724973277452625
9903780192568545
567109146891063
9927732817725959
3032422086374422
935626559281018
6829670492643815
8300567639228444
19250681523423506
2945283090730047
11338151539785693
3040648533460454
10417007271956605
18412730543656857
520724284971642
382719953648043
2241762895144332
14217115058406006
1401894490593905
5525551572234942
9899673459303418
1840063546324653
12386544347605764
3620735104915918
3556241086558758
13990229521855830
6321611911436388
6963626782621377
10136527865379605
5880255494587732
10499366400217900
3241993199484230
7923327436277946
10945304840178428
995355992936209
14150969105427466
6119754895214556
13442543132508699
1752215286273989
9297921323699101
2931017716776348
1073765733394456
2101250671437800
3193662161100444
16291864921015971
17622838720618794
861808968462819
1932288986222560
1075405910767413
5357365028131710
7842573741985851
5262043178269504
14997266946766834
1646575843813218
7450389363492776
2441328491573980
3957876196206534
966241037370145
3255039448486992
2451740242265099
5525348882200613
467412592856070
4444954072455171
900663681454890
7984319766970605
6348308114308333
20184018823252380
8030624230155906
7624738045408232
