2599358555217005
11273796169761440
4532866359172879
7674379257017107
47608038911826
2758399261244598
10531920096400032
5207466719366174
3445406004113446
10037380856700824
16843434140814432
15242172765324506
7061406629881406
118088396475165
179483133511890
16635282655387160
4053445939386543
716394836573040
599509706899340
3318486642316397
3845297573674074
11943042260681068
12344204874122996
6330352209102645
6284388509658342
9105667235534868
7362946449835754
1938697466810814
13800866665987200
13432540375172761
7142628895147033
10826412660014705
10287466440599840
5160058618062042
7888676881036652
6454171523806350
11541347989535302
11715100740665344
10695353714185252
5798225308654629
8333953532795744
108691339016656
5160564464297918
2195137123615702
6881924711935110
3375572123432772
16478053841762046
5533278425031360
436448034126127
6510019643615672
4191165685877716
3025849614676614
13473796333896717
7332705577452347
13506039168346836
6458351172640506
2532277438212814
4359107240493080
13078117666381792
1572605633467554
12115555345618915
7565252816658293
12329100669954532
5996458077744344
14621291729963006
15328650536177338
7191910666436474
9118769267695440
6220893502043714
1472111117800836
4313571454967414
947986264898160
1284338348407043
8790591820206438
2578967387652291
449676988477143
4795307115250172
983702693527248
10398330894117864
9685194219738704
9335720865217131
8392439395497100
1367667938945214
3645478238870772
5367957104843634
1450911839637994
4154680425889344
6792133018202895
773587241041203
2501165318119520
7549599914469808
10654596319565259
3240088612107932
10158816655299226
2210456696511312
12135516198427780
6941372658448928
2773078846293158
4775041497852870
8188812330732760
9705987229128229
9192156528743985
8288473367866930
4127585318591406
17952961586353556
5030242088283048
1388599570187208
4785675537506979
5672913695352228
1332850487402248
7722686351360382
3142603517790726
6699237891225326
4663664601028184
7506059969589324
3214750036098511
5763353018075352
114444369870190
2019451190583640
12009604065726304
1841862727288552
16457935490135106
10007514400028858
9295876816828820
2652508858539600
10060083836253328
6429653849932830
15117469326530600
10542015451416762
4494400674997396
3069618624068451
7579775061659844
11368182386786440
9823690044764664
10699562611666888
887819406921248
2786519947858720
1097823157195935
15044198563744812
6031353933668910
2165497326347758
6526439558673900
15911457780352104
6901623379997468
8354583224322608
7682035725945381
2319116522449185
1033079853608446
8355810498189852
5977623515136115
4603226524572891
12253019416319576
10548203128710316
7663501471504950
3150822371138075
7384955164135280
1615345105321968
9926586701617184
4421371016347246
3117137765759982
7966355813476722
1188112216948272
13689284177391952
334189390134526
14188814282197094
4310420219369946
394066547040292
11791076259049440
7691538677566579
6396544121513592
1195441430166757
1809723453147490
7032554609113578
7631165850248880
12824673626310308
4524332877224672
2132998366738225
13603011592562582
5873529810712559
15819123189273975
7803703580171578
9492948266302271
1502198997828947
5125132422237924
4664434527452073
4557567775778550
3044978455978962
5196811362207720
7929588505640928
3411482728544982
9692233955923848
1972161675442722
17256075120905816
7107997609978376
8722053442163285
12959294673464673
384123808960777
3693439159188546
10623072661892380
2173470088464768
14630623914780403
6406656624182008
3335655848690574
3644528133328045
10912912668917616
6549081009180626
3389325948020276
17229887091347366
11199571073959044
9841681131397096
3722177078093760
6583014034442855
8649260069930667
1996739396049684
3737010132811572
13953811641808086
1016558688555080
5777403280738055
1129932446606355
12955913582208315
7207836447868489
6862027260990344
1291926291479760
13102923667682520
1956489699431968
9763195500081832
5069648330900412
12365683303780997
1336532709305392
140122906373667
10409972777174123
8238162864210096
3171962612518452
11803563170484813
5252766592596240
11347673124117528
8148132383392239
6036372497781836
2537121126081458
12748191966110555
9812730937361073
7619589215194532
6849591037622321
1223843845867852
11854592768780010
11100703299611748
3284970375486042
1498192260495478
7377284688035678
10243857876024674
1814606544446066
2327714809310203
12036278250556572
4957754130099018
7372395458942287
6209642691108285
5773221049548652
2388457807664469
4449437983399983
7043843035999122
3922433784253688
8516922129063582
1384835657669028
13131886084590186
2249345867623592
14566459810036727
4234251237674990
4240146485872848
10961146916206123
6855965698487066
5034227080299288
2705075843494360
4885643207899644
1156867646208572
1319721535134600
100656740493881
3741543463714994
9891509183106012
6775022808241701
4359056052904624
8462295362133289
7130699828278111
1558865228507988
3974030780305264
11162522746754676
8854493515996780
8685530734365432
11895849600881877
12068068577546339
9172464072525292
6915284041242832
6772414050029608
649772681742888
10155069435585690
3563918587771560
5845974639558541
5111776985443544
3398611931739067
10069442997307260
8770000550234258
6941888814799792
12542387369035517
2385705772504170
4871564708505623
6524080891789018
7359266295820044
8035889592039307
16134442131589339
13845394248237539
5061620188680240
1552215830880318
17826899589477614
5756784459921498
16983413069643322
5307423549730140
16229857243054980
3363390171385653
15719012996705100
6503192829736272
339266133707068
6764946417882396
11456772469556034
7008797884079468
2865642479005020
2287264844047716
11034254684996471
6322501004879424
5512395291938160
10658100655122608
4244356366231850
4170143658808281
8182366648812560
3657998541175236
11623986763639200
1431818101586680
498212428407785
2447131005388368
7164605584207812
7753375233866775
3084633928819889
6840051943147028
7347802680493792
14264714305605138
9250248340817643
6901311703942231
13644612813843233
6742852302389070
6898033249603341
10577886269983884
4135580936019544
15229207401133593
13313748696207724
10310202953017863
7112718600228560
6902753716643428
13929075345377880
2233663206529860
3979204851687648
4298222295102072
6836801943344436
7499674331454772
1253857581739465
6681629401314030
10326148824777373
6167280678911310
1808154954764010
6480384130054017
965051745293023
732038897495632
9575831695479644
5949457594947196
12829705019568409
4294708336406250
6612599730824592
11684274807469987
10740835284066
13523305702113039
2169924842127302
4142878672155920
9807536809474802
3412332826005837
8788962785047081
1576075991892740
3705423695297295
16155594121652004
844123269569373
9547107981164250
1915996863933488
12133648562902275
2904391255776136
12985460252705857
6915290755116114
3785972103015388
9619669614171390
3614660980916280
4782008182106658
7944712992122736
13256829349118817
10870755747049625
5159940813526240
8380068542829984
10103533941137544
8531210926263423
4334013530213312
168753990313590
18676813543078504
2499861499044678
2469778473372285
3001087043026053
2008534410971736
5397292301866544
2777092998776344
5824380847294492
179763076241414
11963889617323138
6276213776709936
6785744006458606
7905054018909800
12429056798618111
11174513503032752
8568536711222384
14044636615060095
2387235069194123
4688112618917520
8760137954846684
13051221738523879
10919981159461084
1430134162201402
17377121447199548
3068328657656280
1855807556900832
10453833467975496
5101124826371508
61889923495296
15088605474980298
12571292265744384
1982464730463852
3329700338260824
7814256634993774
5511614070763372
6969890012589751
14125364810871132
3845793053324433
11327805555706742
6732309599556473
8023525232618363
4258245568555229
17173299916217572
6714106957705252
14065423076269530
4037188750615778
1485523889078740
3734602602204598
6335946807570256
98832457290048
4739285278254672
13607771577805000
7773919792346538
13413040833691971
5453645715330830
6241072047188755
6358442696406510
9843780703812793
10895411326829209
1837511195400100
10307249219121750
3526389096948232
7481030764806039
12934808609240203
1268677690076220
10875483104751447
13154253082734481
7956983343864112
10310130776288808
6785634368931340
7783081404294842
4938038213063907
11063973520228753
4093429415959067
3882173276870181
2611523759897976
15396140909784021
8122874760849858
1942947252725923
1834448678108835
8296605399059880
7448641449067175
14147246448821682
12280140695032797
8500098944303436
2052740581343456
548087263206778
4482449988306592
8475923269940080
9607567095655926
3892815756935237
1081975977551388
6109290030474965
5323735026545880
6326337297778785
14256683396517219
957387650106675
4675343277952053
11844859077940628
8603508734860578
10594041076294502
1611183280186416
3994030842011511
816092021958026
13861883507334320
10921555558444759
8554206714227145
4649111913191508
6210469447259402
5277202091531008
5138684114748339
7885910825591073
6588411800039425
6802445893554637
7574428178175508
1631679775958349
8558785553127174
3386035844327346
12215020271580334
14287063505615388
472504113056622
330830845629130
12528024740393604
6016737839974004
8107793845582886
6230451366296482
2762192367410580
10604455755345185
9593182255587582
14403306697885649
17149012066662081
2758889601044912
8361361394727960
5595506822590244
5606292564925640
11117530188305284
12156959006457049
5742717605491125
6951711390266482
12830572678260062
4521263271489394
9949358863227862
3993847055208227
15421556980972548
6147811128440724
9045131521409581
6833595030345203
9050225366828676
9834392987666790
11880318872197841
6703410730606105
6594103438326651
8567234650031680
11971821806427556
2766865496360798
1065147528281932
19202677389027087
4212411825980195
4629340206941580
12000723383366130
3740284218645616
862643495175814
3073322703745067
5336922006425310
4268508476228640
2283945060865266
7640956323946883
4162283951107029
6788323587316069
4881219897479910
529660965472981
462098156208608
4704599373991845
3539433150288220
11983254690573360
9392023439994723
1039231495171937
11143030602263094
6230656807103176
11149307074647484
8546794357672274
14485201919757930
964519890117289
16517185185694441
7465940894722208
2374907715510537
11642436017408013
2928646900518894
8040568235062468
8798383549632108
7922201469153122
14757922898888720
3714936358731110
10378993369300608
1846462587054527
10623448542502275
2967567171507872
9456224294968432
9354656149539277
4616519198319068
2331283153109859
14224499994237420
4072674092192608
5016562028464282
4642467776116940
7684663154273056
13088614629363136
6776503643203814
16325024685733495
1952857158388206
9005202088998102
5863546078441519
10417026437792248
2043699581596222
1852904787933726
4300550695211249
6700363371963946
7228802502960268
7951006300052947
12267638557988657
9350897939143380
1329361058331033
9203252508314399
6532368666411075
14321862966997808
12903875550888578
8638916057496470
21547846335208840
12603636075867078
3745557841848175
8004521177920671
5166053637234896
4624734185488750
3694783149553797
4562661244559706
5924128609603712
8796002853990816
14327387468814782
7843391976508392
4075113126103884
3160790214421320
3530379520667700
6883625159725834
10600204702570743
4874182248324732
14995022611478275
932034546751285
5033477616951086
5614969811021600
12859912518874521
12043693458174180
11079976528460175
9702077099123574
1822877382903384
7728088350245554
992352791122836
6524469369583895
14482407241621858
1941133146757098
4848402599771139
14277315853524633
13899608660768285
16001730859694529
10908975359425936
2608234653083800
1462133878793128
12995479512138015
6169358772107334
2075367372935615
1272370399405152
3580018972793912
1840937157967152
7457173994421653
5392303318961510
4162909246972440
7286811204347274
6448015578216025
2140472244002560
10498286552052813
6213685110437102
7282605944701654
12374840371954750
2399933693808068
9258987706803756
5977487210940669
1191395307433408
598510840190912
10772305535636338
7551985690238700
14102557129684992
8478890603673000
5794863534768176
257638974693200
4326620694616768
4987919408131724
6525376235937738
7401943064043230
8106184461852615
8279462254383828
6180637576040920
12420333477624910
16211813131746226
8694296299385032
22504524670601093
5658739655749020
1802942926956375
10886302043545198
6602762828251410
5409762258367980
501467614755030
11112257885850755
7561849572636884
12773535398301389
3159025445806862
3453008151061942
6091314642445261
652928665219789
2989471661444616
11605598871574694
4623326577414160
18006227263029012
5837572702473489
18507748513650313
11173538331099703
5043490668673112
4673697331521486
2055283283744850
1642336830362592
12454291255352970
4173129497072293
154326792336192
5017340335216380
9156861040914979
5141037719069168
3361987097693398
6554356694694460
9286092681984773
12817291966550170
4486359956862366
1367227306604592
9819889745415503
5915289910012968
9287140475705052
7208324207969280
1406601559680774
9099227291019897
5650513136891973
10476848455917367
5051215836888240
12176602511218938
11962885646238696
3827971695587428
6657629731606202
3616318978953310
1581853928137224
1285303932795440
6495664715544345
14584626735474390
7371804970605855
2534615739600056
5898556826964784
7956564935206459
9686241136404344
15338333179952129
5171235195232971
15076268600971236
5977618894005840
2737414930853808
1354738513494600
21314581855434400
3309203335106572
7676869395980017
8390617597353666
547320032226160
5054721576121632
7501286841238524
8169638744727615
1122531986211660
16197371098764592
13835606965919082
15249799334728804
6013490958505361
5656430082699904
9115102076495573
988453701260592
5848055570151168
13139560107224769
9554147567144208
1326363139870259
6814320364716132
14009096589868112
2396642321102874
5502542873177784
13528705668184970
901798789458168
656477455011904
2108079970101404
8486335981670508
17289746559044754
9708732184697656
3857028856862340
3263083732001968
11322963476458000
6517526083925417
9056424037249062
4106009135556270
2252236703062932
1686914196121239
13136684053727430
1867286830113892
1514936449692908
11796120463516018
4151894281529056
2526990829248146
8231892708995699
6261576078063267
11164076957078670
344841465777267
3180161811268110
14597070088162617
8857545535540614
3110652561480098
7419042603234855
11589481306319360
5653624973419896
5744914362768653
5786660834840208
8924989495167663
10552858213297800
5921731563039475
7664334581053008
3023105559371769
1897527026702491
15273209916284743
4665949012610125
6951641285678144
3760939943775812
13824651351974904
1481324531514660
9911483204399602
3339569011696436
1525856096526664
10477674658671840
2816975831866154
16679779691560229
3059303362150964
10850743471823046
12503303838148797
8892493181575391
2343899002407996
9971757490777776
4284871809237969
6480705699144807
13486821608794749
15498850438282770
1253547093064001
8783335434133750
4466486263345038
2598750662045688
4722635418123408
5650794750678921
12122935492133519
5221612356600740
6629357879617155
1129378884471576
7441080357080980
981594445873750
2314953159705376
2079040678062644
11932003183022913
2241961208899797
2980274133218864
14895744921499641
3505641870517655
5321087494227060
15089522280598605
8887193570952630
9018760334396802
1926791895451329
7755866459956285
1351736729730663
14565936541311045
10631096837346356
15626695646516983
9903413164173360
7185866375473380
13424050664625106
6478626171389360
15681417054100093
1248558745735765
6581055339099555
8590995861555737
755004214772336
6152081335443110
9297064565159406
11158683160624986
14828704726315242
8518059411188736
5890893835616946
2643320178598224
11847754457157792
8215468522078228
3675739041455757
6696895894498362
142028654919030
2260455645821760
10761747789957249
10811758035121297
10688930366982444
4797692028957484
2175786724272408
6446706163572402
773414286354300
7014447559360892
16095104550078351
5004548986643906
4309386407402868
3748552029746442
8058276359792530
4678308607039900
7846117163800578
8492425759668294
6441587723944998
464451489906092
16818247766691564
6318276304164045
96067051234880
14428558052266785
11539053676614236
13964827427588482
9647262176813447
7154735962518343
15186819274261356
8818499557660842
7057010491948065
5552054106775215
4980071908898535
765205640490448
856273404930355
5858445636231207
5257184436142413
3612226644473904
5524946823066192
10649731103778797
3338237621992080
19976674041426770
560247211906592
3817465912287193
13982374448392542
8363497766737230
9870871833771003
6938954190879564
7620348085178520
6222764057624106
2554177108794798
4924540695039825
15774606780131262
10075828663014316
4822825094210232
2850839603077697
8728536516578913
10116818550143688
7634891700996248
9598507342265222
3449415498039888
20859148310799130
14583041371214546
6105130640422049
155829690838880
14946401864891179
679685271799954
12579673731900030
11787282488751935
15300142924785400
2318976863581837
2531380902823101
6720041742484581
16025196219107353
1087450823432502
13659458997380775
124126587021472
12484446284206665
4773193184421882
4609586562195565
10885456952491730
7304401843642760
16028503067036796
5503292370636084
924722379207024
645466290849016
5264180901695357
7437227229085572
9176964744152288
8458547478961723
6425282921955876
