4169630912814756
398126993498604
12358473306992276
8048858801240208
20688204838847184
4267339645224582
3987071736320862
65428525378788
12488636800894131
4594348756918646
17480313310255100
1716790459699584
4147680589814754
8571799227656938
2733419941174528
92626649236170
1734521262451607
322577838823578
14927667932810842
2257584467569669
10628116072609200
13463386372454265
99633857076312
12344551985608810
4118131780192848
8812766310694385
806860208408448
18346106178019864
3117770514843324
21949607698081752
869623803155952
23265704433531319
4893191665572790
6520082355987768
7027805144649888
363595499391488
5278185264236240
374971974101808
2216664941623678
9735281571821389
2344729461072990
1136314112999583
17534184170505293
17590586243909076
4898163690212772
12420164488417246
579093191064396
14658484228184858
12929830018243707
2425074908994752
1767405536915365
23717277886244184
3230209476591107
3823366978461730
1822651777498650
10935793461765107
7447759147792443
7274643633063104
2140792199718420
10918188612995448
5515130023673162
11866795192443332
21448015682148480
2461554689251632
11495858107006112
7055365750686594
1912481847913160
13707906966742660
6046107227900107
17338652626095273
10269906889770561
3183563569179050
3101041932203592
3048918252227595
545308110889898
4940117273901544
24185139765500576
1817579612845070
12609403754425766
710527253470706
7405233011849264
6782123483448341
10565703964190486
4902684096710260
15804776379804459
3065334248073069
6097748942935563
8316173260394588
22611039618199498
10627253684133606
6397137177798108
3302019427383732
20845335411625040
6509368982829260
955424074870762
32566552854796
1536579223526950
12665702280256091
10254152446609212
2313819801044416
5200914419579043
16210380627792176
42312214406293
327450301863294
3518129195232844
16330825437553771
15069769218920912
6023259394626840
2182847284440606
7340012663747061
1552763395341418
7225728570061221
2181381674472994
7606518774582225
14807821653605356
270472905242818
1532498111721896
7339072178183954
14955504661476396
4360080045048520
2481478348752240
20617875714942360
10947288274354740
840449633473912
13707706991839348
17206288798547992
6269486304991390
1418627303384244
111247855339690
2827103021597992
7742900013878452
1869095653461714
767623740913350
19433372482289713
2316714061315761
9431349062738005
2751225837896610
2492275923137265
3311604423046400
15000349050904307
4326165917630208
5645783634525898
441436045793848
9106642318087606
1239310022489900
9749547813825540
11347794761797368
12544598439797088
1776143784794622
6094623057589958
13618930882679421
6015253650825511
237488466930682
7373079979702428
2550040622240190
8424507903721434
19081949693270904
1020783356439768
896187351507462
1478139508455345
21296861462694370
46583501435722
833387960790044
3751640017593856
3837256622150436
5772410728161880
10329476194271626
18515028619181407
1774135490699810
2323458668672478
1581361116430596
4219598293624342
6253533356768568
360594668393336
2337689089134504
13886418938572656
1608369461848312
1154744750536971
3308434636291798
14503369027137397
478492485021240
1413437743821922
14197556253908148
1340280234783233
1087015287727782
988736523465310
24144022743495889
1883635169779449
21514631573351080
4643622071828904
2714974184737324
5511804481080716
3817981778258266
4800250708106760
6723884812913575
1736546169299160
1261049949579126
16261446194861936
3733995204217422
18630022261587853
3707308620248520
7844903670559469
3317012463925445
585091291917671
10935820484257493
2148641401100248
10629577118146182
4004325578338134
2957616458329148
847024095371924
4020876974951254
2349061462344822
3129012554234101
4793774387139516
2028377726970030
5246487785340480
10959428695060772
909280082584178
123612409609704
1455195336821587
7417777739698690
12375632004887095
9572912252359230
952590642352302
4574246307444836
7841506188506776
1461595831407998
9880620239102408
9888378001036994
1599118698915350
8932345175479118
6816932871272544
1177623177778520
3581782203363815
8280902741655225
603944558340341
4617219566872800
15600828596847681
2723042545095166
13942918431089376
1400863140170767
3383265625329980
11617707784388947
764180318334378
16521833532421742
6119165377115520
3784445652539916
17238691238669684
7879735683471812
20913934019419761
107996268679761
267390786109954
4103445548889268
15510273464958084
1268233077113534
115931014471866
19437806981536
13991795706627883
487297757817088
3770783881710912
10176222504529536
6064657761948237
5972084669650864
3580052991144991
22327899027452120
12882752887833576
13203797479491936
21237565793402640
15775072895390840
1580722767618008
7701947978508680
9019525872624596
25231162651636981
7930112495945040
1776769754246404
1962633261736314
408742932864012
2800812223255670
12832757282191504
5615565538548659
15413092854157245
1463000523004290
15084810894731256
1964421687300482
2885841988785760
12080009259384015
3119646580551105
2632555895234100
184870114435848
20930155069954096
1919968396855388
11790721565057870
3108577548135201
31259705431105081
2536155403683998
6429044639549790
26694380738366413
18086661485145529
4271896214797482
3057258813110390
4874314853006976
1099889189255679
6902817618214825
1248600000252897
1617385015632636
9957548334844847
4845314631362300
9276163059322353
14784195775883334
4553216126672136
2112126938319762
1342623704276766
1329793842401695
18497164988249480
1317766667960984
26187633752694800
2763464203235596
2329163533530951
14905520700489444
29018246893571232
1035571065486387
3266719562984966
2672949022681501
7015983148970983
1099301354553523
23969908066936511
4441067222484448
24846773122833936
13360710215319420
28392461281786524
4023207005769916
3739022306481076
2974655044130700
7886767336760520
1726755225611320
701186131828434
12336604800676602
15423810679715240
5498562758247364
3954871403655964
8545655199090179
1580045929178994
3565488589115991
23296303468407105
5404004215676352
18423085890421302
15328961652183935
7450166871588000
1925011851762328
23862747259284330
14743084687007760
1325107055848767
2612960844445290
2763932029441685
9153068093179250
5619923265246515
9378017163786400
224450407595610
2120253355145948
1815792687990352
4358598241950612
2651618454231484
3915594373086460
10444212894288139
890228273215640
19403082686381926
4527649372075735
6850783305095924
37509653749801
10001008938409200
1717709916772635
9950341771888622
198610773145560
11604542370895056
11484994555601770
4047348045831045
4494289246647883
9336015246682895
2594058531760360
2290480622543672
11888390799850049
19522755987337971
16600400525161226
13421767104865908
9302414771772480
10027897884268649
4668154431797185
1737142967157567
26307941664459918
5049575663003400
17497421343003902
8444708131740254
5204286672815282
11484410100987810
2030982291256488
2798597562672742
2250519980308921
6630081575794414
2090647123533818
288474737940438
5380144418183200
15025561779760428
3868312471069560
1248234194022600
4053534792926018
3776795202949650
3419087017615144
1909486577918350
3769394344524152
6334722769004233
526252558325878
26617549888710000
5978331969658757
9195972032551456
130932816140292
560898370071215
14208627564267772
30400463159997
12769486536067932
6638485604142926
7498523740564626
4983613583705235
8619656518858350
1977433833875218
1471768961133577
26137043817071552
763717936398840
1927582445676752
5209060745870163
966341403025186
15011611467356087
1552381526573082
1435346655199240
724364952531960
26082050051608349
957014783638144
1402066117525206
11241731112270964
6337019917062101
18780279368862168
635049086127703
16055814641330056
828104570188092
1121441104216258
1770147287641520
983649572534657
13217944726961340
9770665616612080
700603442441990
15325281146003587
23115761487610305
20742348348538325
12921269677634521
4784442132974003
5325333334983407
68457373484672
687014503696557
977151795732377
14741748336676124
10974244590955373
6468243219662700
2994704203172528
9265389653353050
2107464250471952
17632950093130736
519338913234972
1347008119021978
1019958921744973
3577042617517450
10311385612999472
1829600875115561
1810188860911980
9234907500419965
1426629788832776
3240847814298975
7547714891580313
4091632900741202
1518510622412504
2761529629020640
6163583240165478
890983163972850
2193524568932862
10176277506727612
362177481108062
3611985833815463
1671175619680680
1869415534014006
864781973558028
5211207395702750
6540227030105110
968141250545434
7451561247081976
1089581179216648
2386743924057920
15147404280237168
390152045194890
17610139123236415
3731779914445858
4426906884206555
2409327409759276
1134295000657975
5880925497393209
265525153588602
4534348815565888
902061544983472
1225809229149372
1076362642292616
22349682147846771
11262861987141362
11791306230471891
4374329010379118
42832133439176
22832470293997267
4670629737240736
1503760675695787
1385437901528271
1836487830600730
9682705334658206
11851501324834860
6277321160752950
2146112507539804
12896321961781117
1033113008812857
30000438742835065
4582486560928787
398764997009216
25984765908011005
8541708889911030
5781820873551206
26065809660900030
4059882075528980
11683642509160516
13808268267455862
27657780613809728
13339724791810153
3101897053807927
983639579113495
1206939957555808
11357713608724250
2979502603401940
430894106452319
12886331906570066
4545040360815783
6659349949611203
3268875857017716
2282885870375334
16392454767721886
14014204083435765
5365569796149584
3298452206342325
161637949571628
3395874268361770
1065736277501455
13550946366904565
8746500441715207
13068676322087148
3187748828893750
15723070715167188
11375768319226080
4556832544764741
6450347587365865
7355945160669783
1413172485247305
5670782205576912
647789328106047
975962679929393
7269200459340076
10748679866754528
7118687884560616
5297684986125025
18620299090016817
178329936090160
27625584037585132
22707252503934183
14679301513913505
14596097953464898
19864523983901609
4236858408457150
18483347214750788
13856055413228316
1754670552411328
2257229037914536
13563737738845200
3626269373827973
8516437810765020
1128569523224105
1088444381902245
866344242714190
4856760697168691
397361611286316
5218922586641439
3466986768337397
7405530294464672
8512332204512652
8207617954748842
14712127429629177
4283952255823622
4000538914941522
5335557198856717
1031799671843100
596603014686018
13527981697733641
14422369382145618
10012583014204173
2875629575924756
988918977767706
15942599841467451
12232712097159386
1281663009065425
18601285652322800
4556891898530149
17723411732667835
25299344585246387
1113216653929276
5677717150361051
9671401018577746
16891827652202204
30511367653626055
982412419624776
3672149859619350
21239976753492768
11188892098130280
18154664438583945
3366787271642912
9769678624540663
8466005941660998
1631092641249576
766160231827616
6223864296940206
3608424801817633
1190207763914396
638880989370260
3545666428074120
6694775261443263
207330770564692
30769035491969200
5371937009577399
10937244038656762
821767011935465
8607317040983583
6985987199345478
25804082901816453
13103446324436524
19957524358309467
2714520274000316
1038971006519544
713696755914425
10045143049038372
2221738341393876
819496402165150
1170020706298590
24508410715461920
7584494108132540
4551468693479154
15784165565187232
7891865278718048
797516894798505
5862163783373250
14095266371382109
21054096409953430
14689145175935608
8085981438449495
1155504598228794
1656226283192760
3712608963517320
118885850368390
2149811002797808
12557865684972588
2725455574168000
3144980735521235
5676782677742934
270410112389952
1080309394630400
5061270374443346
5106427247048730
7006983364524195
12032731659291112
2556959612816856
11499060652954522
9005737894998851
1202799173820220
14161138708125612
13630324941968141
13070762114660985
164256032308093
693123204790200
15046543026432196
20576640293987982
2010852561068445
33155663414104264
8610613065120204
7693673258678749
347311069013649
3900752162558339
12745662691986714
3509748990144740
6334206450577207
5346197719347855
6444270836371071
910893443488044
409408363113155
1531067126112381
16910150330412530
10061527367904138
1716809810944125
2603628093460248
4043565178032924
2058406568357756
3795824890803270
2109832880494496
6865256570163670
2620954329962458
1365342817335072
3315188926581499
7437935678944787
1883297850466608
20765600266101588
2420741497731824
15133414910460292
8395347676821490
165186877646790
25881086045872392
10167050448109404
5374684142102826
1023837964372236
1395488357336353
32530162524227512
14119162245604449
3058064427095430
16525663727425184
4450005926182570
2740030891438410
5549172919268216
14954582376281085
900670478364767
523774159012304
4854263558810276
4804961746427994
1300238387984466
1993620722537196
10470598151071058
7514513166190614
978668401608792
1329656055664536
5442007198822085
7703185100836560
3552003043062273
523175822959680
10520168396137565
14655612212203040
6988341118662216
6014746147301010
17023330427022401
1693546857374073
11804564240061758
13334046090222733
22476638659777183
2268723599055048
1357800483734154
11711211071621536
4643587866163455
8788424929421298
1160966608788224
1993049504785230
279040565088214
4645077513306552
4313468575726828
6501548615739082
19361901257267530
2077481295569610
3412175205760215
3395962453346580
9090846204796930
21179372623915462
8907776826805720
6032280097437204
16375545955363512
3744710912510400
217733379727056
6905590536898620
30356646514963580
671478599525620
4711078512856590
379994857830765
1683694960485920
1419957901369920
11967575866310844
912568366533494
1068489850630695
1351811180145436
6092452548230415
202936491487377
17332868381747259
25631797490001706
1021779759161612
14853738895952671
3986161881957902
4079897537500641
2949177993696360
14324895784803936
4279213420151709
6892029567282123
1092776792565660
496229677905442
163068056270880
1936963674500470
6866895498774519
12552462141633025
17302091549258990
3910527793141085
249520316990160
6513196288036384
1125699352601620
13268297306523644
5415913472672580
1961793014909672
1340323106051832
15286928267657844
571340506813459
5620366448866152
3267114954797187
184110726347747
6554484302015340
5607622092164400
10108129105346821
2548800141128734
7255776933421308
1282101859341386
11561019269914073
13827888360817124
2241512340324009
19522396293230613
9905006535931520
24583583225652090
1518173620220155
23666896628534075
25751983917209935
701876697079215
4077682009824189
12662287868700640
6628023205277430
380392025098608
3595836067965180
2993522215500928
12530951317159467
572469846429972
3189905835750850
10723424143037007
3104851318811360
9734902665024771
4651954107207850
11548550456082392
11204997869648497
406483981589682
16439701209623344
9431045972136624
3790157537616362
23119843338473747
1543651653125200
11800386924044433
10523965028060736
2428092817833069
12734352701984888
12441670293308088
1061821516313250
8466751764674497
216227449219280
4918367598475324
12666689858277760
7204276925153339
979120192634148
9703539361075292
25695786794886700
3631818451516764
21002391184335348
8106843337033266
17021012573949734
8664972597308243
10408134927962828
8370433106891163
2374126497114540
7107309388844892
2205560018741216
1212111379811049
9285477108485108
9080932187440710
4127221955812092
5473723264172140
2653226989708220
285088650695178
4381643142927777
3240777813065464
7793854137706364
6776915170760005
2756918727444576
4468471135228606
3455652924133676
2819136103942098
13226795713779634
767565540825600
9109450254974560
5045476811102878
24887684765030398
4683458758999350
3807745749629024
35539035418083629
6143491633360380
1262409660042870
20458300532530971
12194919414356938
2402520058185584
2498693855475701
24129810265704133
315098423218250
2838911809322080
3974378134867095
4641920340832992
6028240305230460
2475634770045528
17803597934652557
16967175063268705
2670777264598185
1252677151976735
18966931050760478
7782892483162670
2304427210197050
6289246149262412
12943285522653403
7323415119778905
213639376251120
1072257019122765
175759181729140
2275455114078527
5169441665949704
19142625719980152
5370059458378916
1433819822437960
4298069974265843
2647223060712636
14614458697102880
1320382864826325
2450909238655773
11555263841193114
252105374347713
2815203553038005
5541019157309485
951827801251464
7660616924248887
5896466966374336
8084442670180736
19286413063230964
10530047533858722
643204312856196
8433243969148239
3051431840834790
11677238420225726
305921587584736
2135608461964216
5487837359753048
623356235835226
5069071116710328
418377364206438
11235032567664213
7885284046867422
5273379250108675
1779152613578366
6179049414783012
9185389866646615
15031224420587466
3347890407404322
4981535792598520
6168861557913054
6733096118006235
1481812650992165
16382281847395950
601621245562020
18057396073796578
15484453927820927
26716010076400092
11359434549280202
14653378531484364
2347422788000910
2008984605334077
1017979997116596
10909460671601899
16087129049544880
24188206768942806
16905457724853304
9740427582542960
8537608103305033
4839204936236687
17496566556010610
7150814494011230
1140817589153068
15372197183740478
6158278403249920
3917448966012576
1967502619318796
6073690935821250
3151228451596416
