19131875665307737
4018685555803833
14596192614332625
3375372166283505
5258745545718402
15371821503334985
2264912829755631
23220512274456638
22607860406134146
4134465052612297
21791515970255485
11766300638828008
9383301842721069
15910164629818676
2374402270882826
5529672391226670
22951172629171022
4207966701643666
10062076479770154
1677476049276414
7983213257667450
3125720963241302
25882672872697070
14227048161101820
10494284757536857
1692223407357420
2001657076932456
825019916851148
2326058120222809
534676656182420
16156345794777594
454836960020464
2865411088430448
631964883014751
18019233391412550
3580829145735520
2907228275267196
1854873974206396
2256609038249349
87965221084185
14289498669806295
7014831138642073
467971453607694
889070475498155
17469558203699635
13311616575837969
23221781407821130
3528153119360863
3006348477615127
2757498661164996
5471626138755242
8185648678126990
15103076720809190
5218418034519230
17229244401894247
306332590826216
18287113041060209
26223762675710680
8869025921585980
891096497460183
1537538475386772
15162955094211912
31271715908030033
4474687217912688
466284556770560
4578212357145023
656830446069417
11863910100978576
2781007054533004
3045626121472920
7856443950526051
9568857675127446
2454749962125046
16823447512650586
14504310233067216
13890186625832295
93128913935972
4950701179007250
1220982572627664
12448136225386257
1299915397417709
11659499843269497
11896874782283500
452041314783064
13090802762780424
9242911737965070
11993504919244448
21712612221187196
15065786555040609
25596236608813961
3748870652931280
1434930652917636
978428670055200
7118753237562375
1931992021856592
670521214344228
5035305200983774
1753882237262285
2365493498648514
3220976688878808
4020875827943872
5065750878873608
1711815021034410
317155625016308
728657338431776
10214263917240417
13142677349749668
8268673318302922
2768319419285375
32776935366228062
29557247721325346
13612620735010278
12214013436627500
10535426831258358
5857165720417303
11512766580441672
220788749079843
1872719881810044
5595137588565050
5430624375006184
1277876690182954
13160359081355718
8011523126460942
1556316760187644
2075615843253456
5545117334794968
13535790670067061
4005031595740593
461024721547137
2539768827936654
950835546507223
14039566516957410
12507134674421953
10405023371827175
1047498235790130
7715321408772327
2582155576222280
22481315354891740
988624058182110
18196155083532300
3648344655155200
17688350949099075
1027051326689014
4466528046559422
1837968207282450
3571859401020526
2067241370328339
7190317040550100
504669785305246
9222376126270592
24674462910158397
439191415375769
1643712198724190
10242301880085506
2084368923999385
103045371899512
550343589431635
2571413479942184
8178072199038106
35704672889344800
2987355489042640
2975004337884515
12818374294514664
4882663761749475
735682283489486
1916110881448506
8427456676473550
6035704245990575
3642091443658712
10149782580312638
23383582667730110
5034771119491932
96890910296202
1350701533021226
8323479197382718
3232236264765596
914913624027081
1557051279061276
4412946586254462
17207942596718674
442910392941356
4957944210860256
309206203147044
29668258733116357
18802900193279544
2657035628222455
601447037906172
3113285360277831
129298216796211
4278828446797568
21169936066654942
563956295743042
1158437237096004
8386920372474245
19404500242716578
7759781967607524
4037895775604032
543911423392792
11738845757555644
780256327261840
661464738283848
5517353831055696
17998339313503852
1689853422769297
7349375866459950
8621754710079776
18398491976905788
25170706565257182
11306390684580486
1300104614823917
376273225907501
1832169315849978
8997825104014590
14637584283755667
1225854497016471
496110601199525
87560602129225
2308891270495407
32312746098707118
5404564853231320
14816592036760243
17931620871018960
6000404917742312
1778572087442328
351388590297312
982777824961608
32189704592404176
21922384934678340
15606672725895507
5067987222772445
232294416117522
1596298791184048
485765823935068
5120982882614625
460940710149852
3187624885426278
7991800641648206
18530011220958424
21173495364856388
1045773859884736
1053497570469855
2335555180751304
1651524682029642
4673066389078440
1552970501204626
17429147873592352
11965627825103520
10610852510845668
16503961445676698
686884014748230
6205722607769440
16705357389148037
8741234906768064
6858067468527578
1649475209134151
4275125950049253
876969235448471
1069625749391085
4139300069267328
1252832916764286
4678312217995837
8809070096929170
7919243028179230
4877218517641579
1990867547461075
3991381124228087
20096399938929715
195747725398907
5799973404770317
4680874482563758
2259584735472096
8252323760543642
2949693543582476
10252043902586876
1669434068469276
1071198480705368
2885741152629927
2405782530736387
7794491758466028
1314836009279605
13783692724533092
8234916310868488
5702984548656466
7416635845872690
8402955982311462
5640384849931895
29322398282737284
107638357868184
10554839316165634
290700121312944
907260496484850
2301951853295625
20747108762508872
23800581082615198
1358202294962712
7591129135044937
1087593372377730
1399495225434475
1204642023377793
971886320819534
735451134949272
3780816652102482
2162695128171860
362089767790380
14212513309419869
4576971718059777
3674913259483724
14512166679157600
21553787943388042
2586834880884182
9750690967382520
434872754548870
1103303781116325
18776104882569936
6888444067670595
2856777782351800
12082424915670732
1873490576316800
1669328574123903
6369743975052120
9180193771155415
3602549197081497
17526516815548675
17468379687271978
786486111713996
10847714687695012
1773507110365690
4038685891109567
1716180841683225
2789513959360734
6002723002234740
757164110750410
424277499809898
3870550384977489
8475660982415707
13074248801030340
1451130442382820
10345871450048377
2898081245092780
14636333606132709
730678426976871
2281207307911040
1233726007957890
1802024629801072
4271709824081441
6192779705409123
9519279943099212
4186935647944481
1068213590603634
3703311911090932
4441094023886400
23385680355750438
4944825390983926
37308810385041
11221763074220489
648586414541100
5697212375672848
3212855125495625
15639363655167174
4082038154979176
1578816190209300
9466990772514178
962335555410320
936177145670718
2604723551413496
17397991645705228
30177643293696273
993409069484178
892880607347172
15320754508372750
3165224680412848
6649142690955505
7838228009575134
1164749497362800
8434179602363913
858993661019255
22315200761754840
8092263532625992
1295119154376894
1017156646405968
2765716250566885
13415274284344455
1218295808848032
9625839610765907
2442537497716590
4959850015322840
1316047864038618
1732016117136173
75525696985980
3473649032886032
1152609034273781
4212715300294608
2524159098808199
6695181964732158
14027072034496532
1252907287711026
8545189335134048
17579331003962647
758647683864536
9736761743360100
17602530544255191
7052283730108950
1483663826248428
17899214946521967
14021168443866746
1913210256420570
2451111054637440
6790757600802308
796266286885018
8067724566710784
1168734588650570
3314347709661648
5625017390271384
11978780545641760
35739468461932473
6677619587456670
8557743579406831
3671193904865703
1720939235231142
26961557625215552
2997361612326480
27058129287233184
771958050683808
12084971318511760
2809456727149624
12734115346536220
2080028217236920
50958682528872
1199936673308406
3255377960150176
78011203693896
6123007117705842
8780486305701280
1101632624266432
1974801819380077
6700525682150733
3077353591883200
8125529230008468
1918683281845591
6470249401537002
925641925164225
7643843202156695
10895811506475503
1909073923275217
2635378944501976
1022709771921807
5806942357933184
956822203438472
9354403364335953
24610245542442230
12784343202364745
3003724296707244
1592343000222200
5530927696577124
7022022160460370
23913624889236058
285492582567684
6423958584608670
271637307009265
648471356896176
1895992481208812
3333431124237138
5161071298667223
28777719685575997
10094146751238900
19610220018646370
1467654494756608
1074982175215305
15133046000940291
13065364066941564
11041941935786964
1423496255645360
989112659583516
9305347590474864
1819747975848348
6343840578262063
1404778030923120
3781323936178808
3727080302338085
2278742281243655
1336438498359954
9106057173666482
1050058240088360
4213230994483425
4112956904367780
18124232064688282
17935571678997846
14674469019339864
10758249556746957
5438761181300690
10091186025718352
848799309326680
110159276305320
4891338065591451
3292028526055284
297298337954903
3860289484962833
1724846867657499
25854319814776352
5484804838720520
1303375203565634
4081941065353492
18018578987400750
1366683312583771
1928704211945196
5511986429051142
13117696550215254
9165654846498734
2699275755775448
4905252441001836
6268193489163848
8873858825371500
98887152849190
1722899423315825
18537185624274304
732656588987898
16243607058672642
7490148928595788
1633976087674504
12376342783121880
1993249491700293
23530945763788520
7897324599858481
8394412341785140
5820632880677817
4196059465610539
7932200695421480
3064416771160081
3829836802174575
2870974945736702
1400140550690776
1374732717383916
288382425697476
4695228498756594
324382953642138
6355234266774588
172627424241484
91103498310405
112738464665156
9361181012276700
223586218489291
21133054504048313
2516375145787104
7795430034444036
1203117197275004
14635537761743309
146531239433480
1616204168440272
14106420200667411
3201225400531410
299820825136312
14433571189037154
338120403883088
584612084993268
564855314384220
3389366334528958
3987877838891986
1011555192244401
15000120908138443
3456988284662332
12277568752942731
1710394399212603
8755563509938342
1615679568840765
4725728189026013
870566895280908
2196698063011479
22757708553047675
17717275031153640
3844151217937690
3251831068988929
1155084619895739
1002519658542060
12717304963458396
4616228271459103
10053000091223450
862501861119054
1742779081626013
2787605518141920
1244356171460948
6594640683921783
21501247812020012
8502689660997046
247132975226832
4521306143143320
9841325805091728
1401940364034875
16167448767300075
10875107542241223
10047231823429546
21066951033721635
1608100369557687
28705207002430378
103948479241335
3680009833669767
9996636268599400
7473769023001433
6878011356150782
1580200119384865
64298726456856
1406452116991402
5669053013795534
5949838470852630
21331944042478254
8437912441535843
864966591974662
3093405422501515
1076288025813815
7070900375355291
4340806304301336
13661311261385835
1190077082994914
8202036287489581
687244199297650
6457074253053576
5763318946088472
979722582434237
5861797366765392
80536270288491
708966513859830
7067950732294096
175538808388926
1004384517829230
8811034230470769
11049561926858286
408790777618872
12431897663469762
6362314619196368
5313381695629215
1141542712293408
2368012807174508
782504160746665
1644041962687780
4926721934925720
1642551934870200
5677695424243900
2861029785253866
22860773256989766
6506712456908438
1090792683120844
28309982485783230
1534575257220105
2366335159137985
7068626792320438
1946844793333760
1772359785648440
4578302690548357
2515798278348516
20386963300856908
6850167082200675
705379288052957
2709270003438960
2300066599041730
7335614282432586
5183059616241210
13806329224403273
6956358783400686
1615594150174444
1846543908618300
15002146074334089
3576869167662184
13537503759298579
9292975983900150
624219694520904
2787216230459016
91874197544616
24505455214505731
2613452726171115
2444211792537537
15736073297897672
885443936596911
507710419951476
8317294077138100
24196124000808965
12398086490902110
8622591582563380
30388489597629
9426507353116912
5427768334179642
773844520053360
4397740071072909
3134665984096305
1349433839479848
1295619574907736
6454833930829889
2589729594875798
3312889740437994
3079058715352614
9818152554418914
8427224898273190
3253980336583580
5492809733839200
21630961591013324
5554189382637920
1716177637703325
4298143303173642
214865111294280
4227263926489890
9417605573082240
942541646595521
7832689003455630
3188661466653698
3454621741283053
5890253270497659
1639607575375120
5996849974395650
1181276635762812
798044405355
15243659722785879
386075801390952
22048558660808129
7023339108465450
4358162781928200
8991294615275529
18688987170602218
9464347279266125
8692701839635268
1509620037837170
10813143983422215
235531740708082
5782274118228546
5695765376493167
2851276463518301
14449984740322134
8438848049085721
5649208822798842
4719701850772320
4305872953079434
2347560993971560
3349180705510995
2171260102175510
5265619631873147
11201432468030338
20030146638540093
17437924998524720
3197333428564956
941044760761799
2246963998379116
554913161168324
5745435173858518
2286635709718950
4671144480033030
14500946314872696
3874234710447998
1026839416174128
3117333895429645
3669141734153313
12198542093451598
6089650805750816
1590237988241695
9043506767804435
296234887819660
2667908797371411
1520964812111010
6112533414441958
9179094980072706
1628459329596075
4686248499231414
18801375703259
16618329943631060
3421195618657612
32200785042232514
23775674223165064
133370681446504
1548856015175070
8627352705658625
1184933951147086
1721979283585010
3308755515676200
2562849864395436
5491802779689438
20588437505437653
9378547751514370
2808503405351042
7305026251540485
4524041277211184
1768423727905940
7173586857728576
14132723081110680
4519826656221954
978402455882376
7122608194754723
351303665288368
4531480169441700
2435378600846356
1167132379484259
1856045293330685
1788101547896016
13555089340134683
8507106539524332
179325158543990
6783519714651546
313647550526776
17606111416394522
5796660220323133
8698474723111565
2511353816298792
7862183702067182
18573532152866704
6119145766608060
19654176083614506
3276633125810328
18654209616677268
383840867523110
1885794318767397
5582752180069577
10531751981614147
12537600242381634
4448620895379820
20544675256263510
756086054240517
674634475005840
6345920760654564
53205093915649
4886367530366196
887466461780100
375776400938160
17227232477043827
3215149771492821
7830282625747820
2974059820792200
590478675992586
15843302392443451
8352923854852305
3463389055372966
4769903136420804
8007579544770480
9359923891605773
301546965487370
957613354133541
417380931927830
4119471904636096
19731500530895230
3484125346352542
3951489837348018
7502128159133220
143471489939942
711722061470166
5541689389003702
10605868132190306
12223025287107840
3124896664129320
8811780196208014
17523726663233542
3034784662005720
211100950660338
5697934860652560
17142472723359440
785379617852099
1370695764988795
7077781098619026
1437911347718656
905308889466480
2980345126165420
674240505575091
15717796332161525
9109990160394926
5039056257092658
479063837787916
24083452949797692
4345892712857107
725290036943400
15193893738248641
5621309533384351
129650414962964
12989586013001804
5178157880582912
8503704197174379
1816274527591299
4099741663392870
1988703050478924
12119557720071093
3351782157930794
3698380474517090
709887630472480
3594190879144324
12081888783338460
7365257863216260
3019123616162076
1157763166020206
14262588336614890
28442235159568993
138510339566760
3619342784700440
15624021454914726
1780408795389620
2609451678771374
3075301440340667
5283527586461609
837613366601270
1612618731407376
13818175288171470
3149935362092225
22227887077795205
721234491692008
8929626504547356
3757843048609212
8582159631147927
2534850657179305
1194393624581586
5004791483287572
4771748188043844
16079212799806666
83342445396032
205698146705028
16670327542410110
13767891960191148
834359228834040
4844836253672294
529582935709965
4887987609748136
8182682888357854
8430446976268570
4743470912202912
751701906358385
16096190845515332
5446468771148825
17335729874789861
16098312709229940
16449601039070209
3646722984250970
11326399216266384
2349611145604980
14270654412650720
2666790888643399
35921578901598160
7202177379328573
61739911064850
573185879273800
12747840961008111
10797164465420692
1856971040029352
8290997036647718
2739540061580112
787308591645455
9201122125547757
180345855068136
9907197538487861
13937442603834942
1741207174061860
2318321933596060
1472136448192422
3723084304438363
16519562466614130
15109633025366256
3688197690972982
7755404833542417
1231594712240683
5769447669379962
3501409821495456
2252877739821520
9861027538687710
3557815379494727
2814605424854293
3586858981779744
386041841185017
3323037209980908
5748847821723081
13400168964114431
9909797392290708
10666402939780904
1321560771614622
6255936276713426
10699108224135880
58908681049572
4681704305700992
9571462874467872
491489354624070
3014472519264272
6137788816259161
2390808420759230
31050290266140
5165369242955897
19019520509400533
3181036468441591
352530178997619
8124739588542771
336237990829321
2931290960841414
13013133716918768
21344187604860977
29093836043337472
3985693773857880
11906670372535464
1919008455833599
12853728738041289
3313955661434874
416296909776284
3932314313456242
585863584274288
5397942334888734
1459884208261225
3805756474086476
5502213971678281
10626846663731270
22398389288197241
973699713186419
9823564848161104
6358148972337412
2818437266648250
