516556412861804
14515854072872671
309281257786284
9698208246478606
2620681246462203
8659229377124011
5499644490309495
735868515523960
98682493052416
656262952124811
3263602894026560
2004128292390902
9591042922809140
13107894274987102
18934383432604390
12895636200785481
2599612496459021
586810772968263
8332257121589756
1042406414787699
863929384227009
6601804003176720
7646175431254580
3043672787214630
465382469022336
14182858714556185
11294223105642403
5837002484799220
3187377133385187
4243971801931460
19773872581397396
6968717412528190
1746349885404519
749683392269190
19110316104250684
369455422235400
16343597373417340
12339034291218264
7910055576744282
2146819085488278
14153353973998575
8572296744941520
9053787043449895
3814798507415245
6604528708245520
13091225788326940
1795325703370854
8954809913522160
7369665729063095
10002663196621843
22726846891396242
3066976859263629
2496136847619814
10755808186268040
3823603534501432
6800169671290118
5249394095116371
586988641766184
5118372394090642
4950569662290114
1570473318089655
1909942104366132
13426611930537662
583426110495258
4960179315143559
1734299517643773
5988817764089387
36819529327847380
9736767034772494
3329350715438644
662393874909485
4536836455969218
7460467603992136
6424099274453520
2105827002989613
422857260071974
17555217913297315
3694859339655968
5587420822376568
10617448402026079
1166231123536914
18704470759623206
13851149050851797
18753778898072995
1412881270540334
12686363305676335
3586377508142350
3982465873878624
10295642730829728
7607076638614908
16019949103784686
955076093370009
16942489982082622
10730590288143042
276880592330745
451500316394589
8152038114163777
261069327440415
5377791609302928
2099526113930400
12049012951659915
8604259815289176
163199062141623
20324679169414172
12815645328795252
754673176142162
20414508823547297
5950019216499300
1177636636487377
2478501981864884
1620956724820488
11475322776167785
8621679078648072
6030628397725282
17504759265271956
18312270612718976
23617025239134
2704422933646790
7373232978725328
6194154269373490
1570316503511655
11497284731981850
2204645297981892
1497847985446490
726540081242814
3951021147191223
4734070228070692
6858594390494490
4107082196074728
13459239416428993
13476914957130618
6834655090120696
8429982389379789
4541750756982383
4903836808289610
15956973768146129
3424374611925687
9093273711581062
4527673967304480
735041736752530
1856641544934560
2322908245455924
594109882569802
4194894395827700
12679198093320319
6855240586396540
3080756172928680
1471065583486548
929064375746424
1151214248980490
4945295200772970
2358913906408697
11172648397022688
6860043914617836
11740048637144400
11783927892991440
7559104081130745
2248483654500610
1488347786245266
4965464808435793
132819867971176
1791140483603964
462380470184481
672789859661544
269320223533050
286637366059970
4969772108355641
2497722023859980
15262684954501011
1963835690288330
4893264058572341
6971960491048425
3636545211987720
3130853751983249
1401053160730824
7100692032719040
3980131465605162
973921197707295
11032234709202496
2631026510634476
3400297908277878
14323533289194192
540176031050249
9324495328781985
12640485526392431
3583250736228669
6096939151533794
2868210575809564
1467940818018561
2123674790015185
3494658118395975
16690843457300152
1136664226348852
12389629300545895
24606726617941092
12436166308448652
7343314305259919
3898421496368720
6341490143556403
21054083191083026
13195977520831140
18757995079585125
21072882923983697
531128522592157
2300594497481938
912430157962804
837670628826262
3170155320659110
20063321157112300
4584304057424577
8155144176370094
24996201300571115
17221452870343195
2054859615597441
7822525247595264
23370291212226670
6449863151917584
18033990245337450
22330444207136172
9918299627563306
4088271046515370
10619481276647532
24200741808521941
1616547595200445
4746123658054818
26801756868990
9994922097174198
8985175500628285
6043014733366030
1310290364329836
789728736003280
2428472464800360
3661513582764879
13154656720632800
24923692155754199
19503088423455600
6396252732931920
13334459532028070
4560402637170480
20678875581056306
3599704644974914
3032799031603070
6707600779371102
10174524038209935
12141500823787757
261589460944154
14678102400725712
9777225776621076
9651449652941063
4225094753436622
722543144846992
15090919372417120
8505977525182850
17580601159847186
7779432845460120
705063892907073
2198239099607362
20195811210234414
1355135732402692
9942802689546180
4104076161824886
3419672879365402
1438165793643375
1897189517594556
673973353515057
3055120887750372
22432795323978680
10965708639222652
1302824877568956
1507462548201120
1091412850576825
4784875742671622
11576714886449500
31737267534599196
13148635660802243
13920124496326772
35127689286295406
1394101035979875
744442924835554
2343386261352052
21433925078325360
17933741458061175
823509635684216
10180744884928152
1599780452889113
863975929545756
13727119917077960
2497489435399072
11240616875821760
11243778986091432
6368833759450934
20819790158598775
19190044462597249
14278075304362416
9041970015170775
14517939189913437
7110870004282745
14592340970793473
1593804483034961
1465074457057532
2024460402906279
9513648845529014
4521142709897244
966853877223575
10052598661871000
3984532657874880
32071972038320
13242669488393240
1431384000261528
3683797008938928
4799312348313843
819121744046334
4185627425574272
740641645149525
14050928172187849
5390725387260312
869601432122295
1462172632489866
5241559393200228
14212046069753896
899662764395640
390256070142744
865124398749786
2528821117410672
5136815155319470
4281505698221475
3555329960252448
12337318015633181
13131302906353518
1371424746555429
13103226396050837
4027386806921302
1833700220853176
10875501518962164
24590360845549405
1031251874423472
2266913439990332
2032340736769182
6862668146723919
9583979697555741
420067979935668
7036471101656992
9628767812235552
390062972121883
15824430283686832
1948648247745769
5308930208670228
376024325152484
16799291038333337
27044538050365605
8985915751281780
2365291023083375
447290800635550
5652491753031754
6498831118542360
1087131195340170
2613093470973916
878110158934625
4410646658402175
176436208127232
5093674843165216
5356846456490900
1510121023375680
2390314610077567
6302506185920592
8349481538100400
5546110985374680
16363073615190954
4022760161941550
1519941984974112
10861089047003406
1920738057191298
573611907572496
2164645933615360
13458214393058397
1806167268689784
736418953955617
3874037078209449
4706944351383054
5800708964341952
4692864010107492
8252350739330490
460599580991124
89285499872172
10344541105194198
11782941651171726
4470939495800382
1942100622773410
4988015300962580
1309393292201019
2427826727677893
13198073818458445
16391314396535813
8132517388102225
2454612342269706
5953428571447876
6100786718261685
770517329765408
4497553749807287
17004129081381885
6024552793299319
2568890185157130
12705042374126541
21577608938651853
1826916951434204
24186020012687359
3540218810852575
2481608443892212
363124667885455
4862100198831408
26123290166425606
1176419135452948
1993620018839360
12410236622845240
410417756339124
2515695106250104
8257445152791420
1541579790278577
11634406290370530
2981170869708948
5472987215158518
13456449414027327
7343573461012432
7731235566088880
13191295426425157
14380661279258295
5812996354189220
20218367059902653
1436676880610828
1756496306990818
26355845921907524
493164699889368
1488011712091525
5385672678572500
850613504110518
10183590842575020
19442215468911632
2435188557093479
2139195397919139
2411455474950867
14901535946048960
3875383920519590
9515689350252368
872016616927330
1353207185976300
5102563468700292
17561315441784576
2020816485486768
4394294655786456
5310014344155549
10557599950811077
3563585332110216
8559913730835924
4253390344928496
12455205425703882
745121247483738
2437040831789096
2132808812847342
20253474866466346
4412900895843732
6302878148154848
8681486949339210
2997661145211445
4696750584102883
9773868895037772
2071368961548704
12543693111703248
19197940130590560
5347686138212380
1037154232827393
9984861709327086
6920359886556787
26649307078035630
6211531014162936
6970726478235163
14936793131812817
2016146421490376
2621311616543132
9789154082619960
871029233335690
14359539826852668
9130232018402550
3817088813952752
10107624259514002
142743108327450
17744670729314673
33180538873389448
5860154190948720
3035268907117433
1951546266394564
15969995691417539
14994635100292680
9065867355225958
7503757259940544
24648334778772
13083927223164315
10058103964781632
1529375387700112
1780007786329248
3174622218913387
14766079681022400
13074569369407776
1637989537955211
12274287592984425
28999370809873591
365418545213340
71209590040800
10338147718251660
20875682604841038
16541225147860252
19807101136415421
102142125293169
22717249051618762
4963292324862481
6834342920399340
2685350372982377
8718084774302062
872791865892430
1499319342111100
19795542877870480
6403346473971371
2446574181611655
13595488126970605
6581364713302830
4903557082607298
2114492258096559
4245409896011812
10395598526323100
4902137659543670
223878610271152
4001189417903456
4528483016009445
11444279380574462
5490747195016978
3487191926114112
1925692637210577
29236360497698845
623651725519696
4556167028602777
1900423005861328
1209121651607832
8451675737914818
42646566731174
1423375461638620
19415338240971966
533911688347835
9582319539781108
1288884309810757
10711638706072400
6008786361463626
28021230297135670
417738978251525
12402469669597332
1951421193439182
1932611082167700
785784448899100
4300997824717280
5341610840754943
5055264602292975
19663009784226932
5670962250055020
10345030153040778
26418634859006615
16944373260813387
585015772351683
2856991687426097
1414283877556120
923696501913542
8801966630291032
10404881601203451
7220617169114288
11239231485982584
7183620438454731
4347412485168935
5505037639399512
11858511305585034
3034715691028560
21886934262141326
22740344558633320
1092534949450800
2981258862561181
8408867316378278
32938547340468
2039582016915146
11072779973780469
23231170646879900
13496354695830687
11972512414613438
11763179035292184
3936994514023306
5436563545441696
11286539154411816
4911679425623610
13021250576545126
11194405080035065
7451174877756985
3385780187561702
12575995231265435
14198292978922533
4474131319204620
538878019918576
15681377562727470
9098160574454865
2813909517613836
136723700980040
4192487139810312
4288016827802496
3443194828295790
6810099744423564
4492422146739068
31200937367033837
2679516731997100
13451178797527697
9526707806833998
3454710083755244
2311617496965824
17789076452903960
26654079021509960
19228638770090739
1339549050931416
8813207825282142
2388289071612157
6163018595146030
1435561985459532
1292905087596864
17597200637965662
16255467069518460
4734016059248096
2756942858040960
6257886539515632
4799707153925231
15175573338640708
620957226751200
703159037235190
587151868670024
4976674461771210
319918887048908
823987068783159
4808838995365770
2354329640940121
281908737521040
7354939391379194
1242704127195604
7353273806140971
9069291831306392
3883123378004769
7346388131922422
3525761862410655
10301960465786609
2460287508063000
12111185639430036
3787173427845568
4157966082841095
882195976360593
4629318213276409
2074006457543683
2251706119445959
9889024457557872
929495697194272
3469636054991968
1131734787192807
2492343248645592
11854813691882029
27597716663008462
15680200997559995
1424020446391848
20293609750844307
4011664027243128
21849454718080508
12191726719783644
5184021851705200
7292686262745644
12456306733934581
1536395235403576
13145015733293890
3487899598459043
18255128654531458
4088366500226243
11340959673029504
2830148924402140
1080161393318163
15727226756941961
234724365077732
12697400705868335
139126119780238
639925448141606
26883843094832989
1298388249521424
16955332071615237
10977041727425435
4755704636048706
101307737784916
5416781524849632
29818262310824076
5790628984713153
6040497917821176
17601809492285530
5857198327639106
20365763404595424
12368770079701600
3578040312437344
6574166559378168
401204651228808
58080019433693
3426672913574770
1258222363782939
738280644195003
13011759769344961
2017864652154448
12802161345760961
276253499765968
7497545563551880
34213515082216157
2461955525486821
20763577068764626
14035026507055784
24542237961211455
4982867589516768
6093959722202142
1514016198454590
5969737887193984
11031122392964352
3785008138282323
16603610566930139
3558056074519499
3986223442781580
1127384349109001
2093019092770690
1716387749163150
6022262667483524
1287184146969896
4216629240335722
3856037245371307
2582107868559353
2405663613665630
7174996206434976
1111502181433797
3423804858726120
31297803731810656
16685208534376564
1050483321210060
14936444205540636
434576076380940
3361742055140040
6105387664535706
10700473264404422
18407233040124396
2521567189250960
1256278508252054
8731062597182539
8354915690716215
3714734597047847
9898297958840284
9131991542630821
17283053140409035
8659106286943130
18416242534895522
352732994820760
109928281853214
26241196374063624
16787653331465367
1198176424449432
10914277861686006
14582996389601
626127933485922
11529292868083633
1050101391329735
6234561623855875
737647399118456
1959371071046641
4970336536589814
9378813085896048
6186992530509080
4764540195219227
4553683325861900
4132572265757160
22183173450405425
24083108867167544
4389460699404950
5583221987386649
539781756401190
2651015698585452
737027557498166
12138338900283453
8110336751222571
2584919044729744
3092992573596787
16350865201402601
6007302709563350
2317954767318267
9952122042130104
13484816967055989
2814511226552175
4877756488987125
1815136812682406
5983160581024407
18685438379603617
5864612685820223
24909980895187062
3184993123942855
5588849424234887
5547238640029960
898877842323594
2535817494571865
368045954744320
14125737089057620
5461035493704516
26604718577476991
5197139696895630
15151165039134228
1125109494487752
5634356687647446
3548743285238459
20990696194489735
2856467656478385
14203139373747722
7494310233529856
12469059996755193
2689055650638940
9449827141738791
1164264711117522
21231458530029150
1895959317800951
6078594429092572
10980167247405728
18904945548973978
6460700609100342
2982235453579250
10494701326271718
4295239738216884
1093022847321993
2219995953290208
3003923350782120
527000699678488
27184329640901533
2148552183622136
2293876760160940
5389099521431020
13480263763616185
5384469977088876
8232476112748691
277779652287499
3604695126233716
1817550028423032
987767813291610
159574147460074
9232367261911826
6397977856929140
5997830408856690
10139660507388370
11843435944746641
1417030685862179
3278855736302622
3782653761802048
8984485356370128
5621145795059167
5039796751490404
1393576351660200
8114826974001441
1890759052239232
2074962242497080
4529988439242276
4028136877963023
11499587346671181
228771733703632
10206074486075020
5675112965869946
11659103619802986
1710731653774292
5535086492502162
3728662048736814
9161528814164220
6312665522786336
29205567113382952
8157064569002454
6653616596072342
8081393938424585
771678178944580
6893280905883607
17222092299446071
3728708655298382
1535621129850621
324820569719164
4622563547940130
11211696469135831
10652998062490288
1970870799033690
4478495173014086
1972243680370848
9768559776472228
6538948364952768
21974804814624624
1316529236958811
531811619908657
3852639498005935
4539660813880399
1993924076958893
23296398143956366
4795309191886848
14349385482829004
21026463236444161
6567169087549226
3099469345991518
476207243450484
29865591590289200
2116927682315692
950515261592730
4805579390833156
6002077764715884
954402279322856
2840563690945714
12452129768373957
2346538101657800
9079710109667928
11342574039323088
311863649461240
134622966802552
513949258450803
16619622412405094
3458294336856744
12174573071687411
239196167108500
8812579162658550
21998887319640467
4192482903915260
16990508967866583
8957277557595856
11779367144601878
4766041185149615
4654047230370144
18903513602000183
24269167756835808
5447988990355926
25862244888618101
1733702875022153
4153033513338972
30166194403664657
8325717763204040
3897008736405504
3020555584434595
1213773858556920
3965995200377222
7814809668669973
1070865172808814
17931055461072880
987616594175218
853381568312632
10945233283708114
8536079852853960
81150006941056
9519083886861090
5536748999098018
15800371302270624
1786886855317816
1521603718686414
6649199162817281
412636131906225
6402828261062323
3743164020533046
2390150445479606
2053109854944057
555578168278661
6862691235041656
16134451385897031
13840818644097354
423958137328561
1541237712369428
4288858553978637
405078075797589
8524589711098526
3914720859412884
17450952483771994
4404727470531306
18752531066257297
15155904867704055
17843274045234365
485942107550847
253979374336319
12514880368937271
15185833723166002
8462965022685961
352192273644985
16248356520915512
508471548862260
1012474916434009
3183143897638930
5648835530685874
16803320870102955
13562859137055520
17325665569631050
6823965799494751
15864904492693668
9396299071084276
11953877488152455
1843938021774378
594832222277211
1566965492811712
1882887459115081
8517383677882607
8479886429899430
