6902912920328167
909231708258919
2178376355806315
3174334330070156
5281186949348054
561794671905264
1159038806259624
18255005443161098
602792261204216
7181393103630606
2661058551402552
5784081595308577
5236734933311086
19565928227745508
6671700840987040
14388461299090294
3983686977318050
11530660265809574
449244851986300
2593144815846600
9585431902842106
13061494481357772
2981666440969990
157715127332050
13067281704692040
3812605572622454
6231450007913550
5705217523308277
465097688344080
8529050405306170
9462924248346108
11821367007620311
8160449416680613
2869267999298160
92265377266383
10010673303604920
6461729360754188
6616366294160280
523538172453060
2984405869414428
3616630695875700
1380652955829118
2644211482851346
12117662989791738
2248455209066490
3549685670023491
13982484798930032
1913151416320831
14540570763859206
11231845095164050
775412979651235
3151827308932386
4851974400623040
7053075963112587
5652015060206592
10298022459348129
3814297868035424
16070380655279081
2505187562213700
13549019783202240
408789151416576
4876860334050957
10318177545038712
17329651253356266
1229639146060995
2365550489819820
2792653363644906
10910307214439260
23811998045427215
6275760849207977
5219529956942050
12721835426112161
6300532073454740
2668157291653308
42096288584836
15252364626319522
17776800302531914
8929194881693852
5244503418857181
3783473918827444
7216595059045024
11143539440212974
1493782723346640
7824151367176356
998112854025306
114641990406818
4834058703009248
1490160230868023
21624182274324810
964616898091900
1236914331016194
1631270148458616
21222907714040375
1093365976885112
5762220237390966
6743447225172829
6396803152222392
3847399505157558
12654090008960897
7765672484715270
46228874643100
2904717335626960
4257803542323792
1229014526394696
296994805936071
1350078213691056
2044430710689371
7564784288880308
347144584845696
12342304437141905
294005573722648
6006116246646096
4077503443832302
4840562824651715
6940912528788042
3785582719817778
835095319679670
8921747873881472
9096327850760638
11899765966092703
3384085141063887
27101142161386089
7224639596770545
2556943383040900
3188122410877970
4285347826259084
10322758902405674
3694603287985238
9710699840952034
20355404593184960
8500779349240716
356368181115460
91979757151106
286381560605984
10430247420469998
3956896351677332
7825796780559746
1583732314923872
737974606784261
458217461167767
9774326014335482
1013047447979039
11017005163578720
4154538410829461
2304644844976508
1368013779697075
5611947833970889
458389651001544
13405915802941536
1669167185309932
9404503149164251
4549865448758136
12643643784119816
7691565415003228
1078038564770595
4570895940674428
15101255042365881
7333462262116352
1504246833899880
92893327397840
3343284341733286
12747985773338815
392051065659723
4840079512422220
4758980784850110
14237195675665656
9776311001295714
6574987370748996
9360624000651905
6293322907935455
8842625509932456
4730751999928718
2443395279444479
1996533354256700
4131433356108639
2341553864165802
9411130803532710
12170009706636600
15193765180414337
5115414693059538
21176752637886500
6010786653828192
13692190508177140
4660266091727738
1649568320058530
104608675112304
17776116339066400
14416053083807581
4075425006471123
5639576365671677
879357085295332
1401970949627670
3193931277795852
25076405455170300
5331943500156749
1776746199204814
7420103518142910
1465423123949257
7941636523721548
1642030143555072
3462191621701758
18521769501423935
8880531198335645
16468116456819020
7433024057824692
169746200713960
6986431536683360
832707871977000
76823564787940
10457595379131594
1317142363521839
13322205399281249
1950015362916033
9755063144662779
403839906583456
2293286668343336
523256869511328
2463007850271448
2864648010667005
16778717353110105
2743288744651836
5205155560447760
10794150482629722
1322783922382455
2027474774517580
6267182848758117
8467124696641992
374262802088292
4706574541845037
331984835954316
5963930851627598
1582144984102142
2720230449775118
23525203235563693
5193078789046392
15852663263984428
2215946109836838
3047288366198487
1377514533041062
4200907114080397
5968501108768663
17286953203659720
460335093020379
13827592515887101
18664819355562031
745268484146296
7973929379885397
558168096251180
24759057366452316
1623377135436390
1984943794241374
4831989846441962
1750813486372305
3781152971134168
829486146188096
16320253405302320
1967008787425522
7624783085495808
3416032140041898
15813166845490471
5658641243489220
7010546220402443
3958501960634832
12636349580965361
238841276201856
10921944868133280
5414902431109615
2967485142061250
9845566223527692
16919532528379926
6070029772955688
4099665519675132
558138639248824
8087526741933828
9414199264099560
1989978796620072
12713957519951721
4748022787133772
17551076187651680
2755463038752616
7731675751643670
607881915648452
151298985719376
6743570028016780
15254155315139008
6330770054928894
675720674213292
2879584983696864
8414290349965361
4668688830435665
12457194191381121
12013954252061419
5401162653925080
19351235427104879
1673748581883606
1050131604144143
15859235243298073
5790036135240126
3684749832551081
16608417155782672
7883248331187227
883687499599297
35306340245403245
141492848527743
3606704325698880
5138464688960120
15322229666414780
7023520495532896
1530771808025568
2887803904748528
6835958030274219
11055692849424080
18025483899136680
8653677821932360
14662737041285931
1623265171059640
948985276031475
30868472583523426
7930065501078998
429804081926721
5768175193986967
12621438729550496
7215421214918080
3594157409528676
1941900893886348
15258167904066608
16209858307856628
20091534161702574
17436695685684664
12391491816089282
741558352815370
7461613690697893
7278615970056416
1700074912770255
2109900693547290
31816737527425543
7437590035475130
271239293349450
15004899520463700
5898371080973448
14276564611897083
6982145040668980
15411129264189104
11583649404430615
5095140107379715
4906375149541762
5021577495165894
4049085978820245
12909910355752973
28420456119553614
13429443719716393
5163517786449264
1470002408663566
11446954670235190
4670747124086744
89053123938240
1562009441720992
9837026648509150
10853816571947376
1082996932463754
4976965170802604
4598233332652420
1490084043663864
2214405805563399
1783367101778108
270838243834818
6937501249943040
15284599386959488
7609207924679820
15968646411851265
2812231000149704
7136476323403000
4990844454047560
14643762595366389
4403283003239874
311094839207727
199960117392027
8155122243615246
1990110641092665
5921881088107782
6557048054924886
3784011973353304
10269032215484530
2200410739468311
2676078285710280
1800815581875644
16389283580352890
5020180591109716
4332277409411197
25566535077603793
5656511984006960
21179592294525120
595415488855689
5669798331818680
2596195171690785
6730162513904372
13024949260696581
3599856213996222
5195277332522088
3430833090459052
47144229552810
9495629435764875
6447543824531106
2858514881788685
12531995806332393
3695567373010513
4000041880671824
3666246560582892
4623372558179603
2144640862092848
7120308333170240
106871730204030
22170290928424425
32865143143326434
1333301258793780
726249703258761
19944685866470956
3434577824126956
8471490898507545
1884006518058600
1447544824254408
1112585372909730
3898333070328014
223399836783980
2320330675858667
4584206385558362
12036168721302907
3686667829984850
7503315896637505
6999724564441836
11775944408318202
4365480494885094
13621765401293285
4955214475249280
14083963463592956
7731003149566700
2881462333161760
2546893755658122
10008906068038440
8168451224407600
20762632519825989
7812777457617256
4783252106749578
6449496383689813
13413841976660314
17125960501762291
7277651997223760
10021810781254710
6532878302419320
2895908813791365
1117589748456168
1409300810492663
6442267157783697
4766433518385370
8438138979814874
576486996032958
12636324794537481
8324713016284446
7048024311203785
18448704708233442
13973162000701109
1540004906041602
836644516367643
2824776937204039
421707803098938
6309680482893818
18482220588336453
18841020482490096
1322610178225840
4589400219728698
4979008714477575
17264090398178274
8853401227203429
16395612137554627
7240889464556546
93572023686845
443758573902670
4302085330992300
1817677025808560
20891743939627134
5058677207785814
195187572105960
32302729634504710
5219046114299225
5990586569064832
353390187057189
11078749187805004
10242079567155744
3299941391420223
6878753333656410
14529506442070021
11065171036986991
312709521491388
11739654102853353
4272894069621742
3213356820797169
12315097169725302
624075753442275
26776720678916725
2499845114168046
18512312590689831
25241879808464444
787713392303448
5228894477470080
16096538263020306
14201499372126528
15255075863833760
2901255839421061
8179289620302045
4092001715065450
6972896233875880
13642628326257424
1033211249541420
2978833662226955
19071717947231520
3846161785738337
20603069752261194
3818994640705282
10096171180317312
480742686448816
6278311781669567
8967565237967680
9001598224099734
2525484161069077
3308658946074470
14815499890301512
699882310908480
160181434505105
11478498141247035
4634787356908436
2883126542231226
6830413135698288
14506009328662908
6917476596247424
2792757926725192
389574489517910
1635796524493468
10782712113111739
17131145941582175
1561554927831495
1933807708223310
5768025756065460
12029732710109102
14980459825960232
14906640716112707
286501075364907
12273559218379924
3379986871677885
862529784342406
10837915732495152
1370931133781118
4184578594652181
6909268195949448
9220327010209261
1059298941267250
5082679452666200
9283761266777394
2808171762376608
7186619426321459
10574062649154302
2353074583940688
373168931701381
2763239626511246
114527556283426
11659918261907675
980991952359765
12024868081946720
7122270570513336
5808443935182928
2200259895205713
14407468384065120
8069544630304686
58325330403714
5554836161152854
2415160964249448
7805749941364791
9827810754329937
1157206601957308
7250002191613650
1886425956514916
4635248149936576
30570167053353742
6180973276978155
9780643749126636
20600192777435096
13427205775936372
10328309439682416
22262142977748975
742570459656510
26478663059747628
1853838314046390
5952194279722304
4750560716507109
6164998929832140
11779175598981281
13837204809010734
7361492163910982
16203685064206400
1491706508926566
13829665402425976
1900056951360375
4570717038548920
6431190912620586
1185937887949512
1739601250730280
6348241157298542
1326225796850058
2999261654117525
5141904715611165
7390717058196722
15217963628784524
15701049036726602
355879179180512
1314767978731560
401300686252965
1579792242417725
1634117186523584
6822107584211682
14030706314728443
2767599673045740
3369279619851662
1033669095925860
27414831746061
1915529857659908
22804085457109516
11769084756077283
8160869863051004
4334094622159378
6275332262073017
5996718105126005
3726273081667750
5026198953419955
11130453785907718
2121448634827180
2537259048104243
808070956952028
2970051970255737
1292865893468744
352649651413122
16437441221535712
1036983379715080
9356955095502504
8794607159222262
1823351657260128
3158953433155104
8567862337526300
1980909572541453
4577410434992225
7115130122441666
12880674280876085
2055054765299550
1244862720055388
9282460377130013
5581850257820610
16222847540946418
1437479612734820
15272035168814740
13652210640858638
17428893531016200
5522811372143710
1187617698451158
1653246747209697
3887098563045700
9180392448406000
17930221625411334
5530397639059766
11846899058840815
111255149771084
7074404526174635
6300557247171673
4842484087198100
7356390522867681
1472469176780774
6255977270942793
1829287359711006
26536941493999130
15787012620575960
14475797192139639
19124584426668780
5560990435157892
10060285508696892
17972315166950235
13726361084817711
4114235621072336
6327667100475339
624152861659436
6334317231857725
9945106197233130
13269913631678170
6450549215583023
18100326793908021
7589148577324546
4191712657277280
9520958925762790
1800130648296290
15739898258038991
3163402463142740
3118976300640186
13663472566914990
4679358250679926
12499673354316525
15181780405850618
6249518775326955
16666183760138158
5208695361400176
1451794262470680
1731663734036717
1182902579872341
20616764669881552
16654170002038326
17547972483411905
14748397925707392
2093301600757896
7306492747865400
6397725809130110
173642486905294
909256321779232
43169765103780
8817835004685368
3308039515570697
2421817102379800
496324538070966
9335380758519984
9549925126661430
21280937263418128
3477901503048792
22835161041324212
4945409068905966
5023682670661282
3150716398683323
1088939827392450
2945776653801072
6114519308294901
28609563366734058
7586839945469888
1808473577692180
2828096463671776
27427899073794
2555859988583480
20017569215020116
3153171256273950
25279906655827959
752749201747125
9689685357064310
6090188367899180
2239162589593904
3550504188709024
12102322127707429
2569497673275064
6251928372660316
4354686579430548
10613606737307117
3723547461489636
8167915217150685
1737290444515626
926642095575811
19963826579184587
2590663298902740
17051142638961018
12821745288119133
2901002257391786
3118836396430512
6554599662316717
7389157488224606
405830394895914
11861917272102840
25592295236388640
3498101858934696
2427475148007068
1303288776413920
1996297543979560
505684679108479
26961827948462664
1149039662132553
3868044173974864
23964328404228361
19911675232767318
14048201145294780
2028644076070117
146610016907348
1772568222237529
15543704395560306
9060943615764028
4762185126520698
2465911666233024
14677961338482915
16050833525331872
1891112931758592
4910094230320787
23906985132476721
25539434671284
685172726280856
4991288405766
6600588570952704
4622134270786180
7831414393176510
11035395518125608
12101190173904595
9617929310366297
20150386463855489
4251671157274255
547391013188238
851333380129786
1651122716579848
5086971936105704
2617914877182885
318999069763433
4899597162200076
22938511694868488
4991483738706482
16461486156073114
3737935954719753
12748097551498387
11707668952436331
3084926636019175
27662081243721676
5180858983631488
887914480099116
18475388981332313
2561605265436635
111593181904602
2921742049410450
4359034331508850
4952034336336616
15484040058795012
19205298278787036
27851232972850396
1355146874856117
10052733736370880
1246454822750058
1721182241817517
13226478962807514
863602707564225
20229266573905682
220686772173010
4020008295089002
24748445514934971
30917721955924247
11909414206935336
5717152658784028
748673582483790
7819717372872
2565268111790208
20473006100498414
27392410247568931
25855349454765569
27592819721071665
174694118155050
7041674349003720
23746346140761233
1616460967774655
394149168128078
16366140753191600
3145531847026553
710732179570072
5420659125378617
6216606886681360
1606523594361388
4668858536064381
717788513545048
322572213229080
3520465522721140
1174985202419646
22234342523219946
2458923970488700
347702253251430
6525691667173874
3589084855048052
491255936522592
5065911021836776
8227540451190643
83413192042650
14560159910123801
3226240794261312
21751679441877344
8550155592427074
36278450243310
3096748245154480
16147997013310505
5563711516544508
494945033241478
1568252880513508
1996922311417080
2813942485903860
483618826875262
5006392862710338
831956930742582
199644840651861
20848900083158507
441004611882080
26762478510103953
15275540948445360
12006736616889095
3970143805225878
23579404076240409
8291227343159900
14312752242487177
2479400801287567
20663222024142657
3515011118906544
392596224982461
6644119995271907
19053903499252483
1745145566305213
15664158855757020
20015726112519541
7219084348585835
208159454987055
3147590249435700
3621147538344129
8154603646412492
6245035518973236
3207568413162789
711712404639933
8151428953455155
8452619119686140
4051291406334180
1842425222214350
434597470104678
14713991362420557
6985653968984242
608686016576092
1255287731478760
122019206926484
1782597952291748
6714569078947601
4519696199781901
2906466580265762
10946103041101689
2154682277091480
20419547744573120
10880895396335027
10794901788146504
1985364503303544
4421014443325825
344555509638822
7227293389031910
2987586523094278
113042408536301
1485809506193040
2775679077021660
3236135364811648
12204067063291860
2309989979341028
9986758124441417
9506540569527450
15534131142478328
34220233233257941
1056411209319856
9193144640858160
9611915828497918
7085500442311160
2958915041027064
16194071508161384
1528770200561641
11671647674201093
9228474517005352
12669912909284608
7649052543524560
9086674256198825
901173243976308
10853589775158900
1459496004594136
4005920303205051
365863916869177
922003325830229
7981294193041912
4801832223271895
23321570337621450
5483904545908452
1035517001805454
4424582676935443
12826099388626092
15338070642239381
10433505405115380
6342424179417378
3171383905010160
4516214771159839
14070334836071618
5403543402663134
880887364636580
2200498713093879
5554736601678893
16100325436596834
3307882354004173
17417444798057244
4036933256246154
24425977660083130
657193932153492
3205134533491368
395783172875760
2754397206518589
7963723452869460
1273365729323660
6555282367315990
19757120261995248
13194096402923280
9257617890618350
2206580693792103
19911079666404472
