10623593806710921
14473502995297800
11761658161423719
4061734418889000
26158348798271845
2863131695383680
1203409463797485
19284612739847232
1878705076125865
3803940168323944
1161931044219159
4859026407356170
296714919075224
14414120366436757
10155657810638034
1202623077900270
1458076648935280
1093264194767940
1435039977513846
9045965219144800
9029522084097472
20503532441107913
3585037958515920
3370629281184698
2116199724477762
3354592263271678
10758242806995726
2810066498162941
6022035380903164
2955258492868858
20132341881847955
10706024495937893
5123395222839486
7994698418313027
2048508865655280
45345293799392
28758351205946431
1319744219867590
340394703478600
6869998513673358
3829541542218282
24345965950938938
18469786980872424
1647276528481787
13105116158475096
2667534249996936
4126910666777325
2875257892928988
5095611781365084
6743254217793496
12270435196796808
8876893913601786
28024368955893356
2241476181460760
2389601612851299
2107763597018880
2913144928200540
349573849946268
14036143494182204
3807371722595637
10739657429761395
1246223883514227
2278302407456175
3204425043312488
12827080871233480
16089595157614775
1286037950110101
3308842100637652
3454027944747948
12976914302362856
5453262354160520
9509707748736117
4391839359530176
26221848191089645
4047477089107482
30040963226747207
3797475423610038
3582206498184830
10609333270220314
15719878785628360
3790090553926
821085157105323
28684882306000479
9239426969639693
30215994187605274
3430887353001180
408625920862730
5282765511785955
17106359327470955
11218627338007570
1348725899739040
4682660511901704
1058037013246212
921631542179070
2648803928701215
4218302006667228
2319490992315776
438549211306260
19816378958329867
4589884386179064
31407522494247230
15829464028856796
5105217531902200
2721617104633460
2480670727283744
6406889773973373
22440506430376046
941439541764415
3246904919200838
3279286566841482
2875364845563604
1815579331577329
9783922268304230
1015968113796824
24112115272249172
7293716261557600
1225348920152097
11375308067037
3514937971653106
970658961545280
94133286322776
16505321651253644
2418583499452848
3280308502451346
18059841422795411
13454735786810726
4191044301729595
12211254815354104
15333360974425959
3034258160834961
1991943510847440
4495288199432275
17964288761258898
529582234301782
1437542459397926
4501209305967044
1299785708465940
6316690906795633
9997820521907367
5222181446710326
15576606487262315
982547603902890
17704691151553066
1972550593853842
12214629942337422
1804659568958479
10830544645899543
10604187909750548
1125324529844130
3063968376316890
2425390360457262
33354447265357860
6526569054488250
19666118791877618
8389140617399823
8739660722782616
8131206180265371
27823030058102974
942172325447700
2646233874272310
1920261006890793
844358578295448
4045468197110913
9117239708835328
16014166491582709
1403700050348640
3685971638316795
13270002043974314
5126605323043635
7577308255293915
43631070488400
6018014041825680
10881963038210320
7101051348860266
7737371486778794
2107501704838296
2481662199061962
200443020391746
3991381261017600
17244421662345315
370488942790128
1393148120852124
32734841412256174
1220643039078960
11609916385462816
845538377211360
3875050139635289
8869716232346539
13566311159489175
2074591687306866
346352523472527
3165169616586362
775254651900216
2425570627629760
8633992796612689
13414890933716922
601320379716832
6801866683567626
2850109280336496
6993291338121865
470609308444079
2039104815563212
12206867903138964
19640206711812500
13960900481505408
11007562949286646
2202452297503380
6303791924920552
3859551351965025
12499380592735416
24704745592870896
6532202969664928
3069498771384248
16209630481923630
29504275569230943
1527757319015592
33655359898073850
6161657229461548
5537436044252486
20124409625928054
2803764879661221
1578102104501286
5283166701672540
4521354001565317
701031881322348
6965890804714976
21946948333265105
1711817107250922
6278374348669878
1179147710695467
2642830358457926
156776072190929
13491064757345784
336392600475960
2437414860400331
2348002182316492
5380018872110262
142680128007680
1568439631402000
4390995705488359
8049577370604850
247464603369184
16665717163350051
29697233235491916
15283202878635081
19883491584228884
15204592092183298
16199288564294040
5882598981497614
9087998166934032
24941115766182544
7071337664098633
8110630160675044
2516227000123650
3104406029794575
2900844647725467
48537933474868
2584839566577280
3750210772431924
3719539098770488
1892939711591240
17691643137132860
1357827451158824
3027308194917960
17199403292837970
2309070578369478
11630996006709040
296400427782373
4346705532283840
815566432686096
5307393201872869
31443787818534
3065274710017230
3476518013113754
8441317916475065
13633777048223618
2617575308925276
26719596999199202
2526273535155997
21989430516005748
13988939577304338
177505180002709
22691133611525948
1582051723486486
13388233517851440
14700759400266373
16552280273862640
6580346109423847
6124349773891169
13990363646038542
8593633478416181
13132297188687402
572222834593304
5549639301521227
861644468927594
2422944468736800
821255865330625
2026200930585170
6387966603340584
2008736164758770
7942008022473978
7257000546752578
2336568902738748
1775396146665401
13631029730335120
1553225850008335
14055180981129651
125248961519223
984733291797390
1150813374113249
3261046198018305
783876774378776
28282926736457962
25147886739591
5204465616587654
7201131695988944
1094054164926987
4768579217644629
13403333694271930
9889208350896509
15852363983058801
8755968285611000
7215373264571571
27493816824248464
4155335237695868
33281947483044876
6687984817750995
1717514662796034
3431341696418607
1040102837202776
1137023532035969
3544497268488814
4433369385581701
3125676386019173
5778392900388128
4054022241207708
10201390982972385
3650302517743126
2204899747485232
7570444781833999
2480898782449290
9544007066222037
3114380280248523
4577171055355815
20215799157689295
17061978785273684
1174347212311083
6733088101437540
3773637673750757
4011509056153729
2071130233806942
9812903775024090
7148437066281070
5560912122438504
1649790234892728
7176806767529191
1011389767980420
15415989594202050
145363813816725
1784049201166498
9569351252176605
12805050510415028
19343995056912329
5238164155770013
1823053354806218
3987276882224926
1203588429266305
625263160634330
79086752925368
7257137334489154
7559781820580192
155748285917994
2315914544804628
1431673232227014
14959201396328957
33196660306622186
4153523682928708
4947328156135199
12864007354807980
1982275759440391
26698418585343258
3811145748348942
2720580258541977
637448754604600
12448816193287805
5409115319780953
1671893652187363
1409338953274461
1018475291152704
5139860649214226
2220236892772560
10152830784342601
7823664270219760
118328029172046
1811301670452222
5408669674813932
9323248232868105
1086108187054275
7331749437023687
2335340834472768
12494091349617560
12093593746948486
9621773110344376
3395542750752334
96966752180640
917089961666840
14521310836931850
3460664266109539
21212949649946810
8211282461433530
2094996489673267
21047384535229794
1559260766044742
10640630478506946
535497651501780
4689914075290510
18401247331961202
14034636982864609
877639101301108
500077051623684
3995576064563796
3156698953280752
8231944477035590
3793969911211143
5033521124091378
526912938682884
4185089479296520
14138199101545299
633367660687316
10828622826464378
938541383272680
8740589469024025
1520640357724530
10464603865566720
483506965884566
3048892670234400
3257247769933025
7764203412852278
4808944908651720
4052565789053616
14053017250281185
23195315248852596
384921558244188
1126890833967467
1390342864940617
14426949809712641
3906660312803304
1012205113388084
4979133711506916
8715664826022118
1768831884272790
28849971534566491
133313304193224
4494225839656388
4962062127711139
7946758491960369
3810448374049311
5037567701586157
13319800375873300
24601661965724244
5654723845860544
12112548520179056
799787418788352
21902982756346642
7604337199138092
171759919830628
5047566013556547
178361476103433
8259980549750224
252724169825616
4738598483769848
4976271115101664
1670536414850736
18468198547529641
10225873071006621
5332361918268548
7110344213489802
3469246302825312
11992471717281774
8104839850163924
2035973320877064
15929922902574336
7107677427913230
27118924285469439
259086731966904
5877573715913790
8525180371649772
2939106809791196
8183182608885116
1360236000382116
2093163018490420
1020705714671232
9053135927152596
16113896674791778
3783425994725152
8854235954035837
767768582670700
32972312063087805
14481133971646220
6465868299993009
13164667182216410
1119950452738836
9943780121643706
6794441007302300
10855388030728185
1629990254574318
9134239436021305
1909487912654825
4648357095696
1952526284391263
388891763706080
6336672503563614
9958746144513696
1714241777264978
12622486281906320
3997437126944030
5394409801232135
4546935486032253
5281769604959160
1259028864446920
2114005135769860
1785944674918722
1465872840698508
6294603679597674
768032587299930
85621425137235
7380648054035340
3579935516590320
5749605621160850
8944193238681951
1517765514870304
11752409463759232
3279517281485048
7074807997181237
28803104825405544
518503328179876
154190178622546
21021198955242668
18946244286582717
13636030784949077
1892668608730920
390087056324160
703020411387805
16557605255157222
1637312478186133
33003105701915460
6907540053833406
15755624184870864
8748719246407326
12718313999224774
4835943650847369
2597684819122287
8370734977902600
15256355937458619
940875208274028
3937773864770064
685255675700844
14577749475093115
2408736393734790
331238113168305
4082703719882057
5354942297855564
5015260216620784
24037812332678692
7877985120709979
1545225382616519
1829157114028998
6409966915324136
12450019359052480
23039848276190876
26124724399218089
22841835216926843
2691619267856500
2575608993234864
2831119483218048
1203353592565160
4408034119551890
11622942272608263
235933231516860
12901197123282765
1972104469762963
25943198143860267
11129747565230506
304177048150766
1045424730681002
2708712513350025
8141977916507400
4699397675072439
12283773323804280
12622529170592546
3160715514243924
12283966216778661
513785522303442
12206305857947962
4071755161681506
16701891426653815
961786521338566
4798572642584910
45796762818474
1362827154879882
6146023669353666
10360284452840742
4474830503735202
7487128972583327
16776045103569880
7482080429659768
4759335956399040
237601369298853
2488149606214178
482860376212305
4070752183859790
9445916709810138
249049861593432
5200774578841977
12592992430431905
7976930421586386
4211531998588589
14211146424772887
62618012171412
2182647251972208
9058528845856008
1043556774917130
4970333411721093
3838165236865641
15293457305986845
2981458855436960
4461156437517858
3152862884787715
890365600762140
23551037887695229
8393967750972594
13099561061572869
6010078236736925
9055365408126378
480938211025500
13336942740871856
194577802783240
23455121644683036
1781089193359994
8290878396181665
6353728240402909
5303592667299780
8806570689038616
1640990760642758
7505689455403466
3869937895640125
591883070810516
6006500083235218
499798528899440
5261152813970000
28427188007759770
6795191851886802
7392414630455026
13845296952696754
7551400517904586
6117936558841926
12334736860859475
13357581950357701
589753146788754
20519394511223081
1571293916705520
8932664181763077
11961272296644165
17696862456344129
13483145320623969
634841057735850
2472190467133184
10715514556856165
1753294014088900
11296145905403400
12408749202828243
622259027678112
18466380936906800
1782318648570075
8570177603784725
428974651951503
252652351182402
13989881171586990
9470533424264864
1374239670991836
5558102526215276
3217065045023424
73830069885744
1649112616095987
12432024958283742
10119800881324089
2076748388121120
3925121693649051
3627002397914592
4032780592644176
6996815278888734
1273575345328496
17455686172274541
4776479394908950
13488598324399580
2267065158073960
1197617884689438
18882906074977435
5051629984691878
17290617142065772
13064486247712090
396597847438624
1418710769887820
12539632293367935
8771145851171725
9303534986912371
3265869613717458
1461220762137318
984775879726340
3001672242151366
2369445457758489
21056171532289412
8589793069890847
5136761998023474
1024479740214000
15445316727357462
3629807786508130
13284716697937264
10903610552076296
15661855140389634
4402119116069598
5827576509981081
11404106468370717
9447825217735716
11796181109920717
14567461517573324
17117662304086346
261591511612876
4197973617131342
11891545675662219
7826471986838241
1121585587564497
623050681477862
2448266130353648
538525136960514
8944557007574102
24484110674136214
907740004474980
1242612959902808
4134931115658267
6820804041494758
8759136999645284
6778155865475686
5024009102781213
15199994880065814
5562886303097786
12889854492742528
1407187974444900
551499131268057
1101056999444051
768912591058799
14686205474489369
2389735458022091
8021800520743199
27588940507453172
1152258637222352
20621587629626964
1940395764256670
22595373129631477
881957861189400
645747493181285
1302845230818975
9931706302232758
6016829827188110
393312737000860
13906621695820031
7268479414620615
5373526259582280
8613745185820814
23460590742139121
20062961645000090
21084303300449360
2673358172270822
1821639274701686
4018028264675300
5582473630970634
12954986744689262
1391765965884948
1331044500342965
2317675593190030
4348091358375183
1706183520025530
960661290122261
21501955998130476
4559904459593295
20849922638415084
6784141766669967
13926057191422005
11150487249230876
6115690001289882
10571994727629498
1449956790595482
22153788008574524
10807809620262597
9074165509373685
3152384023734037
14114299756880462
3383776358961408
12917352404939802
4657038622832061
4000052673664980
5872771945527877
1696074536050007
12106157580726609
1325617047347247
6927378245653572
4938657976477190
1855731842604850
8650496571844009
19839894565760594
10367222047161056
6948272153199795
12309822634456684
14914354594608582
2449107397940035
6206495400316491
6049422622625018
2245130249286050
2802112982804140
2556632845049520
7937805624408700
3280865159835189
11732729694996456
10454470900690406
2176865494297092
6291598841447440
6763434032253144
13038925818672
9473976572336626
3469590948971607
5142882073461353
4844096755130237
17036239416871522
5636160993021272
8130341534262040
5110969869409068
2698802974884747
1306601206661916
1611460846466784
10938503496106515
880401858226314
617799227198112
10196066636344469
2626356052785627
5511217140474696
2874515297701290
2581156394433610
1840773500981998
4253239680590488
23130521460400025
608151823743456
2502564247313742
1638909458960325
269744393365588
4926897109942773
4948830196353708
1356406591128878
706962453965028
240556802404941
13275728089962443
9973716097629858
14217144332213044
10924283094608498
21918189651488
1651851952033568
1061058800254062
218020149590805
9543204579399240
5288721534732218
8350442739451885
1768163503189006
4379850437568264
4229570560862952
19457311340598402
124431777311000
1250841198246270
228289893334602
767745269465240
2875985643775956
2296904803486134
530142213505800
242513296622016
21073257100044504
2037897124133353
262367922973520
435814863621597
24900790460326254
13152824155266070
13934118844975793
9540265067893899
14512729100916063
28972514484964116
3036399113778528
5393640003521724
12019054475779446
170753058514840
1580686859991965
12590280066571596
1088695296936414
10753629637490822
16766209425790686
3963606796007408
279527344136631
25878324604765840
10769930575075678
4435032861400760
13992768332110930
5103756326530340
1615473996447762
2592144666186900
1003349317954720
527769879181105
1595393076704010
3810111659654991
1032395483371122
2773512736798880
5901653224906430
305968319376435
3249738896360184
21705950932264717
11985437282802294
12711258282576941
32042275500326606
7676014775986634
5280163331586568
18787090345216821
9788905441618974
711006321845469
23856522123936767
6805074833309982
3065069218479040
8663362291877216
2957941576593464
206042281743272
4001492002528092
1395341718608640
10104177776771748
6289593709362010
75316958883735
4808916079893928
776515334513720
6608387254729830
10891455069069246
1333984638900978
8497967442286968
4651529050281644
2543875976346936
1104406674934068
20564577337944086
7376650343059020
28425847146887161
2649200153201060
27824201332613094
14747075704339952
4395114610347159
77415005308800
1713495604738368
9704774883930463
16462813068951052
16789789807023757
5162229192255686
51079449354327
1551146436467491
5649767567795859
8546248092778929
8776813834056758
4995714735978762
7953107301834524
18343203046327064
2495212884995109
9721180877599163
6535129114948926
5267677962557344
11706463970563439
11163126869733046
131912293097420
5607358979628987
2504529049647112
1667992600584440
83068138151572
3808506867014424
209570180972865
2403195217334275
751360607288440
3539376225458352
870070417826511
275622944239580
750109290794088
10196661153060835
10058508945134120
181885292919143
16622529981936347
8140683523987297
1836306873388228
15754704395760580
8164000741150395
819431100759705
20037871709810976
1902747596294273
7187494949026515
