2674525814456804
886961375987556
22236009043984613
889484209657760
19446241758064845
6630953733478296
3913793968037499
1881401105081563
18370989874601623
508816637072773
2721483915424480
6278374818205898
2373280164831455
1744811241943372
3255726113442112
3310787928326016
28836666625505717
26005444948950
6454267923184470
12253181744091279
181393873277967
5008627601148276
5862135811978134
1543721585213290
3402747438477394
92344206647430
2454656970872466
497167360169958
1273679873276564
15302086115096880
7108230045460439
495324825317586
8597512605732661
5322185018650336
6586450750872160
404558957168860
360414814508125
5849430899114098
4531405049919859
4557876010418211
6989927605379495
2642689299690440
11323220309724675
3945077386668992
18764233121567004
4826788609781281
1353652929938988
6177135464494343
2213271853882362
24121769061935844
11575996684146195
11492557641496512
7655352636074842
8133618070996782
12121961851101162
3178848903543514
4942704620417124
1602846761484682
4235652750430286
6632672595434642
4879733492876702
4744890787172400
10512953215688524
7827920984962222
2589837992049024
9823876711037837
469736486079258
1971957437111100
259482857530056
3838451355751322
3730001483000100
17334957382629363
1189828919725446
3313956832192048
2634334212962024
2553608670194624
729901467392400
46222343267652
1180334144693520
1226282722527400
8255080017290515
16631404238857395
69127599930669
1499605129245870
353521274501496
13183594792509117
30238384114073221
478622401590307
7108754355822480
5979605132468005
10934741349887881
8202009927956592
1451528637826717
5183085388574646
807394555941600
28912721848781147
12310836109200288
8900015521498255
5581289661313491
2090559438222048
948314708850882
1387550072017821
8653344200832400
8807752817954280
66398992964512
2272088044019454
3566645299504191
5387529953535291
12416201989923241
1315106557731813
710851933644440
662960337373345
2201421796310536
1252797888464184
15698625240050844
4364730646950672
2063747797400977
16094905403315868
19256599088205800
633165147184063
11024559999599320
6139178235935281
12739573448758674
8463786824691983
4881730928993760
9843086588858325
8614996700260000
2365133461970048
21727553575787041
2447073024108624
13015550128587427
16715101058023965
149742122633328
2248736463611946
12938721569983418
17435806692782848
26053179283105765
3926106571282052
18828768998107320
16338032593799101
6890550519669075
7611587216215020
348561686027151
10693107164618475
4986710022494899
13631010340544689
5651333695022043
12167410013919394
267822335790046
1675305067954272
4996911573188190
22367759327310935
8482422964082470
20232715925730454
10462513212799552
951570194833587
999868072154430
698637260872947
1243008807325788
4820203661900228
9438302528217096
398681384366056
9969695604149068
11406638343879094
6065200018581365
16672394370927715
1308598168049735
3506026132430912
3853854178763402
142499911007705
1652079176058610
11202697500808608
8918060394286005
20297293795275266
2834458165003627
21900918306189200
620906708464245
2427485743672550
9647710948221452
3784353108783792
865051305816054
3830132653718150
19777714256048410
15994175443948773
2049996800114565
7920689600998130
22569151895058148
1047385156698726
2281239309351158
7162616742390766
10387864884063193
6558717396060804
8094040168386037
778444906167099
9205507308222394
13310523895685
703975485125820
10252990087150432
3163900625712024
1457809179405408
3773233738049796
5527001374376580
2521067099240634
359520007289740
509745295007507
3478981460599606
292527984649140
13382699435613256
5585643465934084
18203815350284079
17896578013931240
4561983974541000
10300612970722887
1498608392728902
2592846379307184
5832106441156875
3799207900343660
2547718224632554
1772792411207416
11135140056626760
11510486481970436
20985877310775308
1307410479924495
1234507084313516
15297361423797519
542414441596053
2719468735373680
7855744183263546
1918197961994544
2874090206470670
20310129121186272
5264675303739075
2231903820053767
2056868614549416
369359948593325
2132220136151780
14037257924976658
1320790647274560
10602915030197091
29248964533689287
24127064847132670
5181349928554925
27564141108157382
895912137331998
898487205197184
1473366895301670
1591840247826928
16631991830250
3007778579762016
6542060369159740
2485652802398860
11500200532440480
387192175053684
18467958232298400
1408153002628320
5618973117080040
1655682255155223
310209393276084
26995656672450180
687132660042972
6801546217271070
1160823714004352
21198339560400564
3290981304295152
8781788975210889
4965534806386899
4856434776492507
6624777204865491
284170849003080
6896659554114529
6503224181207418
150465171006153
4263933205400568
9911229913579500
15583693407056705
10793021778021558
34382436925246098
2404899635389866
358924442023320
1734613653718248
6126297102488103
2067615588110761
1876848604551416
67835927067972
5207414239223024
4236630532875360
3616854452472374
6267393941492134
9354880537886368
7897850553192020
11273019566992236
2179423310814126
2790726805869594
2188170604887616
562702194732874
4615586045609660
3507808748403955
10232224282901788
12628521760213465
6592974421452115
5424649754829709
7982011261984137
5587900532417490
3892834895641608
16675816413452586
2325162970232927
930153282890132
9994749877373260
13213719444927911
2204637787188460
18525752477372650
18282775321290545
2879108007234720
27750635330186307
436880533920438
4335495626688240
3732725114461682
1430556960925442
7739424907066974
8933810298121669
843550420498647
1246280443437735
452574836856882
24421343546246668
7785417743654400
6959661502292320
10305064725894362
1966788311341128
9898354016875334
16410277472616909
4989957514715642
8709764009270264
2846086447495700
943021274482310
18447779027139427
565589621707627
471543110026043
2825550945069174
3810554134848646
12718774806819706
575715867930612
1901835644832354
29553031780139382
15595380891449472
184921397801375
810858822362199
13420398723140376
22876237955027064
24364501773156797
19801341205277367
3606275764827560
23670221737423721
936242161597578
11098287705723126
4648289908871376
7819840678870066
3192109391128460
127998907408365
5024619137530800
1684190409455301
12655897721498232
9468849775071351
22709260386363280
2022382329042084
2671066761941056
275684784506965
1309208601884144
13635873465799526
6344930843265490
1407127100806224
9052317670751600
6343905586313553
639686471937346
7716009477102780
2222758678009383
3323342622303535
15772758077097639
1767241408341255
2610927843013395
4239149849985694
1220446497784068
790616975464228
711894654959926
21165074678049950
1060051508358165
2270245580737168
7948288853377093
11558392545766686
21890795255823582
19949052231683598
1769365195495320
2389382663917317
13550415405813490
8524053666382317
15399093622961396
1193190508265104
10372898276565300
6205712926272080
4657753903719066
2827515005581370
8805966230974602
710114262658623
14160849583040145
2646608015717491
7963283945318144
1203379433383376
7554681297984312
1307799484419840
2293813565066830
16344466576757670
1173092967549846
1428415282384488
3064168696305466
14664628864258674
5029310879376210
2775191012057576
2177369793787559
32024081522226780
10189433263148160
1303976315639349
12367532403491746
3422788931607424
19269089350084034
18186683836523917
666970941956729
1095981803234175
4915314938279968
7912988412732438
3550837417259236
1317758624350154
11637256671974971
9575521850901473
5740339743848406
3781638285606016
41552558237051
7276030292180988
1618125192065879
5892964293720765
12728960510967051
15832825877362802
13109333665537000
3021778068808746
9378110146976341
7434877376435040
12498082292072960
5391945904305254
16990940748118814
1529823243008465
14467064906660617
14228766364631845
443454704746770
4714816942856700
1807170852123149
7712370551568452
4299305864259424
5913948375156090
5386842333133351
3289415796402268
8838261528947346
9023823889412592
1250052638086564
16924116399645430
4036647559174360
21711760059079808
3078531653720994
2535546317795100
1635703074501930
16041404218481076
131673757703070
6046497633048544
1452634009269075
1614345281131080
12411949541720550
5306804607679508
4139030224410560
23747573857152814
4770323189425038
20809213690887429
2155082458731534
546666905122978
9527128149908720
6865903795697133
2218275839046800
4589460768655146
591071383154100
6074215931871157
14693427814797038
1802717817784611
2830665258276576
4492466147011280
411849335555150
2124419785120972
7392934593954981
17165265767440295
3679567997085444
28954116950479768
609135620641149
3653589835341180
26281707280614577
3815211480388728
274494683985318
7830337277014925
12181256943086478
1509381450809112
5290207952119117
12163156203808626
1993325277095850
13056127190661072
3130773709195720
6000932522507130
2951960657623128
637448087628330
4129384718352403
29013243804892664
8123486980979619
8357155685265884
6286328332893799
7540335884489801
11054327159794464
74903641354284
2316657440617893
13256159840659905
1212341132679888
792342064004580
6796526264994180
4298296952111435
23629064602502236
3539390855795637
9736608166239872
3549655507647600
4696804881207959
4361552954226
815740135321353
10528140610014420
11960019223893060
1441496447194170
734183789115650
18146201967714433
497720253561066
26746872088813752
5618505191380151
14233279251750211
6309482146511880
1482713703820850
17196846800638816
4710778662716602
3443039370649760
35814927226500422
384560404733120
12895550761583800
3666891425178110
12785338232733978
8792870512352584
5542099868261334
1277911780908800
4084119334217484
3747403868101056
850130029718755
6533868009542628
6811473353497033
10810812323672720
670380094851080
3594472772709632
5364989862879823
18611716433091654
666464671787328
13484702520653616
3882095711007504
4102802266447783
27166176012772325
3712489376251600
13597201407570872
7059374020805957
1976050468644140
11512981785931931
16174865362297048
9999040959445200
7279298193399823
708162522339978
2663179117172354
1457554289733855
10671225056968108
6888867988086792
6991987488704850
1263092475429444
4752819366188925
9742909230188442
7375296208844200
7430271409268421
1400960179939475
5771350166506904
1778088321182431
3205599841479314
11401059252969338
10393638879788700
3762018923717691
2360747377961451
4848748187009740
9009484945503900
27566299900062153
4000613555198638
11778482202476373
1353850832352423
361013544585162
8116874846157269
4392415623129758
1514535437938284
3782000972095278
1833111629334383
4391039630010708
3064090648126504
1345864532428506
6335286722851324
21184533263940179
7761539787124205
438432813480800
4800322712466111
690640922415866
10299039474967150
5645934680492891
5762621881367554
5221195895649699
6004375753566912
83635478573044
3713594487927786
798344905778862
1828029026673232
1784979601110960
25722547037196736
4632330635172920
903655539960728
2177813721903888
2419072876345416
915665149754155
4929780996666400
3446510554710252
5587416616819905
1620262263564528
10185513018036378
2184183561418287
19575524802474154
167161559266764
17781783353786684
203658254102781
501762213075718
3035742652319820
39329242998860721
426315387882365
30086701695750810
9776536676840917
391402428697338
10943513971945080
8115129315400799
658435403012928
434649820511138
17494544897364806
1597010986452672
11006320523665985
2739133542808588
139122816987672
5011213717178940
9006217498090764
5077698069044330
3894540496378128
10196766982777808
11787251251125268
9101301666935888
2647104101447949
4912747079220608
3864269473332537
24877462125544688
2630557582429338
3092639015279454
10065102929545231
8892563241897419
52191672922480
12783363636198792
10060672850491614
15461026176352
720764167849884
4425466232225350
305715339466212
17889538288867246
6881168396082610
809080978288150
607925368258047
237367972501870
2612518638664296
12912465320813753
5542077768630196
5107928694302983
20505192125054310
26895622665704780
402707484917328
4452151107669269
2253481857536045
9160265894388078
17130766229200771
292577065394016
192914723686360
13020740695315553
695958873148890
4533157648960752
2994188532577925
7234457178469842
1120189751212892
667919623298634
3438573592389400
5907669123944800
10861890259417505
15323889761274985
7285766010719200
1785288650172640
4513198776790542
1206489211518288
1824785695095624
10645916609788324
3774067671161531
8818751153116525
3999982934259684
14510861688839614
9150015379100664
861331354669932
98399369346800
3068112416249020
941916217681764
575717389441300
11528484407957792
5673105542795520
860780868150788
5045685266758578
2190073823022514
797748003672809
26817021601456212
4198679352406136
5740801163447459
1049830298169800
6097540408003770
1212594065844138
8030949249186972
19952099997938205
3092929010844295
9961653964922250
7041479624876515
417322620958495
4309631768254722
15955001182591950
3814922409849279
2097952640011460
5240041815072956
15120441482283110
2272614159172071
20172864096170475
2392939234433865
1712735137535526
1863126659430880
5701335109709549
6570991110308391
8249887222497993
8896621791988170
4722996593668278
10489881140220163
6284232667069212
778323539847069
8847276740069478
910597746898470
1891558561351332
7139202786629573
2727762485161222
704622114067944
2328249082450390
4182529999633867
983073338656773
4917017517108104
511329537189727
14888700336620320
96974979184192
2758765346009426
364806505793019
8738126108352680
9614846133211545
7957848906673238
7231008925710487
442985010595913
12214091858153363
10823035841647766
1743248166404143
648222060387348
13520505133007953
5351036801673672
3495516250372560
2567265809568100
1979922914786578
11063410015933484
2516401569569950
859091257443628
916921451767032
2240707447589380
126616758810437
3181445878622110
5181033139580707
827572464865431
18933680784087342
2883862401479205
1287289825898926
18642974106391711
20615013895021126
1817545530444660
161769780392240
1314837046700538
98119744783900
2554093457730584
479162697113940
3735336391999272
704650020603291
5221536218484830
4250178990681998
2455716779572784
7531154320885516
13886766495979066
1268482443217432
2688935610008036
1524850272725640
893545820300067
488850516097160
13157712137597412
19088301525117870
7702327317816729
3175469130777501
3525849343604480
2523711670706953
947049499979387
9255993051632064
3203316030259923
3547511744766157
26338253456078439
15310663726737262
27452298435736141
2075316789044022
10695109864566554
19494569364512670
4831296934713835
15597427689018528
16367350040772173
3640193121468133
8240754445510868
4261180127229122
1124643290986463
11419144115428764
9428619377033040
20095556826616631
9094198114337810
17010005996936885
8436275785967525
9526854010016988
7324972057668007
798340592094876
3974418780040056
3071895708894552
21775009866774108
13240285545808000
106733850810171
3431637374151809
1116236501474080
973839871983448
13342310645687076
6287722766871966
9830682820217365
37264649684186662
8117415491616035
550348723811367
3565661254074678
1687172406297640
8397124152967199
10943408994533097
1290853713369958
7375932273595446
1569043520221331
633740593972137
2561773168734855
4417204499867744
2040649958676836
1161519046991253
993029269914765
333073311300555
933806512993980
1304225150787664
4837121206325968
27417978759287854
5839577923290870
7506625851624760
3419656275921180
3873468028479510
1807245007577804
12050431787769408
721895678504570
3668410771273794
28669551349870530
2193100751857420
6101822668607327
9116570120318801
26413643471977688
31600122659418073
11735612580967304
559593023661723
1824849279086931
4319479481729289
17944487037036551
2971880974321360
882624694192490
7151683995826449
5565042475387900
2651998855014978
3134743850821732
2122816113403128
2225177662318767
3680346533614200
2573696997387192
5759059197133770
4332440337024603
606703243110966
14720203863724670
257879115623718
890492308234272
42664765814256
19738760165845389
18710848590228982
20248662305975710
6558014363685372
1569219830518554
5121182356024800
896748849043421
4628933659194480
1848752317200040
6629113033389440
25148206710374218
9152526379344240
19398869531994018
11989541033763096
31570774809162570
94709253568111
843710176393161
2130782875686210
22719552213755274
7431447347501198
1740155328581212
8938282501556755
5790828505732861
2669762779803193
7958746066879838
4126717644339300
26631990015856601
3721864071817353
5403236617904520
22889248936621318
3367452839844166
2153790069008010
658590204965472
613165479451326
1226868216430650
11354084493180026
736380605638536
19366166767423087
25373467276708072
1144978048157516
3770782576372539
3403894785552082
681857267646534
8186799445087507
8695086055252293
3562497715983987
1020027489855924
4374566876282138
11401644988257678
4005073041070795
3777196627323795
1786547705130540
1496482907471378
7968336523050789
10663106747373315
5334843852514776
4263860977741746
5125941300503000
28146106131687875
11010425349100974
4354223427383200
26264119733080884
6762452127945485
9978177217248222
14574922144964369
593859593618328
4302003121885086
9946628551455854
3927269712772000
7975592120298074
5423891910975056
1014332851361056
3452074652659039
3837052433073147
5514180192465030
