1779269817140847
2218858864725139
8393181282842640
9326134911434874
7853898941094452
28098329376311420
29680043603343245
17263326496874024
7097801827416926
11335818839013045
2060106853422023
1180429857488854
23482062898785053
2681767834786470
10763307179151586
7810929619955687
1357642450225901
1553706939793152
13658149303902440
1618307119246368
322471529125881
4817130176168126
8284462224212400
1885503880589610
11102344279511120
10028967036759934
1933498353497616
21744655555873982
1435288801386440
2191973675978604
20763961646560162
7873429990417188
16338940631510849
4815996033784013
12295116301369268
18433199795885755
4531354619185295
8011177235674120
2029532956449141
1733113660586100
2762846838045868
423657174373160
5237576778074413
7672967419738083
156742753077768
888018430527995
20873107859591831
15190032352990026
7725960162631898
3860641296859344
12212041537262583
32403459797064440
7008494389439400
24051512725196258
13165411209266730
1959840414441660
6351713003678105
4362129869624420
7064662726248425
18623183282677412
2660488203965108
1414204668516600
16150363676750780
24197856467075202
12974394310636754
3476254746158316
29709284269260896
1444020870683493
5191307933618760
7300706269524988
7018364767668686
12725813896274850
3856808439112054
13123024656132310
14692054968270498
2882155814959872
5881000232147150
7708953590224976
2199376638110688
1350064647162630
3449122597533660
1485917725759704
13892635033589734
6354169950162598
10141450172937720
10212757539673584
9848848630518261
21540523897737186
1956754789586625
24483309688518818
903860593576968
7278130689942141
600338231755830
2462984676863443
1635393652652372
548765168024104
6001072094701400
11194687314773698
1786297827246312
5515863343610814
5841573961377632
12197183965706206
3767415727428333
1377381246051776
23031368660043733
11663919315607852
5056568016463623
9520506096926799
7667675834514647
14235847016772867
6822738466266576
1482658322937279
2699957603894370
13089884453618714
2290089046889592
453258615612552
12836347278163740
255446600472432
1877858859522825
16303134159875869
7821203125090252
14048853898206831
510533661807453
16246821819708938
1297799688419082
7207879524737835
959184030523838
4798743371925954
10778001431913252
8575518368268684
6839898836846597
5101449258782196
4511807940050528
4866599441934736
12884110178728956
4832883980322465
7944711340319446
854392250115068
8860119135533919
5306637695581278
35288485277689698
474640328458170
902754733380024
5259243907912374
888145354419624
6934769863020279
7105895469590904
7777511202522600
2450299622012925
1179845271036222
1883170523002500
1741424034177567
4920725914911411
570902973878883
7029826651339614
17405632597459957
27301806659456
3110826440800670
7048452434256530
5559710469877998
2554776533165600
4087081745902608
4630123623014124
2068381507160514
4442446238956586
6195006092150434
2376813347100792
2347932100368348
7081286421413720
1300219090222140
9371745937850394
5249572256873644
9595735797536029
10363628756432589
12681717162645711
26127339987226184
1375772966635872
6025175235161503
15434432637343308
2278311999180516
7793072045366277
23240725776634817
6655480449823098
4866278308120411
22611463116596144
3426697864270573
2903306543021180
1691196277394682
10211886904487664
12601375394012391
470295406229597
6339008747446911
5647184309021886
5738961066691129
8863975584680440
319119310808320
30845012651339749
6147329474755565
1627567317293275
19506264068960137
1475695522288912
14283535890451252
4031065512622200
2289004436375420
2116681115598710
539435567831508
9751841710707669
7283035129688487
671000121419640
4122873127561442
5830845410670507
11679639742493543
7856139744426428
4197484641992162
242493968049840
7123544131051908
1303550941798842
1177392846000118
1235343258518544
5762695681050363
7365566786603308
8297670070133196
1785657937051648
15487831213039710
646756888366952
1576867003502546
1406039908659606
16229670688457070
2952895123020241
6948308082291492
4864079521994994
24196550836297611
8104330172278945
544965847522296
504436708471500
1481040402686999
1822554180863048
25600048872379336
3021913371800154
6737754345298482
244507233288076
24744022039716
387491391276832
10557846977759825
11673295798133357
11913249802980546
10251106206194043
8357013663387807
4253469329464509
3507637988527190
2288314380713328
21080053274546777
12406714192348667
25918506779169129
562976796008169
23246610852245853
860751215451
1021361116261030
3900281692820312
11630211421448643
13637735613795497
3801299706370380
4413651600962065
32783418917520501
10107404029235310
12566005640545173
477100174522008
2781555553016710
235899453469550
766552175617081
21353821215256530
6808020912049293
429289933660400
5465152023106550
2745288836716417
9050029246026014
2507477659289604
9071787457350532
6526540742068708
802151272676048
5547758743604554
15558031639031359
7008291850890540
10930292084466804
78721294462924
1774426632136634
28603219130406465
1406639354477904
229475465329392
675862019684455
5103389995552090
13848403075396332
183655767514160
754244725999750
701664028043929
837072443597313
3399888992883056
403912595196660
18184974197975835
25163557606016170
7772328439615040
3000740086842540
2612233252113771
5309951894320426
23999664208144350
1673474879041992
4837320836030652
2266308726851130
21710559810386894
3698763439247560
13259962319032710
3234344582491288
13132029982280160
33153297983809907
6494404038632499
12002880816746672
3429782283911452
5493396149007760
3208672391180463
6168400726392422
228918471685737
3866012083250746
4399140635667189
10155981198003120
316224074838105
28356580055934650
15574000496838498
7018667165745628
1515896898764376
1089513670122475
848527852133409
7376238403205630
706269621657270
28384632893684265
7296296340769694
21192954911077629
2715255214719194
9363551878426660
3709664767851743
17588704936527208
5824787119146366
18350466242607328
468926934329490
21762640936462825
1984531503942360
3182431581848794
1650129046655755
5275269576950560
367770451190025
3309388756768380
1305260675500538
1708427089125540
629398465654339
2558431544034398
20903717592249475
383670157856708
4405166534522364
3531867149983100
28462775211298496
10017941220217031
586912207093110
11264845429263187
872875129433392
2720826966693420
328131831451364
14214209117629775
9763758695062260
471833760626672
6930730711535568
4920102959859720
2546509464491652
1743369534892254
1282264145875125
6380182216736715
8324344588924573
8170233866992912
11833909043538660
5229495539723468
10840467780629792
6167364605443202
25011380497570950
10743717906343629
2643003465910746
2802621356812992
5763155561473664
4167127894025055
2769917095585872
6360753564543690
78096553753444
13624208944487408
2676377890291833
1481396915794019
3085014925415814
4915640210084708
29414568293523354
13811083635321798
1060840543280503
6866361622558377
2410733158372320
2981606126932979
2424630920836839
4743189208008363
1641126091534712
8896548340248528
1779496469992658
26753637091633254
8039281600144024
4418993436003412
14032379426477498
204005884945404
2815902255810984
8404771152206132
28534170016371708
5594014945055062
521076367024150
5527123857141902
6658108309562869
2902867433602799
2310731220122038
6293934770083506
14832692717496593
770435930717404
3984938331038832
395037827570913
169233759729548
4422438694637600
10718842100293818
1996313908709772
23784048955063680
754775836162272
5215061688061302
19196305308760568
21642123585923715
2501491789332700
4165849828636669
1835588222720025
882537375287746
25310899957319367
1503086222031576
8639568729837922
13745712214247553
7516506673383550
3775467996915324
1989464107898958
6492722521391328
1710871110429180
1096152995745528
1572815542692402
5639611861773932
4469513614099092
10886562572306646
2024342924328893
1380241878488187
5232426369304410
5168368534856994
3030650732993025
7621208493669317
7233884427724380
3243025045283325
10898513880740504
3329379274343107
3624492643513976
739455927867468
416615904924108
11189530740783680
4741891855474613
2055015323131596
3889790799602010
2302647720084446
7663727539072350
361421850877616
14653419173861840
776097442242270
3231935267316420
14062266135607955
5219500036104936
2359473070007522
1704434553827115
7508874904104450
5070181998580200
3792080690611209
1575581620343597
10580715811843694
23106978411815018
1520092166725194
8337970824210573
4686245756183160
21892384112677751
12277805627164828
9140310453200784
137195536992209
6767291654999128
1909879798605933
8738707479353703
21219968592100087
27835466727461
11781087384001920
29931739789985525
14228825787232187
508934944245903
47326737570453
9000629830405400
20369985286607765
509222779880426
10288433923339832
5703401115085258
19098966960168008
18937954793263392
2678996330517501
5696538944983799
1414660300249665
20045277920844682
11841485924048346
2146723034566916
4004775813233079
8282490355042649
2382402595476900
276219500298478
18174195649373040
1229963359262709
4026834764577003
5874747952070673
51015594851640
8077550092018440
938019732990744
502787289793118
8117371141935630
5895690883378812
9910021621932992
1132254875359575
3156354969045408
5395927549360032
19059072519552678
8120562067173106
15761588190207713
7305736044418854
4306959761791203
5132241942485594
2559435441677270
6726317842202591
2000607302927710
14961509769879560
11007802784369844
22391243953550028
2332725280344993
2256534301632175
6693290719526799
31719477467633341
4141866361939565
2821404414621400
215713706878872
24747057479610
6921808365556467
26487899025344736
343390999392744
31240476067232619
1026372488768736
22483755042210635
5131158193763100
406070366358269
6303914387837586
969956349074856
1811211960864669
4653202553298972
9193576801983525
354351665450781
1459960744294416
2073681813593040
1774909990704225
18423450407165694
4445796476409406
7746905707903908
195001936879020
5194346059616504
1791731786953044
1889555847458412
6343002273577305
1139328233908000
692013439298022
2970798352171431
24945524083333448
8871090948834268
9027754157942040
6637389677532840
5618819227361421
4610798993614768
9918843223469202
1434898570382856
5334707749068210
6036541139974528
372679810260522
622953194753108
390429163411485
3640640054116386
9685637408060512
9945654521126982
1252981982988885
21610214115839544
15321279699025975
145386646835876
21272477261593698
3704500442906688
9555070356802446
1315382482854111
9420381165434589
2698044828575122
224101098818056
12725706770854898
21351647088410870
1486438611857252
10696616725254525
16939246500292694
13013595120146767
6792006062789525
7063958877205736
3270700666038574
832331436513012
12562944358436504
13191174785396846
11310800257465170
199807803182932
3587841682102650
6279544767445000
2758973949303234
1205701744306076
154504952686440
2904905928663315
29656374398446670
2383308638159120
4720312554206496
19994023870777530
920204366422510
1163550953837475
4180539874321050
335313048167372
11320890879988080
1544613298696399
5206900362504299
6115340772838602
14967162876440490
6677760057866020
25362623152140618
11897423988302572
1514022302353702
3305305573648457
552936091474584
7190180251801690
258702491057637
5142941197921347
19505289057489310
783133154796960
1528041204946109
3720068719349425
1600927231792272
2982357749124764
11172746508097978
7272789995871592
1675658559211910
4607023299132640
4783458787778050
232761421499574
233628074751438
3409822655530544
1083768543702507
4494152607903146
18439283238637142
970124044858228
13662559739785047
10438442890398362
3963841193727780
5094045287636555
8377445217671721
11884778757865599
17778744067853422
2756331687079800
10506074676818447
16115913428127763
5634833421285355
7548025626585376
3335503132004498
1793881125994608
22076734327044908
2040599289803312
34370761220990754
17659307506277553
3824859414300690
244259466280452
3210093781476990
4182392796274931
655650355458993
457877509834824
9787689884375088
7758671542764519
78851038817820
1815454068596100
336668705596443
2377854250691262
3784614752746322
2454405932348720
2400425735344524
23093653593029288
17687847965350058
1027002145547340
121214200122953
2607266404927310
2000594806955811
6096782615509032
13231054419034755
473826571181764
13432353167929099
1608381639194080
413054561782062
11720912537844122
8017945159959900
3674092683305376
1079767563104980
5675267791809244
2382883011307560
6517347444806251
5765109365107425
8081458287322370
24016836530241230
7876190132859536
18684376589010192
205113447561914
1113945977984202
9847493749295510
13505232310681688
1801556857850155
6754735107227820
8285477682371725
4572323686833023
2752710335696475
7970330536343767
10716544086965745
931292474098986
8199701042370706
16243411174269440
16847989390402467
31142341313454714
10399061443104054
760913464733460
15536549774012107
4627303629515962
1941167486732836
3524301552595752
5513341377787978
737032377551988
2020132441571666
13253806359755462
6677811631338654
810824829372732
6201538469064506
2325349265189904
15571676419733588
3537825773637850
7330432175985802
194540615021259
506195829700288
1720931973682782
6606067217986053
776608445522081
690596800242024
1475601243218208
23541054919037984
12199925058019563
1432797975762916
20625982168000341
2508859386995358
4198518416753496
448131941519374
486608237908410
22396295684688264
24490660517893254
3226228237712844
747954696636252
29763277001230578
578509477771743
3413496935577536
2332299555904120
6262232122283905
3596148577960600
15520558395149296
25344709107442528
10573309472448149
8080049051582983
9263470795909516
8673681113199001
3593666295850023
14609972737326635
818285142682869
5818724000367226
13843398078425328
1498684608908712
15091913769948431
1506620479687818
2976423944054574
8151707624909994
3529262497864116
7651870252382391
1244795488951491
774289043837148
11233116604034754
33919181440466790
294831125991378
841784224637180
7451235705743566
420030023637250
6444897997308000
780034304259054
1435343638898880
7498952229378659
5261876654516240
5903950479554075
21388187587546728
13423074759425861
12899822224657763
14085132849179110
2398163997548319
3783860307949759
3032319207300502
411174146989580
12222237646600596
2186496005363483
12529695785080035
12295895250494176
17434761508211717
69380385236430
665415497035464
2837977852524360
846326285750548
8241111444535160
6289534369819632
2148680916444096
3923826309680760
3886689512817174
4582265508976056
16653783754080380
5291193545152482
207622714391988
14679353849706392
7416862370737714
6607109859572051
3031644356375622
25211664749520338
3232212554860800
983553203726973
11286643653808936
1959465471619389
11818560079913467
7684656212890420
20201888907999872
6094719849637442
5524028333362987
6082557105298764
28611752196677628
7726640234965680
1443503851123884
24393641026056338
1624907943774240
11751697714220836
33893435112413710
960412743282942
16675112560443561
5607191770585800
8121634635945214
4050001642918816
15873518078366456
6773137134111498
7928984748012540
784440287549280
6849252054714037
2052744761947225
24858869458355603
2025727082373840
3096130919214678
8719195985151398
6532501657909422
720141790460849
9244946598108884
2221623893974345
9292917185289347
10485145639748783
3104423995662855
4533481182000794
2301769806751044
9762670580266695
20074043619837131
10041404708446840
28191486204194973
935650283290241
24474403388783488
984531867385024
7334539631824152
2458902084060924
1097226856548930
889234963375764
24282955636383993
1215278027647248
9366548950099142
2260680598555421
11628773961971395
7302363661363278
4308930299563984
14545450811848336
6542432256511611
23260508952636262
11754363032612928
17207316772486474
4574910949165550
1233663499841938
200472284648394
7908043458381682
568456791382194
11688565152618442
3354495081972325
13982223958311443
6725801254035080
5290251347002576
15724431923905036
2374265468807820
209429565605876
477657644867620
1896023336910320
2747156738183088
300537661223472
14091937385661576
582165049559126
1176910654913930
6542485738336296
1092466465189976
5249819008937952
1232571158386985
4903545966138963
10027162950617080
24733533298899268
5415796807940920
462830332704777
3131400355307740
12449882283584094
8251519674544779
4622630822036136
1461821668727184
19141658192942706
996383336147378
6979038417996507
7653277765555695
7985247574868179
1565468374875600
23127749024942467
2610810043473150
2825362414449702
5888881822371657
32516645768751240
12529331993756648
6242999089742631
12859927557503085
12961186196329992
6538144617373185
1762556550131328
1909352516308568
2049168253655789
12544322301505590
1108221544595308
1554123446663766
7906051218871740
3212100990918644
13281025350238624
29685322971154734
21804606067237280
7359705127935576
16841515421629360
5911301534889684
4685508525403125
5178107080127475
471715325780475
8035852326554520
4283497847431835
15416997062395940
7951432250569650
16124090331994400
761252717444934
7332512891459688
17325678411727178
6603452091135744
12564880519421700
484506125659230
980558346827598
3347830670835471
5570322319034187
32952171615534600
1586468867264704
1174171560605514
8429055367372360
5262546412089460
5307436283866878
5937727178309389
289428260159914
731425708252511
5199816957079012
