6824958891455761
3812670298603332
657732138189664
5133559880478542
1822180605246886
5615615276179688
7103608748136350
4153877614228872
10145936735158500
9886165675526960
3905783461322379
2830774094664054
10641201951214052
11310894964088050
652484015361610
3417612453212130
16091742792175080
9365840111637306
10794327745813972
236233801312447
7363172855149482
2698863609842874
8645691067453997
11003371396703655
5637997851708820
49714042510515
7964690134905000
1247961890068226
11134310462464454
18968486361989918
2933293574914960
4771070365188966
6561148054571904
7259123779317948
8608277963500010
9748918836184944
12418202877194414
2028852132096582
6763851185069367
12159182003080470
8412955536360541
3838932073929690
3990790076867931
5317763161031895
5214214956932175
39780145876152
8608712304223561
5414639655215974
3350218150713173
8040011703892809
13104261269931569
2943528618988800
6890461594916540
13642865793639180
6053119109078409
2418356313001560
4507424776088770
2866209259779562
4920284177847552
503250504714200
4095962137137180
12242258006250712
16663259464354792
4016750000476257
9160332822999540
14859451546493352
9545620934082216
13774517525222496
997677382521477
6892793878082490
7786833584656546
1246749029129547
5757985332335040
10077216090846575
5844532491932077
7878793840536280
971731468226100
13289770804031596
1807814293288850
13346373918964196
10046274772301714
5051674663868200
2396589542927526
296687673897816
891964934447027
8127542985965337
7895296572887888
6404806699930121
6839315565981911
9324068248946958
9417623760453507
10835440206197282
8210323989998542
8089592346378914
4532603085539652
13536875434176824
2903472710415280
4367080118489886
421144381689653
11275318144825824
4899514473888741
1248719300897344
7863770495191836
3788131359580730
14179526333480704
13179186912887625
9907378682451288
17123262531827185
7455138441376157
2849042739681450
11913913571729312
2200896473652380
10611621829606080
9648272007655307
2438030179946881
1261401816384619
6241552276179171
2085480922621320
15331004026298995
11020778814348517
6796255853588890
10471736548176064
3482048911621000
17274084962848164
2999136498996218
8723849870762048
6189402292327809
4519147587230415
2727653825700384
11941703440282058
13716988572231630
1423531392802623
219551310867675
896776606796829
14001916286401307
10303022709669437
5899788100872149
10216232868121350
9333010246103068
7612213582614062
4515548420384816
3889190910447358
5115851863922364
11512903780831878
9244084391808196
16921691531418926
11131152959412648
7609151624296516
4383645590806992
8699422657810440
4814984655822497
4804396258890861
2136873031807436
3798855658420450
14674488462087590
261132634890774
5108562211655800
38908003259685
9613917959474015
8554419755465181
11345765659233928
6359597114703040
9048768017051327
247339030641174
10507331541184236
66299118850310
5834225675255784
10614633522395756
8333452882259904
4113385710811908
4444449206781420
4449416010925650
10281399133777320
2040385329562752
12058951894421560
4133243104127928
7554209803670516
7085713878275745
5133068385063444
1236282115237755
12494389765090766
16905474391333795
10063938856053432
2232523317012709
4745983937807290
12219047024940711
8675367410703762
6860289706097880
8492123440274238
12771749090363655
6654063126922053
2170178171985345
7138250901072416
9068493170403000
9850785836533219
4544174860916926
7957274178599041
7574586534216909
5712406250213020
1980630193960131
3577298470762857
14104873987378938
4762514674993969
14152219911002694
8046860960077164
11978801816579981
12500380139549404
8775234352935980
3905093957625958
7413646401508930
6319705819697760
6659481432509964
9905460193847500
3415479964541202
968416418934990
870103449403180
395186961152416
1450311961574217
9178337395489780
4934858168198925
2870279549300328
9709405122203640
9503609115365652
12002799238333224
15078496860833962
8894731506736874
4811235427309811
2702458682005656
7080129516486724
7811773330828266
582917661120847
4397659512694272
8151436889030564
6083368498271266
852279444792734
14865590137719041
83926957761674
7900501230667499
11540127664001175
10938781510081838
7484308105017621
11532872209415994
2131837455675629
14536932543935801
6569690952579660
5116924628711626
6794572776582630
7166509072357845
821622767659311
17306710992021708
1541378736939132
7811226901402020
3774318568471965
5364283251877739
3246228670257468
1584305134981488
10610045950434424
14342640819415145
4119739084554229
15155739800860974
9447674034771103
16287553602899932
6372501566739240
5515057021233285
9974765934420340
7205379801336613
4222844241021510
7838175778357450
1745445204379652
9413607202781960
13060980946117599
11527573062137860
5891064007630962
931441869445332
10546222942139506
7292740923505013
1067793844872636
11619136132574620
4039637464494756
3664701407044502
1090845004220296
8265979314989130
9547262393328420
9161717760936532
1007493089135152
3535134225775264
15370215998901911
2099215604005098
7019163159888575
6554485849146873
7186894202051939
8352502605830760
8951403319081488
10992286606577632
8465640395660275
3348850907075382
8226165866756441
13187532348072445
6764098746785367
674034865658098
7612508965223829
12076979425954462
993931548503355
14989278516644724
3129196510441622
16121922381567148
10527665578589096
450109901674832
8596814020403661
9797937200897703
7189361688022011
2188071585176592
4355019560624654
11705261596711380
14486744125061464
9490113883692582
10046359465876026
5447978796411834
672561221515650
10236580033498500
8767096070455779
1618388446252660
4252205635371353
8946778414267540
10332250774975080
740887541341905
4955124417292320
4036671859080708
11649567091369342
14549447487062092
14289563295465360
7062161328961103
2366090869795872
13101806409995519
10591155196196115
13987847278748870
7432330280572252
11416625951502667
9452223297725496
2188666318982512
1963356378152585
5307983792804330
3675660543739162
3012602284272422
4384727215313855
3551842474320567
3772140695105380
4400839150908148
12660635166204134
13443202193496602
8785773621463282
301840966521960
3608264146191354
15924148244905673
1862624382113755
6212839715555988
2871431606565872
5743749315656085
10467354933709363
8817269181750867
5224004240220054
6644265846640976
265435466141959
4472297476364529
8114853056439604
11810965458625102
9625426526763012
11425865323400265
3491805732722360
7846858951636832
123051500391974
496357802161758
438420884819684
7702376054764705
4484458788078959
3885959322616048
8206525695534982
13506696890332141
3018371727964800
4246692910092276
10108817659514540
2393229924362998
1695406326364413
8677959676193430
503104430612574
1687242249068016
7625233499585702
12993156878780860
8556447740024265
8598641553957087
12592044854718615
6305914521009020
8746348015882554
1953532493892967
6329758677452410
5340724259491305
5582577830008248
15648463319035498
4895594378756296
6677293620203406
11416499113076374
1291650685677758
6655196593574735
3473230343250420
7748479393898021
1183048563051738
3913362912188228
3223501492353534
2274171136685985
5558299570186520
4308338646423617
12708996238214464
10726863492530710
2235209496465780
2036437534600872
11008401887867436
12515063776074818
1020740747320720
3567989384835152
12451155933317592
363093103702143
5916445132501854
12338490688983072
4118431124178750
10527990807210030
2999382785065431
12426184172187632
4682386028084306
1360593632020896
6733585203202551
7433099518503120
252259544625078
9426592231438495
4520078093597520
4118240571303488
1353790925949096
11886924203423872
12333653842875504
14717245041636433
16934168707395190
10929535425154742
13527993468942159
6071385839849640
7292147065176960
6860219258247366
6941979339193338
6798819306326099
19320101931695338
1848489444941680
14528409093291140
11274784284465039
6439081342360220
5440239468362250
6987362215470429
289436310769514
13973424545084301
6705323814268584
7120786895100662
4808515459491044
11359620322118064
10389997491425252
16680278760466198
4288425141887103
7017281086867860
6486713339340956
781769493433563
2832247094855808
12030276178283976
1685928867469888
13705887556264872
8336197467913207
9026062390818700
26216578106774
612127122332522
8260341795916524
1312804340597548
9750005694103185
5250868218291900
396774435242150
12454038780704196
2851684148041987
2387769694729897
8203471095479023
5855128619511006
7225322968812624
2861398632611440
712535564238073
1732217094404840
6329059607420860
14384259012753129
4074197498971257
6405392483922630
7022187492558720
572894328597311
5515428249307625
8524052579780857
2792287155888560
8444486641796646
8395829001809931
5988394174829401
2337064512056442
11912960508744855
6822847484304665
2346639278966436
10978079902186876
11347950551358526
5178706521256260
4013569755352262
9243164098902158
5716203530050710
14206796912590690
3877581382214230
2080006080628860
5700198044763042
15661554789329434
10023944372476881
6264459459462225
4109870527678978
7409047560136005
2377123524747720
4448832342133326
8459688222156312
10434022698812275
7981428658740064
3203647708977591
9018169933067844
4561430618957454
12376379025983118
1244903911897152
11830892098918414
10672061962652976
503318948641197
1618945799093458
15447334810711912
204999579831574
8582673807211905
12179511903499800
676957932740019
8274028873261487
4038117488263638
10926738569809507
14474297707858211
3092728625981307
3901882251984350
2476777099317079
6900163419531930
14764467268281155
13920970531160216
12868212683162760
5349822779363088
11172336531115887
4035284064432582
3047699877468520
7040681448785456
10831711427044128
11699507011970247
10730147315841040
6780750159017640
10302865348588364
8283541173210426
14611921799548854
5457767547352869
5973821588841135
13343492531974566
5297089604029377
10478799061097218
9396595679828134
3489320927239581
1916870141260992
6102227787887845
6614895803168568
1922154559462397
11301257452462080
12466184588459426
7076055101331318
8839785548926365
5582001275856236
8385682730293240
8538708453540450
11471534608344019
10943685834582765
11002758031428288
1668078240934776
7047212998192631
8955296595642073
13033121842256467
7691003149875080
3741186883232797
5371345296795282
7818320934713560
14527348500129517
641523003152020
13815842421295170
9963598075826404
3245811751349838
3423017139956526
8617085832985690
4726177035677900
4401860168031528
3069723749728112
1295506838261580
15829343539397020
2075318858237280
909296510491110
11420798792664063
12212409092333904
1472244921034692
13404067031482510
3330301848916726
8601704448372768
2837522257833627
875278804261110
5865135333485674
9908827031413240
3051027100970237
6310147700635263
1385320964427188
16794938772384473
5853030642244400
1989726840985327
4230445972434443
6369508924050361
2501216874695120
15301455457943474
8685865111982747
8825639049184217
372038122513360
14443254586850798
1739449866413328
11289583834427840
4302657901173870
1406569403946352
1375778780204940
4190409066099930
660307579800680
6808949956718409
4698178442993220
9960996273777198
12801527337024180
10685554840689876
10606639506892160
1216387872628968
7833091182580803
4721481357830512
9422144713602580
6218860732585162
8450085845065692
3208432904127138
1758617953925822
6198797452896451
1384455789503227
28952305081180
12088030899217727
12834690438926326
4191802189224790
7904166209163260
8977716022081851
4709391059479950
6334489137664833
456814169301440
13831064303341842
1764556912769
7314473526975548
10357196406260184
9651615191092558
10528719806162916
9981435612997602
1127444896793543
19548133241072801
10726619600379024
115363477711495
14532088359337780
2157351467705516
12942820910169548
7841710310089155
8218324103466610
4866269589564669
2682988333452626
5995369010153443
10149238238221009
4199099589263337
5979334451187918
10957262210269064
16641542669934387
3487974001993035
16622213402671976
9766284818286435
4949228133024740
2117646624974100
1741602719998335
9297557929166651
14340799703504208
12089412135920254
1938320235705963
1015860200803614
12667488683364740
10753328199004350
9818391874706114
7639706228552523
9854650942707789
12529029153206998
2882892186148788
14975785179382992
1729267166918074
10180163500915915
1832138379766772
3278765780416327
14245961331549968
8456939486934723
2818022827251700
4525044808447075
4424809531014324
2195741746107396
2066270153322432
8833283891102726
2574913016267112
7491612560352241
3282696372938460
5313642402620513
3833650012457704
12049490164847605
4709374011356580
7809866792095410
6030063195158376
9643107850913590
14927005037584429
5597466445941599
11284413401944857
12092427567089253
13903527868112965
239155733079450
490234717216794
8158504319195328
4312652286816329
11550157382635648
11903015432137000
12849643546610416
16407952906727136
29745153383894
4190497002320604
11598854817454542
10075849684271169
4272931656659480
19069173126567392
962658130437267
5209860631722756
3211152204382670
4186413594855164
3814094190617832
16785519194599658
6166928683032752
1208934178024244
14441304653221100
5430672181008592
6432616552542210
521563226090865
5560142812217104
14867760492611018
9783661039923336
6053069764176120
12402697990826020
2114711055788830
12217331995728847
3316183171222555
16434694196677066
16392316445111106
9159812996913667
10929549999542132
4198671312028770
6209409008469687
9888642539062070
7493187617697573
3383425008776956
13496401749094610
1979004291237855
8583778400674301
5917342316462262
9998586310721415
11239033753380820
10606959802275547
5166008893532010
637376418836304
37148067986025
8522361506434670
6678897566427333
3051996215491350
10974273681068737
2414234088918421
6357510750135629
11273252393965992
7454543343673721
12842932726032773
1471156327218786
6864199817067140
326811528804857
9784611643120246
13040957356184574
9869352666860472
1320008838857883
8558925864530262
14285904179035280
14835101706685793
2391615926495488
1154936371332708
10798403262765032
3446998507517380
1414704561782120
3963430755379920
13032020104076241
2678022364529050
11352520119410897
1162977981624440
12312179069425708
3959168901785331
3168963068388202
9013221516229855
3080377317234509
5709673023674289
13056985184466990
6262578274969516
9501126094511612
1572765337729120
3072768496163334
4481478681541760
13223212069531461
3841881932480885
4207143424379040
10732162797232597
3686171081129364
14572329067233460
11338353261399753
7426403150760652
16322006771149212
537450427045040
308282842229100
1119810470760504
5689015949942586
10547538136534862
13256412533544097
6475312624228475
5897370195492993
14338957926191920
8488880752678128
545856329299518
17570631508659990
10060561012423246
3549366929594112
8314409414718771
12318013422030534
5278428164943580
11781594133265817
5963704046973232
10430869602619525
3228195375175356
7570464145593160
15477439068178590
14612094062241009
3792846128108850
8879039232278380
9057779252714984
7901223136419860
21276355803376058
12525607695221625
14279517745208608
4411630025796539
12396802341897719
1299686621358814
3171853927005840
14853529236012192
4341594372583626
14244694408753630
939786790788274
7490389858907392
173039488812519
141185162830794
228171935659598
5100464140198986
1643442449827555
2935410131208375
12050664313256504
5017115142376590
8696430376649999
3793371328242552
1543868775791076
7043598911011273
6450003406836678
10794939648029324
6049266423172305
6469604954316764
4369791327738263
9054536250481442
4706608961401832
9598820437156823
1348832575888321
6530264845408472
10896396281238481
4354041390103289
15660767531501166
6441957990860104
4848704029818014
7681058543357204
2837541577247168
12067684374499688
6004538643462730
15370337188145165
5960798098898356
8471289060657329
11986030170780819
14411100554765980
3734240452475361
9153236787614871
1959440313505760
49486220692236
8767527082030515
8425465960627160
6262507149957856
1714692226199592
5555522748233976
1596377607513875
8015255045690398
8262928160516616
7875921862237394
7079143851674433
17965865739538004
9527490388415080
3979882981349496
1020170738934810
10788897271133398
10266278452157036
5566518027547744
14492174408478228
1028083962188823
10758749474679395
1353518356232672
1808811620192380
4286194006935688
6564287269728552
4170529529837232
5521926690571302
12654534741676841
2518393533406578
16339299060688812
1162614609320220
7442410069757759
17007136619446272
3534244144177868
2862125494293406
3925223388625119
12764841410430824
11815358512503747
12082003064470416
7060206091293723
4505946834667322
1814426664487380
13059865122613351
7131039283748900
13621589463775323
2875846398136307
2997687994973500
9330416103096498
2990783672818658
11349093635022720
114272105675482
12510584513859674
1467129807937428
1917671225106768
6732508774354496
13334840554722102
10129161925657418
5312075141838458
12075137989955936
13635564010222812
1903808522808402
11413144395018918
6706375046455732
11872730672053772
17466026213190244
646251775770468
8578244281845635
8261358828112672
3080595111135978
6805978509597886
734933858238345
1935885694909662
2642781866747238
6334379518771012
5428422011813580
13380290694111740
2719370585636832
9658704837652312
10391676067049376
3884464954862684
10057823562942088
2728428443410278
1429622066942798
3932601250210864
2672147419694658
7933737926801428
4393645454234145
4013979213576143
