16685158713303755
45328796003227
3275549795598299
32903944394284654
3868845029916960
678896463186480
4169449698561720
9817258579970740
3475034931441930
5907302321047377
6287482779707112
480920116620573
11046150165557524
37029325994139
15181858188004398
231385135500180
3044343828263193
2637794041811491
13308096753897411
544186277346384
28435275403176358
143089920404802
5365823740661516
518741923696119
2529579105933184
6838833999916275
2573130916212278
10911230619904322
3324217421035252
467304939146555
5263168804346565
2470143771349637
12972863184748397
1209312550226310
6427886668510959
6760429511222576
8529689412552181
6871010652996106
6913471255383051
13175323692752045
2632164779485710
824983532509240
5968095135384352
7010035914593504
18486386669709180
5065084233657408
884950186016700
1792892133339480
764756782063015
318514420385150
11004320550197550
1261168430296026
22436185915062228
3020303096465508
13989156997813208
4753267345495988
8971977995567800
8574236926248111
2872303809129855
9547449352716625
12700679338872527
1003940564748390
1439041936226115
2782973163680611
4135004970053685
9837049731889244
7875512241118344
680004439849896
27285903859568876
3067227030261355
7826193092709576
7505001052955109
7921373939364495
6389664878136644
7622205156028288
926199978653670
11914061387464140
7726899904592680
1987495744223610
12357909274800432
5151556827215653
18255123198163069
564716243402190
1319337514026414
25378000153306482
309308707216088
13362400002149457
2067032108624024
6978637261241273
12681369475126326
16445416153515527
18071564254199757
597741403990875
3465408661300728
6206968982107888
9793635501424944
20588981247490715
6082159747213280
17298368600068178
1817254009125122
3957310825667112
6876581454217670
9698517874488542
2686358175908595
345075332772752
292219765536472
4382674110838899
25277747340231936
700582300584894
21786020563560990
6682476462260118
1326531038955228
310320265336900
459762978548151
627146625625425
1142874593948982
2024191431181265
3317807511192582
1616975143157836
2832269284827405
635929326756101
2990854010595045
2419694394954628
1326438565230669
15327335771481564
6103852617819321
2053905850113450
1087009371509671
558680049446643
37919899150197480
13552560530892243
20067207918860
6555230975000223
1121041784771740
9584334623756600
4091979371975760
1404683830196634
8528895414010350
9400089834964000
2406127985129212
3752846320728638
4877142189008048
2948608344680751
10021727146512140
13060862430900920
3952207695770300
14276948700222103
11753148756267828
122356670328494
17550737628740918
7008921467719941
2725009911239430
16155833001940275
4819636797003005
10890457622965646
1825330215585588
1722469761177504
12424436856192610
4025006480497560
15330487001024538
24900075814004545
414258338520310
4191825961838352
6959474537432802
12410171211343000
1621336649505885
5254649987096600
6852623800419210
10903583082169693
2264356990708307
2243831324818128
3045540845482515
1634896265112042
7895667587938148
2567209667223058
714277780634403
1837389419562950
4983419483558190
1237422897538300
8260017726618024
716931260451132
1264791632696732
4364386415131677
3468751403004910
8537221598713530
89110382005008
15569816602647812
2973111706152891
11135263859956821
1881085069695325
5564346210932375
2005941767833175
6627233650639833
1288299280701965
9777323325980351
547952973924765
383268414082576
6184341492248254
3471128065144410
11958108195776955
5370701338310517
3402912333189087
15878256584593238
3073224240205172
6601189135935880
4582006887621825
4104374570839921
267287824569564
7912245058501595
6341847448598200
4057262617235682
3243524982588472
3265686328627172
7144862218230773
10405470592886173
5145716108145392
25865182948104007
2431412161091737
3018188911571640
3942085353330579
13222686416884176
1269225551261827
3744066254788269
2026334867817498
16803901058641431
9932761111966932
30763986300102977
15665127639234696
644544287335053
609543882817758
5712983394583043
7851545304389927
1665628657194928
21977518272015972
1794990451122456
6314603493144856
5676778028036157
16538712004790112
3938230231099074
114521604528027
11777072954361993
1304070946012856
2838269018678184
2067814143668999
2519342322290175
4485005983605896
1009888373976218
8548933891930016
522946884051656
6865111270329633
7988877773818806
7947827328634378
24496630766939942
6466866270108441
4244352503043700
2528999959873440
16316681814256647
2740643753205413
441458680134465
6134719443334383
1049079155163451
1557369924688968
10509582032575967
9782701441176226
4693974126392224
11390184757038589
11047132759226116
6984239018792777
7259840941361628
10780359921897164
9760589548188174
1089262927431827
19705411180506523
266830395934613
7052871477337764
5905824206401620
6034951469764553
12116647255172672
2031217132073762
11353875179838468
348326770444920
1317443847458992
2269640232533711
14353671091103294
536540388540183
13615542041892631
2179160076414336
13576619506667625
3654604532811336
398271334744776
8553213133358328
4510101112642916
7259792909803956
5068643251180644
3482988641351382
691010974137206
2742958874375089
84647928874448
9129651939207926
6324351931885596
4397810476604240
11257598891904864
5306206355137084
664180541826480
2841587805702832
5933709461502576
5892434303499377
1202889455437704
901314222041817
1986122000230248
27590899116498340
12116923366323492
17015353604759560
209903662125345
18012687498675831
10463237226080751
14271095393146590
1495747193918616
2692038677875296
9966995571132580
11042590022563571
2165487707111398
13140144662090125
2618944478054506
720555983139546
1211992214637104
2095348116788070
3736075579070520
4753633929445226
7433850749452257
13651735836367134
2558178859504870
1228573209274772
12071367922289165
370447565196840
25388244853741128
2924218440418856
60162475211388
17136516784595192
300881882831832
1160483837660920
15590168520822166
3493273022253820
25595651457083536
37172143359666
13352974324356849
366106004083328
2886293253334260
248051824914938
7140256588634742
940552714407068
5015056608186056
3250262979995104
651598805427034
12828408324340884
4951083639273352
17758855863842718
15697355141394214
6695416699403454
631821146083910
2055477555706050
6459232606347575
1122214470676635
14629662238848977
4880480752936020
1592190546913928
14049209874181524
16263453119868281
2662335510130020
2706105919783387
1697430078772632
5960117413983113
133355606047142
2355518133877608
4393679564418102
4931828050023491
3522071618938950
7922325633958954
8468403022879631
19701659049289514
86610618251352
4924915505355623
18700094017004568
19686253745199685
12489175189217024
432844659255744
23331023924856914
2405389900458881
11734554178467081
3857160531151548
1829944201296748
4268175690533713
1360191294237993
133210142536736
7822101846261933
5973618430411607
811803618477610
7314858884794890
429307204067370
18423690684944657
9833170897526364
8989929492352240
2023678085779112
1344064539679810
1803257336405650
12316120927073190
4380086741672328
1683784866695570
20387813318598466
9843618032115100
15913772977312056
1787160995619680
10982367124909198
26075977367931724
883169888936292
5516434203080512
8516344735643586
3648027673044908
2858337886467891
6905875221787116
2015971503846876
12646317264302128
6274280020969350
7189516947045813
460653857513400
23160834339912756
766793793228111
26396194501356850
3632602559345766
16068974808070750
14999988665483296
5379976910124454
2263091766208992
13362011897183942
1110596195115565
11803582545105025
12339232616311910
11368504477777330
3722648770205752
6094044569868832
11627527019747832
2713670186172816
8815593127188528
5990362025155824
4364857045001392
463596559267940
14921611129719795
6834125906705532
234210930267560
2362831675386665
17254749895286225
3403497262919866
15443534327129272
10498240540852586
1432776022316576
19650594408360960
3192856052261481
5553099779316640
7599363330642320
3529168326169722
2373187100255950
1104114849326992
18879760954769140
258559631394056
11490996667265568
2818744340438094
5054118418807730
750560826346954
15934335581179832
10487862766309436
344782702304247
5734699991691407
5696626242356171
9918838252867908
14636787925177646
2953102333072296
8962545740177565
6396834748278088
3459453536619045
14022898090792200
10583003679271569
6795105130279944
18532712080988162
457761211947640
9033415492365510
1072134293872745
4194638978648544
6965421589475686
5784689782389294
9264433513677394
20657278962234426
5814263930178672
6133544263701699
1313489784504198
17624632837973320
6000180898090620
16649188755399171
2592771300724448
5464561118501500
4163056514933547
7205483408698535
4357188504067936
706865391379830
2977105918201994
3771037975516912
13773652535480118
2069346962207588
2074806331009256
3401826578946970
5732104741338543
650344278045684
27887350866658635
4505072263099760
17539544275314842
12000179596900682
824213474082964
2735785240894860
207808321317180
16492647345252541
2572635915147275
656495596710566
3166670555068556
10611899073600942
6075472350789060
15090235160330257
3456895701043036
6575790546414893
17320900817945516
2014830139822554
4938358341259540
7729804349867488
579115706517880
9702745846017270
5657825264186018
5502787052162778
345678491597922
19060310224030795
26583128141872952
1865202578975934
7154282329943610
18893432439689201
3362909281578672
5846205877240500
2474154611727525
25958208756752262
6543912309459550
2895156413670120
513142515157648
804428064267380
3868379050354480
3118630496305475
564274233120345
1281311000011394
3917207316799484
19209224385929703
2065333137725403
22364330903256386
651368927797833
14109299926121504
7022796358462808
1366408034084793
63133160306059
16746013921741811
3352167885352476
18088117554634059
1127332107345596
3214262070613450
5137977266571797
18626135425233030
2930680241046098
2148632299681344
6957414354755974
6231304681408710
2766512835367146
2279227434992000
18072314744529107
20810099109522870
7502681376828416
6222287052207266
5827464651717472
8230280143555638
2921264432146331
5053665053597506
6510323187413430
2817867566724803
4146651902731286
118433458650184
5647901066233032
3817144682140832
913819088176698
15403798082553327
230066610310490
7119095129564500
770716070886830
3034281984307500
1245438501261292
19497480415054772
4023887437906455
2968379848901201
5113531905850814
23440176520692424
17520810531859365
8423104055018297
18286208836358678
23740993821303
3734804806472398
9594344022551059
1388459705747070
2283441659298837
18866373829451641
12361697663836133
5363070053522266
838643378791834
18893443950541652
7347764757187525
13211007413156432
18908522173711506
7484143144465576
23913701002314648
8421847829681511
1193380941211025
561758991537723
6551030630106242
682823337057844
4522481282576345
406975083021264
2389652493561938
12231742327237264
24276446634729865
9211760528898856
436313787285452
57003825029300
12048719719468272
4884172971782994
1405855716697204
4127512974522520
24288847502555861
16213477859514544
4429371342246195
4220758590494277
29491400278993908
15141311523586902
6672846446799750
6363867493177207
23313290536128773
1645936144234784
3748758398374080
13461376258206708
2859825701819427
5790864943098470
14005802530013112
193958157919977
6476292159554925
1820499870613240
2516000784362673
1073163542376991
19984849581895905
1836678281031019
1984561001682456
6641971194071826
2865556713713490
9229561017071528
8064739309254912
1196067105040392
804445761789852
3989422579550056
1679970843293809
2321766213224120
329662572340794
29975773482851746
18791236258732012
4013798972286444
33501935445460415
13130188096780197
7272971813952000
779551696837410
10670273004655340
17441560438793603
747817660575156
2345350908091994
24853444214342286
2147284662882677
8839910933884041
6368724321525161
8001833010079593
16774725914735518
2066936167060536
3920770325469050
1143267929318735
29026946940389988
1613369954101997
5444352759629392
5318299401774150
10207092771149955
18300416515910357
16636673322207346
9768671363817846
8869605641201469
685995321688597
3479969579303077
13142067949413882
44170091694102
28633103900566912
10155811366296158
344284901068248
3968200054735759
9309419868679440
3879672467419594
4862473756673064
2045111066561304
81532159120909
2713511479752430
4737399836310636
229066886175456
14544034687254880
5107750204208480
5873098871729550
6847584374015088
22326414886401184
5547027302393330
1557154753058083
19543556746618256
1395603882394380
18835337659160781
7008519466656470
2997782186518284
3001997041841920
23820196350302586
8635264203253041
18590252384393231
12866665237422480
19499217412502204
8931915229547621
1653665817720198
3553039973052486
93728332460980
7198247791892728
1292405555691256
1293431812378632
8830891164551792
7509557757301294
673860988838806
7288721298742338
2736610500260608
6019663331950240
12841195315798476
8082039117728409
1145718112399975
6080603824573440
12872533716652900
902564604410748
6508136575303050
29643212229907400
428137731797220
24019396941211476
1659036794005606
3319709515436426
1429329254811593
345592110674180
9108285871176828
3561491930606337
10555805323559964
7177028537791115
1628812097789493
13663645837720023
6510655974334576
11961617559287750
1425763441287744
6946921726384470
17583606095398925
863329956137198
10196705009382923
12276658258667149
14622703667758116
6591868201309150
15205048559518467
5999222691168480
3956350161885318
9258937775921934
2978026501618003
5534844927969000
921614731741700
10381499387684597
4023116658262718
6164633610014594
184079038330077
20121867469015880
2673976241575740
13069553579831155
19894245208423278
8622954169158412
5150720010922555
2379491240914592
1874851376193510
11850764580043106
4757600822792328
4947694482311104
11469816979725760
6326625401410578
5299834922016316
1097785112703792
8926305078522297
3002558437624012
1200251989772073
9181898611964108
14711907755181990
4571223133547952
10001476958960364
4299883473911550
2753797094784055
4812654018972330
252706860737770
4161710678434904
7125781947465654
18386427665217752
5051068834688352
20458406680059678
139109162635110
4242378988236795
17027792268570512
731747058425958
1326843893887895
5472135878796696
7487235655306977
546722820381165
2715370379735800
10997826210730859
19246144116608165
8492109401193204
1701690304544394
9277506439157814
7003713803669450
2588429135431392
4571476372164096
293072492294805
5267233944224642
3543418778765910
3899464950953414
554554226380720
7501954734883076
1076010510675615
11462730545133846
10030718850823988
1924709915074640
683476034436260
11770142533706425
1519954941059406
1679421440811870
8721153119511330
264601325062360
925427814102108
4659333820872845
9487118417812500
23168728011637408
9130584105513540
3331079943978265
2148914299923152
1856599952434614
6134801641903179
2318003095039892
1898771555434073
425646553518225
788084833251360
17218422905727500
7377957851836464
14459039648123960
5048551838812920
23617740573785554
1596653562461027
4518106855434718
7415193637069736
3921317135227827
4465852314876018
26845220459571306
3616929499416438
26546511543050213
2285103843281820
14518833646200013
10961627258173895
6026682324912816
16367311371210538
10873345180216172
147852082092540
689500369305419
10181826612765748
9628714706936168
12237222740976420
4270820667401565
6436475388829592
3034424085491912
5846091471661775
1038489245501496
3261259431753520
8343770878032768
2497776043742664
5583477112745389
10867052692453167
8814837857913985
3012800740041184
4850552337369150
12062768059331588
17140216902395328
2394391397063550
2437219682200320
24492757880981962
5425124242117710
13268798646692153
8230249270237967
1535442971153080
1134621268420528
23435939161638118
4297114520257608
5477030760987746
6985177221689115
9179739426953351
2651616291215680
932251028814000
13371214136437511
5018807288447376
10417489738076854
3249226941665525
3029775241668775
4203225660246044
281010137833128
13522825812618934
2017409483764200
20548663355041965
11218414607245833
9676860752392480
2622675974855465
15731093956493117
10422835819854906
602799929572668
5011599848140718
1403054584733880
532537081454560
211140057602276
13915624467577472
5381861547295572
660555732998997
8569458765638721
13192808634815802
23226506557930252
2149599860294592
2747204355932903
237661831892628
1507993643003396
9593637842411522
1203640926773592
1527902067590196
1818449279086320
615743820957627
11541958098118715
6789973322490778
4829642556681124
3698502358889784
1183360470435381
2772656654670479
21948961186249012
29674760939230296
6964121237000
19513989301134288
1255032797813912
25481734872713
38257577568076
28046932989347655
499024160711879
14615286685910840
17458909283685756
9108880081777995
2203882204984767
5116549048527159
5942467801977690
2552253705297660
3156486636792150
2356381016386400
9776160069962045
3545593617996599
1448044329259318
839378058032311
4143998130466930
9976638247062792
3476484252087426
8754237685328905
3381854888654117
19843364429657784
4122387005938635
12299960693144440
7364921375623393
4562188175761878
21370072099324710
12912876534599874
6472835493254917
2070480160513840
7034913811812890
6339605500630576
1218377876581544
6788738048292600
9280447687657944
2973898914221290
