7782223115221680
5437184607539104
269865332646600
2269676917592928
6695661414880001
18539042721682308
7289419098517935
6006783178398509
19807105330465950
11918078225193572
16099992296583550
5567263010015130
1065885500627222
25234816690673112
2464385432211180
3801231604656647
8289558162802688
5124358311839685
9501206867630572
3260062384032593
4795232671309899
8375144561080452
9789712505168228
16553026413410251
1878135855696051
2694849985495242
2151790209981036
9904122800283616
18252359237297101
1282335596856999
2845194497197416
1030210410182360
2052550526264736
23675789242555598
25566015738284574
5894367719739800
6373599608955012
2585762187938466
1704268851745620
3672295639194520
4241620681039670
448971743761380
650022537680424
4301008449357357
7775953450313409
5006919654929790
12927145898226390
7317973585669020
9151055004859375
86752121514045
8529169834532832
2707113303089670
1667608457691768
5025626733703282
17238818272237020
6025101858060177
547804168169440
1780286232329550
474321787579224
9755565138935611
12063312014968375
2759769388565970
5345448784730829
3393840008211786
10150784840270883
133784125276150
1796689928317310
4442378405557050
7187675703785677
121319753371815
3163215637690860
6568273266763494
3251863555187480
1778928265962302
2090230059654985
22695908501490761
3296827673618336
25668405236536306
7166453000271334
6922945740880480
30678700035518360
2738880074268899
18109749449367561
213380201456232
599975131073487
1009128145326300
241442810734015
354013198746225
368597016599916
4184830638749080
29234662514181106
1914940772535960
1964237310280188
7737087999389820
14280540809317420
1084835704569380
188776087218264
159345866399085
2557092685046490
82865801030622
13751105500673215
4116913514160576
2757738994039704
1362047220108626
8109277386546968
548539777826530
6369940699265370
7246638642326420
2296923622982448
38006063557759925
18169188236168884
7029393095352219
2442799012396860
1352371136831244
21286964588499709
7964062495256504
165945076551080
30117990580560135
3488853535766177
4742915142362745
13262962982787910
478988643303820
1432477143515250
5199415507537608
18036344611017082
609670360571253
7625276150465027
13127216896467660
2514717564938696
1775648576388276
4957390765173371
5142810205575243
29739422071791658
1108313359579000
816907994477822
1083544222044960
1000846978531144
1204022588093749
2418218166951672
6447175028015560
32232559321999750
5925446496943651
672997812840752
16161273124941362
1324659856706340
12289134553099716
6063778049805630
2146330114825470
16126511522465458
4877061809788310
348944182806915
1541692432989900
3395808892800119
2212315317059778
3353201835716469
659988621506752
2725392452478928
10502525903009440
7211812339003276
6483450646816000
22414724076318
14930058664934468
3420021682879809
6255903009017739
4053161103906224
14728184860863845
7603555164010092
3659244151414140
7553477185368774
1178641282234218
7997547135616425
15228297957460468
1097626414254573
2165115595896750
7172209236764151
4729280355395550
574363147711542
5886512712244116
2835524896803126
1781125373190240
3075981925503266
9296601456761063
13245416082413016
8320744321014125
15003880805888972
3841209813628544
257800828094248
12215774277250374
1781472820817920
9014934101093578
7279308787299596
9618906786095062
18079020949622613
1142845763016300
5657929391092454
12084154897327964
4054627293302320
3357670990394826
14296841823757590
582578393121285
6119981349118614
8170935573983355
22341870653558432
976393714842684
1200055548388900
216391866170568
7597031788803837
1164818003828843
15090713546178698
9156806590843440
2369944670534640
12369433045311990
10946698631589493
2026759722964715
18927166624287565
4337201985534429
7800842231031558
884954625309640
6761776081318400
2681518256073150
6382010692945980
6226212198144240
1169763941789667
25896416334054624
2527951982150686
15563625422123304
5892046666180452
6005494661862672
12500691232664601
2079045505533180
11760177831934131
487452498044322
3268504293967246
5657318844759887
660410449608375
4700865522095460
2120279839048680
255717400870520
5141659190589712
9312063064436916
1323388520100908
2952471888424600
124179566909076
316611763204618
13303683542207923
1990916902489988
754112226900480
4744133992041380
6572669643322636
9400317552827576
6370269365857717
1812540432113752
3046883777745074
15631351465383040
22298303825379499
15390782850595725
4760775335983260
2219886165120480
5072338818821493
8421817712410121
12372354717496042
16493824072226317
9465792548841951
2959959785151048
9227493156188736
6659011445945244
3963065385084520
361154843483894
24251998358686630
3535091670717898
13271695785830300
2592112675650940
33826703073414055
1025858884747080
2345804179455768
3051204621002424
8618774646606170
1198177147514500
7360508658981468
5975571505459354
9422075459511859
9343741239720740
687189455936600
8583189339733080
802173666741342
2597900817158192
718534134762312
5098303221577114
513839076729160
1333869344948896
8717370153141625
1885233463600217
225312469224852
5915542215730224
6629945890110297
4011326850240973
18440363949283780
11981528249479400
19041710663244495
10008916711329230
1751812472225092
415640195022806
12624574117461868
10640036459060712
4200677075561575
19831075132795812
28055373884871263
4592248067893231
12566112888668159
16189373361216510
162461457777632
18918325309722027
16773537202860022
2926756789673076
2223622682127164
6404231207554622
15400543602181880
5389731069092076
3668516990705232
1094734155794824
2203826015605333
1162348291661980
2255467480104256
10677445647665215
25343069589328821
3660203360510940
3156994554846986
12854132957019165
10129371422041571
9585088609120750
2223997791427483
18895422889070
1699288747398616
14866406618144814
19401459366686893
4215248539801558
8785122813063012
16220499704754804
17669719462367220
28272245194927410
9632820807790050
20219974225385870
7739655554292684
2531014629462432
7506655434585930
2803529876972568
12856665414707062
3092214280229607
1880959303119064
1509843453818073
3868783296607125
2759698974393344
6531846781174236
1089680545900272
724894947114150
1812908942867802
3481268831400530
19175989036687463
5373289916620521
5646762069959721
17358208848787152
177951544603602
958561538636430
15050249750740469
6774712939212036
5195496005474606
10124763377721853
3040317247505798
1491435324100218
1480153181145465
17552437221350850
7576132180727069
13984936747965008
130392134846586
5593915070891504
2133107318948634
2838150869753555
512248533318321
6945309523279920
2170417909438896
8533070637573696
6503023453521826
15965460324780901
6159420483967716
7538524314349083
2647130865122596
7124265661554236
4828236120983056
7147247556335624
876303489194329
13272069447361688
12551250827791980
14784538887321600
10891389387482292
1094893170833418
3533311670545944
7318128749258834
4970135136603273
16419722672146611
682565930715440
3237296841931404
362021492728400
8643257801320941
4464479327128024
8937002827785483
2315098512651180
6294490861613922
2016228301020864
17572662413167925
2393069793243173
6859116995864034
8676316629546335
19602586689949970
10590530765078800
1088663968836079
11963496504406722
43995779467059
9542880698454880
4318822681343896
1150455527605755
3931684578713754
7349374254943457
289567775549899
9052950390822200
9314607286453969
962158650553986
3475984096598881
10076936430591356
5848819858963914
13396438467456709
18514288274287793
5014402579158443
743011217036300
7735738074206982
9006613944927214
26741059863200891
15677303503932614
857184789668946
4011566769247895
1611661347582489
651596308350918
5760444612777360
547476593077351
4266235741619692
10712337755756795
179469070230905
10063298591667733
11655950162180460
18630214255517696
456273276832506
22320379033235200
6539477595729478
570175314975601
11438667490555846
14425207458468714
2269283530414292
3220888585121317
1119091090723840
6825041065181636
10522919563692896
2781509492350606
2632758794847570
15510365529339560
4470262346075925
15723842579255502
581007509164512
4097287232223966
18314275856617740
6042750983800620
1847385514210008
9085090735867470
8876304993388529
1669513214138734
6947082424393266
11196208698808543
15647499991973424
173971456637232
3609742460925560
21179309194876840
6642299349640350
21220953690528492
5045479505268382
4657311033852200
4236780413075221
2765267701609984
4859890869588842
315736572170560
9711909641868680
9975120738455264
2849946194191922
9387754199127984
10271564125995385
795325304826104
4824010377579708
22688254188594620
18561806286715656
226953482642670
4973123343582963
6994134963914826
3367988097202176
412326058376041
9225464918854977
2561870288204950
1487122267483968
3178828213750441
302651387161020
1344627452650440
3749726204933776
4149774352391943
6965888899538095
1460499399228072
29437400961446016
10032710915829805
465818464342890
208910128555268
10281684505175593
14982225792723840
6956089229397060
4475598264445957
1381875263675394
3311461670047058
7056320627186696
659059126286793
5996427062789016
4316853486695490
443966335089858
1145194304556295
351153836911746
2678136018395440
3124921035370904
2509452514794148
19516060151700927
5909203201280568
20026604815963462
13923463397572911
420204521044110
2528184213004846
2384033163374254
12573790813904644
25750326620723516
8760934527447190
1874671089007404
15072327605321604
3205359215794777
5920870048488642
982327090573696
16157407912499480
23833161104170012
24216279590949749
8115737806121190
4330278130828088
3718497567347446
9001509000868220
172840102931160
4954557889988399
6320148984988029
1385284812534525
22858825343922443
12204113629327975
1679577376656198
16960127788312989
131111122725638
6289217049440326
3499839219120400
18674562814788
1946831614410824
6508097312540748
13119377344710506
370264414258596
26019078630301126
4233704284675170
1697870871029736
2917215149216977
6880468323589555
1886922339099390
1936721659166530
4231725557200167
19660022674549336
11699466069924667
10946211319175200
10737995811174601
989270749342020
6072488403574762
369684162358917
7007851984397188
17526889657901259
24435562194329330
12827265816498374
715791509456991
11103252137033970
4507630506291910
1361488103978148
5310597643613836
45325393425993
2933987486560384
14777761152282545
21089190296767602
1445570955741942
13113353358410863
1974177769852743
4374573609744510
5493299640599350
163398767330989
23595695802120696
7946450179453374
4213350964925082
3324044335543380
2571873207644256
1120673565578826
3013830670989009
141069737603912
4428577528511310
443814295899364
7614686368836405
93154400815504
7251583387007330
2277417526877856
15997067926853152
65724831612300
4988855362894620
20690202604841825
6123021648197425
1878118282338384
2762203002810010
4478988256624944
8419213286371717
377188769331088
2734374850892451
12366988970497069
230875524687657
5069559682227911
16133449316102428
2914613664453936
1124894777525382
22142610096726637
31045115689877641
5190499107602235
25803661763825285
2551558290706819
132501884972648
2966243530421824
5868369080600130
3033599149186996
2431324992875417
9014137469160225
1256373319966232
3477601489952765
47879702555608
15514739018462188
2219739972204120
11325038046491568
2898178912511462
4151227498422547
2237510467198313
8320467331780163
15728129702309145
5488633283441647
3457971943096486
44382796774735
109285770713493
1910450541121919
15165393645319222
5403115333576713
15089266060970955
3975484695004515
2478492468841478
19580057254947215
1248685831582864
1850301880252370
30251713969638569
355811450636460
13075848367163840
1618170374359340
3916509392962172
10392827536473582
5544826844329646
5346282770491500
19066265962800080
2396753921706221
3136508312532435
255856337178882
18534146916417390
27904006248762406
1774834063739883
3089870618149657
1433224787647224
1332754756517709
13727053435502926
7785630383457160
1338901789826172
11200203429440388
192021517341390
7141741096627747
277461921030808
31337901084116
30334535202761880
20559965624255278
3123284207550570
3665377056125106
8090221285201066
2505116579315223
3153576931988994
1985934776415175
8386412916788882
15413530810388046
6610105857584656
858323238454968
15552393457624514
5075050610196268
17535953458839305
4037096499049136
6885635987995030
1530346399525920
2312529567762979
274035039585615
1612317250700025
6364199562018614
5456053777580276
8098645760308268
16182725465856204
379583617934056
17086656547300790
3662400895291425
9513315054081135
4682917569249350
9757779450617016
2210132539088676
1493515247729428
14424242186995928
2653421568260013
1120066488175011
1282386335911439
4660531484229236
566068095748162
3800836417566479
13473802877587206
1863733950298632
2162799900929836
10551936569850760
1413867259896441
6911674881375966
9769339492288113
6057423450142869
22012255616465201
24025333896605012
22602354294980916
12079682724928
9099429762221388
10835116866374385
6038423646172794
2708063801673146
60530262540121
23914338580325952
8102560794891534
5089470695395492
1266295565477600
847205019341913
22169355704675318
284376083970540
296456514110218
14868077937244520
2692706238360475
5133848267412444
2069699221950687
13154562020667708
813744064810022
2021946614374926
14854778046434961
7963739221083630
6399267155897820
973793215582600
461682037491672
16265411386848085
29044321567579634
4530069198180734
13676992766366302
5588239242425168
901061179279165
10718157216563926
737257099960261
3462754859536872
7323527247042838
1340282014215487
948650552698464
348681305834048
627682325467464
3084934813209453
13868511336686616
4888763881174498
632804914724305
378261691583676
736523312756486
2215699189220790
12726299253630353
8293680058604448
3184411208278334
1277269492163759
9129389963083482
3071446190161613
420320544014604
7307045617790648
13492756033868510
1869495321697398
2316923042180535
3889407928259110
5300750042912642
1821420707697416
8134177525022298
1023070030138734
3805935058483127
7031684012584840
482673390811905
2073341593338664
52978040725125
7327266892801621
12224367067024591
23997909160081080
3403903539811150
5624378313963488
194286114757750
1218006728561232
736327993013920
3537272055462150
430927042905078
5609364431519398
8693777792101405
4172190303314365
1162408464044514
11501166443028150
3805538325297930
8495753834068378
14485748896361886
181586229505920
2903470848557376
591480386897842
5066156195267898
8770025939593880
23616344666380062
21838417895057498
6429668256764310
7434804224536647
1397890266517259
1022655475222096
5892043686081787
4355100874238192
2418649891837761
8333710312206966
7236159874686855
3872147849200686
30388672344791212
16069389189242366
8577183455729847
5379508387030633
1189679245588328
740447824948810
1786922104520061
4600092606485424
23309565495285442
2140874720134718
1309099483933784
1490516813718760
2746660476170600
5157450660565680
6670615650204575
3791984774656720
25329776526174122
4620213812059186
6673262689958964
4706348390212224
18000471560744452
71269988856726
13335132963419694
21092827769969486
33174870922414296
7202710951863477
8660241559284025
5766928180805378
8532792900290540
22513174142751474
1439026394036331
380348623006125
1039874353442856
1886107573704180
5388836136314518
582265603098140
12962907937926958
6206219311403553
9978556150993222
2324535244482528
2896366038534952
18263525004665582
21357185624796072
5263794701245225
9604871238442830
4922115647700966
2303007026676036
1737004002723072
6114195417239290
1101273334399816
15812112209411040
4503642649738125
5155733637885928
200292961448727
1279954268876590
710514358325996
14406949667754111
27058230592475742
12901499013493450
6797198317461779
9493836689849563
2225554890902964
5942272354760960
28073671959682580
5513931364983686
6219685229082154
2421511303089258
4199825636145956
12896829625815563
9702623200861072
1033259872740416
1213864698363744
580180648461903
26626352537886066
7409043096178949
22636473669614572
15808406808845024
15081624058513464
904093166396819
11948040975645072
1196825436566325
4862286217073075
2481823624307286
5535929107510074
11691311606887865
7631826298372152
4132980339928432
10444091461165436
4779777633342866
10831102066920464
3417774798187052
2238557672656824
1760640250121604
3420633320564016
3471473207478625
7031133856274152
11019023883529806
2892322703981060
2449121664981552
5451514873734840
1482947347885627
9830127581275232
2235498626513130
1074010697111560
269186661124125
1044832957964104
20416559750889237
3127869078402639
9665287913630361
14599966044118580
976345738655148
28471400667732709
1568429655035775
391531744800161
251749757714455
8621533801794678
618257345896696
6672780642895243
5854124122579706
2878510330930971
29146912973457058
1342083403421072
2307251516187624
12400138839757874
2162650337140450
814910772753625
1077657651797100
6382653051041352
3971232096311840
11482297388785368
9107791306493920
9699702866843662
3765610206411390
3817039995752152
17139435939593707
10096748107346304
1890330061360312
6888019495114000
13035895811328696
19068499493831998
8384501772817118
610159304883876
353104824196728
6637529598014736
19991984956794322
1593626178262746
18320120664791590
358872988731453
4902352579923478
2530655668451778
13924079947848816
