10971107633963602
6592596635863419
10447369251433810
6953203577658517
4545212865523879
7710464303616844
13668191589303821
10708665523420592
3057584083771916
5596070460733080
5635670953696500
2712086715988128
3994913041534072
3762416446701092
1531172084512512
9558987322595451
12538059565609368
3509099733722326
19093988565332076
4444927580051440
4441354011412990
13277385300719896
3719801639667105
811668701165616
10885986634198751
3384725952034864
6986071849196594
10568186614649477
3141055130410904
1615865907310614
8075613287078176
3208491338850738
3776332001038722
7479063259036793
5497136432396593
3166866884412902
244344954290724
7782115645402988
3118745747097033
18787923928219925
925024430434912
5570195739882492
7990168222408183
10479460564404816
12614940948382065
13587747645669566
8863879728415840
7221601793402647
3389636391994338
2073585673133128
899337474831312
5952914085593539
2131146565434608
2964408033386478
8724791913750888
14361436011820791
13684587506037407
11348156958615146
12445512971263701
1926253813531377
4715865285307395
8507441746898051
6486454697732981
890725662771588
5191040169311168
1624974722132332
8980452940912982
1497345921674937
9410272895871213
6113165133469407
2072659131164559
6545181022480026
6749696948449194
214201812648647
5159928591109810
6483497167879039
13523131735931262
3136379628554025
5875974153685920
5190747736079664
6770542270538517
3758017367751780
13224433333320443
11961771464973054
9542882079005840
6992330644656745
10503567142813665
13513893849179590
3057828603912960
12343183649358552
6350172000829089
6596552772338592
20911180377927174
9230116031006880
1040414942368784
13107111864822300
3926560667972939
2374413908333720
9207296878028497
6387523765445611
11500916591324307
6519379498154592
4940943457344452
4327635898141974
86589769452282
11856142910870766
5519604526127846
20441741399744566
9280657305204179
2756660093947725
12209161358008296
1255853031275304
2183735127154856
40677125235800
10846975353102380
15280354388374744
11963092552317187
3425397339863806
8741469718436584
10174772457623210
7291518007778530
8650435627028388
12399450401305016
4903477498950506
5535416753135236
3401354428935966
5388970633910220
1567016360955861
11051540817127980
7271150979073521
1987186060396782
15958124302505700
7191453819259078
5166109613962620
2361937550096771
1110658742050368
6461699201731275
5171292288559664
3879659688505002
10661742092243475
4955752959637618
10012039249927576
1571361247607431
1845194636539085
7076158337824829
2885079023496720
1479366091886274
6616089400131473
8644140971930132
16001830637794870
3771339358185850
14005313918081643
16241196459691940
3291162590696760
1690378953721858
12681208832772018
5714201967934001
5892627774690254
4008722819359162
9783533527795353
16266257945257009
17338181743872801
14283454854664423
140946435845154
11513918217706700
6058961711489593
2121177047509376
5605463325183522
15292437392023475
15139669188463281
3497733935033223
6448095570699180
11438768637239826
2402194485289536
2569993590103814
8965096702779087
1445351456581231
12050650669275886
12878546884249520
11519164577471230
5616616131661992
3673993848480318
4586181163154274
11097972238449975
6108573045120570
11226326550368254
6340943028474750
6834836859816312
5595723416234575
509733719290316
2854768666976514
10509259397538772
5123028270502017
3265366747897695
4886559484200499
5584724153829469
12095874378785238
342833628156754
4294158334789620
10665424652797388
3386633343722740
313952394559860
8034224141052360
2141160865482700
3180547094096940
211828118809622
20760134518740750
4224798090861696
7764757371847520
11067234613290061
15736112892810170
6748827859011600
4416297080722009
3514323308189226
2825626162682688
6500183239799634
10446316905675279
12178258579414264
9628593180549872
15045868456805390
10784669234649270
7011652648872690
11435901787034474
8173559873304372
9980131201993356
3887238536571095
11574132546050244
8604929656790664
5827636352744003
12432437203986800
1997376143747090
889194907068848
6193991068892004
11282903930554469
6305737626974974
13254042115038792
3234286352175112
16080314887545575
4758346617534240
239951985472152
9740096395199106
1280186586564960
16505548612038906
5880674919457780
443096071615120
4157812805849140
446920027600338
9411965100215283
5662448697737184
17328747740954876
778214022168777
9634057719330132
4239682884931715
5334823797349335
8179455690159641
12517863049082748
13564650692051882
1977558729278455
4785591675889854
16980769980739552
2022630129347080
13294151098230214
3939865982487916
16121310460342720
8207106877178024
8832652612062521
15105489945410626
17973152402612153
10928913968078766
3295217036971273
5760584486154675
6850948950979600
797173050882663
2142272280199851
17305902224032443
9448773175559272
2757911514909826
7058076068919487
10133659318435518
7151767132444232
2756268455054864
22279310320462126
6121982440471776
4874978302513360
3697717969049625
5061388704227130
7578659245895772
2438802824176015
1718991790438448
2929003836811136
6150062280093285
1676195914732136
4016586372063320
5590308110678113
69793860068790
12342543071935336
12670999342919265
11864183139529224
11090029368931920
3556290237239214
3444390021686120
5192309960237918
2272489566625865
8998515301890065
9400993299552636
1198409035165186
8948383946711002
1003977742703712
14524049089164190
5507518593901196
177994790970634
13689057944875845
2041914141893830
1817622345212000
9574167089975652
10622944563843988
13713137230264908
1795084486797074
6420906824589027
81166345150562
4419081547334608
2068622266720820
901292304341700
7177942899506083
63737417146760
7892767437339860
2357620232885356
4268290326711720
12032586680544767
5819842652211168
7587337727766115
17448549265411564
15130504521061125
14741136361331044
14959761087415472
18002700321380632
5561434118483876
308673711658680
6470413515164709
2265598201103460
6146372694574644
8250176550319000
10583840200436427
16930826870873200
14038813652722755
7119321502808011
3257720916357712
1034554854648888
2020223909507791
5458602045660606
1886201663061328
13656568420565556
8920046782043896
1415471807716095
12007694258151007
14226396823659200
4030134454703999
979527653785615
6373685984295332
19404684823104628
14940027152672895
12828825982584574
6592365682343993
4782479473797325
2622494325960010
4050466913477719
15264049339505634
9696153473796931
13173659020643392
8412816000401994
1529725868872120
283739945216348
10308954418103838
5510409663087147
4252439471614110
5822181068285292
17530772198429028
2742817650541105
7468955335420110
9263227262853769
4344132469579748
9193601956049514
12133587807224120
3951963193117680
8403587531407424
2902478826153330
3370531707851140
9533924067347315
12385476698836395
3376951820887025
12272066321324812
19302132832096150
5557829097809982
6957811359108441
13244988018860472
10559299470003049
5862129445375650
4372253284346768
5039002517784246
19794076464225
9008940044852791
40235642617764
9804031891085048
9375664933675479
13256821711206728
2239227058770315
2982677820873840
4838174214575760
6523299161851215
2686767934305834
396616701704400
2402037311738145
571148090747640
12125843706984310
3496571923272050
5884588761653872
9942624068532555
3655315977837839
13462527047743620
9575630975715750
9533673125788603
11157120883059638
4451593740148850
4014626754897372
14448816513483260
6653784129365088
9086103816254410
9983601817944160
2056671094554005
2950654328199147
683730296552388
11027803618912480
14354743261717096
8171180397497940
12763057596395291
11591784712310634
2308818676597962
9787033529431417
2075692986880276
3654168022752895
454889593347508
5347247213982072
2884258252444086
1323005315895036
11651231746304923
2339705492725652
9642579100123338
10003844175476164
1236976413276080
4490939345917770
2045808707645320
11962360929737001
9779964020134257
2908087210077704
3723504233103681
1965990072862328
15374801851486806
510245567305632
8628120577165900
10584030956704876
1777019919864808
2455660781498184
9951439958299123
1585385910060316
6854001829524612
13295532826173159
850462949235342
10780714427118136
16792346457320019
11646350102406993
7085327277117588
1370527693723905
5640463088164839
4043828822299519
4614004150822560
3606001293032580
3987779824845315
10526832916352658
7127160046432320
8936713891896372
3703221584069480
9217991280245580
4711164107883189
5371785860204534
5590899754463919
13594222950297746
11818580456878416
4966586535523378
11731045853786160
12731705534289300
5713801018740584
60166520328420
4182079459318363
5777638645284483
13596140834339493
10361710459708293
4528608812674157
2449962611730635
3851825354511018
8146595221879010
11381096553051929
9213426960531432
7977175680510180
12839987610531501
1923024790654176
2410886824970148
9264122906428320
7663546210668460
5775163638606149
7491677876028900
2642192597395620
77596140982386
23559431054580452
8462775454310755
5047904446906230
6194706449833027
1606770972229917
11525781042497248
4866341397493688
4782595290990704
5950766412885257
13655854582159380
12643485750922628
17766978497516136
11871122901685093
3046726874632505
6105478820022400
7037511564344883
4007216473696791
11892713830470420
10662813506245290
5572196338462663
6945197065568224
8769695948431761
5871920532719109
1250346584071432
2299823382090745
3250365699632722
4364670276379698
17277647942854252
759972362382387
8015425191079930
9265000332065373
6668113614151262
10498888768235426
4735953073412887
9643728081355092
4525340469518474
10759711114703390
3784602535004700
3892536069348522
15019170013951167
6285521001411192
5931119707192615
7449160616145361
7136296725538476
2069913867474375
12578994558534130
12562694696839692
15741341397597408
3687376379736378
12270144974166618
10482780821254016
10923093788103738
7032820743842908
14258376603234216
15723056343763634
5068088830260165
3581971637613250
14826429061864551
2848347060196584
14791841405839134
7170626059859548
3818497901560251
1199411043593290
822747643883622
5844233116314377
1083670119469335
10654413805003002
1983020723909232
2150416160656296
3299061214094000
2748965766258276
570782983234470
2789155025164746
11616302648343333
9158216622272670
5235915079227582
12624055972982176
17124460774935
703340177648725
5419869192647750
4458265341448307
8035352234745751
14488110126388980
14949927924002452
4382117838488320
15704403562929985
8091589849102578
4536135427852097
6738416825911520
5819589648745386
9864217158734480
1204761179671520
2482065136145450
3472216632255940
10287417340783674
3910361027204750
2491997466192005
14599471293029240
519736169762208
7388566080867585
4998602021069023
9186744207273624
3411841974144472
4953471148138410
9354682963184940
6342423758879274
6134119203733551
2553816795818388
689345475742873
3637111919637231
9160384024071786
2909518365719460
3537183970707660
6824013182318080
11708513398467738
7049820286358558
2001782719313169
8793594750293412
9022830052172004
754084254217979
3204362633383030
5026209431878100
11129420241054098
7368134832488576
4856795760627376
7857305423074332
3949575542202436
12991278565937348
11984273061131178
179001369429314
8516577639273504
9333779430960487
4091770035797184
6908732368754348
12534151042062594
4962099843520276
6126913548523488
3485699631922343
11626923410241492
5376010374730802
9921480421272067
5038106373101448
7076663269128964
10462863757347387
5323776133866580
1039797137731801
10619011947400720
5329021672532862
1356042518763236
5022955715083270
7117716299523961
3376000606935480
6643329947334365
9857559526876392
8756723837135890
3889752308547070
10896261384946957
19421627819183397
12462303331898895
13179924543774437
4400883029199202
8210543335594896
10700049909897821
7091857109309860
14126060011015488
4555848923012736
5371443332245376
4874515247734972
3861298767832020
11149455808805968
12655219646782923
2161857724379037
7243568402172336
6543246237016737
14133646290937927
4816530258651420
12176959556842328
5941590087312201
2290811109663947
12721273816582076
9778480611666468
10539333795248688
4166266321300284
4953143601910513
2358440514946545
10179044646927428
14169867689524467
3126558521526528
10805599790248832
8842605299103134
2209821410809805
10094063348566149
5657142180174474
10654550506050343
14636768496086885
10095195110587061
9463530371665663
4004782541915736
9878591877511698
2798872774258932
4905970907919116
13390989104528660
6628284084635921
363170757330276
9372327815276865
3856565466895706
7566908259028100
1190794462555186
5443327822365855
2333813300567294
7748510681589133
8911059164216470
9355664942941903
685844963862876
5123538040135356
3278642047628442
4301152997072388
16277863132402086
11684725818218374
1961989089295830
5840063727211154
5279029909848564
6058894134948990
12152777336908749
6724471088426621
12408193441132912
10520204224570379
8053344500032698
145403442049780
11090186055581156
15156759062626050
16380350845922328
5775253411739835
8317447486682838
1128976291076346
6385146635025256
3829793108744160
12411891954718177
7717269718916694
3574791249510723
14544591951898992
5930217431716964
5691939399512662
325004381525925
4119251582885688
1556247961631344
2136317681088528
6183290051862544
8587295006876406
10304887254446684
1960817591078232
6229962259902990
4374992686978083
1774733179042538
4630312920912798
2007189471818808
8096663024070664
1710978010022699
6668098935367678
5032271743243441
8886600771799283
5893637549545723
7087711718437216
3922145753702912
13302286043922628
4951270228755074
8914900464990422
4011133874843678
3544712158235112
2592188408050174
9639345971402932
7584252036071333
12147133312262234
2781662980399788
10380887200694082
2161768324772268
5571776027508321
3194835380438245
8412809956876820
8957577874930932
16219548499650860
13223299416689182
10654727896037593
6956449859021109
15952137696460326
4654734157650653
11949985428684446
6380003822911213
12509599030816240
146471531471118
12414653467714240
3838708415166600
908793359446210
2223017626232031
9047922609913248
18111252734694938
5651540442327401
10148104949518640
16597643460736608
8667913549475068
11842327334518367
9565091792019693
6041370254772896
738588104899002
13038821804030388
17410060882476532
10401054819476126
1514547597986631
7102688367434200
8007005757333999
3614485843911106
6530644247478544
387971644702575
13294814089438248
4545425170851796
2918574315239439
8152417651359667
7249711472252236
8600063999741190
6684977111446485
16337185126034004
11634451086527596
70507818347062
4001900632319916
15383903152559800
7852027633064697
3294030068721868
7282708776285618
5475330171330817
10573151206962240
3964688210934360
8750144680717301
14886238967112022
15834342145177793
2387749329725502
3544087417996564
11777982723784753
3444292955224000
18465234045984
22405567107870
10263308119105719
9009599970408020
4349584383919446
15731678672241016
11633486505024934
5604060009503373
10016142511284885
6080400435458765
10712312828253051
8091340601908474
9002301335385111
15962723042526610
5801154733333937
5286240686096828
6475964972454500
7353771325871450
8623432244329025
5035873240463772
8391003639961024
11377586529487843
3436536016340763
9938939842364760
9035405880867129
2223782327230434
9246343855023338
6020606114631067
13281416996237980
5394282079467330
4842827416373822
5410692516558215
7365655086797891
769407872997936
8054282658140319
11070113047536351
7526027002884780
2359129546040025
208401925218160
1932506919923078
3729599601676520
6409220527889877
11036047820797394
4667671610721294
4854733116113008
7739072101047256
10935823251140682
1368531153263142
11516424354996769
6820419230369226
11877898517091530
10120123704735860
560404741958061
4614737158227612
1694493346563549
9009907935229588
12085670125499630
10188735563568813
9917957463985170
11384195980678800
10590545412744890
3317585618319725
8189668117610496
10226940549036994
13410235086575236
14110834036731522
9819827095958821
5026949917526940
4788915101739084
2339855013047608
7649622134392360
767179405432680
8580168997128648
2506722363529810
12072192449709777
8876751625107750
69100842717882
8931211017358744
338703039384210
15808429570234703
7835042424737817
8150208227070572
6643662122285022
15484492085828590
5431011410659275
8885151364343073
7780967838172157
8713656421127130
4538270783210003
4352071350625757
21296286140606814
13268081545805240
11142388058008960
1200652760442912
12992397466916472
4590747815099118
12384970504141752
4281863488809270
3978292886549705
3277769667319111
10302055629559335
12429944394862918
6522490202134762
5034029308422262
12558549444124964
3595376990116156
1239987501838613
6449659280461040
113342442916680
6400255765285883
6074811569661084
9616357307892056
17464256389751377
10238572231628556
13198666705339308
2771681827177255
12468570008059869
15791103118439754
8453526904891187
544114934328773
9864168320979266
2775976853053908
8168493805402726
6804282378102002
1179613504064030
9256834783778332
2034744637027008
13377958992747521
10353491513047605
784691050950495
6421403217448344
9315724803090283
6675724846407012
2784397875798168
5438575867578352
9168276326369040
3360975003621646
8033367670351080
453929884937046
4727506344103083
11407510361567126
551762129102724
6791967336760968
5917130493895605
461404190127790
12201709373682045
12785963899288197
8929080892852935
8446875611106105
10769004481008253
