13857090165934074
11682308495004487
7143799770264380
9621418715396587
12417500026465464
5158312059638335
6735705577721729
10117769853340440
2842207512457302
979481434454415
3197620096251000
1358017614340222
1123629593185620
692838425406680
5527480234697246
20439942353941438
10057620186478173
7097016959423512
3720671322548560
6912950400661280
4447697711076712
9091466529643511
1993024166814240
6342910523063721
803645973322926
4617541219540238
1484225145105576
10041126379554742
4863149240847058
604685758648134
9631199223931242
9399564756132187
11013656275603520
14320939809708450
5415779060218400
6850893352446165
2336177845967446
594131553010485
7518590746903038
2770845513372510
14098913746907322
13295905611877933
4486563260605686
2560348051701414
5232478936805337
8164970129139915
8107442599738272
15943723679129856
9448678522194776
11098181240436020
16171802251434894
410599863080253
11488409274063870
9604869937662740
9732297616416679
14887864742026984
8089360962764044
6192307596520864
12435245494474250
6280329921336208
5703364721345088
11435834654618202
7265365636217971
16994882295207871
611058660756144
6650945347201533
3263580534246900
232419505603460
10877582151561638
509725495111500
4037385023006385
12064124932155874
6096347207593218
10252762063887250
9084970338283400
8224132169939638
3875833539912768
7971511817366836
6183083705008491
3559077001979415
5462645430375472
13200879487595910
15627422215000990
13296505434728970
10969125089398920
9205391580369342
5023054538924148
15871258400457872
1707884425725450
6526125484579239
6224797234983083
13340550550232601
13806087685244997
9646809725793765
3724462379768420
16057024868715882
10621735722377419
2559760579083370
7302171463717536
13556140203740427
7799316059494314
161806772151300
5939461918348374
7017044013370500
6175536668093947
14268215940315036
174429692677539
7453959066497988
5614865864516868
2080082857708702
1953566201357429
11686265175816918
8214675488938724
3083092659300414
8639605892625691
9937251909623878
7997504077310369
4638829151491472
9196187805651200
1734225169990348
2807499513685460
7145998289874307
4419772600721814
9988805506091325
5779999283103700
4504080904089778
1876698712022926
6018749391125504
2554287105286538
946187650416078
5560133583313031
7780857167498480
4680707087469412
4085050813340364
4890795888996630
9254077683023043
12621875035215702
3361427259209800
3742737515363028
12767752572866703
14396155287001424
9654588654045941
12877221628906432
6814543355116700
14803031432139480
7312966510419199
8856579214322786
16789692750956901
5103982069045244
7704807040113343
9903850935036745
5216913310132748
6296661239652019
10260184938056486
6489593138462384
752602924687047
4671994793285760
2415677464135203
6809652179666435
19995658665959460
4371516841632806
275361123450726
1182990903995621
38307257375320
6557659793952222
8839256186732594
4959191139589635
3499261127312302
7628875410449887
12359922397911135
8311053928058000
39018184314494
10228884304020242
11279598954016447
10157962297395905
8124845799020002
9656535534206130
1538533152521349
15191834965016710
4064969494149240
7209053951217844
15370960334966068
4681666971727328
13284038118158228
5957040705114852
7003618801825021
5452316577932190
976202264246396
3646377672761406
4835781702996251
9462773467867716
5818463243561718
11459084636924280
3380741074560756
5361557241500416
1897398091822536
6562406485430128
10207977115294658
10122786087077750
9173003183427239
3143754991064293
13329572107976215
6724834524954876
10476193192509018
10467618689970321
1438973754964536
9469749416184736
6207833996642040
1818015031346650
17036810637799558
1013400620799488
5576622864428369
14313877176387735
6503284748367920
10404107266881497
11792353851033250
11701732480043550
5471221895094336
11981614169125810
4540656336513290
9676769452852809
10487447446767074
3004003633134764
2694230677482768
12871149304901049
6154731434019204
892600492336735
11844977124242400
474066742490903
6307404548348754
10924371564657460
9320144613170740
5610634076705482
9438452208283200
3416494309075740
732387600431118
10976268832086965
9677856609133052
8475143219680360
7221660384349552
3243729546631816
2383877683686763
4525254868931283
8020491563590378
17110973391329840
3294606831130842
4928168087783124
8720383740982231
9464324145289362
2496251913513904
13763909335328372
16651427269095724
4406990719915641
9111249261838636
4250523662120543
8710161605723408
10763571023808960
14074053257806884
5752659858022984
11197461643861676
8568509695206790
2490072188162710
5378770226427380
9003345556107811
2318691053789192
9502290698546458
12538979631817729
9224854818882688
1969566001062012
7214114171373424
9038282967053313
12314709255186344
10494779437677791
2883014001078840
1024916547922417
8469195145013560
7006644147062539
5443929967976896
975168729876173
1025172370004904
5472980262619170
10170863756530647
5166307002171123
3835578747674366
12865445589396040
8980874869517344
1836061091831825
8022181681935405
3332264269494230
9426847158626989
14373597888928000
2225888855561052
14350685748426380
6152392964252273
1692059329278828
9322022501667208
11830844394296782
4505593192329890
11259698226616223
15012666293492040
10628771252263618
890400086945920
7290545782448720
3072672970616436
5155680107850286
1730184365781320
11253358087067074
7065919718120595
10743848953871911
5574037608600985
6965447891892144
11128998655943630
1691485474153524
3507540565407944
14074490283033356
5295804377882778
10739956072450276
3206726856160841
6621635420348909
6996726666852160
12878752725767638
7485907632490431
18672155785452211
19553603037624159
3025436479919721
14205648324527940
4435356870911304
8324578185424578
14771202977805664
1815545816662008
5767844600281022
2169029203793196
7641358662634877
8875012330943595
12944638604922928
9713052673245930
3132070198913671
733530497912268
9206266274844534
4415461630957512
1904812303773435
3387340954785232
8661257272613632
6546630228609687
12254898885447638
11470272944943914
5010570196470090
4341229283806332
7913786617875360
797531248585609
12450104418930955
2543675500866906
3528100678897066
850243000590198
4568154366042915
12050652750261983
4779513959188777
4969008659838654
10383250353482984
15692462161643592
3169779596474480
21668078739194946
8965798864010352
15722214966068732
6722388114829548
5162632804393515
12503037611784852
12229853445547152
5944093845978361
3588596155833880
13103736745956007
295477601036581
7042629032743568
7702503656973104
1661511085431548
7318665123179199
1394835594896592
2466051366229190
9486396313629610
7171175724801651
7967529244604210
1280822858417718
3119823243198932
4795744096312596
5714812880093904
3906848776810806
14514622272206231
11057891485680888
2369119926907152
14283631715551673
6291726743376058
5560628452004180
8873987526875702
1180209046923507
17175489416758829
5872080170658640
14648495178484444
9214752714695128
3442566453419475
48215255947651
7261746810735675
5604603271214640
7099426897520751
20061996305279945
11674129918479440
13696664105839160
1151127278404166
123764585528214
7518114172276045
8996675303676585
6135696448405111
14343895096855524
9506720504939706
1382003455939986
3049428549319940
14387545030542354
8385556238628565
12664357450087332
16378305857818334
1081161103828806
3321675565841033
5827202696230188
2834625081374160
9181203375843540
10857985340953792
7626042327672100
4892217332466425
8395886340445186
13096273347843145
1384324397184944
4970018082673846
7518507360413044
314068695614730
2683054956401600
3844209501089540
1824339290738220
3191381478475412
4392725530805150
12144941762929230
11475468830851473
1107965847038561
8729979597123296
4029870412069590
17288035689064278
10450642901600883
3116940520598428
11832934467713966
2753884660771582
11042537234447504
15071857647609453
7195063587315372
3787019243785240
2543603971858048
5497328160805808
7801207195681413
6191228844458785
5179642207594878
2239283724224004
8613761470647692
8026143934700474
2409949717322088
4897470420102738
456099904040560
14849652929587794
6871266910805505
5976855330470168
2910700238605828
3557034080500374
7924414337764624
8108460208679850
5635221780209190
4893933900453426
12037254033909120
8182923189084693
12607402618623492
11691056026121436
9275667631691841
1665506925280354
11017602175063881
7124413109841343
10342954653480900
3472298875619548
7165387521779539
9287636337281974
2282700668670570
10737563670820575
16045778107443340
8460679019136594
7388816925681432
12891922413633198
5532259876115859
4152485920767560
15470453349645972
495431088416768
10461433636467151
5447201060866598
4803697344626748
6416150860967766
2802562820794832
4666569038416939
5570084559921280
13877932278600615
10195837022942115
5990054014044459
6188482678173160
2340190373429054
10314730921566277
1829781609734168
3309720718416000
10749564035468816
1542134470643840
11757608255894355
16108143066133843
5627556999431961
5553680098119858
9717653139187104
2823729485753572
14231606050999935
4793347819667778
3023946007109640
1155846706986200
8818433409345681
17386530821387679
8972329107645158
6360024431769753
3854271916814571
10556471324726375
13004904319144455
11749259379430456
15076534932638503
6933951254960834
873339407933498
555894092595680
7021240582344462
7259255528938192
369775286800437
6906125887358935
5578376639480712
13223913797116525
17569406707478040
16900503288591736
9722072201241270
2680224315017302
3461044957730800
2951663390169296
13108159345999902
2722222679457600
4569301668439970
8566119892962240
3064611421344798
3234924349997561
15660307648011557
14192087654256441
3069569888337726
8152056242491760
7867922435065655
8440926186192887
8961399436565840
14541597245438293
3185006044800512
7863418116486784
15365490871623711
8137920587990397
4417832445271845
2923594949749010
3860005043498550
10791492954234386
1186456993180302
417158707829493
13768880418100701
9392484129166200
8426594653313485
1562253039322891
2962546720371352
905149292479188
1580736003105472
8441139750848748
5368341969591084
2685367910701932
4703850879755216
10432461141618316
6897826488695016
2829343543274906
5018370932285670
566288260201642
6460461446187795
18069980080654499
12078745228911476
3309129604283475
5151130458720204
11810108677186310
11352342613447294
10599824880424584
90891831572176
6285849063242120
2014312985227946
2185873467525210
13011647208827852
3068019422842704
9140024513028205
6952775159682199
11052702380469949
2068213590617504
1716690658278112
10926551126805730
10021355024051218
2558589653189072
7895543792622746
4913214150188020
2303548550626340
5303896480791666
12759278096159427
6836533347842066
4932578854453275
2100692232273
2681838734944806
1758131358004350
18214857821834424
7862745775634286
4382280523557857
7334571577189925
7473625884069163
8930343895926080
4335804766969928
15237745811887729
14048287420183556
11143303920113960
3987344062559085
18198615727777958
10960075429304498
4389261019027376
11149698598408422
13554309634454184
10838768685616272
3674248939884740
8894560236792928
4043992304288400
11012944070891882
12230833067592860
469142912670792
532975613347232
6779337887815482
12905318807981136
5963767323099412
7952808251921064
3471549134307562
3081482992149210
1928478902311195
8249962301373964
5204972698716084
16762148377065658
2108682247657986
512028853707255
12662078314354605
5823336406010274
2297012637357575
2458725348224222
2979356442089856
7522510150353953
8196844376849453
5111440878342807
14546914157081702
2787738480954630
6739375990965617
15785036964956316
10593541901306445
12408799097986740
12868664380127145
1760938143378198
76128002532840
7844922318789972
6877529094014115
8359099096726416
3448189635570640
2685652069763663
5564541816051465
9604561142711596
4909131089687165
8048479059910634
7817605096954485
8594728206430060
1308045366132604
3765673314400752
6290773998096690
9586873217932402
11182278294025939
451642993307956
10500625813751670
5717482798124291
8095698397528578
13326528714191120
9141714508532030
3399225806514717
8598097737142728
4081262865632494
6163038853024100
7385170185913957
10116982883430388
14469416183110073
15161998390866475
10266029011705067
5571094671803100
12513398516823123
490582714481310
1858271443484112
1355929030790400
2202899101435504
10299976775951906
6174513833123670
2105781268577575
6391456855693737
6000842284089170
15068443680985786
3346055173147020
4094765812417136
3074788641417233
3741060999310243
16418776066181034
15574572345331780
3442425883931700
9493954308360414
17263446216912915
493489997332983
19288775406511053
10409892139017539
2005936538473119
1587173928583840
1951626055589676
16983592522417826
3387490203430158
14421467860129220
14126653883298971
8723886398963563
4178136283233640
9770207366736998
6483732765964800
10842104726096326
2020499610369744
12562748847295722
9194351698960800
960719098538664
9917637091420824
8320774537559208
5310781277387272
12998260293911616
1181795232394224
1466285303725350
1404988247420120
17026214334320360
13103543424987727
3312266877261840
632066008496940
862365176504154
6152022941600940
4366507539473254
295995534733984
16524489466733674
5768302120473102
9993101085455006
2834741619781580
2642405111654841
7631045652306897
15298738966355313
1270355491142010
3313062191958696
11208494433992346
12165438209947560
5039089432339485
3602697281201216
3411437440648966
3500910426008984
6220145533211488
3212814430600148
15941150694507658
4106739491386952
107863138549236
3148831915227141
7266967940198694
10644540663187128
9505543146377179
7405814054821602
2332170512901274
4740868651402884
5726837686768402
11897133371258363
12809653549989224
10029076558385514
11818615344826692
12168117536155706
4742329178079636
1167072486774446
8999379545178222
8643808122732558
9141936237440659
12925858613309746
13521815212656624
5996341061623440
6803548393276097
10660112745145726
4179471133363168
8783983799281445
9527634267535240
5669123643088174
2422638884178573
7534397207389940
12318380859891363
1024263654106801
2183320930819171
8777479692931866
3056502244597248
4371750882195476
7351053071040910
6631383577468824
11604005727580031
2278597361798715
7444615758186315
9012566953995339
858343295886450
7036411646409328
11071910961249995
10912441895265785
13983298482967860
7566807428722928
10781459537956257
9131680732926664
11144568127389242
15705901125753047
3109578831075743
7648008687371010
10283601700532098
13968841337266898
1912673139428840
570033399362025
5146894337138448
16827386687109108
176920329697296
12415816050567940
4958483585587192
878561179355424
4758863777129860
4445614460214938
2469558928023572
17448657217213320
16853375358704949
10893004925221906
2903281283080836
11259343594650959
16902513205889124
8196294393254305
1690620535623054
16876001151900900
12635707867423204
5337627693878502
2015552298529575
7500982623960629
899679803291715
10676004717798877
128786760712746
11850502169219546
3336860868970060
12449575016420716
6714980963067874
1565395772131828
3345809009026306
13006983946580904
10699339806791354
6008703435000624
3706194808188587
11344000130736549
11678316842900256
16691863643498381
3634041079509319
7306640488602435
4272809770830830
12371300629183045
7722363231263967
5963240299723245
11017186865187489
8297766748221179
5656646271164868
1224630633101760
1985777611183104
19660905545239944
2907355857155462
11746375533841140
2061771762202658
11127242173689522
821050422686871
8714475389652398
11981139739255537
6020971787663629
9965412562625268
1003129458058315
17271071859231666
10027641371226230
5240926978605841
8556413258153316
14534714761072623
7463558866902566
10449007566447086
14696899002888004
19019760260217325
8289132504129112
17027444163162090
13957375686928020
11599901571235174
5161533230415248
17960954256951689
3250661436764217
7095938730149428
2301764322804848
8990234348371707
9087755438559030
5035142214548712
8902614228152037
2961287367837064
12227572254169158
4162776900883048
6946271493025984
4867169303042096
5299285501663303
12395874793755912
10484417314686458
14978960215152699
9921308672887578
7867738265893671
12178335215765596
11269965807039560
8893830290382233
11335468138420230
5448564384968376
7387543311726258
16718250883926240
6578880359757568
2154919286050688
1769331131808185
4636449007671319
3353991759036143
2451696028589609
18394995283517614
10211208315097752
5980116396577788
5757469873566310
5721737472421260
26447058828034
7937631043458935
10364954638911079
5756579580592119
5247691788487782
14161723618520169
6361983803580494
5341939582696755
8730359769032915
7895884166257280
3506866127026580
3759558595638240
4931244948715580
8824561986329046
11040229015115905
8739084831869318
3760381185348993
5410321655087315
7353241473162672
5184357312608578
11388445037388914
4537014039283110
12254618558353114
1053290700890428
6234782917056432
11164832637951654
5341605253692793
2505140499230880
10312399828928680
3784387307546490
11756892400229616
4135350092589460
6485177840596634
5630799412270434
6300910764757976
2494951105254179
17737534870701
12906611400171472
3946509011518569
2220111701308523
4401671749951740
1195775411099568
4322556298639044
11114985059232604
4859515389317847
3247171661824753
7201068752736910
10139866343518299
4136263241386719
11899029255180450
3420253663475362
12409889105308044
11760987123185765
14977192670764237
3491340053786511
7944692358139974
