5126528100737800
8426218807342970
4214908229301010
11616814461787247
870023726998048
8980397082105025
1653582458813235
6960211963720493
8746123158268608
16381116291888525
1057936879482944
11888538148556607
8453562490778480
197846371965320
1514274142995040
9606947944280704
5797109533002588
5590455157785802
18253024866954378
10876299103067235
6915000064803204
7698837893969188
91639041265512
4350012252335145
6830562450051293
9986492465137032
15656248473710580
5075048437655550
12269687069029820
6684019687627692
2405521712533380
1638519809262480
6069953214913418
9131961346707656
7960036405766230
13090271312160960
15438237723380037
8839844577881519
6655722973262460
2693842470000129
275516173803650
10314754698067677
7853052579234064
4305797559233176
9006114802186521
8710455909237792
2386455203736738
6831857172989763
18377781427583485
1067526455284290
1387061231744646
8213105147316469
12802562021974984
5200364897660491
9323407879238010
15067885056836196
7314439570188748
14742541792901644
3136693650117213
2686921914666528
5348163643653809
2897820323557296
10133954192495429
7568882412930671
1938618958488705
4957811861228156
7479640684762757
6693779277424338
1296291538218645
10385539227718607
5820420718281651
6957433277756930
1141809923055170
8720871440221644
8045984663493704
9533966801300784
9138243502266608
8032882057708006
15397726484119518
2087551330717428
3694695902440438
9212880518229685
2097680240793685
5651177409786861
9572095429606259
11686870025987644
6204814244002336
2814786760614266
14651536102127250
4772494334828256
193795475535306
10720745589505660
1270860310239652
4190017597528473
4664243236747080
18216481246354830
8301844959830400
5234269852608707
602372234204400
15769444678230917
6621343834790920
10225267692277297
3518667005039923
7251289614086584
8601666739229532
3532651770007308
6717897547352772
17396621045941233
16969371361628892
1635991526394624
8349364809175983
10419056216432304
1019832590362335
6636333830508568
13606611290354385
8145720579084060
1676634112269297
1989575980377352
9118206733736624
589920988494480
1292926316908200
14791844479042232
8107464218227560
12075100322112498
4551207212476771
6565513192059118
10816353657406278
15538157779714196
14041833562374351
11866556588655051
11160045704536500
3749526704507504
3367110605905381
9175121112409501
3694731150948552
5772275805824631
9474248075088588
15844888820420148
963372044449344
7379652280269150
6715434429666475
11130840030102679
15292325919364005
8605098989355176
5763018976256149
4175742066294765
5163874885322252
12675783119985497
4619508814918008
15291610374225835
9373310525896166
235235098963944
5607987714302758
11149553989441896
3710093864958800
9174115862574523
9458422496639065
999195497020343
15032601101254979
12481423424528400
12828615036660230
3752507178743539
68633374344807
6467065223235558
15213465937395957
9154485913234660
2922339662237872
15069043343692706
2537109178332012
3305754405826462
3956748662045655
5812076882268315
11016761445518598
11323565997242992
2507672474625712
5664704993123184
13257103053455544
2593784768458258
8323855377752326
4307950230284808
10210612193176934
917108709138032
6781670374904376
14246401141923352
12998585464645050
3156561838609101
305495566191320
11417106516733530
3855850674541658
3256822121469480
6381621178919808
1433435550452620
6670613799597936
184869391770945
2974756988745918
3940144411646324
1513527774783963
13585271841961792
2648666399605680
6185171204432661
12225920819969806
3379203962398954
2915552967909120
2348239859263290
10762197042142150
10031673683145276
4463470404496974
8375250891112182
5993603477412520
5702183876033093
659968052272305
11657947556648579
13776960303776859
2483067672056421
6963085882312119
7995089578661070
4654128315366926
9754984885591182
14802655402243829
2631888169074725
7997321917119445
2854194614211904
11885308125471474
187418149713820
17574276843572931
7663631309165236
3700849792940212
1418451169425693
11721679623894564
2802519111974144
5189390412273960
1095591427721520
493032380013792
3985991837310126
1384739160075040
1445398537123140
2203058598314310
7050682590349247
104576644609420
9578224383630269
14003169861130555
1058274798355830
3331978951060152
3541038208805704
7582193345943554
1572405774072126
2790669268847214
6174313505337790
5620293619151036
5704620927305542
8703179108841312
12876759459910682
905823193518844
8058689555654324
10398117214598994
11405504636964414
1819098808064680
9180110487040945
5932902698485770
5676148777394156
481128645840460
8553591082673120
3408358810241511
1867671607487280
3811891612577568
8109331189933100
2327160579253824
3775025807455019
6226304247856115
6290458057369125
12137533419192832
4465792808056150
2035101961314366
11195659683186711
10699235715270304
2295375844621482
12058113117955992
1103020535534400
8599994168052668
13412569088758188
8119751974387891
9627919805075754
3149141055347820
2860443187818134
7571878481702625
1285620403179420
6039416392115592
10238393850736880
5051383956679428
6914219225596199
16143806990054812
8865337532033535
18850503152125766
18898633994247258
8880183040543854
6947148439630832
5444379863750693
3048922415687160
5484392170590740
13576479291619919
6621578898806478
10453728340156586
10456072939988440
6069625733904261
2599558969548228
4032063969121636
1615375951068964
822861748922112
16485359735396467
12584184064558974
17953103791874554
2549284433608864
12199240786645871
15235199541890895
9675569096235080
4815386666325086
6853777732427052
10569502869256017
8935335170756800
1919321450357200
10913261070639978
991390983176350
4204696423677246
3598261977429680
9527638618733818
442821912085917
5331174331908735
3170859713498190
4102895178620294
4261828722039882
4598757066825725
4820694558582142
9986698427170499
4744208597167970
11509057199788089
13263752621712020
4136056372095996
6801006957003192
862495479114444
6903477560437249
4374557726204130
15087876929237012
3856385018707296
2807785852004798
5086521742924920
14533327688800710
2307952830124590
17867964309265285
13913719269765600
9681202070741900
2892237543565786
1575830115261255
8102164750094032
8906921573733760
8509880469378626
2851434903032205
1692006980166384
10972344818307462
10335048438785976
3656649335697011
11154809402411832
3962447289976800
4621500844846344
11902499086695790
1653830991629808
5303180047936798
19185741761220324
3890240991677261
10602692294395892
723876557987154
13191929254680306
2077717929426802
11828328285077967
10145563076317160
14276440178312868
11673676102052284
4618461653829615
8356336718560488
339008403550076
8256940207606768
4772339620823157
13454730979869463
5788832447444042
7594142973391408
3549859195990350
3875700239001088
6422382669609681
4093644756279000
6259801960177197
13127010094061968
9300319528510720
6986089577657547
7888794947508726
7535635118485808
5247554397790900
6413847138408988
1910768307386562
5504647417626672
18127837285394803
94418327424233
5490037867197119
4868666858790045
2375518732123668
10365215000533946
13989295304175341
14142277074499844
13721704946250880
1562746970829051
11801591405765609
3681465176186889
4236819941508912
10022942682975104
2580958741469524
2687013630214848
9098731944569191
9821327047489248
6453508192536724
6328394534945374
11853777572910667
11672569594810000
3727260430850460
4498973977241986
11804760673485598
14527080069014683
3144053188320720
1937131250394870
9552484807170100
376147292500798
6206115949952218
11666040367572050
5790521060280210
11589280752480628
6472683135255112
2811192129759530
1641958250859992
545693260436256
6685892620653624
3224749752502816
904664311037680
2421582280353576
849774509228321
2383741312785237
13516787326537192
5159403842025628
13020938433369827
6897957883757753
6360342095665357
1194620030001285
4839147374541265
15446146005877824
2068745655196604
3357057324323940
10164827202243580
4555238622133635
11914984129577240
10309631185702678
5491029114945808
1968326297244419
20297968379557270
6965852013056440
382082012381680
4849859225226944
11088939300329254
5116582891137076
9757106199655158
7136144370106180
2386650250950056
1304056838616500
8754588107883534
10972967227697718
2489112903712437
5174338083626438
2833585481980370
16647293781249710
12074596113497111
10286587370544011
6917236455743898
6592625496111787
5268259019111794
480491486859692
19919493497019504
5232775781251196
1815193672401312
10837668780835860
10086339833755716
9368585864487532
5343791039749328
14087324419835724
10791667543526110
5976117873876822
6989290419686827
7246344028528167
12324950501521686
4863689820342132
8911095950497249
3664685311999908
7781603795705760
2920141272578807
598072363237230
10205366527386552
11201910903069862
1199055489864162
5766395951701995
10538891546052441
7638695926480612
4775282706389118
136857660450376
16574619672022026
1849197250117635
3318508792257332
2650042234571568
3680981866556322
1073744823756192
12557470545491032
11206006686925040
9703344501942376
1789826044715148
5103662947062656
6987129667430310
2753404213495722
5779236723470797
8842792957818210
280579004383176
9402160609463040
12949523985292671
2657177743184624
4000380039266432
6052561733648525
1432962196966800
6798102673333340
2776868803506320
11743492364153331
13374359413109040
14128397137349681
12333229021959080
7728438026802852
3173509249346104
12316694831560935
7597961310976976
14327069397524799
11929056326012080
9183671928269059
4052184289176890
6318444181108646
1589725827586640
354165874032510
448545494419400
4195300066152864
9154935061363296
7684430482384040
1364082554214880
4432921045267240
1450225523837655
4508638134094851
7778046218661150
10908275835558998
5660386217509180
6894623108897997
11997116862509790
2817145241026728
1951985117137245
6751627222964542
13171510567063050
7863568173601159
345353042373878
11825350772020730
5665034595011414
2664066037351316
4529914147544240
7490526585126323
10462199751312283
1228212563350100
6586289178969318
3028015923484982
11152227957452424
9534583934550
239979721365484
8033969192015928
6551990748892905
3127720198513901
5920533343152998
10752662198430702
12674338222242535
8392241296300432
10209267604721779
12245619029242219
1810574346296672
2734713350589893
9379670036670898
14122516169575501
3382326959774128
11610950562670904
18960035003931068
13019361648374664
378463083470750
10913604090039553
7612757322111878
3533768976686228
7439222693779356
11263850271864940
9913278670848528
8376889275701816
7180772066141364
6071284286662899
1362744472146225
653192192609475
17827420564449164
13013262474766312
5753605239571506
7055059221270240
5342001844272726
10695943941830024
2555224791210090
12389827745199564
566245516092652
4483652072738769
6069999901163230
5115870566929680
12905457867282675
8636707840064420
6634703344059180
4281678885735900
4589122629687560
2074481434481360
2940689904569074
3036763068447966
5860756357470552
14170476372156297
2823728050346924
58290687856415
15266867169179940
7183890926072321
1417641430479744
10105775342729007
2500515194552087
232582929235280
3090682064198326
483236450552730
7423334589215855
12099483420876520
5437533198569264
9758449871869848
905017293250620
10392162797306670
9462674441591252
9512960386366865
5099504426352046
11542331343272058
11849009208380205
6341143795519792
2243284923129062
10809888299091072
8839420812228029
8336733994565346
2463467968694617
14476622585656198
1656799528686056
6667621733695001
13215943036370600
11001074121920942
6710365208068404
12094889459008323
10640657428029156
7373018846467334
11068974673231699
2161100781302263
4796405790779538
7770184499831166
4909429044941653
9789647468658945
12907237228269040
1097223336881672
13835334948050475
9232067504443244
6625447495107380
14029634825179534
13109861857912781
10038471739424894
11881166469838472
8431328001253260
10648764169229812
7083590985544374
3972317964068034
6366987711766426
1656981844147695
4090202650315578
5703458189608500
4158677727627094
3005042127985675
1790730194360920
9656290540563186
1094489214929039
12929666773998896
1316122856794900
2891493532747970
3272065042334207
2110175194375500
10609076929636320
1577558582677044
10723326080291328
12007637413281110
7357046708743225
6633874611059115
8501568522553388
1073852463471804
7689550000213678
9651705993063840
7177713962025911
2348653330554608
11681600344983926
869156303173056
9670193160871051
7076752131288640
5670342814175765
3698739365293894
3837346358952970
6998798313627252
16408591618984232
13459635742027596
6487672536482735
10081842409825873
12901367605729456
3096130968619757
981819193517424
2142539624161912
12359809000233846
10717339030767599
5359179476947325
8515407562880524
3884600926540610
11048507327201137
6236878138144814
15864261265518081
2365145573636400
2755152713452212
15170948206911225
4892921588355738
6514101815842672
16057760853315525
6704034653019300
9770213999041952
2606347491721257
13514130163535720
8850909016593658
16149973311200254
11611629509032140
11460121772475291
3950854380546843
366938946461250
9542362942754851
721353183599448
4192300280965813
15857508856828316
2081986523013964
2223633337314730
2033451626275183
2893977578561085
11283163980677735
4006247088119984
9315839188520980
8543304095744256
5787961161283747
9618846477383060
8073888335407152
10377032591555517
13085023330967653
9442515469209258
5632136157427718
9483566712092557
9630509575212218
13017439093900572
5417746511669254
5360232085510826
14714336967230519
13710518719321120
2670365665051542
7764981074371176
12685533124881282
5475014864264039
228225922325325
11766123309696204
1194521501178012
1644655534901190
12016286595844107
5889572681357312
1095637314497825
3121171186200187
18737249095334132
949836615366933
6150016342981485
11492268148773289
644184560202435
3406513077976208
3211570028950726
3201142392890505
1655276002884705
1780639768223748
3290284011742832
8682248312879544
6183206279689316
2455595834857477
2713326243829610
1930303333467784
3301909874938350
5641370209138725
7069280093040717
6103810230736617
11660554047325596
6838429880076760
11464911233509347
42134538070786
12428992228805280
1096965216273780
11156740637910176
16521678305413098
7333133786670104
6598823538509130
1350622236472278
8211075428522313
8282963862495009
3560016073517244
2083555210482550
8833890299625320
15474006991894332
8113638289471077
1637979752274316
7788561435897207
135330681633866
5155234225380887
9675417086770753
191899251718129
4306905910599834
3495069702222912
5260219990314702
16390657131535614
11582631513475233
7985261657861669
11508902592384070
6233441555907879
3823321482385650
5135981718246440
9877405303459030
14126315933459895
12077694899546169
7065764507605903
11388778098291486
3449838104840847
3687605782601098
11651973675457919
8119881461074940
8827657269573292
8613852379471758
11741258006735895
3392461930989753
1817879605580875
3320511455864846
6208047884131440
7790055240826233
1793915538090390
7861103830912966
8135991797027052
1483407566461156
4410872438835506
9840679847257680
1941933148514388
13684952267636379
2384306064907244
12277782483331001
3941629749191017
4953852686443265
209057854518654
6644731640626470
11470597332126920
5802157091788065
3243686614877884
5749267729830724
17460981559969176
18507053726285004
441102009112900
2278167590685920
7452461128959189
5576314967950188
2795006533364800
11938682811749572
1777883046701205
7440882919402255
1733252916922050
1476778623849270
5304250609282959
8522242564135210
842043480784650
9982104288223217
11184905370146025
3755104852653704
12721891254750700
14744138390220495
5231153390113694
5117930133011610
14161307267031384
5457299292554359
9010063795392632
7003175811830014
17325358081979760
17112373796477844
5181623630407620
1606207144803768
2726320494817148
12069746783862708
6780204349657724
4462431687655224
861568619684538
3723006788520512
12478859193761700
14107806318135326
3656520998187591
15105670715907862
4388661198868240
17205005287776056
4789118937927644
7589512739373940
7731577137752928
7870270092458829
3653281188439670
10297928103326388
2523626385384032
1372873185711048
9910736231731884
10689063756492184
728863264445388
6426183561079710
1803496201750490
1372643015528461
6023169798484530
3452494298559335
1486164843208242
1839066068094816
5416140580997992
3426203098901422
9329664198913097
6906921129546560
1556637315452946
6778064106851235
8432174818309403
1093177643303268
1862193092727585
10243102628925408
2200349620755441
896648616984582
20030749154359320
10240197758869390
10003076201088696
1521183069288696
10441328786510904
13534105140457457
8566439950761792
1643149052970768
1681303749087664
9524253285666116
3197742232010796
9018181364050064
10618501568782905
10076187922792106
318391660757100
8479448962607877
14700845871138731
5636820576355215
2625441495260238
4105850452710742
10780304749981973
11022794450890145
631376029907640
9346230446605444
8126979209147003
6451956448565510
12209938318837050
14293386105792042
10511729611952562
8844930079291862
6122987132076779
10832113538096288
8538558489086079
571623962512113
11818065033061326
11680081330958024
4124211864941750
7204631417635640
3262153139219883
2107938694425839
10071629243596009
12319658362610177
402144215084700
16300072108966980
492685980496380
2388570919774020
2618017286124765
1844560150109744
16447418219461388
20858079515562326
16336151606203635
3880184486249611
