7222754949796351
3117881993847011
2306242738047552
6420134841311878
11877550782388316
13126665974742530
4806383667770137
7847125495400832
5967199557610562
5657172812879808
13937324378495085
1484583995979068
7294696717124206
7712451388301172
3336678582959722
4296580902127602
10828842692061787
7533290155008875
17539160099176340
4356302012315370
2484269312030841
15470630526527421
9348034139132334
11942143771767013
2373722093315520
10225889749259365
683852512228944
2937544716614461
3040886848544664
6037860603337045
17918375866318699
2819884238036108
4097445990713689
4027036098215850
14700796938567744
3357936614822539
3416280449085714
14721976341471276
8482820416276531
8904155165343653
4527452100717072
3391633636433849
1933422348656068
5818444042084800
10619658628398055
10771635192272833
11383583957831996
7904964244182122
4883466572990084
3422306715816248
10702117848077892
4965863728826580
4215907144082060
2603639088771855
503289157514730
5567340879066054
11497100070512258
6522891949419408
9223956324739470
2062347563818418
1235609831177190
4455526894472860
19514521286136924
12162652963555634
11834222021074034
4043784769356953
12824823789733320
7916664950695469
8802956730931066
3852941164691209
5267914171408404
13521943599324864
9416526159263944
10369210597052234
2023332670421715
9081560663902062
2061892109147220
5325780919346320
3881756597141736
2063009117220156
15204503618519794
13526768654867954
509518241161644
8314389092020415
1231032810194368
10126369187825827
10872668413578447
4267863348581358
8692669361526688
1105638359917410
10868859670738318
5054396073725704
8987999065301721
1226209027670544
10221944723145774
11795144771620836
11552961172635840
2039785979720685
4726392083380200
8973314145737392
5208801542328000
6253346471425030
14490243762723121
7133458816924543
18743531896009520
5036449360950942
1060396611768285
14239664064628102
5380906873622636
10253560478315133
7449256085421911
14848820566902901
8383893918184665
3356658689203470
9574823168011394
4959750448853170
8908693867224668
3561159736156197
7259021611052944
3617324149182744
10803453790005432
9200863276586579
3323069291227478
17928817342795630
12608237349441383
15644976211963224
14384707417785504
2884829324884142
6528764505144017
2350556737025706
4831165240673666
5404392111649800
5532191704809540
10778502483598035
1750183321783191
9720035083194680
2568441524871792
8397927447816744
177437299094172
16309712690702389
6324240180238587
2093047633897858
14429749076603633
8657354568481828
3733284190964592
11611435194477200
10229945492977993
7947546669616816
3563719341913198
8603262084760560
5505555971430585
3811597129795840
5461274307235068
9293042462942540
8778624070849248
11242192681157370
824943189650520
9523801106592808
4103476495485789
2320752638804760
3494862091214940
7294242766768704
8315076058350480
4958379405985960
6014604286743365
471760430866100
1550651032504672
8185481345318886
16805354932913448
10752813255120888
7656740103375310
8596056262745120
16825328870816220
1559953889924625
3978991773771056
9336231532817684
8823949230086496
14789486921899798
8230634059649400
758390263518168
2727532947075334
3500869158422875
7654136246254432
6546785130133498
7791315058657454
5160067167342645
3244513366845144
15724491515837142
12367275930700842
10887679898708592
6420314623738892
5969769553513695
2333932879924440
5099505589179418
11370535466588487
5527099074329115
8780848611237086
467009586670570
2050364127356630
2660655431038980
3230213716599747
8545215778964984
3086517047905715
4662535155925788
3353567865960027
8039597694211790
6765512915911277
5646881342696865
15263155882982667
10752049600117386
1212536589060293
1519095539976989
9144212253168611
6775546776045978
2930930060861480
10348572523389678
15902026089697822
2928126097868824
12498534551962526
13886197496946040
5096671336439112
10656243237835985
198700450929526
13483458454754422
10640754112756001
6680641337628793
6640175591198220
2014235705773225
10675387242331282
10139655783151283
13306180184879078
3844192535814932
3760264328359520
24567486222620079
1760892900615724
2948166218335700
6147128013854629
6579877911539483
120850109257155
8709943451524812
4844285827173405
7157260803943046
4391917369632945
1413109945939048
1329969127107499
4647888183784404
5880633359784160
6180930143877354
3309086624691104
6568301319380421
449443010705829
10608735376260563
5551553646440610
9675091847013524
9296958843643160
1152381049848240
3032324660438098
1927439549193046
12672497871981073
11673009405529318
12897953926170986
3466761983348137
13275574531536522
14726989023475950
7476136523369232
1761997206475260
13225410049892310
1078973021145405
9254754052520400
1051842066512382
11667946080842525
10347540224230440
9484948078270732
5515592918566428
9201097490398590
7163324809758623
3096321333043372
2469563303851591
8210124198714078
11251302895713700
2879310327783116
6229972548772167
2588923867418325
2287582064709592
5607725824930798
801941359220368
8292300720158320
3100654546566724
4871511320698768
6018891807865424
2795588379782359
6132274840889309
11717368582420903
4427232528543560
12269394835367840
389104758020258
6661160134646191
10701000944795268
5474680861740389
9490644065675200
1514011073254656
693636007259117
5495802677175893
2094386667655078
9442616295666144
15313544108829340
14348837191842684
12843483315150752
13687755741726795
3858710617865972
1090865891867188
4795516267046763
5686267315951404
2743702062068616
9701477485206678
8825359715109080
5765826664097375
3895710978407760
10799113245771922
10626279972945120
11680303181940900
4353879517614345
13705318438242849
3527977809285255
7169064927668627
1075846515430032
9366919551850082
962606865022132
8956341842303438
14786820458920026
231954906364920
8382692292944199
14204336359130369
7338690839427066
1326396758595147
6604961811776202
2580486764166892
3105695102107184
13590770550596438
4816087863514629
12454207778170054
9874629508924899
1699151282704866
7633414857700761
16313146681112188
10215795267365838
6810842932833540
8524028962832346
2468253496403804
3572365644993957
7740293380559350
4969630811421290
561043625935848
14072694283494108
8174355544928766
18549192373199691
2462026939483580
4424664211375680
7840762731480956
8883692010613375
15486248237128848
13620304399295005
5739325762513445
4129114270836205
12693786695988876
2709634776402496
7545264868860456
5398061218321921
7025064642132260
13098832669679852
11680916553679347
6637703699022724
8178300500178616
15398727334616981
4321955849102188
10550219131619250
13467569395086262
6559535664558960
7545828874916879
1301502618326375
5104683065466841
4742843361878492
11965862201704679
8484969635187168
14096877540768948
3491060615766966
2265904472555625
9284302885773123
502479825253206
2422407707739899
7318170359073648
13113636776298630
11536421580506575
16293194357086716
12700834565599566
819249479264118
382077307050950
7814613637115146
1533690126022300
2229252277747200
919760534277024
8017922988423107
16018850806046797
9520199514676679
10157149187988024
6079145814465268
308885155320252
5341747818483892
5152006768404080
2460455877486911
8575476148939990
5197581583102540
904269731127805
1291582990138618
6213623861809540
2753628108441113
12415309389753030
9823843177600550
13422896557897766
3469004586521087
110396509415720
10297683926579378
14498645090742990
14018908025706618
15885046384384998
11203220423718252
9597540680397000
11166600947593916
5949227276345324
2938665305434892
12930230676438740
3642276080176720
12542992123426032
17170616793045500
12923415716548082
2143477888336917
4200370939075590
1984674744773792
417452198078898
781634555712496
5739738931236412
3110927610312888
12639765864592887
4341822359096065
5969131748577806
9228823299207083
3355442040012930
9743860839120811
7244396732804581
3642726066831513
753906401886547
7676373973402240
8607883010955240
2092534115397696
8673642464795534
2992215746642451
14131854553772756
2995989846296492
2404787899288040
14616612623105599
12463051160644019
2314127305773417
4439204292382715
9448684022492196
10345370834324892
4556759878733488
4741590916098939
15443713428770078
14427494383304590
10353464797911957
6840810272419392
16245123329121029
1459481288162508
3379957651041660
4248495503167233
2430180709773060
5760774693564927
3256584109674391
292840654245035
1299982095497332
13692995522007249
14166947687530113
5307200870173740
17196727820499494
3485326142263775
6923087989790126
11601104634267590
8815222857418954
6249165392933483
1095884881956004
5822596960460812
4897508247490334
6408514356249627
7693668161198250
4407832831835488
7823125127873010
11725010241667726
1904299387447410
13200146588424798
12422018971287950
8399548621479488
6773376280556298
8861122331958391
8015054024026812
6481655875218594
1489089544383576
3980520373901157
158806635406434
4848646633555808
10895823908363322
1476381573548470
6261851958518162
6576883670312250
11607154747341798
2860678168043224
3307809795900599
3977069870881766
9659667386268034
7344905887766394
5731152543985038
1785580860625600
8701749121905399
10697876139328852
6267402137133940
13304272011406254
4165108066185311
3682064580562019
6097543697825620
2629140077904322
10130170663809778
10985207015136847
574994539755691
534170822917753
8284820357916010
4775971759726570
2435782529558658
15445370950703536
21195787308155139
7481369466202825
7934870531672502
16992418801246822
10881833634140910
4963398186122536
8257263313277215
14149158424354604
9407361572939302
6855359541973242
8966702199830505
9090280991414932
6612419241495212
8302027805413020
13598295151097232
1717948208121810
7992832680976530
7897688342092003
14936617329494176
12634325719008715
4727242889651440
11303234526949706
6019266147300222
9417086813683362
2501716029645040
4534105136303970
9218225647683371
7407877806767952
8153835358007875
15499560093110469
6340855465843204
6724800447063904
92193853539921
6484140519208569
10159878628141424
9953268005736631
2963948204921932
2666347432530858
16262715486323339
2610002727858834
8532009061450546
11249311901191856
10185724179211710
16525809493494727
4245351202047888
14205332744910890
2040596623006558
7122367455741650
24721172160459876
6737203594413725
9399537666975046
4245956917382492
11855680614676026
10346117650015909
13358277251569347
7557463758274776
12150327664270200
5159294525398925
9569822734127240
9197295789502108
2095280463913929
7492597843447350
6953448874197506
14057865650027212
5883872008055816
7393860946297288
11447985166042122
15575755449897990
489714652244237
925960282570875
4984677532268809
501058171386578
8508964390190732
18601861110806849
2324892867651770
2602574347672212
13412554920192897
8881310714807391
6498444906591320
4951294231669898
1017886581213096
491953937400540
15988607511613525
1834770776125518
3641727045747882
6188021886714696
525203286658425
10880437289887576
3022513966831256
87573970684728
3214443170866440
146285828027888
3825228774865621
6477730712052026
6471776931876234
5963340566108996
10600034475168689
10598510178401849
5303782660665390
4062392453702445
6343611814851860
5560785747793810
11306267050201384
11303383489697584
17488404882342108
12599654173091498
11442618942380147
6645244526675788
3331392794824160
8034868014281108
15844000454480131
6287755205200456
6933669034329142
15723316756331832
4897779874579995
3092122715745744
4917122061128658
17866804094413551
4787507627554022
3330087724442889
7492455522600382
12429233301503356
4974022582060022
7957642666581901
3253976716530978
2861856816879484
67369814568742
10453318487064164
2195869013632699
327247153157050
9660036626724039
11915833789138684
6653927391461574
3185727408316813
6647631261182153
382100031633680
8454936686570081
4255328810163582
372384635309514
2366914791076104
7085140942984938
2778695676088546
683905197594288
16791075535468929
2185186654062105
7962430723343399
4865393938866813
6081362137204684
965289116961837
11825724817320722
1373254140058974
5642632884824248
4345705171752558
1323896566814316
12227370219531363
11046268201659396
8426917200913184
5726189089911968
2744962448761302
1926336990813192
11439435286857632
1574260553131670
3992309624784082
5327341294099772
5010222207208309
14574619337308303
6392154772398394
9401532117344055
10028082608758157
5889746908485615
10862354161066676
4506581968524538
9223684707119261
12431503738213198
6352721369632918
8718342271371888
9454339519028652
12286781812118474
11339708094512504
4775276092618546
7181545595702877
1528376719283678
4120410739424652
7224206196287007
10227617466184089
327523470181740
8691583054269184
7473022994228246
12214852697487731
13730326442643109
5768627008045509
12906679927764770
4098937594125052
11598572017917497
8807232381541607
9983712136750693
18384261736886976
4799840272496142
5445590078719193
7465249671083397
7959751837304213
2240878795361838
8326290661539690
13680037386082535
8107678776822080
4625829249599403
884516700780657
60753021935076
7420949063901760
9289414362660124
1731510241527660
15661592190614030
9014043384345360
838601878742010
4725570315503695
12601386950309741
6870190544236620
7025993350313707
9526254912378478
2054335357995790
1501463627623362
18080997977347834
4014723235551390
411495912618528
1813632622021741
15986899292847460
5958680610138555
10134651809770390
3837666672025908
1197551501146950
17737078765706760
5349400479285704
961539769397619
10108720664009114
6458367168195489
11351669640782070
925176104245409
1606985638533636
7966193150428729
8834100957551944
20860200426264756
12268581384969051
7904500161613468
4411401513944852
4645216485778902
6798605781593084
4630407119521894
4153967418789985
8584802622585319
16309904685482015
9771600332449020
2915551593755220
5957767560684351
4193784882962076
1644245608038608
12982093401187584
16587129155548039
3576161057703066
857336647348650
2986800182115840
14622357332086121
2597726808677840
1220808105462800
9021208464624830
5460397453733816
7044080522095080
10557401082545304
23220870135711434
3142506347346047
11413804345551757
7752999448408011
549485468469714
7423852645317516
3037028348056656
7490333208663936
12201670930120748
8834638454698292
5926642030818525
2968592795495136
15668775443193240
6385812465824030
1829086681180394
8603237625713962
2858816417351758
9829181696493367
11149962968618133
7455979877268852
913684784713993
11479150947443472
2742183574615184
6359632922167761
10491550723927627
11015665199243048
14631956577612300
2809094817718061
3466825419700956
443856721091637
8668270828194350
2150051221893192
3490238289217390
11384699230406174
14860625262441660
4228408000322555
5120328591514506
1562501091316352
13847171540037094
827141580979242
1407352358115180
3420975036799232
8724208840726160
7751898496142688
6744740703868916
5827800336327535
394178543377995
7641565515138192
8848875791841554
1601102913361210
4050950899231379
1395664548377058
3674692365553882
4781693566795260
5792759012454201
5075188542977392
4130158181414592
9501215144855868
8362140112589554
8746660768881120
11731964020716123
8680938677478880
6696959620724640
8691118027966971
3793769422359248
5870308080952224
1048022022382686
2553338020462314
2416344229415281
11631908273952636
587213067817602
2118372391965672
4477840446443568
2685828098809108
165159000084196
474516159267222
6221154642806790
7709378417406342
712977903244695
16462889519034476
15079948650006480
2608725189535740
7781325471997334
5310621116748015
4124019300726200
10091467940704626
1974215399803305
15426078510322630
9800401562428514
1045427782723290
6116232311439874
6407275238323938
20133427074551076
3515642504540048
13577856521200530
2229204722915904
84447696570740
10274106124353465
11768609118815527
5836761878095321
942164966221284
14852533888042297
1321134817610775
6971789212236460
7106465087185432
4371342783110937
7403310538025838
12573513953251512
10681997108049903
2172483927925776
7822024702380777
19769561611082238
595360650099996
10276498694067662
12069762349258962
9026308062420494
9164417676868732
6741595270567704
8729698029604523
5923086950389334
4435326310627282
15655141006319964
14119127292868880
2698376594650018
4709766192355168
11591765177570149
809703628811952
12090953110340603
11146519397724516
1010606410042314
6399463374313758
11982933610537366
16914399818935761
9872680577546772
1372057454879699
10842653455685763
1872640874980054
7187095539641518
12981583205954090
8807565967406339
9730857101946751
3310321848055246
10798443214524468
7856378671282586
9160541455108254
4441902917794015
1704455227768267
14730035064429741
2673511017842785
1365657852430934
4462226937152827
14489907294192540
7660086593400831
9502022444539866
16881257557444994
3196066855003540
3782384009993390
10751783319593232
4522151440003977
3881778774183504
13294688218517398
2766911490496340
123242336397180
4437989453053610
2161669361200204
414933544263046
2015096158297882
9017997246569594
7188181158817164
6707106805940260
18956653991959308
3394909677108159
11418304015377054
4265191915355742
5646920525219116
2923636751184058
2340701234759898
5141558661836716
5680945717117812
7988221643088138
4020468508143909
4707578602079961
6497338896181518
5988270617624555
5337811857972692
11200818623531628
1223596697002418
5094104588008504
5917157539195582
3552180782938411
4529548681215859
13195856112563562
3247638566537640
919359014897978
10243274025791614
4621397267795406
