7294631684753077
2205673583628480
15586047010650264
8734309202971950
7304408747708180
8730737671190184
4944882440929320
2627293399335458
5572354416702633
4578799946594115
8935421544449841
8911132474101771
12294493675735704
14199636905272674
11994116978613530
9520286320440181
18935599836205665
3192262618028218
3408446746417625
11646544608834198
8540295484162882
9522235510234324
8315047943065386
1650199722387216
429689838607281
2501723384816880
3269044615581366
947045920111662
3029451604598475
12925887541412740
1931352136926303
12089868167895603
711989364044937
8462700313093980
5003921045786128
2275782848443140
6877254375860386
12554826302058724
12429645350511074
9302954180927054
9930723107103635
10641613904914712
11514124715258903
18261635405752908
6519488608378130
16404368164730679
4059102435937206
5632352825747533
3829779983725248
14821096117515886
4155641847613764
2530984992420650
12168753312663488
14495647925816385
3663449132322278
1193670867424844
1678474944930046
14231598109891200
4161693226334784
318331936858653
17665227709771680
928201592526102
4744614840636627
12347259502151441
13728699066277999
3117962129959233
5107416919058307
11086415372267891
9889256324919805
5774086392987424
279609216452288
12156523290536112
7559687689567272
4395575507704840
8432099093140926
7741132075146832
4002649180395074
8350225490893614
9789909670710384
4072830229316583
9242590853382504
7436926590402030
3430499314097892
4392145624596469
8670845530222742
11461261978563479
9741469680287427
7655506094352588
9217850505202980
3489673568488270
8729815870763498
9205822846528268
1781581707897372
9894266202302400
5287613619445415
9896500988653980
2090395536390394
13304098870922440
6408973489754011
13277543634749750
11932332857684677
6773676426605239
8686802610889711
748428422356938
2419724948381000
272248608683145
6097279255292701
3832869350374675
4572212883974432
1257247911052280
1354043285101674
6709896311197500
15805787629552944
9959703538735320
4854635917114740
14867699622123042
7462767892392802
11026075881758402
16975196095960597
8858419064585986
2578970531203829
8304559388464359
10977638676832029
6488025220258031
11322704442123112
15265456603201755
1384619719264140
2992238491238539
13378637304609862
14975435224327920
12676843183348944
9072600214213248
1040761646527408
16995398954458152
3951251966358108
3438064649966212
9370648420583226
8446573665288724
12324916866703464
1969232197640896
9861227597580256
5009308249484118
10915444455408537
7521813630003024
14058635748074598
5748191075438975
6289185875883637
9833669350845328
1154705196556548
6148624553778569
5697237573595387
5500966111365776
2425577778253404
1534214522411215
8463291214666664
9590817771738375
13699057214432121
2024115725845003
18433169748151230
368302764092655
10955454366424302
8661994213517871
1944716286117000
1738630606228614
15478336881239444
12452255712708576
410558364648110
20777263180467896
4404310025385702
8813734519403366
2675647765386840
5354936053351888
7330213071533870
9580783254250806
3440042975978688
23021299974959103
14490576869323368
13960173652735423
6196094009144709
5728099502079165
9434220438127578
9600620229614828
5541189722780460
7623002105946368
3695192419971493
7568450132538501
13384508465667617
1088374832716706
14158645906904100
4332500366343281
3304793372996522
5178968746447968
5019271559536843
9401909686187104
13325033265834754
3050415710262192
14092502194190664
10555812167097106
9558829722511352
10822311113472975
2501588406217500
430890865679988
3037451532309612
13394474056484650
8758141586924067
9045511823234111
136847746632636
12674680985375065
2546891601252365
13569043699723309
5446224939417425
16782288612426885
9394655097517931
3662102771884304
5009269601280612
13005019098521440
3185242784806176
2094344250791484
7641626276828365
4808276678995568
4930392148031172
7178034030036814
5411219156820920
6361330589662660
15348040579834857
5855452736629432
7647289372015640
7641893362554680
4493426523250560
3058038717994898
18009437923155609
4911757149178954
1837240818524880
187637204128010
15847544296683429
5141014266479481
2692960107398022
3902683159851985
5167247226196449
10068593079888684
471934273870892
765090596422474
5361078315882624
260247186825234
7053555812717587
859093620189725
2912071870324260
12660474865496220
2540212762588071
13564247504010119
4382536088431298
2850652352959605
11746815588830755
10248013126117310
1441437450050590
2142721285907160
9260335752513891
2550920220442319
2307278481083711
819861602695479
3928170792927910
6676926402148208
4550269009473421
13899150516879747
6173374076578818
217690884267358
18697602305478839
7067429871323406
360818244687236
15176906486328303
12282074004461940
4968131372348612
6554461752271566
5186558292980660
9596167496822865
5732153336498964
2098106801147550
7259902479798527
8693740747202235
1001379992692542
1722046153358268
690260600347770
7102035663926350
4952602377612569
178040128276180
8139812913316262
8797183830970328
3094063877094585
4596290622694400
946824924053328
10731462960600643
14099136863452842
3564614657696350
3517971943943358
8161639070993670
4170787970307692
572185452939594
2801880863158356
4510424074348512
8215252725014853
15748302617737126
2398158180989649
1674211114357324
10231256526562980
4552808675697497
4380297149879280
2266262914465598
837787022121632
7873318933504375
7682776450104835
1492643362617740
17115345096344462
10219634334216370
574283970429930
1711690820292566
2712919928878567
14758637011073655
2900524671858834
5194680664813386
3292764784327356
1923219297430270
9849790807161228
9400422485727037
4647708718126448
690643140831142
1623907869881005
2913580710320685
9347589504934952
6835728223697874
12890387371823568
12965752415392614
13324949238006608
3728584741895584
5736000892771847
6936538144726280
13498507656697247
2313785675522805
8475479879695158
17109522848679178
10991882100497010
9724211435101860
8005383810686279
5861482859371554
7283237847328793
7858514914396960
3209364147849360
11797913766894800
12414191969929646
4489476237164524
5476746139071624
6126724034205012
159577261427094
958974979977924
4063360553792390
2268392587401496
10723648287329397
5299968892818000
9757974355241770
11603756352557352
8309737210991970
1107300161007140
6936522330790512
9436039386312064
7264586345972478
5636535533781066
3992733843393762
9903057002689681
3010001742251523
16699846861635200
1928390606368184
4365250155388640
8764665470580054
1395957051246956
6248782814489003
8217039682427626
11257471067483241
11132787248597635
7448376415970784
3200706224348230
1255867188179002
11473890705069308
9186704844487128
7041635939379556
131317762426758
471410852230278
4502444727212340
7234571030675772
2642595382127830
4624432585320006
10863445880887912
16760804626967031
9264918457606959
13079374762145544
5574406393261190
3617304774509280
8587208694540610
12480988302246017
7975917534797146
606473572023430
6746070790063740
995000782086329
8165774518004268
9757531983258990
1955558545297437
9473676287836660
11792384631634533
4447093676578049
9780806581636582
4810152618996414
12550569866547972
15864970411457206
316230459509272
8065210675746569
3816402828846520
9887484206326568
3042557753833440
6158048073149687
5153344507835967
19430115524961708
3688146139781659
13328148123452040
7974040139582286
8911635842413306
10572696207379482
4866876772539448
12643487340677975
8950831824915819
10704727943201718
6301187755214556
8743100101290520
1524870081262560
3888202011060608
5597121958918271
13655552549769049
8196988811246990
13451439626513807
197558810807708
7709349088841544
3794574676145522
3039518154686105
3205460913210258
9719696964512010
3006136937808711
1498751120994636
15698411522704120
1476687102416460
8733835576342653
2949228875727680
528380662249200
14678360289635336
6979883008013316
6699511289270850
10804858553932080
7604902197260802
14647606896489249
5256574460926016
16903416521649891
2531862473556507
6800121566379914
3741913298589708
10909652514793952
9058618007889692
2039517808186730
3173523059826786
16732802540913118
8461206686450684
4804828286366129
8810331714621499
12316950939817380
6087979120562768
5377309533779491
1263709089914483
13412556161742033
4260225255413340
13212070459918484
12891328518078691
2628050353659272
9976799758488976
1804707456158544
10246539457849585
812314365643816
12626078536066368
14181921376674362
1150957394157860
8402208450413409
13708692078825788
1107603908571353
2985068228522022
5600095236347486
7951635673696670
2378300869948100
6576244145529819
6061903146354898
3412939559096401
4984845979496306
5526138065279095
11113874161447375
4017322884886784
10743366671447718
15962456938246322
8906638394634588
10943512239890119
7107742192991868
2973036262673590
3915346673617192
5514086427548371
17216901783992799
7153729978858275
5087566640701421
8447095159622362
6835306379092490
10101277238503962
7113489864662412
10031424065284821
3370814949969162
12494920458369079
9843514194162222
7529361938415600
354468590640645
3698259228275124
4266552718126503
9620030633886826
5072182713264506
2057702123959680
9463608121194666
11103481032454062
4552418563649894
8228041797674659
4714573628677050
14240333536574845
6971639713705272
917962110178044
6835901043623179
5016695526670208
661085034690277
13939591754975502
4647621935099214
7626015351260080
1114637163645907
3132028496732604
2818120741468713
5930241824547328
12859662257195163
7923181006559668
325731991970177
15102147320736280
4026730116666813
13757004563856148
10436237825052774
4361834416781370
4230950612629169
1433275636110640
11211812253481781
7917842800617005
4608227003572794
991499061044609
9520553885109708
6567428498146848
3606594236886204
4482997710136200
3206325917265690
117701767649610
10589233720292912
2005948496523840
56153338057335
4731019659416457
12877099193367896
11538403566067515
8092529910898476
9178094968729580
11621594290797288
7310592848056830
7469832552058228
7241582448991704
11360777076742518
8392462611279200
9869024899971130
8064574296703092
3970210215217136
857741777099061
11322935751845335
2150316910396125
11780553804436245
12328345047406444
2682343374243913
12986430585674792
3238023919532496
6802271528267050
1020290317654350
11827403594885267
1764265360053653
16922910628790998
659944381185064
5623331745141436
8847346073472512
11440814911389816
3468679910588224
9115806389922508
1877166572524363
7214177872031953
14279955956887203
5738797233870435
8605697909415430
5167239230923416
5299415842415461
17438023829263670
4546890689861730
2656970977671954
16478329624708680
9691840166106140
7341406675195700
3658973375211812
4548845043140638
1893879854958630
5202017299892862
4534885452458857
6077065884024958
5079909233932163
648508157056474
4926699923880672
6815243287759534
13519083125448810
1657886075849296
9755890755433081
5586454010291235
43868577573436
10852151920860071
4965770123743740
5052902767097283
1949133840338640
1871741954618070
14507027755050534
8122470329656992
6239002017514412
3665365237579176
11394441116341032
3197088405232752
6213372728778654
9103888117329663
5922184441659430
8545263700415566
3929987439896708
12914149123524640
6814740869261835
2120246856131160
9269285442542871
11120253680621595
7130853373835152
2432425537889172
2560275818021336
5565655811152088
4420860182415072
11068495392338356
6517993122295380
14683964660847481
1815355596601008
9315868082302107
10256979402848836
8351055426571992
5855055399300600
2017044232179086
12357892619646180
6060551121605869
3198914915534509
9895635562768372
6883457633454962
6917043162132334
19447692198328308
2116852470822164
15459840196088842
5918146189683517
10652746153936040
8498537233507256
5609265494964933
4644432572167915
16018712604206240
10950142085638917
132742310334006
1972798930956186
10785743411927745
14123658388126400
1584613810662768
2698020559556400
1986027747443008
1577975519665206
7468740026714236
8532224155791300
9174136416370980
7821511726575946
7457092163831290
13611429622048714
3869777708921002
280543834733055
11494149692497284
14403343915500632
4399676163870930
11966499080559522
7788425463415256
241393445739400
16681684684941815
16222455223228062
681151436679196
4891595847574752
1845490817792468
11396692285942440
3215292503442656
4736528509166593
3384429894810012
7092867589550046
17253463166374575
1125680818889420
5545443914470712
2098449226628468
3679075268319135
16071578889535414
2027356348391010
228017194539201
6206314764959432
329604510759160
3912207055461904
7074378428933589
11815293790182781
9001889759358003
13451513624709759
5260089494751240
7123311867523528
2057870292777456
3561871880151252
11519115121487644
11843838680495168
2911524209588504
6763150360104495
987298723613400
7044830883911835
1524296380731008
3716780302970889
320877887318940
149634480866700
5181436863348613
2171497302980259
615080301059112
9239467265347366
6020551427526079
2296105248684877
8132654235223258
12034362543101488
5269477059366444
8549260241320366
3271175750894634
3398021468149044
1881566203113504
4620904159324194
21057096779829690
6225791978560009
10060331843470752
6617108157351157
9770557368403937
7909629200862005
10152820638667170
13487548699568387
7172389289767776
4271739290174004
4913740880196119
12817091862262830
13261503667035168
11061449887171322
3313293842673082
303612847058556
10508513724393214
6720037746362259
5518898478559431
18385334859799688
10354032306651816
4838285882091906
15727796749549582
7914790399159740
8210584719189760
4736193870837059
12558869196290125
7381897813581498
12712350202639576
7154947467367780
5668968979838796
12613678174193250
10329194695189040
9072037163077475
6932407912833825
15084920833109723
2835622303624682
5095195374865766
9697041378713081
9394866425120809
7638215852190000
691294319385516
7679870537911210
7702077150357776
5442117373883160
12712293443364429
12838166044535156
935862641595710
7251579200917418
15064565266411356
8214557013906735
1887697708735202
16055601123977109
10391704399303156
1871351961476898
12845007699262333
13637481879792840
1200005845409440
6478963842554709
10467394029388640
7612159982956789
9297685710597222
1427482301605634
2999816118654624
14048777664597942
7505307187636658
11845633522271925
12766064159973553
12658725150637372
10372879674446901
3237735733602922
5854759537945527
831603481431375
1523812837777791
9139332921106097
5160527113763748
9584230189140495
9092018508710445
9962305597696296
5349170929914208
13920980362647136
2847660981874562
6600836887805275
6222807451731759
4906839503326484
8022757447750700
14047298821893378
16950381785609880
4124281604836274
6560213796313862
8744580568982306
1705475714846631
5254434023114080
6294427622020293
38808142422780
837921759845940
1752272433181509
6762240765741612
1423792622435428
14172252308875913
18068452643277822
2820196167641148
1584414467649103
5963767814753125
12020155318050712
11334275252104554
8905209619506942
9950297191612742
15710576612486189
4020370798110348
16492032064324487
4931493453282186
10712901476753957
7871201426598858
7329018230768870
4928258534649410
1915013819387803
11253044399293940
5517862725154914
1439845029473433
1992655457199462
3622599705030072
12813445403196166
4970977649913464
3107604509015551
1845052468942192
8266795967477473
3419603615043019
3179880946115692
13972063746915653
6989935615323184
12428971736571434
10576263214321984
13456994402361947
15932036936928414
7596889382431687
2656475821017913
540192162505673
15221808320872566
13467826495323740
4260600967627659
2452634537076799
1647112435369632
3543550670271816
13035084186981328
947139082628220
14721677178532018
5616511270881271
2318813138754515
4912915723064294
1283406488347875
6120645631283531
15149363713876745
3659364937303226
557829356217026
11500383031183129
5357290004861490
8813253833943846
6014158419755603
7476079555217047
15342540443506710
10426071818326967
1100732454103240
8513320787915712
8891703001985034
2581433955718774
18435159937791535
4214277578156778
14884658219836240
55534924185135
4821598895830317
15161100363463758
6146371955522944
10968012989348061
8789708608483698
12120059139863748
3584220874576108
14294158514013246
1443950470131419
4229219313730802
1761576398644370
4980280505986812
6846331954808536
2446370924947353
5794355731294809
4592007814880486
11538106541253474
928903365552222
10713154954798627
9418409018431730
9848036910854827
10527542220620160
8367560104143477
6221046631548277
12118909892453689
5451091318887286
6850648127531345
15525326771648933
6485604450086970
2260139370552426
1523756262997189
10261547040516945
7961648077883196
9794331838302635
16104128026146991
2903291334118767
18493958622182582
11513140866457467
8517269677178684
12472075731147243
3184054854319160
5990328515305392
6148938060213138
3650471634521662
5684348289500169
3106063690267976
4538163609416573
1179654913243720
12178570747550184
6131953452810009
10519650552746916
11697921553293489
7430034322599982
196887484343184
4251418664195864
6701785508555579
8814682690150515
6584314732995446
9352543055658966
3865538683762854
8165912811691779
7645535042549544
2690370384060359
16062017097604968
2690439507237536
4859299076700389
4981191509697099
41300749391248
14832394712907748
6004994953120272
5600766017929327
16411438891132836
3197553517508380
712526638256370
17891010201693188
3122981037103554
3337888232369507
2242381671562485
