212865316608330
8507565166136037
4017196503508488
133646453188416
1423978952553822
15116768017939778
10929417810910244
13048681228455040
3452979121963072
1635746281415034
17303017703380838
10975329772307748
248827827354132
461502333345735
5191910517795127
7475428944020992
14298529427925100
2630000481233906
5540048286564302
1887180687959476
11538076023949510
985607536676574
3835374134271875
9860437796205813
10294644194850426
11157122890826485
5072525679264398
10586005368171724
8684974377223797
9158216951865548
3103303956998163
10192479443951138
4375892402832454
2236926819521070
7189722000122039
548496005693460
11306639722317620
6839023423776800
4674695436733140
16022537658989510
1515897203375286
8449175715079984
240174222199230
5311600998532878
21503789946135574
5415089427927350
15471615804648312
831011475353332
5290961805932535
4063692787807670
8573249863446576
13008577272279350
651235938102817
3487595589326869
10146084773112649
6613630005034365
11692607489169087
5910514387603011
11872324493625314
11163453864277304
1524324046499226
6941549066775936
12313309001917950
4009268769181159
9650072539529607
3488589156035520
8189092306091565
13661033082090411
2279632144332360
16914052138020849
5188742405357931
2853355264695637
1420813970427600
7633377800729910
1184808073451830
2951918409158673
28983737659518
2162947315428512
10227877946630650
7542217283141884
1490148740901465
7199199122939136
9143947860456461
832860845064287
5358272216358689
4099859591396319
8303953280247776
983130457625360
10064288484344312
10212273545845992
8163113408145888
6262552856871089
8498445405488098
13928866114946560
11271509141641302
4537414482416025
5840828664695076
3032631795373778
12689270068571937
8469917619654592
16794354390184226
8482802675955357
18344817194625799
23078219841908
3758395108296192
10334986565388318
4632242720097047
1550681826803046
4845132462710248
8690667370327056
13901899967315116
13199904074938508
7853758113588490
9785105429560974
17532939774461264
10933427497995954
4375919390691776
2450308186369802
13392221614858890
11836416982297537
5294082030480690
14241172070182656
6422086699483143
8146881886104584
7888841176839490
6682709726125622
4704365924074332
8351980451174880
4762248509249234
1871956793665962
10866214694271812
3085464104781817
3722600405615179
13815775602130825
4672074552777400
8339128487083728
2078910474851780
2685142361245476
11531805641286340
4251782788614838
5788659694566852
12936635473988774
1530356605473903
6372128544126608
6071937856125485
10250705423729216
6590515582762195
7210982873440875
6538883465445426
1183169321973480
14840111671095012
9400862722469124
10524301787377026
7962996047900898
6270322495632576
3006690247887813
4030353857479138
9089004939165830
3974707767180304
8357653405592992
1826142075591424
18466503433235366
6436747084187855
7204465797193404
1318259358533187
18343945544387958
5369509074132593
5776897966802116
12301646399945642
10946244939350003
1866184521828442
8341036588835397
10250310626243411
18302564322919269
11162373785887940
8036025705503991
160245031332336
5244036767471208
9144934181320602
19264614320189520
8708185731217206
2185662755304574
5416851673017785
10712091015227738
7699362789661590
3661565677974939
11648628308691447
6014117316898141
82127612552832
2163643189488347
20384647761399498
9088076062612188
13345756607379811
12855160682150825
9706007895591596
11050615625077392
1503654253009587
53073387026430
9417865823303105
5713644719603706
8984085578521933
852469206389917
3430612588421084
6029980411660779
3478412294066394
7396634222001171
6402504463656800
14595419848054764
7983912269176875
4567311678914358
14492748683020002
8919564305007178
13726150655487433
622772468538704
7280129122969248
963467942044202
10046719089283504
6786465731516268
4493068904148531
6242845256097149
18092854732318892
790981444264392
13481481039605387
6201071230930838
525094717094840
5567493341485535
9217924393389732
11131551026832872
3102239486351110
4901618813601714
7727789152711570
1176826444317720
8015987344372722
2701317202668549
3574974188945280
13332425083777416
8474764156082686
4315586977473912
12372883970074816
13003580692454070
9409379880259412
10026252796180209
9010778420073630
14272346503539395
11652939974760720
5259305546352083
7349515183211979
16789066557342717
6771363357239844
19647139431326874
7616405820569629
15912114610182804
3132397618147005
12215790352834428
9451944756857176
9194405189267856
11372115254316190
5463206474156696
5551653808601670
190833817124035
982040131124717
4919159302247568
12847360328981693
1271714723152910
579785763946830
13451003255735390
11111022866506974
9354475149844920
5045687264700864
10122561783488606
8822132585080510
4592624655131478
4571016974239329
5482422927742872
3788918408911060
8326176513617217
1762378509486133
12605319981263492
9140800226618680
181707299649300
439302364973120
3866974708005565
12487488138792447
19195052356947600
3684277064093850
5677397950084784
3685204017554670
7697041277349050
7860146225687039
4357636579536684
1268595596880400
3025279050571258
4410961910395390
2712317602476592
12736858119176174
835178573455460
3884544747151662
6563598759748188
1170612840229608
2806574304305322
9244803494444544
5396564011136614
5546380385626548
7196392064932756
14752246637775109
1395889989813900
4007422146374048
9065468077305184
4084982621301688
11217432499793707
3688964919978608
1571185105993908
6863168406073916
3759441333276224
6291890954637920
14118315141098301
9904649323606902
977655675447879
114624003336448
2191253406864960
14358245785912218
12359191325304804
7671418418791002
10767061071093660
482703297601968
1889972655827687
4493185499750256
4497535050488101
4605163518088632
6843174670587547
11982620816683786
1908556135282394
2880209353813797
6094452592403286
4650559404401448
12677757402025084
8940198873570517
10150371295107928
9523715314624375
1807162872394553
8199517550865426
4589297221682383
8863429987884080
8361983262064124
8871253537543086
19491636559703245
8904942651566838
1157070029469804
133292742789218
2290297254359856
10729169438743612
9903336284635833
11438951811467316
12280055443747398
1233628367901660
81589282526076
6245786743767954
2324735496621743
3862278633613707
7292468590387762
13890458681174586
8233896172557975
12449366196859889
13242100664925318
6958959461141810
3489094329270582
206788487650667
3534740580387740
8655351358564417
9582760227030904
5787113967578937
8738182068796912
8291771248747804
7070874870327281
3746996194299720
12437934046844240
2926597467957384
10570428432927543
10434269090328510
1200060492063153
3825796481639275
2208921701362224
9375048124238356
3009876157294501
15683843272402427
15547134286807115
4356136058073264
10050458355658558
608081787548568
4554490322090772
6219446685927414
14009428434911918
14211648075822713
784406831422256
6946820623657711
1616474367644016
8829415632171432
2783243200940332
1309352665779172
10981545797115064
21628182363708344
6056654781784860
7615970392172921
9444116237180382
4242766361237606
12353288734991381
5182004206357968
2339009022803488
5238571867831197
3749938010037075
16173102953898618
8442917822317788
1320781700549980
14045199249549020
6464081691211536
10317954308118352
1651504109850592
127319277358885
10084093407115396
13668394766970730
4925191238920012
5140538324738256
10175978834666352
11116561985207995
4444374725556320
2952777471734720
10222036457176817
1747919867997576
2991597039394458
4447827307133982
10843173531056592
11088341040847056
10534754935023912
1315927932668224
5040585917853536
16790097502611004
9848866228931404
978358573893620
7623203110073092
1469336069468322
1319545749081232
11450389388918772
15115439989102761
9390976099479908
9193023026365260
12039280001596013
2820898591091300
5171943538413486
9416161168530266
14834496844969462
7156955917008448
1160919937816300
15055416397461420
2433112740979421
4672950296296140
8857117943308056
4802232262141986
964552008224040
7538892437507088
2288598569584005
8034920910890306
9301031125970846
9071830439893051
240070068481113
2447517855043504
3540699938436714
494705634317680
3952667643405878
7865335969999573
14848861539032092
5982428451009189
18694188669666127
480452289903918
9959586265249030
7880131248560080
1820684459738365
14396381830600783
10083364637678658
17174836462974420
12351754266898228
6602257380454240
7480547742620662
2247222481482775
2069838062056160
3189840287738808
9724526262553542
11022932330281396
2504229370606431
5769296884864420
12831153620167323
5356737845929044
9619448975514780
1728876004012176
9411462437272498
3579612800445787
10158035575261556
16391146182594465
4755237073104027
16931673564505724
18194788694915356
7034409261767920
6798300949172479
14399215473340380
3442971402218224
8067344673394990
3743166785774896
675550545576161
4719022656829665
2980646622899337
17512992713199789
7012522391502300
9475002353922760
3365890295851743
5125060309933164
13109585943344146
5785565352095592
1622881521186875
510305794418497
519220589376545
9785414313355288
10835661321553698
3740352822391008
463533643307150
1867546689110955
10455206107436751
2025815673908451
9852508780602050
5453277497551802
4699569100112661
5534610293737397
8257932157440552
962070353416276
228753490209001
1555821699957766
8047338313457772
2328675738048303
16077593814952398
10465451337905568
7900625979150848
780478565120265
5827798715971638
3974799654985957
11809993750897305
441505718759574
15503199999490605
2797680385390002
3713736433306560
2615251541626361
10843333499477269
862976870831754
7804033820557596
10763138882829984
7319534186469218
1064737797906600
13417080058551662
15664660667228298
776970463084928
14187011216138140
2513850243836190
5854160729970312
9358070468932886
4045977804572041
9973503073454689
6152619713582009
10436804991286644
10587402786382742
7328735579734440
4134584766444715
7136097656524861
1112547036919512
12660768850480407
8419290657484245
2301067480073362
16579835450704564
5851897885278428
14673408253594758
8224192225714240
8628709913892083
1013858110785276
8663714433620233
16321106816561940
9805783406383128
6903349722234216
9065671369759550
7716129073925694
7594977841403004
2823518334262836
15786799739120220
419486165510388
11470306670430901
2664235975404938
5621010421112725
10033954361080182
8213707606933922
149950946402827
10611758914617714
8789491661277857
8901927253450845
5965177508549880
4769351388195779
1328896363864796
3791774860643808
9467868550775508
8879882356222402
11231614160533768
11151478759936980
2821790209096692
3459151553489999
233462196393336
7216423589670
8883033604861418
2372851597910017
41573848174992
6390189115254872
8918187472245466
6868267745864100
10741127688818928
4018906202561586
16688660016908184
13861122634000273
623993555454606
1117679403472668
5320253215593750
5610354904005390
15150380493616560
6559006191222833
4626620416579414
7478100604395556
99979090030500
8594918432682710
9568600926141834
14388696470715619
9030199608914388
14984156732012011
10021154173320480
8520608471755310
11898950618394005
7327125148153162
7467431355698958
1137499372127266
181967058471594
15159278641450315
7901199185742094
5423978842170075
17685187293016991
8724516325041360
3842545295885824
5777166107774824
6843419999916448
7265653285635018
3602251774103778
679186790008903
8032660164512194
13806866207818618
10398337983077187
8692124578788290
1076606367565527
2530832288073100
879438483082900
5129434577168667
8092026655145938
50783069847420
11616600438413492
8221775750101982
14948701556739102
6760829231700660
9057889221614934
5792271763304286
668031475198176
2798470485341633
285884345920320
14971376837758237
14382081364193470
370996313431240
1022958334260577
5656790531327240
2019824521465898
7864863256787686
12224275361805900
6830345788231246
163442628250200
15428886388018719
9942338366617671
4908960955414000
1043585148617865
7220088441040723
3098841901331926
5969899184748993
2361070621135914
5474402358551601
5445837013183724
7307195272877796
4081953107696103
11188827651527787
12637222235312005
19150027041300991
6494403460158860
8933080064473448
5210699906217848
16450700503630844
9857739725466199
6050801672457738
8961683495337680
7902327973643658
4899326916126285
11414277671582083
4017338993571084
6984927981783660
5847308286856718
9284823046067860
11205678090296700
7635583916888057
9277236854504751
7845007038066365
11191496748557271
2958468950074400
4783921925623514
3191591920336156
11500519318259655
16210644168271337
2534778024286224
6319970196564984
5819346892850687
2859894728214798
11007897220866070
8131391028753652
10720170939672117
4925082607964705
14024348034525807
2030813767378144
1435567455993690
8846561317150992
11026841888176649
1115143112112050
6082463353522283
8812121062768289
5229721577800875
1925090086090512
11219825160479790
9738088754607238
8018736162572366
2013321560497604
9101252582593402
7355321472464280
2508934047660038
9782110175669482
12849254265849727
4546195983148354
4248001545615611
4560863528589725
2592216287484724
14021114915692834
935430172771471
7776128928428464
1262111488420935
2229246745186605
604186624399374
4532080686910398
16672586849576363
3099734352100942
8845582753603744
13822410100411365
3733411456695380
7363279876722318
1232862244346203
4861452785833819
9947548556435732
2621014277729024
3971631867237604
6147902098691419
17745667070753527
5435599340202345
3664104501793127
8838267861621534
3278893755721738
9614131970928723
8687146621351233
11461400639063718
9622404965215504
8174565452982680
11441642983438972
5831337880194854
23870529865747065
584585733526935
9534783127611994
9651808317642405
206334371329215
12621236098762713
1232760252725656
3963263218800237
8117125035519736
5121272781979074
13928524527414690
2566565652546882
12841131619268788
2340793865445605
13579375762170015
4499259859861027
9785060061868948
17814115119353246
12288854074798873
11336929858751076
5064518093203414
7411026607781594
7331371124434457
2241438005088555
13861241188785566
13745513596478685
9950411398272869
4784175187805390
10086093835902524
10567736706241500
3807370932368736
1346154869839536
7684144658106146
3697785076804854
8558592480393733
10684806631580187
10569760857608696
410131898243439
7541039781951969
5802933524212040
12790352442319120
12191678222467336
9748601375923762
11042967156265138
8093182787912156
1517217914638273
3465695765624764
8529587044863072
2340000084345000
16641205312039540
690617471863215
6001680256979188
5404060280337336
5732333660190956
8664352805912299
671814812609678
13991848467078971
7997600130857584
3814493203107872
8067331105920928
8928025308529048
8067194915423120
12084091045409250
66331412129401
5839985361037230
9202913086707898
5614348304810448
8474400555634320
1401261014409280
314759859641183
12959905454412000
8511840477102267
8000107632490428
5324895040528228
1942635589754640
2057365925334220
14187764174449404
16494549085648275
721361651529168
16975378454797004
1309269330689640
12054217012443990
2545966580426256
9624890582899578
3904089538015673
12952244876055392
7309817776099939
963512703823350
635772788346618
5117518392481748
12730167124255869
2840235801220854
14047390814885064
15307236577158706
15265628634743060
6336012202165668
13420766212883910
540089456072910
6557382980741419
10179097186858368
10537744083490872
7042512010632138
8585374399804916
11975037830585228
5062195776079932
16685029149560730
12258144521184306
10221665469435168
3998388478033392
428949696363589
9290104067650745
11359162150100640
5745914225180784
1767076625783595
8727408401941267
9077089929945130
6603829770155443
8066079523605036
7850302586483703
1370818216645746
2924945604313024
9296587673304390
15561140921941650
1791172221856434
5359355722946016
11130990979123900
7030170900584095
120420717300585
5331907243078592
9681740562345997
15670981946632628
4370270019146479
3984712694046098
1821455682890417
12039544772733512
1195639800295776
4716931370293272
3678682541366030
38760621782256
4456036803069974
15344418292614056
17337338733352064
4299299970582166
6289327507231360
8411528096189214
3031085037097328
5834317022450310
10637830847406668
9601722113876818
11915414393287304
5020971742679548
419800790978000
9241539855698703
11052799483345211
4658392661915718
6238625140356703
11115929836195358
4328529819798225
5657929814761838
4192055985380540
4093415204675056
14122256227304078
13989946761757407
1198479624971574
2480463716219205
9950975253296912
7578503058597715
9930712727133555
1173702669918961
7955417388385388
1449024755051160
5960816197330416
64512321624639
13153820829110328
7562267822776376
820285397682320
2237590288736894
9905672127126173
654757478940544
7488509640983402
10220716369522308
9596013058910267
8876622294826433
4292082955817472
9895624542984939
6437841254340976
9168004819069797
9923418677826864
7876162070773694
1421182185800325
7099866523908407
5460764135574354
5115268004715600
8256935766994640
13864740462117098
7365367355294829
13742040041335215
6362297225322947
2626584613930680
5504740553422360
12838601906590347
2003334148836560
8541365439993828
18464409162653874
4872143731798568
6602085143444342
3325996622271027
2056587296712629
37026178658744
571715464842950
10882012851692816
2134951663057712
14679447322542068
3379537238577282
10267102139591590
5315870169126603
15824626048174572
13036110546938216
