5588888
3388888888888
55888888888
588888888
5558
55888
555588888888
888
558888888
5888
338888
55888888
3888888888
5555888
38888888888
588
55588
-1
338888888888
3888
555888888888
88888888888
3388
333888
5588
3333
-1
38
33
55588888
5555888888888
58888888888
38888
58888
38888888
8888888888
33388
558
388888
555888
3888888
5558888
88
55588888888
338
3338888888888
-1
5
55558888888888
33888888888
588888888888
388
888888888
58
33888
3388888888
388888888888
3
5555888888
5588888888
5888888888
88888
8888
55558
555
588888
5555
388888888
8888888
5558888888
55558888888
338888888
5558888888888
3338888
558888
55
555588
8
3338888888
33388888888888
5888888
333888888
333
33388888888
888888
5588888888888
33888888
888888888888
555588888
33388888
333888888888
-1
3338
555888888
3888888888888
55558888
3388888
558888888888
58888888
88888888
